[ 2015-05-22T18:36:29+08:00 ] 219.232.60.157 /zhier/
INFO: [ app_init ] --START--
INFO: Run Behavior\BuildLiteBehavior [ RunTime:0.000013s ]
INFO: [ app_init ] --END-- [ RunTime:0.000264s ]
INFO: [ app_begin ] --START--
INFO: Run Behavior\ReadHtmlCacheBehavior [ RunTime:0.000345s ]
INFO: [ app_begin ] --END-- [ RunTime:0.000388s ]
NOTIC: [8] Undefined index: user /opt/lampp/htdocs/zhier/App/Home/Controller/IndexController.class.php 第 10 行.
NOTIC: [8] Undefined index: car /opt/lampp/htdocs/zhier/App/Home/Controller/IndexController.class.php 第 29 行.
NOTIC: [8] Undefined index: user /opt/lampp/htdocs/zhier/App/Home/Controller/IndexController.class.php 第 34 行.
SQL: SHOW COLUMNS FROM `order` [ RunTime:0.0009s ]
SQL: SELECT count(1) order_num FROM `order` WHERE ( `user_id`='' )  [ RunTime:0.0003s ]
SQL: SHOW COLUMNS FROM `opinion` [ RunTime:0.0005s ]
SQL: SELECT count(1) opinion_num FROM `opinion` WHERE ( `user_id`='' )  [ RunTime:0.0004s ]
NOTIC: [8] Undefined index: car /opt/lampp/htdocs/zhier/App/Home/Controller/IndexController.class.php 第 45 行.
INFO: [ view_parse ] --START--
INFO: [ template_filter ] --START--
INFO: Run Behavior\ContentReplaceBehavior [ RunTime:0.000043s ]
INFO: [ template_filter ] --END-- [ RunTime:0.000088s ]
INFO: Run Behavior\ParseTemplateBehavior [ RunTime:0.004533s ]
INFO: [ view_parse ] --END-- [ RunTime:0.004578s ]
INFO: [ view_filter ] --START--
INFO: Run Behavior\WriteHtmlCacheBehavior [ RunTime:0.000116s ]
INFO: [ view_filter ] --END-- [ RunTime:0.000152s ]
INFO: [ app_end ] --START--
INFO: Run Behavior\ShowPageTraceBehavior [ RunTime:0.000423s ]
INFO: [ app_end ] --END-- [ RunTime:0.000462s ]

[ 2015-05-22T19:13:08+08:00 ] 117.136.38.62 /zhier/index.php/home
INFO: [ app_init ] --START--
INFO: Run Behavior\BuildLiteBehavior [ RunTime:0.000014s ]
INFO: [ app_init ] --END-- [ RunTime:0.000298s ]
INFO: [ app_begin ] --START--
INFO: Run Behavior\ReadHtmlCacheBehavior [ RunTime:0.000351s ]
INFO: [ app_begin ] --END-- [ RunTime:0.000394s ]
SQL: SHOW COLUMNS FROM `user` [ RunTime:0.0010s ]
SQL: SELECT * FROM `user` WHERE ( `wei_id`='oKaufuIIhRuypTR8L80JZrEivgvg' )  [ RunTime:0.0003s ]
NOTIC: [8] Undefined index: car /opt/lampp/htdocs/zhier/App/Home/Controller/IndexController.class.php 第 29 行.
SQL: SHOW COLUMNS FROM `order` [ RunTime:0.0005s ]
SQL: SELECT count(1) order_num FROM `order` WHERE ( `user_id`='85' )  [ RunTime:0.0002s ]
SQL: SHOW COLUMNS FROM `opinion` [ RunTime:0.0005s ]
SQL: SELECT count(1) opinion_num FROM `opinion` WHERE ( `user_id`='85' )  [ RunTime:0.0002s ]
NOTIC: [8] Undefined index: car /opt/lampp/htdocs/zhier/App/Home/Controller/IndexController.class.php 第 45 行.
INFO: [ view_parse ] --START--
INFO: [ template_filter ] --START--
INFO: Run Behavior\ContentReplaceBehavior [ RunTime:0.000053s ]
INFO: [ template_filter ] --END-- [ RunTime:0.000130s ]
INFO: Run Behavior\ParseTemplateBehavior [ RunTime:0.005150s ]
INFO: [ view_parse ] --END-- [ RunTime:0.005220s ]
INFO: [ view_filter ] --START--
INFO: Run Behavior\WriteHtmlCacheBehavior [ RunTime:0.000161s ]
INFO: [ view_filter ] --END-- [ RunTime:0.000208s ]
INFO: [ app_end ] --START--
INFO: Run Behavior\ShowPageTraceBehavior [ RunTime:0.000559s ]
INFO: [ app_end ] --END-- [ RunTime:0.000615s ]

[ 2015-05-22T19:13:14+08:00 ] 117.136.38.62 /zhier/index.php/Home/Index/orders
INFO: [ app_init ] --START--
INFO: Run Behavior\BuildLiteBehavior [ RunTime:0.000018s ]
INFO: [ app_init ] --END-- [ RunTime:0.000358s ]
INFO: [ app_begin ] --START--
INFO: Run Behavior\ReadHtmlCacheBehavior [ RunTime:0.000530s ]
INFO: [ app_begin ] --END-- [ RunTime:0.000585s ]
SQL: SHOW COLUMNS FROM `user` [ RunTime:0.0008s ]
SQL: SELECT * FROM `user` WHERE ( `wei_id`='oKaufuIIhRuypTR8L80JZrEivgvg' )  [ RunTime:0.0003s ]
NOTIC: [8] Undefined index: car /opt/lampp/htdocs/zhier/App/Home/Controller/IndexController.class.php 第 29 行.
SQL: SHOW COLUMNS FROM `order` [ RunTime:0.0005s ]
SQL: SELECT * FROM `order` WHERE ( `user_id`='85' ) ORDER BY order_id DESC LIMIT 10   [ RunTime:0.0004s ]
SQL: SHOW COLUMNS FROM `order_detail` [ RunTime:0.0005s ]
NOTIC: [8] Undefined index: 010_hd_wke /opt/lampp/htdocs/zhier/App/Home/Controller/IndexController.class.php 第 64 行.
SQL: SELECT * FROM `order_detail` WHERE ( `order_id`='12350' )  [ RunTime:0.0003s ]
NOTIC: [8] Undefined index: 010_hd_wke /opt/lampp/htdocs/zhier/App/Home/Controller/IndexController.class.php 第 64 行.
SQL: SELECT * FROM `order_detail` WHERE ( `order_id`='12349' )  [ RunTime:0.0003s ]
NOTIC: [8] Undefined index: 010_hd_wke /opt/lampp/htdocs/zhier/App/Home/Controller/IndexController.class.php 第 64 行.
SQL: SELECT * FROM `order_detail` WHERE ( `order_id`='12348' )  [ RunTime:0.0003s ]
NOTIC: [8] Undefined index: 010_hd_wke /opt/lampp/htdocs/zhier/App/Home/Controller/IndexController.class.php 第 64 行.
SQL: SELECT * FROM `order_detail` WHERE ( `order_id`='12347' )  [ RunTime:0.0003s ]
NOTIC: [8] Undefined index: 010_hd_wke /opt/lampp/htdocs/zhier/App/Home/Controller/IndexController.class.php 第 64 行.
SQL: SELECT * FROM `order_detail` WHERE ( `order_id`='12346' )  [ RunTime:0.0002s ]
NOTIC: [8] Undefined index: 010_hd_wke /opt/lampp/htdocs/zhier/App/Home/Controller/IndexController.class.php 第 64 行.
SQL: SELECT * FROM `order_detail` WHERE ( `order_id`='12345' )  [ RunTime:0.0002s ]
NOTIC: [8] Undefined index: 010_hd_wke /opt/lampp/htdocs/zhier/App/Home/Controller/IndexController.class.php 第 64 行.
SQL: SELECT * FROM `order_detail` WHERE ( `order_id`='12344' )  [ RunTime:0.0003s ]
NOTIC: [8] Undefined index: 010_hd_wke /opt/lampp/htdocs/zhier/App/Home/Controller/IndexController.class.php 第 64 行.
SQL: SELECT * FROM `order_detail` WHERE ( `order_id`='12343' )  [ RunTime:0.0003s ]
NOTIC: [8] Undefined index: 010_hd_wke /opt/lampp/htdocs/zhier/App/Home/Controller/IndexController.class.php 第 64 行.
SQL: SELECT * FROM `order_detail` WHERE ( `order_id`='12342' )  [ RunTime:0.0002s ]
NOTIC: [8] Undefined index: 010_hd_wke /opt/lampp/htdocs/zhier/App/Home/Controller/IndexController.class.php 第 64 行.
SQL: SELECT * FROM `order_detail` WHERE ( `order_id`='12341' )  [ RunTime:0.0002s ]
INFO: [ view_parse ] --START--
INFO: [ template_filter ] --START--
INFO: Run Behavior\ContentReplaceBehavior [ RunTime:0.000046s ]
INFO: [ template_filter ] --END-- [ RunTime:0.000093s ]
INFO: Run Behavior\ParseTemplateBehavior [ RunTime:0.006059s ]
INFO: [ view_parse ] --END-- [ RunTime:0.006102s ]
INFO: [ view_filter ] --START--
INFO: Run Behavior\WriteHtmlCacheBehavior [ RunTime:0.000112s ]
INFO: [ view_filter ] --END-- [ RunTime:0.000147s ]
INFO: [ app_end ] --START--
INFO: Run Behavior\ShowPageTraceBehavior [ RunTime:0.000408s ]
INFO: [ app_end ] --END-- [ RunTime:0.000451s ]

[ 2015-05-22T19:13:17+08:00 ] 117.136.38.62 /zhier/index.php/home
INFO: [ app_init ] --START--
INFO: Run Behavior\BuildLiteBehavior [ RunTime:0.000015s ]
INFO: [ app_init ] --END-- [ RunTime:0.000263s ]
INFO: [ app_begin ] --START--
INFO: Run Behavior\ReadHtmlCacheBehavior [ RunTime:0.000336s ]
INFO: [ app_begin ] --END-- [ RunTime:0.000374s ]
SQL: SHOW COLUMNS FROM `user` [ RunTime:0.0007s ]
SQL: SELECT * FROM `user` WHERE ( `wei_id`='oKaufuIIhRuypTR8L80JZrEivgvg' )  [ RunTime:0.0003s ]
NOTIC: [8] Undefined index: car /opt/lampp/htdocs/zhier/App/Home/Controller/IndexController.class.php 第 29 行.
SQL: SHOW COLUMNS FROM `order` [ RunTime:0.0005s ]
SQL: SELECT count(1) order_num FROM `order` WHERE ( `user_id`='85' )  [ RunTime:0.0003s ]
SQL: SHOW COLUMNS FROM `opinion` [ RunTime:0.0005s ]
SQL: SELECT count(1) opinion_num FROM `opinion` WHERE ( `user_id`='85' )  [ RunTime:0.0002s ]
NOTIC: [8] Undefined index: car /opt/lampp/htdocs/zhier/App/Home/Controller/IndexController.class.php 第 45 行.
INFO: [ view_parse ] --START--
INFO: [ template_filter ] --START--
INFO: Run Behavior\ContentReplaceBehavior [ RunTime:0.000036s ]
INFO: [ template_filter ] --END-- [ RunTime:0.000076s ]
INFO: Run Behavior\ParseTemplateBehavior [ RunTime:0.004311s ]
INFO: [ view_parse ] --END-- [ RunTime:0.004351s ]
INFO: [ view_filter ] --START--
INFO: Run Behavior\WriteHtmlCacheBehavior [ RunTime:0.000107s ]
INFO: [ view_filter ] --END-- [ RunTime:0.000139s ]
INFO: [ app_end ] --START--
INFO: Run Behavior\ShowPageTraceBehavior [ RunTime:0.000346s ]
INFO: [ app_end ] --END-- [ RunTime:0.000381s ]

[ 2015-05-22T19:14:08+08:00 ] 117.136.38.62 /zhier/index.php/home
INFO: [ app_init ] --START--
INFO: Run Behavior\BuildLiteBehavior [ RunTime:0.000014s ]
INFO: [ app_init ] --END-- [ RunTime:0.000263s ]
INFO: [ app_begin ] --START--
INFO: Run Behavior\ReadHtmlCacheBehavior [ RunTime:0.000328s ]
INFO: [ app_begin ] --END-- [ RunTime:0.000367s ]
SQL: SHOW COLUMNS FROM `user` [ RunTime:0.0007s ]
SQL: SELECT * FROM `user` WHERE ( `wei_id`='oKaufuIIhRuypTR8L80JZrEivgvg' )  [ RunTime:0.0003s ]
SQL: SHOW COLUMNS FROM `order` [ RunTime:0.0005s ]
SQL: SELECT count(1) order_num FROM `order` WHERE ( `user_id`='85' )  [ RunTime:0.0003s ]
SQL: SHOW COLUMNS FROM `opinion` [ RunTime:0.0005s ]
SQL: SELECT count(1) opinion_num FROM `opinion` WHERE ( `user_id`='85' )  [ RunTime:0.0002s ]
INFO: [ view_parse ] --START--
INFO: [ template_filter ] --START--
INFO: Run Behavior\ContentReplaceBehavior [ RunTime:0.000037s ]
INFO: [ template_filter ] --END-- [ RunTime:0.000077s ]
INFO: Run Behavior\ParseTemplateBehavior [ RunTime:0.004330s ]
INFO: [ view_parse ] --END-- [ RunTime:0.004368s ]
INFO: [ view_filter ] --START--
INFO: Run Behavior\WriteHtmlCacheBehavior [ RunTime:0.000111s ]
INFO: [ view_filter ] --END-- [ RunTime:0.000142s ]
INFO: [ app_end ] --START--
INFO: Run Behavior\ShowPageTraceBehavior [ RunTime:0.000349s ]
INFO: [ app_end ] --END-- [ RunTime:0.000384s ]

[ 2015-05-22T19:14:13+08:00 ] 117.136.38.62 /zhier/index.php/home
INFO: [ app_init ] --START--
INFO: Run Behavior\BuildLiteBehavior [ RunTime:0.000015s ]
INFO: [ app_init ] --END-- [ RunTime:0.000283s ]
INFO: [ app_begin ] --START--
INFO: Run Behavior\ReadHtmlCacheBehavior [ RunTime:0.000347s ]
INFO: [ app_begin ] --END-- [ RunTime:0.000390s ]
SQL: SHOW COLUMNS FROM `user` [ RunTime:0.0007s ]
SQL: SELECT * FROM `user` WHERE ( `wei_id`='oKaufuIIhRuypTR8L80JZrEivgvg' )  [ RunTime:0.0003s ]
SQL: SHOW COLUMNS FROM `order` [ RunTime:0.0005s ]
SQL: SELECT count(1) order_num FROM `order` WHERE ( `user_id`='85' )  [ RunTime:0.0002s ]
SQL: SHOW COLUMNS FROM `opinion` [ RunTime:0.0005s ]
SQL: SELECT count(1) opinion_num FROM `opinion` WHERE ( `user_id`='85' )  [ RunTime:0.0002s ]
INFO: [ view_parse ] --START--
INFO: [ template_filter ] --START--
INFO: Run Behavior\ContentReplaceBehavior [ RunTime:0.000048s ]
INFO: [ template_filter ] --END-- [ RunTime:0.000101s ]
INFO: Run Behavior\ParseTemplateBehavior [ RunTime:0.004504s ]
INFO: [ view_parse ] --END-- [ RunTime:0.004551s ]
INFO: [ view_filter ] --START--
INFO: Run Behavior\WriteHtmlCacheBehavior [ RunTime:0.000116s ]
INFO: [ view_filter ] --END-- [ RunTime:0.000152s ]
INFO: [ app_end ] --START--
INFO: Run Behavior\ShowPageTraceBehavior [ RunTime:0.000362s ]
INFO: [ app_end ] --END-- [ RunTime:0.000446s ]

[ 2015-05-22T19:14:18+08:00 ] 117.136.38.62 /zhier/index.php/Home/Index/orders
INFO: [ app_init ] --START--
INFO: Run Behavior\BuildLiteBehavior [ RunTime:0.000015s ]
INFO: [ app_init ] --END-- [ RunTime:0.000285s ]
INFO: [ app_begin ] --START--
INFO: Run Behavior\ReadHtmlCacheBehavior [ RunTime:0.000544s ]
INFO: [ app_begin ] --END-- [ RunTime:0.000616s ]
SQL: SHOW COLUMNS FROM `user` [ RunTime:0.0008s ]
SQL: SELECT * FROM `user` WHERE ( `wei_id`='oKaufuIIhRuypTR8L80JZrEivgvg' )  [ RunTime:0.0003s ]
SQL: SHOW COLUMNS FROM `order` [ RunTime:0.0005s ]
SQL: SELECT * FROM `order` WHERE ( `user_id`='85' ) ORDER BY order_id DESC LIMIT 10   [ RunTime:0.0003s ]
SQL: SHOW COLUMNS FROM `order_detail` [ RunTime:0.0005s ]
NOTIC: [8] Undefined index: 010_hd_wke /opt/lampp/htdocs/zhier/App/Home/Controller/IndexController.class.php 第 64 行.
SQL: SELECT * FROM `order_detail` WHERE ( `order_id`='12350' )  [ RunTime:0.0003s ]
NOTIC: [8] Undefined index: 010_hd_wke /opt/lampp/htdocs/zhier/App/Home/Controller/IndexController.class.php 第 64 行.
SQL: SELECT * FROM `order_detail` WHERE ( `order_id`='12349' )  [ RunTime:0.0003s ]
NOTIC: [8] Undefined index: 010_hd_wke /opt/lampp/htdocs/zhier/App/Home/Controller/IndexController.class.php 第 64 行.
SQL: SELECT * FROM `order_detail` WHERE ( `order_id`='12348' )  [ RunTime:0.0003s ]
NOTIC: [8] Undefined index: 010_hd_wke /opt/lampp/htdocs/zhier/App/Home/Controller/IndexController.class.php 第 64 行.
SQL: SELECT * FROM `order_detail` WHERE ( `order_id`='12347' )  [ RunTime:0.0003s ]
NOTIC: [8] Undefined index: 010_hd_wke /opt/lampp/htdocs/zhier/App/Home/Controller/IndexController.class.php 第 64 行.
SQL: SELECT * FROM `order_detail` WHERE ( `order_id`='12346' )  [ RunTime:0.0003s ]
NOTIC: [8] Undefined index: 010_hd_wke /opt/lampp/htdocs/zhier/App/Home/Controller/IndexController.class.php 第 64 行.
SQL: SELECT * FROM `order_detail` WHERE ( `order_id`='12345' )  [ RunTime:0.0002s ]
NOTIC: [8] Undefined index: 010_hd_wke /opt/lampp/htdocs/zhier/App/Home/Controller/IndexController.class.php 第 64 行.
SQL: SELECT * FROM `order_detail` WHERE ( `order_id`='12344' )  [ RunTime:0.0002s ]
NOTIC: [8] Undefined index: 010_hd_wke /opt/lampp/htdocs/zhier/App/Home/Controller/IndexController.class.php 第 64 行.
SQL: SELECT * FROM `order_detail` WHERE ( `order_id`='12343' )  [ RunTime:0.0002s ]
NOTIC: [8] Undefined index: 010_hd_wke /opt/lampp/htdocs/zhier/App/Home/Controller/IndexController.class.php 第 64 行.
SQL: SELECT * FROM `order_detail` WHERE ( `order_id`='12342' )  [ RunTime:0.0002s ]
NOTIC: [8] Undefined index: 010_hd_wke /opt/lampp/htdocs/zhier/App/Home/Controller/IndexController.class.php 第 64 行.
SQL: SELECT * FROM `order_detail` WHERE ( `order_id`='12341' )  [ RunTime:0.0003s ]
INFO: [ view_parse ] --START--
INFO: [ template_filter ] --START--
INFO: Run Behavior\ContentReplaceBehavior [ RunTime:0.000040s ]
INFO: [ template_filter ] --END-- [ RunTime:0.000087s ]
INFO: Run Behavior\ParseTemplateBehavior [ RunTime:0.006294s ]
INFO: [ view_parse ] --END-- [ RunTime:0.006340s ]
INFO: [ view_filter ] --START--
INFO: Run Behavior\WriteHtmlCacheBehavior [ RunTime:0.000110s ]
INFO: [ view_filter ] --END-- [ RunTime:0.000149s ]
INFO: [ app_end ] --START--
INFO: Run Behavior\ShowPageTraceBehavior [ RunTime:0.000378s ]
INFO: [ app_end ] --END-- [ RunTime:0.000428s ]

[ 2015-05-22T19:14:20+08:00 ] 117.136.38.62 /zhier/index.php/home
INFO: [ app_init ] --START--
INFO: Run Behavior\BuildLiteBehavior [ RunTime:0.000015s ]
INFO: [ app_init ] --END-- [ RunTime:0.000267s ]
INFO: [ app_begin ] --START--
INFO: Run Behavior\ReadHtmlCacheBehavior [ RunTime:0.000325s ]
INFO: [ app_begin ] --END-- [ RunTime:0.000364s ]
SQL: SHOW COLUMNS FROM `user` [ RunTime:0.0007s ]
SQL: SELECT * FROM `user` WHERE ( `wei_id`='oKaufuIIhRuypTR8L80JZrEivgvg' )  [ RunTime:0.0004s ]
SQL: SHOW COLUMNS FROM `order` [ RunTime:0.0008s ]
SQL: SELECT count(1) order_num FROM `order` WHERE ( `user_id`='85' )  [ RunTime:0.0003s ]
SQL: SHOW COLUMNS FROM `opinion` [ RunTime:0.0005s ]
SQL: SELECT count(1) opinion_num FROM `opinion` WHERE ( `user_id`='85' )  [ RunTime:0.0002s ]
INFO: [ view_parse ] --START--
INFO: [ template_filter ] --START--
INFO: Run Behavior\ContentReplaceBehavior [ RunTime:0.000094s ]
INFO: [ template_filter ] --END-- [ RunTime:0.000142s ]
INFO: Run Behavior\ParseTemplateBehavior [ RunTime:0.004959s ]
INFO: [ view_parse ] --END-- [ RunTime:0.005001s ]
INFO: [ view_filter ] --START--
INFO: Run Behavior\WriteHtmlCacheBehavior [ RunTime:0.000113s ]
INFO: [ view_filter ] --END-- [ RunTime:0.000144s ]
INFO: [ app_end ] --START--
INFO: Run Behavior\ShowPageTraceBehavior [ RunTime:0.000381s ]
INFO: [ app_end ] --END-- [ RunTime:0.000422s ]

[ 2015-05-22T19:14:21+08:00 ] 117.136.38.62 /zhier/index.php/Home/Index/opinion
INFO: [ app_init ] --START--
INFO: Run Behavior\BuildLiteBehavior [ RunTime:0.000014s ]
INFO: [ app_init ] --END-- [ RunTime:0.000261s ]
INFO: [ app_begin ] --START--
INFO: Run Behavior\ReadHtmlCacheBehavior [ RunTime:0.000328s ]
INFO: [ app_begin ] --END-- [ RunTime:0.000368s ]
SQL: SHOW COLUMNS FROM `user` [ RunTime:0.0008s ]
SQL: SELECT * FROM `user` WHERE ( `wei_id`='oKaufuIIhRuypTR8L80JZrEivgvg' )  [ RunTime:0.0003s ]
SQL: SHOW COLUMNS FROM `opinion` [ RunTime:0.0005s ]
SQL: SELECT * FROM `opinion` WHERE ( `user_id`='85' ) ORDER BY opinion_id DESC LIMIT 5   [ RunTime:0.0003s ]
INFO: [ view_parse ] --START--
INFO: [ template_filter ] --START--
INFO: Run Behavior\ContentReplaceBehavior [ RunTime:0.000036s ]
INFO: [ template_filter ] --END-- [ RunTime:0.000079s ]
NOTIC: [2] date() expects parameter 2 to be long, string given /opt/lampp/htdocs/zhier/App/Runtime/Cache/Home/3b34dde2236f229f0a8c3848b6417fef.php 第 19 行.
INFO: Run Behavior\ParseTemplateBehavior [ RunTime:0.005101s ]
INFO: [ view_parse ] --END-- [ RunTime:0.005141s ]
INFO: [ view_filter ] --START--
INFO: Run Behavior\WriteHtmlCacheBehavior [ RunTime:0.000112s ]
INFO: [ view_filter ] --END-- [ RunTime:0.000147s ]
INFO: [ app_end ] --START--
INFO: Run Behavior\ShowPageTraceBehavior [ RunTime:0.000355s ]
INFO: [ app_end ] --END-- [ RunTime:0.000392s ]

[ 2015-05-22T19:14:23+08:00 ] 117.136.38.62 /zhier/index.php/home
INFO: [ app_init ] --START--
INFO: Run Behavior\BuildLiteBehavior [ RunTime:0.000014s ]
INFO: [ app_init ] --END-- [ RunTime:0.000264s ]
INFO: [ app_begin ] --START--
INFO: Run Behavior\ReadHtmlCacheBehavior [ RunTime:0.000323s ]
INFO: [ app_begin ] --END-- [ RunTime:0.000362s ]
SQL: SHOW COLUMNS FROM `user` [ RunTime:0.0007s ]
SQL: SELECT * FROM `user` WHERE ( `wei_id`='oKaufuIIhRuypTR8L80JZrEivgvg' )  [ RunTime:0.0003s ]
SQL: SHOW COLUMNS FROM `order` [ RunTime:0.0005s ]
SQL: SELECT count(1) order_num FROM `order` WHERE ( `user_id`='85' )  [ RunTime:0.0003s ]
SQL: SHOW COLUMNS FROM `opinion` [ RunTime:0.0005s ]
SQL: SELECT count(1) opinion_num FROM `opinion` WHERE ( `user_id`='85' )  [ RunTime:0.0002s ]
INFO: [ view_parse ] --START--
INFO: [ template_filter ] --START--
INFO: Run Behavior\ContentReplaceBehavior [ RunTime:0.000043s ]
INFO: [ template_filter ] --END-- [ RunTime:0.000137s ]
INFO: Run Behavior\ParseTemplateBehavior [ RunTime:0.004502s ]
INFO: [ view_parse ] --END-- [ RunTime:0.004546s ]
INFO: [ view_filter ] --START--
INFO: Run Behavior\WriteHtmlCacheBehavior [ RunTime:0.000110s ]
INFO: [ view_filter ] --END-- [ RunTime:0.000141s ]
INFO: [ app_end ] --START--
INFO: Run Behavior\ShowPageTraceBehavior [ RunTime:0.000404s ]
INFO: [ app_end ] --END-- [ RunTime:0.000441s ]

[ 2015-05-22T19:17:07+08:00 ] 117.136.38.62 /zhier/index.php/home
INFO: [ app_init ] --START--
INFO: Run Behavior\BuildLiteBehavior [ RunTime:0.000015s ]
INFO: [ app_init ] --END-- [ RunTime:0.000269s ]
INFO: [ app_begin ] --START--
INFO: Run Behavior\ReadHtmlCacheBehavior [ RunTime:0.000325s ]
INFO: [ app_begin ] --END-- [ RunTime:0.000365s ]
SQL: SHOW COLUMNS FROM `user` [ RunTime:0.0007s ]
SQL: SELECT * FROM `user` WHERE ( `wei_id`='oKaufuIIhRuypTR8L80JZrEivgvg' )  [ RunTime:0.0003s ]
SQL: SHOW COLUMNS FROM `order` [ RunTime:0.0005s ]
SQL: SELECT count(1) order_num FROM `order` WHERE ( `user_id`='85' )  [ RunTime:0.0002s ]
SQL: SHOW COLUMNS FROM `opinion` [ RunTime:0.0005s ]
SQL: SELECT count(1) opinion_num FROM `opinion` WHERE ( `user_id`='85' )  [ RunTime:0.0002s ]
INFO: [ view_parse ] --START--
INFO: [ template_filter ] --START--
INFO: Run Behavior\ContentReplaceBehavior [ RunTime:0.000037s ]
INFO: [ template_filter ] --END-- [ RunTime:0.000075s ]
INFO: Run Behavior\ParseTemplateBehavior [ RunTime:0.004336s ]
INFO: [ view_parse ] --END-- [ RunTime:0.004375s ]
INFO: [ view_filter ] --START--
INFO: Run Behavior\WriteHtmlCacheBehavior [ RunTime:0.000112s ]
INFO: [ view_filter ] --END-- [ RunTime:0.000144s ]
INFO: [ app_end ] --START--
INFO: Run Behavior\ShowPageTraceBehavior [ RunTime:0.000349s ]
INFO: [ app_end ] --END-- [ RunTime:0.000386s ]

[ 2015-05-22T19:18:57+08:00 ] 117.136.38.62 /zhier/index.php/home
INFO: [ app_init ] --START--
INFO: Run Behavior\BuildLiteBehavior [ RunTime:0.000015s ]
INFO: [ app_init ] --END-- [ RunTime:0.000286s ]
INFO: [ app_begin ] --START--
INFO: Run Behavior\ReadHtmlCacheBehavior [ RunTime:0.000401s ]
INFO: [ app_begin ] --END-- [ RunTime:0.000454s ]
SQL: SHOW COLUMNS FROM `user` [ RunTime:0.0007s ]
SQL: SELECT * FROM `user` WHERE ( `wei_id`='oKaufuIIhRuypTR8L80JZrEivgvg' )  [ RunTime:0.0003s ]
SQL: SHOW COLUMNS FROM `order` [ RunTime:0.0005s ]
SQL: SELECT count(1) order_num FROM `order` WHERE ( `user_id`='85' )  [ RunTime:0.0002s ]
SQL: SHOW COLUMNS FROM `opinion` [ RunTime:0.0005s ]
SQL: SELECT count(1) opinion_num FROM `opinion` WHERE ( `user_id`='85' )  [ RunTime:0.0002s ]
INFO: [ view_parse ] --START--
INFO: [ template_filter ] --START--
INFO: Run Behavior\ContentReplaceBehavior [ RunTime:0.000040s ]
INFO: [ template_filter ] --END-- [ RunTime:0.000079s ]
INFO: Run Behavior\ParseTemplateBehavior [ RunTime:0.004483s ]
INFO: [ view_parse ] --END-- [ RunTime:0.004522s ]
INFO: [ view_filter ] --START--
INFO: Run Behavior\WriteHtmlCacheBehavior [ RunTime:0.000114s ]
INFO: [ view_filter ] --END-- [ RunTime:0.000146s ]
INFO: [ app_end ] --START--
INFO: Run Behavior\ShowPageTraceBehavior [ RunTime:0.000358s ]
INFO: [ app_end ] --END-- [ RunTime:0.000395s ]

