[ 2015-07-30T16:58:14+08:00 ] 123.151.42.46 /zhier/index.php/Home/Index/index.html
INFO: [ app_init ] --START--
INFO: Run Behavior\BuildLiteBehavior [ RunTime:0.000024s ]
INFO: [ app_init ] --END-- [ RunTime:0.000151s ]
INFO: [ app_begin ] --START--
INFO: Run Behavior\ReadHtmlCacheBehavior [ RunTime:0.000062s ]
INFO: [ app_begin ] --END-- [ RunTime:0.000157s ]
SQL: SHOW COLUMNS FROM `order` [ RunTime:0.0006s ]
SQL: SELECT count(1) order_num FROM `order` WHERE ( `user_id`='144' )  [ RunTime:0.0003s ]
SQL: SHOW COLUMNS FROM `opinion` [ RunTime:0.0004s ]
SQL: SELECT count(1) opinion_num FROM `opinion` WHERE ( `user_id`='144' )  [ RunTime:0.0002s ]
INFO: [ view_parse ] --START--
INFO: [ template_filter ] --START--
INFO: Run Behavior\ContentReplaceBehavior [ RunTime:0.000061s ]
INFO: [ template_filter ] --END-- [ RunTime:0.000157s ]
INFO: Run Behavior\ParseTemplateBehavior [ RunTime:0.021579s ]
INFO: [ view_parse ] --END-- [ RunTime:0.021677s ]
INFO: [ view_filter ] --START--
INFO: Run Behavior\WriteHtmlCacheBehavior [ RunTime:0.000059s ]
INFO: [ view_filter ] --END-- [ RunTime:0.000145s ]
INFO: [ app_end ] --START--
INFO: Run Behavior\ShowPageTraceBehavior [ RunTime:0.000060s ]
INFO: [ app_end ] --END-- [ RunTime:0.000152s ]

[ 2015-07-30T18:47:08+08:00 ] 123.151.42.46 /zhier/index.php/Home/Index/index.html
INFO: [ app_init ] --START--
INFO: Run Behavior\BuildLiteBehavior [ RunTime:0.000023s ]
INFO: [ app_init ] --END-- [ RunTime:0.000156s ]
INFO: [ app_begin ] --START--
INFO: Run Behavior\ReadHtmlCacheBehavior [ RunTime:0.000062s ]
INFO: [ app_begin ] --END-- [ RunTime:0.000167s ]
NOTIC: [8] Undefined index: user /var/www/zhier/App/Home/Controller/IndexController.class.php 第 10 行.
SQL: SHOW COLUMNS FROM `user` [ RunTime:0.0006s ]
SQL: SELECT * FROM `user` WHERE ( `wei_id`='oWeLOvmrNmL4_D0dyClUzSdpusTg' )  [ RunTime:0.0001s ]
SQL: UPDATE `user` SET `ltime`='1438253228' WHERE `user_id` = 109 [ RunTime:0.0180s ]
NOTIC: [8] Undefined index: carnum /var/www/zhier/App/Home/Controller/IndexController.class.php 第 53 行.
SQL: SHOW COLUMNS FROM `order` [ RunTime:0.0006s ]
SQL: SELECT count(1) order_num FROM `order` WHERE ( `user_id`='109' )  [ RunTime:0.0001s ]
SQL: SHOW COLUMNS FROM `opinion` [ RunTime:0.0005s ]
SQL: SELECT count(1) opinion_num FROM `opinion` WHERE ( `user_id`='109' )  [ RunTime:0.0001s ]
INFO: [ view_parse ] --START--
INFO: [ template_filter ] --START--
INFO: Run Behavior\ContentReplaceBehavior [ RunTime:0.000060s ]
INFO: [ template_filter ] --END-- [ RunTime:0.000162s ]
INFO: Run Behavior\ParseTemplateBehavior [ RunTime:0.003634s ]
INFO: [ view_parse ] --END-- [ RunTime:0.003734s ]
INFO: [ view_filter ] --START--
INFO: Run Behavior\WriteHtmlCacheBehavior [ RunTime:0.000063s ]
INFO: [ view_filter ] --END-- [ RunTime:0.000191s ]
INFO: [ app_end ] --START--
INFO: Run Behavior\ShowPageTraceBehavior [ RunTime:0.000061s ]
INFO: [ app_end ] --END-- [ RunTime:0.000149s ]

[ 2015-07-30T18:50:04+08:00 ] 119.147.146.189 /zhier/index.php/Home/Index/index.html
INFO: [ app_init ] --START--
INFO: Run Behavior\BuildLiteBehavior [ RunTime:0.000029s ]
INFO: [ app_init ] --END-- [ RunTime:0.000218s ]
INFO: [ app_begin ] --START--
INFO: Run Behavior\ReadHtmlCacheBehavior [ RunTime:0.000067s ]
INFO: [ app_begin ] --END-- [ RunTime:0.000164s ]
NOTIC: [8] Undefined index: user /var/www/zhier/App/Home/Controller/IndexController.class.php 第 44 行.
NOTIC: [8] Undefined index: hasJumped /var/www/zhier/App/Home/Controller/IndexController.class.php 第 44 行.

[ 2015-07-30T19:00:15+08:00 ] 123.151.42.46 /zhier/index.php/Home/Index/index.html
INFO: [ app_init ] --START--
INFO: Run Behavior\BuildLiteBehavior [ RunTime:0.000029s ]
INFO: [ app_init ] --END-- [ RunTime:0.000214s ]
INFO: [ app_begin ] --START--
INFO: Run Behavior\ReadHtmlCacheBehavior [ RunTime:0.000069s ]
INFO: [ app_begin ] --END-- [ RunTime:0.000168s ]
NOTIC: [8] Undefined index: user /var/www/zhier/App/Home/Controller/IndexController.class.php 第 10 行.
SQL: SHOW COLUMNS FROM `user` [ RunTime:0.0007s ]
SQL: SELECT * FROM `user` WHERE ( `wei_id`='oWeLOvmrNmL4_D0dyClUzSdpusTg' )  [ RunTime:0.0001s ]
SQL: UPDATE `user` SET `ltime`='1438254015' WHERE `user_id` = 109 [ RunTime:0.0075s ]
NOTIC: [8] Undefined index: carnum /var/www/zhier/App/Home/Controller/IndexController.class.php 第 53 行.
SQL: SHOW COLUMNS FROM `order` [ RunTime:0.0006s ]
SQL: SELECT count(1) order_num FROM `order` WHERE ( `user_id`='109' )  [ RunTime:0.0001s ]
SQL: SHOW COLUMNS FROM `opinion` [ RunTime:0.0005s ]
SQL: SELECT count(1) opinion_num FROM `opinion` WHERE ( `user_id`='109' )  [ RunTime:0.0001s ]
INFO: [ view_parse ] --START--
INFO: [ template_filter ] --START--
INFO: Run Behavior\ContentReplaceBehavior [ RunTime:0.000063s ]
INFO: [ template_filter ] --END-- [ RunTime:0.000172s ]
INFO: Run Behavior\ParseTemplateBehavior [ RunTime:0.003914s ]
INFO: [ view_parse ] --END-- [ RunTime:0.004107s ]
INFO: [ view_filter ] --START--
INFO: Run Behavior\WriteHtmlCacheBehavior [ RunTime:0.000064s ]
INFO: [ view_filter ] --END-- [ RunTime:0.000151s ]
INFO: [ app_end ] --START--
INFO: Run Behavior\ShowPageTraceBehavior [ RunTime:0.000066s ]
INFO: [ app_end ] --END-- [ RunTime:0.000156s ]

[ 2015-07-30T19:00:39+08:00 ] 101.226.33.220 /zhier/index.php/Home/Index/index.html
INFO: [ app_init ] --START--
INFO: Run Behavior\BuildLiteBehavior [ RunTime:0.000056s ]
INFO: [ app_init ] --END-- [ RunTime:0.000207s ]
INFO: [ app_begin ] --START--
INFO: Run Behavior\ReadHtmlCacheBehavior [ RunTime:0.000071s ]
INFO: [ app_begin ] --END-- [ RunTime:0.000223s ]
NOTIC: [8] Undefined index: user /var/www/zhier/App/Home/Controller/IndexController.class.php 第 44 行.
NOTIC: [8] Undefined index: hasJumped /var/www/zhier/App/Home/Controller/IndexController.class.php 第 44 行.

[ 2015-07-30T19:02:21+08:00 ] 123.151.42.46 /zhier/index.php/Home/Index/index.html
INFO: [ app_init ] --START--
INFO: Run Behavior\BuildLiteBehavior [ RunTime:0.000023s ]
INFO: [ app_init ] --END-- [ RunTime:0.000143s ]
INFO: [ app_begin ] --START--
INFO: Run Behavior\ReadHtmlCacheBehavior [ RunTime:0.000059s ]
INFO: [ app_begin ] --END-- [ RunTime:0.000154s ]
SQL: SHOW COLUMNS FROM `order` [ RunTime:0.0006s ]
SQL: SELECT count(1) order_num FROM `order` WHERE ( `user_id`='109' )  [ RunTime:0.0001s ]
SQL: SHOW COLUMNS FROM `opinion` [ RunTime:0.0004s ]
SQL: SELECT count(1) opinion_num FROM `opinion` WHERE ( `user_id`='109' )  [ RunTime:0.0001s ]
INFO: [ view_parse ] --START--
INFO: [ template_filter ] --START--
INFO: Run Behavior\ContentReplaceBehavior [ RunTime:0.000063s ]
INFO: [ template_filter ] --END-- [ RunTime:0.000165s ]
INFO: Run Behavior\ParseTemplateBehavior [ RunTime:0.003479s ]
INFO: [ view_parse ] --END-- [ RunTime:0.003598s ]
INFO: [ view_filter ] --START--
INFO: Run Behavior\WriteHtmlCacheBehavior [ RunTime:0.000059s ]
INFO: [ view_filter ] --END-- [ RunTime:0.000146s ]
INFO: [ app_end ] --START--
INFO: Run Behavior\ShowPageTraceBehavior [ RunTime:0.000058s ]
INFO: [ app_end ] --END-- [ RunTime:0.000146s ]

[ 2015-07-30T19:04:29+08:00 ] 123.151.42.46 /zhier/index.php/Home/Index/index.html
INFO: [ app_init ] --START--
INFO: Run Behavior\BuildLiteBehavior [ RunTime:0.000023s ]
INFO: [ app_init ] --END-- [ RunTime:0.000155s ]
INFO: [ app_begin ] --START--
INFO: Run Behavior\ReadHtmlCacheBehavior [ RunTime:0.000080s ]
INFO: [ app_begin ] --END-- [ RunTime:0.000178s ]
SQL: SHOW COLUMNS FROM `order` [ RunTime:0.0007s ]
SQL: SELECT count(1) order_num FROM `order` WHERE ( `user_id`='109' )  [ RunTime:0.0001s ]
SQL: SHOW COLUMNS FROM `opinion` [ RunTime:0.0004s ]
SQL: SELECT count(1) opinion_num FROM `opinion` WHERE ( `user_id`='109' )  [ RunTime:0.0001s ]
INFO: [ view_parse ] --START--
INFO: [ template_filter ] --START--
INFO: Run Behavior\ContentReplaceBehavior [ RunTime:0.000060s ]
INFO: [ template_filter ] --END-- [ RunTime:0.000153s ]
INFO: Run Behavior\ParseTemplateBehavior [ RunTime:0.003343s ]
INFO: [ view_parse ] --END-- [ RunTime:0.003439s ]
INFO: [ view_filter ] --START--
INFO: Run Behavior\WriteHtmlCacheBehavior [ RunTime:0.000059s ]
INFO: [ view_filter ] --END-- [ RunTime:0.000145s ]
INFO: [ app_end ] --START--
INFO: Run Behavior\ShowPageTraceBehavior [ RunTime:0.000058s ]
INFO: [ app_end ] --END-- [ RunTime:0.000146s ]

[ 2015-07-30T19:08:52+08:00 ] 219.232.60.157 /zhier/index.php/Home/Index/index.html
INFO: [ app_init ] --START--
INFO: Run Behavior\BuildLiteBehavior [ RunTime:0.000023s ]
INFO: [ app_init ] --END-- [ RunTime:0.000158s ]
INFO: [ app_begin ] --START--
INFO: Run Behavior\ReadHtmlCacheBehavior [ RunTime:0.000062s ]
INFO: [ app_begin ] --END-- [ RunTime:0.000159s ]
SQL: SHOW COLUMNS FROM `order` [ RunTime:0.0007s ]
SQL: SELECT count(1) order_num FROM `order` WHERE ( `user_id`='109' )  [ RunTime:0.0001s ]
SQL: SHOW COLUMNS FROM `opinion` [ RunTime:0.0005s ]
SQL: SELECT count(1) opinion_num FROM `opinion` WHERE ( `user_id`='109' )  [ RunTime:0.0001s ]
INFO: [ view_parse ] --START--
INFO: [ template_filter ] --START--
INFO: Run Behavior\ContentReplaceBehavior [ RunTime:0.000068s ]
INFO: [ template_filter ] --END-- [ RunTime:0.000179s ]
INFO: Run Behavior\ParseTemplateBehavior [ RunTime:0.004039s ]
INFO: [ view_parse ] --END-- [ RunTime:0.004146s ]
INFO: [ view_filter ] --START--
INFO: Run Behavior\WriteHtmlCacheBehavior [ RunTime:0.000083s ]
INFO: [ view_filter ] --END-- [ RunTime:0.000180s ]
INFO: [ app_end ] --START--
INFO: Run Behavior\ShowPageTraceBehavior [ RunTime:0.000068s ]
INFO: [ app_end ] --END-- [ RunTime:0.000157s ]

[ 2015-07-30T19:09:07+08:00 ] 219.232.60.157 /zhier/index.php/Home/Index/index.html
INFO: [ app_init ] --START--
INFO: Run Behavior\BuildLiteBehavior [ RunTime:0.000023s ]
INFO: [ app_init ] --END-- [ RunTime:0.000151s ]
INFO: [ app_begin ] --START--
INFO: Run Behavior\ReadHtmlCacheBehavior [ RunTime:0.000059s ]
INFO: [ app_begin ] --END-- [ RunTime:0.000154s ]
SQL: SHOW COLUMNS FROM `order` [ RunTime:0.0008s ]
SQL: SELECT count(1) order_num FROM `order` WHERE ( `user_id`='109' )  [ RunTime:0.0001s ]
SQL: SHOW COLUMNS FROM `opinion` [ RunTime:0.0004s ]
SQL: SELECT count(1) opinion_num FROM `opinion` WHERE ( `user_id`='109' )  [ RunTime:0.0001s ]
INFO: [ view_parse ] --START--
INFO: [ template_filter ] --START--
INFO: Run Behavior\ContentReplaceBehavior [ RunTime:0.000073s ]
INFO: [ template_filter ] --END-- [ RunTime:0.000181s ]
INFO: Run Behavior\ParseTemplateBehavior [ RunTime:0.003976s ]
INFO: [ view_parse ] --END-- [ RunTime:0.004080s ]
INFO: [ view_filter ] --START--
INFO: Run Behavior\WriteHtmlCacheBehavior [ RunTime:0.000063s ]
INFO: [ view_filter ] --END-- [ RunTime:0.000150s ]
INFO: [ app_end ] --START--
INFO: Run Behavior\ShowPageTraceBehavior [ RunTime:0.000067s ]
INFO: [ app_end ] --END-- [ RunTime:0.000155s ]

[ 2015-07-30T19:09:22+08:00 ] 219.232.60.157 /zhier/index.php/Home/Index/index.html
INFO: [ app_init ] --START--
INFO: Run Behavior\BuildLiteBehavior [ RunTime:0.000021s ]
INFO: [ app_init ] --END-- [ RunTime:0.000139s ]
INFO: [ app_begin ] --START--
INFO: Run Behavior\ReadHtmlCacheBehavior [ RunTime:0.000058s ]
INFO: [ app_begin ] --END-- [ RunTime:0.000151s ]
SQL: SHOW COLUMNS FROM `order` [ RunTime:0.0006s ]
SQL: SELECT count(1) order_num FROM `order` WHERE ( `user_id`='109' )  [ RunTime:0.0001s ]
SQL: SHOW COLUMNS FROM `opinion` [ RunTime:0.0004s ]
SQL: SELECT count(1) opinion_num FROM `opinion` WHERE ( `user_id`='109' )  [ RunTime:0.0001s ]
INFO: [ view_parse ] --START--
INFO: [ template_filter ] --START--
INFO: Run Behavior\ContentReplaceBehavior [ RunTime:0.000062s ]
INFO: [ template_filter ] --END-- [ RunTime:0.000157s ]
INFO: Run Behavior\ParseTemplateBehavior [ RunTime:0.003322s ]
INFO: [ view_parse ] --END-- [ RunTime:0.003421s ]
INFO: [ view_filter ] --START--
INFO: Run Behavior\WriteHtmlCacheBehavior [ RunTime:0.000058s ]
INFO: [ view_filter ] --END-- [ RunTime:0.000145s ]
INFO: [ app_end ] --START--
INFO: Run Behavior\ShowPageTraceBehavior [ RunTime:0.000058s ]
INFO: [ app_end ] --END-- [ RunTime:0.000146s ]

[ 2015-07-30T19:10:21+08:00 ] 219.232.60.157 /zhier/index.php/Home/Index/index.html
INFO: [ app_init ] --START--
INFO: Run Behavior\BuildLiteBehavior [ RunTime:0.000022s ]
INFO: [ app_init ] --END-- [ RunTime:0.000148s ]
INFO: [ app_begin ] --START--
INFO: Run Behavior\ReadHtmlCacheBehavior [ RunTime:0.000061s ]
INFO: [ app_begin ] --END-- [ RunTime:0.000156s ]
SQL: SHOW COLUMNS FROM `order` [ RunTime:0.0006s ]
SQL: SELECT count(1) order_num FROM `order` WHERE ( `user_id`='109' )  [ RunTime:0.0001s ]
SQL: SHOW COLUMNS FROM `opinion` [ RunTime:0.0004s ]
SQL: SELECT count(1) opinion_num FROM `opinion` WHERE ( `user_id`='109' )  [ RunTime:0.0001s ]
INFO: [ view_parse ] --START--
INFO: [ template_filter ] --START--
INFO: Run Behavior\ContentReplaceBehavior [ RunTime:0.000061s ]
INFO: [ template_filter ] --END-- [ RunTime:0.000156s ]
INFO: Run Behavior\ParseTemplateBehavior [ RunTime:0.003346s ]
INFO: [ view_parse ] --END-- [ RunTime:0.003448s ]
INFO: [ view_filter ] --START--
INFO: Run Behavior\WriteHtmlCacheBehavior [ RunTime:0.000058s ]
INFO: [ view_filter ] --END-- [ RunTime:0.000185s ]
INFO: [ app_end ] --START--
INFO: Run Behavior\ShowPageTraceBehavior [ RunTime:0.000061s ]
INFO: [ app_end ] --END-- [ RunTime:0.000150s ]

[ 2015-07-30T19:10:50+08:00 ] 219.232.60.157 /zhier/index.php/Home/Index/index.html
INFO: [ app_init ] --START--
INFO: Run Behavior\BuildLiteBehavior [ RunTime:0.000023s ]
INFO: [ app_init ] --END-- [ RunTime:0.000147s ]
INFO: [ app_begin ] --START--
INFO: Run Behavior\ReadHtmlCacheBehavior [ RunTime:0.000060s ]
INFO: [ app_begin ] --END-- [ RunTime:0.000154s ]
SQL: SHOW COLUMNS FROM `order` [ RunTime:0.0007s ]
SQL: SELECT count(1) order_num FROM `order` WHERE ( `user_id`='109' )  [ RunTime:0.0001s ]
SQL: SHOW COLUMNS FROM `opinion` [ RunTime:0.0004s ]
SQL: SELECT count(1) opinion_num FROM `opinion` WHERE ( `user_id`='109' )  [ RunTime:0.0001s ]
INFO: [ view_parse ] --START--
INFO: [ template_filter ] --START--
INFO: Run Behavior\ContentReplaceBehavior [ RunTime:0.000061s ]
INFO: [ template_filter ] --END-- [ RunTime:0.000156s ]
INFO: Run Behavior\ParseTemplateBehavior [ RunTime:0.003367s ]
INFO: [ view_parse ] --END-- [ RunTime:0.003465s ]
INFO: [ view_filter ] --START--
INFO: Run Behavior\WriteHtmlCacheBehavior [ RunTime:0.000059s ]
INFO: [ view_filter ] --END-- [ RunTime:0.000146s ]
INFO: [ app_end ] --START--
INFO: Run Behavior\ShowPageTraceBehavior [ RunTime:0.000057s ]
INFO: [ app_end ] --END-- [ RunTime:0.000145s ]

[ 2015-07-30T19:11:09+08:00 ] 219.232.60.157 /zhier/index.php/Home/Index/orders
INFO: [ app_init ] --START--
INFO: Run Behavior\BuildLiteBehavior [ RunTime:0.000026s ]
INFO: [ app_init ] --END-- [ RunTime:0.000175s ]
INFO: [ app_begin ] --START--
INFO: Run Behavior\ReadHtmlCacheBehavior [ RunTime:0.000068s ]
INFO: [ app_begin ] --END-- [ RunTime:0.000164s ]
SQL: SHOW COLUMNS FROM `order` [ RunTime:0.0008s ]
SQL: SELECT * FROM `order` WHERE ( `user_id`='109' ) ORDER BY order_id DESC LIMIT 10   [ RunTime:0.0001s ]
SQL: SHOW COLUMNS FROM `order_detail` [ RunTime:0.0005s ]
SQL: SHOW COLUMNS FROM `user_coupon` [ RunTime:0.0005s ]
SQL: SHOW COLUMNS FROM `fruit_type` [ RunTime:0.0004s ]
SQL: SELECT * FROM `fruit_type`  [ RunTime:0.0001s ]
NOTIC: [8] Undefined offset: 28 /var/www/zhier/App/Home/Controller/IndexController.class.php 第 95 行.
SQL: SELECT * FROM `order_detail` WHERE ( `order_id`='12448' )  [ RunTime:0.0001s ]
SQL: 
SELECT c.coupon_id,t.type_id,t.coupon_name, count( c.coupon_id ) coupon_count
FROM `user_coupon` c
LEFT JOIN fruit_type t ON c.type_id = t.type_id
WHERE `order_id` ='12448'
GROUP BY c.type_id
			 [ RunTime:0.0001s ]
NOTIC: [8] Undefined offset: 28 /var/www/zhier/App/Home/Controller/IndexController.class.php 第 95 行.
SQL: SELECT * FROM `order_detail` WHERE ( `order_id`='12447' )  [ RunTime:0.0001s ]
SQL: 
SELECT c.coupon_id,t.type_id,t.coupon_name, count( c.coupon_id ) coupon_count
FROM `user_coupon` c
LEFT JOIN fruit_type t ON c.type_id = t.type_id
WHERE `order_id` ='12447'
GROUP BY c.type_id
			 [ RunTime:0.0001s ]
NOTIC: [8] Undefined offset: 2 /var/www/zhier/App/Home/Controller/IndexController.class.php 第 95 行.
SQL: SELECT * FROM `order_detail` WHERE ( `order_id`='12445' )  [ RunTime:0.0001s ]
SQL: 
SELECT c.coupon_id,t.type_id,t.coupon_name, count( c.coupon_id ) coupon_count
FROM `user_coupon` c
LEFT JOIN fruit_type t ON c.type_id = t.type_id
WHERE `order_id` ='12445'
GROUP BY c.type_id
			 [ RunTime:0.0001s ]
NOTIC: [8] Undefined offset: 17 /var/www/zhier/App/Home/Controller/IndexController.class.php 第 95 行.
SQL: SELECT * FROM `order_detail` WHERE ( `order_id`='12440' )  [ RunTime:0.0001s ]
SQL: 
SELECT c.coupon_id,t.type_id,t.coupon_name, count( c.coupon_id ) coupon_count
FROM `user_coupon` c
LEFT JOIN fruit_type t ON c.type_id = t.type_id
WHERE `order_id` ='12440'
GROUP BY c.type_id
			 [ RunTime:0.0001s ]
NOTIC: [8] Undefined offset: 32 /var/www/zhier/App/Home/Controller/IndexController.class.php 第 95 行.
SQL: SELECT * FROM `order_detail` WHERE ( `order_id`='12438' )  [ RunTime:0.0001s ]
SQL: 
SELECT c.coupon_id,t.type_id,t.coupon_name, count( c.coupon_id ) coupon_count
FROM `user_coupon` c
LEFT JOIN fruit_type t ON c.type_id = t.type_id
WHERE `order_id` ='12438'
GROUP BY c.type_id
			 [ RunTime:0.0001s ]
NOTIC: [8] Undefined offset: 28 /var/www/zhier/App/Home/Controller/IndexController.class.php 第 95 行.
SQL: SELECT * FROM `order_detail` WHERE ( `order_id`='12437' )  [ RunTime:0.0001s ]
SQL: 
SELECT c.coupon_id,t.type_id,t.coupon_name, count( c.coupon_id ) coupon_count
FROM `user_coupon` c
LEFT JOIN fruit_type t ON c.type_id = t.type_id
WHERE `order_id` ='12437'
GROUP BY c.type_id
			 [ RunTime:0.0001s ]
NOTIC: [8] Undefined offset: 31 /var/www/zhier/App/Home/Controller/IndexController.class.php 第 95 行.
SQL: SELECT * FROM `order_detail` WHERE ( `order_id`='12436' )  [ RunTime:0.0001s ]
SQL: 
SELECT c.coupon_id,t.type_id,t.coupon_name, count( c.coupon_id ) coupon_count
FROM `user_coupon` c
LEFT JOIN fruit_type t ON c.type_id = t.type_id
WHERE `order_id` ='12436'
GROUP BY c.type_id
			 [ RunTime:0.0001s ]
NOTIC: [8] Undefined offset: 28 /var/www/zhier/App/Home/Controller/IndexController.class.php 第 95 行.
SQL: SELECT * FROM `order_detail` WHERE ( `order_id`='12435' )  [ RunTime:0.0001s ]
SQL: 
SELECT c.coupon_id,t.type_id,t.coupon_name, count( c.coupon_id ) coupon_count
FROM `user_coupon` c
LEFT JOIN fruit_type t ON c.type_id = t.type_id
WHERE `order_id` ='12435'
GROUP BY c.type_id
			 [ RunTime:0.0001s ]
NOTIC: [8] Undefined offset: 31 /var/www/zhier/App/Home/Controller/IndexController.class.php 第 95 行.
SQL: SELECT * FROM `order_detail` WHERE ( `order_id`='12428' )  [ RunTime:0.0001s ]
SQL: 
SELECT c.coupon_id,t.type_id,t.coupon_name, count( c.coupon_id ) coupon_count
FROM `user_coupon` c
LEFT JOIN fruit_type t ON c.type_id = t.type_id
WHERE `order_id` ='12428'
GROUP BY c.type_id
			 [ RunTime:0.0001s ]
NOTIC: [8] Undefined offset: 28 /var/www/zhier/App/Home/Controller/IndexController.class.php 第 95 行.
SQL: SELECT * FROM `order_detail` WHERE ( `order_id`='12427' )  [ RunTime:0.0001s ]
SQL: 
SELECT c.coupon_id,t.type_id,t.coupon_name, count( c.coupon_id ) coupon_count
FROM `user_coupon` c
LEFT JOIN fruit_type t ON c.type_id = t.type_id
WHERE `order_id` ='12427'
GROUP BY c.type_id
			 [ RunTime:0.0001s ]
INFO: [ view_parse ] --START--
INFO: [ template_filter ] --START--
INFO: Run Behavior\ContentReplaceBehavior [ RunTime:0.000059s ]
INFO: [ template_filter ] --END-- [ RunTime:0.000155s ]
INFO: Run Behavior\ParseTemplateBehavior [ RunTime:0.013718s ]
INFO: [ view_parse ] --END-- [ RunTime:0.013816s ]
INFO: [ view_filter ] --START--
INFO: Run Behavior\WriteHtmlCacheBehavior [ RunTime:0.000066s ]
INFO: [ view_filter ] --END-- [ RunTime:0.000153s ]
INFO: [ app_end ] --START--
INFO: Run Behavior\ShowPageTraceBehavior [ RunTime:0.000082s ]
INFO: [ app_end ] --END-- [ RunTime:0.000178s ]

[ 2015-07-30T19:11:16+08:00 ] 219.232.60.157 /zhier/index.php/Home/Index/index.html
INFO: [ app_init ] --START--
INFO: Run Behavior\BuildLiteBehavior [ RunTime:0.000022s ]
INFO: [ app_init ] --END-- [ RunTime:0.000149s ]
INFO: [ app_begin ] --START--
INFO: Run Behavior\ReadHtmlCacheBehavior [ RunTime:0.000059s ]
INFO: [ app_begin ] --END-- [ RunTime:0.000153s ]
SQL: SHOW COLUMNS FROM `order` [ RunTime:0.0007s ]
SQL: SELECT count(1) order_num FROM `order` WHERE ( `user_id`='109' )  [ RunTime:0.0001s ]
SQL: SHOW COLUMNS FROM `opinion` [ RunTime:0.0004s ]
SQL: SELECT count(1) opinion_num FROM `opinion` WHERE ( `user_id`='109' )  [ RunTime:0.0001s ]
INFO: [ view_parse ] --START--
INFO: [ template_filter ] --START--
INFO: Run Behavior\ContentReplaceBehavior [ RunTime:0.000065s ]
INFO: [ template_filter ] --END-- [ RunTime:0.000165s ]
INFO: Run Behavior\ParseTemplateBehavior [ RunTime:0.003370s ]
INFO: [ view_parse ] --END-- [ RunTime:0.003479s ]
INFO: [ view_filter ] --START--
INFO: Run Behavior\WriteHtmlCacheBehavior [ RunTime:0.000059s ]
INFO: [ view_filter ] --END-- [ RunTime:0.000146s ]
INFO: [ app_end ] --START--
INFO: Run Behavior\ShowPageTraceBehavior [ RunTime:0.000058s ]
INFO: [ app_end ] --END-- [ RunTime:0.000146s ]

[ 2015-07-30T19:14:37+08:00 ] 219.232.60.157 /zhier/index.php/Home/Index/index.html
INFO: [ app_init ] --START--
INFO: Run Behavior\BuildLiteBehavior [ RunTime:0.000024s ]
INFO: [ app_init ] --END-- [ RunTime:0.000157s ]
INFO: [ app_begin ] --START--
INFO: Run Behavior\ReadHtmlCacheBehavior [ RunTime:0.000061s ]
INFO: [ app_begin ] --END-- [ RunTime:0.000156s ]
SQL: SHOW COLUMNS FROM `order` [ RunTime:0.0007s ]
SQL: SELECT count(1) order_num FROM `order` WHERE ( `user_id`='109' )  [ RunTime:0.0001s ]
SQL: SHOW COLUMNS FROM `opinion` [ RunTime:0.0004s ]
SQL: SELECT count(1) opinion_num FROM `opinion` WHERE ( `user_id`='109' )  [ RunTime:0.0001s ]
INFO: [ view_parse ] --START--
INFO: [ template_filter ] --START--
INFO: Run Behavior\ContentReplaceBehavior [ RunTime:0.000060s ]
INFO: [ template_filter ] --END-- [ RunTime:0.000155s ]
INFO: Run Behavior\ParseTemplateBehavior [ RunTime:0.003495s ]
INFO: [ view_parse ] --END-- [ RunTime:0.003597s ]
INFO: [ view_filter ] --START--
INFO: Run Behavior\WriteHtmlCacheBehavior [ RunTime:0.000059s ]
INFO: [ view_filter ] --END-- [ RunTime:0.000146s ]
INFO: [ app_end ] --START--
INFO: Run Behavior\ShowPageTraceBehavior [ RunTime:0.000061s ]
INFO: [ app_end ] --END-- [ RunTime:0.000151s ]

[ 2015-07-30T19:16:11+08:00 ] 219.232.60.157 /zhier/index.php/Home/Index/index.html
INFO: [ app_init ] --START--
INFO: Run Behavior\BuildLiteBehavior [ RunTime:0.000023s ]
INFO: [ app_init ] --END-- [ RunTime:0.000148s ]
INFO: [ app_begin ] --START--
INFO: Run Behavior\ReadHtmlCacheBehavior [ RunTime:0.000060s ]
INFO: [ app_begin ] --END-- [ RunTime:0.000154s ]
SQL: SHOW COLUMNS FROM `order` [ RunTime:0.0007s ]
SQL: SELECT count(1) order_num FROM `order` WHERE ( `user_id`='109' )  [ RunTime:0.0001s ]
SQL: SHOW COLUMNS FROM `opinion` [ RunTime:0.0005s ]
SQL: SELECT count(1) opinion_num FROM `opinion` WHERE ( `user_id`='109' )  [ RunTime:0.0001s ]
INFO: [ view_parse ] --START--
INFO: [ template_filter ] --START--
INFO: Run Behavior\ContentReplaceBehavior [ RunTime:0.000061s ]
INFO: [ template_filter ] --END-- [ RunTime:0.000154s ]
INFO: Run Behavior\ParseTemplateBehavior [ RunTime:0.003302s ]
INFO: [ view_parse ] --END-- [ RunTime:0.003400s ]
INFO: [ view_filter ] --START--
INFO: Run Behavior\WriteHtmlCacheBehavior [ RunTime:0.000057s ]
INFO: [ view_filter ] --END-- [ RunTime:0.000145s ]
INFO: [ app_end ] --START--
INFO: Run Behavior\ShowPageTraceBehavior [ RunTime:0.000057s ]
INFO: [ app_end ] --END-- [ RunTime:0.000143s ]

[ 2015-07-30T19:16:18+08:00 ] 219.232.60.157 /zhier/index.php/home
INFO: [ app_init ] --START--
INFO: Run Behavior\BuildLiteBehavior [ RunTime:0.000025s ]
INFO: [ app_init ] --END-- [ RunTime:0.000164s ]
INFO: [ app_begin ] --START--
INFO: Run Behavior\ReadHtmlCacheBehavior [ RunTime:0.000061s ]
INFO: [ app_begin ] --END-- [ RunTime:0.000143s ]
SQL: SHOW COLUMNS FROM `order` [ RunTime:0.0008s ]
SQL: SELECT count(1) order_num FROM `order` WHERE ( `user_id`='109' )  [ RunTime:0.0001s ]
SQL: SHOW COLUMNS FROM `opinion` [ RunTime:0.0004s ]
SQL: SELECT count(1) opinion_num FROM `opinion` WHERE ( `user_id`='109' )  [ RunTime:0.0001s ]
INFO: [ view_parse ] --START--
INFO: [ template_filter ] --START--
INFO: Run Behavior\ContentReplaceBehavior [ RunTime:0.000062s ]
INFO: [ template_filter ] --END-- [ RunTime:0.000156s ]
INFO: Run Behavior\ParseTemplateBehavior [ RunTime:0.003287s ]
INFO: [ view_parse ] --END-- [ RunTime:0.003372s ]
INFO: [ view_filter ] --START--
INFO: Run Behavior\WriteHtmlCacheBehavior [ RunTime:0.000059s ]
INFO: [ view_filter ] --END-- [ RunTime:0.000131s ]
INFO: [ app_end ] --START--
INFO: Run Behavior\ShowPageTraceBehavior [ RunTime:0.000052s ]
INFO: [ app_end ] --END-- [ RunTime:0.000128s ]

[ 2015-07-30T19:18:18+08:00 ] 219.232.60.157 /zhier/index.php/Home/Index/index.html
INFO: [ app_init ] --START--
INFO: Run Behavior\BuildLiteBehavior [ RunTime:0.000023s ]
INFO: [ app_init ] --END-- [ RunTime:0.000157s ]
INFO: [ app_begin ] --START--
INFO: Run Behavior\ReadHtmlCacheBehavior [ RunTime:0.000061s ]
INFO: [ app_begin ] --END-- [ RunTime:0.000155s ]
SQL: SHOW COLUMNS FROM `order` [ RunTime:0.0008s ]
SQL: SELECT count(1) order_num FROM `order` WHERE ( `user_id`='109' )  [ RunTime:0.0001s ]
SQL: SHOW COLUMNS FROM `opinion` [ RunTime:0.0005s ]
SQL: SELECT count(1) opinion_num FROM `opinion` WHERE ( `user_id`='109' )  [ RunTime:0.0001s ]
INFO: [ view_parse ] --START--
INFO: [ template_filter ] --START--
INFO: Run Behavior\ContentReplaceBehavior [ RunTime:0.000060s ]
INFO: [ template_filter ] --END-- [ RunTime:0.000154s ]
INFO: Run Behavior\ParseTemplateBehavior [ RunTime:0.003335s ]
INFO: [ view_parse ] --END-- [ RunTime:0.003433s ]
INFO: [ view_filter ] --START--
INFO: Run Behavior\WriteHtmlCacheBehavior [ RunTime:0.000059s ]
INFO: [ view_filter ] --END-- [ RunTime:0.000146s ]
INFO: [ app_end ] --START--
INFO: Run Behavior\ShowPageTraceBehavior [ RunTime:0.000092s ]
INFO: [ app_end ] --END-- [ RunTime:0.000181s ]

[ 2015-07-30T19:21:29+08:00 ] 123.151.42.46 /zhier/index.php/Home/Index/index.html
INFO: [ app_init ] --START--
INFO: Run Behavior\BuildLiteBehavior [ RunTime:0.000023s ]
INFO: [ app_init ] --END-- [ RunTime:0.000152s ]
INFO: [ app_begin ] --START--
INFO: Run Behavior\ReadHtmlCacheBehavior [ RunTime:0.000061s ]
INFO: [ app_begin ] --END-- [ RunTime:0.000176s ]
SQL: SHOW COLUMNS FROM `order` [ RunTime:0.0006s ]
SQL: SELECT count(1) order_num FROM `order` WHERE ( `user_id`='109' )  [ RunTime:0.0001s ]
SQL: SHOW COLUMNS FROM `opinion` [ RunTime:0.0004s ]
SQL: SELECT count(1) opinion_num FROM `opinion` WHERE ( `user_id`='109' )  [ RunTime:0.0001s ]
INFO: [ view_parse ] --START--
INFO: [ template_filter ] --START--
INFO: Run Behavior\ContentReplaceBehavior [ RunTime:0.000062s ]
INFO: [ template_filter ] --END-- [ RunTime:0.000156s ]
INFO: Run Behavior\ParseTemplateBehavior [ RunTime:0.003350s ]
INFO: [ view_parse ] --END-- [ RunTime:0.003450s ]
INFO: [ view_filter ] --START--
INFO: Run Behavior\WriteHtmlCacheBehavior [ RunTime:0.000058s ]
INFO: [ view_filter ] --END-- [ RunTime:0.000144s ]
INFO: [ app_end ] --START--
INFO: Run Behavior\ShowPageTraceBehavior [ RunTime:0.000058s ]
INFO: [ app_end ] --END-- [ RunTime:0.000146s ]

[ 2015-07-30T19:22:25+08:00 ] 180.153.206.33 /zhier/index.php/Home/Index/index.html
INFO: [ app_init ] --START--
INFO: Run Behavior\BuildLiteBehavior [ RunTime:0.000025s ]
INFO: [ app_init ] --END-- [ RunTime:0.000174s ]
INFO: [ app_begin ] --START--
INFO: Run Behavior\ReadHtmlCacheBehavior [ RunTime:0.000070s ]
INFO: [ app_begin ] --END-- [ RunTime:0.000186s ]
NOTIC: [8] Undefined index: user /var/www/zhier/App/Home/Controller/IndexController.class.php 第 44 行.
NOTIC: [8] Undefined index: hasJumped /var/www/zhier/App/Home/Controller/IndexController.class.php 第 44 行.

