[ 2015-06-13T21:00:50+08:00 ] 123.151.42.46 /zhier/index.php/home
INFO: [ app_init ] --START--
INFO: Run Behavior\BuildLiteBehavior [ RunTime:0.000014s ]
INFO: [ app_init ] --END-- [ RunTime:0.000265s ]
INFO: [ app_begin ] --START--
INFO: Run Behavior\ReadHtmlCacheBehavior [ RunTime:0.000338s ]
INFO: [ app_begin ] --END-- [ RunTime:0.000377s ]
SQL: SHOW COLUMNS FROM `user` [ RunTime:0.0007s ]
SQL: SELECT * FROM `user` WHERE ( `wei_id`='oKaufuB_MK0HuI5wSeYClF2FhzgE' )  [ RunTime:0.0003s ]
NOTIC: [8] Undefined index: car /opt/lampp/htdocs/zhier/App/Home/Controller/IndexController.class.php 第 29 行.
SQL: SHOW COLUMNS FROM `order` [ RunTime:0.0005s ]
SQL: SELECT count(1) order_num FROM `order` WHERE ( `user_id`='86' )  [ RunTime:0.0003s ]
SQL: SHOW COLUMNS FROM `opinion` [ RunTime:0.0006s ]
SQL: SELECT count(1) opinion_num FROM `opinion` WHERE ( `user_id`='86' )  [ RunTime:0.0002s ]
NOTIC: [8] Undefined index: car /opt/lampp/htdocs/zhier/App/Home/Controller/IndexController.class.php 第 45 行.
INFO: [ view_parse ] --START--
INFO: [ template_filter ] --START--
INFO: Run Behavior\ContentReplaceBehavior [ RunTime:0.000041s ]
INFO: [ template_filter ] --END-- [ RunTime:0.000080s ]
INFO: Run Behavior\ParseTemplateBehavior [ RunTime:0.004520s ]
INFO: [ view_parse ] --END-- [ RunTime:0.004562s ]
INFO: [ view_filter ] --START--
INFO: Run Behavior\WriteHtmlCacheBehavior [ RunTime:0.000110s ]
INFO: [ view_filter ] --END-- [ RunTime:0.000146s ]
INFO: [ app_end ] --START--
INFO: Run Behavior\ShowPageTraceBehavior [ RunTime:0.000357s ]
INFO: [ app_end ] --END-- [ RunTime:0.000396s ]

[ 2015-06-13T22:49:58+08:00 ] 223.104.3.158 /zhier/index.php/home
INFO: [ app_init ] --START--
INFO: Run Behavior\BuildLiteBehavior [ RunTime:0.000021s ]
INFO: [ app_init ] --END-- [ RunTime:0.000357s ]
INFO: [ app_begin ] --START--
INFO: Run Behavior\ReadHtmlCacheBehavior [ RunTime:0.000329s ]
INFO: [ app_begin ] --END-- [ RunTime:0.000416s ]
SQL: SHOW COLUMNS FROM `user` [ RunTime:0.0007s ]
SQL: SELECT * FROM `user` WHERE ( `wei_id`='oKaufuIIhRuypTR8L80JZrEivgvg' )  [ RunTime:0.0003s ]
NOTIC: [8] Undefined index: car /opt/lampp/htdocs/zhier/App/Home/Controller/IndexController.class.php 第 29 行.
SQL: SHOW COLUMNS FROM `order` [ RunTime:0.0005s ]
SQL: SELECT count(1) order_num FROM `order` WHERE ( `user_id`='85' )  [ RunTime:0.0002s ]
SQL: SHOW COLUMNS FROM `opinion` [ RunTime:0.0005s ]
SQL: SELECT count(1) opinion_num FROM `opinion` WHERE ( `user_id`='85' )  [ RunTime:0.0002s ]
NOTIC: [8] Undefined index: car /opt/lampp/htdocs/zhier/App/Home/Controller/IndexController.class.php 第 45 行.
INFO: [ view_parse ] --START--
INFO: [ template_filter ] --START--
INFO: Run Behavior\ContentReplaceBehavior [ RunTime:0.000046s ]
INFO: [ template_filter ] --END-- [ RunTime:0.000105s ]
INFO: Run Behavior\ParseTemplateBehavior [ RunTime:0.005258s ]
INFO: [ view_parse ] --END-- [ RunTime:0.005296s ]
INFO: [ view_filter ] --START--
INFO: Run Behavior\WriteHtmlCacheBehavior [ RunTime:0.000114s ]
INFO: [ view_filter ] --END-- [ RunTime:0.000146s ]
INFO: [ app_end ] --START--
INFO: Run Behavior\ShowPageTraceBehavior [ RunTime:0.000368s ]
INFO: [ app_end ] --END-- [ RunTime:0.000409s ]

[ 2015-06-13T22:50:10+08:00 ] 223.104.3.158 /zhier/index.php/Home/Index/orders
INFO: [ app_init ] --START--
INFO: Run Behavior\BuildLiteBehavior [ RunTime:0.000016s ]
INFO: [ app_init ] --END-- [ RunTime:0.000281s ]
INFO: [ app_begin ] --START--
INFO: Run Behavior\ReadHtmlCacheBehavior [ RunTime:0.000331s ]
INFO: [ app_begin ] --END-- [ RunTime:0.000371s ]
SQL: SHOW COLUMNS FROM `user` [ RunTime:0.0007s ]
SQL: SELECT * FROM `user` WHERE ( `wei_id`='oKaufuIIhRuypTR8L80JZrEivgvg' )  [ RunTime:0.0003s ]
NOTIC: [8] Undefined index: car /opt/lampp/htdocs/zhier/App/Home/Controller/IndexController.class.php 第 29 行.
SQL: SHOW COLUMNS FROM `order` [ RunTime:0.0006s ]
SQL: SELECT * FROM `order` WHERE ( `user_id`='85' ) ORDER BY order_id DESC LIMIT 10   [ RunTime:0.0003s ]
SQL: SHOW COLUMNS FROM `order_detail` [ RunTime:0.0005s ]
NOTIC: [8] Undefined index: 010_hd_wke /opt/lampp/htdocs/zhier/App/Home/Controller/IndexController.class.php 第 64 行.
SQL: SELECT * FROM `order_detail` WHERE ( `order_id`='12360' )  [ RunTime:0.0003s ]
NOTIC: [8] Undefined index: 010_hd_wke /opt/lampp/htdocs/zhier/App/Home/Controller/IndexController.class.php 第 64 行.
SQL: SELECT * FROM `order_detail` WHERE ( `order_id`='12356' )  [ RunTime:0.0003s ]
NOTIC: [8] Undefined index: 010_hd_wke /opt/lampp/htdocs/zhier/App/Home/Controller/IndexController.class.php 第 64 行.
SQL: SELECT * FROM `order_detail` WHERE ( `order_id`='12355' )  [ RunTime:0.0003s ]
NOTIC: [8] Undefined index: 010_hd_wke /opt/lampp/htdocs/zhier/App/Home/Controller/IndexController.class.php 第 64 行.
SQL: SELECT * FROM `order_detail` WHERE ( `order_id`='12354' )  [ RunTime:0.0003s ]
NOTIC: [8] Undefined index: 010_hd_wke /opt/lampp/htdocs/zhier/App/Home/Controller/IndexController.class.php 第 64 行.
SQL: SELECT * FROM `order_detail` WHERE ( `order_id`='12353' )  [ RunTime:0.0003s ]
NOTIC: [8] Undefined index: 010_hd_wke /opt/lampp/htdocs/zhier/App/Home/Controller/IndexController.class.php 第 64 行.
SQL: SELECT * FROM `order_detail` WHERE ( `order_id`='12352' )  [ RunTime:0.0003s ]
NOTIC: [8] Undefined index: 010_hd_wke /opt/lampp/htdocs/zhier/App/Home/Controller/IndexController.class.php 第 64 行.
SQL: SELECT * FROM `order_detail` WHERE ( `order_id`='12350' )  [ RunTime:0.0003s ]
NOTIC: [8] Undefined index: 010_hd_wke /opt/lampp/htdocs/zhier/App/Home/Controller/IndexController.class.php 第 64 行.
SQL: SELECT * FROM `order_detail` WHERE ( `order_id`='12349' )  [ RunTime:0.0003s ]
NOTIC: [8] Undefined index: 010_hd_wke /opt/lampp/htdocs/zhier/App/Home/Controller/IndexController.class.php 第 64 行.
SQL: SELECT * FROM `order_detail` WHERE ( `order_id`='12348' )  [ RunTime:0.0003s ]
NOTIC: [8] Undefined index: 010_hd_wke /opt/lampp/htdocs/zhier/App/Home/Controller/IndexController.class.php 第 64 行.
SQL: SELECT * FROM `order_detail` WHERE ( `order_id`='12347' )  [ RunTime:0.0003s ]
INFO: [ view_parse ] --START--
INFO: [ template_filter ] --START--
INFO: Run Behavior\ContentReplaceBehavior [ RunTime:0.000036s ]
INFO: [ template_filter ] --END-- [ RunTime:0.000075s ]
INFO: Run Behavior\ParseTemplateBehavior [ RunTime:0.005922s ]
INFO: [ view_parse ] --END-- [ RunTime:0.005966s ]
INFO: [ view_filter ] --START--
INFO: Run Behavior\WriteHtmlCacheBehavior [ RunTime:0.000111s ]
INFO: [ view_filter ] --END-- [ RunTime:0.000147s ]
INFO: [ app_end ] --START--
INFO: Run Behavior\ShowPageTraceBehavior [ RunTime:0.000364s ]
INFO: [ app_end ] --END-- [ RunTime:0.000411s ]

[ 2015-06-13T22:50:14+08:00 ] 223.104.3.158 /zhier/index.php/Home/Index/orders
INFO: [ app_init ] --START--
INFO: Run Behavior\BuildLiteBehavior [ RunTime:0.000013s ]
INFO: [ app_init ] --END-- [ RunTime:0.000324s ]
INFO: [ app_begin ] --START--
INFO: Run Behavior\ReadHtmlCacheBehavior [ RunTime:0.000329s ]
INFO: [ app_begin ] --END-- [ RunTime:0.000371s ]
SQL: SHOW COLUMNS FROM `user` [ RunTime:0.0007s ]
SQL: SELECT * FROM `user` WHERE ( `wei_id`='oKaufuIIhRuypTR8L80JZrEivgvg' )  [ RunTime:0.0003s ]
NOTIC: [8] Undefined index: car /opt/lampp/htdocs/zhier/App/Home/Controller/IndexController.class.php 第 29 行.
SQL: SHOW COLUMNS FROM `order` [ RunTime:0.0006s ]
SQL: SELECT * FROM `order` WHERE ( `user_id`='85' ) ORDER BY order_id DESC LIMIT 10   [ RunTime:0.0004s ]
SQL: SHOW COLUMNS FROM `order_detail` [ RunTime:0.0005s ]
NOTIC: [8] Undefined index: 010_hd_wke /opt/lampp/htdocs/zhier/App/Home/Controller/IndexController.class.php 第 64 行.
SQL: SELECT * FROM `order_detail` WHERE ( `order_id`='12360' )  [ RunTime:0.0003s ]
NOTIC: [8] Undefined index: 010_hd_wke /opt/lampp/htdocs/zhier/App/Home/Controller/IndexController.class.php 第 64 行.
SQL: SELECT * FROM `order_detail` WHERE ( `order_id`='12356' )  [ RunTime:0.0003s ]
NOTIC: [8] Undefined index: 010_hd_wke /opt/lampp/htdocs/zhier/App/Home/Controller/IndexController.class.php 第 64 行.
SQL: SELECT * FROM `order_detail` WHERE ( `order_id`='12355' )  [ RunTime:0.0003s ]
NOTIC: [8] Undefined index: 010_hd_wke /opt/lampp/htdocs/zhier/App/Home/Controller/IndexController.class.php 第 64 行.
SQL: SELECT * FROM `order_detail` WHERE ( `order_id`='12354' )  [ RunTime:0.0003s ]
NOTIC: [8] Undefined index: 010_hd_wke /opt/lampp/htdocs/zhier/App/Home/Controller/IndexController.class.php 第 64 行.
SQL: SELECT * FROM `order_detail` WHERE ( `order_id`='12353' )  [ RunTime:0.0003s ]
NOTIC: [8] Undefined index: 010_hd_wke /opt/lampp/htdocs/zhier/App/Home/Controller/IndexController.class.php 第 64 行.
SQL: SELECT * FROM `order_detail` WHERE ( `order_id`='12352' )  [ RunTime:0.0003s ]
NOTIC: [8] Undefined index: 010_hd_wke /opt/lampp/htdocs/zhier/App/Home/Controller/IndexController.class.php 第 64 行.
SQL: SELECT * FROM `order_detail` WHERE ( `order_id`='12350' )  [ RunTime:0.0003s ]
NOTIC: [8] Undefined index: 010_hd_wke /opt/lampp/htdocs/zhier/App/Home/Controller/IndexController.class.php 第 64 行.
SQL: SELECT * FROM `order_detail` WHERE ( `order_id`='12349' )  [ RunTime:0.0003s ]
NOTIC: [8] Undefined index: 010_hd_wke /opt/lampp/htdocs/zhier/App/Home/Controller/IndexController.class.php 第 64 行.
SQL: SELECT * FROM `order_detail` WHERE ( `order_id`='12348' )  [ RunTime:0.0003s ]
NOTIC: [8] Undefined index: 010_hd_wke /opt/lampp/htdocs/zhier/App/Home/Controller/IndexController.class.php 第 64 行.
SQL: SELECT * FROM `order_detail` WHERE ( `order_id`='12347' )  [ RunTime:0.0003s ]
INFO: [ view_parse ] --START--
INFO: [ template_filter ] --START--
INFO: Run Behavior\ContentReplaceBehavior [ RunTime:0.000038s ]
INFO: [ template_filter ] --END-- [ RunTime:0.000092s ]
INFO: Run Behavior\ParseTemplateBehavior [ RunTime:0.006338s ]
INFO: [ view_parse ] --END-- [ RunTime:0.006385s ]
INFO: [ view_filter ] --START--
INFO: Run Behavior\WriteHtmlCacheBehavior [ RunTime:0.000122s ]
INFO: [ view_filter ] --END-- [ RunTime:0.000159s ]
INFO: [ app_end ] --START--
INFO: Run Behavior\ShowPageTraceBehavior [ RunTime:0.000363s ]
INFO: [ app_end ] --END-- [ RunTime:0.000410s ]

