[ 2015-07-08T10:51:36+08:00 ] 180.76.15.142 /zhier/
INFO: [ app_init ] --START--
INFO: Run Behavior\BuildLiteBehavior [ RunTime:0.000025s ]
INFO: [ app_init ] --END-- [ RunTime:0.000172s ]
INFO: [ app_begin ] --START--
INFO: Run Behavior\ReadHtmlCacheBehavior [ RunTime:0.000069s ]
INFO: [ app_begin ] --END-- [ RunTime:0.000164s ]
NOTIC: [8] Undefined index: user /var/www/zhier/App/Home/Controller/IndexController.class.php 第 44 行.
NOTIC: [8] Undefined index: hasJumped /var/www/zhier/App/Home/Controller/IndexController.class.php 第 44 行.

[ 2015-07-08T11:06:58+08:00 ] 180.76.15.142 /zhier/
INFO: [ app_init ] --START--
INFO: Run Behavior\BuildLiteBehavior [ RunTime:0.000026s ]
INFO: [ app_init ] --END-- [ RunTime:0.000173s ]
INFO: [ app_begin ] --START--
INFO: Run Behavior\ReadHtmlCacheBehavior [ RunTime:0.000067s ]
INFO: [ app_begin ] --END-- [ RunTime:0.000163s ]
NOTIC: [8] Undefined index: user /var/www/zhier/App/Home/Controller/IndexController.class.php 第 44 行.
NOTIC: [8] Undefined index: hasJumped /var/www/zhier/App/Home/Controller/IndexController.class.php 第 44 行.

[ 2015-07-08T14:28:10+08:00 ] 203.208.60.234 /zhier/
INFO: [ app_init ] --START--
INFO: Run Behavior\BuildLiteBehavior [ RunTime:0.000025s ]
INFO: [ app_init ] --END-- [ RunTime:0.000173s ]
INFO: [ app_begin ] --START--
INFO: Run Behavior\ReadHtmlCacheBehavior [ RunTime:0.000067s ]
INFO: [ app_begin ] --END-- [ RunTime:0.000165s ]
NOTIC: [8] Undefined index: user /var/www/zhier/App/Home/Controller/IndexController.class.php 第 44 行.
NOTIC: [8] Undefined index: hasJumped /var/www/zhier/App/Home/Controller/IndexController.class.php 第 44 行.

[ 2015-07-08T21:39:33+08:00 ] 114.242.249.10 /zhier/index.php/home
INFO: [ app_init ] --START--
INFO: Run Behavior\BuildLiteBehavior [ RunTime:0.000036s ]
INFO: [ app_init ] --END-- [ RunTime:0.000195s ]
INFO: [ app_begin ] --START--
INFO: Run Behavior\ReadHtmlCacheBehavior [ RunTime:0.000079s ]
INFO: [ app_begin ] --END-- [ RunTime:0.000172s ]
NOTIC: [8] Undefined index: car /var/www/zhier/App/Home/Controller/IndexController.class.php 第 53 行.
SQL: SHOW COLUMNS FROM `order` [ RunTime:0.0008s ]
SQL: SELECT count(1) order_num FROM `order` WHERE ( `user_id`='115' )  [ RunTime:0.0003s ]
SQL: SHOW COLUMNS FROM `opinion` [ RunTime:0.0005s ]
SQL: SELECT count(1) opinion_num FROM `opinion` WHERE ( `user_id`='115' )  [ RunTime:0.0001s ]
NOTIC: [8] Undefined index: car /var/www/zhier/App/Home/Controller/IndexController.class.php 第 69 行.
INFO: [ view_parse ] --START--
INFO: [ template_filter ] --START--
INFO: Run Behavior\ContentReplaceBehavior [ RunTime:0.000062s ]
INFO: [ template_filter ] --END-- [ RunTime:0.000143s ]
INFO: Run Behavior\ParseTemplateBehavior [ RunTime:0.003385s ]
INFO: [ view_parse ] --END-- [ RunTime:0.003467s ]
INFO: [ view_filter ] --START--
INFO: Run Behavior\WriteHtmlCacheBehavior [ RunTime:0.000082s ]
INFO: [ view_filter ] --END-- [ RunTime:0.000165s ]
INFO: [ app_end ] --START--
INFO: Run Behavior\ShowPageTraceBehavior [ RunTime:0.000067s ]
INFO: [ app_end ] --END-- [ RunTime:0.000153s ]

[ 2015-07-08T21:40:06+08:00 ] 114.242.249.10 /zhier/index.php/Home/Index/orders
INFO: [ app_init ] --START--
INFO: Run Behavior\BuildLiteBehavior [ RunTime:0.000025s ]
INFO: [ app_init ] --END-- [ RunTime:0.000174s ]
INFO: [ app_begin ] --START--
INFO: Run Behavior\ReadHtmlCacheBehavior [ RunTime:0.000067s ]
INFO: [ app_begin ] --END-- [ RunTime:0.000168s ]
NOTIC: [8] Undefined index: car /var/www/zhier/App/Home/Controller/IndexController.class.php 第 53 行.
SQL: SHOW COLUMNS FROM `order` [ RunTime:0.0008s ]
SQL: SELECT * FROM `order` WHERE ( `user_id`='115' ) ORDER BY order_id DESC LIMIT 10   [ RunTime:0.0004s ]
SQL: SHOW COLUMNS FROM `order_detail` [ RunTime:0.0006s ]
SQL: SHOW COLUMNS FROM `user_coupon` [ RunTime:0.0004s ]
SQL: SHOW COLUMNS FROM `fruit_type` [ RunTime:0.0004s ]
SQL: SELECT * FROM `fruit_type`  [ RunTime:0.0001s ]
NOTIC: [8] Undefined offset: 2 /var/www/zhier/App/Home/Controller/IndexController.class.php 第 94 行.
SQL: SELECT * FROM `order_detail` WHERE ( `order_id`='12400' )  [ RunTime:0.0002s ]
SQL: 
SELECT c.coupon_id,t.type_id,t.coupon_name, count( c.coupon_id ) coupon_count
FROM `user_coupon` c
LEFT JOIN fruit_type t ON c.type_id = t.type_id
WHERE `order_id` ='12400'
GROUP BY c.type_id
			 [ RunTime:0.0003s ]
INFO: [ view_parse ] --START--
INFO: [ template_filter ] --START--
INFO: Run Behavior\ContentReplaceBehavior [ RunTime:0.000063s ]
INFO: [ template_filter ] --END-- [ RunTime:0.000169s ]
INFO: Run Behavior\ParseTemplateBehavior [ RunTime:0.006875s ]
INFO: [ view_parse ] --END-- [ RunTime:0.006975s ]
INFO: [ view_filter ] --START--
INFO: Run Behavior\WriteHtmlCacheBehavior [ RunTime:0.000074s ]
INFO: [ view_filter ] --END-- [ RunTime:0.000161s ]
INFO: [ app_end ] --START--
INFO: Run Behavior\ShowPageTraceBehavior [ RunTime:0.000077s ]
INFO: [ app_end ] --END-- [ RunTime:0.000167s ]

[ 2015-07-08T21:40:16+08:00 ] 114.242.249.10 /zhier/index.php/Home/Index/wallet
INFO: [ app_init ] --START--
INFO: Run Behavior\BuildLiteBehavior [ RunTime:0.000027s ]
INFO: [ app_init ] --END-- [ RunTime:0.000177s ]
INFO: [ app_begin ] --START--
INFO: Run Behavior\ReadHtmlCacheBehavior [ RunTime:0.000068s ]
INFO: [ app_begin ] --END-- [ RunTime:0.000150s ]
NOTIC: [8] Undefined index: car /var/www/zhier/App/Home/Controller/IndexController.class.php 第 53 行.
SQL: SHOW COLUMNS FROM `fruit_type` [ RunTime:0.0006s ]
SQL: SELECT * FROM `fruit_type`  [ RunTime:0.0001s ]
SQL: SHOW COLUMNS FROM `user_coupon` [ RunTime:0.0005s ]
SQL: 
			SELECT t.type_id, t.coupon_name, COUNT( c.coupon_id ) type_count
			FROM `fruit_type` t
			LEFT JOIN `user_coupon` c ON c.type_id = t.type_id
			AND c.user_id ='115'
			AND c.is_used !=1
			WHERE 1
			GROUP BY t.type_id
			ORDER BY `order` DESC
			LIMIT 0 , 10
		 [ RunTime:0.0005s ]
INFO: [ view_parse ] --START--
INFO: [ template_filter ] --START--
INFO: Run Behavior\ContentReplaceBehavior [ RunTime:0.000059s ]
INFO: [ template_filter ] --END-- [ RunTime:0.000191s ]
INFO: Run Behavior\ParseTemplateBehavior [ RunTime:0.004455s ]
INFO: [ view_parse ] --END-- [ RunTime:0.004545s ]
INFO: [ view_filter ] --START--
INFO: Run Behavior\WriteHtmlCacheBehavior [ RunTime:0.000068s ]
INFO: [ view_filter ] --END-- [ RunTime:0.000142s ]
INFO: [ app_end ] --START--
INFO: Run Behavior\ShowPageTraceBehavior [ RunTime:0.000056s ]
INFO: [ app_end ] --END-- [ RunTime:0.000131s ]

[ 2015-07-08T21:40:19+08:00 ] 114.242.249.10 /zhier/index.php/Home/Index/walletGetmore/typeid/2
INFO: [ app_init ] --START--
INFO: Run Behavior\BuildLiteBehavior [ RunTime:0.000026s ]
INFO: [ app_init ] --END-- [ RunTime:0.000178s ]
INFO: [ app_begin ] --START--
INFO: Run Behavior\ReadHtmlCacheBehavior [ RunTime:0.000065s ]
INFO: [ app_begin ] --END-- [ RunTime:0.000148s ]
NOTIC: [8] Undefined index: car /var/www/zhier/App/Home/Controller/IndexController.class.php 第 53 行.
SQL: SHOW COLUMNS FROM `fruit_type` [ RunTime:0.0006s ]
SQL: SELECT * FROM `fruit_type` WHERE ( `type_id`=2 )  [ RunTime:0.0001s ]
INFO: [ view_parse ] --START--
INFO: [ template_filter ] --START--
INFO: Run Behavior\ContentReplaceBehavior [ RunTime:0.000053s ]
INFO: [ template_filter ] --END-- [ RunTime:0.000133s ]
INFO: Run Behavior\ParseTemplateBehavior [ RunTime:0.002523s ]
INFO: [ view_parse ] --END-- [ RunTime:0.002607s ]
INFO: [ view_filter ] --START--
INFO: Run Behavior\WriteHtmlCacheBehavior [ RunTime:0.000064s ]
INFO: [ view_filter ] --END-- [ RunTime:0.000138s ]
INFO: [ app_end ] --START--
INFO: Run Behavior\ShowPageTraceBehavior [ RunTime:0.000054s ]
INFO: [ app_end ] --END-- [ RunTime:0.000146s ]

[ 2015-07-08T21:40:22+08:00 ] 114.242.249.10 /zhier/index.php/Home/Index/couponBuy/typeid/2
INFO: [ app_init ] --START--
INFO: Run Behavior\BuildLiteBehavior [ RunTime:0.000025s ]
INFO: [ app_init ] --END-- [ RunTime:0.000172s ]
INFO: [ app_begin ] --START--
INFO: Run Behavior\ReadHtmlCacheBehavior [ RunTime:0.000069s ]
INFO: [ app_begin ] --END-- [ RunTime:0.000166s ]
NOTIC: [8] Undefined index: car /var/www/zhier/App/Home/Controller/IndexController.class.php 第 53 行.
SQL: SHOW COLUMNS FROM `user_coupon` [ RunTime:0.0007s ]
SQL: INSERT INTO `user_coupon` (`user_id`,`type_id`,`having_time`,`pay_order`) VALUES ('115','2','1436362822','20150531'),('115','2','1436362822','20150531'),('115','2','1436362822','20150531'),('115','2','1436362822','20150531'),('115','2','1436362822','20150531') [ RunTime:0.0075s ]
INFO: [ view_parse ] --START--
INFO: [ template_filter ] --START--
INFO: Run Behavior\ContentReplaceBehavior [ RunTime:0.000048s ]
INFO: [ template_filter ] --END-- [ RunTime:0.000143s ]
INFO: Run Behavior\ParseTemplateBehavior [ RunTime:0.002295s ]
INFO: [ view_parse ] --END-- [ RunTime:0.002394s ]
INFO: [ view_filter ] --START--
INFO: Run Behavior\WriteHtmlCacheBehavior [ RunTime:0.000064s ]
INFO: [ view_filter ] --END-- [ RunTime:0.000151s ]
INFO: [ app_end ] --START--
INFO: Run Behavior\ShowPageTraceBehavior [ RunTime:0.000063s ]
INFO: [ app_end ] --END-- [ RunTime:0.000152s ]

[ 2015-07-08T21:40:23+08:00 ] 114.242.249.10 /zhier/index.php/Home/Index/wallet
INFO: [ app_init ] --START--
INFO: Run Behavior\BuildLiteBehavior [ RunTime:0.000024s ]
INFO: [ app_init ] --END-- [ RunTime:0.000161s ]
INFO: [ app_begin ] --START--
INFO: Run Behavior\ReadHtmlCacheBehavior [ RunTime:0.000062s ]
INFO: [ app_begin ] --END-- [ RunTime:0.000158s ]
NOTIC: [8] Undefined index: car /var/www/zhier/App/Home/Controller/IndexController.class.php 第 53 行.
SQL: SHOW COLUMNS FROM `fruit_type` [ RunTime:0.0007s ]
SQL: SELECT * FROM `fruit_type`  [ RunTime:0.0001s ]
SQL: SHOW COLUMNS FROM `user_coupon` [ RunTime:0.0005s ]
SQL: 
			SELECT t.type_id, t.coupon_name, COUNT( c.coupon_id ) type_count
			FROM `fruit_type` t
			LEFT JOIN `user_coupon` c ON c.type_id = t.type_id
			AND c.user_id ='115'
			AND c.is_used !=1
			WHERE 1
			GROUP BY t.type_id
			ORDER BY `order` DESC
			LIMIT 0 , 10
		 [ RunTime:0.0004s ]
INFO: [ view_parse ] --START--
INFO: [ template_filter ] --START--
INFO: Run Behavior\ContentReplaceBehavior [ RunTime:0.000058s ]
INFO: [ template_filter ] --END-- [ RunTime:0.000154s ]
INFO: Run Behavior\ParseTemplateBehavior [ RunTime:0.004577s ]
INFO: [ view_parse ] --END-- [ RunTime:0.004679s ]
INFO: [ view_filter ] --START--
INFO: Run Behavior\WriteHtmlCacheBehavior [ RunTime:0.000061s ]
INFO: [ view_filter ] --END-- [ RunTime:0.000150s ]
INFO: [ app_end ] --START--
INFO: Run Behavior\ShowPageTraceBehavior [ RunTime:0.000058s ]
INFO: [ app_end ] --END-- [ RunTime:0.000147s ]

[ 2015-07-08T21:40:27+08:00 ] 114.242.249.10 /zhier/index.php/Home/Index/walletCoupon/typeid/1
INFO: [ app_init ] --START--
INFO: Run Behavior\BuildLiteBehavior [ RunTime:0.000031s ]
INFO: [ app_init ] --END-- [ RunTime:0.000225s ]
INFO: [ app_begin ] --START--
INFO: Run Behavior\ReadHtmlCacheBehavior [ RunTime:0.000085s ]
INFO: [ app_begin ] --END-- [ RunTime:0.000177s ]
NOTIC: [8] Undefined index: car /var/www/zhier/App/Home/Controller/IndexController.class.php 第 53 行.
SQL: SHOW COLUMNS FROM `fruit_type` [ RunTime:0.0007s ]
SQL: SELECT * FROM `fruit_type` WHERE ( `type_id`=1 )  [ RunTime:0.0001s ]
SQL: SHOW COLUMNS FROM `user_coupon` [ RunTime:0.0005s ]
SQL: SELECT * FROM `user_coupon` WHERE ( `type_id`=1 ) ORDER BY `is_used` ASC, `valid_time` DESC LIMIT 40   [ RunTime:0.0003s ]
INFO: [ view_parse ] --START--
INFO: [ template_filter ] --START--
INFO: Run Behavior\ContentReplaceBehavior [ RunTime:0.000059s ]
INFO: [ template_filter ] --END-- [ RunTime:0.000150s ]
INFO: Run Behavior\ParseTemplateBehavior [ RunTime:0.005104s ]
INFO: [ view_parse ] --END-- [ RunTime:0.005193s ]
INFO: [ view_filter ] --START--
INFO: Run Behavior\WriteHtmlCacheBehavior [ RunTime:0.000073s ]
INFO: [ view_filter ] --END-- [ RunTime:0.000150s ]
INFO: [ app_end ] --START--
INFO: Run Behavior\ShowPageTraceBehavior [ RunTime:0.000069s ]
INFO: [ app_end ] --END-- [ RunTime:0.000145s ]

[ 2015-07-08T21:40:34+08:00 ] 114.242.249.10 /zhier/index.php/Home/Index/walletCoupon/typeid/1
INFO: [ app_init ] --START--
INFO: Run Behavior\BuildLiteBehavior [ RunTime:0.000026s ]
INFO: [ app_init ] --END-- [ RunTime:0.000173s ]
INFO: [ app_begin ] --START--
INFO: Run Behavior\ReadHtmlCacheBehavior [ RunTime:0.000070s ]
INFO: [ app_begin ] --END-- [ RunTime:0.000153s ]
NOTIC: [8] Undefined index: car /var/www/zhier/App/Home/Controller/IndexController.class.php 第 53 行.
SQL: SHOW COLUMNS FROM `fruit_type` [ RunTime:0.0007s ]
SQL: SELECT * FROM `fruit_type` WHERE ( `type_id`=1 )  [ RunTime:0.0001s ]
SQL: SHOW COLUMNS FROM `user_coupon` [ RunTime:0.0005s ]
SQL: SELECT * FROM `user_coupon` WHERE ( `type_id`=1 ) ORDER BY `is_used` ASC, `valid_time` DESC LIMIT 40   [ RunTime:0.0001s ]
INFO: [ view_parse ] --START--
INFO: [ template_filter ] --START--
INFO: Run Behavior\ContentReplaceBehavior [ RunTime:0.000055s ]
INFO: [ template_filter ] --END-- [ RunTime:0.000151s ]
INFO: Run Behavior\ParseTemplateBehavior [ RunTime:0.004363s ]
INFO: [ view_parse ] --END-- [ RunTime:0.004447s ]
INFO: [ view_filter ] --START--
INFO: Run Behavior\WriteHtmlCacheBehavior [ RunTime:0.000067s ]
INFO: [ view_filter ] --END-- [ RunTime:0.000140s ]
INFO: [ app_end ] --START--
INFO: Run Behavior\ShowPageTraceBehavior [ RunTime:0.000071s ]
INFO: [ app_end ] --END-- [ RunTime:0.000167s ]

[ 2015-07-08T21:40:39+08:00 ] 114.242.249.10 /zhier/index.php/Home/Index/walletCoupon/typeid/2
INFO: [ app_init ] --START--
INFO: Run Behavior\BuildLiteBehavior [ RunTime:0.000026s ]
INFO: [ app_init ] --END-- [ RunTime:0.000171s ]
INFO: [ app_begin ] --START--
INFO: Run Behavior\ReadHtmlCacheBehavior [ RunTime:0.000067s ]
INFO: [ app_begin ] --END-- [ RunTime:0.000148s ]
NOTIC: [8] Undefined index: car /var/www/zhier/App/Home/Controller/IndexController.class.php 第 53 行.
SQL: SHOW COLUMNS FROM `fruit_type` [ RunTime:0.0006s ]
SQL: SELECT * FROM `fruit_type` WHERE ( `type_id`=2 )  [ RunTime:0.0001s ]
SQL: SHOW COLUMNS FROM `user_coupon` [ RunTime:0.0005s ]
SQL: SELECT * FROM `user_coupon` WHERE ( `type_id`=2 ) ORDER BY `is_used` ASC, `valid_time` DESC LIMIT 40   [ RunTime:0.0004s ]
INFO: [ view_parse ] --START--
INFO: [ template_filter ] --START--
INFO: Run Behavior\ContentReplaceBehavior [ RunTime:0.000055s ]
INFO: [ template_filter ] --END-- [ RunTime:0.000136s ]
INFO: Run Behavior\ParseTemplateBehavior [ RunTime:0.004243s ]
INFO: [ view_parse ] --END-- [ RunTime:0.004330s ]
INFO: [ view_filter ] --START--
INFO: Run Behavior\WriteHtmlCacheBehavior [ RunTime:0.000064s ]
INFO: [ view_filter ] --END-- [ RunTime:0.000138s ]
INFO: [ app_end ] --START--
INFO: Run Behavior\ShowPageTraceBehavior [ RunTime:0.000054s ]
INFO: [ app_end ] --END-- [ RunTime:0.000128s ]

[ 2015-07-08T21:40:53+08:00 ] 114.242.249.10 /zhier/index.php/Home/Index/walletCoupon/typeid/4
INFO: [ app_init ] --START--
INFO: Run Behavior\BuildLiteBehavior [ RunTime:0.000038s ]
INFO: [ app_init ] --END-- [ RunTime:0.000187s ]
INFO: [ app_begin ] --START--
INFO: Run Behavior\ReadHtmlCacheBehavior [ RunTime:0.000067s ]
INFO: [ app_begin ] --END-- [ RunTime:0.000148s ]
NOTIC: [8] Undefined index: car /var/www/zhier/App/Home/Controller/IndexController.class.php 第 53 行.
SQL: SHOW COLUMNS FROM `fruit_type` [ RunTime:0.0007s ]
SQL: SELECT * FROM `fruit_type` WHERE ( `type_id`=4 )  [ RunTime:0.0001s ]
SQL: SHOW COLUMNS FROM `user_coupon` [ RunTime:0.0005s ]
SQL: SELECT * FROM `user_coupon` WHERE ( `type_id`=4 ) ORDER BY `is_used` ASC, `valid_time` DESC LIMIT 40   [ RunTime:0.0003s ]
INFO: [ view_parse ] --START--
INFO: [ template_filter ] --START--
INFO: Run Behavior\ContentReplaceBehavior [ RunTime:0.000056s ]
INFO: [ template_filter ] --END-- [ RunTime:0.000136s ]
INFO: Run Behavior\ParseTemplateBehavior [ RunTime:0.004197s ]
INFO: [ view_parse ] --END-- [ RunTime:0.004281s ]
INFO: [ view_filter ] --START--
INFO: Run Behavior\WriteHtmlCacheBehavior [ RunTime:0.000066s ]
INFO: [ view_filter ] --END-- [ RunTime:0.000140s ]
INFO: [ app_end ] --START--
INFO: Run Behavior\ShowPageTraceBehavior [ RunTime:0.000055s ]
INFO: [ app_end ] --END-- [ RunTime:0.000131s ]

[ 2015-07-08T21:41:05+08:00 ] 114.242.249.10 /zhier/index.php/home
INFO: [ app_init ] --START--
INFO: Run Behavior\BuildLiteBehavior [ RunTime:0.000025s ]
INFO: [ app_init ] --END-- [ RunTime:0.000172s ]
INFO: [ app_begin ] --START--
INFO: Run Behavior\ReadHtmlCacheBehavior [ RunTime:0.000066s ]
INFO: [ app_begin ] --END-- [ RunTime:0.000148s ]
NOTIC: [8] Undefined index: car /var/www/zhier/App/Home/Controller/IndexController.class.php 第 53 行.
SQL: SHOW COLUMNS FROM `order` [ RunTime:0.0020s ]
SQL: SELECT count(1) order_num FROM `order` WHERE ( `user_id`='115' )  [ RunTime:0.0001s ]
SQL: SHOW COLUMNS FROM `opinion` [ RunTime:0.0005s ]
SQL: SELECT count(1) opinion_num FROM `opinion` WHERE ( `user_id`='115' )  [ RunTime:0.0001s ]
NOTIC: [8] Undefined index: car /var/www/zhier/App/Home/Controller/IndexController.class.php 第 69 行.
INFO: [ view_parse ] --START--
INFO: [ template_filter ] --START--
INFO: Run Behavior\ContentReplaceBehavior [ RunTime:0.000060s ]
INFO: [ template_filter ] --END-- [ RunTime:0.000141s ]
INFO: Run Behavior\ParseTemplateBehavior [ RunTime:0.003496s ]
INFO: [ view_parse ] --END-- [ RunTime:0.003578s ]
INFO: [ view_filter ] --START--
INFO: Run Behavior\WriteHtmlCacheBehavior [ RunTime:0.000064s ]
INFO: [ view_filter ] --END-- [ RunTime:0.000136s ]
INFO: [ app_end ] --START--
INFO: Run Behavior\ShowPageTraceBehavior [ RunTime:0.000053s ]
INFO: [ app_end ] --END-- [ RunTime:0.000128s ]

[ 2015-07-08T21:41:09+08:00 ] 114.242.249.10 /zhier/index.php/Home/Index/myinfo
INFO: [ app_init ] --START--
INFO: Run Behavior\BuildLiteBehavior [ RunTime:0.000025s ]
INFO: [ app_init ] --END-- [ RunTime:0.000172s ]
INFO: [ app_begin ] --START--
INFO: Run Behavior\ReadHtmlCacheBehavior [ RunTime:0.000068s ]
INFO: [ app_begin ] --END-- [ RunTime:0.000149s ]
NOTIC: [8] Undefined index: car /var/www/zhier/App/Home/Controller/IndexController.class.php 第 53 行.
SQL: SHOW COLUMNS FROM `user_address` [ RunTime:0.0007s ]
SQL: SELECT * FROM `user_address` WHERE ( `user_id`='115' )  [ RunTime:0.0003s ]
SQL: SHOW COLUMNS FROM `location_office` [ RunTime:0.0004s ]
SQL: SELECT * FROM `location_office`  [ RunTime:0.0001s ]
INFO: [ view_parse ] --START--
INFO: [ template_filter ] --START--
INFO: Run Behavior\ContentReplaceBehavior [ RunTime:0.000060s ]
INFO: [ template_filter ] --END-- [ RunTime:0.000141s ]
INFO: Run Behavior\ParseTemplateBehavior [ RunTime:0.004646s ]
INFO: [ view_parse ] --END-- [ RunTime:0.004731s ]
INFO: [ view_filter ] --START--
INFO: Run Behavior\WriteHtmlCacheBehavior [ RunTime:0.000067s ]
INFO: [ view_filter ] --END-- [ RunTime:0.000140s ]
INFO: [ app_end ] --START--
INFO: Run Behavior\ShowPageTraceBehavior [ RunTime:0.000056s ]
INFO: [ app_end ] --END-- [ RunTime:0.000132s ]

[ 2015-07-08T21:41:18+08:00 ] 114.242.249.10 /zhier/index.php/Home/Index/myinfo
INFO: [ app_init ] --START--
INFO: Run Behavior\BuildLiteBehavior [ RunTime:0.000020s ]
INFO: [ app_init ] --END-- [ RunTime:0.000138s ]
INFO: [ app_begin ] --START--
INFO: Run Behavior\ReadHtmlCacheBehavior [ RunTime:0.000050s ]
INFO: [ app_begin ] --END-- [ RunTime:0.000145s ]
NOTIC: [8] Undefined index: car /var/www/zhier/App/Home/Controller/IndexController.class.php 第 53 行.
SQL: SHOW COLUMNS FROM `user_address` [ RunTime:0.0005s ]
SQL: UPDATE `user_address` SET `user_id`='115',`name`='MLi',`mobile`='18612170205',`location`='2',`location_detail`='5楼厕所' WHERE `add_id` = 82 [ RunTime:0.0059s ]
SQL: SHOW COLUMNS FROM `location_office` [ RunTime:0.0004s ]
SQL: SELECT * FROM `location_office`  [ RunTime:0.0001s ]
INFO: [ view_parse ] --START--
INFO: [ template_filter ] --START--
INFO: Run Behavior\ContentReplaceBehavior [ RunTime:0.000059s ]
INFO: [ template_filter ] --END-- [ RunTime:0.000153s ]
INFO: Run Behavior\ParseTemplateBehavior [ RunTime:0.004455s ]
INFO: [ view_parse ] --END-- [ RunTime:0.004570s ]
INFO: [ view_filter ] --START--
INFO: Run Behavior\WriteHtmlCacheBehavior [ RunTime:0.000065s ]
INFO: [ view_filter ] --END-- [ RunTime:0.000155s ]
INFO: [ app_end ] --START--
INFO: Run Behavior\ShowPageTraceBehavior [ RunTime:0.000065s ]
INFO: [ app_end ] --END-- [ RunTime:0.000153s ]

[ 2015-07-08T21:41:22+08:00 ] 114.242.249.10 /zhier/index.php/home
INFO: [ app_init ] --START--
INFO: Run Behavior\BuildLiteBehavior [ RunTime:0.000024s ]
INFO: [ app_init ] --END-- [ RunTime:0.000163s ]
INFO: [ app_begin ] --START--
INFO: Run Behavior\ReadHtmlCacheBehavior [ RunTime:0.000075s ]
INFO: [ app_begin ] --END-- [ RunTime:0.000181s ]
NOTIC: [8] Undefined index: car /var/www/zhier/App/Home/Controller/IndexController.class.php 第 53 行.
SQL: SHOW COLUMNS FROM `order` [ RunTime:0.0007s ]
SQL: SELECT count(1) order_num FROM `order` WHERE ( `user_id`='115' )  [ RunTime:0.0001s ]
SQL: SHOW COLUMNS FROM `opinion` [ RunTime:0.0004s ]
SQL: SELECT count(1) opinion_num FROM `opinion` WHERE ( `user_id`='115' )  [ RunTime:0.0001s ]
NOTIC: [8] Undefined index: car /var/www/zhier/App/Home/Controller/IndexController.class.php 第 69 行.
INFO: [ view_parse ] --START--
INFO: [ template_filter ] --START--
INFO: Run Behavior\ContentReplaceBehavior [ RunTime:0.000060s ]
INFO: [ template_filter ] --END-- [ RunTime:0.000141s ]
INFO: Run Behavior\ParseTemplateBehavior [ RunTime:0.003293s ]
INFO: [ view_parse ] --END-- [ RunTime:0.003381s ]
INFO: [ view_filter ] --START--
INFO: Run Behavior\WriteHtmlCacheBehavior [ RunTime:0.000064s ]
INFO: [ view_filter ] --END-- [ RunTime:0.000136s ]
INFO: [ app_end ] --START--
INFO: Run Behavior\ShowPageTraceBehavior [ RunTime:0.000058s ]
INFO: [ app_end ] --END-- [ RunTime:0.000134s ]

[ 2015-07-08T21:41:24+08:00 ] 114.242.249.10 /zhier/index.php/Home/Index/opinion
INFO: [ app_init ] --START--
INFO: Run Behavior\BuildLiteBehavior [ RunTime:0.000020s ]
INFO: [ app_init ] --END-- [ RunTime:0.000140s ]
INFO: [ app_begin ] --START--
INFO: Run Behavior\ReadHtmlCacheBehavior [ RunTime:0.000060s ]
INFO: [ app_begin ] --END-- [ RunTime:0.000141s ]
NOTIC: [8] Undefined index: car /var/www/zhier/App/Home/Controller/IndexController.class.php 第 53 行.
SQL: SHOW COLUMNS FROM `opinion` [ RunTime:0.0005s ]
SQL: SELECT * FROM `opinion` WHERE ( `user_id`='115' ) ORDER BY opinion_id DESC LIMIT 5   [ RunTime:0.0003s ]
INFO: [ view_parse ] --START--
INFO: [ template_filter ] --START--
INFO: Run Behavior\ContentReplaceBehavior [ RunTime:0.000056s ]
INFO: [ template_filter ] --END-- [ RunTime:0.000137s ]
INFO: Run Behavior\ParseTemplateBehavior [ RunTime:0.004001s ]
INFO: [ view_parse ] --END-- [ RunTime:0.004086s ]
INFO: [ view_filter ] --START--
INFO: Run Behavior\WriteHtmlCacheBehavior [ RunTime:0.000067s ]
INFO: [ view_filter ] --END-- [ RunTime:0.000188s ]
INFO: [ app_end ] --START--
INFO: Run Behavior\ShowPageTraceBehavior [ RunTime:0.000055s ]
INFO: [ app_end ] --END-- [ RunTime:0.000129s ]

[ 2015-07-08T21:41:35+08:00 ] 114.242.249.10 /zhier/index.php/Home/Index/addopinion
INFO: [ app_init ] --START--
INFO: Run Behavior\BuildLiteBehavior [ RunTime:0.000025s ]
INFO: [ app_init ] --END-- [ RunTime:0.000187s ]
INFO: [ app_begin ] --START--
INFO: Run Behavior\ReadHtmlCacheBehavior [ RunTime:0.000080s ]
INFO: [ app_begin ] --END-- [ RunTime:0.000220s ]
NOTIC: [8] Undefined index: car /var/www/zhier/App/Home/Controller/IndexController.class.php 第 53 行.
SQL: SHOW COLUMNS FROM `opinion` [ RunTime:0.0011s ]
SQL: INSERT INTO `opinion` (`question`,`user_id`,`qtime`) VALUES ('我号
','115','1436362895') [ RunTime:0.0068s ]
SQL: SELECT * FROM `opinion` WHERE ( `user_id`='115' ) ORDER BY opinion_id DESC LIMIT 5   [ RunTime:0.0003s ]
INFO: [ view_parse ] --START--
INFO: [ template_filter ] --START--
INFO: Run Behavior\ContentReplaceBehavior [ RunTime:0.000056s ]
INFO: [ template_filter ] --END-- [ RunTime:0.000151s ]
NOTIC: [2] date() expects parameter 2 to be long, string given /var/www/zhier/App/Runtime/Cache/Home/3b34dde2236f229f0a8c3848b6417fef.php 第 24 行.
INFO: Run Behavior\ParseTemplateBehavior [ RunTime:0.004221s ]
INFO: [ view_parse ] --END-- [ RunTime:0.004317s ]
INFO: [ view_filter ] --START--
INFO: Run Behavior\WriteHtmlCacheBehavior [ RunTime:0.000065s ]
INFO: [ view_filter ] --END-- [ RunTime:0.000152s ]
INFO: [ app_end ] --START--
INFO: Run Behavior\ShowPageTraceBehavior [ RunTime:0.000063s ]
INFO: [ app_end ] --END-- [ RunTime:0.000153s ]

[ 2015-07-08T21:41:40+08:00 ] 114.242.249.10 /zhier/index.php/home
INFO: [ app_init ] --START--
INFO: Run Behavior\BuildLiteBehavior [ RunTime:0.000025s ]
INFO: [ app_init ] --END-- [ RunTime:0.000171s ]
INFO: [ app_begin ] --START--
INFO: Run Behavior\ReadHtmlCacheBehavior [ RunTime:0.000065s ]
INFO: [ app_begin ] --END-- [ RunTime:0.000146s ]
NOTIC: [8] Undefined index: car /var/www/zhier/App/Home/Controller/IndexController.class.php 第 53 行.
SQL: SHOW COLUMNS FROM `order` [ RunTime:0.0008s ]
SQL: SELECT count(1) order_num FROM `order` WHERE ( `user_id`='115' )  [ RunTime:0.0001s ]
SQL: SHOW COLUMNS FROM `opinion` [ RunTime:0.0004s ]
SQL: SELECT count(1) opinion_num FROM `opinion` WHERE ( `user_id`='115' )  [ RunTime:0.0002s ]
NOTIC: [8] Undefined index: car /var/www/zhier/App/Home/Controller/IndexController.class.php 第 69 行.
INFO: [ view_parse ] --START--
INFO: [ template_filter ] --START--
INFO: Run Behavior\ContentReplaceBehavior [ RunTime:0.000061s ]
INFO: [ template_filter ] --END-- [ RunTime:0.000143s ]
INFO: Run Behavior\ParseTemplateBehavior [ RunTime:0.003347s ]
INFO: [ view_parse ] --END-- [ RunTime:0.003434s ]
INFO: [ view_filter ] --START--
INFO: Run Behavior\WriteHtmlCacheBehavior [ RunTime:0.000067s ]
INFO: [ view_filter ] --END-- [ RunTime:0.000139s ]
INFO: [ app_end ] --START--
INFO: Run Behavior\ShowPageTraceBehavior [ RunTime:0.000056s ]
INFO: [ app_end ] --END-- [ RunTime:0.000130s ]

[ 2015-07-08T21:41:48+08:00 ] 114.242.249.10 /zhier/index.php/Home/Index/addopinion
INFO: [ app_init ] --START--
INFO: Run Behavior\BuildLiteBehavior [ RunTime:0.000026s ]
INFO: [ app_init ] --END-- [ RunTime:0.000190s ]
INFO: [ app_begin ] --START--
INFO: Run Behavior\ReadHtmlCacheBehavior [ RunTime:0.000099s ]
INFO: [ app_begin ] --END-- [ RunTime:0.000244s ]
NOTIC: [8] Undefined index: car /var/www/zhier/App/Home/Controller/IndexController.class.php 第 53 行.
SQL: SHOW COLUMNS FROM `opinion` [ RunTime:0.0007s ]
SQL: INSERT INTO `opinion` (`question`,`user_id`,`qtime`) VALUES ('我号
睡觉','115','1436362908') [ RunTime:0.0060s ]
SQL: SELECT * FROM `opinion` WHERE ( `user_id`='115' ) ORDER BY opinion_id DESC LIMIT 5   [ RunTime:0.0003s ]
INFO: [ view_parse ] --START--
INFO: [ template_filter ] --START--
INFO: Run Behavior\ContentReplaceBehavior [ RunTime:0.000056s ]
INFO: [ template_filter ] --END-- [ RunTime:0.000151s ]
NOTIC: [2] date() expects parameter 2 to be long, string given /var/www/zhier/App/Runtime/Cache/Home/3b34dde2236f229f0a8c3848b6417fef.php 第 24 行.
NOTIC: [2] date() expects parameter 2 to be long, string given /var/www/zhier/App/Runtime/Cache/Home/3b34dde2236f229f0a8c3848b6417fef.php 第 24 行.
INFO: Run Behavior\ParseTemplateBehavior [ RunTime:0.004176s ]
INFO: [ view_parse ] --END-- [ RunTime:0.004270s ]
INFO: [ view_filter ] --START--
INFO: Run Behavior\WriteHtmlCacheBehavior [ RunTime:0.000065s ]
INFO: [ view_filter ] --END-- [ RunTime:0.000152s ]
INFO: [ app_end ] --START--
INFO: Run Behavior\ShowPageTraceBehavior [ RunTime:0.000067s ]
INFO: [ app_end ] --END-- [ RunTime:0.000158s ]

[ 2015-07-08T21:42:01+08:00 ] 114.242.249.10 /zhier/index.php/Home/Index/addopinion
INFO: [ app_init ] --START--
INFO: Run Behavior\BuildLiteBehavior [ RunTime:0.000026s ]
INFO: [ app_init ] --END-- [ RunTime:0.000172s ]
INFO: [ app_begin ] --START--
INFO: Run Behavior\ReadHtmlCacheBehavior [ RunTime:0.000056s ]
INFO: [ app_begin ] --END-- [ RunTime:0.000152s ]
NOTIC: [8] Undefined index: car /var/www/zhier/App/Home/Controller/IndexController.class.php 第 53 行.
SQL: SHOW COLUMNS FROM `opinion` [ RunTime:0.0007s ]
SQL: INSERT INTO `opinion` (`question`,`user_id`,`qtime`) VALUES ('我号
睡觉
胡','115','1436362921') [ RunTime:0.0043s ]
SQL: SELECT * FROM `opinion` WHERE ( `user_id`='115' ) ORDER BY opinion_id DESC LIMIT 5   [ RunTime:0.0002s ]
INFO: [ view_parse ] --START--
INFO: [ template_filter ] --START--
INFO: Run Behavior\ContentReplaceBehavior [ RunTime:0.000058s ]
INFO: [ template_filter ] --END-- [ RunTime:0.000154s ]
NOTIC: [2] date() expects parameter 2 to be long, string given /var/www/zhier/App/Runtime/Cache/Home/3b34dde2236f229f0a8c3848b6417fef.php 第 24 行.
NOTIC: [2] date() expects parameter 2 to be long, string given /var/www/zhier/App/Runtime/Cache/Home/3b34dde2236f229f0a8c3848b6417fef.php 第 24 行.
NOTIC: [2] date() expects parameter 2 to be long, string given /var/www/zhier/App/Runtime/Cache/Home/3b34dde2236f229f0a8c3848b6417fef.php 第 24 行.
INFO: Run Behavior\ParseTemplateBehavior [ RunTime:0.004263s ]
INFO: [ view_parse ] --END-- [ RunTime:0.004357s ]
INFO: [ view_filter ] --START--
INFO: Run Behavior\WriteHtmlCacheBehavior [ RunTime:0.000067s ]
INFO: [ view_filter ] --END-- [ RunTime:0.000162s ]
INFO: [ app_end ] --START--
INFO: Run Behavior\ShowPageTraceBehavior [ RunTime:0.000064s ]
INFO: [ app_end ] --END-- [ RunTime:0.000152s ]

[ 2015-07-08T21:42:27+08:00 ] 114.242.249.10 /zhier/index.php/home
INFO: [ app_init ] --START--
INFO: Run Behavior\BuildLiteBehavior [ RunTime:0.000022s ]
INFO: [ app_init ] --END-- [ RunTime:0.000142s ]
INFO: [ app_begin ] --START--
INFO: Run Behavior\ReadHtmlCacheBehavior [ RunTime:0.000059s ]
INFO: [ app_begin ] --END-- [ RunTime:0.000139s ]
NOTIC: [8] Undefined index: car /var/www/zhier/App/Home/Controller/IndexController.class.php 第 53 行.
SQL: SHOW COLUMNS FROM `order` [ RunTime:0.0007s ]
SQL: SELECT count(1) order_num FROM `order` WHERE ( `user_id`='115' )  [ RunTime:0.0001s ]
SQL: SHOW COLUMNS FROM `opinion` [ RunTime:0.0005s ]
SQL: SELECT count(1) opinion_num FROM `opinion` WHERE ( `user_id`='115' )  [ RunTime:0.0003s ]
NOTIC: [8] Undefined index: car /var/www/zhier/App/Home/Controller/IndexController.class.php 第 69 行.
INFO: [ view_parse ] --START--
INFO: [ template_filter ] --START--
INFO: Run Behavior\ContentReplaceBehavior [ RunTime:0.000063s ]
INFO: [ template_filter ] --END-- [ RunTime:0.000143s ]
INFO: Run Behavior\ParseTemplateBehavior [ RunTime:0.003342s ]
INFO: [ view_parse ] --END-- [ RunTime:0.003428s ]
INFO: [ view_filter ] --START--
INFO: Run Behavior\WriteHtmlCacheBehavior [ RunTime:0.000058s ]
INFO: [ view_filter ] --END-- [ RunTime:0.000130s ]
INFO: [ app_end ] --START--
INFO: Run Behavior\ShowPageTraceBehavior [ RunTime:0.000048s ]
INFO: [ app_end ] --END-- [ RunTime:0.000123s ]

[ 2015-07-08T21:42:33+08:00 ] 114.242.249.10 /zhier/index.php/home
INFO: [ app_init ] --START--
INFO: Run Behavior\BuildLiteBehavior [ RunTime:0.000026s ]
INFO: [ app_init ] --END-- [ RunTime:0.000187s ]
INFO: [ app_begin ] --START--
INFO: Run Behavior\ReadHtmlCacheBehavior [ RunTime:0.000061s ]
INFO: [ app_begin ] --END-- [ RunTime:0.000143s ]
NOTIC: [8] Undefined index: car /var/www/zhier/App/Home/Controller/IndexController.class.php 第 53 行.
SQL: SHOW COLUMNS FROM `order` [ RunTime:0.0008s ]
SQL: SELECT count(1) order_num FROM `order` WHERE ( `user_id`='115' )  [ RunTime:0.0001s ]
SQL: SHOW COLUMNS FROM `opinion` [ RunTime:0.0004s ]
SQL: SELECT count(1) opinion_num FROM `opinion` WHERE ( `user_id`='115' )  [ RunTime:0.0001s ]
NOTIC: [8] Undefined index: car /var/www/zhier/App/Home/Controller/IndexController.class.php 第 69 行.
INFO: [ view_parse ] --START--
INFO: [ template_filter ] --START--
INFO: Run Behavior\ContentReplaceBehavior [ RunTime:0.000061s ]
INFO: [ template_filter ] --END-- [ RunTime:0.000142s ]
INFO: Run Behavior\ParseTemplateBehavior [ RunTime:0.003343s ]
INFO: [ view_parse ] --END-- [ RunTime:0.003427s ]
INFO: [ view_filter ] --START--
INFO: Run Behavior\WriteHtmlCacheBehavior [ RunTime:0.000069s ]
INFO: [ view_filter ] --END-- [ RunTime:0.000141s ]
INFO: [ app_end ] --START--
INFO: Run Behavior\ShowPageTraceBehavior [ RunTime:0.000056s ]
INFO: [ app_end ] --END-- [ RunTime:0.000131s ]

[ 2015-07-08T21:43:25+08:00 ] 114.242.249.10 /zhier/index.php/Home/Index/wallet
INFO: [ app_init ] --START--
INFO: Run Behavior\BuildLiteBehavior [ RunTime:0.000025s ]
INFO: [ app_init ] --END-- [ RunTime:0.000173s ]
INFO: [ app_begin ] --START--
INFO: Run Behavior\ReadHtmlCacheBehavior [ RunTime:0.000069s ]
INFO: [ app_begin ] --END-- [ RunTime:0.000152s ]
NOTIC: [8] Undefined index: car /var/www/zhier/App/Home/Controller/IndexController.class.php 第 53 行.
SQL: SHOW COLUMNS FROM `fruit_type` [ RunTime:0.0006s ]
SQL: SELECT * FROM `fruit_type`  [ RunTime:0.0001s ]
SQL: SHOW COLUMNS FROM `user_coupon` [ RunTime:0.0005s ]
SQL: 
			SELECT t.type_id, t.coupon_name, COUNT( c.coupon_id ) type_count
			FROM `fruit_type` t
			LEFT JOIN `user_coupon` c ON c.type_id = t.type_id
			AND c.user_id ='115'
			AND c.is_used !=1
			WHERE 1
			GROUP BY t.type_id
			ORDER BY `order` DESC
			LIMIT 0 , 10
		 [ RunTime:0.0001s ]
INFO: [ view_parse ] --START--
INFO: [ template_filter ] --START--
INFO: Run Behavior\ContentReplaceBehavior [ RunTime:0.000056s ]
INFO: [ template_filter ] --END-- [ RunTime:0.000137s ]
INFO: Run Behavior\ParseTemplateBehavior [ RunTime:0.004467s ]
INFO: [ view_parse ] --END-- [ RunTime:0.004555s ]
INFO: [ view_filter ] --START--
INFO: Run Behavior\WriteHtmlCacheBehavior [ RunTime:0.000066s ]
INFO: [ view_filter ] --END-- [ RunTime:0.000140s ]
INFO: [ app_end ] --START--
INFO: Run Behavior\ShowPageTraceBehavior [ RunTime:0.000056s ]
INFO: [ app_end ] --END-- [ RunTime:0.000130s ]

[ 2015-07-08T21:43:29+08:00 ] 114.242.249.10 /zhier/index.php/Home/Index/wallet
INFO: [ app_init ] --START--
INFO: Run Behavior\BuildLiteBehavior [ RunTime:0.000025s ]
INFO: [ app_init ] --END-- [ RunTime:0.000174s ]
INFO: [ app_begin ] --START--
INFO: Run Behavior\ReadHtmlCacheBehavior [ RunTime:0.000068s ]
INFO: [ app_begin ] --END-- [ RunTime:0.000163s ]
NOTIC: [8] Undefined index: car /var/www/zhier/App/Home/Controller/IndexController.class.php 第 53 行.
SQL: SHOW COLUMNS FROM `fruit_type` [ RunTime:0.0006s ]
SQL: SELECT * FROM `fruit_type`  [ RunTime:0.0001s ]
SQL: SHOW COLUMNS FROM `user_coupon` [ RunTime:0.0005s ]
SQL: 
			SELECT t.type_id, t.coupon_name, COUNT( c.coupon_id ) type_count
			FROM `fruit_type` t
			LEFT JOIN `user_coupon` c ON c.type_id = t.type_id
			AND c.user_id ='115'
			AND c.is_used !=1
			WHERE 1
			GROUP BY t.type_id
			ORDER BY `order` DESC
			LIMIT 0 , 10
		 [ RunTime:0.0001s ]
INFO: [ view_parse ] --START--
INFO: [ template_filter ] --START--
INFO: Run Behavior\ContentReplaceBehavior [ RunTime:0.000058s ]
INFO: [ template_filter ] --END-- [ RunTime:0.000166s ]
INFO: Run Behavior\ParseTemplateBehavior [ RunTime:0.004549s ]
INFO: [ view_parse ] --END-- [ RunTime:0.004649s ]
INFO: [ view_filter ] --START--
INFO: Run Behavior\WriteHtmlCacheBehavior [ RunTime:0.000065s ]
INFO: [ view_filter ] --END-- [ RunTime:0.000152s ]
INFO: [ app_end ] --START--
INFO: Run Behavior\ShowPageTraceBehavior [ RunTime:0.000064s ]
INFO: [ app_end ] --END-- [ RunTime:0.000153s ]

[ 2015-07-08T21:43:34+08:00 ] 114.242.249.10 /zhier/index.php/Home/Index/wallet
INFO: [ app_init ] --START--
INFO: Run Behavior\BuildLiteBehavior [ RunTime:0.000025s ]
INFO: [ app_init ] --END-- [ RunTime:0.000175s ]
INFO: [ app_begin ] --START--
INFO: Run Behavior\ReadHtmlCacheBehavior [ RunTime:0.000068s ]
INFO: [ app_begin ] --END-- [ RunTime:0.000167s ]
NOTIC: [8] Undefined index: car /var/www/zhier/App/Home/Controller/IndexController.class.php 第 53 行.
SQL: SHOW COLUMNS FROM `fruit_type` [ RunTime:0.0006s ]
SQL: SELECT * FROM `fruit_type`  [ RunTime:0.0001s ]
SQL: SHOW COLUMNS FROM `user_coupon` [ RunTime:0.0005s ]
SQL: 
			SELECT t.type_id, t.coupon_name, COUNT( c.coupon_id ) type_count
			FROM `fruit_type` t
			LEFT JOIN `user_coupon` c ON c.type_id = t.type_id
			AND c.user_id ='115'
			AND c.is_used !=1
			WHERE 1
			GROUP BY t.type_id
			ORDER BY `order` DESC
			LIMIT 0 , 10
		 [ RunTime:0.0001s ]
INFO: [ view_parse ] --START--
INFO: [ template_filter ] --START--
INFO: Run Behavior\ContentReplaceBehavior [ RunTime:0.000058s ]
INFO: [ template_filter ] --END-- [ RunTime:0.000154s ]
INFO: Run Behavior\ParseTemplateBehavior [ RunTime:0.004481s ]
INFO: [ view_parse ] --END-- [ RunTime:0.004581s ]
INFO: [ view_filter ] --START--
INFO: Run Behavior\WriteHtmlCacheBehavior [ RunTime:0.000067s ]
INFO: [ view_filter ] --END-- [ RunTime:0.000156s ]
INFO: [ app_end ] --START--
INFO: Run Behavior\ShowPageTraceBehavior [ RunTime:0.000066s ]
INFO: [ app_end ] --END-- [ RunTime:0.000155s ]

[ 2015-07-08T21:43:35+08:00 ] 114.242.249.10 /zhier/index.php/Home/Index/wallet
INFO: [ app_init ] --START--
INFO: Run Behavior\BuildLiteBehavior [ RunTime:0.000025s ]
INFO: [ app_init ] --END-- [ RunTime:0.000162s ]
INFO: [ app_begin ] --START--
INFO: Run Behavior\ReadHtmlCacheBehavior [ RunTime:0.000062s ]
INFO: [ app_begin ] --END-- [ RunTime:0.000157s ]
NOTIC: [8] Undefined index: car /var/www/zhier/App/Home/Controller/IndexController.class.php 第 53 行.
SQL: SHOW COLUMNS FROM `fruit_type` [ RunTime:0.0006s ]
SQL: SELECT * FROM `fruit_type`  [ RunTime:0.0001s ]
SQL: SHOW COLUMNS FROM `user_coupon` [ RunTime:0.0005s ]
SQL: 
			SELECT t.type_id, t.coupon_name, COUNT( c.coupon_id ) type_count
			FROM `fruit_type` t
			LEFT JOIN `user_coupon` c ON c.type_id = t.type_id
			AND c.user_id ='115'
			AND c.is_used !=1
			WHERE 1
			GROUP BY t.type_id
			ORDER BY `order` DESC
			LIMIT 0 , 10
		 [ RunTime:0.0001s ]
INFO: [ view_parse ] --START--
INFO: [ template_filter ] --START--
INFO: Run Behavior\ContentReplaceBehavior [ RunTime:0.000058s ]
INFO: [ template_filter ] --END-- [ RunTime:0.000153s ]
INFO: Run Behavior\ParseTemplateBehavior [ RunTime:0.004425s ]
INFO: [ view_parse ] --END-- [ RunTime:0.004525s ]
INFO: [ view_filter ] --START--
INFO: Run Behavior\WriteHtmlCacheBehavior [ RunTime:0.000061s ]
INFO: [ view_filter ] --END-- [ RunTime:0.000148s ]
INFO: [ app_end ] --START--
INFO: Run Behavior\ShowPageTraceBehavior [ RunTime:0.000059s ]
INFO: [ app_end ] --END-- [ RunTime:0.000147s ]

[ 2015-07-08T21:43:36+08:00 ] 114.242.249.10 /zhier/index.php/Home/Index/wallet
INFO: [ app_init ] --START--
INFO: Run Behavior\BuildLiteBehavior [ RunTime:0.000025s ]
INFO: [ app_init ] --END-- [ RunTime:0.000160s ]
INFO: [ app_begin ] --START--
INFO: Run Behavior\ReadHtmlCacheBehavior [ RunTime:0.000062s ]
INFO: [ app_begin ] --END-- [ RunTime:0.000145s ]
NOTIC: [8] Undefined index: car /var/www/zhier/App/Home/Controller/IndexController.class.php 第 53 行.
SQL: SHOW COLUMNS FROM `fruit_type` [ RunTime:0.0006s ]
SQL: SELECT * FROM `fruit_type`  [ RunTime:0.0001s ]
SQL: SHOW COLUMNS FROM `user_coupon` [ RunTime:0.0005s ]
SQL: 
			SELECT t.type_id, t.coupon_name, COUNT( c.coupon_id ) type_count
			FROM `fruit_type` t
			LEFT JOIN `user_coupon` c ON c.type_id = t.type_id
			AND c.user_id ='115'
			AND c.is_used !=1
			WHERE 1
			GROUP BY t.type_id
			ORDER BY `order` DESC
			LIMIT 0 , 10
		 [ RunTime:0.0001s ]
INFO: [ view_parse ] --START--
INFO: [ template_filter ] --START--
INFO: Run Behavior\ContentReplaceBehavior [ RunTime:0.000073s ]
INFO: [ template_filter ] --END-- [ RunTime:0.000156s ]
INFO: Run Behavior\ParseTemplateBehavior [ RunTime:0.004400s ]
INFO: [ view_parse ] --END-- [ RunTime:0.004486s ]
INFO: [ view_filter ] --START--
INFO: Run Behavior\WriteHtmlCacheBehavior [ RunTime:0.000061s ]
INFO: [ view_filter ] --END-- [ RunTime:0.000136s ]
INFO: [ app_end ] --START--
INFO: Run Behavior\ShowPageTraceBehavior [ RunTime:0.000051s ]
INFO: [ app_end ] --END-- [ RunTime:0.000125s ]

[ 2015-07-08T21:43:37+08:00 ] 114.242.249.10 /zhier/index.php/home
INFO: [ app_init ] --START--
INFO: Run Behavior\BuildLiteBehavior [ RunTime:0.000025s ]
INFO: [ app_init ] --END-- [ RunTime:0.000166s ]
INFO: [ app_begin ] --START--
INFO: Run Behavior\ReadHtmlCacheBehavior [ RunTime:0.000066s ]
INFO: [ app_begin ] --END-- [ RunTime:0.000147s ]
NOTIC: [8] Undefined index: car /var/www/zhier/App/Home/Controller/IndexController.class.php 第 53 行.
SQL: SHOW COLUMNS FROM `order` [ RunTime:0.0008s ]
SQL: SELECT count(1) order_num FROM `order` WHERE ( `user_id`='115' )  [ RunTime:0.0001s ]
SQL: SHOW COLUMNS FROM `opinion` [ RunTime:0.0004s ]
SQL: SELECT count(1) opinion_num FROM `opinion` WHERE ( `user_id`='115' )  [ RunTime:0.0001s ]
NOTIC: [8] Undefined index: car /var/www/zhier/App/Home/Controller/IndexController.class.php 第 69 行.
INFO: [ view_parse ] --START--
INFO: [ template_filter ] --START--
INFO: Run Behavior\ContentReplaceBehavior [ RunTime:0.000061s ]
INFO: [ template_filter ] --END-- [ RunTime:0.000142s ]
INFO: Run Behavior\ParseTemplateBehavior [ RunTime:0.003330s ]
INFO: [ view_parse ] --END-- [ RunTime:0.003414s ]
INFO: [ view_filter ] --START--
INFO: Run Behavior\WriteHtmlCacheBehavior [ RunTime:0.000064s ]
INFO: [ view_filter ] --END-- [ RunTime:0.000138s ]
INFO: [ app_end ] --START--
INFO: Run Behavior\ShowPageTraceBehavior [ RunTime:0.000054s ]
INFO: [ app_end ] --END-- [ RunTime:0.000129s ]

[ 2015-07-08T21:43:58+08:00 ] 114.242.249.10 /zhier/index.php/home
INFO: [ app_init ] --START--
INFO: Run Behavior\BuildLiteBehavior [ RunTime:0.000036s ]
INFO: [ app_init ] --END-- [ RunTime:0.000186s ]
INFO: [ app_begin ] --START--
INFO: Run Behavior\ReadHtmlCacheBehavior [ RunTime:0.000082s ]
INFO: [ app_begin ] --END-- [ RunTime:0.000181s ]
NOTIC: [8] Undefined index: car /var/www/zhier/App/Home/Controller/IndexController.class.php 第 53 行.
SQL: SHOW COLUMNS FROM `order` [ RunTime:0.0008s ]
SQL: SELECT count(1) order_num FROM `order` WHERE ( `user_id`='115' )  [ RunTime:0.0001s ]
SQL: SHOW COLUMNS FROM `opinion` [ RunTime:0.0005s ]
SQL: SELECT count(1) opinion_num FROM `opinion` WHERE ( `user_id`='115' )  [ RunTime:0.0001s ]
NOTIC: [8] Undefined index: car /var/www/zhier/App/Home/Controller/IndexController.class.php 第 69 行.
INFO: [ view_parse ] --START--
INFO: [ template_filter ] --START--
INFO: Run Behavior\ContentReplaceBehavior [ RunTime:0.000071s ]
INFO: [ template_filter ] --END-- [ RunTime:0.000174s ]
INFO: Run Behavior\ParseTemplateBehavior [ RunTime:0.003761s ]
INFO: [ view_parse ] --END-- [ RunTime:0.003852s ]
INFO: [ view_filter ] --START--
INFO: Run Behavior\WriteHtmlCacheBehavior [ RunTime:0.000067s ]
INFO: [ view_filter ] --END-- [ RunTime:0.000139s ]
INFO: [ app_end ] --START--
INFO: Run Behavior\ShowPageTraceBehavior [ RunTime:0.000056s ]
INFO: [ app_end ] --END-- [ RunTime:0.000131s ]

[ 2015-07-08T21:44:15+08:00 ] 114.242.249.10 /zhier/index.php/home
INFO: [ app_init ] --START--
INFO: Run Behavior\BuildLiteBehavior [ RunTime:0.000025s ]
INFO: [ app_init ] --END-- [ RunTime:0.000172s ]
INFO: [ app_begin ] --START--
INFO: Run Behavior\ReadHtmlCacheBehavior [ RunTime:0.000066s ]
INFO: [ app_begin ] --END-- [ RunTime:0.000147s ]
NOTIC: [8] Undefined index: car /var/www/zhier/App/Home/Controller/IndexController.class.php 第 53 行.
SQL: SHOW COLUMNS FROM `order` [ RunTime:0.0008s ]
SQL: SELECT count(1) order_num FROM `order` WHERE ( `user_id`='115' )  [ RunTime:0.0001s ]
SQL: SHOW COLUMNS FROM `opinion` [ RunTime:0.0004s ]
SQL: SELECT count(1) opinion_num FROM `opinion` WHERE ( `user_id`='115' )  [ RunTime:0.0001s ]
NOTIC: [8] Undefined index: car /var/www/zhier/App/Home/Controller/IndexController.class.php 第 69 行.
INFO: [ view_parse ] --START--
INFO: [ template_filter ] --START--
INFO: Run Behavior\ContentReplaceBehavior [ RunTime:0.000060s ]
INFO: [ template_filter ] --END-- [ RunTime:0.000140s ]
INFO: Run Behavior\ParseTemplateBehavior [ RunTime:0.003288s ]
INFO: [ view_parse ] --END-- [ RunTime:0.003371s ]
INFO: [ view_filter ] --START--
INFO: Run Behavior\WriteHtmlCacheBehavior [ RunTime:0.000064s ]
INFO: [ view_filter ] --END-- [ RunTime:0.000186s ]
INFO: [ app_end ] --START--
INFO: Run Behavior\ShowPageTraceBehavior [ RunTime:0.000056s ]
INFO: [ app_end ] --END-- [ RunTime:0.000130s ]

[ 2015-07-08T21:54:06+08:00 ] 61.148.244.227 /zhier/index.php/Home/Index/index.html
INFO: [ app_init ] --START--
INFO: Run Behavior\BuildLiteBehavior [ RunTime:0.000022s ]
INFO: [ app_init ] --END-- [ RunTime:0.000146s ]
INFO: [ app_begin ] --START--
INFO: Run Behavior\ReadHtmlCacheBehavior [ RunTime:0.000060s ]
INFO: [ app_begin ] --END-- [ RunTime:0.000188s ]
NOTIC: [8] Undefined index: car /var/www/zhier/App/Home/Controller/IndexController.class.php 第 53 行.
SQL: SHOW COLUMNS FROM `order` [ RunTime:0.0006s ]
SQL: SELECT count(1) order_num FROM `order` WHERE ( `user_id`='123' )  [ RunTime:0.0002s ]
SQL: SHOW COLUMNS FROM `opinion` [ RunTime:0.0004s ]
SQL: SELECT count(1) opinion_num FROM `opinion` WHERE ( `user_id`='123' )  [ RunTime:0.0002s ]
NOTIC: [8] Undefined index: car /var/www/zhier/App/Home/Controller/IndexController.class.php 第 69 行.
INFO: [ view_parse ] --START--
INFO: [ template_filter ] --START--
INFO: Run Behavior\ContentReplaceBehavior [ RunTime:0.000060s ]
INFO: [ template_filter ] --END-- [ RunTime:0.000154s ]
INFO: Run Behavior\ParseTemplateBehavior [ RunTime:0.003219s ]
INFO: [ view_parse ] --END-- [ RunTime:0.003317s ]
INFO: [ view_filter ] --START--
INFO: Run Behavior\WriteHtmlCacheBehavior [ RunTime:0.000058s ]
INFO: [ view_filter ] --END-- [ RunTime:0.000151s ]
INFO: [ app_end ] --START--
INFO: Run Behavior\ShowPageTraceBehavior [ RunTime:0.000060s ]
INFO: [ app_end ] --END-- [ RunTime:0.000151s ]

[ 2015-07-08T21:54:09+08:00 ] 61.148.244.227 /zhier/index.php/Home/Index/opinion
INFO: [ app_init ] --START--
INFO: Run Behavior\BuildLiteBehavior [ RunTime:0.000024s ]
INFO: [ app_init ] --END-- [ RunTime:0.000158s ]
INFO: [ app_begin ] --START--
INFO: Run Behavior\ReadHtmlCacheBehavior [ RunTime:0.000062s ]
INFO: [ app_begin ] --END-- [ RunTime:0.000145s ]
NOTIC: [8] Undefined index: car /var/www/zhier/App/Home/Controller/IndexController.class.php 第 53 行.
SQL: SHOW COLUMNS FROM `opinion` [ RunTime:0.0007s ]
SQL: SELECT * FROM `opinion` WHERE ( `user_id`='123' ) ORDER BY opinion_id DESC LIMIT 5   [ RunTime:0.0003s ]
INFO: [ view_parse ] --START--
INFO: [ template_filter ] --START--
INFO: Run Behavior\ContentReplaceBehavior [ RunTime:0.000056s ]
INFO: [ template_filter ] --END-- [ RunTime:0.000139s ]
INFO: Run Behavior\ParseTemplateBehavior [ RunTime:0.004281s ]
INFO: [ view_parse ] --END-- [ RunTime:0.004366s ]
INFO: [ view_filter ] --START--
INFO: Run Behavior\WriteHtmlCacheBehavior [ RunTime:0.000065s ]
INFO: [ view_filter ] --END-- [ RunTime:0.000144s ]
INFO: [ app_end ] --START--
INFO: Run Behavior\ShowPageTraceBehavior [ RunTime:0.000050s ]
INFO: [ app_end ] --END-- [ RunTime:0.000129s ]

[ 2015-07-08T21:54:18+08:00 ] 61.148.244.227 /zhier/index.php/Home/Index/addopinion
INFO: [ app_init ] --START--
INFO: Run Behavior\BuildLiteBehavior [ RunTime:0.000025s ]
INFO: [ app_init ] --END-- [ RunTime:0.000172s ]
INFO: [ app_begin ] --START--
INFO: Run Behavior\ReadHtmlCacheBehavior [ RunTime:0.000059s ]
INFO: [ app_begin ] --END-- [ RunTime:0.000156s ]
NOTIC: [8] Undefined index: car /var/www/zhier/App/Home/Controller/IndexController.class.php 第 53 行.
SQL: SHOW COLUMNS FROM `opinion` [ RunTime:0.0007s ]
SQL: INSERT INTO `opinion` (`question`,`user_id`,`qtime`) VALUES ('','123','1436363658') [ RunTime:0.0078s ]
SQL: SELECT * FROM `opinion` WHERE ( `user_id`='123' ) ORDER BY opinion_id DESC LIMIT 5   [ RunTime:0.0002s ]
INFO: [ view_parse ] --START--
INFO: [ template_filter ] --START--
INFO: Run Behavior\ContentReplaceBehavior [ RunTime:0.000058s ]
INFO: [ template_filter ] --END-- [ RunTime:0.000152s ]
NOTIC: [2] date() expects parameter 2 to be long, string given /var/www/zhier/App/Runtime/Cache/Home/3b34dde2236f229f0a8c3848b6417fef.php 第 24 行.
INFO: Run Behavior\ParseTemplateBehavior [ RunTime:0.004191s ]
INFO: [ view_parse ] --END-- [ RunTime:0.004292s ]
INFO: [ view_filter ] --START--
INFO: Run Behavior\WriteHtmlCacheBehavior [ RunTime:0.000067s ]
INFO: [ view_filter ] --END-- [ RunTime:0.000154s ]
INFO: [ app_end ] --START--
INFO: Run Behavior\ShowPageTraceBehavior [ RunTime:0.000072s ]
INFO: [ app_end ] --END-- [ RunTime:0.000161s ]

[ 2015-07-08T21:54:18+08:00 ] 123.151.42.46 /zhier/index.php/home
INFO: [ app_init ] --START--
INFO: Run Behavior\BuildLiteBehavior [ RunTime:0.000022s ]
INFO: [ app_init ] --END-- [ RunTime:0.000142s ]
INFO: [ app_begin ] --START--
INFO: Run Behavior\ReadHtmlCacheBehavior [ RunTime:0.000060s ]
INFO: [ app_begin ] --END-- [ RunTime:0.000141s ]
NOTIC: [8] Undefined index: car /var/www/zhier/App/Home/Controller/IndexController.class.php 第 53 行.
SQL: SHOW COLUMNS FROM `order` [ RunTime:0.0006s ]
SQL: SELECT count(1) order_num FROM `order` WHERE ( `user_id`='109' )  [ RunTime:0.0002s ]
SQL: SHOW COLUMNS FROM `opinion` [ RunTime:0.0004s ]
SQL: SELECT count(1) opinion_num FROM `opinion` WHERE ( `user_id`='109' )  [ RunTime:0.0002s ]
NOTIC: [8] Undefined index: car /var/www/zhier/App/Home/Controller/IndexController.class.php 第 69 行.
INFO: [ view_parse ] --START--
INFO: [ template_filter ] --START--
INFO: Run Behavior\ContentReplaceBehavior [ RunTime:0.000060s ]
INFO: [ template_filter ] --END-- [ RunTime:0.000140s ]
INFO: Run Behavior\ParseTemplateBehavior [ RunTime:0.003189s ]
INFO: [ view_parse ] --END-- [ RunTime:0.003271s ]
INFO: [ view_filter ] --START--
INFO: Run Behavior\WriteHtmlCacheBehavior [ RunTime:0.000064s ]
INFO: [ view_filter ] --END-- [ RunTime:0.000141s ]
INFO: [ app_end ] --START--
INFO: Run Behavior\ShowPageTraceBehavior [ RunTime:0.000048s ]
INFO: [ app_end ] --END-- [ RunTime:0.000125s ]

[ 2015-07-08T21:54:22+08:00 ] 61.148.244.227 /zhier/index.php/Home/Index/addopinion
INFO: [ app_init ] --START--
INFO: Run Behavior\BuildLiteBehavior [ RunTime:0.000024s ]
INFO: [ app_init ] --END-- [ RunTime:0.000163s ]
INFO: [ app_begin ] --START--
INFO: Run Behavior\ReadHtmlCacheBehavior [ RunTime:0.000054s ]
INFO: [ app_begin ] --END-- [ RunTime:0.000154s ]
NOTIC: [8] Undefined index: car /var/www/zhier/App/Home/Controller/IndexController.class.php 第 53 行.
SQL: SHOW COLUMNS FROM `opinion` [ RunTime:0.0007s ]
SQL: INSERT INTO `opinion` (`question`,`user_id`,`qtime`) VALUES ('','123','1436363662') [ RunTime:0.0049s ]
SQL: SELECT * FROM `opinion` WHERE ( `user_id`='123' ) ORDER BY opinion_id DESC LIMIT 5   [ RunTime:0.0003s ]
INFO: [ view_parse ] --START--
INFO: [ template_filter ] --START--
INFO: Run Behavior\ContentReplaceBehavior [ RunTime:0.000056s ]
INFO: [ template_filter ] --END-- [ RunTime:0.000152s ]
NOTIC: [2] date() expects parameter 2 to be long, string given /var/www/zhier/App/Runtime/Cache/Home/3b34dde2236f229f0a8c3848b6417fef.php 第 24 行.
NOTIC: [2] date() expects parameter 2 to be long, string given /var/www/zhier/App/Runtime/Cache/Home/3b34dde2236f229f0a8c3848b6417fef.php 第 24 行.
INFO: Run Behavior\ParseTemplateBehavior [ RunTime:0.004175s ]
INFO: [ view_parse ] --END-- [ RunTime:0.004277s ]
INFO: [ view_filter ] --START--
INFO: Run Behavior\WriteHtmlCacheBehavior [ RunTime:0.000059s ]
INFO: [ view_filter ] --END-- [ RunTime:0.000147s ]
INFO: [ app_end ] --START--
INFO: Run Behavior\ShowPageTraceBehavior [ RunTime:0.000063s ]
INFO: [ app_end ] --END-- [ RunTime:0.000170s ]

[ 2015-07-08T21:54:28+08:00 ] 61.148.244.227 /zhier/index.php/Home/Index/addopinion
INFO: [ app_init ] --START--
INFO: Run Behavior\BuildLiteBehavior [ RunTime:0.000024s ]
INFO: [ app_init ] --END-- [ RunTime:0.000160s ]
INFO: [ app_begin ] --START--
INFO: Run Behavior\ReadHtmlCacheBehavior [ RunTime:0.000055s ]
INFO: [ app_begin ] --END-- [ RunTime:0.000152s ]
NOTIC: [8] Undefined index: car /var/www/zhier/App/Home/Controller/IndexController.class.php 第 53 行.
SQL: SHOW COLUMNS FROM `opinion` [ RunTime:0.0006s ]
SQL: INSERT INTO `opinion` (`question`,`user_id`,`qtime`) VALUES ('喵','123','1436363668') [ RunTime:0.0050s ]
SQL: SELECT * FROM `opinion` WHERE ( `user_id`='123' ) ORDER BY opinion_id DESC LIMIT 5   [ RunTime:0.0002s ]
INFO: [ view_parse ] --START--
INFO: [ template_filter ] --START--
INFO: Run Behavior\ContentReplaceBehavior [ RunTime:0.000056s ]
INFO: [ template_filter ] --END-- [ RunTime:0.000151s ]
NOTIC: [2] date() expects parameter 2 to be long, string given /var/www/zhier/App/Runtime/Cache/Home/3b34dde2236f229f0a8c3848b6417fef.php 第 24 行.
NOTIC: [2] date() expects parameter 2 to be long, string given /var/www/zhier/App/Runtime/Cache/Home/3b34dde2236f229f0a8c3848b6417fef.php 第 24 行.
NOTIC: [2] date() expects parameter 2 to be long, string given /var/www/zhier/App/Runtime/Cache/Home/3b34dde2236f229f0a8c3848b6417fef.php 第 24 行.
INFO: Run Behavior\ParseTemplateBehavior [ RunTime:0.004205s ]
INFO: [ view_parse ] --END-- [ RunTime:0.004305s ]
INFO: [ view_filter ] --START--
INFO: Run Behavior\WriteHtmlCacheBehavior [ RunTime:0.000061s ]
INFO: [ view_filter ] --END-- [ RunTime:0.000153s ]
INFO: [ app_end ] --START--
INFO: Run Behavior\ShowPageTraceBehavior [ RunTime:0.000062s ]
INFO: [ app_end ] --END-- [ RunTime:0.000154s ]

[ 2015-07-08T21:54:39+08:00 ] 61.148.244.227 /zhier/index.php/home
INFO: [ app_init ] --START--
INFO: Run Behavior\BuildLiteBehavior [ RunTime:0.000024s ]
INFO: [ app_init ] --END-- [ RunTime:0.000173s ]
INFO: [ app_begin ] --START--
INFO: Run Behavior\ReadHtmlCacheBehavior [ RunTime:0.000071s ]
INFO: [ app_begin ] --END-- [ RunTime:0.000156s ]
NOTIC: [8] Undefined index: car /var/www/zhier/App/Home/Controller/IndexController.class.php 第 53 行.
SQL: SHOW COLUMNS FROM `order` [ RunTime:0.0008s ]
SQL: SELECT count(1) order_num FROM `order` WHERE ( `user_id`='123' )  [ RunTime:0.0001s ]
SQL: SHOW COLUMNS FROM `opinion` [ RunTime:0.0004s ]
SQL: SELECT count(1) opinion_num FROM `opinion` WHERE ( `user_id`='123' )  [ RunTime:0.0003s ]
NOTIC: [8] Undefined index: car /var/www/zhier/App/Home/Controller/IndexController.class.php 第 69 行.
INFO: [ view_parse ] --START--
INFO: [ template_filter ] --START--
INFO: Run Behavior\ContentReplaceBehavior [ RunTime:0.000065s ]
INFO: [ template_filter ] --END-- [ RunTime:0.000146s ]
INFO: Run Behavior\ParseTemplateBehavior [ RunTime:0.003445s ]
INFO: [ view_parse ] --END-- [ RunTime:0.003529s ]
INFO: [ view_filter ] --START--
INFO: Run Behavior\WriteHtmlCacheBehavior [ RunTime:0.000073s ]
INFO: [ view_filter ] --END-- [ RunTime:0.000153s ]
INFO: [ app_end ] --START--
INFO: Run Behavior\ShowPageTraceBehavior [ RunTime:0.000057s ]
INFO: [ app_end ] --END-- [ RunTime:0.000133s ]

[ 2015-07-08T21:54:46+08:00 ] 61.148.244.227 /zhier/index.php/Home/Index/opinion
INFO: [ app_init ] --START--
INFO: Run Behavior\BuildLiteBehavior [ RunTime:0.000025s ]
INFO: [ app_init ] --END-- [ RunTime:0.000171s ]
INFO: [ app_begin ] --START--
INFO: Run Behavior\ReadHtmlCacheBehavior [ RunTime:0.000065s ]
INFO: [ app_begin ] --END-- [ RunTime:0.000147s ]
NOTIC: [8] Undefined index: car /var/www/zhier/App/Home/Controller/IndexController.class.php 第 53 行.
SQL: SHOW COLUMNS FROM `opinion` [ RunTime:0.0007s ]
SQL: SELECT * FROM `opinion` WHERE ( `user_id`='123' ) ORDER BY opinion_id DESC LIMIT 5   [ RunTime:0.0001s ]
INFO: [ view_parse ] --START--
INFO: [ template_filter ] --START--
INFO: Run Behavior\ContentReplaceBehavior [ RunTime:0.000059s ]
INFO: [ template_filter ] --END-- [ RunTime:0.000141s ]
NOTIC: [2] date() expects parameter 2 to be long, string given /var/www/zhier/App/Runtime/Cache/Home/3b34dde2236f229f0a8c3848b6417fef.php 第 24 行.
NOTIC: [2] date() expects parameter 2 to be long, string given /var/www/zhier/App/Runtime/Cache/Home/3b34dde2236f229f0a8c3848b6417fef.php 第 24 行.
NOTIC: [2] date() expects parameter 2 to be long, string given /var/www/zhier/App/Runtime/Cache/Home/3b34dde2236f229f0a8c3848b6417fef.php 第 24 行.
INFO: Run Behavior\ParseTemplateBehavior [ RunTime:0.004601s ]
INFO: [ view_parse ] --END-- [ RunTime:0.004694s ]
INFO: [ view_filter ] --START--
INFO: Run Behavior\WriteHtmlCacheBehavior [ RunTime:0.000070s ]
INFO: [ view_filter ] --END-- [ RunTime:0.000151s ]
INFO: [ app_end ] --START--
INFO: Run Behavior\ShowPageTraceBehavior [ RunTime:0.000055s ]
INFO: [ app_end ] --END-- [ RunTime:0.000131s ]

[ 2015-07-08T21:54:49+08:00 ] 61.148.244.227 /zhier/index.php/home
INFO: [ app_init ] --START--
INFO: Run Behavior\BuildLiteBehavior [ RunTime:0.000025s ]
INFO: [ app_init ] --END-- [ RunTime:0.000171s ]
INFO: [ app_begin ] --START--
INFO: Run Behavior\ReadHtmlCacheBehavior [ RunTime:0.000069s ]
INFO: [ app_begin ] --END-- [ RunTime:0.000151s ]
NOTIC: [8] Undefined index: car /var/www/zhier/App/Home/Controller/IndexController.class.php 第 53 行.
SQL: SHOW COLUMNS FROM `order` [ RunTime:0.0008s ]
SQL: SELECT count(1) order_num FROM `order` WHERE ( `user_id`='123' )  [ RunTime:0.0001s ]
SQL: SHOW COLUMNS FROM `opinion` [ RunTime:0.0004s ]
SQL: SELECT count(1) opinion_num FROM `opinion` WHERE ( `user_id`='123' )  [ RunTime:0.0001s ]
NOTIC: [8] Undefined index: car /var/www/zhier/App/Home/Controller/IndexController.class.php 第 69 行.
INFO: [ view_parse ] --START--
INFO: [ template_filter ] --START--
INFO: Run Behavior\ContentReplaceBehavior [ RunTime:0.000061s ]
INFO: [ template_filter ] --END-- [ RunTime:0.000141s ]
INFO: Run Behavior\ParseTemplateBehavior [ RunTime:0.003364s ]
INFO: [ view_parse ] --END-- [ RunTime:0.003449s ]
INFO: [ view_filter ] --START--
INFO: Run Behavior\WriteHtmlCacheBehavior [ RunTime:0.000069s ]
INFO: [ view_filter ] --END-- [ RunTime:0.000148s ]
INFO: [ app_end ] --START--
INFO: Run Behavior\ShowPageTraceBehavior [ RunTime:0.000056s ]
INFO: [ app_end ] --END-- [ RunTime:0.000133s ]

[ 2015-07-08T21:55:30+08:00 ] 114.242.249.10 /zhier/index.php/home
INFO: [ app_init ] --START--
INFO: Run Behavior\BuildLiteBehavior [ RunTime:0.000025s ]
INFO: [ app_init ] --END-- [ RunTime:0.000164s ]
INFO: [ app_begin ] --START--
INFO: Run Behavior\ReadHtmlCacheBehavior [ RunTime:0.000062s ]
INFO: [ app_begin ] --END-- [ RunTime:0.000142s ]
NOTIC: [8] Undefined index: car /var/www/zhier/App/Home/Controller/IndexController.class.php 第 53 行.
SQL: SHOW COLUMNS FROM `order` [ RunTime:0.0008s ]
SQL: SELECT count(1) order_num FROM `order` WHERE ( `user_id`='115' )  [ RunTime:0.0001s ]
SQL: SHOW COLUMNS FROM `opinion` [ RunTime:0.0004s ]
SQL: SELECT count(1) opinion_num FROM `opinion` WHERE ( `user_id`='115' )  [ RunTime:0.0003s ]
NOTIC: [8] Undefined index: car /var/www/zhier/App/Home/Controller/IndexController.class.php 第 69 行.
INFO: [ view_parse ] --START--
INFO: [ template_filter ] --START--
INFO: Run Behavior\ContentReplaceBehavior [ RunTime:0.000062s ]
INFO: [ template_filter ] --END-- [ RunTime:0.000152s ]
INFO: Run Behavior\ParseTemplateBehavior [ RunTime:0.003913s ]
INFO: [ view_parse ] --END-- [ RunTime:0.004021s ]
INFO: [ view_filter ] --START--
INFO: Run Behavior\WriteHtmlCacheBehavior [ RunTime:0.000064s ]
INFO: [ view_filter ] --END-- [ RunTime:0.000143s ]
INFO: [ app_end ] --START--
INFO: Run Behavior\ShowPageTraceBehavior [ RunTime:0.000051s ]
INFO: [ app_end ] --END-- [ RunTime:0.000127s ]

[ 2015-07-08T21:55:33+08:00 ] 114.242.249.10 /zhier/index.php/home
INFO: [ app_init ] --START--
INFO: Run Behavior\BuildLiteBehavior [ RunTime:0.000026s ]
INFO: [ app_init ] --END-- [ RunTime:0.000209s ]
INFO: [ app_begin ] --START--
INFO: Run Behavior\ReadHtmlCacheBehavior [ RunTime:0.000066s ]
INFO: [ app_begin ] --END-- [ RunTime:0.000148s ]
NOTIC: [8] Undefined index: car /var/www/zhier/App/Home/Controller/IndexController.class.php 第 53 行.
SQL: SHOW COLUMNS FROM `order` [ RunTime:0.0008s ]
SQL: SELECT count(1) order_num FROM `order` WHERE ( `user_id`='115' )  [ RunTime:0.0001s ]
SQL: SHOW COLUMNS FROM `opinion` [ RunTime:0.0004s ]
SQL: SELECT count(1) opinion_num FROM `opinion` WHERE ( `user_id`='115' )  [ RunTime:0.0001s ]
NOTIC: [8] Undefined index: car /var/www/zhier/App/Home/Controller/IndexController.class.php 第 69 行.
INFO: [ view_parse ] --START--
INFO: [ template_filter ] --START--
INFO: Run Behavior\ContentReplaceBehavior [ RunTime:0.000065s ]
INFO: [ template_filter ] --END-- [ RunTime:0.000148s ]
INFO: Run Behavior\ParseTemplateBehavior [ RunTime:0.003833s ]
INFO: [ view_parse ] --END-- [ RunTime:0.003920s ]
INFO: [ view_filter ] --START--
INFO: Run Behavior\WriteHtmlCacheBehavior [ RunTime:0.000084s ]
INFO: [ view_filter ] --END-- [ RunTime:0.000176s ]
INFO: [ app_end ] --START--
INFO: Run Behavior\ShowPageTraceBehavior [ RunTime:0.000072s ]
INFO: [ app_end ] --END-- [ RunTime:0.000163s ]

[ 2015-07-08T21:55:49+08:00 ] 114.242.249.10 /zhier/index.php/Home/Index/opinion
INFO: [ app_init ] --START--
INFO: Run Behavior\BuildLiteBehavior [ RunTime:0.000025s ]
INFO: [ app_init ] --END-- [ RunTime:0.000173s ]
INFO: [ app_begin ] --START--
INFO: Run Behavior\ReadHtmlCacheBehavior [ RunTime:0.000087s ]
INFO: [ app_begin ] --END-- [ RunTime:0.000170s ]
NOTIC: [8] Undefined index: car /var/www/zhier/App/Home/Controller/IndexController.class.php 第 53 行.
SQL: SHOW COLUMNS FROM `opinion` [ RunTime:0.0007s ]
SQL: SELECT * FROM `opinion` WHERE ( `user_id`='115' ) ORDER BY opinion_id DESC LIMIT 5   [ RunTime:0.0003s ]
INFO: [ view_parse ] --START--
INFO: [ template_filter ] --START--
INFO: Run Behavior\ContentReplaceBehavior [ RunTime:0.000056s ]
INFO: [ template_filter ] --END-- [ RunTime:0.000138s ]
NOTIC: [2] date() expects parameter 2 to be long, string given /var/www/zhier/App/Runtime/Cache/Home/3b34dde2236f229f0a8c3848b6417fef.php 第 24 行.
NOTIC: [2] date() expects parameter 2 to be long, string given /var/www/zhier/App/Runtime/Cache/Home/3b34dde2236f229f0a8c3848b6417fef.php 第 24 行.
NOTIC: [2] date() expects parameter 2 to be long, string given /var/www/zhier/App/Runtime/Cache/Home/3b34dde2236f229f0a8c3848b6417fef.php 第 24 行.
INFO: Run Behavior\ParseTemplateBehavior [ RunTime:0.004310s ]
INFO: [ view_parse ] --END-- [ RunTime:0.004398s ]
INFO: [ view_filter ] --START--
INFO: Run Behavior\WriteHtmlCacheBehavior [ RunTime:0.000072s ]
INFO: [ view_filter ] --END-- [ RunTime:0.000148s ]
INFO: [ app_end ] --START--
INFO: Run Behavior\ShowPageTraceBehavior [ RunTime:0.000055s ]
INFO: [ app_end ] --END-- [ RunTime:0.000131s ]

[ 2015-07-08T21:55:57+08:00 ] 114.242.249.10 /zhier/index.php/Home/Index/addopinion
INFO: [ app_init ] --START--
INFO: Run Behavior\BuildLiteBehavior [ RunTime:0.000025s ]
INFO: [ app_init ] --END-- [ RunTime:0.000189s ]
INFO: [ app_begin ] --START--
INFO: Run Behavior\ReadHtmlCacheBehavior [ RunTime:0.000058s ]
INFO: [ app_begin ] --END-- [ RunTime:0.000156s ]
NOTIC: [8] Undefined index: car /var/www/zhier/App/Home/Controller/IndexController.class.php 第 53 行.
SQL: SHOW COLUMNS FROM `opinion` [ RunTime:0.0007s ]
SQL: INSERT INTO `opinion` (`question`,`user_id`,`qtime`) VALUES ('旗舰店','115','1436363757') [ RunTime:0.0088s ]
SQL: SELECT * FROM `opinion` WHERE ( `user_id`='115' ) ORDER BY opinion_id DESC LIMIT 5   [ RunTime:0.0002s ]
INFO: [ view_parse ] --START--
INFO: [ template_filter ] --START--
INFO: Run Behavior\ContentReplaceBehavior [ RunTime:0.000056s ]
INFO: [ template_filter ] --END-- [ RunTime:0.000153s ]
NOTIC: [2] date() expects parameter 2 to be long, string given /var/www/zhier/App/Runtime/Cache/Home/3b34dde2236f229f0a8c3848b6417fef.php 第 24 行.
NOTIC: [2] date() expects parameter 2 to be long, string given /var/www/zhier/App/Runtime/Cache/Home/3b34dde2236f229f0a8c3848b6417fef.php 第 24 行.
NOTIC: [2] date() expects parameter 2 to be long, string given /var/www/zhier/App/Runtime/Cache/Home/3b34dde2236f229f0a8c3848b6417fef.php 第 24 行.
NOTIC: [2] date() expects parameter 2 to be long, string given /var/www/zhier/App/Runtime/Cache/Home/3b34dde2236f229f0a8c3848b6417fef.php 第 24 行.
INFO: Run Behavior\ParseTemplateBehavior [ RunTime:0.004408s ]
INFO: [ view_parse ] --END-- [ RunTime:0.004508s ]
INFO: [ view_filter ] --START--
INFO: Run Behavior\WriteHtmlCacheBehavior [ RunTime:0.000068s ]
INFO: [ view_filter ] --END-- [ RunTime:0.000159s ]
INFO: [ app_end ] --START--
INFO: Run Behavior\ShowPageTraceBehavior [ RunTime:0.000067s ]
INFO: [ app_end ] --END-- [ RunTime:0.000158s ]

[ 2015-07-08T21:56:16+08:00 ] 114.242.249.10 /zhier/index.php/home
INFO: [ app_init ] --START--
INFO: Run Behavior\BuildLiteBehavior [ RunTime:0.000025s ]
INFO: [ app_init ] --END-- [ RunTime:0.000170s ]
INFO: [ app_begin ] --START--
INFO: Run Behavior\ReadHtmlCacheBehavior [ RunTime:0.000066s ]
INFO: [ app_begin ] --END-- [ RunTime:0.000146s ]
NOTIC: [8] Undefined index: car /var/www/zhier/App/Home/Controller/IndexController.class.php 第 53 行.
SQL: SHOW COLUMNS FROM `order` [ RunTime:0.0008s ]
SQL: SELECT count(1) order_num FROM `order` WHERE ( `user_id`='115' )  [ RunTime:0.0001s ]
SQL: SHOW COLUMNS FROM `opinion` [ RunTime:0.0004s ]
SQL: SELECT count(1) opinion_num FROM `opinion` WHERE ( `user_id`='115' )  [ RunTime:0.0003s ]
NOTIC: [8] Undefined index: car /var/www/zhier/App/Home/Controller/IndexController.class.php 第 69 行.
INFO: [ view_parse ] --START--
INFO: [ template_filter ] --START--
INFO: Run Behavior\ContentReplaceBehavior [ RunTime:0.000062s ]
INFO: [ template_filter ] --END-- [ RunTime:0.000142s ]
INFO: Run Behavior\ParseTemplateBehavior [ RunTime:0.003323s ]
INFO: [ view_parse ] --END-- [ RunTime:0.003407s ]
INFO: [ view_filter ] --START--
INFO: Run Behavior\WriteHtmlCacheBehavior [ RunTime:0.000064s ]
INFO: [ view_filter ] --END-- [ RunTime:0.000140s ]
INFO: [ app_end ] --START--
INFO: Run Behavior\ShowPageTraceBehavior [ RunTime:0.000056s ]
INFO: [ app_end ] --END-- [ RunTime:0.000134s ]

[ 2015-07-08T21:56:18+08:00 ] 114.242.249.10 /zhier/index.php/Home/Index/opinion
INFO: [ app_init ] --START--
INFO: Run Behavior\BuildLiteBehavior [ RunTime:0.000025s ]
INFO: [ app_init ] --END-- [ RunTime:0.000162s ]
INFO: [ app_begin ] --START--
INFO: Run Behavior\ReadHtmlCacheBehavior [ RunTime:0.000062s ]
INFO: [ app_begin ] --END-- [ RunTime:0.000142s ]
NOTIC: [8] Undefined index: car /var/www/zhier/App/Home/Controller/IndexController.class.php 第 53 行.
SQL: SHOW COLUMNS FROM `opinion` [ RunTime:0.0007s ]
SQL: SELECT * FROM `opinion` WHERE ( `user_id`='115' ) ORDER BY opinion_id DESC LIMIT 5   [ RunTime:0.0001s ]
INFO: [ view_parse ] --START--
INFO: [ template_filter ] --START--
INFO: Run Behavior\ContentReplaceBehavior [ RunTime:0.000056s ]
INFO: [ template_filter ] --END-- [ RunTime:0.000137s ]
NOTIC: [2] date() expects parameter 2 to be long, string given /var/www/zhier/App/Runtime/Cache/Home/3b34dde2236f229f0a8c3848b6417fef.php 第 24 行.
NOTIC: [2] date() expects parameter 2 to be long, string given /var/www/zhier/App/Runtime/Cache/Home/3b34dde2236f229f0a8c3848b6417fef.php 第 24 行.
NOTIC: [2] date() expects parameter 2 to be long, string given /var/www/zhier/App/Runtime/Cache/Home/3b34dde2236f229f0a8c3848b6417fef.php 第 24 行.
NOTIC: [2] date() expects parameter 2 to be long, string given /var/www/zhier/App/Runtime/Cache/Home/3b34dde2236f229f0a8c3848b6417fef.php 第 24 行.
INFO: Run Behavior\ParseTemplateBehavior [ RunTime:0.004267s ]
INFO: [ view_parse ] --END-- [ RunTime:0.004347s ]
INFO: [ view_filter ] --START--
INFO: Run Behavior\WriteHtmlCacheBehavior [ RunTime:0.000060s ]
INFO: [ view_filter ] --END-- [ RunTime:0.000133s ]
INFO: [ app_end ] --START--
INFO: Run Behavior\ShowPageTraceBehavior [ RunTime:0.000057s ]
INFO: [ app_end ] --END-- [ RunTime:0.000138s ]

[ 2015-07-08T21:56:26+08:00 ] 114.242.249.10 /zhier/index.php/Home/Index/addopinion
INFO: [ app_init ] --START--
INFO: Run Behavior\BuildLiteBehavior [ RunTime:0.000024s ]
INFO: [ app_init ] --END-- [ RunTime:0.000173s ]
INFO: [ app_begin ] --START--
INFO: Run Behavior\ReadHtmlCacheBehavior [ RunTime:0.000058s ]
INFO: [ app_begin ] --END-- [ RunTime:0.000153s ]
NOTIC: [8] Undefined index: car /var/www/zhier/App/Home/Controller/IndexController.class.php 第 53 行.
SQL: SHOW COLUMNS FROM `opinion` [ RunTime:0.0007s ]
SQL: INSERT INTO `opinion` (`question`,`user_id`,`qtime`) VALUES ('话','115','1436363786') [ RunTime:0.0045s ]
SQL: SELECT * FROM `opinion` WHERE ( `user_id`='115' ) ORDER BY opinion_id DESC LIMIT 5   [ RunTime:0.0003s ]
INFO: [ view_parse ] --START--
INFO: [ template_filter ] --START--
INFO: Run Behavior\ContentReplaceBehavior [ RunTime:0.000061s ]
INFO: [ template_filter ] --END-- [ RunTime:0.000162s ]
NOTIC: [2] date() expects parameter 2 to be long, string given /var/www/zhier/App/Runtime/Cache/Home/3b34dde2236f229f0a8c3848b6417fef.php 第 24 行.
NOTIC: [2] date() expects parameter 2 to be long, string given /var/www/zhier/App/Runtime/Cache/Home/3b34dde2236f229f0a8c3848b6417fef.php 第 24 行.
NOTIC: [2] date() expects parameter 2 to be long, string given /var/www/zhier/App/Runtime/Cache/Home/3b34dde2236f229f0a8c3848b6417fef.php 第 24 行.
NOTIC: [2] date() expects parameter 2 to be long, string given /var/www/zhier/App/Runtime/Cache/Home/3b34dde2236f229f0a8c3848b6417fef.php 第 24 行.
NOTIC: [2] date() expects parameter 2 to be long, string given /var/www/zhier/App/Runtime/Cache/Home/3b34dde2236f229f0a8c3848b6417fef.php 第 24 行.
INFO: Run Behavior\ParseTemplateBehavior [ RunTime:0.004413s ]
INFO: [ view_parse ] --END-- [ RunTime:0.004508s ]
INFO: [ view_filter ] --START--
INFO: Run Behavior\WriteHtmlCacheBehavior [ RunTime:0.000071s ]
INFO: [ view_filter ] --END-- [ RunTime:0.000160s ]
INFO: [ app_end ] --START--
INFO: Run Behavior\ShowPageTraceBehavior [ RunTime:0.000079s ]
INFO: [ app_end ] --END-- [ RunTime:0.000169s ]

[ 2015-07-08T21:56:31+08:00 ] 114.242.249.10 /zhier/index.php/home
INFO: [ app_init ] --START--
INFO: Run Behavior\BuildLiteBehavior [ RunTime:0.000024s ]
INFO: [ app_init ] --END-- [ RunTime:0.000166s ]
INFO: [ app_begin ] --START--
INFO: Run Behavior\ReadHtmlCacheBehavior [ RunTime:0.000063s ]
INFO: [ app_begin ] --END-- [ RunTime:0.000144s ]
NOTIC: [8] Undefined index: car /var/www/zhier/App/Home/Controller/IndexController.class.php 第 53 行.
SQL: SHOW COLUMNS FROM `order` [ RunTime:0.0008s ]
SQL: SELECT count(1) order_num FROM `order` WHERE ( `user_id`='115' )  [ RunTime:0.0001s ]
SQL: SHOW COLUMNS FROM `opinion` [ RunTime:0.0004s ]
SQL: SELECT count(1) opinion_num FROM `opinion` WHERE ( `user_id`='115' )  [ RunTime:0.0003s ]
NOTIC: [8] Undefined index: car /var/www/zhier/App/Home/Controller/IndexController.class.php 第 69 行.
INFO: [ view_parse ] --START--
INFO: [ template_filter ] --START--
INFO: Run Behavior\ContentReplaceBehavior [ RunTime:0.000061s ]
INFO: [ template_filter ] --END-- [ RunTime:0.000140s ]
INFO: Run Behavior\ParseTemplateBehavior [ RunTime:0.003390s ]
INFO: [ view_parse ] --END-- [ RunTime:0.003474s ]
INFO: [ view_filter ] --START--
INFO: Run Behavior\WriteHtmlCacheBehavior [ RunTime:0.000066s ]
INFO: [ view_filter ] --END-- [ RunTime:0.000144s ]
INFO: [ app_end ] --START--
INFO: Run Behavior\ShowPageTraceBehavior [ RunTime:0.000050s ]
INFO: [ app_end ] --END-- [ RunTime:0.000124s ]

[ 2015-07-08T21:56:32+08:00 ] 114.242.249.10 /zhier/index.php/Home/Index/opinion
INFO: [ app_init ] --START--
INFO: Run Behavior\BuildLiteBehavior [ RunTime:0.000025s ]
INFO: [ app_init ] --END-- [ RunTime:0.000173s ]
INFO: [ app_begin ] --START--
INFO: Run Behavior\ReadHtmlCacheBehavior [ RunTime:0.000067s ]
INFO: [ app_begin ] --END-- [ RunTime:0.000148s ]
NOTIC: [8] Undefined index: car /var/www/zhier/App/Home/Controller/IndexController.class.php 第 53 行.
SQL: SHOW COLUMNS FROM `opinion` [ RunTime:0.0007s ]
SQL: SELECT * FROM `opinion` WHERE ( `user_id`='115' ) ORDER BY opinion_id DESC LIMIT 5   [ RunTime:0.0001s ]
INFO: [ view_parse ] --START--
INFO: [ template_filter ] --START--
INFO: Run Behavior\ContentReplaceBehavior [ RunTime:0.000103s ]
INFO: [ template_filter ] --END-- [ RunTime:0.000189s ]
NOTIC: [2] date() expects parameter 2 to be long, string given /var/www/zhier/App/Runtime/Cache/Home/3b34dde2236f229f0a8c3848b6417fef.php 第 24 行.
NOTIC: [2] date() expects parameter 2 to be long, string given /var/www/zhier/App/Runtime/Cache/Home/3b34dde2236f229f0a8c3848b6417fef.php 第 24 行.
NOTIC: [2] date() expects parameter 2 to be long, string given /var/www/zhier/App/Runtime/Cache/Home/3b34dde2236f229f0a8c3848b6417fef.php 第 24 行.
NOTIC: [2] date() expects parameter 2 to be long, string given /var/www/zhier/App/Runtime/Cache/Home/3b34dde2236f229f0a8c3848b6417fef.php 第 24 行.
NOTIC: [2] date() expects parameter 2 to be long, string given /var/www/zhier/App/Runtime/Cache/Home/3b34dde2236f229f0a8c3848b6417fef.php 第 24 行.
INFO: Run Behavior\ParseTemplateBehavior [ RunTime:0.004308s ]
INFO: [ view_parse ] --END-- [ RunTime:0.004392s ]
INFO: [ view_filter ] --START--
INFO: Run Behavior\WriteHtmlCacheBehavior [ RunTime:0.000068s ]
INFO: [ view_filter ] --END-- [ RunTime:0.000141s ]
INFO: [ app_end ] --START--
INFO: Run Behavior\ShowPageTraceBehavior [ RunTime:0.000062s ]
INFO: [ app_end ] --END-- [ RunTime:0.000139s ]

[ 2015-07-08T21:56:34+08:00 ] 114.242.249.10 /zhier/index.php/home
INFO: [ app_init ] --START--
INFO: Run Behavior\BuildLiteBehavior [ RunTime:0.000025s ]
INFO: [ app_init ] --END-- [ RunTime:0.000165s ]
INFO: [ app_begin ] --START--
INFO: Run Behavior\ReadHtmlCacheBehavior [ RunTime:0.000062s ]
INFO: [ app_begin ] --END-- [ RunTime:0.000144s ]
NOTIC: [8] Undefined index: car /var/www/zhier/App/Home/Controller/IndexController.class.php 第 53 行.
SQL: SHOW COLUMNS FROM `order` [ RunTime:0.0008s ]
SQL: SELECT count(1) order_num FROM `order` WHERE ( `user_id`='115' )  [ RunTime:0.0001s ]
SQL: SHOW COLUMNS FROM `opinion` [ RunTime:0.0004s ]
SQL: SELECT count(1) opinion_num FROM `opinion` WHERE ( `user_id`='115' )  [ RunTime:0.0001s ]
NOTIC: [8] Undefined index: car /var/www/zhier/App/Home/Controller/IndexController.class.php 第 69 行.
INFO: [ view_parse ] --START--
INFO: [ template_filter ] --START--
INFO: Run Behavior\ContentReplaceBehavior [ RunTime:0.000061s ]
INFO: [ template_filter ] --END-- [ RunTime:0.000141s ]
INFO: Run Behavior\ParseTemplateBehavior [ RunTime:0.003339s ]
INFO: [ view_parse ] --END-- [ RunTime:0.003430s ]
INFO: [ view_filter ] --START--
INFO: Run Behavior\WriteHtmlCacheBehavior [ RunTime:0.000068s ]
INFO: [ view_filter ] --END-- [ RunTime:0.000150s ]
INFO: [ app_end ] --START--
INFO: Run Behavior\ShowPageTraceBehavior [ RunTime:0.000051s ]
INFO: [ app_end ] --END-- [ RunTime:0.000125s ]

[ 2015-07-08T21:56:37+08:00 ] 114.242.249.10 /zhier/index.php/Home/Index/opinion
INFO: [ app_init ] --START--
INFO: Run Behavior\BuildLiteBehavior [ RunTime:0.000024s ]
INFO: [ app_init ] --END-- [ RunTime:0.000170s ]
INFO: [ app_begin ] --START--
INFO: Run Behavior\ReadHtmlCacheBehavior [ RunTime:0.000067s ]
INFO: [ app_begin ] --END-- [ RunTime:0.000149s ]
NOTIC: [8] Undefined index: car /var/www/zhier/App/Home/Controller/IndexController.class.php 第 53 行.
SQL: SHOW COLUMNS FROM `opinion` [ RunTime:0.0007s ]
SQL: SELECT * FROM `opinion` WHERE ( `user_id`='115' ) ORDER BY opinion_id DESC LIMIT 5   [ RunTime:0.0001s ]
INFO: [ view_parse ] --START--
INFO: [ template_filter ] --START--
INFO: Run Behavior\ContentReplaceBehavior [ RunTime:0.000056s ]
INFO: [ template_filter ] --END-- [ RunTime:0.000138s ]
NOTIC: [2] date() expects parameter 2 to be long, string given /var/www/zhier/App/Runtime/Cache/Home/3b34dde2236f229f0a8c3848b6417fef.php 第 24 行.
NOTIC: [2] date() expects parameter 2 to be long, string given /var/www/zhier/App/Runtime/Cache/Home/3b34dde2236f229f0a8c3848b6417fef.php 第 24 行.
NOTIC: [2] date() expects parameter 2 to be long, string given /var/www/zhier/App/Runtime/Cache/Home/3b34dde2236f229f0a8c3848b6417fef.php 第 24 行.
NOTIC: [2] date() expects parameter 2 to be long, string given /var/www/zhier/App/Runtime/Cache/Home/3b34dde2236f229f0a8c3848b6417fef.php 第 24 行.
NOTIC: [2] date() expects parameter 2 to be long, string given /var/www/zhier/App/Runtime/Cache/Home/3b34dde2236f229f0a8c3848b6417fef.php 第 24 行.
INFO: Run Behavior\ParseTemplateBehavior [ RunTime:0.004350s ]
INFO: [ view_parse ] --END-- [ RunTime:0.004435s ]
INFO: [ view_filter ] --START--
INFO: Run Behavior\WriteHtmlCacheBehavior [ RunTime:0.000065s ]
INFO: [ view_filter ] --END-- [ RunTime:0.000138s ]
INFO: [ app_end ] --START--
INFO: Run Behavior\ShowPageTraceBehavior [ RunTime:0.000055s ]
INFO: [ app_end ] --END-- [ RunTime:0.000132s ]

[ 2015-07-08T21:57:00+08:00 ] 114.242.249.10 /zhier/index.php/home
INFO: [ app_init ] --START--
INFO: Run Behavior\BuildLiteBehavior [ RunTime:0.000026s ]
INFO: [ app_init ] --END-- [ RunTime:0.000172s ]
INFO: [ app_begin ] --START--
INFO: Run Behavior\ReadHtmlCacheBehavior [ RunTime:0.000066s ]
INFO: [ app_begin ] --END-- [ RunTime:0.000149s ]
NOTIC: [8] Undefined index: car /var/www/zhier/App/Home/Controller/IndexController.class.php 第 53 行.
SQL: SHOW COLUMNS FROM `order` [ RunTime:0.0008s ]
SQL: SELECT count(1) order_num FROM `order` WHERE ( `user_id`='115' )  [ RunTime:0.0001s ]
SQL: SHOW COLUMNS FROM `opinion` [ RunTime:0.0006s ]
SQL: SELECT count(1) opinion_num FROM `opinion` WHERE ( `user_id`='115' )  [ RunTime:0.0001s ]
NOTIC: [8] Undefined index: car /var/www/zhier/App/Home/Controller/IndexController.class.php 第 69 行.
INFO: [ view_parse ] --START--
INFO: [ template_filter ] --START--
INFO: Run Behavior\ContentReplaceBehavior [ RunTime:0.000062s ]
INFO: [ template_filter ] --END-- [ RunTime:0.000143s ]
INFO: Run Behavior\ParseTemplateBehavior [ RunTime:0.003599s ]
INFO: [ view_parse ] --END-- [ RunTime:0.003687s ]
INFO: [ view_filter ] --START--
INFO: Run Behavior\WriteHtmlCacheBehavior [ RunTime:0.000066s ]
INFO: [ view_filter ] --END-- [ RunTime:0.000144s ]
INFO: [ app_end ] --START--
INFO: Run Behavior\ShowPageTraceBehavior [ RunTime:0.000063s ]
INFO: [ app_end ] --END-- [ RunTime:0.000143s ]

[ 2015-07-08T21:57:01+08:00 ] 114.242.249.10 /zhier/index.php/Home/Index/opinion
INFO: [ app_init ] --START--
INFO: Run Behavior\BuildLiteBehavior [ RunTime:0.000024s ]
INFO: [ app_init ] --END-- [ RunTime:0.000164s ]
INFO: [ app_begin ] --START--
INFO: Run Behavior\ReadHtmlCacheBehavior [ RunTime:0.000061s ]
INFO: [ app_begin ] --END-- [ RunTime:0.000142s ]
NOTIC: [8] Undefined index: car /var/www/zhier/App/Home/Controller/IndexController.class.php 第 53 行.
SQL: SHOW COLUMNS FROM `opinion` [ RunTime:0.0007s ]
SQL: SELECT * FROM `opinion` WHERE ( `user_id`='115' ) ORDER BY opinion_id DESC LIMIT 5   [ RunTime:0.0001s ]
INFO: [ view_parse ] --START--
INFO: [ template_filter ] --START--
INFO: Run Behavior\ContentReplaceBehavior [ RunTime:0.000057s ]
INFO: [ template_filter ] --END-- [ RunTime:0.000137s ]
NOTIC: [2] date() expects parameter 2 to be long, string given /var/www/zhier/App/Runtime/Cache/Home/3b34dde2236f229f0a8c3848b6417fef.php 第 24 行.
NOTIC: [2] date() expects parameter 2 to be long, string given /var/www/zhier/App/Runtime/Cache/Home/3b34dde2236f229f0a8c3848b6417fef.php 第 24 行.
NOTIC: [2] date() expects parameter 2 to be long, string given /var/www/zhier/App/Runtime/Cache/Home/3b34dde2236f229f0a8c3848b6417fef.php 第 24 行.
NOTIC: [2] date() expects parameter 2 to be long, string given /var/www/zhier/App/Runtime/Cache/Home/3b34dde2236f229f0a8c3848b6417fef.php 第 24 行.
NOTIC: [2] date() expects parameter 2 to be long, string given /var/www/zhier/App/Runtime/Cache/Home/3b34dde2236f229f0a8c3848b6417fef.php 第 24 行.
INFO: Run Behavior\ParseTemplateBehavior [ RunTime:0.004291s ]
INFO: [ view_parse ] --END-- [ RunTime:0.004375s ]
INFO: [ view_filter ] --START--
INFO: Run Behavior\WriteHtmlCacheBehavior [ RunTime:0.000060s ]
INFO: [ view_filter ] --END-- [ RunTime:0.000133s ]
INFO: [ app_end ] --START--
INFO: Run Behavior\ShowPageTraceBehavior [ RunTime:0.000051s ]
INFO: [ app_end ] --END-- [ RunTime:0.000127s ]

[ 2015-07-08T21:57:37+08:00 ] 114.242.249.10 /zhier/index.php/home
INFO: [ app_init ] --START--
INFO: Run Behavior\BuildLiteBehavior [ RunTime:0.000025s ]
INFO: [ app_init ] --END-- [ RunTime:0.000174s ]
INFO: [ app_begin ] --START--
INFO: Run Behavior\ReadHtmlCacheBehavior [ RunTime:0.000069s ]
INFO: [ app_begin ] --END-- [ RunTime:0.000156s ]
NOTIC: [8] Undefined index: car /var/www/zhier/App/Home/Controller/IndexController.class.php 第 53 行.
SQL: SHOW COLUMNS FROM `order` [ RunTime:0.0008s ]
SQL: SELECT count(1) order_num FROM `order` WHERE ( `user_id`='115' )  [ RunTime:0.0001s ]
SQL: SHOW COLUMNS FROM `opinion` [ RunTime:0.0004s ]
SQL: SELECT count(1) opinion_num FROM `opinion` WHERE ( `user_id`='115' )  [ RunTime:0.0001s ]
NOTIC: [8] Undefined index: car /var/www/zhier/App/Home/Controller/IndexController.class.php 第 69 行.
INFO: [ view_parse ] --START--
INFO: [ template_filter ] --START--
INFO: Run Behavior\ContentReplaceBehavior [ RunTime:0.000062s ]
INFO: [ template_filter ] --END-- [ RunTime:0.000143s ]
INFO: Run Behavior\ParseTemplateBehavior [ RunTime:0.003294s ]
INFO: [ view_parse ] --END-- [ RunTime:0.003379s ]
INFO: [ view_filter ] --START--
INFO: Run Behavior\WriteHtmlCacheBehavior [ RunTime:0.000074s ]
INFO: [ view_filter ] --END-- [ RunTime:0.000150s ]
INFO: [ app_end ] --START--
INFO: Run Behavior\ShowPageTraceBehavior [ RunTime:0.000062s ]
INFO: [ app_end ] --END-- [ RunTime:0.000141s ]

[ 2015-07-08T21:57:41+08:00 ] 114.242.249.10 /zhier/index.php/home
INFO: [ app_init ] --START--
INFO: Run Behavior\BuildLiteBehavior [ RunTime:0.000024s ]
INFO: [ app_init ] --END-- [ RunTime:0.000164s ]
INFO: [ app_begin ] --START--
INFO: Run Behavior\ReadHtmlCacheBehavior [ RunTime:0.000061s ]
INFO: [ app_begin ] --END-- [ RunTime:0.000142s ]
NOTIC: [8] Undefined index: car /var/www/zhier/App/Home/Controller/IndexController.class.php 第 53 行.
SQL: SHOW COLUMNS FROM `order` [ RunTime:0.0009s ]
SQL: SELECT count(1) order_num FROM `order` WHERE ( `user_id`='115' )  [ RunTime:0.0001s ]
SQL: SHOW COLUMNS FROM `opinion` [ RunTime:0.0005s ]
SQL: SELECT count(1) opinion_num FROM `opinion` WHERE ( `user_id`='115' )  [ RunTime:0.0001s ]
NOTIC: [8] Undefined index: car /var/www/zhier/App/Home/Controller/IndexController.class.php 第 69 行.
INFO: [ view_parse ] --START--
INFO: [ template_filter ] --START--
INFO: Run Behavior\ContentReplaceBehavior [ RunTime:0.000060s ]
INFO: [ template_filter ] --END-- [ RunTime:0.000141s ]
INFO: Run Behavior\ParseTemplateBehavior [ RunTime:0.003355s ]
INFO: [ view_parse ] --END-- [ RunTime:0.003450s ]
INFO: [ view_filter ] --START--
INFO: Run Behavior\WriteHtmlCacheBehavior [ RunTime:0.000079s ]
INFO: [ view_filter ] --END-- [ RunTime:0.000270s ]
INFO: [ app_end ] --START--
INFO: Run Behavior\ShowPageTraceBehavior [ RunTime:0.000065s ]
INFO: [ app_end ] --END-- [ RunTime:0.000159s ]

[ 2015-07-08T21:59:07+08:00 ] 101.226.66.175 /zhier/index.php/Home/Index/addopinion
INFO: [ app_init ] --START--
INFO: Run Behavior\BuildLiteBehavior [ RunTime:0.000025s ]
INFO: [ app_init ] --END-- [ RunTime:0.000172s ]
INFO: [ app_begin ] --START--
INFO: Run Behavior\ReadHtmlCacheBehavior [ RunTime:0.000068s ]
INFO: [ app_begin ] --END-- [ RunTime:0.000163s ]
NOTIC: [8] Undefined index: user /var/www/zhier/App/Home/Controller/IndexController.class.php 第 44 行.
NOTIC: [8] Undefined index: hasJumped /var/www/zhier/App/Home/Controller/IndexController.class.php 第 44 行.

[ 2015-07-08T22:10:02+08:00 ] 180.153.211.190 /zhier/index.php/Home/Index/addopinion
INFO: [ app_init ] --START--
INFO: Run Behavior\BuildLiteBehavior [ RunTime:0.000025s ]
INFO: [ app_init ] --END-- [ RunTime:0.000173s ]
INFO: [ app_begin ] --START--
INFO: Run Behavior\ReadHtmlCacheBehavior [ RunTime:0.000066s ]
INFO: [ app_begin ] --END-- [ RunTime:0.000162s ]
NOTIC: [8] Undefined index: user /var/www/zhier/App/Home/Controller/IndexController.class.php 第 44 行.
NOTIC: [8] Undefined index: hasJumped /var/www/zhier/App/Home/Controller/IndexController.class.php 第 44 行.

[ 2015-07-08T22:47:40+08:00 ] 123.151.42.46 /zhier/index.php/home
INFO: [ app_init ] --START--
INFO: Run Behavior\BuildLiteBehavior [ RunTime:0.000025s ]
INFO: [ app_init ] --END-- [ RunTime:0.000170s ]
INFO: [ app_begin ] --START--
INFO: Run Behavior\ReadHtmlCacheBehavior [ RunTime:0.000085s ]
INFO: [ app_begin ] --END-- [ RunTime:0.000179s ]
SQL: SHOW COLUMNS FROM `order` [ RunTime:0.0008s ]
SQL: SELECT count(1) order_num FROM `order` WHERE ( `user_id`='109' )  [ RunTime:0.0001s ]
SQL: SHOW COLUMNS FROM `opinion` [ RunTime:0.0004s ]
SQL: SELECT count(1) opinion_num FROM `opinion` WHERE ( `user_id`='109' )  [ RunTime:0.0002s ]
INFO: [ view_parse ] --START--
INFO: [ template_filter ] --START--
INFO: Run Behavior\ContentReplaceBehavior [ RunTime:0.000062s ]
INFO: [ template_filter ] --END-- [ RunTime:0.000143s ]
INFO: Run Behavior\ParseTemplateBehavior [ RunTime:0.003348s ]
INFO: [ view_parse ] --END-- [ RunTime:0.003431s ]
INFO: [ view_filter ] --START--
INFO: Run Behavior\WriteHtmlCacheBehavior [ RunTime:0.000065s ]
INFO: [ view_filter ] --END-- [ RunTime:0.000138s ]
INFO: [ app_end ] --START--
INFO: Run Behavior\ShowPageTraceBehavior [ RunTime:0.000055s ]
INFO: [ app_end ] --END-- [ RunTime:0.000134s ]

[ 2015-07-08T22:55:50+08:00 ] 61.148.244.227 /zhier/index.php/Home/Index/index.html
INFO: [ app_init ] --START--
INFO: Run Behavior\BuildLiteBehavior [ RunTime:0.000022s ]
INFO: [ app_init ] --END-- [ RunTime:0.000144s ]
INFO: [ app_begin ] --START--
INFO: Run Behavior\ReadHtmlCacheBehavior [ RunTime:0.000059s ]
INFO: [ app_begin ] --END-- [ RunTime:0.000154s ]
NOTIC: [8] Undefined index: car /var/www/zhier/App/Home/Controller/IndexController.class.php 第 53 行.
SQL: SHOW COLUMNS FROM `order` [ RunTime:0.0006s ]
SQL: SELECT count(1) order_num FROM `order` WHERE ( `user_id`='123' )  [ RunTime:0.0002s ]
SQL: SHOW COLUMNS FROM `opinion` [ RunTime:0.0005s ]
SQL: SELECT count(1) opinion_num FROM `opinion` WHERE ( `user_id`='123' )  [ RunTime:0.0002s ]
NOTIC: [8] Undefined index: car /var/www/zhier/App/Home/Controller/IndexController.class.php 第 69 行.
INFO: [ view_parse ] --START--
INFO: [ template_filter ] --START--
INFO: Run Behavior\ContentReplaceBehavior [ RunTime:0.000061s ]
INFO: [ template_filter ] --END-- [ RunTime:0.000155s ]
INFO: Run Behavior\ParseTemplateBehavior [ RunTime:0.003379s ]
INFO: [ view_parse ] --END-- [ RunTime:0.003478s ]
INFO: [ view_filter ] --START--
INFO: Run Behavior\WriteHtmlCacheBehavior [ RunTime:0.000059s ]
INFO: [ view_filter ] --END-- [ RunTime:0.000147s ]
INFO: [ app_end ] --START--
INFO: Run Behavior\ShowPageTraceBehavior [ RunTime:0.000059s ]
INFO: [ app_end ] --END-- [ RunTime:0.000147s ]

[ 2015-07-08T22:55:52+08:00 ] 61.148.244.227 /zhier/index.php/Home/Index/orders
INFO: [ app_init ] --START--
INFO: Run Behavior\BuildLiteBehavior [ RunTime:0.000025s ]
INFO: [ app_init ] --END-- [ RunTime:0.000172s ]
INFO: [ app_begin ] --START--
INFO: Run Behavior\ReadHtmlCacheBehavior [ RunTime:0.000068s ]
INFO: [ app_begin ] --END-- [ RunTime:0.000163s ]
NOTIC: [8] Undefined index: car /var/www/zhier/App/Home/Controller/IndexController.class.php 第 53 行.
SQL: SHOW COLUMNS FROM `order` [ RunTime:0.0025s ]
SQL: SELECT * FROM `order` WHERE ( `user_id`='123' ) ORDER BY order_id DESC LIMIT 10   [ RunTime:0.0003s ]
SQL: SHOW COLUMNS FROM `order_detail` [ RunTime:0.0005s ]
SQL: SHOW COLUMNS FROM `user_coupon` [ RunTime:0.0005s ]
SQL: SHOW COLUMNS FROM `fruit_type` [ RunTime:0.0004s ]
SQL: SELECT * FROM `fruit_type`  [ RunTime:0.0001s ]
NOTIC: [8] Undefined offset: 15 /var/www/zhier/App/Home/Controller/IndexController.class.php 第 94 行.
SQL: SELECT * FROM `order_detail` WHERE ( `order_id`='12399' )  [ RunTime:0.0002s ]
SQL: 
SELECT c.coupon_id,t.type_id,t.coupon_name, count( c.coupon_id ) coupon_count
FROM `user_coupon` c
LEFT JOIN fruit_type t ON c.type_id = t.type_id
WHERE `order_id` ='12399'
GROUP BY c.type_id
			 [ RunTime:0.0003s ]
NOTIC: [8] Undefined offset: 15 /var/www/zhier/App/Home/Controller/IndexController.class.php 第 94 行.
SQL: SELECT * FROM `order_detail` WHERE ( `order_id`='12398' )  [ RunTime:0.0002s ]
SQL: 
SELECT c.coupon_id,t.type_id,t.coupon_name, count( c.coupon_id ) coupon_count
FROM `user_coupon` c
LEFT JOIN fruit_type t ON c.type_id = t.type_id
WHERE `order_id` ='12398'
GROUP BY c.type_id
			 [ RunTime:0.0003s ]
INFO: [ view_parse ] --START--
INFO: [ template_filter ] --START--
INFO: Run Behavior\ContentReplaceBehavior [ RunTime:0.000059s ]
INFO: [ template_filter ] --END-- [ RunTime:0.000161s ]
INFO: Run Behavior\ParseTemplateBehavior [ RunTime:0.006146s ]
INFO: [ view_parse ] --END-- [ RunTime:0.006246s ]
INFO: [ view_filter ] --START--
INFO: Run Behavior\WriteHtmlCacheBehavior [ RunTime:0.000067s ]
INFO: [ view_filter ] --END-- [ RunTime:0.000155s ]
INFO: [ app_end ] --START--
INFO: Run Behavior\ShowPageTraceBehavior [ RunTime:0.000066s ]
INFO: [ app_end ] --END-- [ RunTime:0.000156s ]

[ 2015-07-08T23:01:50+08:00 ] 101.226.93.234 /zhier/index.php/Home/Index/index.html
INFO: [ app_init ] --START--
INFO: Run Behavior\BuildLiteBehavior [ RunTime:0.000026s ]
INFO: [ app_init ] --END-- [ RunTime:0.000174s ]
INFO: [ app_begin ] --START--
INFO: Run Behavior\ReadHtmlCacheBehavior [ RunTime:0.000068s ]
INFO: [ app_begin ] --END-- [ RunTime:0.000164s ]
NOTIC: [8] Undefined index: user /var/www/zhier/App/Home/Controller/IndexController.class.php 第 44 行.
NOTIC: [8] Undefined index: hasJumped /var/www/zhier/App/Home/Controller/IndexController.class.php 第 44 行.

[ 2015-07-08T23:09:23+08:00 ] 101.226.51.227 /zhier/index.php/Home/Index/index.html
INFO: [ app_init ] --START--
INFO: Run Behavior\BuildLiteBehavior [ RunTime:0.000025s ]
INFO: [ app_init ] --END-- [ RunTime:0.000172s ]
INFO: [ app_begin ] --START--
INFO: Run Behavior\ReadHtmlCacheBehavior [ RunTime:0.000068s ]
INFO: [ app_begin ] --END-- [ RunTime:0.000163s ]
NOTIC: [8] Undefined index: user /var/www/zhier/App/Home/Controller/IndexController.class.php 第 44 行.
NOTIC: [8] Undefined index: hasJumped /var/www/zhier/App/Home/Controller/IndexController.class.php 第 44 行.

