[ 2015-07-31T20:54:04+08:00 ] 114.240.250.24 /zhier/index.php/home
INFO: [ app_init ] --START--
INFO: Run Behavior\BuildLiteBehavior [ RunTime:0.000025s ]
INFO: [ app_init ] --END-- [ RunTime:0.000172s ]
INFO: [ app_begin ] --START--
INFO: Run Behavior\ReadHtmlCacheBehavior [ RunTime:0.000065s ]
INFO: [ app_begin ] --END-- [ RunTime:0.000146s ]
SQL: SHOW COLUMNS FROM `order` [ RunTime:0.0008s ]
SQL: SELECT count(1) order_num FROM `order` WHERE ( `user_id`='110' )  [ RunTime:0.0003s ]
SQL: SHOW COLUMNS FROM `opinion` [ RunTime:0.0004s ]
SQL: SELECT count(1) opinion_num FROM `opinion` WHERE ( `user_id`='110' )  [ RunTime:0.0002s ]
INFO: [ view_parse ] --START--
INFO: [ template_filter ] --START--
INFO: Run Behavior\ContentReplaceBehavior [ RunTime:0.000062s ]
INFO: [ template_filter ] --END-- [ RunTime:0.000143s ]
INFO: Run Behavior\ParseTemplateBehavior [ RunTime:0.009288s ]
INFO: [ view_parse ] --END-- [ RunTime:0.009372s ]
INFO: [ view_filter ] --START--
INFO: Run Behavior\WriteHtmlCacheBehavior [ RunTime:0.000064s ]
INFO: [ view_filter ] --END-- [ RunTime:0.000136s ]
INFO: [ app_end ] --START--
INFO: Run Behavior\ShowPageTraceBehavior [ RunTime:0.000100s ]
INFO: [ app_end ] --END-- [ RunTime:0.000177s ]

[ 2015-07-31T20:55:05+08:00 ] 114.240.250.24 /zhier/index.php/home
INFO: [ app_init ] --START--
INFO: Run Behavior\BuildLiteBehavior [ RunTime:0.000025s ]
INFO: [ app_init ] --END-- [ RunTime:0.000171s ]
INFO: [ app_begin ] --START--
INFO: Run Behavior\ReadHtmlCacheBehavior [ RunTime:0.000067s ]
INFO: [ app_begin ] --END-- [ RunTime:0.000149s ]
SQL: SHOW COLUMNS FROM `order` [ RunTime:0.0008s ]
SQL: SELECT count(1) order_num FROM `order` WHERE ( `user_id`='110' )  [ RunTime:0.0001s ]
SQL: SHOW COLUMNS FROM `opinion` [ RunTime:0.0005s ]
SQL: SELECT count(1) opinion_num FROM `opinion` WHERE ( `user_id`='110' )  [ RunTime:0.0001s ]
INFO: [ view_parse ] --START--
INFO: [ template_filter ] --START--
INFO: Run Behavior\ContentReplaceBehavior [ RunTime:0.000061s ]
INFO: [ template_filter ] --END-- [ RunTime:0.000142s ]
INFO: Run Behavior\ParseTemplateBehavior [ RunTime:0.003327s ]
INFO: [ view_parse ] --END-- [ RunTime:0.003411s ]
INFO: [ view_filter ] --START--
INFO: Run Behavior\WriteHtmlCacheBehavior [ RunTime:0.000071s ]
INFO: [ view_filter ] --END-- [ RunTime:0.000153s ]
INFO: [ app_end ] --START--
INFO: Run Behavior\ShowPageTraceBehavior [ RunTime:0.000054s ]
INFO: [ app_end ] --END-- [ RunTime:0.000129s ]

[ 2015-07-31T20:55:09+08:00 ] 114.240.250.24 /zhier/index.php/Home/Index/wallet
INFO: [ app_init ] --START--
INFO: Run Behavior\BuildLiteBehavior [ RunTime:0.000025s ]
INFO: [ app_init ] --END-- [ RunTime:0.000175s ]
INFO: [ app_begin ] --START--
INFO: Run Behavior\ReadHtmlCacheBehavior [ RunTime:0.000066s ]
INFO: [ app_begin ] --END-- [ RunTime:0.000147s ]
SQL: SHOW COLUMNS FROM `fruit_type` [ RunTime:0.0007s ]
SQL: SELECT * FROM `fruit_type`  [ RunTime:0.0001s ]
SQL: SHOW COLUMNS FROM `user_coupon` [ RunTime:0.0005s ]
SQL: 
			SELECT t.type_id, t.coupon_name, COUNT( c.coupon_id ) type_count
			FROM `fruit_type` t
			LEFT JOIN `user_coupon` c ON c.type_id = t.type_id
			AND c.user_id ='110'
			AND c.is_used !=1
			WHERE 1
			GROUP BY t.type_id
			ORDER BY `order` DESC
			LIMIT 0 , 10
		 [ RunTime:0.0127s ]
INFO: [ view_parse ] --START--
INFO: [ template_filter ] --START--
INFO: Run Behavior\ContentReplaceBehavior [ RunTime:0.000059s ]
INFO: [ template_filter ] --END-- [ RunTime:0.000143s ]
INFO: Run Behavior\ParseTemplateBehavior [ RunTime:0.019811s ]
INFO: [ view_parse ] --END-- [ RunTime:0.019895s ]
INFO: [ view_filter ] --START--
INFO: Run Behavior\WriteHtmlCacheBehavior [ RunTime:0.000069s ]
INFO: [ view_filter ] --END-- [ RunTime:0.000146s ]
INFO: [ app_end ] --START--
INFO: Run Behavior\ShowPageTraceBehavior [ RunTime:0.000060s ]
INFO: [ app_end ] --END-- [ RunTime:0.000136s ]

[ 2015-07-31T20:55:14+08:00 ] 114.240.250.24 /zhier/index.php/Home/Index/walletCoupon/typeid/2
INFO: [ app_init ] --START--
INFO: Run Behavior\BuildLiteBehavior [ RunTime:0.000025s ]
INFO: [ app_init ] --END-- [ RunTime:0.000169s ]
INFO: [ app_begin ] --START--
INFO: Run Behavior\ReadHtmlCacheBehavior [ RunTime:0.000065s ]
INFO: [ app_begin ] --END-- [ RunTime:0.000146s ]
SQL: SHOW COLUMNS FROM `fruit_type` [ RunTime:0.0007s ]
SQL: SELECT * FROM `fruit_type` WHERE ( `type_id`=2 )  [ RunTime:0.0001s ]
SQL: SHOW COLUMNS FROM `user_coupon` [ RunTime:0.0005s ]
SQL: SELECT * FROM `user_coupon` WHERE ( `type_id`=2 ) ORDER BY `is_used` ASC, `valid_time` DESC LIMIT 40   [ RunTime:0.0003s ]
INFO: [ view_parse ] --START--
INFO: [ template_filter ] --START--
INFO: Run Behavior\ContentReplaceBehavior [ RunTime:0.000094s ]
INFO: [ template_filter ] --END-- [ RunTime:0.000182s ]
INFO: Run Behavior\ParseTemplateBehavior [ RunTime:0.005757s ]
INFO: [ view_parse ] --END-- [ RunTime:0.005846s ]
INFO: [ view_filter ] --START--
INFO: Run Behavior\WriteHtmlCacheBehavior [ RunTime:0.000065s ]
INFO: [ view_filter ] --END-- [ RunTime:0.000141s ]
INFO: [ app_end ] --START--
INFO: Run Behavior\ShowPageTraceBehavior [ RunTime:0.000067s ]
INFO: [ app_end ] --END-- [ RunTime:0.000153s ]

[ 2015-07-31T20:55:32+08:00 ] 114.240.250.24 /zhier/index.php/Home/Index/wallet
INFO: [ app_init ] --START--
INFO: Run Behavior\BuildLiteBehavior [ RunTime:0.000029s ]
INFO: [ app_init ] --END-- [ RunTime:0.000223s ]
INFO: [ app_begin ] --START--
INFO: Run Behavior\ReadHtmlCacheBehavior [ RunTime:0.000078s ]
INFO: [ app_begin ] --END-- [ RunTime:0.000169s ]
SQL: SHOW COLUMNS FROM `fruit_type` [ RunTime:0.0007s ]
SQL: SELECT * FROM `fruit_type`  [ RunTime:0.0002s ]
SQL: SHOW COLUMNS FROM `user_coupon` [ RunTime:0.0008s ]
SQL: 
			SELECT t.type_id, t.coupon_name, COUNT( c.coupon_id ) type_count
			FROM `fruit_type` t
			LEFT JOIN `user_coupon` c ON c.type_id = t.type_id
			AND c.user_id ='110'
			AND c.is_used !=1
			WHERE 1
			GROUP BY t.type_id
			ORDER BY `order` DESC
			LIMIT 0 , 10
		 [ RunTime:0.0001s ]
INFO: [ view_parse ] --START--
INFO: [ template_filter ] --START--
INFO: Run Behavior\ContentReplaceBehavior [ RunTime:0.000062s ]
INFO: [ template_filter ] --END-- [ RunTime:0.000153s ]
INFO: Run Behavior\ParseTemplateBehavior [ RunTime:0.005176s ]
INFO: [ view_parse ] --END-- [ RunTime:0.005264s ]
INFO: [ view_filter ] --START--
INFO: Run Behavior\WriteHtmlCacheBehavior [ RunTime:0.000073s ]
INFO: [ view_filter ] --END-- [ RunTime:0.000197s ]
INFO: [ app_end ] --START--
INFO: Run Behavior\ShowPageTraceBehavior [ RunTime:0.000067s ]
INFO: [ app_end ] --END-- [ RunTime:0.000144s ]

[ 2015-07-31T20:55:37+08:00 ] 114.240.250.24 /zhier/index.php/home
INFO: [ app_init ] --START--
INFO: Run Behavior\BuildLiteBehavior [ RunTime:0.000025s ]
INFO: [ app_init ] --END-- [ RunTime:0.000171s ]
INFO: [ app_begin ] --START--
INFO: Run Behavior\ReadHtmlCacheBehavior [ RunTime:0.000065s ]
INFO: [ app_begin ] --END-- [ RunTime:0.000147s ]
SQL: SHOW COLUMNS FROM `order` [ RunTime:0.0028s ]
SQL: SELECT count(1) order_num FROM `order` WHERE ( `user_id`='110' )  [ RunTime:0.0001s ]
SQL: SHOW COLUMNS FROM `opinion` [ RunTime:0.0005s ]
SQL: SELECT count(1) opinion_num FROM `opinion` WHERE ( `user_id`='110' )  [ RunTime:0.0001s ]
INFO: [ view_parse ] --START--
INFO: [ template_filter ] --START--
INFO: Run Behavior\ContentReplaceBehavior [ RunTime:0.000062s ]
INFO: [ template_filter ] --END-- [ RunTime:0.000143s ]
INFO: Run Behavior\ParseTemplateBehavior [ RunTime:0.003324s ]
INFO: [ view_parse ] --END-- [ RunTime:0.003408s ]
INFO: [ view_filter ] --START--
INFO: Run Behavior\WriteHtmlCacheBehavior [ RunTime:0.000065s ]
INFO: [ view_filter ] --END-- [ RunTime:0.000138s ]
INFO: [ app_end ] --START--
INFO: Run Behavior\ShowPageTraceBehavior [ RunTime:0.000056s ]
INFO: [ app_end ] --END-- [ RunTime:0.000130s ]

[ 2015-07-31T21:02:24+08:00 ] 123.151.42.46 /zhier/index.php/Home/Index/index.html
INFO: [ app_init ] --START--
INFO: Run Behavior\BuildLiteBehavior [ RunTime:0.000024s ]
INFO: [ app_init ] --END-- [ RunTime:0.000162s ]
INFO: [ app_begin ] --START--
INFO: Run Behavior\ReadHtmlCacheBehavior [ RunTime:0.000062s ]
INFO: [ app_begin ] --END-- [ RunTime:0.000159s ]
NOTIC: [8] Undefined index: user /var/www/zhier/App/Home/Controller/IndexController.class.php 第 10 行.
SQL: SHOW COLUMNS FROM `user` [ RunTime:0.0007s ]
SQL: SELECT * FROM `user` WHERE ( `wei_id`='oWeLOvmrNmL4_D0dyClUzSdpusTg' )  [ RunTime:0.0001s ]
SQL: UPDATE `user` SET `ltime`='1438347744' WHERE `user_id` = 109 [ RunTime:0.0073s ]
NOTIC: [8] Undefined index: carnum /var/www/zhier/App/Home/Controller/IndexController.class.php 第 53 行.
SQL: SHOW COLUMNS FROM `order` [ RunTime:0.0005s ]
SQL: SELECT count(1) order_num FROM `order` WHERE ( `user_id`='109' )  [ RunTime:0.0001s ]
SQL: SHOW COLUMNS FROM `opinion` [ RunTime:0.0005s ]
SQL: SELECT count(1) opinion_num FROM `opinion` WHERE ( `user_id`='109' )  [ RunTime:0.0001s ]
INFO: [ view_parse ] --START--
INFO: [ template_filter ] --START--
INFO: Run Behavior\ContentReplaceBehavior [ RunTime:0.000111s ]
INFO: [ template_filter ] --END-- [ RunTime:0.000208s ]
INFO: Run Behavior\ParseTemplateBehavior [ RunTime:0.003436s ]
INFO: [ view_parse ] --END-- [ RunTime:0.003533s ]
INFO: [ view_filter ] --START--
INFO: Run Behavior\WriteHtmlCacheBehavior [ RunTime:0.000059s ]
INFO: [ view_filter ] --END-- [ RunTime:0.000145s ]
INFO: [ app_end ] --START--
INFO: Run Behavior\ShowPageTraceBehavior [ RunTime:0.000058s ]
INFO: [ app_end ] --END-- [ RunTime:0.000146s ]

[ 2015-07-31T21:03:01+08:00 ] 123.151.42.46 /zhier/index.php/Home/Index/index.html
INFO: [ app_init ] --START--
INFO: Run Behavior\BuildLiteBehavior [ RunTime:0.000023s ]
INFO: [ app_init ] --END-- [ RunTime:0.000158s ]
INFO: [ app_begin ] --START--
INFO: Run Behavior\ReadHtmlCacheBehavior [ RunTime:0.000067s ]
INFO: [ app_begin ] --END-- [ RunTime:0.000163s ]
SQL: SHOW COLUMNS FROM `order` [ RunTime:0.0007s ]
SQL: SELECT count(1) order_num FROM `order` WHERE ( `user_id`='109' )  [ RunTime:0.0001s ]
SQL: SHOW COLUMNS FROM `opinion` [ RunTime:0.0004s ]
SQL: SELECT count(1) opinion_num FROM `opinion` WHERE ( `user_id`='109' )  [ RunTime:0.0001s ]
INFO: [ view_parse ] --START--
INFO: [ template_filter ] --START--
INFO: Run Behavior\ContentReplaceBehavior [ RunTime:0.000078s ]
INFO: [ template_filter ] --END-- [ RunTime:0.000224s ]
INFO: Run Behavior\ParseTemplateBehavior [ RunTime:0.003480s ]
INFO: [ view_parse ] --END-- [ RunTime:0.003578s ]
INFO: [ view_filter ] --START--
INFO: Run Behavior\WriteHtmlCacheBehavior [ RunTime:0.000067s ]
INFO: [ view_filter ] --END-- [ RunTime:0.000160s ]
INFO: [ app_end ] --START--
INFO: Run Behavior\ShowPageTraceBehavior [ RunTime:0.000059s ]
INFO: [ app_end ] --END-- [ RunTime:0.000147s ]

[ 2015-07-31T21:03:40+08:00 ] 123.151.42.46 /zhier/index.php/Home/Index/index.html
INFO: [ app_init ] --START--
INFO: Run Behavior\BuildLiteBehavior [ RunTime:0.000023s ]
INFO: [ app_init ] --END-- [ RunTime:0.000167s ]
INFO: [ app_begin ] --START--
INFO: Run Behavior\ReadHtmlCacheBehavior [ RunTime:0.000061s ]
INFO: [ app_begin ] --END-- [ RunTime:0.000170s ]
SQL: SHOW COLUMNS FROM `order` [ RunTime:0.0007s ]
SQL: SELECT count(1) order_num FROM `order` WHERE ( `user_id`='109' )  [ RunTime:0.0001s ]
SQL: SHOW COLUMNS FROM `opinion` [ RunTime:0.0004s ]
SQL: SELECT count(1) opinion_num FROM `opinion` WHERE ( `user_id`='109' )  [ RunTime:0.0001s ]
INFO: [ view_parse ] --START--
INFO: [ template_filter ] --START--
INFO: Run Behavior\ContentReplaceBehavior [ RunTime:0.000064s ]
INFO: [ template_filter ] --END-- [ RunTime:0.000166s ]
INFO: Run Behavior\ParseTemplateBehavior [ RunTime:0.003505s ]
INFO: [ view_parse ] --END-- [ RunTime:0.003610s ]
INFO: [ view_filter ] --START--
INFO: Run Behavior\WriteHtmlCacheBehavior [ RunTime:0.000059s ]
INFO: [ view_filter ] --END-- [ RunTime:0.000146s ]
INFO: [ app_end ] --START--
INFO: Run Behavior\ShowPageTraceBehavior [ RunTime:0.000058s ]
INFO: [ app_end ] --END-- [ RunTime:0.000146s ]

[ 2015-07-31T21:03:41+08:00 ] 180.153.201.212 /zhier/index.php/Home/Index/index.html
INFO: [ app_init ] --START--
INFO: Run Behavior\BuildLiteBehavior [ RunTime:0.000023s ]
INFO: [ app_init ] --END-- [ RunTime:0.000165s ]
INFO: [ app_begin ] --START--
INFO: Run Behavior\ReadHtmlCacheBehavior [ RunTime:0.000077s ]
INFO: [ app_begin ] --END-- [ RunTime:0.000194s ]
NOTIC: [8] Undefined index: user /var/www/zhier/App/Home/Controller/IndexController.class.php 第 44 行.
NOTIC: [8] Undefined index: hasJumped /var/www/zhier/App/Home/Controller/IndexController.class.php 第 44 行.

[ 2015-07-31T21:15:56+08:00 ] 101.226.33.208 /zhier/index.php/Home/Index/index.html
INFO: [ app_init ] --START--
INFO: Run Behavior\BuildLiteBehavior [ RunTime:0.000025s ]
INFO: [ app_init ] --END-- [ RunTime:0.000170s ]
INFO: [ app_begin ] --START--
INFO: Run Behavior\ReadHtmlCacheBehavior [ RunTime:0.000066s ]
INFO: [ app_begin ] --END-- [ RunTime:0.000162s ]
NOTIC: [8] Undefined index: user /var/www/zhier/App/Home/Controller/IndexController.class.php 第 44 行.
NOTIC: [8] Undefined index: hasJumped /var/www/zhier/App/Home/Controller/IndexController.class.php 第 44 行.

[ 2015-07-31T21:21:31+08:00 ] 123.151.42.46 /zhier/index.php/Home/Index/index.html
INFO: [ app_init ] --START--
INFO: Run Behavior\BuildLiteBehavior [ RunTime:0.000023s ]
INFO: [ app_init ] --END-- [ RunTime:0.000155s ]
INFO: [ app_begin ] --START--
INFO: Run Behavior\ReadHtmlCacheBehavior [ RunTime:0.000060s ]
INFO: [ app_begin ] --END-- [ RunTime:0.000156s ]
NOTIC: [8] Undefined index: user /var/www/zhier/App/Home/Controller/IndexController.class.php 第 10 行.
SQL: SHOW COLUMNS FROM `user` [ RunTime:0.0007s ]
SQL: SELECT * FROM `user` WHERE ( `wei_id`='oWeLOvmrNmL4_D0dyClUzSdpusTg' )  [ RunTime:0.0001s ]
SQL: UPDATE `user` SET `ltime`='1438348891' WHERE `user_id` = 109 [ RunTime:0.0080s ]
NOTIC: [8] Undefined index: carnum /var/www/zhier/App/Home/Controller/IndexController.class.php 第 53 行.
SQL: SHOW COLUMNS FROM `order` [ RunTime:0.0005s ]
SQL: SELECT count(1) order_num FROM `order` WHERE ( `user_id`='109' )  [ RunTime:0.0001s ]
SQL: SHOW COLUMNS FROM `opinion` [ RunTime:0.0005s ]
SQL: SELECT count(1) opinion_num FROM `opinion` WHERE ( `user_id`='109' )  [ RunTime:0.0001s ]
INFO: [ view_parse ] --START--
INFO: [ template_filter ] --START--
INFO: Run Behavior\ContentReplaceBehavior [ RunTime:0.000072s ]
INFO: [ template_filter ] --END-- [ RunTime:0.000194s ]
INFO: Run Behavior\ParseTemplateBehavior [ RunTime:0.004014s ]
INFO: [ view_parse ] --END-- [ RunTime:0.004121s ]
INFO: [ view_filter ] --START--
INFO: Run Behavior\WriteHtmlCacheBehavior [ RunTime:0.000059s ]
INFO: [ view_filter ] --END-- [ RunTime:0.000145s ]
INFO: [ app_end ] --START--
INFO: Run Behavior\ShowPageTraceBehavior [ RunTime:0.000058s ]
INFO: [ app_end ] --END-- [ RunTime:0.000145s ]

[ 2015-07-31T21:46:33+08:00 ] 221.218.211.211 /zhier/index.php/home
INFO: [ app_init ] --START--
INFO: Run Behavior\BuildLiteBehavior [ RunTime:0.000025s ]
INFO: [ app_init ] --END-- [ RunTime:0.000164s ]
INFO: [ app_begin ] --START--
INFO: Run Behavior\ReadHtmlCacheBehavior [ RunTime:0.000060s ]
INFO: [ app_begin ] --END-- [ RunTime:0.000141s ]
SQL: SHOW COLUMNS FROM `order` [ RunTime:0.0008s ]
SQL: SELECT count(1) order_num FROM `order` WHERE ( `user_id`='106' )  [ RunTime:0.0004s ]
SQL: SHOW COLUMNS FROM `opinion` [ RunTime:0.0004s ]
SQL: SELECT count(1) opinion_num FROM `opinion` WHERE ( `user_id`='106' )  [ RunTime:0.0001s ]
INFO: [ view_parse ] --START--
INFO: [ template_filter ] --START--
INFO: Run Behavior\ContentReplaceBehavior [ RunTime:0.000060s ]
INFO: [ template_filter ] --END-- [ RunTime:0.000141s ]
INFO: Run Behavior\ParseTemplateBehavior [ RunTime:0.003278s ]
INFO: [ view_parse ] --END-- [ RunTime:0.003362s ]
INFO: [ view_filter ] --START--
INFO: Run Behavior\WriteHtmlCacheBehavior [ RunTime:0.000058s ]
INFO: [ view_filter ] --END-- [ RunTime:0.000176s ]
INFO: [ app_end ] --START--
INFO: Run Behavior\ShowPageTraceBehavior [ RunTime:0.000050s ]
INFO: [ app_end ] --END-- [ RunTime:0.000125s ]

[ 2015-07-31T21:46:35+08:00 ] 221.218.211.211 /zhier/index.php/Home/Index/orders
INFO: [ app_init ] --START--
INFO: Run Behavior\BuildLiteBehavior [ RunTime:0.000025s ]
INFO: [ app_init ] --END-- [ RunTime:0.000170s ]
INFO: [ app_begin ] --START--
INFO: Run Behavior\ReadHtmlCacheBehavior [ RunTime:0.000067s ]
INFO: [ app_begin ] --END-- [ RunTime:0.000163s ]
SQL: SHOW COLUMNS FROM `order` [ RunTime:0.0008s ]
SQL: SELECT * FROM `order` WHERE ( `user_id`='106' ) ORDER BY order_id DESC LIMIT 10   [ RunTime:0.0004s ]
SQL: SHOW COLUMNS FROM `order_detail` [ RunTime:0.0005s ]
SQL: SHOW COLUMNS FROM `user_coupon` [ RunTime:0.0005s ]
SQL: SHOW COLUMNS FROM `fruit_type` [ RunTime:0.0004s ]
SQL: SELECT * FROM `fruit_type`  [ RunTime:0.0001s ]
NOTIC: [8] Undefined offset: 9 /var/www/zhier/App/Home/Controller/IndexController.class.php 第 95 行.
SQL: SELECT * FROM `order_detail` WHERE ( `order_id`='12446' )  [ RunTime:0.0001s ]
SQL: 
SELECT c.coupon_id,t.type_id,t.coupon_name, count( c.coupon_id ) coupon_count
FROM `user_coupon` c
LEFT JOIN fruit_type t ON c.type_id = t.type_id
WHERE `order_id` ='12446'
GROUP BY c.type_id
			 [ RunTime:0.0003s ]
NOTIC: [8] Undefined offset: 2 /var/www/zhier/App/Home/Controller/IndexController.class.php 第 95 行.
SQL: SELECT * FROM `order_detail` WHERE ( `order_id`='12444' )  [ RunTime:0.0001s ]
SQL: 
SELECT c.coupon_id,t.type_id,t.coupon_name, count( c.coupon_id ) coupon_count
FROM `user_coupon` c
LEFT JOIN fruit_type t ON c.type_id = t.type_id
WHERE `order_id` ='12444'
GROUP BY c.type_id
			 [ RunTime:0.0001s ]
NOTIC: [8] Undefined offset: 3 /var/www/zhier/App/Home/Controller/IndexController.class.php 第 95 行.
SQL: SELECT * FROM `order_detail` WHERE ( `order_id`='12443' )  [ RunTime:0.0001s ]
SQL: 
SELECT c.coupon_id,t.type_id,t.coupon_name, count( c.coupon_id ) coupon_count
FROM `user_coupon` c
LEFT JOIN fruit_type t ON c.type_id = t.type_id
WHERE `order_id` ='12443'
GROUP BY c.type_id
			 [ RunTime:0.0001s ]
NOTIC: [8] Undefined offset: 9 /var/www/zhier/App/Home/Controller/IndexController.class.php 第 95 行.
SQL: SELECT * FROM `order_detail` WHERE ( `order_id`='12442' )  [ RunTime:0.0001s ]
SQL: 
SELECT c.coupon_id,t.type_id,t.coupon_name, count( c.coupon_id ) coupon_count
FROM `user_coupon` c
LEFT JOIN fruit_type t ON c.type_id = t.type_id
WHERE `order_id` ='12442'
GROUP BY c.type_id
			 [ RunTime:0.0001s ]
NOTIC: [8] Undefined offset: 9 /var/www/zhier/App/Home/Controller/IndexController.class.php 第 95 行.
SQL: SELECT * FROM `order_detail` WHERE ( `order_id`='12441' )  [ RunTime:0.0001s ]
SQL: 
SELECT c.coupon_id,t.type_id,t.coupon_name, count( c.coupon_id ) coupon_count
FROM `user_coupon` c
LEFT JOIN fruit_type t ON c.type_id = t.type_id
WHERE `order_id` ='12441'
GROUP BY c.type_id
			 [ RunTime:0.0001s ]
NOTIC: [8] Undefined offset: 9 /var/www/zhier/App/Home/Controller/IndexController.class.php 第 95 行.
SQL: SELECT * FROM `order_detail` WHERE ( `order_id`='12439' )  [ RunTime:0.0001s ]
SQL: 
SELECT c.coupon_id,t.type_id,t.coupon_name, count( c.coupon_id ) coupon_count
FROM `user_coupon` c
LEFT JOIN fruit_type t ON c.type_id = t.type_id
WHERE `order_id` ='12439'
GROUP BY c.type_id
			 [ RunTime:0.0001s ]
NOTIC: [8] Undefined offset: 6 /var/www/zhier/App/Home/Controller/IndexController.class.php 第 95 行.
SQL: SELECT * FROM `order_detail` WHERE ( `order_id`='12434' )  [ RunTime:0.0001s ]
SQL: 
SELECT c.coupon_id,t.type_id,t.coupon_name, count( c.coupon_id ) coupon_count
FROM `user_coupon` c
LEFT JOIN fruit_type t ON c.type_id = t.type_id
WHERE `order_id` ='12434'
GROUP BY c.type_id
			 [ RunTime:0.0001s ]
NOTIC: [8] Undefined offset: 2 /var/www/zhier/App/Home/Controller/IndexController.class.php 第 95 行.
SQL: SELECT * FROM `order_detail` WHERE ( `order_id`='12432' )  [ RunTime:0.0001s ]
SQL: 
SELECT c.coupon_id,t.type_id,t.coupon_name, count( c.coupon_id ) coupon_count
FROM `user_coupon` c
LEFT JOIN fruit_type t ON c.type_id = t.type_id
WHERE `order_id` ='12432'
GROUP BY c.type_id
			 [ RunTime:0.0001s ]
NOTIC: [8] Undefined offset: 2 /var/www/zhier/App/Home/Controller/IndexController.class.php 第 95 行.
SQL: SELECT * FROM `order_detail` WHERE ( `order_id`='12431' )  [ RunTime:0.0001s ]
SQL: 
SELECT c.coupon_id,t.type_id,t.coupon_name, count( c.coupon_id ) coupon_count
FROM `user_coupon` c
LEFT JOIN fruit_type t ON c.type_id = t.type_id
WHERE `order_id` ='12431'
GROUP BY c.type_id
			 [ RunTime:0.0001s ]
NOTIC: [8] Undefined offset: 16 /var/www/zhier/App/Home/Controller/IndexController.class.php 第 95 行.
SQL: SELECT * FROM `order_detail` WHERE ( `order_id`='12421' )  [ RunTime:0.0001s ]
SQL: 
SELECT c.coupon_id,t.type_id,t.coupon_name, count( c.coupon_id ) coupon_count
FROM `user_coupon` c
LEFT JOIN fruit_type t ON c.type_id = t.type_id
WHERE `order_id` ='12421'
GROUP BY c.type_id
			 [ RunTime:0.0001s ]
INFO: [ view_parse ] --START--
INFO: [ template_filter ] --START--
INFO: Run Behavior\ContentReplaceBehavior [ RunTime:0.000058s ]
INFO: [ template_filter ] --END-- [ RunTime:0.000154s ]
INFO: Run Behavior\ParseTemplateBehavior [ RunTime:0.007065s ]
INFO: [ view_parse ] --END-- [ RunTime:0.007164s ]
INFO: [ view_filter ] --START--
INFO: Run Behavior\WriteHtmlCacheBehavior [ RunTime:0.000064s ]
INFO: [ view_filter ] --END-- [ RunTime:0.000151s ]
INFO: [ app_end ] --START--
INFO: Run Behavior\ShowPageTraceBehavior [ RunTime:0.000066s ]
INFO: [ app_end ] --END-- [ RunTime:0.000172s ]

[ 2015-07-31T21:46:45+08:00 ] 221.218.211.211 /zhier/index.php/Home/Index/index.html
INFO: [ app_init ] --START--
INFO: Run Behavior\BuildLiteBehavior [ RunTime:0.000023s ]
INFO: [ app_init ] --END-- [ RunTime:0.000146s ]
INFO: [ app_begin ] --START--
INFO: Run Behavior\ReadHtmlCacheBehavior [ RunTime:0.000060s ]
INFO: [ app_begin ] --END-- [ RunTime:0.000155s ]
SQL: SHOW COLUMNS FROM `order` [ RunTime:0.0006s ]
SQL: SELECT count(1) order_num FROM `order` WHERE ( `user_id`='106' )  [ RunTime:0.0001s ]
SQL: SHOW COLUMNS FROM `opinion` [ RunTime:0.0005s ]
SQL: SELECT count(1) opinion_num FROM `opinion` WHERE ( `user_id`='106' )  [ RunTime:0.0001s ]
INFO: [ view_parse ] --START--
INFO: [ template_filter ] --START--
INFO: Run Behavior\ContentReplaceBehavior [ RunTime:0.000061s ]
INFO: [ template_filter ] --END-- [ RunTime:0.000155s ]
INFO: Run Behavior\ParseTemplateBehavior [ RunTime:0.003355s ]
INFO: [ view_parse ] --END-- [ RunTime:0.003453s ]
INFO: [ view_filter ] --START--
INFO: Run Behavior\WriteHtmlCacheBehavior [ RunTime:0.000060s ]
INFO: [ view_filter ] --END-- [ RunTime:0.000147s ]
INFO: [ app_end ] --START--
INFO: Run Behavior\ShowPageTraceBehavior [ RunTime:0.000059s ]
INFO: [ app_end ] --END-- [ RunTime:0.000147s ]

[ 2015-07-31T21:46:52+08:00 ] 221.218.211.211 /zhier/index.php/Home/Index/index.html
INFO: [ app_init ] --START--
INFO: Run Behavior\BuildLiteBehavior [ RunTime:0.000029s ]
INFO: [ app_init ] --END-- [ RunTime:0.000231s ]
INFO: [ app_begin ] --START--
INFO: Run Behavior\ReadHtmlCacheBehavior [ RunTime:0.000076s ]
INFO: [ app_begin ] --END-- [ RunTime:0.000175s ]
NOTIC: [8] Undefined index: user /var/www/zhier/App/Home/Controller/IndexController.class.php 第 44 行.
NOTIC: [8] Undefined index: hasJumped /var/www/zhier/App/Home/Controller/IndexController.class.php 第 44 行.

[ 2015-07-31T21:47:03+08:00 ] 221.218.211.211 /zhier/index.php/Home/Index/index.html
INFO: [ app_init ] --START--
INFO: Run Behavior\BuildLiteBehavior [ RunTime:0.000032s ]
INFO: [ app_init ] --END-- [ RunTime:0.000238s ]
INFO: [ app_begin ] --START--
INFO: Run Behavior\ReadHtmlCacheBehavior [ RunTime:0.000080s ]
INFO: [ app_begin ] --END-- [ RunTime:0.000182s ]
NOTIC: [8] Undefined index: user /var/www/zhier/App/Home/Controller/IndexController.class.php 第 44 行.
NOTIC: [8] Undefined index: carnum /var/www/zhier/App/Home/Controller/IndexController.class.php 第 53 行.
NOTIC: [8] Undefined index: user /var/www/zhier/App/Home/Controller/IndexController.class.php 第 59 行.
SQL: SHOW COLUMNS FROM `order` [ RunTime:0.0009s ]
SQL: SELECT count(1) order_num FROM `order` WHERE ( `user_id`='' )  [ RunTime:0.0004s ]
SQL: SHOW COLUMNS FROM `opinion` [ RunTime:0.0004s ]
SQL: SELECT count(1) opinion_num FROM `opinion` WHERE ( `user_id`='' )  [ RunTime:0.0002s ]
INFO: [ view_parse ] --START--
INFO: [ template_filter ] --START--
INFO: Run Behavior\ContentReplaceBehavior [ RunTime:0.000067s ]
INFO: [ template_filter ] --END-- [ RunTime:0.000178s ]
INFO: Run Behavior\ParseTemplateBehavior [ RunTime:0.004103s ]
INFO: [ view_parse ] --END-- [ RunTime:0.004210s ]
INFO: [ view_filter ] --START--
INFO: Run Behavior\WriteHtmlCacheBehavior [ RunTime:0.000083s ]
INFO: [ view_filter ] --END-- [ RunTime:0.000172s ]
INFO: [ app_end ] --START--
INFO: Run Behavior\ShowPageTraceBehavior [ RunTime:0.000077s ]
INFO: [ app_end ] --END-- [ RunTime:0.000165s ]

[ 2015-07-31T21:47:51+08:00 ] 114.243.221.214 /zhier/index.php/home
INFO: [ app_init ] --START--
INFO: Run Behavior\BuildLiteBehavior [ RunTime:0.000030s ]
INFO: [ app_init ] --END-- [ RunTime:0.000226s ]
INFO: [ app_begin ] --START--
INFO: Run Behavior\ReadHtmlCacheBehavior [ RunTime:0.000081s ]
INFO: [ app_begin ] --END-- [ RunTime:0.000172s ]
NOTIC: [8] Undefined index: user /var/www/zhier/App/Home/Controller/IndexController.class.php 第 44 行.
NOTIC: [8] Undefined index: user /var/www/zhier/App/Home/Controller/IndexController.class.php 第 59 行.
SQL: SHOW COLUMNS FROM `order` [ RunTime:0.0008s ]
SQL: SELECT count(1) order_num FROM `order` WHERE ( `user_id`='' )  [ RunTime:0.0003s ]
SQL: SHOW COLUMNS FROM `opinion` [ RunTime:0.0005s ]
SQL: SELECT count(1) opinion_num FROM `opinion` WHERE ( `user_id`='' )  [ RunTime:0.0002s ]
INFO: [ view_parse ] --START--
INFO: [ template_filter ] --START--
INFO: Run Behavior\ContentReplaceBehavior [ RunTime:0.000064s ]
INFO: [ template_filter ] --END-- [ RunTime:0.000160s ]
INFO: Run Behavior\ParseTemplateBehavior [ RunTime:0.004027s ]
INFO: [ view_parse ] --END-- [ RunTime:0.004130s ]
INFO: [ view_filter ] --START--
INFO: Run Behavior\WriteHtmlCacheBehavior [ RunTime:0.000072s ]
INFO: [ view_filter ] --END-- [ RunTime:0.000145s ]
INFO: [ app_end ] --START--
INFO: Run Behavior\ShowPageTraceBehavior [ RunTime:0.000117s ]
INFO: [ app_end ] --END-- [ RunTime:0.000194s ]

[ 2015-07-31T22:45:01+08:00 ] 111.196.161.221 /zhier/index.php/home
INFO: [ app_init ] --START--
INFO: Run Behavior\BuildLiteBehavior [ RunTime:0.000025s ]
INFO: [ app_init ] --END-- [ RunTime:0.000171s ]
INFO: [ app_begin ] --START--
INFO: Run Behavior\ReadHtmlCacheBehavior [ RunTime:0.000065s ]
INFO: [ app_begin ] --END-- [ RunTime:0.000146s ]
NOTIC: [8] Undefined index: user /var/www/zhier/App/Home/Controller/IndexController.class.php 第 44 行.
NOTIC: [8] Undefined index: user /var/www/zhier/App/Home/Controller/IndexController.class.php 第 59 行.
SQL: SHOW COLUMNS FROM `order` [ RunTime:0.0007s ]
SQL: SELECT count(1) order_num FROM `order` WHERE ( `user_id`='' )  [ RunTime:0.0003s ]
SQL: SHOW COLUMNS FROM `opinion` [ RunTime:0.0004s ]
SQL: SELECT count(1) opinion_num FROM `opinion` WHERE ( `user_id`='' )  [ RunTime:0.0002s ]
INFO: [ view_parse ] --START--
INFO: [ template_filter ] --START--
INFO: Run Behavior\ContentReplaceBehavior [ RunTime:0.000060s ]
INFO: [ template_filter ] --END-- [ RunTime:0.000140s ]
INFO: Run Behavior\ParseTemplateBehavior [ RunTime:0.003271s ]
INFO: [ view_parse ] --END-- [ RunTime:0.003356s ]
INFO: [ view_filter ] --START--
INFO: Run Behavior\WriteHtmlCacheBehavior [ RunTime:0.000063s ]
INFO: [ view_filter ] --END-- [ RunTime:0.000137s ]
INFO: [ app_end ] --START--
INFO: Run Behavior\ShowPageTraceBehavior [ RunTime:0.000053s ]
INFO: [ app_end ] --END-- [ RunTime:0.000127s ]

[ 2015-07-31T22:45:42+08:00 ] 111.196.161.221 /zhier/index.php/home
INFO: [ app_init ] --START--
INFO: Run Behavior\BuildLiteBehavior [ RunTime:0.000025s ]
INFO: [ app_init ] --END-- [ RunTime:0.000174s ]
INFO: [ app_begin ] --START--
INFO: Run Behavior\ReadHtmlCacheBehavior [ RunTime:0.000064s ]
INFO: [ app_begin ] --END-- [ RunTime:0.000145s ]
NOTIC: [8] Undefined index: user /var/www/zhier/App/Home/Controller/IndexController.class.php 第 44 行.
NOTIC: [8] Undefined index: user /var/www/zhier/App/Home/Controller/IndexController.class.php 第 59 行.
SQL: SHOW COLUMNS FROM `order` [ RunTime:0.0008s ]
SQL: SELECT count(1) order_num FROM `order` WHERE ( `user_id`='' )  [ RunTime:0.0003s ]
SQL: SHOW COLUMNS FROM `opinion` [ RunTime:0.0005s ]
SQL: SELECT count(1) opinion_num FROM `opinion` WHERE ( `user_id`='' )  [ RunTime:0.0002s ]
INFO: [ view_parse ] --START--
INFO: [ template_filter ] --START--
INFO: Run Behavior\ContentReplaceBehavior [ RunTime:0.000061s ]
INFO: [ template_filter ] --END-- [ RunTime:0.000149s ]
INFO: Run Behavior\ParseTemplateBehavior [ RunTime:0.003567s ]
INFO: [ view_parse ] --END-- [ RunTime:0.003664s ]
INFO: [ view_filter ] --START--
INFO: Run Behavior\WriteHtmlCacheBehavior [ RunTime:0.000064s ]
INFO: [ view_filter ] --END-- [ RunTime:0.000136s ]
INFO: [ app_end ] --START--
INFO: Run Behavior\ShowPageTraceBehavior [ RunTime:0.000068s ]
INFO: [ app_end ] --END-- [ RunTime:0.000162s ]

[ 2015-07-31T22:58:50+08:00 ] 123.117.42.114 /zhier/
INFO: [ app_init ] --START--
INFO: Run Behavior\BuildLiteBehavior [ RunTime:0.000029s ]
INFO: [ app_init ] --END-- [ RunTime:0.000226s ]
INFO: [ app_begin ] --START--
INFO: Run Behavior\ReadHtmlCacheBehavior [ RunTime:0.000077s ]
INFO: [ app_begin ] --END-- [ RunTime:0.000177s ]
NOTIC: [8] Undefined index: user /var/www/zhier/App/Home/Controller/IndexController.class.php 第 44 行.
NOTIC: [8] Undefined index: hasJumped /var/www/zhier/App/Home/Controller/IndexController.class.php 第 44 行.

[ 2015-07-31T22:59:12+08:00 ] 123.117.42.114 /zhier/
INFO: [ app_init ] --START--
INFO: Run Behavior\BuildLiteBehavior [ RunTime:0.000025s ]
INFO: [ app_init ] --END-- [ RunTime:0.000174s ]
INFO: [ app_begin ] --START--
INFO: Run Behavior\ReadHtmlCacheBehavior [ RunTime:0.000065s ]
INFO: [ app_begin ] --END-- [ RunTime:0.000160s ]
NOTIC: [8] Undefined index: user /var/www/zhier/App/Home/Controller/IndexController.class.php 第 44 行.
NOTIC: [8] Undefined index: carnum /var/www/zhier/App/Home/Controller/IndexController.class.php 第 53 行.
NOTIC: [8] Undefined index: user /var/www/zhier/App/Home/Controller/IndexController.class.php 第 59 行.
SQL: SHOW COLUMNS FROM `order` [ RunTime:0.0008s ]
SQL: SELECT count(1) order_num FROM `order` WHERE ( `user_id`='' )  [ RunTime:0.0003s ]
SQL: SHOW COLUMNS FROM `opinion` [ RunTime:0.0004s ]
SQL: SELECT count(1) opinion_num FROM `opinion` WHERE ( `user_id`='' )  [ RunTime:0.0002s ]
INFO: [ view_parse ] --START--
INFO: [ template_filter ] --START--
INFO: Run Behavior\ContentReplaceBehavior [ RunTime:0.000062s ]
INFO: [ template_filter ] --END-- [ RunTime:0.000161s ]
INFO: Run Behavior\ParseTemplateBehavior [ RunTime:0.003409s ]
INFO: [ view_parse ] --END-- [ RunTime:0.003511s ]
INFO: [ view_filter ] --START--
INFO: Run Behavior\WriteHtmlCacheBehavior [ RunTime:0.000066s ]
INFO: [ view_filter ] --END-- [ RunTime:0.000153s ]
INFO: [ app_end ] --START--
INFO: Run Behavior\ShowPageTraceBehavior [ RunTime:0.000064s ]
INFO: [ app_end ] --END-- [ RunTime:0.000151s ]

