[ 2015-08-03T21:42:11+08:00 ] 114.243.166.124 /zhier/
INFO: [ app_init ] --START--
INFO: Run Behavior\BuildLiteBehavior [ RunTime:0.000026s ]
INFO: [ app_init ] --END-- [ RunTime:0.000172s ]
INFO: [ app_begin ] --START--
INFO: Run Behavior\ReadHtmlCacheBehavior [ RunTime:0.000069s ]
INFO: [ app_begin ] --END-- [ RunTime:0.000169s ]
NOTIC: [8] Undefined index: user /var/www/zhier/App/Home/Controller/IndexController.class.php 第 44 行.
NOTIC: [8] Undefined index: hasJumped /var/www/zhier/App/Home/Controller/IndexController.class.php 第 44 行.

[ 2015-08-03T21:42:18+08:00 ] 114.243.166.124 /zhier/
INFO: [ app_init ] --START--
INFO: Run Behavior\BuildLiteBehavior [ RunTime:0.000032s ]
INFO: [ app_init ] --END-- [ RunTime:0.000221s ]
INFO: [ app_begin ] --START--
INFO: Run Behavior\ReadHtmlCacheBehavior [ RunTime:0.000082s ]
INFO: [ app_begin ] --END-- [ RunTime:0.000182s ]
NOTIC: [8] Undefined index: user /var/www/zhier/App/Home/Controller/IndexController.class.php 第 44 行.
NOTIC: [8] Undefined index: carnum /var/www/zhier/App/Home/Controller/IndexController.class.php 第 53 行.
NOTIC: [8] Undefined index: user /var/www/zhier/App/Home/Controller/IndexController.class.php 第 59 行.
SQL: SHOW COLUMNS FROM `order` [ RunTime:0.0008s ]
SQL: SELECT count(1) order_num FROM `order` WHERE ( `user_id`='' )  [ RunTime:0.0003s ]
SQL: SHOW COLUMNS FROM `opinion` [ RunTime:0.0004s ]
SQL: SELECT count(1) opinion_num FROM `opinion` WHERE ( `user_id`='' )  [ RunTime:0.0002s ]
INFO: [ view_parse ] --START--
INFO: [ template_filter ] --START--
INFO: Run Behavior\ContentReplaceBehavior [ RunTime:0.000066s ]
INFO: [ template_filter ] --END-- [ RunTime:0.000175s ]
INFO: Run Behavior\ParseTemplateBehavior [ RunTime:0.015295s ]
INFO: [ view_parse ] --END-- [ RunTime:0.015447s ]
INFO: [ view_filter ] --START--
INFO: Run Behavior\WriteHtmlCacheBehavior [ RunTime:0.000070s ]
INFO: [ view_filter ] --END-- [ RunTime:0.000158s ]
INFO: [ app_end ] --START--
INFO: Run Behavior\ShowPageTraceBehavior [ RunTime:0.000076s ]
INFO: [ app_end ] --END-- [ RunTime:0.000166s ]

[ 2015-08-03T22:34:37+08:00 ] 114.243.166.124 /zhier/index.php
INFO: [ app_init ] --START--
INFO: Run Behavior\BuildLiteBehavior [ RunTime:0.000032s ]
INFO: [ app_init ] --END-- [ RunTime:0.000223s ]
INFO: [ app_begin ] --START--
INFO: Run Behavior\ReadHtmlCacheBehavior [ RunTime:0.000082s ]
INFO: [ app_begin ] --END-- [ RunTime:0.000182s ]
NOTIC: [8] Undefined index: user /var/www/zhier/App/Home/Controller/IndexController.class.php 第 44 行.
NOTIC: [8] Undefined index: hasJumped /var/www/zhier/App/Home/Controller/IndexController.class.php 第 44 行.

[ 2015-08-03T22:34:50+08:00 ] 114.243.166.124 /zhier/
INFO: [ app_init ] --START--
INFO: Run Behavior\BuildLiteBehavior [ RunTime:0.000025s ]
INFO: [ app_init ] --END-- [ RunTime:0.000172s ]
INFO: [ app_begin ] --START--
INFO: Run Behavior\ReadHtmlCacheBehavior [ RunTime:0.000068s ]
INFO: [ app_begin ] --END-- [ RunTime:0.000179s ]
NOTIC: [8] Undefined index: user /var/www/zhier/App/Home/Controller/IndexController.class.php 第 44 行.
NOTIC: [8] Undefined index: hasJumped /var/www/zhier/App/Home/Controller/IndexController.class.php 第 44 行.

[ 2015-08-03T22:35:03+08:00 ] 114.243.166.124 /zhier/
INFO: [ app_init ] --START--
INFO: Run Behavior\BuildLiteBehavior [ RunTime:0.000025s ]
INFO: [ app_init ] --END-- [ RunTime:0.000173s ]
INFO: [ app_begin ] --START--
INFO: Run Behavior\ReadHtmlCacheBehavior [ RunTime:0.000079s ]
INFO: [ app_begin ] --END-- [ RunTime:0.000175s ]
NOTIC: [8] Undefined index: user /var/www/zhier/App/Home/Controller/IndexController.class.php 第 44 行.
NOTIC: [8] Undefined index: carnum /var/www/zhier/App/Home/Controller/IndexController.class.php 第 53 行.
NOTIC: [8] Undefined index: user /var/www/zhier/App/Home/Controller/IndexController.class.php 第 59 行.
SQL: SHOW COLUMNS FROM `order` [ RunTime:0.0008s ]
SQL: SELECT count(1) order_num FROM `order` WHERE ( `user_id`='' )  [ RunTime:0.0003s ]
SQL: SHOW COLUMNS FROM `opinion` [ RunTime:0.0004s ]
SQL: SELECT count(1) opinion_num FROM `opinion` WHERE ( `user_id`='' )  [ RunTime:0.0002s ]
INFO: [ view_parse ] --START--
INFO: [ template_filter ] --START--
INFO: Run Behavior\ContentReplaceBehavior [ RunTime:0.000061s ]
INFO: [ template_filter ] --END-- [ RunTime:0.000155s ]
INFO: Run Behavior\ParseTemplateBehavior [ RunTime:0.003448s ]
INFO: [ view_parse ] --END-- [ RunTime:0.003546s ]
INFO: [ view_filter ] --START--
INFO: Run Behavior\WriteHtmlCacheBehavior [ RunTime:0.000066s ]
INFO: [ view_filter ] --END-- [ RunTime:0.000153s ]
INFO: [ app_end ] --START--
INFO: Run Behavior\ShowPageTraceBehavior [ RunTime:0.000065s ]
INFO: [ app_end ] --END-- [ RunTime:0.000152s ]

[ 2015-08-03T22:35:58+08:00 ] 114.243.166.124 /zhier/
INFO: [ app_init ] --START--
INFO: Run Behavior\BuildLiteBehavior [ RunTime:0.000031s ]
INFO: [ app_init ] --END-- [ RunTime:0.000223s ]
INFO: [ app_begin ] --START--
INFO: Run Behavior\ReadHtmlCacheBehavior [ RunTime:0.000082s ]
INFO: [ app_begin ] --END-- [ RunTime:0.000182s ]
NOTIC: [8] Undefined index: user /var/www/zhier/App/Home/Controller/IndexController.class.php 第 44 行.
NOTIC: [8] Undefined index: user /var/www/zhier/App/Home/Controller/IndexController.class.php 第 59 行.
SQL: SHOW COLUMNS FROM `order` [ RunTime:0.0008s ]
SQL: SELECT count(1) order_num FROM `order` WHERE ( `user_id`='' )  [ RunTime:0.0003s ]
SQL: SHOW COLUMNS FROM `opinion` [ RunTime:0.0004s ]
SQL: SELECT count(1) opinion_num FROM `opinion` WHERE ( `user_id`='' )  [ RunTime:0.0002s ]
INFO: [ view_parse ] --START--
INFO: [ template_filter ] --START--
INFO: Run Behavior\ContentReplaceBehavior [ RunTime:0.000088s ]
INFO: [ template_filter ] --END-- [ RunTime:0.000219s ]
INFO: Run Behavior\ParseTemplateBehavior [ RunTime:0.004586s ]
INFO: [ view_parse ] --END-- [ RunTime:0.004699s ]
INFO: [ view_filter ] --START--
INFO: Run Behavior\WriteHtmlCacheBehavior [ RunTime:0.000073s ]
INFO: [ view_filter ] --END-- [ RunTime:0.000161s ]
INFO: [ app_end ] --START--
INFO: Run Behavior\ShowPageTraceBehavior [ RunTime:0.000080s ]
INFO: [ app_end ] --END-- [ RunTime:0.000172s ]

[ 2015-08-03T23:16:29+08:00 ] 114.243.166.124 /zhier/index.php/home
INFO: [ app_init ] --START--
INFO: Run Behavior\BuildLiteBehavior [ RunTime:0.000025s ]
INFO: [ app_init ] --END-- [ RunTime:0.000166s ]
INFO: [ app_begin ] --START--
INFO: Run Behavior\ReadHtmlCacheBehavior [ RunTime:0.000060s ]
INFO: [ app_begin ] --END-- [ RunTime:0.000140s ]
SQL: SHOW COLUMNS FROM `order` [ RunTime:0.0008s ]
SQL: SELECT count(1) order_num FROM `order` WHERE ( `user_id`='106' )  [ RunTime:0.0003s ]
SQL: SHOW COLUMNS FROM `opinion` [ RunTime:0.0004s ]
SQL: SELECT count(1) opinion_num FROM `opinion` WHERE ( `user_id`='106' )  [ RunTime:0.0001s ]
INFO: [ view_parse ] --START--
INFO: [ template_filter ] --START--
INFO: Run Behavior\ContentReplaceBehavior [ RunTime:0.000061s ]
INFO: [ template_filter ] --END-- [ RunTime:0.000142s ]
INFO: Run Behavior\ParseTemplateBehavior [ RunTime:0.003506s ]
INFO: [ view_parse ] --END-- [ RunTime:0.003588s ]
INFO: [ view_filter ] --START--
INFO: Run Behavior\WriteHtmlCacheBehavior [ RunTime:0.000059s ]
INFO: [ view_filter ] --END-- [ RunTime:0.000132s ]
INFO: [ app_end ] --START--
INFO: Run Behavior\ShowPageTraceBehavior [ RunTime:0.000049s ]
INFO: [ app_end ] --END-- [ RunTime:0.000124s ]

[ 2015-08-03T23:16:31+08:00 ] 114.243.166.124 /zhier/index.php/Home/Index/orders
INFO: [ app_init ] --START--
INFO: Run Behavior\BuildLiteBehavior [ RunTime:0.000025s ]
INFO: [ app_init ] --END-- [ RunTime:0.000173s ]
INFO: [ app_begin ] --START--
INFO: Run Behavior\ReadHtmlCacheBehavior [ RunTime:0.000065s ]
INFO: [ app_begin ] --END-- [ RunTime:0.000160s ]
SQL: SHOW COLUMNS FROM `order` [ RunTime:0.0008s ]
SQL: SELECT * FROM `order` WHERE ( `user_id`='106' ) ORDER BY order_id DESC LIMIT 10   [ RunTime:0.0004s ]
SQL: SHOW COLUMNS FROM `order_detail` [ RunTime:0.0005s ]
SQL: SHOW COLUMNS FROM `user_coupon` [ RunTime:0.0005s ]
SQL: SHOW COLUMNS FROM `fruit_type` [ RunTime:0.0004s ]
SQL: SELECT * FROM `fruit_type`  [ RunTime:0.0001s ]
NOTIC: [8] Undefined offset: 35 /var/www/zhier/App/Home/Controller/IndexController.class.php 第 95 行.
SQL: SELECT * FROM `order_detail` WHERE ( `order_id`='12450' )  [ RunTime:0.0002s ]
SQL: 
SELECT c.coupon_id,t.type_id,t.coupon_name, count( c.coupon_id ) coupon_count
FROM `user_coupon` c
LEFT JOIN fruit_type t ON c.type_id = t.type_id
WHERE `order_id` ='12450'
GROUP BY c.type_id
			 [ RunTime:0.0003s ]
NOTIC: [8] Undefined offset: 6 /var/www/zhier/App/Home/Controller/IndexController.class.php 第 95 行.
SQL: SELECT * FROM `order_detail` WHERE ( `order_id`='12449' )  [ RunTime:0.0002s ]
SQL: 
SELECT c.coupon_id,t.type_id,t.coupon_name, count( c.coupon_id ) coupon_count
FROM `user_coupon` c
LEFT JOIN fruit_type t ON c.type_id = t.type_id
WHERE `order_id` ='12449'
GROUP BY c.type_id
			 [ RunTime:0.0001s ]
NOTIC: [8] Undefined offset: 9 /var/www/zhier/App/Home/Controller/IndexController.class.php 第 95 行.
SQL: SELECT * FROM `order_detail` WHERE ( `order_id`='12446' )  [ RunTime:0.0002s ]
SQL: 
SELECT c.coupon_id,t.type_id,t.coupon_name, count( c.coupon_id ) coupon_count
FROM `user_coupon` c
LEFT JOIN fruit_type t ON c.type_id = t.type_id
WHERE `order_id` ='12446'
GROUP BY c.type_id
			 [ RunTime:0.0001s ]
NOTIC: [8] Undefined offset: 2 /var/www/zhier/App/Home/Controller/IndexController.class.php 第 95 行.
SQL: SELECT * FROM `order_detail` WHERE ( `order_id`='12444' )  [ RunTime:0.0002s ]
SQL: 
SELECT c.coupon_id,t.type_id,t.coupon_name, count( c.coupon_id ) coupon_count
FROM `user_coupon` c
LEFT JOIN fruit_type t ON c.type_id = t.type_id
WHERE `order_id` ='12444'
GROUP BY c.type_id
			 [ RunTime:0.0001s ]
NOTIC: [8] Undefined offset: 3 /var/www/zhier/App/Home/Controller/IndexController.class.php 第 95 行.
SQL: SELECT * FROM `order_detail` WHERE ( `order_id`='12443' )  [ RunTime:0.0003s ]
SQL: 
SELECT c.coupon_id,t.type_id,t.coupon_name, count( c.coupon_id ) coupon_count
FROM `user_coupon` c
LEFT JOIN fruit_type t ON c.type_id = t.type_id
WHERE `order_id` ='12443'
GROUP BY c.type_id
			 [ RunTime:0.0001s ]
NOTIC: [8] Undefined offset: 9 /var/www/zhier/App/Home/Controller/IndexController.class.php 第 95 行.
SQL: SELECT * FROM `order_detail` WHERE ( `order_id`='12442' )  [ RunTime:0.0002s ]
SQL: 
SELECT c.coupon_id,t.type_id,t.coupon_name, count( c.coupon_id ) coupon_count
FROM `user_coupon` c
LEFT JOIN fruit_type t ON c.type_id = t.type_id
WHERE `order_id` ='12442'
GROUP BY c.type_id
			 [ RunTime:0.0001s ]
NOTIC: [8] Undefined offset: 9 /var/www/zhier/App/Home/Controller/IndexController.class.php 第 95 行.
SQL: SELECT * FROM `order_detail` WHERE ( `order_id`='12441' )  [ RunTime:0.0002s ]
SQL: 
SELECT c.coupon_id,t.type_id,t.coupon_name, count( c.coupon_id ) coupon_count
FROM `user_coupon` c
LEFT JOIN fruit_type t ON c.type_id = t.type_id
WHERE `order_id` ='12441'
GROUP BY c.type_id
			 [ RunTime:0.0001s ]
NOTIC: [8] Undefined offset: 9 /var/www/zhier/App/Home/Controller/IndexController.class.php 第 95 行.
SQL: SELECT * FROM `order_detail` WHERE ( `order_id`='12439' )  [ RunTime:0.0002s ]
SQL: 
SELECT c.coupon_id,t.type_id,t.coupon_name, count( c.coupon_id ) coupon_count
FROM `user_coupon` c
LEFT JOIN fruit_type t ON c.type_id = t.type_id
WHERE `order_id` ='12439'
GROUP BY c.type_id
			 [ RunTime:0.0001s ]
NOTIC: [8] Undefined offset: 6 /var/www/zhier/App/Home/Controller/IndexController.class.php 第 95 行.
SQL: SELECT * FROM `order_detail` WHERE ( `order_id`='12434' )  [ RunTime:0.0002s ]
SQL: 
SELECT c.coupon_id,t.type_id,t.coupon_name, count( c.coupon_id ) coupon_count
FROM `user_coupon` c
LEFT JOIN fruit_type t ON c.type_id = t.type_id
WHERE `order_id` ='12434'
GROUP BY c.type_id
			 [ RunTime:0.0001s ]
NOTIC: [8] Undefined offset: 2 /var/www/zhier/App/Home/Controller/IndexController.class.php 第 95 行.
SQL: SELECT * FROM `order_detail` WHERE ( `order_id`='12432' )  [ RunTime:0.0002s ]
SQL: 
SELECT c.coupon_id,t.type_id,t.coupon_name, count( c.coupon_id ) coupon_count
FROM `user_coupon` c
LEFT JOIN fruit_type t ON c.type_id = t.type_id
WHERE `order_id` ='12432'
GROUP BY c.type_id
			 [ RunTime:0.0001s ]
INFO: [ view_parse ] --START--
INFO: [ template_filter ] --START--
INFO: Run Behavior\ContentReplaceBehavior [ RunTime:0.000059s ]
INFO: [ template_filter ] --END-- [ RunTime:0.000154s ]
INFO: Run Behavior\ParseTemplateBehavior [ RunTime:0.007029s ]
INFO: [ view_parse ] --END-- [ RunTime:0.007129s ]
INFO: [ view_filter ] --START--
INFO: Run Behavior\WriteHtmlCacheBehavior [ RunTime:0.000064s ]
INFO: [ view_filter ] --END-- [ RunTime:0.000152s ]
INFO: [ app_end ] --START--
INFO: Run Behavior\ShowPageTraceBehavior [ RunTime:0.000066s ]
INFO: [ app_end ] --END-- [ RunTime:0.000172s ]

