[ 2015-07-28T22:46:03+08:00 ] 123.151.42.46 /zhier/index.php/Home/Index/index.html
INFO: [ app_init ] --START--
INFO: Run Behavior\BuildLiteBehavior [ RunTime:0.000028s ]
INFO: [ app_init ] --END-- [ RunTime:0.000213s ]
INFO: [ app_begin ] --START--
INFO: Run Behavior\ReadHtmlCacheBehavior [ RunTime:0.000078s ]
INFO: [ app_begin ] --END-- [ RunTime:0.000186s ]
NOTIC: [8] Undefined index: user /var/www/zhier/App/Home/Controller/IndexController.class.php 第 10 行.
SQL: SHOW COLUMNS FROM `user` [ RunTime:0.0006s ]
SQL: SELECT * FROM `user` WHERE ( `wei_id`='oWeLOvmrNmL4_D0dyClUzSdpusTg' )  [ RunTime:0.0001s ]
SQL: UPDATE `user` SET `ltime`='1438094763' WHERE `user_id` = 109 [ RunTime:0.0344s ]
NOTIC: [8] Undefined index: carnum /var/www/zhier/App/Home/Controller/IndexController.class.php 第 53 行.
SQL: SHOW COLUMNS FROM `order` [ RunTime:0.0006s ]
SQL: SELECT count(1) order_num FROM `order` WHERE ( `user_id`='109' )  [ RunTime:0.0001s ]
SQL: SHOW COLUMNS FROM `opinion` [ RunTime:0.0004s ]
SQL: SELECT count(1) opinion_num FROM `opinion` WHERE ( `user_id`='109' )  [ RunTime:0.0001s ]
INFO: [ view_parse ] --START--
INFO: [ template_filter ] --START--
INFO: Run Behavior\ContentReplaceBehavior [ RunTime:0.000066s ]
INFO: [ template_filter ] --END-- [ RunTime:0.000180s ]
INFO: Run Behavior\ParseTemplateBehavior [ RunTime:0.033225s ]
INFO: [ view_parse ] --END-- [ RunTime:0.033328s ]
INFO: [ view_filter ] --START--
INFO: Run Behavior\WriteHtmlCacheBehavior [ RunTime:0.000071s ]
INFO: [ view_filter ] --END-- [ RunTime:0.000157s ]
INFO: [ app_end ] --START--
INFO: Run Behavior\ShowPageTraceBehavior [ RunTime:0.000073s ]
INFO: [ app_end ] --END-- [ RunTime:0.000161s ]

[ 2015-07-28T22:46:03+08:00 ] 112.64.235.252 /zhier/index.php/Home/Index/index.html
INFO: [ app_init ] --START--
INFO: Run Behavior\BuildLiteBehavior [ RunTime:0.000021s ]
INFO: [ app_init ] --END-- [ RunTime:0.000140s ]
INFO: [ app_begin ] --START--
INFO: Run Behavior\ReadHtmlCacheBehavior [ RunTime:0.000059s ]
INFO: [ app_begin ] --END-- [ RunTime:0.000153s ]
NOTIC: [8] Undefined index: user /var/www/zhier/App/Home/Controller/IndexController.class.php 第 44 行.
NOTIC: [8] Undefined index: hasJumped /var/www/zhier/App/Home/Controller/IndexController.class.php 第 44 行.

