[ 2015-04-06T00:05:25+08:00 ] 61.51.59.207 /fruit/index.php/home
INFO: [ app_init ] --START--
INFO: Run Behavior\BuildLiteBehavior [ RunTime:0.000016s ]
INFO: [ app_init ] --END-- [ RunTime:0.000278s ]
INFO: [ app_begin ] --START--
INFO: Run Behavior\ReadHtmlCacheBehavior [ RunTime:0.000325s ]
INFO: [ app_begin ] --END-- [ RunTime:0.000364s ]
SQL: SHOW COLUMNS FROM `user` [ RunTime:0.0008s ]
SQL: SELECT * FROM `user` WHERE ( `wei_id`='oTPVPt32sxl5g8spvXiULUTUS-fg' )  [ RunTime:0.0003s ]
SQL: SHOW COLUMNS FROM `order` [ RunTime:0.0006s ]
SQL: SELECT count(1) order_num FROM `order` WHERE ( `user_id`='42' )  [ RunTime:0.0002s ]
SQL: SHOW COLUMNS FROM `opinion` [ RunTime:0.0005s ]
SQL: SELECT count(1) opinion_num FROM `opinion` WHERE ( `user_id`='42' )  [ RunTime:0.0002s ]
INFO: [ view_parse ] --START--
INFO: [ template_filter ] --START--
INFO: Run Behavior\ContentReplaceBehavior [ RunTime:0.000038s ]
INFO: [ template_filter ] --END-- [ RunTime:0.000078s ]
INFO: Run Behavior\ParseTemplateBehavior [ RunTime:0.004457s ]
INFO: [ view_parse ] --END-- [ RunTime:0.004499s ]
INFO: [ view_filter ] --START--
INFO: Run Behavior\WriteHtmlCacheBehavior [ RunTime:0.000113s ]
INFO: [ view_filter ] --END-- [ RunTime:0.000144s ]
INFO: [ app_end ] --START--
INFO: Run Behavior\ShowPageTraceBehavior [ RunTime:0.000371s ]
INFO: [ app_end ] --END-- [ RunTime:0.000407s ]

[ 2015-04-06T00:05:27+08:00 ] 61.51.59.207 /fruit/index.php/Home/Index/orders
INFO: [ app_init ] --START--
INFO: Run Behavior\BuildLiteBehavior [ RunTime:0.000015s ]
INFO: [ app_init ] --END-- [ RunTime:0.000302s ]
INFO: [ app_begin ] --START--
INFO: Run Behavior\ReadHtmlCacheBehavior [ RunTime:0.000338s ]
INFO: [ app_begin ] --END-- [ RunTime:0.000380s ]
SQL: SHOW COLUMNS FROM `user` [ RunTime:0.0008s ]
SQL: SELECT * FROM `user` WHERE ( `wei_id`='oTPVPt32sxl5g8spvXiULUTUS-fg' )  [ RunTime:0.0003s ]
SQL: SHOW COLUMNS FROM `order` [ RunTime:0.0005s ]
SQL: SELECT * FROM `order` WHERE ( `user_id`='42' ) ORDER BY order_id DESC LIMIT 10   [ RunTime:0.0003s ]
SQL: SHOW COLUMNS FROM `order_detail` [ RunTime:0.0006s ]
NOTIC: [8] Undefined index: 010_hd_rkzxzy /opt/lampp/htdocs/fruit/App/Home/Controller/IndexController.class.php 第 64 行.
SQL: SELECT * FROM `order_detail` WHERE ( `order_id`='12268' )  [ RunTime:0.0003s ]
NOTIC: [8] Undefined index: 010_hd_rkzxzy /opt/lampp/htdocs/fruit/App/Home/Controller/IndexController.class.php 第 64 行.
SQL: SELECT * FROM `order_detail` WHERE ( `order_id`='12263' )  [ RunTime:0.0002s ]
NOTIC: [8] Undefined index: 010_hd_rkzxzy /opt/lampp/htdocs/fruit/App/Home/Controller/IndexController.class.php 第 64 行.
SQL: SELECT * FROM `order_detail` WHERE ( `order_id`='12262' )  [ RunTime:0.0002s ]
NOTIC: [8] Undefined index: 010_hd_rkzxzy /opt/lampp/htdocs/fruit/App/Home/Controller/IndexController.class.php 第 64 行.
SQL: SELECT * FROM `order_detail` WHERE ( `order_id`='12261' )  [ RunTime:0.0002s ]
NOTIC: [8] Undefined index: 010_hd_rkzxzy /opt/lampp/htdocs/fruit/App/Home/Controller/IndexController.class.php 第 64 行.
SQL: SELECT * FROM `order_detail` WHERE ( `order_id`='12259' )  [ RunTime:0.0002s ]
NOTIC: [8] Undefined index: 010_hd_rkzxzy /opt/lampp/htdocs/fruit/App/Home/Controller/IndexController.class.php 第 64 行.
SQL: SELECT * FROM `order_detail` WHERE ( `order_id`='12258' )  [ RunTime:0.0002s ]
INFO: [ view_parse ] --START--
INFO: [ template_filter ] --START--
INFO: Run Behavior\ContentReplaceBehavior [ RunTime:0.000039s ]
INFO: [ template_filter ] --END-- [ RunTime:0.000086s ]
INFO: Run Behavior\ParseTemplateBehavior [ RunTime:0.006335s ]
INFO: [ view_parse ] --END-- [ RunTime:0.006379s ]
INFO: [ view_filter ] --START--
INFO: Run Behavior\WriteHtmlCacheBehavior [ RunTime:0.000118s ]
INFO: [ view_filter ] --END-- [ RunTime:0.000153s ]
INFO: [ app_end ] --START--
INFO: Run Behavior\ShowPageTraceBehavior [ RunTime:0.000394s ]
INFO: [ app_end ] --END-- [ RunTime:0.000437s ]

[ 2015-04-06T00:05:33+08:00 ] 61.51.59.207 /fruit/index.php/home/index/comment/id/12263
INFO: [ app_init ] --START--
INFO: Run Behavior\BuildLiteBehavior [ RunTime:0.000017s ]
INFO: [ app_init ] --END-- [ RunTime:0.000289s ]
INFO: [ app_begin ] --START--
INFO: Run Behavior\ReadHtmlCacheBehavior [ RunTime:0.000331s ]
INFO: [ app_begin ] --END-- [ RunTime:0.000373s ]
SQL: SHOW COLUMNS FROM `user` [ RunTime:0.0008s ]
SQL: SELECT * FROM `user` WHERE ( `wei_id`='oTPVPt32sxl5g8spvXiULUTUS-fg' )  [ RunTime:0.0004s ]
SQL: SHOW COLUMNS FROM `order` [ RunTime:0.0006s ]
SQL: SELECT * FROM `order` WHERE ( `order_id`='12263' )  [ RunTime:0.0002s ]
SQL: SHOW COLUMNS FROM `order_detail` [ RunTime:0.0005s ]
NOTIC: [8] Undefined index: 010_hd_rkzxzy /opt/lampp/htdocs/fruit/App/Home/Controller/IndexController.class.php 第 120 行.
SQL: SELECT * FROM `order_detail` WHERE ( `order_id`='12263' )  [ RunTime:0.0002s ]
SQL: SELECT * FROM `order_detail` WHERE ( `order_id`='12263' )  [ RunTime:0.0003s ]
INFO: [ view_parse ] --START--
INFO: [ template_filter ] --START--
INFO: Run Behavior\ContentReplaceBehavior [ RunTime:0.000047s ]
INFO: [ template_filter ] --END-- [ RunTime:0.000088s ]
INFO: Run Behavior\ParseTemplateBehavior [ RunTime:0.007551s ]
INFO: [ view_parse ] --END-- [ RunTime:0.007598s ]
INFO: [ view_filter ] --START--
INFO: Run Behavior\WriteHtmlCacheBehavior [ RunTime:0.000116s ]
INFO: [ view_filter ] --END-- [ RunTime:0.000149s ]
INFO: [ app_end ] --START--
INFO: Run Behavior\ShowPageTraceBehavior [ RunTime:0.000387s ]
INFO: [ app_end ] --END-- [ RunTime:0.000426s ]

[ 2015-04-06T00:05:53+08:00 ] 61.51.59.207 /fruit/index.php/home/index/addcomment
INFO: [ app_init ] --START--
INFO: Run Behavior\BuildLiteBehavior [ RunTime:0.000016s ]
INFO: [ app_init ] --END-- [ RunTime:0.000334s ]
INFO: [ app_begin ] --START--
INFO: Run Behavior\ReadHtmlCacheBehavior [ RunTime:0.000359s ]
INFO: [ app_begin ] --END-- [ RunTime:0.000410s ]
SQL: SHOW COLUMNS FROM `user` [ RunTime:0.0009s ]
SQL: SELECT * FROM `user` WHERE ( `wei_id`='oTPVPt32sxl5g8spvXiULUTUS-fg' )  [ RunTime:0.0003s ]
SQL: SHOW COLUMNS FROM `order_detail` [ RunTime:0.0005s ]
SQL: UPDATE `order_detail` SET `commend`='第一次下单，半价啊，给力' WHERE `order_detail_id` = 96 [ RunTime:0.0054s ]
SQL: SHOW COLUMNS FROM `order` [ RunTime:0.0005s ]
SQL: UPDATE `order` SET `iscommend`='1' WHERE `order_id` = 12263 [ RunTime:0.0047s ]
INFO: [ app_end ] --START--
INFO: Run Behavior\ShowPageTraceBehavior [ RunTime:0.000497s ]
INFO: [ app_end ] --END-- [ RunTime:0.000543s ]

[ 2015-04-06T00:05:53+08:00 ] 61.51.59.207 /fruit/index.php/home/index/comment/id/12263
INFO: [ app_init ] --START--
INFO: Run Behavior\BuildLiteBehavior [ RunTime:0.000017s ]
INFO: [ app_init ] --END-- [ RunTime:0.000295s ]
INFO: [ app_begin ] --START--
INFO: Run Behavior\ReadHtmlCacheBehavior [ RunTime:0.000350s ]
INFO: [ app_begin ] --END-- [ RunTime:0.000395s ]
SQL: SHOW COLUMNS FROM `user` [ RunTime:0.0008s ]
SQL: SELECT * FROM `user` WHERE ( `wei_id`='oTPVPt32sxl5g8spvXiULUTUS-fg' )  [ RunTime:0.0003s ]
SQL: SHOW COLUMNS FROM `order` [ RunTime:0.0005s ]
SQL: SELECT * FROM `order` WHERE ( `order_id`='12263' )  [ RunTime:0.0002s ]
SQL: SHOW COLUMNS FROM `order_detail` [ RunTime:0.0005s ]
NOTIC: [8] Undefined index: 010_hd_rkzxzy /opt/lampp/htdocs/fruit/App/Home/Controller/IndexController.class.php 第 120 行.
SQL: SELECT * FROM `order_detail` WHERE ( `order_id`='12263' )  [ RunTime:0.0002s ]
SQL: SELECT * FROM `order_detail` WHERE ( `order_id`='12263' )  [ RunTime:0.0002s ]
INFO: [ view_parse ] --START--
INFO: [ template_filter ] --START--
INFO: Run Behavior\ContentReplaceBehavior [ RunTime:0.000044s ]
INFO: [ template_filter ] --END-- [ RunTime:0.000094s ]
INFO: Run Behavior\ParseTemplateBehavior [ RunTime:0.008414s ]
INFO: [ view_parse ] --END-- [ RunTime:0.008466s ]
INFO: [ view_filter ] --START--
INFO: Run Behavior\WriteHtmlCacheBehavior [ RunTime:0.000113s ]
INFO: [ view_filter ] --END-- [ RunTime:0.000148s ]
INFO: [ app_end ] --START--
INFO: Run Behavior\ShowPageTraceBehavior [ RunTime:0.000397s ]
INFO: [ app_end ] --END-- [ RunTime:0.000450s ]

[ 2015-04-06T00:05:54+08:00 ] 112.65.193.14 /fruit/index.php/home/index/comment/id/12263
INFO: [ app_init ] --START--
INFO: Run Behavior\BuildLiteBehavior [ RunTime:0.000014s ]
INFO: [ app_init ] --END-- [ RunTime:0.000265s ]
INFO: [ app_begin ] --START--
INFO: Run Behavior\ReadHtmlCacheBehavior [ RunTime:0.000355s ]
INFO: [ app_begin ] --END-- [ RunTime:0.000399s ]
NOTIC: [8] Undefined index: user /opt/lampp/htdocs/fruit/App/Home/Controller/IndexController.class.php 第 10 行.
NOTIC: [8] Undefined index: car /opt/lampp/htdocs/fruit/App/Home/Controller/IndexController.class.php 第 29 行.
SQL: SHOW COLUMNS FROM `order` [ RunTime:0.0007s ]
SQL: SELECT * FROM `order` WHERE ( `order_id`='12263' )  [ RunTime:0.0003s ]
SQL: SHOW COLUMNS FROM `order_detail` [ RunTime:0.0005s ]
NOTIC: [8] Undefined index: 010_hd_rkzxzy /opt/lampp/htdocs/fruit/App/Home/Controller/IndexController.class.php 第 120 行.
SQL: SELECT * FROM `order_detail` WHERE ( `order_id`='12263' )  [ RunTime:0.0002s ]
SQL: SELECT * FROM `order_detail` WHERE ( `order_id`='12263' )  [ RunTime:0.0002s ]
INFO: [ view_parse ] --START--
INFO: [ template_filter ] --START--
INFO: Run Behavior\ContentReplaceBehavior [ RunTime:0.000043s ]
INFO: [ template_filter ] --END-- [ RunTime:0.000093s ]
INFO: Run Behavior\ParseTemplateBehavior [ RunTime:0.007664s ]
INFO: [ view_parse ] --END-- [ RunTime:0.007709s ]
INFO: [ view_filter ] --START--
INFO: Run Behavior\WriteHtmlCacheBehavior [ RunTime:0.000113s ]
INFO: [ view_filter ] --END-- [ RunTime:0.000159s ]
INFO: [ app_end ] --START--
INFO: Run Behavior\ShowPageTraceBehavior [ RunTime:0.000374s ]
INFO: [ app_end ] --END-- [ RunTime:0.000417s ]

[ 2015-04-06T00:06:16+08:00 ] 61.51.59.207 /fruit/index.php/home
INFO: [ app_init ] --START--
INFO: Run Behavior\BuildLiteBehavior [ RunTime:0.000015s ]
INFO: [ app_init ] --END-- [ RunTime:0.000263s ]
INFO: [ app_begin ] --START--
INFO: Run Behavior\ReadHtmlCacheBehavior [ RunTime:0.000347s ]
INFO: [ app_begin ] --END-- [ RunTime:0.000389s ]
SQL: SHOW COLUMNS FROM `user` [ RunTime:0.0008s ]
SQL: SELECT * FROM `user` WHERE ( `wei_id`='oTPVPt32sxl5g8spvXiULUTUS-fg' )  [ RunTime:0.0003s ]
SQL: SHOW COLUMNS FROM `order` [ RunTime:0.0006s ]
SQL: SELECT count(1) order_num FROM `order` WHERE ( `user_id`='42' )  [ RunTime:0.0002s ]
SQL: SHOW COLUMNS FROM `opinion` [ RunTime:0.0005s ]
SQL: SELECT count(1) opinion_num FROM `opinion` WHERE ( `user_id`='42' )  [ RunTime:0.0002s ]
INFO: [ view_parse ] --START--
INFO: [ template_filter ] --START--
INFO: Run Behavior\ContentReplaceBehavior [ RunTime:0.000038s ]
INFO: [ template_filter ] --END-- [ RunTime:0.000077s ]
INFO: Run Behavior\ParseTemplateBehavior [ RunTime:0.004536s ]
INFO: [ view_parse ] --END-- [ RunTime:0.004577s ]
INFO: [ view_filter ] --START--
INFO: Run Behavior\WriteHtmlCacheBehavior [ RunTime:0.000113s ]
INFO: [ view_filter ] --END-- [ RunTime:0.000144s ]
INFO: [ app_end ] --START--
INFO: Run Behavior\ShowPageTraceBehavior [ RunTime:0.000366s ]
INFO: [ app_end ] --END-- [ RunTime:0.000402s ]

[ 2015-04-06T00:06:18+08:00 ] 61.51.59.207 /fruit/index.php/Home/Index/orders
INFO: [ app_init ] --START--
INFO: Run Behavior\BuildLiteBehavior [ RunTime:0.000017s ]
INFO: [ app_init ] --END-- [ RunTime:0.000370s ]
INFO: [ app_begin ] --START--
INFO: Run Behavior\ReadHtmlCacheBehavior [ RunTime:0.000354s ]
INFO: [ app_begin ] --END-- [ RunTime:0.000399s ]
SQL: SHOW COLUMNS FROM `user` [ RunTime:0.0008s ]
SQL: SELECT * FROM `user` WHERE ( `wei_id`='oTPVPt32sxl5g8spvXiULUTUS-fg' )  [ RunTime:0.0003s ]
SQL: SHOW COLUMNS FROM `order` [ RunTime:0.0005s ]
SQL: SELECT * FROM `order` WHERE ( `user_id`='42' ) ORDER BY order_id DESC LIMIT 10   [ RunTime:0.0003s ]
SQL: SHOW COLUMNS FROM `order_detail` [ RunTime:0.0005s ]
NOTIC: [8] Undefined index: 010_hd_rkzxzy /opt/lampp/htdocs/fruit/App/Home/Controller/IndexController.class.php 第 64 行.
SQL: SELECT * FROM `order_detail` WHERE ( `order_id`='12268' )  [ RunTime:0.0002s ]
NOTIC: [8] Undefined index: 010_hd_rkzxzy /opt/lampp/htdocs/fruit/App/Home/Controller/IndexController.class.php 第 64 行.
SQL: SELECT * FROM `order_detail` WHERE ( `order_id`='12263' )  [ RunTime:0.0002s ]
NOTIC: [8] Undefined index: 010_hd_rkzxzy /opt/lampp/htdocs/fruit/App/Home/Controller/IndexController.class.php 第 64 行.
SQL: SELECT * FROM `order_detail` WHERE ( `order_id`='12262' )  [ RunTime:0.0002s ]
NOTIC: [8] Undefined index: 010_hd_rkzxzy /opt/lampp/htdocs/fruit/App/Home/Controller/IndexController.class.php 第 64 行.
SQL: SELECT * FROM `order_detail` WHERE ( `order_id`='12261' )  [ RunTime:0.0002s ]
NOTIC: [8] Undefined index: 010_hd_rkzxzy /opt/lampp/htdocs/fruit/App/Home/Controller/IndexController.class.php 第 64 行.
SQL: SELECT * FROM `order_detail` WHERE ( `order_id`='12259' )  [ RunTime:0.0003s ]
NOTIC: [8] Undefined index: 010_hd_rkzxzy /opt/lampp/htdocs/fruit/App/Home/Controller/IndexController.class.php 第 64 行.
SQL: SELECT * FROM `order_detail` WHERE ( `order_id`='12258' )  [ RunTime:0.0002s ]
INFO: [ view_parse ] --START--
INFO: [ template_filter ] --START--
INFO: Run Behavior\ContentReplaceBehavior [ RunTime:0.000042s ]
INFO: [ template_filter ] --END-- [ RunTime:0.000085s ]
INFO: Run Behavior\ParseTemplateBehavior [ RunTime:0.007240s ]
INFO: [ view_parse ] --END-- [ RunTime:0.007295s ]
INFO: [ view_filter ] --START--
INFO: Run Behavior\WriteHtmlCacheBehavior [ RunTime:0.000115s ]
INFO: [ view_filter ] --END-- [ RunTime:0.000151s ]
INFO: [ app_end ] --START--
INFO: Run Behavior\ShowPageTraceBehavior [ RunTime:0.000382s ]
INFO: [ app_end ] --END-- [ RunTime:0.000421s ]

[ 2015-04-06T00:06:29+08:00 ] 61.51.59.207 /fruit/index.php/home/index/comment/id/12259
INFO: [ app_init ] --START--
INFO: Run Behavior\BuildLiteBehavior [ RunTime:0.000014s ]
INFO: [ app_init ] --END-- [ RunTime:0.000325s ]
INFO: [ app_begin ] --START--
INFO: Run Behavior\ReadHtmlCacheBehavior [ RunTime:0.000338s ]
INFO: [ app_begin ] --END-- [ RunTime:0.000380s ]
SQL: SHOW COLUMNS FROM `user` [ RunTime:0.0008s ]
SQL: SELECT * FROM `user` WHERE ( `wei_id`='oTPVPt32sxl5g8spvXiULUTUS-fg' )  [ RunTime:0.0003s ]
SQL: SHOW COLUMNS FROM `order` [ RunTime:0.0005s ]
SQL: SELECT * FROM `order` WHERE ( `order_id`='12259' )  [ RunTime:0.0002s ]
SQL: SHOW COLUMNS FROM `order_detail` [ RunTime:0.0005s ]
NOTIC: [8] Undefined index: 010_hd_rkzxzy /opt/lampp/htdocs/fruit/App/Home/Controller/IndexController.class.php 第 120 行.
SQL: SELECT * FROM `order_detail` WHERE ( `order_id`='12259' )  [ RunTime:0.0002s ]
SQL: SELECT * FROM `order_detail` WHERE ( `order_id`='12259' )  [ RunTime:0.0002s ]
INFO: [ view_parse ] --START--
INFO: [ template_filter ] --START--
INFO: Run Behavior\ContentReplaceBehavior [ RunTime:0.000045s ]
INFO: [ template_filter ] --END-- [ RunTime:0.000085s ]
INFO: Run Behavior\ParseTemplateBehavior [ RunTime:0.007476s ]
INFO: [ view_parse ] --END-- [ RunTime:0.007516s ]
INFO: [ view_filter ] --START--
INFO: Run Behavior\WriteHtmlCacheBehavior [ RunTime:0.000116s ]
INFO: [ view_filter ] --END-- [ RunTime:0.000148s ]
INFO: [ app_end ] --START--
INFO: Run Behavior\ShowPageTraceBehavior [ RunTime:0.000345s ]
INFO: [ app_end ] --END-- [ RunTime:0.000381s ]

[ 2015-04-06T00:07:21+08:00 ] 61.51.59.207 /fruit/index.php/home/index/addcomment
INFO: [ app_init ] --START--
INFO: Run Behavior\BuildLiteBehavior [ RunTime:0.000015s ]
INFO: [ app_init ] --END-- [ RunTime:0.000302s ]
INFO: [ app_begin ] --START--
INFO: Run Behavior\ReadHtmlCacheBehavior [ RunTime:0.000326s ]
INFO: [ app_begin ] --END-- [ RunTime:0.000372s ]
SQL: SHOW COLUMNS FROM `user` [ RunTime:0.0008s ]
SQL: SELECT * FROM `user` WHERE ( `wei_id`='oTPVPt32sxl5g8spvXiULUTUS-fg' )  [ RunTime:0.0003s ]
SQL: SHOW COLUMNS FROM `order_detail` [ RunTime:0.0006s ]
SQL: UPDATE `order_detail` SET `commend`='水果很新鲜 赞一个' WHERE `order_detail_id` = 90 [ RunTime:0.0072s ]
SQL: UPDATE `order_detail` SET `commend`='水果很新鲜 赞一个' WHERE `order_detail_id` = 91 [ RunTime:0.0039s ]
SQL: SHOW COLUMNS FROM `order` [ RunTime:0.0006s ]
SQL: UPDATE `order` SET `iscommend`='1' WHERE `order_id` = 12259 [ RunTime:0.0046s ]
INFO: [ app_end ] --START--
INFO: Run Behavior\ShowPageTraceBehavior [ RunTime:0.000400s ]
INFO: [ app_end ] --END-- [ RunTime:0.000444s ]

[ 2015-04-06T00:07:21+08:00 ] 61.51.59.207 /fruit/index.php/home/index/comment/id/12259
INFO: [ app_init ] --START--
INFO: Run Behavior\BuildLiteBehavior [ RunTime:0.000015s ]
INFO: [ app_init ] --END-- [ RunTime:0.000267s ]
INFO: [ app_begin ] --START--
INFO: Run Behavior\ReadHtmlCacheBehavior [ RunTime:0.000365s ]
INFO: [ app_begin ] --END-- [ RunTime:0.000408s ]
SQL: SHOW COLUMNS FROM `user` [ RunTime:0.0010s ]
SQL: SELECT * FROM `user` WHERE ( `wei_id`='oTPVPt32sxl5g8spvXiULUTUS-fg' )  [ RunTime:0.0003s ]
SQL: SHOW COLUMNS FROM `order` [ RunTime:0.0005s ]
SQL: SELECT * FROM `order` WHERE ( `order_id`='12259' )  [ RunTime:0.0002s ]
SQL: SHOW COLUMNS FROM `order_detail` [ RunTime:0.0005s ]
NOTIC: [8] Undefined index: 010_hd_rkzxzy /opt/lampp/htdocs/fruit/App/Home/Controller/IndexController.class.php 第 120 行.
SQL: SELECT * FROM `order_detail` WHERE ( `order_id`='12259' )  [ RunTime:0.0002s ]
SQL: SELECT * FROM `order_detail` WHERE ( `order_id`='12259' )  [ RunTime:0.0002s ]
INFO: [ view_parse ] --START--
INFO: [ template_filter ] --START--
INFO: Run Behavior\ContentReplaceBehavior [ RunTime:0.000050s ]
INFO: [ template_filter ] --END-- [ RunTime:0.000113s ]
INFO: Run Behavior\ParseTemplateBehavior [ RunTime:0.008536s ]
INFO: [ view_parse ] --END-- [ RunTime:0.008582s ]
INFO: [ view_filter ] --START--
INFO: Run Behavior\WriteHtmlCacheBehavior [ RunTime:0.000156s ]
INFO: [ view_filter ] --END-- [ RunTime:0.000207s ]
INFO: [ app_end ] --START--
INFO: Run Behavior\ShowPageTraceBehavior [ RunTime:0.000559s ]
INFO: [ app_end ] --END-- [ RunTime:0.000613s ]

[ 2015-04-06T00:07:25+08:00 ] 61.51.59.207 /fruit/index.php/home
INFO: [ app_init ] --START--
INFO: Run Behavior\BuildLiteBehavior [ RunTime:0.000015s ]
INFO: [ app_init ] --END-- [ RunTime:0.000264s ]
INFO: [ app_begin ] --START--
INFO: Run Behavior\ReadHtmlCacheBehavior [ RunTime:0.000324s ]
INFO: [ app_begin ] --END-- [ RunTime:0.000366s ]
SQL: SHOW COLUMNS FROM `user` [ RunTime:0.0008s ]
SQL: SELECT * FROM `user` WHERE ( `wei_id`='oTPVPt32sxl5g8spvXiULUTUS-fg' )  [ RunTime:0.0003s ]
SQL: SHOW COLUMNS FROM `order` [ RunTime:0.0005s ]
SQL: SELECT count(1) order_num FROM `order` WHERE ( `user_id`='42' )  [ RunTime:0.0003s ]
SQL: SHOW COLUMNS FROM `opinion` [ RunTime:0.0005s ]
SQL: SELECT count(1) opinion_num FROM `opinion` WHERE ( `user_id`='42' )  [ RunTime:0.0002s ]
INFO: [ view_parse ] --START--
INFO: [ template_filter ] --START--
INFO: Run Behavior\ContentReplaceBehavior [ RunTime:0.000038s ]
INFO: [ template_filter ] --END-- [ RunTime:0.000081s ]
INFO: Run Behavior\ParseTemplateBehavior [ RunTime:0.004579s ]
INFO: [ view_parse ] --END-- [ RunTime:0.004623s ]
INFO: [ view_filter ] --START--
INFO: Run Behavior\WriteHtmlCacheBehavior [ RunTime:0.000113s ]
INFO: [ view_filter ] --END-- [ RunTime:0.000147s ]
INFO: [ app_end ] --START--
INFO: Run Behavior\ShowPageTraceBehavior [ RunTime:0.000359s ]
INFO: [ app_end ] --END-- [ RunTime:0.000397s ]

[ 2015-04-06T00:07:27+08:00 ] 61.51.59.207 /fruit/index.php/Home/Index/orders
INFO: [ app_init ] --START--
INFO: Run Behavior\BuildLiteBehavior [ RunTime:0.000014s ]
INFO: [ app_init ] --END-- [ RunTime:0.000265s ]
INFO: [ app_begin ] --START--
INFO: Run Behavior\ReadHtmlCacheBehavior [ RunTime:0.000326s ]
INFO: [ app_begin ] --END-- [ RunTime:0.000369s ]
SQL: SHOW COLUMNS FROM `user` [ RunTime:0.0008s ]
SQL: SELECT * FROM `user` WHERE ( `wei_id`='oTPVPt32sxl5g8spvXiULUTUS-fg' )  [ RunTime:0.0003s ]
SQL: SHOW COLUMNS FROM `order` [ RunTime:0.0005s ]
SQL: SELECT * FROM `order` WHERE ( `user_id`='42' ) ORDER BY order_id DESC LIMIT 10   [ RunTime:0.0004s ]
SQL: SHOW COLUMNS FROM `order_detail` [ RunTime:0.0005s ]
NOTIC: [8] Undefined index: 010_hd_rkzxzy /opt/lampp/htdocs/fruit/App/Home/Controller/IndexController.class.php 第 64 行.
SQL: SELECT * FROM `order_detail` WHERE ( `order_id`='12268' )  [ RunTime:0.0002s ]
NOTIC: [8] Undefined index: 010_hd_rkzxzy /opt/lampp/htdocs/fruit/App/Home/Controller/IndexController.class.php 第 64 行.
SQL: SELECT * FROM `order_detail` WHERE ( `order_id`='12263' )  [ RunTime:0.0002s ]
NOTIC: [8] Undefined index: 010_hd_rkzxzy /opt/lampp/htdocs/fruit/App/Home/Controller/IndexController.class.php 第 64 行.
SQL: SELECT * FROM `order_detail` WHERE ( `order_id`='12262' )  [ RunTime:0.0002s ]
NOTIC: [8] Undefined index: 010_hd_rkzxzy /opt/lampp/htdocs/fruit/App/Home/Controller/IndexController.class.php 第 64 行.
SQL: SELECT * FROM `order_detail` WHERE ( `order_id`='12261' )  [ RunTime:0.0002s ]
NOTIC: [8] Undefined index: 010_hd_rkzxzy /opt/lampp/htdocs/fruit/App/Home/Controller/IndexController.class.php 第 64 行.
SQL: SELECT * FROM `order_detail` WHERE ( `order_id`='12259' )  [ RunTime:0.0002s ]
NOTIC: [8] Undefined index: 010_hd_rkzxzy /opt/lampp/htdocs/fruit/App/Home/Controller/IndexController.class.php 第 64 行.
SQL: SELECT * FROM `order_detail` WHERE ( `order_id`='12258' )  [ RunTime:0.0002s ]
INFO: [ view_parse ] --START--
INFO: [ template_filter ] --START--
INFO: Run Behavior\ContentReplaceBehavior [ RunTime:0.000039s ]
INFO: [ template_filter ] --END-- [ RunTime:0.000088s ]
INFO: Run Behavior\ParseTemplateBehavior [ RunTime:0.006732s ]
INFO: [ view_parse ] --END-- [ RunTime:0.006777s ]
INFO: [ view_filter ] --START--
INFO: Run Behavior\WriteHtmlCacheBehavior [ RunTime:0.000118s ]
INFO: [ view_filter ] --END-- [ RunTime:0.000155s ]
INFO: [ app_end ] --START--
INFO: Run Behavior\ShowPageTraceBehavior [ RunTime:0.000356s ]
INFO: [ app_end ] --END-- [ RunTime:0.000397s ]

[ 2015-04-06T00:07:59+08:00 ] 61.51.59.207 /fruit/index.php/home
INFO: [ app_init ] --START--
INFO: Run Behavior\BuildLiteBehavior [ RunTime:0.000014s ]
INFO: [ app_init ] --END-- [ RunTime:0.000263s ]
INFO: [ app_begin ] --START--
INFO: Run Behavior\ReadHtmlCacheBehavior [ RunTime:0.000325s ]
INFO: [ app_begin ] --END-- [ RunTime:0.000364s ]
SQL: SHOW COLUMNS FROM `user` [ RunTime:0.0008s ]
SQL: SELECT * FROM `user` WHERE ( `wei_id`='oTPVPt32sxl5g8spvXiULUTUS-fg' )  [ RunTime:0.0003s ]
SQL: SHOW COLUMNS FROM `order` [ RunTime:0.0005s ]
SQL: SELECT count(1) order_num FROM `order` WHERE ( `user_id`='42' )  [ RunTime:0.0002s ]
SQL: SHOW COLUMNS FROM `opinion` [ RunTime:0.0005s ]
SQL: SELECT count(1) opinion_num FROM `opinion` WHERE ( `user_id`='42' )  [ RunTime:0.0002s ]
INFO: [ view_parse ] --START--
INFO: [ template_filter ] --START--
INFO: Run Behavior\ContentReplaceBehavior [ RunTime:0.000039s ]
INFO: [ template_filter ] --END-- [ RunTime:0.000085s ]
INFO: Run Behavior\ParseTemplateBehavior [ RunTime:0.004460s ]
INFO: [ view_parse ] --END-- [ RunTime:0.004500s ]
INFO: [ view_filter ] --START--
INFO: Run Behavior\WriteHtmlCacheBehavior [ RunTime:0.000111s ]
INFO: [ view_filter ] --END-- [ RunTime:0.000144s ]
INFO: [ app_end ] --START--
INFO: Run Behavior\ShowPageTraceBehavior [ RunTime:0.000406s ]
INFO: [ app_end ] --END-- [ RunTime:0.000452s ]

[ 2015-04-06T00:08:03+08:00 ] 61.51.59.207 /fruit/index.php/Home/Index/orders
INFO: [ app_init ] --START--
INFO: Run Behavior\BuildLiteBehavior [ RunTime:0.000014s ]
INFO: [ app_init ] --END-- [ RunTime:0.000263s ]
INFO: [ app_begin ] --START--
INFO: Run Behavior\ReadHtmlCacheBehavior [ RunTime:0.000342s ]
INFO: [ app_begin ] --END-- [ RunTime:0.000385s ]
SQL: SHOW COLUMNS FROM `user` [ RunTime:0.0009s ]
SQL: SELECT * FROM `user` WHERE ( `wei_id`='oTPVPt32sxl5g8spvXiULUTUS-fg' )  [ RunTime:0.0003s ]
SQL: SHOW COLUMNS FROM `order` [ RunTime:0.0005s ]
SQL: SELECT * FROM `order` WHERE ( `user_id`='42' ) ORDER BY order_id DESC LIMIT 10   [ RunTime:0.0003s ]
SQL: SHOW COLUMNS FROM `order_detail` [ RunTime:0.0005s ]
NOTIC: [8] Undefined index: 010_hd_rkzxzy /opt/lampp/htdocs/fruit/App/Home/Controller/IndexController.class.php 第 64 行.
SQL: SELECT * FROM `order_detail` WHERE ( `order_id`='12268' )  [ RunTime:0.0002s ]
NOTIC: [8] Undefined index: 010_hd_rkzxzy /opt/lampp/htdocs/fruit/App/Home/Controller/IndexController.class.php 第 64 行.
SQL: SELECT * FROM `order_detail` WHERE ( `order_id`='12263' )  [ RunTime:0.0002s ]
NOTIC: [8] Undefined index: 010_hd_rkzxzy /opt/lampp/htdocs/fruit/App/Home/Controller/IndexController.class.php 第 64 行.
SQL: SELECT * FROM `order_detail` WHERE ( `order_id`='12262' )  [ RunTime:0.0002s ]
NOTIC: [8] Undefined index: 010_hd_rkzxzy /opt/lampp/htdocs/fruit/App/Home/Controller/IndexController.class.php 第 64 行.
SQL: SELECT * FROM `order_detail` WHERE ( `order_id`='12261' )  [ RunTime:0.0002s ]
NOTIC: [8] Undefined index: 010_hd_rkzxzy /opt/lampp/htdocs/fruit/App/Home/Controller/IndexController.class.php 第 64 行.
SQL: SELECT * FROM `order_detail` WHERE ( `order_id`='12259' )  [ RunTime:0.0002s ]
NOTIC: [8] Undefined index: 010_hd_rkzxzy /opt/lampp/htdocs/fruit/App/Home/Controller/IndexController.class.php 第 64 行.
SQL: SELECT * FROM `order_detail` WHERE ( `order_id`='12258' )  [ RunTime:0.0002s ]
INFO: [ view_parse ] --START--
INFO: [ template_filter ] --START--
INFO: Run Behavior\ContentReplaceBehavior [ RunTime:0.000041s ]
INFO: [ template_filter ] --END-- [ RunTime:0.000082s ]
INFO: Run Behavior\ParseTemplateBehavior [ RunTime:0.006278s ]
INFO: [ view_parse ] --END-- [ RunTime:0.006324s ]
INFO: [ view_filter ] --START--
INFO: Run Behavior\WriteHtmlCacheBehavior [ RunTime:0.000125s ]
INFO: [ view_filter ] --END-- [ RunTime:0.000165s ]
INFO: [ app_end ] --START--
INFO: Run Behavior\ShowPageTraceBehavior [ RunTime:0.000383s ]
INFO: [ app_end ] --END-- [ RunTime:0.000427s ]

[ 2015-04-06T00:09:07+08:00 ] 61.51.59.207 /fruit/index.php/home
INFO: [ app_init ] --START--
INFO: Run Behavior\BuildLiteBehavior [ RunTime:0.000015s ]
INFO: [ app_init ] --END-- [ RunTime:0.000263s ]
INFO: [ app_begin ] --START--
INFO: Run Behavior\ReadHtmlCacheBehavior [ RunTime:0.000324s ]
INFO: [ app_begin ] --END-- [ RunTime:0.000365s ]
SQL: SHOW COLUMNS FROM `user` [ RunTime:0.0008s ]
SQL: SELECT * FROM `user` WHERE ( `wei_id`='oTPVPt32sxl5g8spvXiULUTUS-fg' )  [ RunTime:0.0003s ]
SQL: SHOW COLUMNS FROM `order` [ RunTime:0.0006s ]
SQL: SELECT count(1) order_num FROM `order` WHERE ( `user_id`='42' )  [ RunTime:0.0003s ]
SQL: SHOW COLUMNS FROM `opinion` [ RunTime:0.0007s ]
SQL: SELECT count(1) opinion_num FROM `opinion` WHERE ( `user_id`='42' )  [ RunTime:0.0003s ]
INFO: [ view_parse ] --START--
INFO: [ template_filter ] --START--
INFO: Run Behavior\ContentReplaceBehavior [ RunTime:0.000047s ]
INFO: [ template_filter ] --END-- [ RunTime:0.000099s ]
INFO: Run Behavior\ParseTemplateBehavior [ RunTime:0.005001s ]
INFO: [ view_parse ] --END-- [ RunTime:0.005049s ]
INFO: [ view_filter ] --START--
INFO: Run Behavior\WriteHtmlCacheBehavior [ RunTime:0.000127s ]
INFO: [ view_filter ] --END-- [ RunTime:0.000158s ]
INFO: [ app_end ] --START--
INFO: Run Behavior\ShowPageTraceBehavior [ RunTime:0.000420s ]
INFO: [ app_end ] --END-- [ RunTime:0.000456s ]

[ 2015-04-06T00:13:50+08:00 ] 61.51.59.207 /fruit/index.php/Home/Index/orders/weiid/oTPVPt32sxl5g8spvXiULUTUS-fg/sign/0d5063f706b901bf3a6392a994496aa6
INFO: [ app_init ] --START--
INFO: Run Behavior\BuildLiteBehavior [ RunTime:0.000014s ]
INFO: [ app_init ] --END-- [ RunTime:0.000282s ]
INFO: [ app_begin ] --START--
INFO: Run Behavior\ReadHtmlCacheBehavior [ RunTime:0.000329s ]
INFO: [ app_begin ] --END-- [ RunTime:0.000371s ]
SQL: SHOW COLUMNS FROM `user` [ RunTime:0.0008s ]
SQL: SELECT * FROM `user` WHERE ( `wei_id`='oTPVPt32sxl5g8spvXiULUTUS-fg' )  [ RunTime:0.0003s ]
NOTIC: [8] Undefined index: car /opt/lampp/htdocs/fruit/App/Home/Controller/IndexController.class.php 第 29 行.
SQL: SHOW COLUMNS FROM `order` [ RunTime:0.0007s ]
SQL: SELECT * FROM `order` WHERE ( `user_id`='42' ) ORDER BY order_id DESC LIMIT 10   [ RunTime:0.0004s ]
SQL: SHOW COLUMNS FROM `order_detail` [ RunTime:0.0006s ]
NOTIC: [8] Undefined index: 010_hd_rkzxzy /opt/lampp/htdocs/fruit/App/Home/Controller/IndexController.class.php 第 64 行.
SQL: SELECT * FROM `order_detail` WHERE ( `order_id`='12268' )  [ RunTime:0.0002s ]
NOTIC: [8] Undefined index: 010_hd_rkzxzy /opt/lampp/htdocs/fruit/App/Home/Controller/IndexController.class.php 第 64 行.
SQL: SELECT * FROM `order_detail` WHERE ( `order_id`='12263' )  [ RunTime:0.0002s ]
NOTIC: [8] Undefined index: 010_hd_rkzxzy /opt/lampp/htdocs/fruit/App/Home/Controller/IndexController.class.php 第 64 行.
SQL: SELECT * FROM `order_detail` WHERE ( `order_id`='12262' )  [ RunTime:0.0002s ]
NOTIC: [8] Undefined index: 010_hd_rkzxzy /opt/lampp/htdocs/fruit/App/Home/Controller/IndexController.class.php 第 64 行.
SQL: SELECT * FROM `order_detail` WHERE ( `order_id`='12261' )  [ RunTime:0.0002s ]
NOTIC: [8] Undefined index: 010_hd_rkzxzy /opt/lampp/htdocs/fruit/App/Home/Controller/IndexController.class.php 第 64 行.
SQL: SELECT * FROM `order_detail` WHERE ( `order_id`='12259' )  [ RunTime:0.0002s ]
NOTIC: [8] Undefined index: 010_hd_rkzxzy /opt/lampp/htdocs/fruit/App/Home/Controller/IndexController.class.php 第 64 行.
SQL: SELECT * FROM `order_detail` WHERE ( `order_id`='12258' )  [ RunTime:0.0002s ]
INFO: [ view_parse ] --START--
INFO: [ template_filter ] --START--
INFO: Run Behavior\ContentReplaceBehavior [ RunTime:0.000044s ]
INFO: [ template_filter ] --END-- [ RunTime:0.000105s ]
INFO: Run Behavior\ParseTemplateBehavior [ RunTime:0.006788s ]
INFO: [ view_parse ] --END-- [ RunTime:0.006843s ]
INFO: [ view_filter ] --START--
INFO: Run Behavior\WriteHtmlCacheBehavior [ RunTime:0.000130s ]
INFO: [ view_filter ] --END-- [ RunTime:0.000173s ]
INFO: [ app_end ] --START--
INFO: Run Behavior\ShowPageTraceBehavior [ RunTime:0.000469s ]
INFO: [ app_end ] --END-- [ RunTime:0.000523s ]

[ 2015-04-06T00:13:56+08:00 ] 61.51.59.207 /fruit/index.php/home/index/comment/id/12263
INFO: [ app_init ] --START--
INFO: Run Behavior\BuildLiteBehavior [ RunTime:0.000014s ]
INFO: [ app_init ] --END-- [ RunTime:0.000268s ]
INFO: [ app_begin ] --START--
INFO: Run Behavior\ReadHtmlCacheBehavior [ RunTime:0.000333s ]
INFO: [ app_begin ] --END-- [ RunTime:0.000373s ]
SQL: SHOW COLUMNS FROM `user` [ RunTime:0.0008s ]
SQL: SELECT * FROM `user` WHERE ( `wei_id`='oTPVPt32sxl5g8spvXiULUTUS-fg' )  [ RunTime:0.0003s ]
NOTIC: [8] Undefined index: car /opt/lampp/htdocs/fruit/App/Home/Controller/IndexController.class.php 第 29 行.
SQL: SHOW COLUMNS FROM `order` [ RunTime:0.0005s ]
SQL: SELECT * FROM `order` WHERE ( `order_id`='12263' )  [ RunTime:0.0002s ]
SQL: SHOW COLUMNS FROM `order_detail` [ RunTime:0.0005s ]
NOTIC: [8] Undefined index: 010_hd_rkzxzy /opt/lampp/htdocs/fruit/App/Home/Controller/IndexController.class.php 第 120 行.
SQL: SELECT * FROM `order_detail` WHERE ( `order_id`='12263' )  [ RunTime:0.0002s ]
SQL: SELECT * FROM `order_detail` WHERE ( `order_id`='12263' )  [ RunTime:0.0002s ]
INFO: [ view_parse ] --START--
INFO: [ template_filter ] --START--
INFO: Run Behavior\ContentReplaceBehavior [ RunTime:0.000045s ]
INFO: [ template_filter ] --END-- [ RunTime:0.000088s ]
INFO: Run Behavior\ParseTemplateBehavior [ RunTime:0.007710s ]
INFO: [ view_parse ] --END-- [ RunTime:0.007752s ]
INFO: [ view_filter ] --START--
INFO: Run Behavior\WriteHtmlCacheBehavior [ RunTime:0.000128s ]
INFO: [ view_filter ] --END-- [ RunTime:0.000168s ]
INFO: [ app_end ] --START--
INFO: Run Behavior\ShowPageTraceBehavior [ RunTime:0.000354s ]
INFO: [ app_end ] --END-- [ RunTime:0.000391s ]

[ 2015-04-06T00:14:17+08:00 ] 61.51.59.207 /fruit/index.php/home
INFO: [ app_init ] --START--
INFO: Run Behavior\BuildLiteBehavior [ RunTime:0.000013s ]
INFO: [ app_init ] --END-- [ RunTime:0.000266s ]
INFO: [ app_begin ] --START--
INFO: Run Behavior\ReadHtmlCacheBehavior [ RunTime:0.000330s ]
INFO: [ app_begin ] --END-- [ RunTime:0.000372s ]
SQL: SHOW COLUMNS FROM `user` [ RunTime:0.0008s ]
SQL: SELECT * FROM `user` WHERE ( `wei_id`='oTPVPt32sxl5g8spvXiULUTUS-fg' )  [ RunTime:0.0003s ]
NOTIC: [8] Undefined index: car /opt/lampp/htdocs/fruit/App/Home/Controller/IndexController.class.php 第 29 行.
SQL: SHOW COLUMNS FROM `order` [ RunTime:0.0005s ]
SQL: SELECT count(1) order_num FROM `order` WHERE ( `user_id`='42' )  [ RunTime:0.0002s ]
SQL: SHOW COLUMNS FROM `opinion` [ RunTime:0.0005s ]
SQL: SELECT count(1) opinion_num FROM `opinion` WHERE ( `user_id`='42' )  [ RunTime:0.0002s ]
NOTIC: [8] Undefined index: car /opt/lampp/htdocs/fruit/App/Home/Controller/IndexController.class.php 第 45 行.
INFO: [ view_parse ] --START--
INFO: [ template_filter ] --START--
INFO: Run Behavior\ContentReplaceBehavior [ RunTime:0.000042s ]
INFO: [ template_filter ] --END-- [ RunTime:0.000090s ]
INFO: Run Behavior\ParseTemplateBehavior [ RunTime:0.005160s ]
INFO: [ view_parse ] --END-- [ RunTime:0.005208s ]
INFO: [ view_filter ] --START--
INFO: Run Behavior\WriteHtmlCacheBehavior [ RunTime:0.000126s ]
INFO: [ view_filter ] --END-- [ RunTime:0.000170s ]
INFO: [ app_end ] --START--
INFO: Run Behavior\ShowPageTraceBehavior [ RunTime:0.000378s ]
INFO: [ app_end ] --END-- [ RunTime:0.000416s ]

[ 2015-04-06T00:14:20+08:00 ] 61.51.59.207 /fruit/index.php/Home/Index/orders
INFO: [ app_init ] --START--
INFO: Run Behavior\BuildLiteBehavior [ RunTime:0.000015s ]
INFO: [ app_init ] --END-- [ RunTime:0.000292s ]
INFO: [ app_begin ] --START--
INFO: Run Behavior\ReadHtmlCacheBehavior [ RunTime:0.000344s ]
INFO: [ app_begin ] --END-- [ RunTime:0.000386s ]
SQL: SHOW COLUMNS FROM `user` [ RunTime:0.0008s ]
SQL: SELECT * FROM `user` WHERE ( `wei_id`='oTPVPt32sxl5g8spvXiULUTUS-fg' )  [ RunTime:0.0003s ]
NOTIC: [8] Undefined index: car /opt/lampp/htdocs/fruit/App/Home/Controller/IndexController.class.php 第 29 行.
SQL: SHOW COLUMNS FROM `order` [ RunTime:0.0005s ]
SQL: SELECT * FROM `order` WHERE ( `user_id`='42' ) ORDER BY order_id DESC LIMIT 10   [ RunTime:0.0003s ]
SQL: SHOW COLUMNS FROM `order_detail` [ RunTime:0.0005s ]
NOTIC: [8] Undefined index: 010_hd_rkzxzy /opt/lampp/htdocs/fruit/App/Home/Controller/IndexController.class.php 第 64 行.
SQL: SELECT * FROM `order_detail` WHERE ( `order_id`='12268' )  [ RunTime:0.0002s ]
NOTIC: [8] Undefined index: 010_hd_rkzxzy /opt/lampp/htdocs/fruit/App/Home/Controller/IndexController.class.php 第 64 行.
SQL: SELECT * FROM `order_detail` WHERE ( `order_id`='12263' )  [ RunTime:0.0002s ]
NOTIC: [8] Undefined index: 010_hd_rkzxzy /opt/lampp/htdocs/fruit/App/Home/Controller/IndexController.class.php 第 64 行.
SQL: SELECT * FROM `order_detail` WHERE ( `order_id`='12262' )  [ RunTime:0.0002s ]
NOTIC: [8] Undefined index: 010_hd_rkzxzy /opt/lampp/htdocs/fruit/App/Home/Controller/IndexController.class.php 第 64 行.
SQL: SELECT * FROM `order_detail` WHERE ( `order_id`='12261' )  [ RunTime:0.0002s ]
NOTIC: [8] Undefined index: 010_hd_rkzxzy /opt/lampp/htdocs/fruit/App/Home/Controller/IndexController.class.php 第 64 行.
SQL: SELECT * FROM `order_detail` WHERE ( `order_id`='12259' )  [ RunTime:0.0002s ]
NOTIC: [8] Undefined index: 010_hd_rkzxzy /opt/lampp/htdocs/fruit/App/Home/Controller/IndexController.class.php 第 64 行.
SQL: SELECT * FROM `order_detail` WHERE ( `order_id`='12258' )  [ RunTime:0.0002s ]
INFO: [ view_parse ] --START--
INFO: [ template_filter ] --START--
INFO: Run Behavior\ContentReplaceBehavior [ RunTime:0.000044s ]
INFO: [ template_filter ] --END-- [ RunTime:0.000115s ]
INFO: Run Behavior\ParseTemplateBehavior [ RunTime:0.007553s ]
INFO: [ view_parse ] --END-- [ RunTime:0.007601s ]
INFO: [ view_filter ] --START--
INFO: Run Behavior\WriteHtmlCacheBehavior [ RunTime:0.000118s ]
INFO: [ view_filter ] --END-- [ RunTime:0.000157s ]
INFO: [ app_end ] --START--
INFO: Run Behavior\ShowPageTraceBehavior [ RunTime:0.000382s ]
INFO: [ app_end ] --END-- [ RunTime:0.000428s ]

[ 2015-04-06T00:14:27+08:00 ] 61.51.59.207 /fruit/index.php/home
INFO: [ app_init ] --START--
INFO: Run Behavior\BuildLiteBehavior [ RunTime:0.000015s ]
INFO: [ app_init ] --END-- [ RunTime:0.000267s ]
INFO: [ app_begin ] --START--
INFO: Run Behavior\ReadHtmlCacheBehavior [ RunTime:0.000382s ]
INFO: [ app_begin ] --END-- [ RunTime:0.000422s ]
SQL: SHOW COLUMNS FROM `user` [ RunTime:0.0008s ]
SQL: SELECT * FROM `user` WHERE ( `wei_id`='oTPVPt32sxl5g8spvXiULUTUS-fg' )  [ RunTime:0.0003s ]
NOTIC: [8] Undefined index: car /opt/lampp/htdocs/fruit/App/Home/Controller/IndexController.class.php 第 29 行.
SQL: SHOW COLUMNS FROM `order` [ RunTime:0.0005s ]
SQL: SELECT count(1) order_num FROM `order` WHERE ( `user_id`='42' )  [ RunTime:0.0002s ]
SQL: SHOW COLUMNS FROM `opinion` [ RunTime:0.0005s ]
SQL: SELECT count(1) opinion_num FROM `opinion` WHERE ( `user_id`='42' )  [ RunTime:0.0002s ]
NOTIC: [8] Undefined index: car /opt/lampp/htdocs/fruit/App/Home/Controller/IndexController.class.php 第 45 行.
INFO: [ view_parse ] --START--
INFO: [ template_filter ] --START--
INFO: Run Behavior\ContentReplaceBehavior [ RunTime:0.000048s ]
INFO: [ template_filter ] --END-- [ RunTime:0.000126s ]
INFO: Run Behavior\ParseTemplateBehavior [ RunTime:0.004856s ]
INFO: [ view_parse ] --END-- [ RunTime:0.004898s ]
INFO: [ view_filter ] --START--
INFO: Run Behavior\WriteHtmlCacheBehavior [ RunTime:0.000144s ]
INFO: [ view_filter ] --END-- [ RunTime:0.000177s ]
INFO: [ app_end ] --START--
INFO: Run Behavior\ShowPageTraceBehavior [ RunTime:0.000417s ]
INFO: [ app_end ] --END-- [ RunTime:0.000458s ]

[ 2015-04-06T00:19:16+08:00 ] 101.226.66.191 /fruit/index.php/home/index/comment/id/12263
INFO: [ app_init ] --START--
INFO: Run Behavior\BuildLiteBehavior [ RunTime:0.000015s ]
INFO: [ app_init ] --END-- [ RunTime:0.000273s ]
INFO: [ app_begin ] --START--
INFO: Run Behavior\ReadHtmlCacheBehavior [ RunTime:0.000332s ]
INFO: [ app_begin ] --END-- [ RunTime:0.000377s ]
NOTIC: [8] Undefined index: user /opt/lampp/htdocs/fruit/App/Home/Controller/IndexController.class.php 第 10 行.
NOTIC: [8] Undefined index: car /opt/lampp/htdocs/fruit/App/Home/Controller/IndexController.class.php 第 29 行.
SQL: SHOW COLUMNS FROM `order` [ RunTime:0.0008s ]
SQL: SELECT * FROM `order` WHERE ( `order_id`='12263' )  [ RunTime:0.0003s ]
SQL: SHOW COLUMNS FROM `order_detail` [ RunTime:0.0006s ]
NOTIC: [8] Undefined index: 010_hd_rkzxzy /opt/lampp/htdocs/fruit/App/Home/Controller/IndexController.class.php 第 120 行.
SQL: SELECT * FROM `order_detail` WHERE ( `order_id`='12263' )  [ RunTime:0.0002s ]
SQL: SELECT * FROM `order_detail` WHERE ( `order_id`='12263' )  [ RunTime:0.0002s ]
INFO: [ view_parse ] --START--
INFO: [ template_filter ] --START--
INFO: Run Behavior\ContentReplaceBehavior [ RunTime:0.000046s ]
INFO: [ template_filter ] --END-- [ RunTime:0.000091s ]
INFO: Run Behavior\ParseTemplateBehavior [ RunTime:0.007747s ]
INFO: [ view_parse ] --END-- [ RunTime:0.007791s ]
INFO: [ view_filter ] --START--
INFO: Run Behavior\WriteHtmlCacheBehavior [ RunTime:0.000161s ]
INFO: [ view_filter ] --END-- [ RunTime:0.000196s ]
INFO: [ app_end ] --START--
INFO: Run Behavior\ShowPageTraceBehavior [ RunTime:0.000379s ]
INFO: [ app_end ] --END-- [ RunTime:0.000429s ]

[ 2015-04-06T00:20:33+08:00 ] 61.51.59.207 /fruit/index.php/Home/Index/orders/weiid/oTPVPt32sxl5g8spvXiULUTUS-fg/sign/0d5063f706b901bf3a6392a994496aa6
INFO: [ app_init ] --START--
INFO: Run Behavior\BuildLiteBehavior [ RunTime:0.000016s ]
INFO: [ app_init ] --END-- [ RunTime:0.000313s ]
INFO: [ app_begin ] --START--
INFO: Run Behavior\ReadHtmlCacheBehavior [ RunTime:0.000362s ]
INFO: [ app_begin ] --END-- [ RunTime:0.000405s ]
SQL: SHOW COLUMNS FROM `user` [ RunTime:0.0008s ]
SQL: SELECT * FROM `user` WHERE ( `wei_id`='oTPVPt32sxl5g8spvXiULUTUS-fg' )  [ RunTime:0.0003s ]
SQL: SHOW COLUMNS FROM `order` [ RunTime:0.0005s ]
SQL: SELECT * FROM `order` WHERE ( `user_id`='42' ) ORDER BY order_id DESC LIMIT 10   [ RunTime:0.0003s ]
SQL: SHOW COLUMNS FROM `order_detail` [ RunTime:0.0005s ]
NOTIC: [8] Undefined index: 010_hd_rkzxzy /opt/lampp/htdocs/fruit/App/Home/Controller/IndexController.class.php 第 64 行.
SQL: SELECT * FROM `order_detail` WHERE ( `order_id`='12268' )  [ RunTime:0.0002s ]
NOTIC: [8] Undefined index: 010_hd_rkzxzy /opt/lampp/htdocs/fruit/App/Home/Controller/IndexController.class.php 第 64 行.
SQL: SELECT * FROM `order_detail` WHERE ( `order_id`='12263' )  [ RunTime:0.0002s ]
NOTIC: [8] Undefined index: 010_hd_rkzxzy /opt/lampp/htdocs/fruit/App/Home/Controller/IndexController.class.php 第 64 行.
SQL: SELECT * FROM `order_detail` WHERE ( `order_id`='12262' )  [ RunTime:0.0002s ]
NOTIC: [8] Undefined index: 010_hd_rkzxzy /opt/lampp/htdocs/fruit/App/Home/Controller/IndexController.class.php 第 64 行.
SQL: SELECT * FROM `order_detail` WHERE ( `order_id`='12261' )  [ RunTime:0.0002s ]
NOTIC: [8] Undefined index: 010_hd_rkzxzy /opt/lampp/htdocs/fruit/App/Home/Controller/IndexController.class.php 第 64 行.
SQL: SELECT * FROM `order_detail` WHERE ( `order_id`='12259' )  [ RunTime:0.0002s ]
NOTIC: [8] Undefined index: 010_hd_rkzxzy /opt/lampp/htdocs/fruit/App/Home/Controller/IndexController.class.php 第 64 行.
SQL: SELECT * FROM `order_detail` WHERE ( `order_id`='12258' )  [ RunTime:0.0002s ]
INFO: [ view_parse ] --START--
INFO: [ template_filter ] --START--
INFO: Run Behavior\ContentReplaceBehavior [ RunTime:0.000043s ]
INFO: [ template_filter ] --END-- [ RunTime:0.000097s ]
INFO: Run Behavior\ParseTemplateBehavior [ RunTime:0.006015s ]
INFO: [ view_parse ] --END-- [ RunTime:0.006059s ]
INFO: [ view_filter ] --START--
INFO: Run Behavior\WriteHtmlCacheBehavior [ RunTime:0.000120s ]
INFO: [ view_filter ] --END-- [ RunTime:0.000155s ]
INFO: [ app_end ] --START--
INFO: Run Behavior\ShowPageTraceBehavior [ RunTime:0.000421s ]
INFO: [ app_end ] --END-- [ RunTime:0.000466s ]

[ 2015-04-06T08:34:48+08:00 ] 221.219.4.134 /fruit/index.php/Home/Index/orders/weiid/oTPVPt32sxl5g8spvXiULUTUS-fg/sign/0d5063f706b901bf3a6392a994496aa6
INFO: [ app_init ] --START--
INFO: Run Behavior\BuildLiteBehavior [ RunTime:0.000017s ]
INFO: [ app_init ] --END-- [ RunTime:0.000318s ]
INFO: [ app_begin ] --START--
INFO: Run Behavior\ReadHtmlCacheBehavior [ RunTime:0.000388s ]
INFO: [ app_begin ] --END-- [ RunTime:0.000444s ]
SQL: SHOW COLUMNS FROM `user` [ RunTime:0.0009s ]
SQL: SELECT * FROM `user` WHERE ( `wei_id`='oTPVPt32sxl5g8spvXiULUTUS-fg' )  [ RunTime:0.0003s ]
NOTIC: [8] Undefined index: car /opt/lampp/htdocs/fruit/App/Home/Controller/IndexController.class.php 第 29 行.
SQL: SHOW COLUMNS FROM `order` [ RunTime:0.0006s ]
SQL: SELECT * FROM `order` WHERE ( `user_id`='42' ) ORDER BY order_id DESC LIMIT 10   [ RunTime:0.0004s ]
SQL: SHOW COLUMNS FROM `order_detail` [ RunTime:0.0007s ]
NOTIC: [8] Undefined index: 010_hd_rkzxzy /opt/lampp/htdocs/fruit/App/Home/Controller/IndexController.class.php 第 64 行.
SQL: SELECT * FROM `order_detail` WHERE ( `order_id`='12268' )  [ RunTime:0.0004s ]
NOTIC: [8] Undefined index: 010_hd_rkzxzy /opt/lampp/htdocs/fruit/App/Home/Controller/IndexController.class.php 第 64 行.
SQL: SELECT * FROM `order_detail` WHERE ( `order_id`='12263' )  [ RunTime:0.0002s ]
NOTIC: [8] Undefined index: 010_hd_rkzxzy /opt/lampp/htdocs/fruit/App/Home/Controller/IndexController.class.php 第 64 行.
SQL: SELECT * FROM `order_detail` WHERE ( `order_id`='12262' )  [ RunTime:0.0003s ]
NOTIC: [8] Undefined index: 010_hd_rkzxzy /opt/lampp/htdocs/fruit/App/Home/Controller/IndexController.class.php 第 64 行.
SQL: SELECT * FROM `order_detail` WHERE ( `order_id`='12261' )  [ RunTime:0.0002s ]
NOTIC: [8] Undefined index: 010_hd_rkzxzy /opt/lampp/htdocs/fruit/App/Home/Controller/IndexController.class.php 第 64 行.
SQL: SELECT * FROM `order_detail` WHERE ( `order_id`='12259' )  [ RunTime:0.0002s ]
NOTIC: [8] Undefined index: 010_hd_rkzxzy /opt/lampp/htdocs/fruit/App/Home/Controller/IndexController.class.php 第 64 行.
SQL: SELECT * FROM `order_detail` WHERE ( `order_id`='12258' )  [ RunTime:0.0003s ]
INFO: [ view_parse ] --START--
INFO: [ template_filter ] --START--
INFO: Run Behavior\ContentReplaceBehavior [ RunTime:0.000052s ]
INFO: [ template_filter ] --END-- [ RunTime:0.000127s ]
INFO: Run Behavior\ParseTemplateBehavior [ RunTime:0.007843s ]
INFO: [ view_parse ] --END-- [ RunTime:0.007901s ]
INFO: [ view_filter ] --START--
INFO: Run Behavior\WriteHtmlCacheBehavior [ RunTime:0.000144s ]
INFO: [ view_filter ] --END-- [ RunTime:0.000183s ]
INFO: [ app_end ] --START--
INFO: Run Behavior\ShowPageTraceBehavior [ RunTime:0.000492s ]
INFO: [ app_end ] --END-- [ RunTime:0.000538s ]

[ 2015-04-06T23:08:52+08:00 ] 114.253.250.17 /fruit/index.php/home
INFO: [ app_init ] --START--
INFO: Run Behavior\BuildLiteBehavior [ RunTime:0.000015s ]
INFO: [ app_init ] --END-- [ RunTime:0.000270s ]
INFO: [ app_begin ] --START--
INFO: Run Behavior\ReadHtmlCacheBehavior [ RunTime:0.000334s ]
INFO: [ app_begin ] --END-- [ RunTime:0.000377s ]
SQL: SHOW COLUMNS FROM `user` [ RunTime:0.0008s ]
SQL: SELECT * FROM `user` WHERE ( `wei_id`='oTPVPt32sxl5g8spvXiULUTUS-fg' )  [ RunTime:0.0003s ]
NOTIC: [8] Undefined index: car /opt/lampp/htdocs/fruit/App/Home/Controller/IndexController.class.php 第 29 行.
SQL: SHOW COLUMNS FROM `order` [ RunTime:0.0005s ]
SQL: SELECT count(1) order_num FROM `order` WHERE ( `user_id`='42' )  [ RunTime:0.0003s ]
SQL: SHOW COLUMNS FROM `opinion` [ RunTime:0.0005s ]
SQL: SELECT count(1) opinion_num FROM `opinion` WHERE ( `user_id`='42' )  [ RunTime:0.0003s ]
NOTIC: [8] Undefined index: car /opt/lampp/htdocs/fruit/App/Home/Controller/IndexController.class.php 第 45 行.
INFO: [ view_parse ] --START--
INFO: [ template_filter ] --START--
INFO: Run Behavior\ContentReplaceBehavior [ RunTime:0.000036s ]
INFO: [ template_filter ] --END-- [ RunTime:0.000075s ]
INFO: Run Behavior\ParseTemplateBehavior [ RunTime:0.004466s ]
INFO: [ view_parse ] --END-- [ RunTime:0.004504s ]
INFO: [ view_filter ] --START--
INFO: Run Behavior\WriteHtmlCacheBehavior [ RunTime:0.000114s ]
INFO: [ view_filter ] --END-- [ RunTime:0.000145s ]
INFO: [ app_end ] --START--
INFO: Run Behavior\ShowPageTraceBehavior [ RunTime:0.000345s ]
INFO: [ app_end ] --END-- [ RunTime:0.000381s ]

[ 2015-04-06T23:08:53+08:00 ] 114.253.250.17 /fruit/index.php/Home/Index/orders
INFO: [ app_init ] --START--
INFO: Run Behavior\BuildLiteBehavior [ RunTime:0.000019s ]
INFO: [ app_init ] --END-- [ RunTime:0.000390s ]
INFO: [ app_begin ] --START--
INFO: Run Behavior\ReadHtmlCacheBehavior [ RunTime:0.000332s ]
INFO: [ app_begin ] --END-- [ RunTime:0.000375s ]
SQL: SHOW COLUMNS FROM `user` [ RunTime:0.0008s ]
SQL: SELECT * FROM `user` WHERE ( `wei_id`='oTPVPt32sxl5g8spvXiULUTUS-fg' )  [ RunTime:0.0003s ]
NOTIC: [8] Undefined index: car /opt/lampp/htdocs/fruit/App/Home/Controller/IndexController.class.php 第 29 行.
SQL: SHOW COLUMNS FROM `order` [ RunTime:0.0005s ]
SQL: SELECT * FROM `order` WHERE ( `user_id`='42' ) ORDER BY order_id DESC LIMIT 10   [ RunTime:0.0004s ]
SQL: SHOW COLUMNS FROM `order_detail` [ RunTime:0.0005s ]
NOTIC: [8] Undefined index: 010_hd_rkzxzy /opt/lampp/htdocs/fruit/App/Home/Controller/IndexController.class.php 第 64 行.
SQL: SELECT * FROM `order_detail` WHERE ( `order_id`='12268' )  [ RunTime:0.0002s ]
NOTIC: [8] Undefined index: 010_hd_rkzxzy /opt/lampp/htdocs/fruit/App/Home/Controller/IndexController.class.php 第 64 行.
SQL: SELECT * FROM `order_detail` WHERE ( `order_id`='12263' )  [ RunTime:0.0002s ]
NOTIC: [8] Undefined index: 010_hd_rkzxzy /opt/lampp/htdocs/fruit/App/Home/Controller/IndexController.class.php 第 64 行.
SQL: SELECT * FROM `order_detail` WHERE ( `order_id`='12262' )  [ RunTime:0.0002s ]
NOTIC: [8] Undefined index: 010_hd_rkzxzy /opt/lampp/htdocs/fruit/App/Home/Controller/IndexController.class.php 第 64 行.
SQL: SELECT * FROM `order_detail` WHERE ( `order_id`='12261' )  [ RunTime:0.0002s ]
NOTIC: [8] Undefined index: 010_hd_rkzxzy /opt/lampp/htdocs/fruit/App/Home/Controller/IndexController.class.php 第 64 行.
SQL: SELECT * FROM `order_detail` WHERE ( `order_id`='12259' )  [ RunTime:0.0002s ]
NOTIC: [8] Undefined index: 010_hd_rkzxzy /opt/lampp/htdocs/fruit/App/Home/Controller/IndexController.class.php 第 64 行.
SQL: SELECT * FROM `order_detail` WHERE ( `order_id`='12258' )  [ RunTime:0.0002s ]
INFO: [ view_parse ] --START--
INFO: [ template_filter ] --START--
INFO: Run Behavior\ContentReplaceBehavior [ RunTime:0.000052s ]
INFO: [ template_filter ] --END-- [ RunTime:0.000108s ]
INFO: Run Behavior\ParseTemplateBehavior [ RunTime:0.006090s ]
INFO: [ view_parse ] --END-- [ RunTime:0.006134s ]
INFO: [ view_filter ] --START--
INFO: Run Behavior\WriteHtmlCacheBehavior [ RunTime:0.000116s ]
INFO: [ view_filter ] --END-- [ RunTime:0.000151s ]
INFO: [ app_end ] --START--
INFO: Run Behavior\ShowPageTraceBehavior [ RunTime:0.000352s ]
INFO: [ app_end ] --END-- [ RunTime:0.000393s ]

[ 2015-04-06T23:08:56+08:00 ] 114.253.250.17 /fruit/index.php/Home/Index/orders
INFO: [ app_init ] --START--
INFO: Run Behavior\BuildLiteBehavior [ RunTime:0.000014s ]
INFO: [ app_init ] --END-- [ RunTime:0.000263s ]
INFO: [ app_begin ] --START--
INFO: Run Behavior\ReadHtmlCacheBehavior [ RunTime:0.000328s ]
INFO: [ app_begin ] --END-- [ RunTime:0.000370s ]
SQL: SHOW COLUMNS FROM `user` [ RunTime:0.0008s ]
SQL: SELECT * FROM `user` WHERE ( `wei_id`='oTPVPt32sxl5g8spvXiULUTUS-fg' )  [ RunTime:0.0003s ]
NOTIC: [8] Undefined index: car /opt/lampp/htdocs/fruit/App/Home/Controller/IndexController.class.php 第 29 行.
SQL: SHOW COLUMNS FROM `order` [ RunTime:0.0005s ]
SQL: SELECT * FROM `order` WHERE ( `user_id`='42' ) ORDER BY order_id DESC LIMIT 10   [ RunTime:0.0003s ]
SQL: SHOW COLUMNS FROM `order_detail` [ RunTime:0.0005s ]
NOTIC: [8] Undefined index: 010_hd_rkzxzy /opt/lampp/htdocs/fruit/App/Home/Controller/IndexController.class.php 第 64 行.
SQL: SELECT * FROM `order_detail` WHERE ( `order_id`='12268' )  [ RunTime:0.0002s ]
NOTIC: [8] Undefined index: 010_hd_rkzxzy /opt/lampp/htdocs/fruit/App/Home/Controller/IndexController.class.php 第 64 行.
SQL: SELECT * FROM `order_detail` WHERE ( `order_id`='12263' )  [ RunTime:0.0002s ]
NOTIC: [8] Undefined index: 010_hd_rkzxzy /opt/lampp/htdocs/fruit/App/Home/Controller/IndexController.class.php 第 64 行.
SQL: SELECT * FROM `order_detail` WHERE ( `order_id`='12262' )  [ RunTime:0.0002s ]
NOTIC: [8] Undefined index: 010_hd_rkzxzy /opt/lampp/htdocs/fruit/App/Home/Controller/IndexController.class.php 第 64 行.
SQL: SELECT * FROM `order_detail` WHERE ( `order_id`='12261' )  [ RunTime:0.0002s ]
NOTIC: [8] Undefined index: 010_hd_rkzxzy /opt/lampp/htdocs/fruit/App/Home/Controller/IndexController.class.php 第 64 行.
SQL: SELECT * FROM `order_detail` WHERE ( `order_id`='12259' )  [ RunTime:0.0002s ]
NOTIC: [8] Undefined index: 010_hd_rkzxzy /opt/lampp/htdocs/fruit/App/Home/Controller/IndexController.class.php 第 64 行.
SQL: SELECT * FROM `order_detail` WHERE ( `order_id`='12258' )  [ RunTime:0.0002s ]
INFO: [ view_parse ] --START--
INFO: [ template_filter ] --START--
INFO: Run Behavior\ContentReplaceBehavior [ RunTime:0.000038s ]
INFO: [ template_filter ] --END-- [ RunTime:0.000080s ]
INFO: Run Behavior\ParseTemplateBehavior [ RunTime:0.006285s ]
INFO: [ view_parse ] --END-- [ RunTime:0.006336s ]
INFO: [ view_filter ] --START--
INFO: Run Behavior\WriteHtmlCacheBehavior [ RunTime:0.000116s ]
INFO: [ view_filter ] --END-- [ RunTime:0.000151s ]
INFO: [ app_end ] --START--
INFO: Run Behavior\ShowPageTraceBehavior [ RunTime:0.000355s ]
INFO: [ app_end ] --END-- [ RunTime:0.000394s ]

[ 2015-04-06T23:09:11+08:00 ] 114.253.250.17 /fruit/index.php/home
INFO: [ app_init ] --START--
INFO: Run Behavior\BuildLiteBehavior [ RunTime:0.000016s ]
INFO: [ app_init ] --END-- [ RunTime:0.000276s ]
INFO: [ app_begin ] --START--
INFO: Run Behavior\ReadHtmlCacheBehavior [ RunTime:0.000393s ]
INFO: [ app_begin ] --END-- [ RunTime:0.000432s ]
SQL: SHOW COLUMNS FROM `user` [ RunTime:0.0008s ]
SQL: SELECT * FROM `user` WHERE ( `wei_id`='oTPVPt32sxl5g8spvXiULUTUS-fg' )  [ RunTime:0.0003s ]
SQL: SHOW COLUMNS FROM `order` [ RunTime:0.0009s ]
SQL: SELECT count(1) order_num FROM `order` WHERE ( `user_id`='42' )  [ RunTime:0.0004s ]
SQL: SHOW COLUMNS FROM `opinion` [ RunTime:0.0005s ]
SQL: SELECT count(1) opinion_num FROM `opinion` WHERE ( `user_id`='42' )  [ RunTime:0.0002s ]
INFO: [ view_parse ] --START--
INFO: [ template_filter ] --START--
INFO: Run Behavior\ContentReplaceBehavior [ RunTime:0.000041s ]
INFO: [ template_filter ] --END-- [ RunTime:0.000080s ]
INFO: Run Behavior\ParseTemplateBehavior [ RunTime:0.004610s ]
INFO: [ view_parse ] --END-- [ RunTime:0.004652s ]
INFO: [ view_filter ] --START--
INFO: Run Behavior\WriteHtmlCacheBehavior [ RunTime:0.000122s ]
INFO: [ view_filter ] --END-- [ RunTime:0.000153s ]
INFO: [ app_end ] --START--
INFO: Run Behavior\ShowPageTraceBehavior [ RunTime:0.000362s ]
INFO: [ app_end ] --END-- [ RunTime:0.000398s ]

[ 2015-04-06T23:09:13+08:00 ] 114.253.250.17 /fruit/index.php/Home/Index/orders
INFO: [ app_init ] --START--
INFO: Run Behavior\BuildLiteBehavior [ RunTime:0.000017s ]
INFO: [ app_init ] --END-- [ RunTime:0.000330s ]
INFO: [ app_begin ] --START--
INFO: Run Behavior\ReadHtmlCacheBehavior [ RunTime:0.000336s ]
INFO: [ app_begin ] --END-- [ RunTime:0.000381s ]
SQL: SHOW COLUMNS FROM `user` [ RunTime:0.0009s ]
SQL: SELECT * FROM `user` WHERE ( `wei_id`='oTPVPt32sxl5g8spvXiULUTUS-fg' )  [ RunTime:0.0003s ]
SQL: SHOW COLUMNS FROM `order` [ RunTime:0.0010s ]
SQL: SELECT * FROM `order` WHERE ( `user_id`='42' ) ORDER BY order_id DESC LIMIT 10   [ RunTime:0.0004s ]
SQL: SHOW COLUMNS FROM `order_detail` [ RunTime:0.0005s ]
NOTIC: [8] Undefined index: 010_hd_rkzxzy /opt/lampp/htdocs/fruit/App/Home/Controller/IndexController.class.php 第 64 行.
SQL: SELECT * FROM `order_detail` WHERE ( `order_id`='12268' )  [ RunTime:0.0002s ]
NOTIC: [8] Undefined index: 010_hd_rkzxzy /opt/lampp/htdocs/fruit/App/Home/Controller/IndexController.class.php 第 64 行.
SQL: SELECT * FROM `order_detail` WHERE ( `order_id`='12263' )  [ RunTime:0.0003s ]
NOTIC: [8] Undefined index: 010_hd_rkzxzy /opt/lampp/htdocs/fruit/App/Home/Controller/IndexController.class.php 第 64 行.
SQL: SELECT * FROM `order_detail` WHERE ( `order_id`='12262' )  [ RunTime:0.0003s ]
NOTIC: [8] Undefined index: 010_hd_rkzxzy /opt/lampp/htdocs/fruit/App/Home/Controller/IndexController.class.php 第 64 行.
SQL: SELECT * FROM `order_detail` WHERE ( `order_id`='12261' )  [ RunTime:0.0002s ]
NOTIC: [8] Undefined index: 010_hd_rkzxzy /opt/lampp/htdocs/fruit/App/Home/Controller/IndexController.class.php 第 64 行.
SQL: SELECT * FROM `order_detail` WHERE ( `order_id`='12259' )  [ RunTime:0.0002s ]
NOTIC: [8] Undefined index: 010_hd_rkzxzy /opt/lampp/htdocs/fruit/App/Home/Controller/IndexController.class.php 第 64 行.
SQL: SELECT * FROM `order_detail` WHERE ( `order_id`='12258' )  [ RunTime:0.0002s ]
INFO: [ view_parse ] --START--
INFO: [ template_filter ] --START--
INFO: Run Behavior\ContentReplaceBehavior [ RunTime:0.000038s ]
INFO: [ template_filter ] --END-- [ RunTime:0.000083s ]
INFO: Run Behavior\ParseTemplateBehavior [ RunTime:0.006149s ]
INFO: [ view_parse ] --END-- [ RunTime:0.006191s ]
INFO: [ view_filter ] --START--
INFO: Run Behavior\WriteHtmlCacheBehavior [ RunTime:0.000120s ]
INFO: [ view_filter ] --END-- [ RunTime:0.000214s ]
INFO: [ app_end ] --START--
INFO: Run Behavior\ShowPageTraceBehavior [ RunTime:0.000370s ]
INFO: [ app_end ] --END-- [ RunTime:0.000411s ]

[ 2015-04-06T23:12:21+08:00 ] 114.253.250.17 /fruit/index.php/home
INFO: [ app_init ] --START--
INFO: Run Behavior\BuildLiteBehavior [ RunTime:0.000014s ]
INFO: [ app_init ] --END-- [ RunTime:0.000273s ]
INFO: [ app_begin ] --START--
INFO: Run Behavior\ReadHtmlCacheBehavior [ RunTime:0.000335s ]
INFO: [ app_begin ] --END-- [ RunTime:0.000373s ]
SQL: SHOW COLUMNS FROM `user` [ RunTime:0.0008s ]
SQL: SELECT * FROM `user` WHERE ( `wei_id`='oTPVPt32sxl5g8spvXiULUTUS-fg' )  [ RunTime:0.0003s ]
NOTIC: [8] Undefined index: car /opt/lampp/htdocs/fruit/App/Home/Controller/IndexController.class.php 第 29 行.
SQL: SHOW COLUMNS FROM `order` [ RunTime:0.0008s ]
SQL: SELECT count(1) order_num FROM `order` WHERE ( `user_id`='42' )  [ RunTime:0.0003s ]
SQL: SHOW COLUMNS FROM `opinion` [ RunTime:0.0005s ]
SQL: SELECT count(1) opinion_num FROM `opinion` WHERE ( `user_id`='42' )  [ RunTime:0.0002s ]
NOTIC: [8] Undefined index: car /opt/lampp/htdocs/fruit/App/Home/Controller/IndexController.class.php 第 45 行.
INFO: [ view_parse ] --START--
INFO: [ template_filter ] --START--
INFO: Run Behavior\ContentReplaceBehavior [ RunTime:0.000041s ]
INFO: [ template_filter ] --END-- [ RunTime:0.000083s ]
INFO: Run Behavior\ParseTemplateBehavior [ RunTime:0.005338s ]
INFO: [ view_parse ] --END-- [ RunTime:0.005379s ]
INFO: [ view_filter ] --START--
INFO: Run Behavior\WriteHtmlCacheBehavior [ RunTime:0.000124s ]
INFO: [ view_filter ] --END-- [ RunTime:0.000160s ]
INFO: [ app_end ] --START--
INFO: Run Behavior\ShowPageTraceBehavior [ RunTime:0.000432s ]
INFO: [ app_end ] --END-- [ RunTime:0.000474s ]

[ 2015-04-06T23:12:23+08:00 ] 114.253.250.17 /fruit/index.php/Home/Index/orders
INFO: [ app_init ] --START--
INFO: Run Behavior\BuildLiteBehavior [ RunTime:0.000020s ]
INFO: [ app_init ] --END-- [ RunTime:0.000364s ]
INFO: [ app_begin ] --START--
INFO: Run Behavior\ReadHtmlCacheBehavior [ RunTime:0.000530s ]
INFO: [ app_begin ] --END-- [ RunTime:0.000599s ]
SQL: SHOW COLUMNS FROM `user` [ RunTime:0.0008s ]
SQL: SELECT * FROM `user` WHERE ( `wei_id`='oTPVPt32sxl5g8spvXiULUTUS-fg' )  [ RunTime:0.0003s ]
NOTIC: [8] Undefined index: car /opt/lampp/htdocs/fruit/App/Home/Controller/IndexController.class.php 第 29 行.
SQL: SHOW COLUMNS FROM `order` [ RunTime:0.0005s ]
SQL: SELECT * FROM `order` WHERE ( `user_id`='42' ) ORDER BY order_id DESC LIMIT 10   [ RunTime:0.0003s ]
SQL: SHOW COLUMNS FROM `order_detail` [ RunTime:0.0005s ]
NOTIC: [8] Undefined index: 010_hd_rkzxzy /opt/lampp/htdocs/fruit/App/Home/Controller/IndexController.class.php 第 64 行.
SQL: SELECT * FROM `order_detail` WHERE ( `order_id`='12273' )  [ RunTime:0.0002s ]
NOTIC: [8] Undefined index: 010_hd_rkzxzy /opt/lampp/htdocs/fruit/App/Home/Controller/IndexController.class.php 第 64 行.
SQL: SELECT * FROM `order_detail` WHERE ( `order_id`='12268' )  [ RunTime:0.0002s ]
NOTIC: [8] Undefined index: 010_hd_rkzxzy /opt/lampp/htdocs/fruit/App/Home/Controller/IndexController.class.php 第 64 行.
SQL: SELECT * FROM `order_detail` WHERE ( `order_id`='12263' )  [ RunTime:0.0002s ]
NOTIC: [8] Undefined index: 010_hd_rkzxzy /opt/lampp/htdocs/fruit/App/Home/Controller/IndexController.class.php 第 64 行.
SQL: SELECT * FROM `order_detail` WHERE ( `order_id`='12262' )  [ RunTime:0.0002s ]
NOTIC: [8] Undefined index: 010_hd_rkzxzy /opt/lampp/htdocs/fruit/App/Home/Controller/IndexController.class.php 第 64 行.
SQL: SELECT * FROM `order_detail` WHERE ( `order_id`='12261' )  [ RunTime:0.0002s ]
NOTIC: [8] Undefined index: 010_hd_rkzxzy /opt/lampp/htdocs/fruit/App/Home/Controller/IndexController.class.php 第 64 行.
SQL: SELECT * FROM `order_detail` WHERE ( `order_id`='12259' )  [ RunTime:0.0002s ]
NOTIC: [8] Undefined index: 010_hd_rkzxzy /opt/lampp/htdocs/fruit/App/Home/Controller/IndexController.class.php 第 64 行.
SQL: SELECT * FROM `order_detail` WHERE ( `order_id`='12258' )  [ RunTime:0.0002s ]
INFO: [ view_parse ] --START--
INFO: [ template_filter ] --START--
INFO: Run Behavior\ContentReplaceBehavior [ RunTime:0.000039s ]
INFO: [ template_filter ] --END-- [ RunTime:0.000086s ]
INFO: Run Behavior\ParseTemplateBehavior [ RunTime:0.006173s ]
INFO: [ view_parse ] --END-- [ RunTime:0.006218s ]
INFO: [ view_filter ] --START--
INFO: Run Behavior\WriteHtmlCacheBehavior [ RunTime:0.000122s ]
INFO: [ view_filter ] --END-- [ RunTime:0.000174s ]
INFO: [ app_end ] --START--
INFO: Run Behavior\ShowPageTraceBehavior [ RunTime:0.000374s ]
INFO: [ app_end ] --END-- [ RunTime:0.000418s ]

[ 2015-04-06T23:36:41+08:00 ] 114.253.250.17 /fruit/index.php/home
INFO: [ app_init ] --START--
INFO: Run Behavior\BuildLiteBehavior [ RunTime:0.000020s ]
INFO: [ app_init ] --END-- [ RunTime:0.000320s ]
INFO: [ app_begin ] --START--
INFO: Run Behavior\ReadHtmlCacheBehavior [ RunTime:0.000330s ]
INFO: [ app_begin ] --END-- [ RunTime:0.000370s ]
SQL: SHOW COLUMNS FROM `user` [ RunTime:0.0008s ]
SQL: SELECT * FROM `user` WHERE ( `wei_id`='oTPVPt32sxl5g8spvXiULUTUS-fg' )  [ RunTime:0.0003s ]
NOTIC: [8] Undefined index: car /opt/lampp/htdocs/fruit/App/Home/Controller/IndexController.class.php 第 29 行.
SQL: SHOW COLUMNS FROM `order` [ RunTime:0.0005s ]
SQL: SELECT count(1) order_num FROM `order` WHERE ( `user_id`='42' )  [ RunTime:0.0002s ]
SQL: SHOW COLUMNS FROM `opinion` [ RunTime:0.0005s ]
SQL: SELECT count(1) opinion_num FROM `opinion` WHERE ( `user_id`='42' )  [ RunTime:0.0002s ]
NOTIC: [8] Undefined index: car /opt/lampp/htdocs/fruit/App/Home/Controller/IndexController.class.php 第 45 行.
INFO: [ view_parse ] --START--
INFO: [ template_filter ] --START--
INFO: Run Behavior\ContentReplaceBehavior [ RunTime:0.000036s ]
INFO: [ template_filter ] --END-- [ RunTime:0.000075s ]
INFO: Run Behavior\ParseTemplateBehavior [ RunTime:0.004470s ]
INFO: [ view_parse ] --END-- [ RunTime:0.004509s ]
INFO: [ view_filter ] --START--
INFO: Run Behavior\WriteHtmlCacheBehavior [ RunTime:0.000118s ]
INFO: [ view_filter ] --END-- [ RunTime:0.000149s ]
INFO: [ app_end ] --START--
INFO: Run Behavior\ShowPageTraceBehavior [ RunTime:0.000353s ]
INFO: [ app_end ] --END-- [ RunTime:0.000388s ]

[ 2015-04-06T23:42:04+08:00 ] 114.253.250.17 /fruit/index.php/home
INFO: [ app_init ] --START--
INFO: Run Behavior\BuildLiteBehavior [ RunTime:0.000014s ]
INFO: [ app_init ] --END-- [ RunTime:0.000261s ]
INFO: [ app_begin ] --START--
INFO: Run Behavior\ReadHtmlCacheBehavior [ RunTime:0.000325s ]
INFO: [ app_begin ] --END-- [ RunTime:0.000365s ]
SQL: SHOW COLUMNS FROM `user` [ RunTime:0.0009s ]
SQL: SELECT * FROM `user` WHERE ( `wei_id`='oTPVPt32sxl5g8spvXiULUTUS-fg' )  [ RunTime:0.0003s ]
NOTIC: [8] Undefined index: car /opt/lampp/htdocs/fruit/App/Home/Controller/IndexController.class.php 第 29 行.
SQL: SHOW COLUMNS FROM `order` [ RunTime:0.0005s ]
SQL: SELECT count(1) order_num FROM `order` WHERE ( `user_id`='42' )  [ RunTime:0.0002s ]
SQL: SHOW COLUMNS FROM `opinion` [ RunTime:0.0005s ]
SQL: SELECT count(1) opinion_num FROM `opinion` WHERE ( `user_id`='42' )  [ RunTime:0.0002s ]
NOTIC: [8] Undefined index: car /opt/lampp/htdocs/fruit/App/Home/Controller/IndexController.class.php 第 45 行.
INFO: [ view_parse ] --START--
INFO: [ template_filter ] --START--
INFO: Run Behavior\ContentReplaceBehavior [ RunTime:0.000041s ]
INFO: [ template_filter ] --END-- [ RunTime:0.000083s ]
INFO: Run Behavior\ParseTemplateBehavior [ RunTime:0.004676s ]
INFO: [ view_parse ] --END-- [ RunTime:0.004717s ]
INFO: [ view_filter ] --START--
INFO: Run Behavior\WriteHtmlCacheBehavior [ RunTime:0.000183s ]
INFO: [ view_filter ] --END-- [ RunTime:0.000224s ]
INFO: [ app_end ] --START--
INFO: Run Behavior\ShowPageTraceBehavior [ RunTime:0.000403s ]
INFO: [ app_end ] --END-- [ RunTime:0.000441s ]

