[ 2015-05-24T12:45:11+08:00 ] 221.219.55.167 /zhier/index.php/home
INFO: [ app_init ] --START--
INFO: Run Behavior\BuildLiteBehavior [ RunTime:0.000015s ]
INFO: [ app_init ] --END-- [ RunTime:0.000296s ]
INFO: [ app_begin ] --START--
INFO: Run Behavior\ReadHtmlCacheBehavior [ RunTime:0.000412s ]
INFO: [ app_begin ] --END-- [ RunTime:0.000457s ]
NOTIC: [8] Undefined index: car /opt/lampp/htdocs/zhier/App/Home/Controller/IndexController.class.php 第 29 行.
SQL: SHOW COLUMNS FROM `order` [ RunTime:0.0008s ]
SQL: SELECT count(1) order_num FROM `order` WHERE ( `user_id`='' )  [ RunTime:0.0003s ]
SQL: SHOW COLUMNS FROM `opinion` [ RunTime:0.0005s ]
SQL: SELECT count(1) opinion_num FROM `opinion` WHERE ( `user_id`='' )  [ RunTime:0.0002s ]
NOTIC: [8] Undefined index: car /opt/lampp/htdocs/zhier/App/Home/Controller/IndexController.class.php 第 45 行.
INFO: [ view_parse ] --START--
INFO: [ template_filter ] --START--
INFO: Run Behavior\ContentReplaceBehavior [ RunTime:0.000097s ]
INFO: [ template_filter ] --END-- [ RunTime:0.000169s ]
INFO: Run Behavior\ParseTemplateBehavior [ RunTime:0.006257s ]
INFO: [ view_parse ] --END-- [ RunTime:0.006313s ]
INFO: [ view_filter ] --START--
INFO: Run Behavior\WriteHtmlCacheBehavior [ RunTime:0.000129s ]
INFO: [ view_filter ] --END-- [ RunTime:0.000165s ]
INFO: [ app_end ] --START--
INFO: Run Behavior\ShowPageTraceBehavior [ RunTime:0.000397s ]
INFO: [ app_end ] --END-- [ RunTime:0.000440s ]

[ 2015-05-24T12:45:14+08:00 ] 221.219.55.167 /zhier/index.php/Home/Index/orders
INFO: [ app_init ] --START--
INFO: Run Behavior\BuildLiteBehavior [ RunTime:0.000014s ]
INFO: [ app_init ] --END-- [ RunTime:0.000291s ]
INFO: [ app_begin ] --START--
INFO: Run Behavior\ReadHtmlCacheBehavior [ RunTime:0.000344s ]
INFO: [ app_begin ] --END-- [ RunTime:0.000391s ]
NOTIC: [8] Undefined index: car /opt/lampp/htdocs/zhier/App/Home/Controller/IndexController.class.php 第 29 行.
SQL: SHOW COLUMNS FROM `order` [ RunTime:0.0008s ]
SQL: SELECT * FROM `order` WHERE ( `user_id`='' ) ORDER BY order_id DESC LIMIT 10   [ RunTime:0.0003s ]
SQL: SHOW COLUMNS FROM `order_detail` [ RunTime:0.0006s ]
INFO: [ view_parse ] --START--
INFO: [ template_filter ] --START--
INFO: Run Behavior\ContentReplaceBehavior [ RunTime:0.000039s ]
INFO: [ template_filter ] --END-- [ RunTime:0.000086s ]
INFO: Run Behavior\ParseTemplateBehavior [ RunTime:0.006324s ]
INFO: [ view_parse ] --END-- [ RunTime:0.006374s ]
INFO: [ view_filter ] --START--
INFO: Run Behavior\WriteHtmlCacheBehavior [ RunTime:0.000110s ]
INFO: [ view_filter ] --END-- [ RunTime:0.000146s ]
INFO: [ app_end ] --START--
INFO: Run Behavior\ShowPageTraceBehavior [ RunTime:0.000378s ]
INFO: [ app_end ] --END-- [ RunTime:0.000432s ]

[ 2015-05-24T12:45:20+08:00 ] 221.219.55.167 /zhier/index.php/Home/Index/opinion
INFO: [ app_init ] --START--
INFO: Run Behavior\BuildLiteBehavior [ RunTime:0.000015s ]
INFO: [ app_init ] --END-- [ RunTime:0.000268s ]
INFO: [ app_begin ] --START--
INFO: Run Behavior\ReadHtmlCacheBehavior [ RunTime:0.000394s ]
INFO: [ app_begin ] --END-- [ RunTime:0.000437s ]
NOTIC: [8] Undefined index: car /opt/lampp/htdocs/zhier/App/Home/Controller/IndexController.class.php 第 29 行.
SQL: SHOW COLUMNS FROM `opinion` [ RunTime:0.0007s ]
SQL: SELECT * FROM `opinion` WHERE ( `user_id`='' ) ORDER BY opinion_id DESC LIMIT 5   [ RunTime:0.0003s ]
INFO: [ view_parse ] --START--
INFO: [ template_filter ] --START--
INFO: Run Behavior\ContentReplaceBehavior [ RunTime:0.000038s ]
INFO: [ template_filter ] --END-- [ RunTime:0.000080s ]
INFO: Run Behavior\ParseTemplateBehavior [ RunTime:0.005199s ]
INFO: [ view_parse ] --END-- [ RunTime:0.005241s ]
INFO: [ view_filter ] --START--
INFO: Run Behavior\WriteHtmlCacheBehavior [ RunTime:0.000111s ]
INFO: [ view_filter ] --END-- [ RunTime:0.000147s ]
INFO: [ app_end ] --START--
INFO: Run Behavior\ShowPageTraceBehavior [ RunTime:0.000424s ]
INFO: [ app_end ] --END-- [ RunTime:0.000463s ]

[ 2015-05-24T16:50:17+08:00 ] 123.151.42.46 /zhier/index.php/home
INFO: [ app_init ] --START--
INFO: Run Behavior\BuildLiteBehavior [ RunTime:0.000014s ]
INFO: [ app_init ] --END-- [ RunTime:0.000277s ]
INFO: [ app_begin ] --START--
INFO: Run Behavior\ReadHtmlCacheBehavior [ RunTime:0.000338s ]
INFO: [ app_begin ] --END-- [ RunTime:0.000381s ]
SQL: SHOW COLUMNS FROM `user` [ RunTime:0.0007s ]
SQL: SELECT * FROM `user` WHERE ( `wei_id`='oKaufuB_MK0HuI5wSeYClF2FhzgE' )  [ RunTime:0.0003s ]
SQL: SHOW COLUMNS FROM `order` [ RunTime:0.0005s ]
SQL: SELECT count(1) order_num FROM `order` WHERE ( `user_id`='86' )  [ RunTime:0.0002s ]
SQL: SHOW COLUMNS FROM `opinion` [ RunTime:0.0005s ]
SQL: SELECT count(1) opinion_num FROM `opinion` WHERE ( `user_id`='86' )  [ RunTime:0.0002s ]
INFO: [ view_parse ] --START--
INFO: [ template_filter ] --START--
INFO: Run Behavior\ContentReplaceBehavior [ RunTime:0.000039s ]
INFO: [ template_filter ] --END-- [ RunTime:0.000081s ]
INFO: Run Behavior\ParseTemplateBehavior [ RunTime:0.004753s ]
INFO: [ view_parse ] --END-- [ RunTime:0.004799s ]
INFO: [ view_filter ] --START--
INFO: Run Behavior\WriteHtmlCacheBehavior [ RunTime:0.000111s ]
INFO: [ view_filter ] --END-- [ RunTime:0.000147s ]
INFO: [ app_end ] --START--
INFO: Run Behavior\ShowPageTraceBehavior [ RunTime:0.000361s ]
INFO: [ app_end ] --END-- [ RunTime:0.000401s ]

[ 2015-05-24T19:07:17+08:00 ] 123.151.42.46 /zhier/index.php/home
INFO: [ app_init ] --START--
INFO: Run Behavior\BuildLiteBehavior [ RunTime:0.000015s ]
INFO: [ app_init ] --END-- [ RunTime:0.000446s ]
INFO: [ app_begin ] --START--
INFO: Run Behavior\ReadHtmlCacheBehavior [ RunTime:0.000375s ]
INFO: [ app_begin ] --END-- [ RunTime:0.000420s ]
SQL: SHOW COLUMNS FROM `user` [ RunTime:0.0007s ]
SQL: SELECT * FROM `user` WHERE ( `wei_id`='oKaufuB_MK0HuI5wSeYClF2FhzgE' )  [ RunTime:0.0003s ]
NOTIC: [8] Undefined index: car /opt/lampp/htdocs/zhier/App/Home/Controller/IndexController.class.php 第 29 行.
SQL: SHOW COLUMNS FROM `order` [ RunTime:0.0005s ]
SQL: SELECT count(1) order_num FROM `order` WHERE ( `user_id`='86' )  [ RunTime:0.0002s ]
SQL: SHOW COLUMNS FROM `opinion` [ RunTime:0.0005s ]
SQL: SELECT count(1) opinion_num FROM `opinion` WHERE ( `user_id`='86' )  [ RunTime:0.0002s ]
NOTIC: [8] Undefined index: car /opt/lampp/htdocs/zhier/App/Home/Controller/IndexController.class.php 第 45 行.
INFO: [ view_parse ] --START--
INFO: [ template_filter ] --START--
INFO: Run Behavior\ContentReplaceBehavior [ RunTime:0.000039s ]
INFO: [ template_filter ] --END-- [ RunTime:0.000086s ]
INFO: Run Behavior\ParseTemplateBehavior [ RunTime:0.004597s ]
INFO: [ view_parse ] --END-- [ RunTime:0.004650s ]
INFO: [ view_filter ] --START--
INFO: Run Behavior\WriteHtmlCacheBehavior [ RunTime:0.000113s ]
INFO: [ view_filter ] --END-- [ RunTime:0.000152s ]
INFO: [ app_end ] --START--
INFO: Run Behavior\ShowPageTraceBehavior [ RunTime:0.000365s ]
INFO: [ app_end ] --END-- [ RunTime:0.000405s ]

[ 2015-05-24T19:09:50+08:00 ] 221.221.233.4 /zhier/index.php/home
INFO: [ app_init ] --START--
INFO: Run Behavior\BuildLiteBehavior [ RunTime:0.000015s ]
INFO: [ app_init ] --END-- [ RunTime:0.000267s ]
INFO: [ app_begin ] --START--
INFO: Run Behavior\ReadHtmlCacheBehavior [ RunTime:0.000325s ]
INFO: [ app_begin ] --END-- [ RunTime:0.000363s ]
SQL: SHOW COLUMNS FROM `user` [ RunTime:0.0007s ]
SQL: SELECT * FROM `user` WHERE ( `wei_id`='oKaufuB_MK0HuI5wSeYClF2FhzgE' )  [ RunTime:0.0003s ]
NOTIC: [8] Undefined index: car /opt/lampp/htdocs/zhier/App/Home/Controller/IndexController.class.php 第 29 行.
SQL: SHOW COLUMNS FROM `order` [ RunTime:0.0005s ]
SQL: SELECT count(1) order_num FROM `order` WHERE ( `user_id`='86' )  [ RunTime:0.0002s ]
SQL: SHOW COLUMNS FROM `opinion` [ RunTime:0.0005s ]
SQL: SELECT count(1) opinion_num FROM `opinion` WHERE ( `user_id`='86' )  [ RunTime:0.0002s ]
NOTIC: [8] Undefined index: car /opt/lampp/htdocs/zhier/App/Home/Controller/IndexController.class.php 第 45 行.
INFO: [ view_parse ] --START--
INFO: [ template_filter ] --START--
INFO: Run Behavior\ContentReplaceBehavior [ RunTime:0.000040s ]
INFO: [ template_filter ] --END-- [ RunTime:0.000080s ]
INFO: Run Behavior\ParseTemplateBehavior [ RunTime:0.004502s ]
INFO: [ view_parse ] --END-- [ RunTime:0.004541s ]
INFO: [ view_filter ] --START--
INFO: Run Behavior\WriteHtmlCacheBehavior [ RunTime:0.000110s ]
INFO: [ view_filter ] --END-- [ RunTime:0.000142s ]
INFO: [ app_end ] --START--
INFO: Run Behavior\ShowPageTraceBehavior [ RunTime:0.000385s ]
INFO: [ app_end ] --END-- [ RunTime:0.000448s ]

[ 2015-05-24T20:23:00+08:00 ] 221.221.233.4 /zhier/index.php/home
INFO: [ app_init ] --START--
INFO: Run Behavior\BuildLiteBehavior [ RunTime:0.000015s ]
INFO: [ app_init ] --END-- [ RunTime:0.000266s ]
INFO: [ app_begin ] --START--
INFO: Run Behavior\ReadHtmlCacheBehavior [ RunTime:0.000355s ]
INFO: [ app_begin ] --END-- [ RunTime:0.000399s ]
SQL: SHOW COLUMNS FROM `user` [ RunTime:0.0007s ]
SQL: SELECT * FROM `user` WHERE ( `wei_id`='oKaufuB_MK0HuI5wSeYClF2FhzgE' )  [ RunTime:0.0003s ]
NOTIC: [8] Undefined index: car /opt/lampp/htdocs/zhier/App/Home/Controller/IndexController.class.php 第 29 行.
SQL: SHOW COLUMNS FROM `order` [ RunTime:0.0005s ]
SQL: SELECT count(1) order_num FROM `order` WHERE ( `user_id`='86' )  [ RunTime:0.0002s ]
SQL: SHOW COLUMNS FROM `opinion` [ RunTime:0.0005s ]
SQL: SELECT count(1) opinion_num FROM `opinion` WHERE ( `user_id`='86' )  [ RunTime:0.0002s ]
NOTIC: [8] Undefined index: car /opt/lampp/htdocs/zhier/App/Home/Controller/IndexController.class.php 第 45 行.
INFO: [ view_parse ] --START--
INFO: [ template_filter ] --START--
INFO: Run Behavior\ContentReplaceBehavior [ RunTime:0.000051s ]
INFO: [ template_filter ] --END-- [ RunTime:0.000096s ]
INFO: Run Behavior\ParseTemplateBehavior [ RunTime:0.004768s ]
INFO: [ view_parse ] --END-- [ RunTime:0.004822s ]
INFO: [ view_filter ] --START--
INFO: Run Behavior\WriteHtmlCacheBehavior [ RunTime:0.000114s ]
INFO: [ view_filter ] --END-- [ RunTime:0.000147s ]
INFO: [ app_end ] --START--
INFO: Run Behavior\ShowPageTraceBehavior [ RunTime:0.000430s ]
INFO: [ app_end ] --END-- [ RunTime:0.000471s ]

