[ 2015-07-26T15:51:23+08:00 ] 223.247.34.18 /zhier/index.php/home
INFO: [ app_init ] --START--
INFO: Run Behavior\BuildLiteBehavior [ RunTime:0.000025s ]
INFO: [ app_init ] --END-- [ RunTime:0.000180s ]
INFO: [ app_begin ] --START--
INFO: Run Behavior\ReadHtmlCacheBehavior [ RunTime:0.000067s ]
INFO: [ app_begin ] --END-- [ RunTime:0.000150s ]
SQL: SHOW COLUMNS FROM `order` [ RunTime:0.0008s ]
SQL: SELECT count(1) order_num FROM `order` WHERE ( `user_id`='134' )  [ RunTime:0.0003s ]
SQL: SHOW COLUMNS FROM `opinion` [ RunTime:0.0004s ]
SQL: SELECT count(1) opinion_num FROM `opinion` WHERE ( `user_id`='134' )  [ RunTime:0.0001s ]
INFO: [ view_parse ] --START--
INFO: [ template_filter ] --START--
INFO: Run Behavior\ContentReplaceBehavior [ RunTime:0.000062s ]
INFO: [ template_filter ] --END-- [ RunTime:0.000145s ]
INFO: Run Behavior\ParseTemplateBehavior [ RunTime:0.003718s ]
INFO: [ view_parse ] --END-- [ RunTime:0.003805s ]
INFO: [ view_filter ] --START--
INFO: Run Behavior\WriteHtmlCacheBehavior [ RunTime:0.000066s ]
INFO: [ view_filter ] --END-- [ RunTime:0.000140s ]
INFO: [ app_end ] --START--
INFO: Run Behavior\ShowPageTraceBehavior [ RunTime:0.000056s ]
INFO: [ app_end ] --END-- [ RunTime:0.000131s ]

[ 2015-07-26T15:51:26+08:00 ] 223.247.34.18 /zhier/index.php/Home/Index/myinfo
INFO: [ app_init ] --START--
INFO: Run Behavior\BuildLiteBehavior [ RunTime:0.000025s ]
INFO: [ app_init ] --END-- [ RunTime:0.000221s ]
INFO: [ app_begin ] --START--
INFO: Run Behavior\ReadHtmlCacheBehavior [ RunTime:0.000067s ]
INFO: [ app_begin ] --END-- [ RunTime:0.000171s ]
SQL: SHOW COLUMNS FROM `user_address` [ RunTime:0.0007s ]
SQL: SELECT * FROM `user_address` WHERE ( `user_id`='134' )  [ RunTime:0.0111s ]
SQL: SHOW COLUMNS FROM `location_office` [ RunTime:0.0004s ]
SQL: SELECT * FROM `location_office`  [ RunTime:0.0001s ]
INFO: [ view_parse ] --START--
INFO: [ template_filter ] --START--
INFO: Run Behavior\ContentReplaceBehavior [ RunTime:0.000060s ]
INFO: [ template_filter ] --END-- [ RunTime:0.000141s ]
INFO: Run Behavior\ParseTemplateBehavior [ RunTime:0.004477s ]
INFO: [ view_parse ] --END-- [ RunTime:0.004567s ]
INFO: [ view_filter ] --START--
INFO: Run Behavior\WriteHtmlCacheBehavior [ RunTime:0.000064s ]
INFO: [ view_filter ] --END-- [ RunTime:0.000138s ]
INFO: [ app_end ] --START--
INFO: Run Behavior\ShowPageTraceBehavior [ RunTime:0.000055s ]
INFO: [ app_end ] --END-- [ RunTime:0.000130s ]

[ 2015-07-26T15:51:27+08:00 ] 223.247.34.18 /zhier/index.php/home
INFO: [ app_init ] --START--
INFO: Run Behavior\BuildLiteBehavior [ RunTime:0.000024s ]
INFO: [ app_init ] --END-- [ RunTime:0.000164s ]
INFO: [ app_begin ] --START--
INFO: Run Behavior\ReadHtmlCacheBehavior [ RunTime:0.000061s ]
INFO: [ app_begin ] --END-- [ RunTime:0.000140s ]
SQL: SHOW COLUMNS FROM `order` [ RunTime:0.0008s ]
SQL: SELECT count(1) order_num FROM `order` WHERE ( `user_id`='134' )  [ RunTime:0.0001s ]
SQL: SHOW COLUMNS FROM `opinion` [ RunTime:0.0004s ]
SQL: SELECT count(1) opinion_num FROM `opinion` WHERE ( `user_id`='134' )  [ RunTime:0.0001s ]
INFO: [ view_parse ] --START--
INFO: [ template_filter ] --START--
INFO: Run Behavior\ContentReplaceBehavior [ RunTime:0.000062s ]
INFO: [ template_filter ] --END-- [ RunTime:0.000142s ]
INFO: Run Behavior\ParseTemplateBehavior [ RunTime:0.003351s ]
INFO: [ view_parse ] --END-- [ RunTime:0.003434s ]
INFO: [ view_filter ] --START--
INFO: Run Behavior\WriteHtmlCacheBehavior [ RunTime:0.000058s ]
INFO: [ view_filter ] --END-- [ RunTime:0.000130s ]
INFO: [ app_end ] --START--
INFO: Run Behavior\ShowPageTraceBehavior [ RunTime:0.000048s ]
INFO: [ app_end ] --END-- [ RunTime:0.000126s ]

[ 2015-07-26T15:51:29+08:00 ] 223.247.34.18 /zhier/index.php/Home/Index/myinfo
INFO: [ app_init ] --START--
INFO: Run Behavior\BuildLiteBehavior [ RunTime:0.000025s ]
INFO: [ app_init ] --END-- [ RunTime:0.000170s ]
INFO: [ app_begin ] --START--
INFO: Run Behavior\ReadHtmlCacheBehavior [ RunTime:0.000067s ]
INFO: [ app_begin ] --END-- [ RunTime:0.000150s ]
SQL: SHOW COLUMNS FROM `user_address` [ RunTime:0.0006s ]
SQL: SELECT * FROM `user_address` WHERE ( `user_id`='134' )  [ RunTime:0.0001s ]
SQL: SHOW COLUMNS FROM `location_office` [ RunTime:0.0004s ]
SQL: SELECT * FROM `location_office`  [ RunTime:0.0001s ]
INFO: [ view_parse ] --START--
INFO: [ template_filter ] --START--
INFO: Run Behavior\ContentReplaceBehavior [ RunTime:0.000060s ]
INFO: [ template_filter ] --END-- [ RunTime:0.000140s ]
INFO: Run Behavior\ParseTemplateBehavior [ RunTime:0.004525s ]
INFO: [ view_parse ] --END-- [ RunTime:0.004612s ]
INFO: [ view_filter ] --START--
INFO: Run Behavior\WriteHtmlCacheBehavior [ RunTime:0.000065s ]
INFO: [ view_filter ] --END-- [ RunTime:0.000140s ]
INFO: [ app_end ] --START--
INFO: Run Behavior\ShowPageTraceBehavior [ RunTime:0.000055s ]
INFO: [ app_end ] --END-- [ RunTime:0.000131s ]

[ 2015-07-26T20:30:54+08:00 ] 123.151.42.46 /zhier/index.php/Home/Index/index.html
INFO: [ app_init ] --START--
INFO: Run Behavior\BuildLiteBehavior [ RunTime:0.000024s ]
INFO: [ app_init ] --END-- [ RunTime:0.000162s ]
INFO: [ app_begin ] --START--
INFO: Run Behavior\ReadHtmlCacheBehavior [ RunTime:0.000070s ]
INFO: [ app_begin ] --END-- [ RunTime:0.000170s ]
NOTIC: [8] Undefined index: user /var/www/zhier/App/Home/Controller/IndexController.class.php 第 10 行.
SQL: SHOW COLUMNS FROM `user` [ RunTime:0.0006s ]
SQL: SELECT * FROM `user` WHERE ( `wei_id`='oWeLOvmrNmL4_D0dyClUzSdpusTg' )  [ RunTime:0.0001s ]
SQL: UPDATE `user` SET `ltime`='1437913854' WHERE `user_id` = 109 [ RunTime:0.0183s ]
NOTIC: [8] Undefined index: carnum /var/www/zhier/App/Home/Controller/IndexController.class.php 第 53 行.
SQL: SHOW COLUMNS FROM `order` [ RunTime:0.0006s ]
SQL: SELECT count(1) order_num FROM `order` WHERE ( `user_id`='109' )  [ RunTime:0.0002s ]
SQL: SHOW COLUMNS FROM `opinion` [ RunTime:0.0005s ]
SQL: SELECT count(1) opinion_num FROM `opinion` WHERE ( `user_id`='109' )  [ RunTime:0.0001s ]
INFO: [ view_parse ] --START--
INFO: [ template_filter ] --START--
INFO: Run Behavior\ContentReplaceBehavior [ RunTime:0.000061s ]
INFO: [ template_filter ] --END-- [ RunTime:0.000157s ]
INFO: Run Behavior\ParseTemplateBehavior [ RunTime:0.003330s ]
INFO: [ view_parse ] --END-- [ RunTime:0.003437s ]
INFO: [ view_filter ] --START--
INFO: Run Behavior\WriteHtmlCacheBehavior [ RunTime:0.000070s ]
INFO: [ view_filter ] --END-- [ RunTime:0.000160s ]
INFO: [ app_end ] --START--
INFO: Run Behavior\ShowPageTraceBehavior [ RunTime:0.000064s ]
INFO: [ app_end ] --END-- [ RunTime:0.000161s ]

[ 2015-07-26T20:31:30+08:00 ] 123.151.42.46 /zhier/index.php/home
INFO: [ app_init ] --START--
INFO: Run Behavior\BuildLiteBehavior [ RunTime:0.000032s ]
INFO: [ app_init ] --END-- [ RunTime:0.000218s ]
INFO: [ app_begin ] --START--
INFO: Run Behavior\ReadHtmlCacheBehavior [ RunTime:0.000117s ]
INFO: [ app_begin ] --END-- [ RunTime:0.000204s ]
SQL: SHOW COLUMNS FROM `order` [ RunTime:0.0008s ]
SQL: SELECT count(1) order_num FROM `order` WHERE ( `user_id`='109' )  [ RunTime:0.0001s ]
SQL: SHOW COLUMNS FROM `opinion` [ RunTime:0.0004s ]
SQL: SELECT count(1) opinion_num FROM `opinion` WHERE ( `user_id`='109' )  [ RunTime:0.0001s ]
INFO: [ view_parse ] --START--
INFO: [ template_filter ] --START--
INFO: Run Behavior\ContentReplaceBehavior [ RunTime:0.000067s ]
INFO: [ template_filter ] --END-- [ RunTime:0.000161s ]
INFO: Run Behavior\ParseTemplateBehavior [ RunTime:0.004686s ]
INFO: [ view_parse ] --END-- [ RunTime:0.004780s ]
INFO: [ view_filter ] --START--
INFO: Run Behavior\WriteHtmlCacheBehavior [ RunTime:0.000070s ]
INFO: [ view_filter ] --END-- [ RunTime:0.000157s ]
INFO: [ app_end ] --START--
INFO: Run Behavior\ShowPageTraceBehavior [ RunTime:0.000063s ]
INFO: [ app_end ] --END-- [ RunTime:0.000190s ]

[ 2015-07-26T20:31:32+08:00 ] 123.151.42.46 /zhier/index.php/Home/Index/myinfo
INFO: [ app_init ] --START--
INFO: Run Behavior\BuildLiteBehavior [ RunTime:0.000025s ]
INFO: [ app_init ] --END-- [ RunTime:0.000174s ]
INFO: [ app_begin ] --START--
INFO: Run Behavior\ReadHtmlCacheBehavior [ RunTime:0.000074s ]
INFO: [ app_begin ] --END-- [ RunTime:0.000175s ]
SQL: SHOW COLUMNS FROM `user_address` [ RunTime:0.0007s ]
SQL: SELECT * FROM `user_address` WHERE ( `user_id`='109' )  [ RunTime:0.0003s ]
SQL: SHOW COLUMNS FROM `location_office` [ RunTime:0.0004s ]
SQL: SELECT * FROM `location_office`  [ RunTime:0.0001s ]
NOTIC: [8] Undefined index: location /var/www/zhier/App/Home/Controller/IndexController.class.php 第 364 行.
INFO: [ view_parse ] --START--
INFO: [ template_filter ] --START--
INFO: Run Behavior\ContentReplaceBehavior [ RunTime:0.000058s ]
INFO: [ template_filter ] --END-- [ RunTime:0.000142s ]
INFO: Run Behavior\ParseTemplateBehavior [ RunTime:0.004577s ]
INFO: [ view_parse ] --END-- [ RunTime:0.004699s ]
INFO: [ view_filter ] --START--
INFO: Run Behavior\WriteHtmlCacheBehavior [ RunTime:0.000074s ]
INFO: [ view_filter ] --END-- [ RunTime:0.000157s ]
INFO: [ app_end ] --START--
INFO: Run Behavior\ShowPageTraceBehavior [ RunTime:0.000057s ]
INFO: [ app_end ] --END-- [ RunTime:0.000133s ]

[ 2015-07-26T20:31:36+08:00 ] 123.151.42.46 /zhier/index.php/home
INFO: [ app_init ] --START--
INFO: Run Behavior\BuildLiteBehavior [ RunTime:0.000026s ]
INFO: [ app_init ] --END-- [ RunTime:0.000172s ]
INFO: [ app_begin ] --START--
INFO: Run Behavior\ReadHtmlCacheBehavior [ RunTime:0.000065s ]
INFO: [ app_begin ] --END-- [ RunTime:0.000146s ]
SQL: SHOW COLUMNS FROM `order` [ RunTime:0.0023s ]
SQL: SELECT count(1) order_num FROM `order` WHERE ( `user_id`='109' )  [ RunTime:0.0001s ]
SQL: SHOW COLUMNS FROM `opinion` [ RunTime:0.0005s ]
SQL: SELECT count(1) opinion_num FROM `opinion` WHERE ( `user_id`='109' )  [ RunTime:0.0001s ]
INFO: [ view_parse ] --START--
INFO: [ template_filter ] --START--
INFO: Run Behavior\ContentReplaceBehavior [ RunTime:0.000061s ]
INFO: [ template_filter ] --END-- [ RunTime:0.000143s ]
INFO: Run Behavior\ParseTemplateBehavior [ RunTime:0.003419s ]
INFO: [ view_parse ] --END-- [ RunTime:0.003510s ]
INFO: [ view_filter ] --START--
INFO: Run Behavior\WriteHtmlCacheBehavior [ RunTime:0.000069s ]
INFO: [ view_filter ] --END-- [ RunTime:0.000147s ]
INFO: [ app_end ] --START--
INFO: Run Behavior\ShowPageTraceBehavior [ RunTime:0.000056s ]
INFO: [ app_end ] --END-- [ RunTime:0.000131s ]

[ 2015-07-26T20:44:29+08:00 ] 101.226.51.230 /zhier/index.php/Home/Index/index.html
INFO: [ app_init ] --START--
INFO: Run Behavior\BuildLiteBehavior [ RunTime:0.000026s ]
INFO: [ app_init ] --END-- [ RunTime:0.000173s ]
INFO: [ app_begin ] --START--
INFO: Run Behavior\ReadHtmlCacheBehavior [ RunTime:0.000067s ]
INFO: [ app_begin ] --END-- [ RunTime:0.000163s ]
NOTIC: [8] Undefined index: user /var/www/zhier/App/Home/Controller/IndexController.class.php 第 44 行.
NOTIC: [8] Undefined index: hasJumped /var/www/zhier/App/Home/Controller/IndexController.class.php 第 44 行.

[ 2015-07-26T22:08:36+08:00 ] 207.46.13.86 /zhier/
INFO: [ app_init ] --START--
INFO: Run Behavior\BuildLiteBehavior [ RunTime:0.000025s ]
INFO: [ app_init ] --END-- [ RunTime:0.000173s ]
INFO: [ app_begin ] --START--
INFO: Run Behavior\ReadHtmlCacheBehavior [ RunTime:0.000067s ]
INFO: [ app_begin ] --END-- [ RunTime:0.000163s ]
NOTIC: [8] Undefined index: user /var/www/zhier/App/Home/Controller/IndexController.class.php 第 44 行.
NOTIC: [8] Undefined index: hasJumped /var/www/zhier/App/Home/Controller/IndexController.class.php 第 44 行.

