[ 2015-06-14T11:36:37+08:00 ] 114.254.47.87 /zhier/admin
INFO: [ app_init ] --START--
INFO: Run Behavior\BuildLiteBehavior [ RunTime:0.000019s ]
INFO: [ app_init ] --END-- [ RunTime:0.000333s ]
INFO: [ app_begin ] --START--
INFO: Run Behavior\ReadHtmlCacheBehavior [ RunTime:0.000377s ]
INFO: [ app_begin ] --END-- [ RunTime:0.000428s ]
NOTIC: [8] Undefined index: admin /opt/lampp/htdocs/zhier/App/Common/Common/function.php 第 6 行.

[ 2015-06-14T11:36:37+08:00 ] 114.254.47.87 /zhier/index.php/Admin/Admin/
INFO: [ app_init ] --START--
INFO: Run Behavior\BuildLiteBehavior [ RunTime:0.000019s ]
INFO: [ app_init ] --END-- [ RunTime:0.000275s ]
INFO: [ app_begin ] --START--
INFO: Run Behavior\ReadHtmlCacheBehavior [ RunTime:0.000329s ]
INFO: [ app_begin ] --END-- [ RunTime:0.000372s ]
INFO: [ view_parse ] --START--
INFO: [ template_filter ] --START--
INFO: Run Behavior\ContentReplaceBehavior [ RunTime:0.000035s ]
INFO: [ template_filter ] --END-- [ RunTime:0.000079s ]
NOTIC: [8] Undefined variable: opinion /opt/lampp/htdocs/zhier/App/Runtime/Cache/Admin/7d5bae8f2106a04379ef690681e93072.php 第 67 行.
NOTIC: [8] Undefined variable: opinion /opt/lampp/htdocs/zhier/App/Runtime/Cache/Admin/7d5bae8f2106a04379ef690681e93072.php 第 68 行.
NOTIC: [8] Undefined variable: opinion /opt/lampp/htdocs/zhier/App/Runtime/Cache/Admin/7d5bae8f2106a04379ef690681e93072.php 第 70 行.
NOTIC: [8] Undefined variable: opinion /opt/lampp/htdocs/zhier/App/Runtime/Cache/Admin/7d5bae8f2106a04379ef690681e93072.php 第 71 行.
INFO: Run Behavior\ParseTemplateBehavior [ RunTime:0.004502s ]
INFO: [ view_parse ] --END-- [ RunTime:0.004539s ]
INFO: [ view_filter ] --START--
INFO: Run Behavior\WriteHtmlCacheBehavior [ RunTime:0.000110s ]
INFO: [ view_filter ] --END-- [ RunTime:0.000147s ]
INFO: [ app_end ] --START--
INFO: Run Behavior\ShowPageTraceBehavior [ RunTime:0.000349s ]
INFO: [ app_end ] --END-- [ RunTime:0.000387s ]

[ 2015-06-14T11:36:40+08:00 ] 114.254.47.87 /zhier/index.php/Admin/Admin/index
INFO: [ app_init ] --START--
INFO: Run Behavior\BuildLiteBehavior [ RunTime:0.000016s ]
INFO: [ app_init ] --END-- [ RunTime:0.000313s ]
INFO: [ app_begin ] --START--
INFO: Run Behavior\ReadHtmlCacheBehavior [ RunTime:0.000362s ]
INFO: [ app_begin ] --END-- [ RunTime:0.000409s ]
SQL: SHOW COLUMNS FROM `admin` [ RunTime:0.0008s ]
SQL: SELECT * FROM `admin` WHERE ( username='admin' )  [ RunTime:0.0004s ]
INFO: [ view_parse ] --START--
INFO: [ template_filter ] --START--
INFO: Run Behavior\ContentReplaceBehavior [ RunTime:0.000053s ]
INFO: [ template_filter ] --END-- [ RunTime:0.000134s ]
INFO: Run Behavior\ParseTemplateBehavior [ RunTime:0.006678s ]
INFO: [ view_parse ] --END-- [ RunTime:0.006766s ]
INFO: [ view_filter ] --START--
INFO: Run Behavior\WriteHtmlCacheBehavior [ RunTime:0.000248s ]
INFO: [ view_filter ] --END-- [ RunTime:0.000315s ]
INFO: [ app_end ] --START--
INFO: Run Behavior\ShowPageTraceBehavior [ RunTime:0.000661s ]
INFO: [ app_end ] --END-- [ RunTime:0.000741s ]

[ 2015-06-14T11:36:41+08:00 ] 114.254.47.87 /zhier/index.php/Admin/Product/
INFO: [ app_init ] --START--
INFO: Run Behavior\BuildLiteBehavior [ RunTime:0.000014s ]
INFO: [ app_init ] --END-- [ RunTime:0.000278s ]
INFO: [ app_begin ] --START--
INFO: Run Behavior\ReadHtmlCacheBehavior [ RunTime:0.000345s ]
INFO: [ app_begin ] --END-- [ RunTime:0.000392s ]
SQL: SHOW COLUMNS FROM `fruit_type` [ RunTime:0.0007s ]
SQL: SELECT * FROM `fruit_type`  [ RunTime:0.0002s ]
SQL: SHOW COLUMNS FROM `fruit` [ RunTime:0.0007s ]
SQL: SELECT * FROM `fruit` WHERE ( `type_id`='1' ) ORDER BY `order` DESC  [ RunTime:0.0003s ]
INFO: [ view_parse ] --START--
INFO: [ template_filter ] --START--
INFO: Run Behavior\ContentReplaceBehavior [ RunTime:0.000179s ]
INFO: [ template_filter ] --END-- [ RunTime:0.000231s ]
INFO: Run Behavior\ParseTemplateBehavior [ RunTime:0.007999s ]
INFO: [ view_parse ] --END-- [ RunTime:0.008048s ]
INFO: [ view_filter ] --START--
INFO: Run Behavior\WriteHtmlCacheBehavior [ RunTime:0.000117s ]
INFO: [ view_filter ] --END-- [ RunTime:0.000154s ]
INFO: [ app_end ] --START--
INFO: Run Behavior\ShowPageTraceBehavior [ RunTime:0.000364s ]
INFO: [ app_end ] --END-- [ RunTime:0.000407s ]

[ 2015-06-14T11:36:44+08:00 ] 114.254.47.87 /zhier/index.php/Admin/Product/edit/id/9
INFO: [ app_init ] --START--
INFO: Run Behavior\BuildLiteBehavior [ RunTime:0.000027s ]
INFO: [ app_init ] --END-- [ RunTime:0.000289s ]
INFO: [ app_begin ] --START--
INFO: Run Behavior\ReadHtmlCacheBehavior [ RunTime:0.000344s ]
INFO: [ app_begin ] --END-- [ RunTime:0.000386s ]
SQL: SHOW COLUMNS FROM `fruit` [ RunTime:0.0010s ]
SQL: SELECT * FROM `fruit` WHERE ( `fruit_id`='9' )  [ RunTime:0.0003s ]
SQL: SHOW COLUMNS FROM `fruit_addinfo` [ RunTime:0.0007s ]
SQL: SELECT * FROM `fruit_addinfo` WHERE ( `fruit_id`='9' AND `display_order`!=0 ) ORDER BY display_order desc  [ RunTime:0.0003s ]
SQL: SHOW COLUMNS FROM `fruit_type` [ RunTime:0.0005s ]
SQL: SELECT * FROM `fruit_type`  [ RunTime:0.0001s ]
INFO: [ view_parse ] --START--
INFO: [ template_filter ] --START--
INFO: Run Behavior\ContentReplaceBehavior [ RunTime:0.000051s ]
INFO: [ template_filter ] --END-- [ RunTime:0.000097s ]
NOTIC: [8] Undefined variable: data /opt/lampp/htdocs/zhier/App/Runtime/Cache/Admin/35a64d8c950f0d1e68f44a796e979d7d.php 第 65 行.
INFO: Run Behavior\ParseTemplateBehavior [ RunTime:0.007040s ]
INFO: [ view_parse ] --END-- [ RunTime:0.007081s ]
INFO: [ view_filter ] --START--
INFO: Run Behavior\WriteHtmlCacheBehavior [ RunTime:0.000129s ]
INFO: [ view_filter ] --END-- [ RunTime:0.000164s ]
INFO: [ app_end ] --START--
INFO: Run Behavior\ShowPageTraceBehavior [ RunTime:0.000423s ]
INFO: [ app_end ] --END-- [ RunTime:0.000466s ]

[ 2015-06-14T11:36:49+08:00 ] 114.254.47.87 /zhier/index.php/Admin/Product/index/type/2
INFO: [ app_init ] --START--
INFO: Run Behavior\BuildLiteBehavior [ RunTime:0.000015s ]
INFO: [ app_init ] --END-- [ RunTime:0.000269s ]
INFO: [ app_begin ] --START--
INFO: Run Behavior\ReadHtmlCacheBehavior [ RunTime:0.000349s ]
INFO: [ app_begin ] --END-- [ RunTime:0.000392s ]
SQL: SHOW COLUMNS FROM `fruit_type` [ RunTime:0.0007s ]
SQL: SELECT * FROM `fruit_type`  [ RunTime:0.0002s ]
SQL: SHOW COLUMNS FROM `fruit` [ RunTime:0.0007s ]
SQL: SELECT * FROM `fruit` WHERE ( `type_id`='2' ) ORDER BY `order` DESC  [ RunTime:0.0003s ]
INFO: [ view_parse ] --START--
INFO: [ template_filter ] --START--
INFO: Run Behavior\ContentReplaceBehavior [ RunTime:0.000046s ]
INFO: [ template_filter ] --END-- [ RunTime:0.000088s ]
INFO: Run Behavior\ParseTemplateBehavior [ RunTime:0.006828s ]
INFO: [ view_parse ] --END-- [ RunTime:0.006872s ]
INFO: [ view_filter ] --START--
INFO: Run Behavior\WriteHtmlCacheBehavior [ RunTime:0.000114s ]
INFO: [ view_filter ] --END-- [ RunTime:0.000150s ]
INFO: [ app_end ] --START--
INFO: Run Behavior\ShowPageTraceBehavior [ RunTime:0.000397s ]
INFO: [ app_end ] --END-- [ RunTime:0.000435s ]

[ 2015-06-14T11:36:51+08:00 ] 114.254.47.87 /zhier/index.php/Admin/Product/index/type/4
INFO: [ app_init ] --START--
INFO: Run Behavior\BuildLiteBehavior [ RunTime:0.000014s ]
INFO: [ app_init ] --END-- [ RunTime:0.000260s ]
INFO: [ app_begin ] --START--
INFO: Run Behavior\ReadHtmlCacheBehavior [ RunTime:0.000327s ]
INFO: [ app_begin ] --END-- [ RunTime:0.000369s ]
SQL: SHOW COLUMNS FROM `fruit_type` [ RunTime:0.0007s ]
SQL: SELECT * FROM `fruit_type`  [ RunTime:0.0002s ]
SQL: SHOW COLUMNS FROM `fruit` [ RunTime:0.0006s ]
SQL: SELECT * FROM `fruit` WHERE ( `type_id`='4' ) ORDER BY `order` DESC  [ RunTime:0.0003s ]
INFO: [ view_parse ] --START--
INFO: [ template_filter ] --START--
INFO: Run Behavior\ContentReplaceBehavior [ RunTime:0.000045s ]
INFO: [ template_filter ] --END-- [ RunTime:0.000088s ]
INFO: Run Behavior\ParseTemplateBehavior [ RunTime:0.006853s ]
INFO: [ view_parse ] --END-- [ RunTime:0.006897s ]
INFO: [ view_filter ] --START--
INFO: Run Behavior\WriteHtmlCacheBehavior [ RunTime:0.000108s ]
INFO: [ view_filter ] --END-- [ RunTime:0.000144s ]
INFO: [ app_end ] --START--
INFO: Run Behavior\ShowPageTraceBehavior [ RunTime:0.000333s ]
INFO: [ app_end ] --END-- [ RunTime:0.000372s ]

[ 2015-06-14T11:36:52+08:00 ] 114.254.47.87 /zhier/index.php/Admin/Product/index/type/1
INFO: [ app_init ] --START--
INFO: Run Behavior\BuildLiteBehavior [ RunTime:0.000014s ]
INFO: [ app_init ] --END-- [ RunTime:0.000265s ]
INFO: [ app_begin ] --START--
INFO: Run Behavior\ReadHtmlCacheBehavior [ RunTime:0.000377s ]
INFO: [ app_begin ] --END-- [ RunTime:0.000427s ]
SQL: SHOW COLUMNS FROM `fruit_type` [ RunTime:0.0007s ]
SQL: SELECT * FROM `fruit_type`  [ RunTime:0.0002s ]
SQL: SHOW COLUMNS FROM `fruit` [ RunTime:0.0006s ]
SQL: SELECT * FROM `fruit` WHERE ( `type_id`='1' ) ORDER BY `order` DESC  [ RunTime:0.0003s ]
INFO: [ view_parse ] --START--
INFO: [ template_filter ] --START--
INFO: Run Behavior\ContentReplaceBehavior [ RunTime:0.000045s ]
INFO: [ template_filter ] --END-- [ RunTime:0.000088s ]
INFO: Run Behavior\ParseTemplateBehavior [ RunTime:0.006936s ]
INFO: [ view_parse ] --END-- [ RunTime:0.006990s ]
INFO: [ view_filter ] --START--
INFO: Run Behavior\WriteHtmlCacheBehavior [ RunTime:0.000113s ]
INFO: [ view_filter ] --END-- [ RunTime:0.000148s ]
INFO: [ app_end ] --START--
INFO: Run Behavior\ShowPageTraceBehavior [ RunTime:0.000339s ]
INFO: [ app_end ] --END-- [ RunTime:0.000377s ]

[ 2015-06-14T15:23:55+08:00 ] 219.232.60.157 /zhier/admin
INFO: [ app_init ] --START--
INFO: Run Behavior\BuildLiteBehavior [ RunTime:0.000014s ]
INFO: [ app_init ] --END-- [ RunTime:0.000270s ]
INFO: [ app_begin ] --START--
INFO: Run Behavior\ReadHtmlCacheBehavior [ RunTime:0.000333s ]
INFO: [ app_begin ] --END-- [ RunTime:0.000375s ]
NOTIC: [8] Undefined index: admin /opt/lampp/htdocs/zhier/App/Common/Common/function.php 第 6 行.

[ 2015-06-14T15:23:55+08:00 ] 219.232.60.157 /zhier/index.php/Admin/Admin/
INFO: [ app_init ] --START--
INFO: Run Behavior\BuildLiteBehavior [ RunTime:0.000015s ]
INFO: [ app_init ] --END-- [ RunTime:0.000264s ]
INFO: [ app_begin ] --START--
INFO: Run Behavior\ReadHtmlCacheBehavior [ RunTime:0.000322s ]
INFO: [ app_begin ] --END-- [ RunTime:0.000365s ]
INFO: [ view_parse ] --START--
INFO: [ template_filter ] --START--
INFO: Run Behavior\ContentReplaceBehavior [ RunTime:0.000034s ]
INFO: [ template_filter ] --END-- [ RunTime:0.000075s ]
NOTIC: [8] Undefined variable: opinion /opt/lampp/htdocs/zhier/App/Runtime/Cache/Admin/7d5bae8f2106a04379ef690681e93072.php 第 67 行.
NOTIC: [8] Undefined variable: opinion /opt/lampp/htdocs/zhier/App/Runtime/Cache/Admin/7d5bae8f2106a04379ef690681e93072.php 第 68 行.
NOTIC: [8] Undefined variable: opinion /opt/lampp/htdocs/zhier/App/Runtime/Cache/Admin/7d5bae8f2106a04379ef690681e93072.php 第 70 行.
NOTIC: [8] Undefined variable: opinion /opt/lampp/htdocs/zhier/App/Runtime/Cache/Admin/7d5bae8f2106a04379ef690681e93072.php 第 71 行.
INFO: Run Behavior\ParseTemplateBehavior [ RunTime:0.004418s ]
INFO: [ view_parse ] --END-- [ RunTime:0.004455s ]
INFO: [ view_filter ] --START--
INFO: Run Behavior\WriteHtmlCacheBehavior [ RunTime:0.000176s ]
INFO: [ view_filter ] --END-- [ RunTime:0.000213s ]
INFO: [ app_end ] --START--
INFO: Run Behavior\ShowPageTraceBehavior [ RunTime:0.000350s ]
INFO: [ app_end ] --END-- [ RunTime:0.000387s ]

[ 2015-06-14T15:23:57+08:00 ] 219.232.60.157 /zhier/index.php/Admin/Admin/index
INFO: [ app_init ] --START--
INFO: Run Behavior\BuildLiteBehavior [ RunTime:0.000015s ]
INFO: [ app_init ] --END-- [ RunTime:0.000294s ]
INFO: [ app_begin ] --START--
INFO: Run Behavior\ReadHtmlCacheBehavior [ RunTime:0.000322s ]
INFO: [ app_begin ] --END-- [ RunTime:0.000364s ]
SQL: SHOW COLUMNS FROM `admin` [ RunTime:0.0007s ]
SQL: SELECT * FROM `admin` WHERE ( username='admin' )  [ RunTime:0.0003s ]
INFO: [ view_parse ] --START--
INFO: [ template_filter ] --START--
INFO: Run Behavior\ContentReplaceBehavior [ RunTime:0.000040s ]
INFO: [ template_filter ] --END-- [ RunTime:0.000108s ]
INFO: Run Behavior\ParseTemplateBehavior [ RunTime:0.004694s ]
INFO: [ view_parse ] --END-- [ RunTime:0.004744s ]
INFO: [ view_filter ] --START--
INFO: Run Behavior\WriteHtmlCacheBehavior [ RunTime:0.000137s ]
INFO: [ view_filter ] --END-- [ RunTime:0.000179s ]
INFO: [ app_end ] --START--
INFO: Run Behavior\ShowPageTraceBehavior [ RunTime:0.000401s ]
INFO: [ app_end ] --END-- [ RunTime:0.000447s ]

[ 2015-06-14T15:23:58+08:00 ] 219.232.60.157 /zhier/index.php/Admin/Product/
INFO: [ app_init ] --START--
INFO: Run Behavior\BuildLiteBehavior [ RunTime:0.000014s ]
INFO: [ app_init ] --END-- [ RunTime:0.000261s ]
INFO: [ app_begin ] --START--
INFO: Run Behavior\ReadHtmlCacheBehavior [ RunTime:0.000374s ]
INFO: [ app_begin ] --END-- [ RunTime:0.000418s ]
SQL: SHOW COLUMNS FROM `fruit_type` [ RunTime:0.0009s ]
SQL: SELECT * FROM `fruit_type`  [ RunTime:0.0002s ]
SQL: SHOW COLUMNS FROM `fruit` [ RunTime:0.0007s ]
SQL: SELECT * FROM `fruit` WHERE ( `type_id`='1' ) ORDER BY `order` DESC  [ RunTime:0.0003s ]
INFO: [ view_parse ] --START--
INFO: [ template_filter ] --START--
INFO: Run Behavior\ContentReplaceBehavior [ RunTime:0.000050s ]
INFO: [ template_filter ] --END-- [ RunTime:0.000098s ]
INFO: Run Behavior\ParseTemplateBehavior [ RunTime:0.007437s ]
INFO: [ view_parse ] --END-- [ RunTime:0.007482s ]
INFO: [ view_filter ] --START--
INFO: Run Behavior\WriteHtmlCacheBehavior [ RunTime:0.000148s ]
INFO: [ view_filter ] --END-- [ RunTime:0.000194s ]
INFO: [ app_end ] --START--
INFO: Run Behavior\ShowPageTraceBehavior [ RunTime:0.000382s ]
INFO: [ app_end ] --END-- [ RunTime:0.000488s ]

[ 2015-06-14T15:24:00+08:00 ] 219.232.60.157 /zhier/index.php/Admin/Product/index/type/2
INFO: [ app_init ] --START--
INFO: Run Behavior\BuildLiteBehavior [ RunTime:0.000016s ]
INFO: [ app_init ] --END-- [ RunTime:0.000301s ]
INFO: [ app_begin ] --START--
INFO: Run Behavior\ReadHtmlCacheBehavior [ RunTime:0.000330s ]
INFO: [ app_begin ] --END-- [ RunTime:0.000372s ]
SQL: SHOW COLUMNS FROM `fruit_type` [ RunTime:0.0007s ]
SQL: SELECT * FROM `fruit_type`  [ RunTime:0.0002s ]
SQL: SHOW COLUMNS FROM `fruit` [ RunTime:0.0007s ]
SQL: SELECT * FROM `fruit` WHERE ( `type_id`='2' ) ORDER BY `order` DESC  [ RunTime:0.0003s ]
INFO: [ view_parse ] --START--
INFO: [ template_filter ] --START--
INFO: Run Behavior\ContentReplaceBehavior [ RunTime:0.000053s ]
INFO: [ template_filter ] --END-- [ RunTime:0.000103s ]
INFO: Run Behavior\ParseTemplateBehavior [ RunTime:0.007433s ]
INFO: [ view_parse ] --END-- [ RunTime:0.007476s ]
INFO: [ view_filter ] --START--
INFO: Run Behavior\WriteHtmlCacheBehavior [ RunTime:0.000117s ]
INFO: [ view_filter ] --END-- [ RunTime:0.000155s ]
INFO: [ app_end ] --START--
INFO: Run Behavior\ShowPageTraceBehavior [ RunTime:0.000361s ]
INFO: [ app_end ] --END-- [ RunTime:0.000403s ]

[ 2015-06-14T15:24:03+08:00 ] 219.232.60.157 /zhier/index.php/Admin/Index
INFO: [ app_init ] --START--
INFO: Run Behavior\BuildLiteBehavior [ RunTime:0.000015s ]
INFO: [ app_init ] --END-- [ RunTime:0.000383s ]
INFO: [ app_begin ] --START--
INFO: Run Behavior\ReadHtmlCacheBehavior [ RunTime:0.000351s ]
INFO: [ app_begin ] --END-- [ RunTime:0.000397s ]
SQL: SHOW COLUMNS FROM `order` [ RunTime:0.0008s ]
NOTIC: [8] Undefined variable: limit /opt/lampp/htdocs/zhier/App/Admin/Controller/IndexController.class.php 第 28 行.
SQL: SELECT * FROM `order` WHERE (  `status`=''  ) ORDER BY order_id DESC  [ RunTime:0.0004s ]
SQL: SHOW COLUMNS FROM `order_detail` [ RunTime:0.0005s ]
INFO: [ view_parse ] --START--
INFO: [ template_filter ] --START--
INFO: Run Behavior\ContentReplaceBehavior [ RunTime:0.000046s ]
INFO: [ template_filter ] --END-- [ RunTime:0.000092s ]
INFO: Run Behavior\ParseTemplateBehavior [ RunTime:0.008624s ]
INFO: [ view_parse ] --END-- [ RunTime:0.008668s ]
INFO: [ view_filter ] --START--
INFO: Run Behavior\WriteHtmlCacheBehavior [ RunTime:0.000108s ]
INFO: [ view_filter ] --END-- [ RunTime:0.000143s ]
INFO: [ app_end ] --START--
INFO: Run Behavior\ShowPageTraceBehavior [ RunTime:0.000336s ]
INFO: [ app_end ] --END-- [ RunTime:0.000373s ]

[ 2015-06-14T15:24:05+08:00 ] 219.232.60.157 /zhier/index.php/Admin/Index/index/filter/1
INFO: [ app_init ] --START--
INFO: Run Behavior\BuildLiteBehavior [ RunTime:0.000017s ]
INFO: [ app_init ] --END-- [ RunTime:0.000276s ]
INFO: [ app_begin ] --START--
INFO: Run Behavior\ReadHtmlCacheBehavior [ RunTime:0.000332s ]
INFO: [ app_begin ] --END-- [ RunTime:0.000375s ]
SQL: SHOW COLUMNS FROM `order` [ RunTime:0.0008s ]
NOTIC: [8] Undefined variable: limit /opt/lampp/htdocs/zhier/App/Admin/Controller/IndexController.class.php 第 28 行.
SQL: SELECT * FROM `order` WHERE (  `status`='1'  ) ORDER BY order_id DESC  [ RunTime:0.0005s ]
SQL: SHOW COLUMNS FROM `order_detail` [ RunTime:0.0005s ]
NOTIC: [8] Undefined index: 010_hd_wke /opt/lampp/htdocs/zhier/App/Admin/Controller/IndexController.class.php 第 37 行.
SQL: SELECT count(1) num FROM `order` WHERE ( `user_id`='85' )  [ RunTime:0.0002s ]
SQL: SELECT * FROM `order_detail` WHERE ( `order_id`='12377' )  [ RunTime:0.0003s ]
NOTIC: [8] Undefined index: 010_hd_wke /opt/lampp/htdocs/zhier/App/Admin/Controller/IndexController.class.php 第 37 行.
SQL: SELECT count(1) num FROM `order` WHERE ( `user_id`='85' )  [ RunTime:0.0002s ]
SQL: SELECT * FROM `order_detail` WHERE ( `order_id`='12376' )  [ RunTime:0.0003s ]
NOTIC: [8] Undefined index: 010_hd_wke /opt/lampp/htdocs/zhier/App/Admin/Controller/IndexController.class.php 第 37 行.
SQL: SELECT count(1) num FROM `order` WHERE ( `user_id`='85' )  [ RunTime:0.0002s ]
SQL: SELECT * FROM `order_detail` WHERE ( `order_id`='12375' )  [ RunTime:0.0003s ]
NOTIC: [8] Undefined index: 010_hd_wke /opt/lampp/htdocs/zhier/App/Admin/Controller/IndexController.class.php 第 37 行.
SQL: SELECT count(1) num FROM `order` WHERE ( `user_id`='85' )  [ RunTime:0.0002s ]
SQL: SELECT * FROM `order_detail` WHERE ( `order_id`='12374' )  [ RunTime:0.0003s ]
NOTIC: [8] Undefined index: 010_hd_wke /opt/lampp/htdocs/zhier/App/Admin/Controller/IndexController.class.php 第 37 行.
SQL: SELECT count(1) num FROM `order` WHERE ( `user_id`='85' )  [ RunTime:0.0002s ]
SQL: SELECT * FROM `order_detail` WHERE ( `order_id`='12373' )  [ RunTime:0.0003s ]
NOTIC: [8] Undefined index: 010_hd_wke /opt/lampp/htdocs/zhier/App/Admin/Controller/IndexController.class.php 第 37 行.
SQL: SELECT count(1) num FROM `order` WHERE ( `user_id`='85' )  [ RunTime:0.0002s ]
SQL: SELECT * FROM `order_detail` WHERE ( `order_id`='12372' )  [ RunTime:0.0003s ]
NOTIC: [8] Undefined index: 010_hd_wke /opt/lampp/htdocs/zhier/App/Admin/Controller/IndexController.class.php 第 37 行.
SQL: SELECT count(1) num FROM `order` WHERE ( `user_id`='85' )  [ RunTime:0.0002s ]
SQL: SELECT * FROM `order_detail` WHERE ( `order_id`='12371' )  [ RunTime:0.0003s ]
NOTIC: [8] Undefined index: 010_hd_wke /opt/lampp/htdocs/zhier/App/Admin/Controller/IndexController.class.php 第 37 行.
SQL: SELECT count(1) num FROM `order` WHERE ( `user_id`='85' )  [ RunTime:0.0002s ]
SQL: SELECT * FROM `order_detail` WHERE ( `order_id`='12370' )  [ RunTime:0.0003s ]
NOTIC: [8] Undefined index: 010_hd_wke /opt/lampp/htdocs/zhier/App/Admin/Controller/IndexController.class.php 第 37 行.
SQL: SELECT count(1) num FROM `order` WHERE ( `user_id`='85' )  [ RunTime:0.0002s ]
SQL: SELECT * FROM `order_detail` WHERE ( `order_id`='12369' )  [ RunTime:0.0003s ]
NOTIC: [8] Undefined index: 010_hd_wke /opt/lampp/htdocs/zhier/App/Admin/Controller/IndexController.class.php 第 37 行.
SQL: SELECT count(1) num FROM `order` WHERE ( `user_id`='85' )  [ RunTime:0.0002s ]
SQL: SELECT * FROM `order_detail` WHERE ( `order_id`='12368' )  [ RunTime:0.0003s ]
NOTIC: [8] Undefined index: 010_hd_wke /opt/lampp/htdocs/zhier/App/Admin/Controller/IndexController.class.php 第 37 行.
SQL: SELECT count(1) num FROM `order` WHERE ( `user_id`='85' )  [ RunTime:0.0002s ]
SQL: SELECT * FROM `order_detail` WHERE ( `order_id`='12367' )  [ RunTime:0.0003s ]
NOTIC: [8] Undefined index: 010_hd_wke /opt/lampp/htdocs/zhier/App/Admin/Controller/IndexController.class.php 第 37 行.
SQL: SELECT count(1) num FROM `order` WHERE ( `user_id`='86' )  [ RunTime:0.0002s ]
SQL: SELECT * FROM `order_detail` WHERE ( `order_id`='12366' )  [ RunTime:0.0003s ]
NOTIC: [8] Undefined index: 010_hd_wke /opt/lampp/htdocs/zhier/App/Admin/Controller/IndexController.class.php 第 37 行.
SQL: SELECT count(1) num FROM `order` WHERE ( `user_id`='86' )  [ RunTime:0.0002s ]
SQL: SELECT * FROM `order_detail` WHERE ( `order_id`='12365' )  [ RunTime:0.0003s ]
NOTIC: [8] Undefined index: none /opt/lampp/htdocs/zhier/App/Admin/Controller/IndexController.class.php 第 37 行.
SQL: SELECT count(1) num FROM `order` WHERE ( `user_id`='86' )  [ RunTime:0.0002s ]
SQL: SELECT * FROM `order_detail` WHERE ( `order_id`='12364' )  [ RunTime:0.0003s ]
NOTIC: [8] Undefined index: 010_hd_rkzxzy /opt/lampp/htdocs/zhier/App/Admin/Controller/IndexController.class.php 第 37 行.
SQL: SELECT count(1) num FROM `order` WHERE ( `user_id`='86' )  [ RunTime:0.0002s ]
SQL: SELECT * FROM `order_detail` WHERE ( `order_id`='12363' )  [ RunTime:0.0003s ]
NOTIC: [8] Undefined index: 010_hd_rkzxzy /opt/lampp/htdocs/zhier/App/Admin/Controller/IndexController.class.php 第 37 行.
SQL: SELECT count(1) num FROM `order` WHERE ( `user_id`='86' )  [ RunTime:0.0002s ]
SQL: SELECT * FROM `order_detail` WHERE ( `order_id`='12362' )  [ RunTime:0.0003s ]
NOTIC: [8] Undefined index: 010_hd_rkzxzy /opt/lampp/htdocs/zhier/App/Admin/Controller/IndexController.class.php 第 37 行.
SQL: SELECT count(1) num FROM `order` WHERE ( `user_id`='91' )  [ RunTime:0.0002s ]
SQL: SELECT * FROM `order_detail` WHERE ( `order_id`='12361' )  [ RunTime:0.0003s ]
NOTIC: [8] Undefined index: 010_hd_wke /opt/lampp/htdocs/zhier/App/Admin/Controller/IndexController.class.php 第 37 行.
SQL: SELECT count(1) num FROM `order` WHERE ( `user_id`='85' )  [ RunTime:0.0002s ]
SQL: SELECT * FROM `order_detail` WHERE ( `order_id`='12360' )  [ RunTime:0.0003s ]
NOTIC: [8] Undefined index: 010_hd_wke /opt/lampp/htdocs/zhier/App/Admin/Controller/IndexController.class.php 第 37 行.
SQL: SELECT count(1) num FROM `order` WHERE ( `user_id`='85' )  [ RunTime:0.0002s ]
SQL: SELECT * FROM `order_detail` WHERE ( `order_id`='12356' )  [ RunTime:0.0003s ]
NOTIC: [8] Undefined index: 010_hd_wke /opt/lampp/htdocs/zhier/App/Admin/Controller/IndexController.class.php 第 37 行.
SQL: SELECT count(1) num FROM `order` WHERE ( `user_id`='85' )  [ RunTime:0.0002s ]
SQL: SELECT * FROM `order_detail` WHERE ( `order_id`='12355' )  [ RunTime:0.0003s ]
NOTIC: [8] Undefined index: 010_hd_wke /opt/lampp/htdocs/zhier/App/Admin/Controller/IndexController.class.php 第 37 行.
SQL: SELECT count(1) num FROM `order` WHERE ( `user_id`='85' )  [ RunTime:0.0002s ]
SQL: SELECT * FROM `order_detail` WHERE ( `order_id`='12354' )  [ RunTime:0.0003s ]
NOTIC: [8] Undefined index: 010_hd_wke /opt/lampp/htdocs/zhier/App/Admin/Controller/IndexController.class.php 第 37 行.
SQL: SELECT count(1) num FROM `order` WHERE ( `user_id`='85' )  [ RunTime:0.0002s ]
SQL: SELECT * FROM `order_detail` WHERE ( `order_id`='12353' )  [ RunTime:0.0003s ]
NOTIC: [8] Undefined index: 010_hd_wke /opt/lampp/htdocs/zhier/App/Admin/Controller/IndexController.class.php 第 37 行.
SQL: SELECT count(1) num FROM `order` WHERE ( `user_id`='85' )  [ RunTime:0.0002s ]
SQL: SELECT * FROM `order_detail` WHERE ( `order_id`='12352' )  [ RunTime:0.0003s ]
NOTIC: [8] Undefined index: 010_hd_wke /opt/lampp/htdocs/zhier/App/Admin/Controller/IndexController.class.php 第 37 行.
SQL: SELECT count(1) num FROM `order` WHERE ( `user_id`='91' )  [ RunTime:0.0002s ]
SQL: SELECT * FROM `order_detail` WHERE ( `order_id`='12351' )  [ RunTime:0.0003s ]
NOTIC: [8] Undefined index: 010_hd_wke /opt/lampp/htdocs/zhier/App/Admin/Controller/IndexController.class.php 第 37 行.
SQL: SELECT count(1) num FROM `order` WHERE ( `user_id`='85' )  [ RunTime:0.0002s ]
SQL: SELECT * FROM `order_detail` WHERE ( `order_id`='12350' )  [ RunTime:0.0003s ]
NOTIC: [8] Undefined index: 010_hd_wke /opt/lampp/htdocs/zhier/App/Admin/Controller/IndexController.class.php 第 37 行.
SQL: SELECT count(1) num FROM `order` WHERE ( `user_id`='85' )  [ RunTime:0.0002s ]
SQL: SELECT * FROM `order_detail` WHERE ( `order_id`='12349' )  [ RunTime:0.0003s ]
NOTIC: [8] Undefined index: 010_hd_wke /opt/lampp/htdocs/zhier/App/Admin/Controller/IndexController.class.php 第 37 行.
SQL: SELECT count(1) num FROM `order` WHERE ( `user_id`='85' )  [ RunTime:0.0002s ]
SQL: SELECT * FROM `order_detail` WHERE ( `order_id`='12348' )  [ RunTime:0.0003s ]
NOTIC: [8] Undefined index: 010_hd_wke /opt/lampp/htdocs/zhier/App/Admin/Controller/IndexController.class.php 第 37 行.
SQL: SELECT count(1) num FROM `order` WHERE ( `user_id`='85' )  [ RunTime:0.0002s ]
SQL: SELECT * FROM `order_detail` WHERE ( `order_id`='12347' )  [ RunTime:0.0003s ]
NOTIC: [8] Undefined index: 010_hd_wke /opt/lampp/htdocs/zhier/App/Admin/Controller/IndexController.class.php 第 37 行.
SQL: SELECT count(1) num FROM `order` WHERE ( `user_id`='85' )  [ RunTime:0.0002s ]
SQL: SELECT * FROM `order_detail` WHERE ( `order_id`='12346' )  [ RunTime:0.0003s ]
NOTIC: [8] Undefined index: 010_hd_wke /opt/lampp/htdocs/zhier/App/Admin/Controller/IndexController.class.php 第 37 行.
SQL: SELECT count(1) num FROM `order` WHERE ( `user_id`='85' )  [ RunTime:0.0002s ]
SQL: SELECT * FROM `order_detail` WHERE ( `order_id`='12345' )  [ RunTime:0.0003s ]
NOTIC: [8] Undefined index: 010_hd_wke /opt/lampp/htdocs/zhier/App/Admin/Controller/IndexController.class.php 第 37 行.
SQL: SELECT count(1) num FROM `order` WHERE ( `user_id`='85' )  [ RunTime:0.0002s ]
SQL: SELECT * FROM `order_detail` WHERE ( `order_id`='12344' )  [ RunTime:0.0003s ]
NOTIC: [8] Undefined index: 010_hd_wke /opt/lampp/htdocs/zhier/App/Admin/Controller/IndexController.class.php 第 37 行.
SQL: SELECT count(1) num FROM `order` WHERE ( `user_id`='85' )  [ RunTime:0.0002s ]
SQL: SELECT * FROM `order_detail` WHERE ( `order_id`='12343' )  [ RunTime:0.0003s ]
NOTIC: [8] Undefined index: 010_hd_wke /opt/lampp/htdocs/zhier/App/Admin/Controller/IndexController.class.php 第 37 行.
SQL: SELECT count(1) num FROM `order` WHERE ( `user_id`='85' )  [ RunTime:0.0002s ]
SQL: SELECT * FROM `order_detail` WHERE ( `order_id`='12342' )  [ RunTime:0.0003s ]
NOTIC: [8] Undefined index: 010_hd_wke /opt/lampp/htdocs/zhier/App/Admin/Controller/IndexController.class.php 第 37 行.
SQL: SELECT count(1) num FROM `order` WHERE ( `user_id`='85' )  [ RunTime:0.0002s ]
SQL: SELECT * FROM `order_detail` WHERE ( `order_id`='12341' )  [ RunTime:0.0003s ]
NOTIC: [8] Undefined index: 010_hd_wke /opt/lampp/htdocs/zhier/App/Admin/Controller/IndexController.class.php 第 37 行.
SQL: SELECT count(1) num FROM `order` WHERE ( `user_id`='85' )  [ RunTime:0.0002s ]
SQL: SELECT * FROM `order_detail` WHERE ( `order_id`='12340' )  [ RunTime:0.0003s ]
NOTIC: [8] Undefined index: 010_hd_wke /opt/lampp/htdocs/zhier/App/Admin/Controller/IndexController.class.php 第 37 行.
SQL: SELECT count(1) num FROM `order` WHERE ( `user_id`='85' )  [ RunTime:0.0002s ]
SQL: SELECT * FROM `order_detail` WHERE ( `order_id`='12339' )  [ RunTime:0.0003s ]
NOTIC: [8] Undefined index: 010_hd_wke /opt/lampp/htdocs/zhier/App/Admin/Controller/IndexController.class.php 第 37 行.
SQL: SELECT count(1) num FROM `order` WHERE ( `user_id`='85' )  [ RunTime:0.0002s ]
SQL: SELECT * FROM `order_detail` WHERE ( `order_id`='12338' )  [ RunTime:0.0003s ]
NOTIC: [8] Undefined index: 010_hd_wke /opt/lampp/htdocs/zhier/App/Admin/Controller/IndexController.class.php 第 37 行.
SQL: SELECT count(1) num FROM `order` WHERE ( `user_id`='85' )  [ RunTime:0.0002s ]
SQL: SELECT * FROM `order_detail` WHERE ( `order_id`='12337' )  [ RunTime:0.0003s ]
NOTIC: [8] Undefined index: 010_hd_rkzxzy /opt/lampp/htdocs/zhier/App/Admin/Controller/IndexController.class.php 第 37 行.
SQL: SELECT count(1) num FROM `order` WHERE ( `user_id`='91' )  [ RunTime:0.0002s ]
SQL: SELECT * FROM `order_detail` WHERE ( `order_id`='12336' )  [ RunTime:0.0003s ]
NOTIC: [8] Undefined index: 010_hd_wke /opt/lampp/htdocs/zhier/App/Admin/Controller/IndexController.class.php 第 37 行.
SQL: SELECT count(1) num FROM `order` WHERE ( `user_id`='85' )  [ RunTime:0.0002s ]
SQL: SELECT * FROM `order_detail` WHERE ( `order_id`='12335' )  [ RunTime:0.0003s ]
INFO: [ view_parse ] --START--
INFO: [ template_filter ] --START--
INFO: Run Behavior\ContentReplaceBehavior [ RunTime:0.000052s ]
INFO: [ template_filter ] --END-- [ RunTime:0.000096s ]
INFO: Run Behavior\ParseTemplateBehavior [ RunTime:0.008946s ]
INFO: [ view_parse ] --END-- [ RunTime:0.008992s ]
INFO: [ view_filter ] --START--
INFO: Run Behavior\WriteHtmlCacheBehavior [ RunTime:0.000112s ]
INFO: [ view_filter ] --END-- [ RunTime:0.000149s ]
INFO: [ app_end ] --START--
INFO: Run Behavior\ShowPageTraceBehavior [ RunTime:0.000368s ]
INFO: [ app_end ] --END-- [ RunTime:0.000418s ]

[ 2015-06-14T15:24:07+08:00 ] 219.232.60.157 /zhier/index.php/Admin/Index/changestatus/orderid/12377/tostatus/4
INFO: [ app_init ] --START--
INFO: Run Behavior\BuildLiteBehavior [ RunTime:0.000015s ]
INFO: [ app_init ] --END-- [ RunTime:0.000335s ]
INFO: [ app_begin ] --START--
INFO: Run Behavior\ReadHtmlCacheBehavior [ RunTime:0.000340s ]
INFO: [ app_begin ] --END-- [ RunTime:0.000389s ]
SQL: SHOW COLUMNS FROM `order` [ RunTime:0.0008s ]
SQL: UPDATE `order` SET `status`='4' WHERE `order_id` = 12377 [ RunTime:0.0052s ]

[ 2015-06-14T16:47:30+08:00 ] 219.232.60.157 /zhier/index.php/Admin/Index
INFO: [ app_init ] --START--
INFO: Run Behavior\BuildLiteBehavior [ RunTime:0.000014s ]
INFO: [ app_init ] --END-- [ RunTime:0.000286s ]
INFO: [ app_begin ] --START--
INFO: Run Behavior\ReadHtmlCacheBehavior [ RunTime:0.000335s ]
INFO: [ app_begin ] --END-- [ RunTime:0.000380s ]
NOTIC: [8] Undefined index: admin /opt/lampp/htdocs/zhier/App/Common/Common/function.php 第 6 行.

[ 2015-06-14T16:47:30+08:00 ] 219.232.60.157 /zhier/index.php/Admin/Admin/
INFO: [ app_init ] --START--
INFO: Run Behavior\BuildLiteBehavior [ RunTime:0.000017s ]
INFO: [ app_init ] --END-- [ RunTime:0.000275s ]
INFO: [ app_begin ] --START--
INFO: Run Behavior\ReadHtmlCacheBehavior [ RunTime:0.000406s ]
INFO: [ app_begin ] --END-- [ RunTime:0.000449s ]
INFO: [ view_parse ] --START--
INFO: [ template_filter ] --START--
INFO: Run Behavior\ContentReplaceBehavior [ RunTime:0.000036s ]
INFO: [ template_filter ] --END-- [ RunTime:0.000077s ]
NOTIC: [8] Undefined variable: opinion /opt/lampp/htdocs/zhier/App/Runtime/Cache/Admin/7d5bae8f2106a04379ef690681e93072.php 第 67 行.
NOTIC: [8] Undefined variable: opinion /opt/lampp/htdocs/zhier/App/Runtime/Cache/Admin/7d5bae8f2106a04379ef690681e93072.php 第 68 行.
NOTIC: [8] Undefined variable: opinion /opt/lampp/htdocs/zhier/App/Runtime/Cache/Admin/7d5bae8f2106a04379ef690681e93072.php 第 70 行.
NOTIC: [8] Undefined variable: opinion /opt/lampp/htdocs/zhier/App/Runtime/Cache/Admin/7d5bae8f2106a04379ef690681e93072.php 第 71 行.
INFO: Run Behavior\ParseTemplateBehavior [ RunTime:0.004564s ]
INFO: [ view_parse ] --END-- [ RunTime:0.004612s ]
INFO: [ view_filter ] --START--
INFO: Run Behavior\WriteHtmlCacheBehavior [ RunTime:0.000126s ]
INFO: [ view_filter ] --END-- [ RunTime:0.000165s ]
INFO: [ app_end ] --START--
INFO: Run Behavior\ShowPageTraceBehavior [ RunTime:0.000412s ]
INFO: [ app_end ] --END-- [ RunTime:0.000451s ]

[ 2015-06-14T16:47:31+08:00 ] 219.232.60.157 /zhier/index.php/Admin/Admin/index
INFO: [ app_init ] --START--
INFO: Run Behavior\BuildLiteBehavior [ RunTime:0.000014s ]
INFO: [ app_init ] --END-- [ RunTime:0.000265s ]
INFO: [ app_begin ] --START--
INFO: Run Behavior\ReadHtmlCacheBehavior [ RunTime:0.000325s ]
INFO: [ app_begin ] --END-- [ RunTime:0.000369s ]
SQL: SHOW COLUMNS FROM `admin` [ RunTime:0.0007s ]
SQL: SELECT * FROM `admin` WHERE ( username='admin' )  [ RunTime:0.0005s ]
INFO: [ view_parse ] --START--
INFO: [ template_filter ] --START--
INFO: Run Behavior\ContentReplaceBehavior [ RunTime:0.000033s ]
INFO: [ template_filter ] --END-- [ RunTime:0.000077s ]
INFO: Run Behavior\ParseTemplateBehavior [ RunTime:0.004636s ]
INFO: [ view_parse ] --END-- [ RunTime:0.004683s ]
INFO: [ view_filter ] --START--
INFO: Run Behavior\WriteHtmlCacheBehavior [ RunTime:0.000110s ]
INFO: [ view_filter ] --END-- [ RunTime:0.000145s ]
INFO: [ app_end ] --START--
INFO: Run Behavior\ShowPageTraceBehavior [ RunTime:0.000362s ]
INFO: [ app_end ] --END-- [ RunTime:0.000400s ]

[ 2015-06-14T16:47:32+08:00 ] 219.232.60.157 /zhier/index.php/Admin/Product/
INFO: [ app_init ] --START--
INFO: Run Behavior\BuildLiteBehavior [ RunTime:0.000014s ]
INFO: [ app_init ] --END-- [ RunTime:0.000263s ]
INFO: [ app_begin ] --START--
INFO: Run Behavior\ReadHtmlCacheBehavior [ RunTime:0.000353s ]
INFO: [ app_begin ] --END-- [ RunTime:0.000395s ]
SQL: SHOW COLUMNS FROM `fruit_type` [ RunTime:0.0007s ]
SQL: SELECT * FROM `fruit_type`  [ RunTime:0.0002s ]
SQL: SHOW COLUMNS FROM `fruit` [ RunTime:0.0006s ]
SQL: SELECT * FROM `fruit` WHERE ( `type_id`='1' ) ORDER BY `order` DESC  [ RunTime:0.0003s ]
INFO: [ view_parse ] --START--
INFO: [ template_filter ] --START--
INFO: Run Behavior\ContentReplaceBehavior [ RunTime:0.000045s ]
INFO: [ template_filter ] --END-- [ RunTime:0.000088s ]
INFO: Run Behavior\ParseTemplateBehavior [ RunTime:0.007036s ]
INFO: [ view_parse ] --END-- [ RunTime:0.007078s ]
INFO: [ view_filter ] --START--
INFO: Run Behavior\WriteHtmlCacheBehavior [ RunTime:0.000109s ]
INFO: [ view_filter ] --END-- [ RunTime:0.000144s ]
INFO: [ app_end ] --START--
INFO: Run Behavior\ShowPageTraceBehavior [ RunTime:0.000348s ]
INFO: [ app_end ] --END-- [ RunTime:0.000385s ]

[ 2015-06-14T16:47:35+08:00 ] 219.232.60.157 /zhier/index.php/Admin/Index
INFO: [ app_init ] --START--
INFO: Run Behavior\BuildLiteBehavior [ RunTime:0.000014s ]
INFO: [ app_init ] --END-- [ RunTime:0.000260s ]
INFO: [ app_begin ] --START--
INFO: Run Behavior\ReadHtmlCacheBehavior [ RunTime:0.000328s ]
INFO: [ app_begin ] --END-- [ RunTime:0.000370s ]
SQL: SHOW COLUMNS FROM `order` [ RunTime:0.0007s ]
NOTIC: [8] Undefined variable: limit /opt/lampp/htdocs/zhier/App/Admin/Controller/IndexController.class.php 第 28 行.
SQL: SELECT * FROM `order` WHERE (  `status`=''  ) ORDER BY order_id DESC  [ RunTime:0.0004s ]
SQL: SHOW COLUMNS FROM `order_detail` [ RunTime:0.0005s ]
INFO: [ view_parse ] --START--
INFO: [ template_filter ] --START--
INFO: Run Behavior\ContentReplaceBehavior [ RunTime:0.000049s ]
INFO: [ template_filter ] --END-- [ RunTime:0.000095s ]
INFO: Run Behavior\ParseTemplateBehavior [ RunTime:0.008404s ]
INFO: [ view_parse ] --END-- [ RunTime:0.008448s ]
INFO: [ view_filter ] --START--
INFO: Run Behavior\WriteHtmlCacheBehavior [ RunTime:0.000124s ]
INFO: [ view_filter ] --END-- [ RunTime:0.000159s ]
INFO: [ app_end ] --START--
INFO: Run Behavior\ShowPageTraceBehavior [ RunTime:0.000345s ]
INFO: [ app_end ] --END-- [ RunTime:0.000384s ]

[ 2015-06-14T16:47:36+08:00 ] 219.232.60.157 /zhier/index.php/Admin/Index/index/filter/1
INFO: [ app_init ] --START--
INFO: Run Behavior\BuildLiteBehavior [ RunTime:0.000014s ]
INFO: [ app_init ] --END-- [ RunTime:0.000263s ]
INFO: [ app_begin ] --START--
INFO: Run Behavior\ReadHtmlCacheBehavior [ RunTime:0.000396s ]
INFO: [ app_begin ] --END-- [ RunTime:0.000440s ]
SQL: SHOW COLUMNS FROM `order` [ RunTime:0.0008s ]
NOTIC: [8] Undefined variable: limit /opt/lampp/htdocs/zhier/App/Admin/Controller/IndexController.class.php 第 28 行.
SQL: SELECT * FROM `order` WHERE (  `status`='1'  ) ORDER BY order_id DESC  [ RunTime:0.0005s ]
SQL: SHOW COLUMNS FROM `order_detail` [ RunTime:0.0005s ]
NOTIC: [8] Undefined index: 010_hd_wke /opt/lampp/htdocs/zhier/App/Admin/Controller/IndexController.class.php 第 37 行.
SQL: SELECT count(1) num FROM `order` WHERE ( `user_id`='85' )  [ RunTime:0.0002s ]
SQL: SELECT * FROM `order_detail` WHERE ( `order_id`='12380' )  [ RunTime:0.0004s ]
NOTIC: [8] Undefined index: 010_hd_wke /opt/lampp/htdocs/zhier/App/Admin/Controller/IndexController.class.php 第 37 行.
SQL: SELECT count(1) num FROM `order` WHERE ( `user_id`='85' )  [ RunTime:0.0002s ]
SQL: SELECT * FROM `order_detail` WHERE ( `order_id`='12379' )  [ RunTime:0.0004s ]
NOTIC: [8] Undefined index: 010_hd_wke /opt/lampp/htdocs/zhier/App/Admin/Controller/IndexController.class.php 第 37 行.
SQL: SELECT count(1) num FROM `order` WHERE ( `user_id`='85' )  [ RunTime:0.0002s ]
SQL: SELECT * FROM `order_detail` WHERE ( `order_id`='12378' )  [ RunTime:0.0007s ]
NOTIC: [8] Undefined index: 010_hd_wke /opt/lampp/htdocs/zhier/App/Admin/Controller/IndexController.class.php 第 37 行.
SQL: SELECT count(1) num FROM `order` WHERE ( `user_id`='85' )  [ RunTime:0.0002s ]
SQL: SELECT * FROM `order_detail` WHERE ( `order_id`='12376' )  [ RunTime:0.0003s ]
NOTIC: [8] Undefined index: 010_hd_wke /opt/lampp/htdocs/zhier/App/Admin/Controller/IndexController.class.php 第 37 行.
SQL: SELECT count(1) num FROM `order` WHERE ( `user_id`='85' )  [ RunTime:0.0002s ]
SQL: SELECT * FROM `order_detail` WHERE ( `order_id`='12375' )  [ RunTime:0.0003s ]
NOTIC: [8] Undefined index: 010_hd_wke /opt/lampp/htdocs/zhier/App/Admin/Controller/IndexController.class.php 第 37 行.
SQL: SELECT count(1) num FROM `order` WHERE ( `user_id`='85' )  [ RunTime:0.0004s ]
SQL: SELECT * FROM `order_detail` WHERE ( `order_id`='12374' )  [ RunTime:0.0003s ]
NOTIC: [8] Undefined index: 010_hd_wke /opt/lampp/htdocs/zhier/App/Admin/Controller/IndexController.class.php 第 37 行.
SQL: SELECT count(1) num FROM `order` WHERE ( `user_id`='85' )  [ RunTime:0.0002s ]
SQL: SELECT * FROM `order_detail` WHERE ( `order_id`='12373' )  [ RunTime:0.0003s ]
NOTIC: [8] Undefined index: 010_hd_wke /opt/lampp/htdocs/zhier/App/Admin/Controller/IndexController.class.php 第 37 行.
SQL: SELECT count(1) num FROM `order` WHERE ( `user_id`='85' )  [ RunTime:0.0002s ]
SQL: SELECT * FROM `order_detail` WHERE ( `order_id`='12372' )  [ RunTime:0.0003s ]
NOTIC: [8] Undefined index: 010_hd_wke /opt/lampp/htdocs/zhier/App/Admin/Controller/IndexController.class.php 第 37 行.
SQL: SELECT count(1) num FROM `order` WHERE ( `user_id`='85' )  [ RunTime:0.0002s ]
SQL: SELECT * FROM `order_detail` WHERE ( `order_id`='12371' )  [ RunTime:0.0003s ]
NOTIC: [8] Undefined index: 010_hd_wke /opt/lampp/htdocs/zhier/App/Admin/Controller/IndexController.class.php 第 37 行.
SQL: SELECT count(1) num FROM `order` WHERE ( `user_id`='85' )  [ RunTime:0.0002s ]
SQL: SELECT * FROM `order_detail` WHERE ( `order_id`='12370' )  [ RunTime:0.0003s ]
NOTIC: [8] Undefined index: 010_hd_wke /opt/lampp/htdocs/zhier/App/Admin/Controller/IndexController.class.php 第 37 行.
SQL: SELECT count(1) num FROM `order` WHERE ( `user_id`='85' )  [ RunTime:0.0002s ]
SQL: SELECT * FROM `order_detail` WHERE ( `order_id`='12369' )  [ RunTime:0.0003s ]
NOTIC: [8] Undefined index: 010_hd_wke /opt/lampp/htdocs/zhier/App/Admin/Controller/IndexController.class.php 第 37 行.
SQL: SELECT count(1) num FROM `order` WHERE ( `user_id`='85' )  [ RunTime:0.0002s ]
SQL: SELECT * FROM `order_detail` WHERE ( `order_id`='12368' )  [ RunTime:0.0003s ]
NOTIC: [8] Undefined index: 010_hd_wke /opt/lampp/htdocs/zhier/App/Admin/Controller/IndexController.class.php 第 37 行.
SQL: SELECT count(1) num FROM `order` WHERE ( `user_id`='85' )  [ RunTime:0.0002s ]
SQL: SELECT * FROM `order_detail` WHERE ( `order_id`='12367' )  [ RunTime:0.0003s ]
NOTIC: [8] Undefined index: 010_hd_wke /opt/lampp/htdocs/zhier/App/Admin/Controller/IndexController.class.php 第 37 行.
SQL: SELECT count(1) num FROM `order` WHERE ( `user_id`='86' )  [ RunTime:0.0002s ]
SQL: SELECT * FROM `order_detail` WHERE ( `order_id`='12366' )  [ RunTime:0.0004s ]
NOTIC: [8] Undefined index: 010_hd_wke /opt/lampp/htdocs/zhier/App/Admin/Controller/IndexController.class.php 第 37 行.
SQL: SELECT count(1) num FROM `order` WHERE ( `user_id`='86' )  [ RunTime:0.0002s ]
SQL: SELECT * FROM `order_detail` WHERE ( `order_id`='12365' )  [ RunTime:0.0003s ]
NOTIC: [8] Undefined index: none /opt/lampp/htdocs/zhier/App/Admin/Controller/IndexController.class.php 第 37 行.
SQL: SELECT count(1) num FROM `order` WHERE ( `user_id`='86' )  [ RunTime:0.0002s ]
SQL: SELECT * FROM `order_detail` WHERE ( `order_id`='12364' )  [ RunTime:0.0003s ]
NOTIC: [8] Undefined index: 010_hd_rkzxzy /opt/lampp/htdocs/zhier/App/Admin/Controller/IndexController.class.php 第 37 行.
SQL: SELECT count(1) num FROM `order` WHERE ( `user_id`='86' )  [ RunTime:0.0002s ]
SQL: SELECT * FROM `order_detail` WHERE ( `order_id`='12363' )  [ RunTime:0.0003s ]
NOTIC: [8] Undefined index: 010_hd_rkzxzy /opt/lampp/htdocs/zhier/App/Admin/Controller/IndexController.class.php 第 37 行.
SQL: SELECT count(1) num FROM `order` WHERE ( `user_id`='86' )  [ RunTime:0.0002s ]
SQL: SELECT * FROM `order_detail` WHERE ( `order_id`='12362' )  [ RunTime:0.0003s ]
NOTIC: [8] Undefined index: 010_hd_rkzxzy /opt/lampp/htdocs/zhier/App/Admin/Controller/IndexController.class.php 第 37 行.
SQL: SELECT count(1) num FROM `order` WHERE ( `user_id`='91' )  [ RunTime:0.0002s ]
SQL: SELECT * FROM `order_detail` WHERE ( `order_id`='12361' )  [ RunTime:0.0003s ]
NOTIC: [8] Undefined index: 010_hd_wke /opt/lampp/htdocs/zhier/App/Admin/Controller/IndexController.class.php 第 37 行.
SQL: SELECT count(1) num FROM `order` WHERE ( `user_id`='85' )  [ RunTime:0.0002s ]
SQL: SELECT * FROM `order_detail` WHERE ( `order_id`='12360' )  [ RunTime:0.0004s ]
NOTIC: [8] Undefined index: 010_hd_wke /opt/lampp/htdocs/zhier/App/Admin/Controller/IndexController.class.php 第 37 行.
SQL: SELECT count(1) num FROM `order` WHERE ( `user_id`='85' )  [ RunTime:0.0002s ]
SQL: SELECT * FROM `order_detail` WHERE ( `order_id`='12356' )  [ RunTime:0.0003s ]
NOTIC: [8] Undefined index: 010_hd_wke /opt/lampp/htdocs/zhier/App/Admin/Controller/IndexController.class.php 第 37 行.
SQL: SELECT count(1) num FROM `order` WHERE ( `user_id`='85' )  [ RunTime:0.0002s ]
SQL: SELECT * FROM `order_detail` WHERE ( `order_id`='12355' )  [ RunTime:0.0003s ]
NOTIC: [8] Undefined index: 010_hd_wke /opt/lampp/htdocs/zhier/App/Admin/Controller/IndexController.class.php 第 37 行.
SQL: SELECT count(1) num FROM `order` WHERE ( `user_id`='85' )  [ RunTime:0.0002s ]
SQL: SELECT * FROM `order_detail` WHERE ( `order_id`='12354' )  [ RunTime:0.0004s ]
NOTIC: [8] Undefined index: 010_hd_wke /opt/lampp/htdocs/zhier/App/Admin/Controller/IndexController.class.php 第 37 行.
SQL: SELECT count(1) num FROM `order` WHERE ( `user_id`='85' )  [ RunTime:0.0002s ]
SQL: SELECT * FROM `order_detail` WHERE ( `order_id`='12353' )  [ RunTime:0.0005s ]
NOTIC: [8] Undefined index: 010_hd_wke /opt/lampp/htdocs/zhier/App/Admin/Controller/IndexController.class.php 第 37 行.
SQL: SELECT count(1) num FROM `order` WHERE ( `user_id`='85' )  [ RunTime:0.0002s ]
SQL: SELECT * FROM `order_detail` WHERE ( `order_id`='12352' )  [ RunTime:0.0005s ]
NOTIC: [8] Undefined index: 010_hd_wke /opt/lampp/htdocs/zhier/App/Admin/Controller/IndexController.class.php 第 37 行.
SQL: SELECT count(1) num FROM `order` WHERE ( `user_id`='91' )  [ RunTime:0.0002s ]
SQL: SELECT * FROM `order_detail` WHERE ( `order_id`='12351' )  [ RunTime:0.0005s ]
NOTIC: [8] Undefined index: 010_hd_wke /opt/lampp/htdocs/zhier/App/Admin/Controller/IndexController.class.php 第 37 行.
SQL: SELECT count(1) num FROM `order` WHERE ( `user_id`='85' )  [ RunTime:0.0002s ]
SQL: SELECT * FROM `order_detail` WHERE ( `order_id`='12350' )  [ RunTime:0.0003s ]
NOTIC: [8] Undefined index: 010_hd_wke /opt/lampp/htdocs/zhier/App/Admin/Controller/IndexController.class.php 第 37 行.
SQL: SELECT count(1) num FROM `order` WHERE ( `user_id`='85' )  [ RunTime:0.0002s ]
SQL: SELECT * FROM `order_detail` WHERE ( `order_id`='12349' )  [ RunTime:0.0003s ]
NOTIC: [8] Undefined index: 010_hd_wke /opt/lampp/htdocs/zhier/App/Admin/Controller/IndexController.class.php 第 37 行.
SQL: SELECT count(1) num FROM `order` WHERE ( `user_id`='85' )  [ RunTime:0.0002s ]
SQL: SELECT * FROM `order_detail` WHERE ( `order_id`='12348' )  [ RunTime:0.0003s ]
NOTIC: [8] Undefined index: 010_hd_wke /opt/lampp/htdocs/zhier/App/Admin/Controller/IndexController.class.php 第 37 行.
SQL: SELECT count(1) num FROM `order` WHERE ( `user_id`='85' )  [ RunTime:0.0002s ]
SQL: SELECT * FROM `order_detail` WHERE ( `order_id`='12347' )  [ RunTime:0.0003s ]
NOTIC: [8] Undefined index: 010_hd_wke /opt/lampp/htdocs/zhier/App/Admin/Controller/IndexController.class.php 第 37 行.
SQL: SELECT count(1) num FROM `order` WHERE ( `user_id`='85' )  [ RunTime:0.0002s ]
SQL: SELECT * FROM `order_detail` WHERE ( `order_id`='12346' )  [ RunTime:0.0005s ]
NOTIC: [8] Undefined index: 010_hd_wke /opt/lampp/htdocs/zhier/App/Admin/Controller/IndexController.class.php 第 37 行.
SQL: SELECT count(1) num FROM `order` WHERE ( `user_id`='85' )  [ RunTime:0.0002s ]
SQL: SELECT * FROM `order_detail` WHERE ( `order_id`='12345' )  [ RunTime:0.0003s ]
NOTIC: [8] Undefined index: 010_hd_wke /opt/lampp/htdocs/zhier/App/Admin/Controller/IndexController.class.php 第 37 行.
SQL: SELECT count(1) num FROM `order` WHERE ( `user_id`='85' )  [ RunTime:0.0002s ]
SQL: SELECT * FROM `order_detail` WHERE ( `order_id`='12344' )  [ RunTime:0.0003s ]
NOTIC: [8] Undefined index: 010_hd_wke /opt/lampp/htdocs/zhier/App/Admin/Controller/IndexController.class.php 第 37 行.
SQL: SELECT count(1) num FROM `order` WHERE ( `user_id`='85' )  [ RunTime:0.0002s ]
SQL: SELECT * FROM `order_detail` WHERE ( `order_id`='12343' )  [ RunTime:0.0003s ]
NOTIC: [8] Undefined index: 010_hd_wke /opt/lampp/htdocs/zhier/App/Admin/Controller/IndexController.class.php 第 37 行.
SQL: SELECT count(1) num FROM `order` WHERE ( `user_id`='85' )  [ RunTime:0.0002s ]
SQL: SELECT * FROM `order_detail` WHERE ( `order_id`='12342' )  [ RunTime:0.0003s ]
NOTIC: [8] Undefined index: 010_hd_wke /opt/lampp/htdocs/zhier/App/Admin/Controller/IndexController.class.php 第 37 行.
SQL: SELECT count(1) num FROM `order` WHERE ( `user_id`='85' )  [ RunTime:0.0002s ]
SQL: SELECT * FROM `order_detail` WHERE ( `order_id`='12341' )  [ RunTime:0.0003s ]
NOTIC: [8] Undefined index: 010_hd_wke /opt/lampp/htdocs/zhier/App/Admin/Controller/IndexController.class.php 第 37 行.
SQL: SELECT count(1) num FROM `order` WHERE ( `user_id`='85' )  [ RunTime:0.0002s ]
SQL: SELECT * FROM `order_detail` WHERE ( `order_id`='12340' )  [ RunTime:0.0004s ]
NOTIC: [8] Undefined index: 010_hd_wke /opt/lampp/htdocs/zhier/App/Admin/Controller/IndexController.class.php 第 37 行.
SQL: SELECT count(1) num FROM `order` WHERE ( `user_id`='85' )  [ RunTime:0.0002s ]
SQL: SELECT * FROM `order_detail` WHERE ( `order_id`='12339' )  [ RunTime:0.0003s ]
NOTIC: [8] Undefined index: 010_hd_wke /opt/lampp/htdocs/zhier/App/Admin/Controller/IndexController.class.php 第 37 行.
SQL: SELECT count(1) num FROM `order` WHERE ( `user_id`='85' )  [ RunTime:0.0002s ]
SQL: SELECT * FROM `order_detail` WHERE ( `order_id`='12338' )  [ RunTime:0.0003s ]
NOTIC: [8] Undefined index: 010_hd_wke /opt/lampp/htdocs/zhier/App/Admin/Controller/IndexController.class.php 第 37 行.
SQL: SELECT count(1) num FROM `order` WHERE ( `user_id`='85' )  [ RunTime:0.0002s ]
SQL: SELECT * FROM `order_detail` WHERE ( `order_id`='12337' )  [ RunTime:0.0003s ]
NOTIC: [8] Undefined index: 010_hd_rkzxzy /opt/lampp/htdocs/zhier/App/Admin/Controller/IndexController.class.php 第 37 行.
SQL: SELECT count(1) num FROM `order` WHERE ( `user_id`='91' )  [ RunTime:0.0002s ]
SQL: SELECT * FROM `order_detail` WHERE ( `order_id`='12336' )  [ RunTime:0.0003s ]
NOTIC: [8] Undefined index: 010_hd_wke /opt/lampp/htdocs/zhier/App/Admin/Controller/IndexController.class.php 第 37 行.
SQL: SELECT count(1) num FROM `order` WHERE ( `user_id`='85' )  [ RunTime:0.0002s ]
SQL: SELECT * FROM `order_detail` WHERE ( `order_id`='12335' )  [ RunTime:0.0003s ]
INFO: [ view_parse ] --START--
INFO: [ template_filter ] --START--
INFO: Run Behavior\ContentReplaceBehavior [ RunTime:0.000057s ]
INFO: [ template_filter ] --END-- [ RunTime:0.000112s ]
INFO: Run Behavior\ParseTemplateBehavior [ RunTime:0.008801s ]
INFO: [ view_parse ] --END-- [ RunTime:0.008851s ]
INFO: [ view_filter ] --START--
INFO: Run Behavior\WriteHtmlCacheBehavior [ RunTime:0.000123s ]
INFO: [ view_filter ] --END-- [ RunTime:0.000159s ]
INFO: [ app_end ] --START--
INFO: Run Behavior\ShowPageTraceBehavior [ RunTime:0.000396s ]
INFO: [ app_end ] --END-- [ RunTime:0.000439s ]

[ 2015-06-14T16:47:41+08:00 ] 219.232.60.157 /zhier/index.php/Admin/Index/changestatus/orderid/12380/tostatus/3
INFO: [ app_init ] --START--
INFO: Run Behavior\BuildLiteBehavior [ RunTime:0.000020s ]
INFO: [ app_init ] --END-- [ RunTime:0.000392s ]
INFO: [ app_begin ] --START--
INFO: Run Behavior\ReadHtmlCacheBehavior [ RunTime:0.000491s ]
INFO: [ app_begin ] --END-- [ RunTime:0.000549s ]
SQL: SHOW COLUMNS FROM `order` [ RunTime:0.0008s ]
SQL: UPDATE `order` SET `status`='3' WHERE `order_id` = 12380 [ RunTime:0.0059s ]

[ 2015-06-14T16:47:43+08:00 ] 219.232.60.157 /zhier/index.php/Admin/Index/changestatus/orderid/12379/tostatus/4
INFO: [ app_init ] --START--
INFO: Run Behavior\BuildLiteBehavior [ RunTime:0.000014s ]
INFO: [ app_init ] --END-- [ RunTime:0.000262s ]
INFO: [ app_begin ] --START--
INFO: Run Behavior\ReadHtmlCacheBehavior [ RunTime:0.000325s ]
INFO: [ app_begin ] --END-- [ RunTime:0.000365s ]
SQL: SHOW COLUMNS FROM `order` [ RunTime:0.0008s ]
SQL: UPDATE `order` SET `status`='4' WHERE `order_id` = 12379 [ RunTime:0.0135s ]

[ 2015-06-14T16:59:57+08:00 ] 219.232.60.157 /zhier/index.php/Admin/Index/changestatus/orderid/12378/tostatus/4
INFO: [ app_init ] --START--
INFO: Run Behavior\BuildLiteBehavior [ RunTime:0.000014s ]
INFO: [ app_init ] --END-- [ RunTime:0.000293s ]
INFO: [ app_begin ] --START--
INFO: Run Behavior\ReadHtmlCacheBehavior [ RunTime:0.000344s ]
INFO: [ app_begin ] --END-- [ RunTime:0.000388s ]
SQL: SHOW COLUMNS FROM `order` [ RunTime:0.0008s ]
SQL: UPDATE `order` SET `status`='4' WHERE `order_id` = 12378 [ RunTime:0.0052s ]

[ 2015-06-14T16:59:58+08:00 ] 219.232.60.157 /zhier/index.php/Admin/Index/changestatus/orderid/12376/tostatus/4
INFO: [ app_init ] --START--
INFO: Run Behavior\BuildLiteBehavior [ RunTime:0.000014s ]
INFO: [ app_init ] --END-- [ RunTime:0.000308s ]
INFO: [ app_begin ] --START--
INFO: Run Behavior\ReadHtmlCacheBehavior [ RunTime:0.000367s ]
INFO: [ app_begin ] --END-- [ RunTime:0.000415s ]
SQL: SHOW COLUMNS FROM `order` [ RunTime:0.0008s ]
SQL: UPDATE `order` SET `status`='4' WHERE `order_id` = 12376 [ RunTime:0.0052s ]

[ 2015-06-14T16:59:59+08:00 ] 219.232.60.157 /zhier/index.php/Admin/Index/changestatus/orderid/12375/tostatus/4
INFO: [ app_init ] --START--
INFO: Run Behavior\BuildLiteBehavior [ RunTime:0.000020s ]
INFO: [ app_init ] --END-- [ RunTime:0.000289s ]
INFO: [ app_begin ] --START--
INFO: Run Behavior\ReadHtmlCacheBehavior [ RunTime:0.000351s ]
INFO: [ app_begin ] --END-- [ RunTime:0.000394s ]
SQL: SHOW COLUMNS FROM `order` [ RunTime:0.0008s ]
SQL: UPDATE `order` SET `status`='4' WHERE `order_id` = 12375 [ RunTime:0.0099s ]

