[ 2015-08-03T21:42:29+08:00 ] 114.243.166.124 /zhier/index.php/admin
INFO: [ app_init ] --START--
INFO: Run Behavior\BuildLiteBehavior [ RunTime:0.000032s ]
INFO: [ app_init ] --END-- [ RunTime:0.000227s ]
INFO: [ app_begin ] --START--
INFO: Run Behavior\ReadHtmlCacheBehavior [ RunTime:0.000083s ]
INFO: [ app_begin ] --END-- [ RunTime:0.000215s ]
NOTIC: [8] Undefined index: admin /var/www/zhier/App/Common/Common/function.php 第 6 行.

[ 2015-08-03T21:42:29+08:00 ] 114.243.166.124 /zhier/index.php/Admin/Admin/
INFO: [ app_init ] --START--
INFO: Run Behavior\BuildLiteBehavior [ RunTime:0.000021s ]
INFO: [ app_init ] --END-- [ RunTime:0.000141s ]
INFO: [ app_begin ] --START--
INFO: Run Behavior\ReadHtmlCacheBehavior [ RunTime:0.000058s ]
INFO: [ app_begin ] --END-- [ RunTime:0.000153s ]
INFO: [ view_parse ] --START--
INFO: [ template_filter ] --START--
INFO: Run Behavior\ContentReplaceBehavior [ RunTime:0.000055s ]
INFO: [ template_filter ] --END-- [ RunTime:0.000154s ]
NOTIC: [8] Undefined variable: opinion /var/www/zhier/App/Runtime/Cache/Admin/7d5bae8f2106a04379ef690681e93072.php 第 67 行.
NOTIC: [8] Undefined variable: opinion /var/www/zhier/App/Runtime/Cache/Admin/7d5bae8f2106a04379ef690681e93072.php 第 68 行.
NOTIC: [8] Undefined variable: opinion /var/www/zhier/App/Runtime/Cache/Admin/7d5bae8f2106a04379ef690681e93072.php 第 70 行.
NOTIC: [8] Undefined variable: opinion /var/www/zhier/App/Runtime/Cache/Admin/7d5bae8f2106a04379ef690681e93072.php 第 71 行.
INFO: Run Behavior\ParseTemplateBehavior [ RunTime:0.002699s ]
INFO: [ view_parse ] --END-- [ RunTime:0.002793s ]
INFO: [ view_filter ] --START--
INFO: Run Behavior\WriteHtmlCacheBehavior [ RunTime:0.000069s ]
INFO: [ view_filter ] --END-- [ RunTime:0.000206s ]
INFO: [ app_end ] --START--
INFO: Run Behavior\ShowPageTraceBehavior [ RunTime:0.000067s ]
INFO: [ app_end ] --END-- [ RunTime:0.000158s ]

[ 2015-08-03T21:42:36+08:00 ] 114.243.166.124 /zhier/index.php/Admin/Admin/index
INFO: [ app_init ] --START--
INFO: Run Behavior\BuildLiteBehavior [ RunTime:0.000025s ]
INFO: [ app_init ] --END-- [ RunTime:0.000168s ]
INFO: [ app_begin ] --START--
INFO: Run Behavior\ReadHtmlCacheBehavior [ RunTime:0.000057s ]
INFO: [ app_begin ] --END-- [ RunTime:0.000152s ]
SQL: SHOW COLUMNS FROM `admin` [ RunTime:0.0006s ]
SQL: SELECT * FROM `admin` WHERE ( username='admin' )  [ RunTime:0.0001s ]
INFO: [ view_parse ] --START--
INFO: [ template_filter ] --START--
INFO: Run Behavior\ContentReplaceBehavior [ RunTime:0.000048s ]
INFO: [ template_filter ] --END-- [ RunTime:0.000141s ]
INFO: Run Behavior\ParseTemplateBehavior [ RunTime:0.018644s ]
INFO: [ view_parse ] --END-- [ RunTime:0.018741s ]
INFO: [ view_filter ] --START--
INFO: Run Behavior\WriteHtmlCacheBehavior [ RunTime:0.000065s ]
INFO: [ view_filter ] --END-- [ RunTime:0.000151s ]
INFO: [ app_end ] --START--
INFO: Run Behavior\ShowPageTraceBehavior [ RunTime:0.000064s ]
INFO: [ app_end ] --END-- [ RunTime:0.000153s ]

[ 2015-08-03T21:42:37+08:00 ] 114.243.166.124 /zhier/index.php/Admin/Product/
INFO: [ app_init ] --START--
INFO: Run Behavior\BuildLiteBehavior [ RunTime:0.000025s ]
INFO: [ app_init ] --END-- [ RunTime:0.000164s ]
INFO: [ app_begin ] --START--
INFO: Run Behavior\ReadHtmlCacheBehavior [ RunTime:0.000061s ]
INFO: [ app_begin ] --END-- [ RunTime:0.000157s ]
SQL: SHOW COLUMNS FROM `fruit_type` [ RunTime:0.0006s ]
SQL: SELECT * FROM `fruit_type`  [ RunTime:0.0001s ]
SQL: SHOW COLUMNS FROM `fruit` [ RunTime:0.0007s ]
SQL: SELECT * FROM `fruit` WHERE ( `type_id`='1' ) ORDER BY `order` DESC  [ RunTime:0.0004s ]
INFO: [ view_parse ] --START--
INFO: [ template_filter ] --START--
INFO: Run Behavior\ContentReplaceBehavior [ RunTime:0.000082s ]
INFO: [ template_filter ] --END-- [ RunTime:0.000182s ]
INFO: Run Behavior\ParseTemplateBehavior [ RunTime:0.033701s ]
INFO: [ view_parse ] --END-- [ RunTime:0.033804s ]
INFO: [ view_filter ] --START--
INFO: Run Behavior\WriteHtmlCacheBehavior [ RunTime:0.000059s ]
INFO: [ view_filter ] --END-- [ RunTime:0.000147s ]
INFO: [ app_end ] --START--
INFO: Run Behavior\ShowPageTraceBehavior [ RunTime:0.000059s ]
INFO: [ app_end ] --END-- [ RunTime:0.000148s ]

[ 2015-08-03T21:42:40+08:00 ] 114.243.166.124 /zhier/index.php/Admin/User
INFO: [ app_init ] --START--
INFO: Run Behavior\BuildLiteBehavior [ RunTime:0.000031s ]
INFO: [ app_init ] --END-- [ RunTime:0.000310s ]
INFO: [ app_begin ] --START--
INFO: Run Behavior\ReadHtmlCacheBehavior [ RunTime:0.000080s ]
INFO: [ app_begin ] --END-- [ RunTime:0.000187s ]
SQL: SHOW COLUMNS FROM `user` [ RunTime:0.0007s ]
SQL: 
SELECT
	u.*, o.office_name,
	a.mobile,
	a.location_detail,
	FROM_UNIXTIME(od.ctime,"%Y-%m-%d") lastbuy,
	COUNT(od.user_id) allbuy
FROM
	`user` u
LEFT JOIN user_address a ON u.user_id = a.user_id
LEFT JOIN location_office o ON a.location = o.office_id
LEFT JOIN `order` od ON u.user_id=od.user_id
GROUP BY u.user_id
		 [ RunTime:0.0450s ]
INFO: [ view_parse ] --START--
INFO: [ template_filter ] --START--
INFO: Run Behavior\ContentReplaceBehavior [ RunTime:0.000071s ]
INFO: [ template_filter ] --END-- [ RunTime:0.000171s ]
NOTIC: [8] Undefined variable: type /var/www/zhier/App/Runtime/Cache/Admin/4295d5db477f3199c8db51638416159f.php 第 28 行.
NOTIC: [8] Undefined variable: data /var/www/zhier/App/Runtime/Cache/Admin/4295d5db477f3199c8db51638416159f.php 第 32 行.
NOTIC: [8] Undefined variable: data /var/www/zhier/App/Runtime/Cache/Admin/4295d5db477f3199c8db51638416159f.php 第 35 行.
NOTIC: [8] Undefined variable: data /var/www/zhier/App/Runtime/Cache/Admin/4295d5db477f3199c8db51638416159f.php 第 32 行.
NOTIC: [8] Undefined variable: data /var/www/zhier/App/Runtime/Cache/Admin/4295d5db477f3199c8db51638416159f.php 第 35 行.
NOTIC: [8] Undefined variable: data /var/www/zhier/App/Runtime/Cache/Admin/4295d5db477f3199c8db51638416159f.php 第 32 行.
NOTIC: [8] Undefined variable: data /var/www/zhier/App/Runtime/Cache/Admin/4295d5db477f3199c8db51638416159f.php 第 35 行.
NOTIC: [8] Undefined variable: data /var/www/zhier/App/Runtime/Cache/Admin/4295d5db477f3199c8db51638416159f.php 第 32 行.
NOTIC: [8] Undefined variable: data /var/www/zhier/App/Runtime/Cache/Admin/4295d5db477f3199c8db51638416159f.php 第 35 行.
NOTIC: [8] Undefined variable: data /var/www/zhier/App/Runtime/Cache/Admin/4295d5db477f3199c8db51638416159f.php 第 32 行.
NOTIC: [8] Undefined variable: data /var/www/zhier/App/Runtime/Cache/Admin/4295d5db477f3199c8db51638416159f.php 第 35 行.
NOTIC: [8] Undefined variable: data /var/www/zhier/App/Runtime/Cache/Admin/4295d5db477f3199c8db51638416159f.php 第 32 行.
NOTIC: [8] Undefined variable: data /var/www/zhier/App/Runtime/Cache/Admin/4295d5db477f3199c8db51638416159f.php 第 35 行.
NOTIC: [8] Undefined variable: data /var/www/zhier/App/Runtime/Cache/Admin/4295d5db477f3199c8db51638416159f.php 第 32 行.
NOTIC: [8] Undefined variable: data /var/www/zhier/App/Runtime/Cache/Admin/4295d5db477f3199c8db51638416159f.php 第 35 行.
NOTIC: [8] Undefined variable: data /var/www/zhier/App/Runtime/Cache/Admin/4295d5db477f3199c8db51638416159f.php 第 32 行.
NOTIC: [8] Undefined variable: data /var/www/zhier/App/Runtime/Cache/Admin/4295d5db477f3199c8db51638416159f.php 第 35 行.
NOTIC: [8] Undefined variable: data /var/www/zhier/App/Runtime/Cache/Admin/4295d5db477f3199c8db51638416159f.php 第 32 行.
NOTIC: [8] Undefined variable: data /var/www/zhier/App/Runtime/Cache/Admin/4295d5db477f3199c8db51638416159f.php 第 35 行.
NOTIC: [8] Undefined variable: data /var/www/zhier/App/Runtime/Cache/Admin/4295d5db477f3199c8db51638416159f.php 第 32 行.
NOTIC: [8] Undefined variable: data /var/www/zhier/App/Runtime/Cache/Admin/4295d5db477f3199c8db51638416159f.php 第 35 行.
NOTIC: [8] Undefined variable: data /var/www/zhier/App/Runtime/Cache/Admin/4295d5db477f3199c8db51638416159f.php 第 32 行.
NOTIC: [8] Undefined variable: data /var/www/zhier/App/Runtime/Cache/Admin/4295d5db477f3199c8db51638416159f.php 第 35 行.
NOTIC: [8] Undefined variable: data /var/www/zhier/App/Runtime/Cache/Admin/4295d5db477f3199c8db51638416159f.php 第 32 行.
NOTIC: [8] Undefined variable: data /var/www/zhier/App/Runtime/Cache/Admin/4295d5db477f3199c8db51638416159f.php 第 35 行.
NOTIC: [8] Undefined variable: data /var/www/zhier/App/Runtime/Cache/Admin/4295d5db477f3199c8db51638416159f.php 第 32 行.
NOTIC: [8] Undefined variable: data /var/www/zhier/App/Runtime/Cache/Admin/4295d5db477f3199c8db51638416159f.php 第 35 行.
NOTIC: [8] Undefined variable: data /var/www/zhier/App/Runtime/Cache/Admin/4295d5db477f3199c8db51638416159f.php 第 32 行.
NOTIC: [8] Undefined variable: data /var/www/zhier/App/Runtime/Cache/Admin/4295d5db477f3199c8db51638416159f.php 第 35 行.
NOTIC: [8] Undefined variable: data /var/www/zhier/App/Runtime/Cache/Admin/4295d5db477f3199c8db51638416159f.php 第 32 行.
NOTIC: [8] Undefined variable: data /var/www/zhier/App/Runtime/Cache/Admin/4295d5db477f3199c8db51638416159f.php 第 35 行.
NOTIC: [8] Undefined variable: data /var/www/zhier/App/Runtime/Cache/Admin/4295d5db477f3199c8db51638416159f.php 第 32 行.
NOTIC: [8] Undefined variable: data /var/www/zhier/App/Runtime/Cache/Admin/4295d5db477f3199c8db51638416159f.php 第 35 行.
NOTIC: [8] Undefined variable: data /var/www/zhier/App/Runtime/Cache/Admin/4295d5db477f3199c8db51638416159f.php 第 32 行.
NOTIC: [8] Undefined variable: data /var/www/zhier/App/Runtime/Cache/Admin/4295d5db477f3199c8db51638416159f.php 第 35 行.
NOTIC: [8] Undefined variable: data /var/www/zhier/App/Runtime/Cache/Admin/4295d5db477f3199c8db51638416159f.php 第 32 行.
NOTIC: [8] Undefined variable: data /var/www/zhier/App/Runtime/Cache/Admin/4295d5db477f3199c8db51638416159f.php 第 35 行.
NOTIC: [8] Undefined variable: data /var/www/zhier/App/Runtime/Cache/Admin/4295d5db477f3199c8db51638416159f.php 第 32 行.
NOTIC: [8] Undefined variable: data /var/www/zhier/App/Runtime/Cache/Admin/4295d5db477f3199c8db51638416159f.php 第 35 行.
NOTIC: [8] Undefined variable: data /var/www/zhier/App/Runtime/Cache/Admin/4295d5db477f3199c8db51638416159f.php 第 32 行.
NOTIC: [8] Undefined variable: data /var/www/zhier/App/Runtime/Cache/Admin/4295d5db477f3199c8db51638416159f.php 第 35 行.
NOTIC: [8] Undefined variable: data /var/www/zhier/App/Runtime/Cache/Admin/4295d5db477f3199c8db51638416159f.php 第 32 行.
NOTIC: [8] Undefined variable: data /var/www/zhier/App/Runtime/Cache/Admin/4295d5db477f3199c8db51638416159f.php 第 35 行.
NOTIC: [8] Undefined variable: data /var/www/zhier/App/Runtime/Cache/Admin/4295d5db477f3199c8db51638416159f.php 第 32 行.
NOTIC: [8] Undefined variable: data /var/www/zhier/App/Runtime/Cache/Admin/4295d5db477f3199c8db51638416159f.php 第 35 行.
NOTIC: [8] Undefined variable: data /var/www/zhier/App/Runtime/Cache/Admin/4295d5db477f3199c8db51638416159f.php 第 32 行.
NOTIC: [8] Undefined variable: data /var/www/zhier/App/Runtime/Cache/Admin/4295d5db477f3199c8db51638416159f.php 第 35 行.
NOTIC: [8] Undefined variable: data /var/www/zhier/App/Runtime/Cache/Admin/4295d5db477f3199c8db51638416159f.php 第 32 行.
NOTIC: [8] Undefined variable: data /var/www/zhier/App/Runtime/Cache/Admin/4295d5db477f3199c8db51638416159f.php 第 35 行.
NOTIC: [8] Undefined variable: data /var/www/zhier/App/Runtime/Cache/Admin/4295d5db477f3199c8db51638416159f.php 第 32 行.
NOTIC: [8] Undefined variable: data /var/www/zhier/App/Runtime/Cache/Admin/4295d5db477f3199c8db51638416159f.php 第 35 行.
NOTIC: [8] Undefined variable: data /var/www/zhier/App/Runtime/Cache/Admin/4295d5db477f3199c8db51638416159f.php 第 32 行.
NOTIC: [8] Undefined variable: data /var/www/zhier/App/Runtime/Cache/Admin/4295d5db477f3199c8db51638416159f.php 第 35 行.
NOTIC: [8] Undefined variable: data /var/www/zhier/App/Runtime/Cache/Admin/4295d5db477f3199c8db51638416159f.php 第 32 行.
NOTIC: [8] Undefined variable: data /var/www/zhier/App/Runtime/Cache/Admin/4295d5db477f3199c8db51638416159f.php 第 35 行.
NOTIC: [8] Undefined variable: data /var/www/zhier/App/Runtime/Cache/Admin/4295d5db477f3199c8db51638416159f.php 第 32 行.
NOTIC: [8] Undefined variable: data /var/www/zhier/App/Runtime/Cache/Admin/4295d5db477f3199c8db51638416159f.php 第 35 行.
NOTIC: [8] Undefined variable: data /var/www/zhier/App/Runtime/Cache/Admin/4295d5db477f3199c8db51638416159f.php 第 32 行.
NOTIC: [8] Undefined variable: data /var/www/zhier/App/Runtime/Cache/Admin/4295d5db477f3199c8db51638416159f.php 第 35 行.
NOTIC: [8] Undefined variable: data /var/www/zhier/App/Runtime/Cache/Admin/4295d5db477f3199c8db51638416159f.php 第 32 行.
NOTIC: [8] Undefined variable: data /var/www/zhier/App/Runtime/Cache/Admin/4295d5db477f3199c8db51638416159f.php 第 35 行.
NOTIC: [8] Undefined variable: data /var/www/zhier/App/Runtime/Cache/Admin/4295d5db477f3199c8db51638416159f.php 第 32 行.
NOTIC: [8] Undefined variable: data /var/www/zhier/App/Runtime/Cache/Admin/4295d5db477f3199c8db51638416159f.php 第 35 行.
NOTIC: [8] Undefined variable: data /var/www/zhier/App/Runtime/Cache/Admin/4295d5db477f3199c8db51638416159f.php 第 32 行.
NOTIC: [8] Undefined variable: data /var/www/zhier/App/Runtime/Cache/Admin/4295d5db477f3199c8db51638416159f.php 第 35 行.
NOTIC: [8] Undefined variable: data /var/www/zhier/App/Runtime/Cache/Admin/4295d5db477f3199c8db51638416159f.php 第 32 行.
NOTIC: [8] Undefined variable: data /var/www/zhier/App/Runtime/Cache/Admin/4295d5db477f3199c8db51638416159f.php 第 35 行.
NOTIC: [8] Undefined variable: data /var/www/zhier/App/Runtime/Cache/Admin/4295d5db477f3199c8db51638416159f.php 第 32 行.
NOTIC: [8] Undefined variable: data /var/www/zhier/App/Runtime/Cache/Admin/4295d5db477f3199c8db51638416159f.php 第 35 行.
NOTIC: [8] Undefined variable: data /var/www/zhier/App/Runtime/Cache/Admin/4295d5db477f3199c8db51638416159f.php 第 32 行.
NOTIC: [8] Undefined variable: data /var/www/zhier/App/Runtime/Cache/Admin/4295d5db477f3199c8db51638416159f.php 第 35 行.
NOTIC: [8] Undefined variable: data /var/www/zhier/App/Runtime/Cache/Admin/4295d5db477f3199c8db51638416159f.php 第 32 行.
NOTIC: [8] Undefined variable: data /var/www/zhier/App/Runtime/Cache/Admin/4295d5db477f3199c8db51638416159f.php 第 35 行.
NOTIC: [8] Undefined variable: data /var/www/zhier/App/Runtime/Cache/Admin/4295d5db477f3199c8db51638416159f.php 第 32 行.
NOTIC: [8] Undefined variable: data /var/www/zhier/App/Runtime/Cache/Admin/4295d5db477f3199c8db51638416159f.php 第 35 行.
NOTIC: [8] Undefined variable: data /var/www/zhier/App/Runtime/Cache/Admin/4295d5db477f3199c8db51638416159f.php 第 32 行.
NOTIC: [8] Undefined variable: data /var/www/zhier/App/Runtime/Cache/Admin/4295d5db477f3199c8db51638416159f.php 第 35 行.
NOTIC: [8] Undefined variable: data /var/www/zhier/App/Runtime/Cache/Admin/4295d5db477f3199c8db51638416159f.php 第 32 行.
NOTIC: [8] Undefined variable: data /var/www/zhier/App/Runtime/Cache/Admin/4295d5db477f3199c8db51638416159f.php 第 35 行.
NOTIC: [8] Undefined variable: data /var/www/zhier/App/Runtime/Cache/Admin/4295d5db477f3199c8db51638416159f.php 第 32 行.
NOTIC: [8] Undefined variable: data /var/www/zhier/App/Runtime/Cache/Admin/4295d5db477f3199c8db51638416159f.php 第 35 行.
NOTIC: [8] Undefined variable: data /var/www/zhier/App/Runtime/Cache/Admin/4295d5db477f3199c8db51638416159f.php 第 32 行.
NOTIC: [8] Undefined variable: data /var/www/zhier/App/Runtime/Cache/Admin/4295d5db477f3199c8db51638416159f.php 第 35 行.
NOTIC: [8] Undefined variable: data /var/www/zhier/App/Runtime/Cache/Admin/4295d5db477f3199c8db51638416159f.php 第 32 行.
NOTIC: [8] Undefined variable: data /var/www/zhier/App/Runtime/Cache/Admin/4295d5db477f3199c8db51638416159f.php 第 35 行.
INFO: Run Behavior\ParseTemplateBehavior [ RunTime:0.023004s ]
INFO: [ view_parse ] --END-- [ RunTime:0.023114s ]
INFO: [ view_filter ] --START--
INFO: Run Behavior\WriteHtmlCacheBehavior [ RunTime:0.000073s ]
INFO: [ view_filter ] --END-- [ RunTime:0.000161s ]
INFO: [ app_end ] --START--
INFO: Run Behavior\ShowPageTraceBehavior [ RunTime:0.000079s ]
INFO: [ app_end ] --END-- [ RunTime:0.000172s ]

[ 2015-08-03T21:43:02+08:00 ] 114.243.166.124 /zhier/index.php/Admin/Index
INFO: [ app_init ] --START--
INFO: Run Behavior\BuildLiteBehavior [ RunTime:0.000025s ]
INFO: [ app_init ] --END-- [ RunTime:0.000172s ]
INFO: [ app_begin ] --START--
INFO: Run Behavior\ReadHtmlCacheBehavior [ RunTime:0.000066s ]
INFO: [ app_begin ] --END-- [ RunTime:0.000162s ]
SQL: SHOW COLUMNS FROM `order` [ RunTime:0.0008s ]
NOTIC: [8] Undefined variable: limit /var/www/zhier/App/Admin/Controller/IndexController.class.php 第 28 行.
SQL: SELECT * FROM `order` WHERE (  `status`='1'  ) ORDER BY order_id DESC  [ RunTime:0.0004s ]
SQL: SHOW COLUMNS FROM `location_office` [ RunTime:0.0004s ]
SQL: SELECT * FROM `location_office`  [ RunTime:0.0001s ]
SQL: SHOW COLUMNS FROM `order_detail` [ RunTime:0.0005s ]
SQL: SELECT count(1) num FROM `order` WHERE ( `user_id`='106' )  [ RunTime:0.0002s ]
SQL: SELECT * FROM `order_detail` WHERE ( `order_id`='12449' )  [ RunTime:0.0001s ]
SQL: SELECT count(1) num FROM `order` WHERE ( `user_id`='109' )  [ RunTime:0.0002s ]
SQL: SELECT * FROM `order_detail` WHERE ( `order_id`='12448' )  [ RunTime:0.0003s ]
SQL: SELECT count(1) num FROM `order` WHERE ( `user_id`='109' )  [ RunTime:0.0001s ]
SQL: SELECT * FROM `order_detail` WHERE ( `order_id`='12447' )  [ RunTime:0.0002s ]
SQL: SELECT count(1) num FROM `order` WHERE ( `user_id`='106' )  [ RunTime:0.0001s ]
SQL: SELECT * FROM `order_detail` WHERE ( `order_id`='12446' )  [ RunTime:0.0001s ]
SQL: SELECT count(1) num FROM `order` WHERE ( `user_id`='109' )  [ RunTime:0.0001s ]
SQL: SELECT * FROM `order_detail` WHERE ( `order_id`='12445' )  [ RunTime:0.0002s ]
SQL: SELECT count(1) num FROM `order` WHERE ( `user_id`='106' )  [ RunTime:0.0001s ]
SQL: SELECT * FROM `order_detail` WHERE ( `order_id`='12444' )  [ RunTime:0.0001s ]
SQL: SELECT count(1) num FROM `order` WHERE ( `user_id`='106' )  [ RunTime:0.0001s ]
SQL: SELECT * FROM `order_detail` WHERE ( `order_id`='12443' )  [ RunTime:0.0001s ]
SQL: SELECT count(1) num FROM `order` WHERE ( `user_id`='106' )  [ RunTime:0.0001s ]
SQL: SELECT * FROM `order_detail` WHERE ( `order_id`='12442' )  [ RunTime:0.0001s ]
SQL: SELECT count(1) num FROM `order` WHERE ( `user_id`='106' )  [ RunTime:0.0001s ]
SQL: SELECT * FROM `order_detail` WHERE ( `order_id`='12441' )  [ RunTime:0.0001s ]
SQL: SELECT count(1) num FROM `order` WHERE ( `user_id`='109' )  [ RunTime:0.0001s ]
SQL: SELECT * FROM `order_detail` WHERE ( `order_id`='12440' )  [ RunTime:0.0002s ]
SQL: SELECT count(1) num FROM `order` WHERE ( `user_id`='106' )  [ RunTime:0.0001s ]
SQL: SELECT * FROM `order_detail` WHERE ( `order_id`='12439' )  [ RunTime:0.0001s ]
SQL: SELECT count(1) num FROM `order` WHERE ( `user_id`='109' )  [ RunTime:0.0001s ]
SQL: SELECT * FROM `order_detail` WHERE ( `order_id`='12438' )  [ RunTime:0.0002s ]
SQL: SELECT count(1) num FROM `order` WHERE ( `user_id`='109' )  [ RunTime:0.0001s ]
SQL: SELECT * FROM `order_detail` WHERE ( `order_id`='12437' )  [ RunTime:0.0002s ]
SQL: SELECT count(1) num FROM `order` WHERE ( `user_id`='109' )  [ RunTime:0.0001s ]
SQL: SELECT * FROM `order_detail` WHERE ( `order_id`='12436' )  [ RunTime:0.0002s ]
SQL: SELECT count(1) num FROM `order` WHERE ( `user_id`='109' )  [ RunTime:0.0001s ]
SQL: SELECT * FROM `order_detail` WHERE ( `order_id`='12435' )  [ RunTime:0.0002s ]
SQL: SELECT count(1) num FROM `order` WHERE ( `user_id`='106' )  [ RunTime:0.0001s ]
SQL: SELECT * FROM `order_detail` WHERE ( `order_id`='12434' )  [ RunTime:0.0001s ]
SQL: SELECT count(1) num FROM `order` WHERE ( `user_id`='123' )  [ RunTime:0.0002s ]
SQL: SELECT * FROM `order_detail` WHERE ( `order_id`='12433' )  [ RunTime:0.0002s ]
SQL: SELECT count(1) num FROM `order` WHERE ( `user_id`='106' )  [ RunTime:0.0001s ]
SQL: SELECT * FROM `order_detail` WHERE ( `order_id`='12432' )  [ RunTime:0.0001s ]
SQL: SELECT count(1) num FROM `order` WHERE ( `user_id`='106' )  [ RunTime:0.0001s ]
SQL: SELECT * FROM `order_detail` WHERE ( `order_id`='12431' )  [ RunTime:0.0001s ]
SQL: SELECT count(1) num FROM `order` WHERE ( `user_id`='115' )  [ RunTime:0.0002s ]
SQL: SELECT * FROM `order_detail` WHERE ( `order_id`='12430' )  [ RunTime:0.0002s ]
SQL: SELECT count(1) num FROM `order` WHERE ( `user_id`='115' )  [ RunTime:0.0001s ]
SQL: SELECT * FROM `order_detail` WHERE ( `order_id`='12429' )  [ RunTime:0.0002s ]
SQL: SELECT count(1) num FROM `order` WHERE ( `user_id`='109' )  [ RunTime:0.0001s ]
SQL: SELECT * FROM `order_detail` WHERE ( `order_id`='12428' )  [ RunTime:0.0002s ]
SQL: SELECT count(1) num FROM `order` WHERE ( `user_id`='109' )  [ RunTime:0.0001s ]
SQL: SELECT * FROM `order_detail` WHERE ( `order_id`='12427' )  [ RunTime:0.0002s ]
SQL: SELECT count(1) num FROM `order` WHERE ( `user_id`='109' )  [ RunTime:0.0001s ]
SQL: SELECT * FROM `order_detail` WHERE ( `order_id`='12426' )  [ RunTime:0.0002s ]
SQL: SELECT count(1) num FROM `order` WHERE ( `user_id`='123' )  [ RunTime:0.0001s ]
SQL: SELECT * FROM `order_detail` WHERE ( `order_id`='12424' )  [ RunTime:0.0002s ]
SQL: SELECT count(1) num FROM `order` WHERE ( `user_id`='109' )  [ RunTime:0.0001s ]
SQL: SELECT * FROM `order_detail` WHERE ( `order_id`='12422' )  [ RunTime:0.0002s ]
SQL: SELECT count(1) num FROM `order` WHERE ( `user_id`='106' )  [ RunTime:0.0001s ]
SQL: SELECT * FROM `order_detail` WHERE ( `order_id`='12421' )  [ RunTime:0.0002s ]
INFO: [ view_parse ] --START--
INFO: [ template_filter ] --START--
INFO: Run Behavior\ContentReplaceBehavior [ RunTime:0.000070s ]
INFO: [ template_filter ] --END-- [ RunTime:0.000166s ]
INFO: Run Behavior\ParseTemplateBehavior [ RunTime:0.010826s ]
INFO: [ view_parse ] --END-- [ RunTime:0.010926s ]
INFO: [ view_filter ] --START--
INFO: Run Behavior\WriteHtmlCacheBehavior [ RunTime:0.000068s ]
INFO: [ view_filter ] --END-- [ RunTime:0.000160s ]
INFO: [ app_end ] --START--
INFO: Run Behavior\ShowPageTraceBehavior [ RunTime:0.000070s ]
INFO: [ app_end ] --END-- [ RunTime:0.000164s ]

[ 2015-08-03T21:43:04+08:00 ] 114.243.166.124 /zhier/index.php/Admin/Index
INFO: [ app_init ] --START--
INFO: Run Behavior\BuildLiteBehavior [ RunTime:0.000025s ]
INFO: [ app_init ] --END-- [ RunTime:0.000183s ]
INFO: [ app_begin ] --START--
INFO: Run Behavior\ReadHtmlCacheBehavior [ RunTime:0.000062s ]
INFO: [ app_begin ] --END-- [ RunTime:0.000157s ]
SQL: SHOW COLUMNS FROM `order` [ RunTime:0.0009s ]
NOTIC: [8] Undefined variable: limit /var/www/zhier/App/Admin/Controller/IndexController.class.php 第 28 行.
SQL: SELECT * FROM `order` WHERE (  `status`='1'  ) ORDER BY order_id DESC  [ RunTime:0.0001s ]
SQL: SHOW COLUMNS FROM `location_office` [ RunTime:0.0004s ]
SQL: SELECT * FROM `location_office`  [ RunTime:0.0001s ]
SQL: SHOW COLUMNS FROM `order_detail` [ RunTime:0.0005s ]
SQL: SELECT count(1) num FROM `order` WHERE ( `user_id`='106' )  [ RunTime:0.0001s ]
SQL: SELECT * FROM `order_detail` WHERE ( `order_id`='12449' )  [ RunTime:0.0001s ]
SQL: SELECT count(1) num FROM `order` WHERE ( `user_id`='109' )  [ RunTime:0.0001s ]
SQL: SELECT * FROM `order_detail` WHERE ( `order_id`='12448' )  [ RunTime:0.0001s ]
SQL: SELECT count(1) num FROM `order` WHERE ( `user_id`='109' )  [ RunTime:0.0001s ]
SQL: SELECT * FROM `order_detail` WHERE ( `order_id`='12447' )  [ RunTime:0.0001s ]
SQL: SELECT count(1) num FROM `order` WHERE ( `user_id`='106' )  [ RunTime:0.0001s ]
SQL: SELECT * FROM `order_detail` WHERE ( `order_id`='12446' )  [ RunTime:0.0001s ]
SQL: SELECT count(1) num FROM `order` WHERE ( `user_id`='109' )  [ RunTime:0.0001s ]
SQL: SELECT * FROM `order_detail` WHERE ( `order_id`='12445' )  [ RunTime:0.0001s ]
SQL: SELECT count(1) num FROM `order` WHERE ( `user_id`='106' )  [ RunTime:0.0001s ]
SQL: SELECT * FROM `order_detail` WHERE ( `order_id`='12444' )  [ RunTime:0.0001s ]
SQL: SELECT count(1) num FROM `order` WHERE ( `user_id`='106' )  [ RunTime:0.0001s ]
SQL: SELECT * FROM `order_detail` WHERE ( `order_id`='12443' )  [ RunTime:0.0001s ]
SQL: SELECT count(1) num FROM `order` WHERE ( `user_id`='106' )  [ RunTime:0.0001s ]
SQL: SELECT * FROM `order_detail` WHERE ( `order_id`='12442' )  [ RunTime:0.0001s ]
SQL: SELECT count(1) num FROM `order` WHERE ( `user_id`='106' )  [ RunTime:0.0001s ]
SQL: SELECT * FROM `order_detail` WHERE ( `order_id`='12441' )  [ RunTime:0.0001s ]
SQL: SELECT count(1) num FROM `order` WHERE ( `user_id`='109' )  [ RunTime:0.0001s ]
SQL: SELECT * FROM `order_detail` WHERE ( `order_id`='12440' )  [ RunTime:0.0001s ]
SQL: SELECT count(1) num FROM `order` WHERE ( `user_id`='106' )  [ RunTime:0.0001s ]
SQL: SELECT * FROM `order_detail` WHERE ( `order_id`='12439' )  [ RunTime:0.0001s ]
SQL: SELECT count(1) num FROM `order` WHERE ( `user_id`='109' )  [ RunTime:0.0001s ]
SQL: SELECT * FROM `order_detail` WHERE ( `order_id`='12438' )  [ RunTime:0.0001s ]
SQL: SELECT count(1) num FROM `order` WHERE ( `user_id`='109' )  [ RunTime:0.0001s ]
SQL: SELECT * FROM `order_detail` WHERE ( `order_id`='12437' )  [ RunTime:0.0001s ]
SQL: SELECT count(1) num FROM `order` WHERE ( `user_id`='109' )  [ RunTime:0.0001s ]
SQL: SELECT * FROM `order_detail` WHERE ( `order_id`='12436' )  [ RunTime:0.0001s ]
SQL: SELECT count(1) num FROM `order` WHERE ( `user_id`='109' )  [ RunTime:0.0001s ]
SQL: SELECT * FROM `order_detail` WHERE ( `order_id`='12435' )  [ RunTime:0.0001s ]
SQL: SELECT count(1) num FROM `order` WHERE ( `user_id`='106' )  [ RunTime:0.0001s ]
SQL: SELECT * FROM `order_detail` WHERE ( `order_id`='12434' )  [ RunTime:0.0001s ]
SQL: SELECT count(1) num FROM `order` WHERE ( `user_id`='123' )  [ RunTime:0.0001s ]
SQL: SELECT * FROM `order_detail` WHERE ( `order_id`='12433' )  [ RunTime:0.0001s ]
SQL: SELECT count(1) num FROM `order` WHERE ( `user_id`='106' )  [ RunTime:0.0001s ]
SQL: SELECT * FROM `order_detail` WHERE ( `order_id`='12432' )  [ RunTime:0.0001s ]
SQL: SELECT count(1) num FROM `order` WHERE ( `user_id`='106' )  [ RunTime:0.0001s ]
SQL: SELECT * FROM `order_detail` WHERE ( `order_id`='12431' )  [ RunTime:0.0001s ]
SQL: SELECT count(1) num FROM `order` WHERE ( `user_id`='115' )  [ RunTime:0.0001s ]
SQL: SELECT * FROM `order_detail` WHERE ( `order_id`='12430' )  [ RunTime:0.0001s ]
SQL: SELECT count(1) num FROM `order` WHERE ( `user_id`='115' )  [ RunTime:0.0001s ]
SQL: SELECT * FROM `order_detail` WHERE ( `order_id`='12429' )  [ RunTime:0.0001s ]
SQL: SELECT count(1) num FROM `order` WHERE ( `user_id`='109' )  [ RunTime:0.0001s ]
SQL: SELECT * FROM `order_detail` WHERE ( `order_id`='12428' )  [ RunTime:0.0001s ]
SQL: SELECT count(1) num FROM `order` WHERE ( `user_id`='109' )  [ RunTime:0.0001s ]
SQL: SELECT * FROM `order_detail` WHERE ( `order_id`='12427' )  [ RunTime:0.0001s ]
SQL: SELECT count(1) num FROM `order` WHERE ( `user_id`='109' )  [ RunTime:0.0001s ]
SQL: SELECT * FROM `order_detail` WHERE ( `order_id`='12426' )  [ RunTime:0.0001s ]
SQL: SELECT count(1) num FROM `order` WHERE ( `user_id`='123' )  [ RunTime:0.0001s ]
SQL: SELECT * FROM `order_detail` WHERE ( `order_id`='12424' )  [ RunTime:0.0001s ]
SQL: SELECT count(1) num FROM `order` WHERE ( `user_id`='109' )  [ RunTime:0.0001s ]
SQL: SELECT * FROM `order_detail` WHERE ( `order_id`='12422' )  [ RunTime:0.0001s ]
SQL: SELECT count(1) num FROM `order` WHERE ( `user_id`='106' )  [ RunTime:0.0001s ]
SQL: SELECT * FROM `order_detail` WHERE ( `order_id`='12421' )  [ RunTime:0.0001s ]
INFO: [ view_parse ] --START--
INFO: [ template_filter ] --START--
INFO: Run Behavior\ContentReplaceBehavior [ RunTime:0.000072s ]
INFO: [ template_filter ] --END-- [ RunTime:0.000168s ]
INFO: Run Behavior\ParseTemplateBehavior [ RunTime:0.010796s ]
INFO: [ view_parse ] --END-- [ RunTime:0.010895s ]
INFO: [ view_filter ] --START--
INFO: Run Behavior\WriteHtmlCacheBehavior [ RunTime:0.000061s ]
INFO: [ view_filter ] --END-- [ RunTime:0.000151s ]
INFO: [ app_end ] --START--
INFO: Run Behavior\ShowPageTraceBehavior [ RunTime:0.000061s ]
INFO: [ app_end ] --END-- [ RunTime:0.000185s ]

[ 2015-08-03T21:43:06+08:00 ] 114.243.166.124 /zhier/index.php/Admin/Recommend
INFO: [ app_init ] --START--
INFO: Run Behavior\BuildLiteBehavior [ RunTime:0.000025s ]
INFO: [ app_init ] --END-- [ RunTime:0.000170s ]
INFO: [ app_begin ] --START--
INFO: Run Behavior\ReadHtmlCacheBehavior [ RunTime:0.000080s ]
INFO: [ app_begin ] --END-- [ RunTime:0.000180s ]
SQL: SELECT f.name fruit_name,o.ctime,o.to_name,o.to_mobile,od.* FROM order_detail od LEFT JOIN `order` o ON o.order_id=od.order_id LEFT JOIN fruit f ON od.fruit_id = f.fruit_id WHERE od.`commend_status`='1' [ RunTime:0.0004s ]
INFO: [ view_parse ] --START--
INFO: [ template_filter ] --START--
INFO: Run Behavior\ContentReplaceBehavior [ RunTime:0.000063s ]
INFO: [ template_filter ] --END-- [ RunTime:0.000160s ]
INFO: Run Behavior\ParseTemplateBehavior [ RunTime:0.007697s ]
INFO: [ view_parse ] --END-- [ RunTime:0.007796s ]
INFO: [ view_filter ] --START--
INFO: Run Behavior\WriteHtmlCacheBehavior [ RunTime:0.000063s ]
INFO: [ view_filter ] --END-- [ RunTime:0.000152s ]
INFO: [ app_end ] --START--
INFO: Run Behavior\ShowPageTraceBehavior [ RunTime:0.000063s ]
INFO: [ app_end ] --END-- [ RunTime:0.000153s ]

[ 2015-08-03T21:43:08+08:00 ] 114.243.166.124 /zhier/index.php/Admin/Opinion
INFO: [ app_init ] --START--
INFO: Run Behavior\BuildLiteBehavior [ RunTime:0.000024s ]
INFO: [ app_init ] --END-- [ RunTime:0.000163s ]
INFO: [ app_begin ] --START--
INFO: Run Behavior\ReadHtmlCacheBehavior [ RunTime:0.000064s ]
INFO: [ app_begin ] --END-- [ RunTime:0.000159s ]
SQL: SHOW COLUMNS FROM `opinion` [ RunTime:0.0007s ]
SQL: SELECT u.name,o.* FROM opinion o LEFT JOIN user u ON o.user_id=u.user_id WHERE o.`status`='' order by `opinion_id` desc [ RunTime:0.0003s ]
INFO: [ view_parse ] --START--
INFO: [ template_filter ] --START--
INFO: Run Behavior\ContentReplaceBehavior [ RunTime:0.000062s ]
INFO: [ template_filter ] --END-- [ RunTime:0.000157s ]
NOTIC: [8] Undefined variable: data /var/www/zhier/App/Runtime/Cache/Admin/96fb37e019936b72e7741650b56e9262.php 第 34 行.
NOTIC: [2] date() expects parameter 2 to be long, string given /var/www/zhier/App/Runtime/Cache/Admin/96fb37e019936b72e7741650b56e9262.php 第 36 行.
NOTIC: [8] Undefined variable: data /var/www/zhier/App/Runtime/Cache/Admin/96fb37e019936b72e7741650b56e9262.php 第 34 行.
NOTIC: [2] date() expects parameter 2 to be long, string given /var/www/zhier/App/Runtime/Cache/Admin/96fb37e019936b72e7741650b56e9262.php 第 36 行.
NOTIC: [8] Undefined variable: data /var/www/zhier/App/Runtime/Cache/Admin/96fb37e019936b72e7741650b56e9262.php 第 34 行.
NOTIC: [2] date() expects parameter 2 to be long, string given /var/www/zhier/App/Runtime/Cache/Admin/96fb37e019936b72e7741650b56e9262.php 第 36 行.
NOTIC: [8] Undefined variable: data /var/www/zhier/App/Runtime/Cache/Admin/96fb37e019936b72e7741650b56e9262.php 第 34 行.
NOTIC: [2] date() expects parameter 2 to be long, string given /var/www/zhier/App/Runtime/Cache/Admin/96fb37e019936b72e7741650b56e9262.php 第 36 行.
NOTIC: [8] Undefined variable: data /var/www/zhier/App/Runtime/Cache/Admin/96fb37e019936b72e7741650b56e9262.php 第 34 行.
NOTIC: [2] date() expects parameter 2 to be long, string given /var/www/zhier/App/Runtime/Cache/Admin/96fb37e019936b72e7741650b56e9262.php 第 36 行.
NOTIC: [8] Undefined variable: data /var/www/zhier/App/Runtime/Cache/Admin/96fb37e019936b72e7741650b56e9262.php 第 34 行.
NOTIC: [2] date() expects parameter 2 to be long, string given /var/www/zhier/App/Runtime/Cache/Admin/96fb37e019936b72e7741650b56e9262.php 第 36 行.
NOTIC: [8] Undefined variable: data /var/www/zhier/App/Runtime/Cache/Admin/96fb37e019936b72e7741650b56e9262.php 第 34 行.
NOTIC: [2] date() expects parameter 2 to be long, string given /var/www/zhier/App/Runtime/Cache/Admin/96fb37e019936b72e7741650b56e9262.php 第 36 行.
NOTIC: [8] Undefined variable: data /var/www/zhier/App/Runtime/Cache/Admin/96fb37e019936b72e7741650b56e9262.php 第 34 行.
NOTIC: [2] date() expects parameter 2 to be long, string given /var/www/zhier/App/Runtime/Cache/Admin/96fb37e019936b72e7741650b56e9262.php 第 36 行.
NOTIC: [8] Undefined variable: data /var/www/zhier/App/Runtime/Cache/Admin/96fb37e019936b72e7741650b56e9262.php 第 34 行.
NOTIC: [2] date() expects parameter 2 to be long, string given /var/www/zhier/App/Runtime/Cache/Admin/96fb37e019936b72e7741650b56e9262.php 第 36 行.
NOTIC: [8] Undefined variable: data /var/www/zhier/App/Runtime/Cache/Admin/96fb37e019936b72e7741650b56e9262.php 第 34 行.
NOTIC: [2] date() expects parameter 2 to be long, string given /var/www/zhier/App/Runtime/Cache/Admin/96fb37e019936b72e7741650b56e9262.php 第 36 行.
NOTIC: [8] Undefined variable: data /var/www/zhier/App/Runtime/Cache/Admin/96fb37e019936b72e7741650b56e9262.php 第 34 行.
NOTIC: [2] date() expects parameter 2 to be long, string given /var/www/zhier/App/Runtime/Cache/Admin/96fb37e019936b72e7741650b56e9262.php 第 36 行.
NOTIC: [8] Undefined variable: data /var/www/zhier/App/Runtime/Cache/Admin/96fb37e019936b72e7741650b56e9262.php 第 34 行.
NOTIC: [2] date() expects parameter 2 to be long, string given /var/www/zhier/App/Runtime/Cache/Admin/96fb37e019936b72e7741650b56e9262.php 第 36 行.
NOTIC: [8] Undefined variable: data /var/www/zhier/App/Runtime/Cache/Admin/96fb37e019936b72e7741650b56e9262.php 第 34 行.
NOTIC: [2] date() expects parameter 2 to be long, string given /var/www/zhier/App/Runtime/Cache/Admin/96fb37e019936b72e7741650b56e9262.php 第 36 行.
NOTIC: [8] Undefined variable: data /var/www/zhier/App/Runtime/Cache/Admin/96fb37e019936b72e7741650b56e9262.php 第 34 行.
NOTIC: [2] date() expects parameter 2 to be long, string given /var/www/zhier/App/Runtime/Cache/Admin/96fb37e019936b72e7741650b56e9262.php 第 36 行.
INFO: Run Behavior\ParseTemplateBehavior [ RunTime:0.017018s ]
INFO: [ view_parse ] --END-- [ RunTime:0.017114s ]
INFO: [ view_filter ] --START--
INFO: Run Behavior\WriteHtmlCacheBehavior [ RunTime:0.000059s ]
INFO: [ view_filter ] --END-- [ RunTime:0.000146s ]
INFO: [ app_end ] --START--
INFO: Run Behavior\ShowPageTraceBehavior [ RunTime:0.000059s ]
INFO: [ app_end ] --END-- [ RunTime:0.000147s ]

[ 2015-08-03T21:43:10+08:00 ] 114.243.166.124 /zhier/index.php/Admin/Product
INFO: [ app_init ] --START--
INFO: Run Behavior\BuildLiteBehavior [ RunTime:0.000025s ]
INFO: [ app_init ] --END-- [ RunTime:0.000173s ]
INFO: [ app_begin ] --START--
INFO: Run Behavior\ReadHtmlCacheBehavior [ RunTime:0.000066s ]
INFO: [ app_begin ] --END-- [ RunTime:0.000161s ]
SQL: SHOW COLUMNS FROM `fruit_type` [ RunTime:0.0006s ]
SQL: SELECT * FROM `fruit_type`  [ RunTime:0.0001s ]
SQL: SHOW COLUMNS FROM `fruit` [ RunTime:0.0008s ]
SQL: SELECT * FROM `fruit` WHERE ( `type_id`='1' ) ORDER BY `order` DESC  [ RunTime:0.0001s ]
INFO: [ view_parse ] --START--
INFO: [ template_filter ] --START--
INFO: Run Behavior\ContentReplaceBehavior [ RunTime:0.000063s ]
INFO: [ template_filter ] --END-- [ RunTime:0.000159s ]
INFO: Run Behavior\ParseTemplateBehavior [ RunTime:0.007125s ]
INFO: [ view_parse ] --END-- [ RunTime:0.007225s ]
INFO: [ view_filter ] --START--
INFO: Run Behavior\WriteHtmlCacheBehavior [ RunTime:0.000063s ]
INFO: [ view_filter ] --END-- [ RunTime:0.000152s ]
INFO: [ app_end ] --START--
INFO: Run Behavior\ShowPageTraceBehavior [ RunTime:0.000062s ]
INFO: [ app_end ] --END-- [ RunTime:0.000150s ]

[ 2015-08-03T21:43:12+08:00 ] 114.243.166.124 /zhier/index.php/Admin/Product/index/type/2
INFO: [ app_init ] --START--
INFO: Run Behavior\BuildLiteBehavior [ RunTime:0.000025s ]
INFO: [ app_init ] --END-- [ RunTime:0.000163s ]
INFO: [ app_begin ] --START--
INFO: Run Behavior\ReadHtmlCacheBehavior [ RunTime:0.000060s ]
INFO: [ app_begin ] --END-- [ RunTime:0.000156s ]
SQL: SHOW COLUMNS FROM `fruit_type` [ RunTime:0.0006s ]
SQL: SELECT * FROM `fruit_type`  [ RunTime:0.0001s ]
SQL: SHOW COLUMNS FROM `fruit` [ RunTime:0.0007s ]
SQL: SELECT * FROM `fruit` WHERE ( `type_id`='2' ) ORDER BY `order` DESC  [ RunTime:0.0004s ]
INFO: [ view_parse ] --START--
INFO: [ template_filter ] --START--
INFO: Run Behavior\ContentReplaceBehavior [ RunTime:0.000065s ]
INFO: [ template_filter ] --END-- [ RunTime:0.000161s ]
INFO: Run Behavior\ParseTemplateBehavior [ RunTime:0.007168s ]
INFO: [ view_parse ] --END-- [ RunTime:0.007269s ]
INFO: [ view_filter ] --START--
INFO: Run Behavior\WriteHtmlCacheBehavior [ RunTime:0.000059s ]
INFO: [ view_filter ] --END-- [ RunTime:0.000148s ]
INFO: [ app_end ] --START--
INFO: Run Behavior\ShowPageTraceBehavior [ RunTime:0.000059s ]
INFO: [ app_end ] --END-- [ RunTime:0.000148s ]

[ 2015-08-03T21:43:26+08:00 ] 114.243.166.124 /zhier/index.php/Admin/Product/index/type/4
INFO: [ app_init ] --START--
INFO: Run Behavior\BuildLiteBehavior [ RunTime:0.000026s ]
INFO: [ app_init ] --END-- [ RunTime:0.000186s ]
INFO: [ app_begin ] --START--
INFO: Run Behavior\ReadHtmlCacheBehavior [ RunTime:0.000065s ]
INFO: [ app_begin ] --END-- [ RunTime:0.000161s ]
SQL: SHOW COLUMNS FROM `fruit_type` [ RunTime:0.0007s ]
SQL: SELECT * FROM `fruit_type`  [ RunTime:0.0001s ]
SQL: SHOW COLUMNS FROM `fruit` [ RunTime:0.0007s ]
SQL: SELECT * FROM `fruit` WHERE ( `type_id`='4' ) ORDER BY `order` DESC  [ RunTime:0.0004s ]
INFO: [ view_parse ] --START--
INFO: [ template_filter ] --START--
INFO: Run Behavior\ContentReplaceBehavior [ RunTime:0.000064s ]
INFO: [ template_filter ] --END-- [ RunTime:0.000161s ]
INFO: Run Behavior\ParseTemplateBehavior [ RunTime:0.007113s ]
INFO: [ view_parse ] --END-- [ RunTime:0.007213s ]
INFO: [ view_filter ] --START--
INFO: Run Behavior\WriteHtmlCacheBehavior [ RunTime:0.000063s ]
INFO: [ view_filter ] --END-- [ RunTime:0.000152s ]
INFO: [ app_end ] --START--
INFO: Run Behavior\ShowPageTraceBehavior [ RunTime:0.000064s ]
INFO: [ app_end ] --END-- [ RunTime:0.000152s ]

[ 2015-08-03T21:58:57+08:00 ] 114.243.166.124 /zhier/index.php/Admin/Admin/
INFO: [ app_init ] --START--
INFO: Run Behavior\BuildLiteBehavior [ RunTime:0.000025s ]
INFO: [ app_init ] --END-- [ RunTime:0.000171s ]
INFO: [ app_begin ] --START--
INFO: Run Behavior\ReadHtmlCacheBehavior [ RunTime:0.000067s ]
INFO: [ app_begin ] --END-- [ RunTime:0.000162s ]
INFO: [ view_parse ] --START--
INFO: [ template_filter ] --START--
INFO: Run Behavior\ContentReplaceBehavior [ RunTime:0.000055s ]
INFO: [ template_filter ] --END-- [ RunTime:0.000147s ]
NOTIC: [8] Undefined variable: opinion /var/www/zhier/App/Runtime/Cache/Admin/7d5bae8f2106a04379ef690681e93072.php 第 67 行.
NOTIC: [8] Undefined variable: opinion /var/www/zhier/App/Runtime/Cache/Admin/7d5bae8f2106a04379ef690681e93072.php 第 68 行.
NOTIC: [8] Undefined variable: opinion /var/www/zhier/App/Runtime/Cache/Admin/7d5bae8f2106a04379ef690681e93072.php 第 70 行.
NOTIC: [8] Undefined variable: opinion /var/www/zhier/App/Runtime/Cache/Admin/7d5bae8f2106a04379ef690681e93072.php 第 71 行.
INFO: Run Behavior\ParseTemplateBehavior [ RunTime:0.002807s ]
INFO: [ view_parse ] --END-- [ RunTime:0.002904s ]
INFO: [ view_filter ] --START--
INFO: Run Behavior\WriteHtmlCacheBehavior [ RunTime:0.000067s ]
INFO: [ view_filter ] --END-- [ RunTime:0.000155s ]
INFO: [ app_end ] --START--
INFO: Run Behavior\ShowPageTraceBehavior [ RunTime:0.000066s ]
INFO: [ app_end ] --END-- [ RunTime:0.000153s ]

[ 2015-08-03T21:59:22+08:00 ] 114.243.166.124 /zhier/index.php/Admin/Admin/
INFO: [ app_init ] --START--
INFO: Run Behavior\BuildLiteBehavior [ RunTime:0.000031s ]
INFO: [ app_init ] --END-- [ RunTime:0.000222s ]
INFO: [ app_begin ] --START--
INFO: Run Behavior\ReadHtmlCacheBehavior [ RunTime:0.000087s ]
INFO: [ app_begin ] --END-- [ RunTime:0.000189s ]
INFO: [ view_parse ] --START--
INFO: [ template_filter ] --START--
INFO: Run Behavior\ContentReplaceBehavior [ RunTime:0.000061s ]
INFO: [ template_filter ] --END-- [ RunTime:0.000166s ]
NOTIC: [8] Undefined variable: opinion /var/www/zhier/App/Runtime/Cache/Admin/7d5bae8f2106a04379ef690681e93072.php 第 67 行.
NOTIC: [8] Undefined variable: opinion /var/www/zhier/App/Runtime/Cache/Admin/7d5bae8f2106a04379ef690681e93072.php 第 68 行.
NOTIC: [8] Undefined variable: opinion /var/www/zhier/App/Runtime/Cache/Admin/7d5bae8f2106a04379ef690681e93072.php 第 70 行.
NOTIC: [8] Undefined variable: opinion /var/www/zhier/App/Runtime/Cache/Admin/7d5bae8f2106a04379ef690681e93072.php 第 71 行.
INFO: Run Behavior\ParseTemplateBehavior [ RunTime:0.003316s ]
INFO: [ view_parse ] --END-- [ RunTime:0.003415s ]
INFO: [ view_filter ] --START--
INFO: Run Behavior\WriteHtmlCacheBehavior [ RunTime:0.000071s ]
INFO: [ view_filter ] --END-- [ RunTime:0.000186s ]
INFO: [ app_end ] --START--
INFO: Run Behavior\ShowPageTraceBehavior [ RunTime:0.000078s ]
INFO: [ app_end ] --END-- [ RunTime:0.000168s ]

[ 2015-08-03T21:59:27+08:00 ] 114.243.166.124 /zhier/index.php/Admin/Admin/index
INFO: [ app_init ] --START--
INFO: Run Behavior\BuildLiteBehavior [ RunTime:0.000026s ]
INFO: [ app_init ] --END-- [ RunTime:0.000175s ]
INFO: [ app_begin ] --START--
INFO: Run Behavior\ReadHtmlCacheBehavior [ RunTime:0.000060s ]
INFO: [ app_begin ] --END-- [ RunTime:0.000166s ]
SQL: SHOW COLUMNS FROM `admin` [ RunTime:0.0007s ]
SQL: SELECT * FROM `admin` WHERE ( username='admin' )  [ RunTime:0.0001s ]
INFO: [ view_parse ] --START--
INFO: [ template_filter ] --START--
INFO: Run Behavior\ContentReplaceBehavior [ RunTime:0.000049s ]
INFO: [ template_filter ] --END-- [ RunTime:0.000149s ]
INFO: Run Behavior\ParseTemplateBehavior [ RunTime:0.002293s ]
INFO: [ view_parse ] --END-- [ RunTime:0.002399s ]
INFO: [ view_filter ] --START--
INFO: Run Behavior\WriteHtmlCacheBehavior [ RunTime:0.000064s ]
INFO: [ view_filter ] --END-- [ RunTime:0.000151s ]
INFO: [ app_end ] --START--
INFO: Run Behavior\ShowPageTraceBehavior [ RunTime:0.000063s ]
INFO: [ app_end ] --END-- [ RunTime:0.000152s ]

[ 2015-08-03T21:59:28+08:00 ] 114.243.166.124 /zhier/index.php/Admin/Product/
INFO: [ app_init ] --START--
INFO: Run Behavior\BuildLiteBehavior [ RunTime:0.000023s ]
INFO: [ app_init ] --END-- [ RunTime:0.000161s ]
INFO: [ app_begin ] --START--
INFO: Run Behavior\ReadHtmlCacheBehavior [ RunTime:0.000061s ]
INFO: [ app_begin ] --END-- [ RunTime:0.000155s ]
SQL: SHOW COLUMNS FROM `fruit_type` [ RunTime:0.0043s ]
SQL: SELECT * FROM `fruit_type`  [ RunTime:0.0001s ]
SQL: SHOW COLUMNS FROM `fruit` [ RunTime:0.0008s ]
SQL: SELECT * FROM `fruit` WHERE ( `type_id`='1' ) ORDER BY `order` DESC  [ RunTime:0.0001s ]
INFO: [ view_parse ] --START--
INFO: [ template_filter ] --START--
INFO: Run Behavior\ContentReplaceBehavior [ RunTime:0.000064s ]
INFO: [ template_filter ] --END-- [ RunTime:0.000167s ]
INFO: Run Behavior\ParseTemplateBehavior [ RunTime:0.007693s ]
INFO: [ view_parse ] --END-- [ RunTime:0.007793s ]
INFO: [ view_filter ] --START--
INFO: Run Behavior\WriteHtmlCacheBehavior [ RunTime:0.000060s ]
INFO: [ view_filter ] --END-- [ RunTime:0.000148s ]
INFO: [ app_end ] --START--
INFO: Run Behavior\ShowPageTraceBehavior [ RunTime:0.000059s ]
INFO: [ app_end ] --END-- [ RunTime:0.000146s ]

[ 2015-08-03T21:59:31+08:00 ] 114.243.166.124 /zhier/index.php/Admin/Product/edit/id/2
INFO: [ app_init ] --START--
INFO: Run Behavior\BuildLiteBehavior [ RunTime:0.000025s ]
INFO: [ app_init ] --END-- [ RunTime:0.000170s ]
INFO: [ app_begin ] --START--
INFO: Run Behavior\ReadHtmlCacheBehavior [ RunTime:0.000067s ]
INFO: [ app_begin ] --END-- [ RunTime:0.000162s ]
SQL: SHOW COLUMNS FROM `fruit` [ RunTime:0.0010s ]
SQL: SELECT * FROM `fruit` WHERE ( `fruit_id`='2' )  [ RunTime:0.0003s ]
SQL: SHOW COLUMNS FROM `fruit_addinfo` [ RunTime:0.0005s ]
SQL: SELECT * FROM `fruit_addinfo` WHERE ( `fruit_id`='2' AND `display_order`!=0 ) ORDER BY display_order desc  [ RunTime:0.0001s ]
SQL: SHOW COLUMNS FROM `fruit_type` [ RunTime:0.0004s ]
SQL: SELECT * FROM `fruit_type`  [ RunTime:0.0001s ]
INFO: [ view_parse ] --START--
INFO: [ template_filter ] --START--
INFO: Run Behavior\ContentReplaceBehavior [ RunTime:0.000074s ]
INFO: [ template_filter ] --END-- [ RunTime:0.000170s ]
NOTIC: [8] Undefined variable: data /var/www/zhier/App/Runtime/Cache/Admin/35a64d8c950f0d1e68f44a796e979d7d.php 第 68 行.
INFO: Run Behavior\ParseTemplateBehavior [ RunTime:0.022175s ]
INFO: [ view_parse ] --END-- [ RunTime:0.022273s ]
INFO: [ view_filter ] --START--
INFO: Run Behavior\WriteHtmlCacheBehavior [ RunTime:0.000065s ]
INFO: [ view_filter ] --END-- [ RunTime:0.000153s ]
INFO: [ app_end ] --START--
INFO: Run Behavior\ShowPageTraceBehavior [ RunTime:0.000068s ]
INFO: [ app_end ] --END-- [ RunTime:0.000158s ]

[ 2015-08-03T22:03:48+08:00 ] 114.243.166.124 /zhier/index.php/Admin/Product/edit/id/2
INFO: [ app_init ] --START--
INFO: Run Behavior\BuildLiteBehavior [ RunTime:0.000025s ]
INFO: [ app_init ] --END-- [ RunTime:0.000171s ]
INFO: [ app_begin ] --START--
INFO: Run Behavior\ReadHtmlCacheBehavior [ RunTime:0.000067s ]
INFO: [ app_begin ] --END-- [ RunTime:0.000164s ]
SQL: SHOW COLUMNS FROM `fruit` [ RunTime:0.0010s ]
SQL: SELECT * FROM `fruit` WHERE ( `fruit_id`='2' )  [ RunTime:0.0001s ]
SQL: SHOW COLUMNS FROM `fruit_addinfo` [ RunTime:0.0004s ]
SQL: SELECT * FROM `fruit_addinfo` WHERE ( `fruit_id`='2' AND `display_order`!=0 ) ORDER BY display_order desc  [ RunTime:0.0001s ]
SQL: SHOW COLUMNS FROM `fruit_type` [ RunTime:0.0004s ]
SQL: SELECT * FROM `fruit_type`  [ RunTime:0.0001s ]
INFO: [ view_parse ] --START--
INFO: [ template_filter ] --START--
INFO: Run Behavior\ContentReplaceBehavior [ RunTime:0.000090s ]
INFO: [ template_filter ] --END-- [ RunTime:0.000227s ]
NOTIC: [8] Undefined variable: data /var/www/zhier/App/Runtime/Cache/Admin/35a64d8c950f0d1e68f44a796e979d7d.php 第 68 行.
NOTIC: [8] Undefined index: img_b /var/www/zhier/App/Runtime/Cache/Admin/35a64d8c950f0d1e68f44a796e979d7d.php 第 112 行.
INFO: Run Behavior\ParseTemplateBehavior [ RunTime:0.007656s ]
INFO: [ view_parse ] --END-- [ RunTime:0.007751s ]
INFO: [ view_filter ] --START--
INFO: Run Behavior\WriteHtmlCacheBehavior [ RunTime:0.000066s ]
INFO: [ view_filter ] --END-- [ RunTime:0.000153s ]
INFO: [ app_end ] --START--
INFO: Run Behavior\ShowPageTraceBehavior [ RunTime:0.000066s ]
INFO: [ app_end ] --END-- [ RunTime:0.000155s ]

[ 2015-08-03T22:04:45+08:00 ] 114.243.166.124 /zhier/index.php/Admin/Product/edit/id/2
INFO: [ app_init ] --START--
INFO: Run Behavior\BuildLiteBehavior [ RunTime:0.000025s ]
INFO: [ app_init ] --END-- [ RunTime:0.000173s ]
INFO: [ app_begin ] --START--
INFO: Run Behavior\ReadHtmlCacheBehavior [ RunTime:0.000081s ]
INFO: [ app_begin ] --END-- [ RunTime:0.000181s ]
SQL: SHOW COLUMNS FROM `fruit` [ RunTime:0.0010s ]
SQL: SELECT * FROM `fruit` WHERE ( `fruit_id`='2' )  [ RunTime:0.0001s ]
SQL: SHOW COLUMNS FROM `fruit_addinfo` [ RunTime:0.0004s ]
SQL: SELECT * FROM `fruit_addinfo` WHERE ( `fruit_id`='2' AND `display_order`!=0 ) ORDER BY display_order desc  [ RunTime:0.0001s ]
SQL: SHOW COLUMNS FROM `fruit_type` [ RunTime:0.0004s ]
SQL: SELECT * FROM `fruit_type`  [ RunTime:0.0001s ]
INFO: [ view_parse ] --START--
INFO: [ template_filter ] --START--
INFO: Run Behavior\ContentReplaceBehavior [ RunTime:0.000076s ]
INFO: [ template_filter ] --END-- [ RunTime:0.000172s ]
NOTIC: [8] Undefined variable: data /var/www/zhier/App/Runtime/Cache/Admin/35a64d8c950f0d1e68f44a796e979d7d.php 第 68 行.
NOTIC: [8] Undefined index: img_b /var/www/zhier/App/Runtime/Cache/Admin/35a64d8c950f0d1e68f44a796e979d7d.php 第 112 行.
INFO: Run Behavior\ParseTemplateBehavior [ RunTime:0.007951s ]
INFO: [ view_parse ] --END-- [ RunTime:0.008049s ]
INFO: [ view_filter ] --START--
INFO: Run Behavior\WriteHtmlCacheBehavior [ RunTime:0.000068s ]
INFO: [ view_filter ] --END-- [ RunTime:0.000155s ]
INFO: [ app_end ] --START--
INFO: Run Behavior\ShowPageTraceBehavior [ RunTime:0.000066s ]
INFO: [ app_end ] --END-- [ RunTime:0.000170s ]

[ 2015-08-03T22:08:14+08:00 ] 114.243.166.124 /zhier/index.php/Admin/Product/edit/id/2
INFO: [ app_init ] --START--
INFO: Run Behavior\BuildLiteBehavior [ RunTime:0.000032s ]
INFO: [ app_init ] --END-- [ RunTime:0.000220s ]
INFO: [ app_begin ] --START--
INFO: Run Behavior\ReadHtmlCacheBehavior [ RunTime:0.000079s ]
INFO: [ app_begin ] --END-- [ RunTime:0.000188s ]
SQL: SHOW COLUMNS FROM `fruit` [ RunTime:0.0010s ]
SQL: SELECT * FROM `fruit` WHERE ( `fruit_id`='2' )  [ RunTime:0.0001s ]
SQL: SHOW COLUMNS FROM `fruit_addinfo` [ RunTime:0.0004s ]
SQL: SELECT * FROM `fruit_addinfo` WHERE ( `fruit_id`='2' AND `display_order`!=0 ) ORDER BY display_order desc  [ RunTime:0.0001s ]
SQL: SHOW COLUMNS FROM `fruit_type` [ RunTime:0.0004s ]
SQL: SELECT * FROM `fruit_type`  [ RunTime:0.0001s ]
INFO: [ view_parse ] --START--
INFO: [ template_filter ] --START--
INFO: Run Behavior\ContentReplaceBehavior [ RunTime:0.000081s ]
INFO: [ template_filter ] --END-- [ RunTime:0.000182s ]
NOTIC: [8] Undefined variable: data /var/www/zhier/App/Runtime/Cache/Admin/35a64d8c950f0d1e68f44a796e979d7d.php 第 68 行.
NOTIC: [8] Undefined index: img_b /var/www/zhier/App/Runtime/Cache/Admin/35a64d8c950f0d1e68f44a796e979d7d.php 第 112 行.
INFO: Run Behavior\ParseTemplateBehavior [ RunTime:0.008522s ]
INFO: [ view_parse ] --END-- [ RunTime:0.008622s ]
INFO: [ view_filter ] --START--
INFO: Run Behavior\WriteHtmlCacheBehavior [ RunTime:0.000072s ]
INFO: [ view_filter ] --END-- [ RunTime:0.000159s ]
INFO: [ app_end ] --START--
INFO: Run Behavior\ShowPageTraceBehavior [ RunTime:0.000077s ]
INFO: [ app_end ] --END-- [ RunTime:0.000167s ]

[ 2015-08-03T22:08:49+08:00 ] 114.243.166.124 /zhier/index.php/Admin/Product/edit/id/2
INFO: [ app_init ] --START--
INFO: Run Behavior\BuildLiteBehavior [ RunTime:0.000032s ]
INFO: [ app_init ] --END-- [ RunTime:0.000222s ]
INFO: [ app_begin ] --START--
INFO: Run Behavior\ReadHtmlCacheBehavior [ RunTime:0.000082s ]
INFO: [ app_begin ] --END-- [ RunTime:0.000185s ]
SQL: SHOW COLUMNS FROM `fruit` [ RunTime:0.0010s ]
SQL: SELECT * FROM `fruit` WHERE ( `fruit_id`='2' )  [ RunTime:0.0001s ]
SQL: SHOW COLUMNS FROM `fruit_addinfo` [ RunTime:0.0004s ]
SQL: SELECT * FROM `fruit_addinfo` WHERE ( `fruit_id`='2' AND `display_order`!=0 ) ORDER BY display_order desc  [ RunTime:0.0001s ]
SQL: SHOW COLUMNS FROM `fruit_type` [ RunTime:0.0004s ]
SQL: SELECT * FROM `fruit_type`  [ RunTime:0.0001s ]
INFO: [ view_parse ] --START--
INFO: [ template_filter ] --START--
INFO: Run Behavior\ContentReplaceBehavior [ RunTime:0.000079s ]
INFO: [ template_filter ] --END-- [ RunTime:0.000180s ]
NOTIC: [8] Undefined variable: data /var/www/zhier/App/Runtime/Cache/Admin/35a64d8c950f0d1e68f44a796e979d7d.php 第 68 行.
INFO: Run Behavior\ParseTemplateBehavior [ RunTime:0.008250s ]
INFO: [ view_parse ] --END-- [ RunTime:0.008398s ]
INFO: [ view_filter ] --START--
INFO: Run Behavior\WriteHtmlCacheBehavior [ RunTime:0.000072s ]
INFO: [ view_filter ] --END-- [ RunTime:0.000159s ]
INFO: [ app_end ] --START--
INFO: Run Behavior\ShowPageTraceBehavior [ RunTime:0.000076s ]
INFO: [ app_end ] --END-- [ RunTime:0.000167s ]

[ 2015-08-03T22:17:39+08:00 ] 114.243.166.124 /zhier/index.php/Admin/Product/edit/id/2
INFO: [ app_init ] --START--
INFO: Run Behavior\BuildLiteBehavior [ RunTime:0.000025s ]
INFO: [ app_init ] --END-- [ RunTime:0.000173s ]
INFO: [ app_begin ] --START--
INFO: Run Behavior\ReadHtmlCacheBehavior [ RunTime:0.000068s ]
INFO: [ app_begin ] --END-- [ RunTime:0.000165s ]
SQL: SHOW COLUMNS FROM `fruit` [ RunTime:0.0009s ]
SQL: SELECT * FROM `fruit` WHERE ( `fruit_id`='2' )  [ RunTime:0.0001s ]
SQL: SHOW COLUMNS FROM `fruit_addinfo` [ RunTime:0.0005s ]
SQL: SELECT * FROM `fruit_addinfo` WHERE ( `fruit_id`='2' AND `display_order`!=0 ) ORDER BY display_order desc  [ RunTime:0.0001s ]
SQL: SHOW COLUMNS FROM `fruit_type` [ RunTime:0.0004s ]
SQL: SELECT * FROM `fruit_type`  [ RunTime:0.0001s ]
INFO: [ view_parse ] --START--
INFO: [ template_filter ] --START--
INFO: Run Behavior\ContentReplaceBehavior [ RunTime:0.000075s ]
INFO: [ template_filter ] --END-- [ RunTime:0.000185s ]
NOTIC: [8] Undefined variable: data /var/www/zhier/App/Runtime/Cache/Admin/35a64d8c950f0d1e68f44a796e979d7d.php 第 68 行.
NOTIC: [8] Undefined variable: data /var/www/zhier/App/Runtime/Cache/Admin/35a64d8c950f0d1e68f44a796e979d7d.php 第 110 行.
NOTIC: [8] Undefined variable: data /var/www/zhier/App/Runtime/Cache/Admin/35a64d8c950f0d1e68f44a796e979d7d.php 第 114 行.
INFO: Run Behavior\ParseTemplateBehavior [ RunTime:0.008143s ]
INFO: [ view_parse ] --END-- [ RunTime:0.008240s ]
INFO: [ view_filter ] --START--
INFO: Run Behavior\WriteHtmlCacheBehavior [ RunTime:0.000067s ]
INFO: [ view_filter ] --END-- [ RunTime:0.000155s ]
INFO: [ app_end ] --START--
INFO: Run Behavior\ShowPageTraceBehavior [ RunTime:0.000067s ]
INFO: [ app_end ] --END-- [ RunTime:0.000156s ]

[ 2015-08-03T22:18:05+08:00 ] 114.243.166.124 /zhier/index.php/Admin/Product/edit/id/2
INFO: [ app_init ] --START--
INFO: Run Behavior\BuildLiteBehavior [ RunTime:0.000025s ]
INFO: [ app_init ] --END-- [ RunTime:0.000172s ]
INFO: [ app_begin ] --START--
INFO: Run Behavior\ReadHtmlCacheBehavior [ RunTime:0.000066s ]
INFO: [ app_begin ] --END-- [ RunTime:0.000162s ]
SQL: SHOW COLUMNS FROM `fruit` [ RunTime:0.0009s ]
SQL: SELECT * FROM `fruit` WHERE ( `fruit_id`='2' )  [ RunTime:0.0001s ]
SQL: SHOW COLUMNS FROM `fruit_addinfo` [ RunTime:0.0004s ]
SQL: SELECT * FROM `fruit_addinfo` WHERE ( `fruit_id`='2' AND `display_order`!=0 ) ORDER BY display_order desc  [ RunTime:0.0001s ]
SQL: SHOW COLUMNS FROM `fruit_type` [ RunTime:0.0004s ]
SQL: SELECT * FROM `fruit_type`  [ RunTime:0.0001s ]
INFO: [ view_parse ] --START--
INFO: [ template_filter ] --START--
INFO: Run Behavior\ContentReplaceBehavior [ RunTime:0.000074s ]
INFO: [ template_filter ] --END-- [ RunTime:0.000171s ]
NOTIC: [8] Undefined variable: data /var/www/zhier/App/Runtime/Cache/Admin/35a64d8c950f0d1e68f44a796e979d7d.php 第 68 行.
INFO: Run Behavior\ParseTemplateBehavior [ RunTime:0.007785s ]
INFO: [ view_parse ] --END-- [ RunTime:0.007881s ]
INFO: [ view_filter ] --START--
INFO: Run Behavior\WriteHtmlCacheBehavior [ RunTime:0.000066s ]
INFO: [ view_filter ] --END-- [ RunTime:0.000153s ]
INFO: [ app_end ] --START--
INFO: Run Behavior\ShowPageTraceBehavior [ RunTime:0.000065s ]
INFO: [ app_end ] --END-- [ RunTime:0.000155s ]

[ 2015-08-03T22:19:03+08:00 ] 114.243.166.124 /zhier/index.php/Admin/Product/edit/id/2
INFO: [ app_init ] --START--
INFO: Run Behavior\BuildLiteBehavior [ RunTime:0.000025s ]
INFO: [ app_init ] --END-- [ RunTime:0.000174s ]
INFO: [ app_begin ] --START--
INFO: Run Behavior\ReadHtmlCacheBehavior [ RunTime:0.000067s ]
INFO: [ app_begin ] --END-- [ RunTime:0.000163s ]
SQL: SHOW COLUMNS FROM `fruit` [ RunTime:0.0010s ]
SQL: SELECT * FROM `fruit` WHERE ( `fruit_id`='2' )  [ RunTime:0.0001s ]
SQL: SHOW COLUMNS FROM `fruit_addinfo` [ RunTime:0.0004s ]
SQL: SELECT * FROM `fruit_addinfo` WHERE ( `fruit_id`='2' AND `display_order`!=0 ) ORDER BY display_order desc  [ RunTime:0.0001s ]
SQL: SHOW COLUMNS FROM `fruit_type` [ RunTime:0.0004s ]
SQL: SELECT * FROM `fruit_type`  [ RunTime:0.0001s ]
INFO: [ view_parse ] --START--
INFO: [ template_filter ] --START--
INFO: Run Behavior\ContentReplaceBehavior [ RunTime:0.000074s ]
INFO: [ template_filter ] --END-- [ RunTime:0.000171s ]

[ 2015-08-03T22:19:36+08:00 ] 114.243.166.124 /zhier/index.php/Admin/Product/edit/id/2
INFO: [ app_init ] --START--
INFO: Run Behavior\BuildLiteBehavior [ RunTime:0.000025s ]
INFO: [ app_init ] --END-- [ RunTime:0.000173s ]
INFO: [ app_begin ] --START--
INFO: Run Behavior\ReadHtmlCacheBehavior [ RunTime:0.000067s ]
INFO: [ app_begin ] --END-- [ RunTime:0.000164s ]
SQL: SHOW COLUMNS FROM `fruit` [ RunTime:0.0010s ]
SQL: SELECT * FROM `fruit` WHERE ( `fruit_id`='2' )  [ RunTime:0.0001s ]
SQL: SHOW COLUMNS FROM `fruit_addinfo` [ RunTime:0.0004s ]
SQL: SELECT * FROM `fruit_addinfo` WHERE ( `fruit_id`='2' AND `display_order`!=0 ) ORDER BY display_order desc  [ RunTime:0.0001s ]
SQL: SHOW COLUMNS FROM `fruit_type` [ RunTime:0.0004s ]
SQL: SELECT * FROM `fruit_type`  [ RunTime:0.0001s ]
INFO: [ view_parse ] --START--
INFO: [ template_filter ] --START--
INFO: Run Behavior\ContentReplaceBehavior [ RunTime:0.000075s ]
INFO: [ template_filter ] --END-- [ RunTime:0.000171s ]
NOTIC: [8] Undefined variable: data /var/www/zhier/App/Runtime/Cache/Admin/35a64d8c950f0d1e68f44a796e979d7d.php 第 68 行.
INFO: Run Behavior\ParseTemplateBehavior [ RunTime:0.007635s ]
INFO: [ view_parse ] --END-- [ RunTime:0.007737s ]
INFO: [ view_filter ] --START--
INFO: Run Behavior\WriteHtmlCacheBehavior [ RunTime:0.000066s ]
INFO: [ view_filter ] --END-- [ RunTime:0.000154s ]
INFO: [ app_end ] --START--
INFO: Run Behavior\ShowPageTraceBehavior [ RunTime:0.000065s ]
INFO: [ app_end ] --END-- [ RunTime:0.000203s ]

[ 2015-08-03T22:19:57+08:00 ] 114.243.166.124 /zhier/index.php/Admin/Product/edit/id/2
INFO: [ app_init ] --START--
INFO: Run Behavior\BuildLiteBehavior [ RunTime:0.000025s ]
INFO: [ app_init ] --END-- [ RunTime:0.000171s ]
INFO: [ app_begin ] --START--
INFO: Run Behavior\ReadHtmlCacheBehavior [ RunTime:0.000079s ]
INFO: [ app_begin ] --END-- [ RunTime:0.000175s ]
SQL: SHOW COLUMNS FROM `fruit` [ RunTime:0.0009s ]
SQL: SELECT * FROM `fruit` WHERE ( `fruit_id`='2' )  [ RunTime:0.0001s ]
SQL: SHOW COLUMNS FROM `fruit_addinfo` [ RunTime:0.0004s ]
SQL: SELECT * FROM `fruit_addinfo` WHERE ( `fruit_id`='2' AND `display_order`!=0 ) ORDER BY display_order desc  [ RunTime:0.0001s ]
SQL: SHOW COLUMNS FROM `fruit_type` [ RunTime:0.0004s ]
SQL: SELECT * FROM `fruit_type`  [ RunTime:0.0001s ]
INFO: [ view_parse ] --START--
INFO: [ template_filter ] --START--
INFO: Run Behavior\ContentReplaceBehavior [ RunTime:0.000076s ]
INFO: [ template_filter ] --END-- [ RunTime:0.000171s ]
NOTIC: [8] Undefined variable: data /var/www/zhier/App/Runtime/Cache/Admin/35a64d8c950f0d1e68f44a796e979d7d.php 第 68 行.
INFO: Run Behavior\ParseTemplateBehavior [ RunTime:0.007664s ]
INFO: [ view_parse ] --END-- [ RunTime:0.007759s ]
INFO: [ view_filter ] --START--
INFO: Run Behavior\WriteHtmlCacheBehavior [ RunTime:0.000066s ]
INFO: [ view_filter ] --END-- [ RunTime:0.000155s ]
INFO: [ app_end ] --START--
INFO: Run Behavior\ShowPageTraceBehavior [ RunTime:0.000067s ]
INFO: [ app_end ] --END-- [ RunTime:0.000172s ]

[ 2015-08-03T22:20:54+08:00 ] 114.243.166.124 /zhier/index.php/Admin/Product/edit/id/2
INFO: [ app_init ] --START--
INFO: Run Behavior\BuildLiteBehavior [ RunTime:0.000031s ]
INFO: [ app_init ] --END-- [ RunTime:0.000220s ]
INFO: [ app_begin ] --START--
INFO: Run Behavior\ReadHtmlCacheBehavior [ RunTime:0.000083s ]
INFO: [ app_begin ] --END-- [ RunTime:0.000186s ]
SQL: SHOW COLUMNS FROM `fruit` [ RunTime:0.0009s ]
SQL: SELECT * FROM `fruit` WHERE ( `fruit_id`='2' )  [ RunTime:0.0001s ]
SQL: SHOW COLUMNS FROM `fruit_addinfo` [ RunTime:0.0004s ]
SQL: SELECT * FROM `fruit_addinfo` WHERE ( `fruit_id`='2' AND `display_order`!=0 ) ORDER BY display_order desc  [ RunTime:0.0001s ]
SQL: SHOW COLUMNS FROM `fruit_type` [ RunTime:0.0004s ]
SQL: SELECT * FROM `fruit_type`  [ RunTime:0.0001s ]
INFO: [ view_parse ] --START--
INFO: [ template_filter ] --START--
INFO: Run Behavior\ContentReplaceBehavior [ RunTime:0.000083s ]
INFO: [ template_filter ] --END-- [ RunTime:0.000211s ]
NOTIC: [8] Undefined variable: data /var/www/zhier/App/Runtime/Cache/Admin/35a64d8c950f0d1e68f44a796e979d7d.php 第 68 行.
INFO: Run Behavior\ParseTemplateBehavior [ RunTime:0.008388s ]
INFO: [ view_parse ] --END-- [ RunTime:0.008489s ]
INFO: [ view_filter ] --START--
INFO: Run Behavior\WriteHtmlCacheBehavior [ RunTime:0.000071s ]
INFO: [ view_filter ] --END-- [ RunTime:0.000162s ]
INFO: [ app_end ] --START--
INFO: Run Behavior\ShowPageTraceBehavior [ RunTime:0.000076s ]
INFO: [ app_end ] --END-- [ RunTime:0.000166s ]

[ 2015-08-03T22:23:16+08:00 ] 114.243.166.124 /zhier/index.php/Admin/Product/edit/id/2
INFO: [ app_init ] --START--
INFO: Run Behavior\BuildLiteBehavior [ RunTime:0.000046s ]
INFO: [ app_init ] --END-- [ RunTime:0.000237s ]
INFO: [ app_begin ] --START--
INFO: Run Behavior\ReadHtmlCacheBehavior [ RunTime:0.000084s ]
INFO: [ app_begin ] --END-- [ RunTime:0.000187s ]
SQL: SHOW COLUMNS FROM `fruit` [ RunTime:0.0010s ]
SQL: SELECT * FROM `fruit` WHERE ( `fruit_id`='2' )  [ RunTime:0.0001s ]
SQL: SHOW COLUMNS FROM `fruit_addinfo` [ RunTime:0.0004s ]
SQL: SELECT * FROM `fruit_addinfo` WHERE ( `fruit_id`='2' AND `display_order`!=0 ) ORDER BY display_order desc  [ RunTime:0.0001s ]
SQL: SHOW COLUMNS FROM `fruit_type` [ RunTime:0.0004s ]
SQL: SELECT * FROM `fruit_type`  [ RunTime:0.0001s ]
INFO: [ view_parse ] --START--
INFO: [ template_filter ] --START--
INFO: Run Behavior\ContentReplaceBehavior [ RunTime:0.000080s ]
INFO: [ template_filter ] --END-- [ RunTime:0.000182s ]
NOTIC: [8] Undefined variable: data /var/www/zhier/App/Runtime/Cache/Admin/35a64d8c950f0d1e68f44a796e979d7d.php 第 68 行.
INFO: Run Behavior\ParseTemplateBehavior [ RunTime:0.008444s ]
INFO: [ view_parse ] --END-- [ RunTime:0.008544s ]
INFO: [ view_filter ] --START--
INFO: Run Behavior\WriteHtmlCacheBehavior [ RunTime:0.000071s ]
INFO: [ view_filter ] --END-- [ RunTime:0.000159s ]
INFO: [ app_end ] --START--
INFO: Run Behavior\ShowPageTraceBehavior [ RunTime:0.000077s ]
INFO: [ app_end ] --END-- [ RunTime:0.000168s ]

