[ 2015-05-05T11:46:01+08:00 ] 111.196.74.200 /fruit/index.php/Admin/Index/index/filter/4?from=message&isappinstalled=0
INFO: [ app_init ] --START--
INFO: Run Behavior\BuildLiteBehavior [ RunTime:0.000021s ]
INFO: [ app_init ] --END-- [ RunTime:0.000277s ]
INFO: [ app_begin ] --START--
INFO: Run Behavior\ReadHtmlCacheBehavior [ RunTime:0.000329s ]
INFO: [ app_begin ] --END-- [ RunTime:0.000372s ]
SQL: SHOW COLUMNS FROM `order` [ RunTime:0.0007s ]
SQL: SELECT * FROM `order` WHERE (  `status`='4'  ) ORDER BY order_id DESC LIMIT 10   [ RunTime:0.0004s ]
SQL: SHOW COLUMNS FROM `order_detail` [ RunTime:0.0007s ]
NOTIC: [8] Undefined index: 010_hd_rkzxzy /opt/lampp/htdocs/fruit/App/Admin/Controller/IndexController.class.php 第 29 行.
SQL: SELECT count(1) num FROM `order` WHERE ( `user_id`='42' )  [ RunTime:0.0002s ]
SQL: SELECT * FROM `order_detail` WHERE ( `order_id`='12315' )  [ RunTime:0.0002s ]
NOTIC: [8] Undefined index: 010_hd_rkzxzy /opt/lampp/htdocs/fruit/App/Admin/Controller/IndexController.class.php 第 29 行.
SQL: SELECT count(1) num FROM `order` WHERE ( `user_id`='42' )  [ RunTime:0.0002s ]
SQL: SELECT * FROM `order_detail` WHERE ( `order_id`='12314' )  [ RunTime:0.0002s ]
NOTIC: [8] Undefined index: 010_hd_rkzxzy /opt/lampp/htdocs/fruit/App/Admin/Controller/IndexController.class.php 第 29 行.
SQL: SELECT count(1) num FROM `order` WHERE ( `user_id`='82' )  [ RunTime:0.0002s ]
SQL: SELECT * FROM `order_detail` WHERE ( `order_id`='12313' )  [ RunTime:0.0002s ]
NOTIC: [8] Undefined index: 010_hd_rkzxzy /opt/lampp/htdocs/fruit/App/Admin/Controller/IndexController.class.php 第 29 行.
SQL: SELECT count(1) num FROM `order` WHERE ( `user_id`='31' )  [ RunTime:0.0002s ]
SQL: SELECT * FROM `order_detail` WHERE ( `order_id`='12312' )  [ RunTime:0.0002s ]
NOTIC: [8] Undefined index: 010_hd_rkzxzy /opt/lampp/htdocs/fruit/App/Admin/Controller/IndexController.class.php 第 29 行.
SQL: SELECT count(1) num FROM `order` WHERE ( `user_id`='31' )  [ RunTime:0.0002s ]
SQL: SELECT * FROM `order_detail` WHERE ( `order_id`='12311' )  [ RunTime:0.0002s ]
NOTIC: [8] Undefined index: 010_hd_rkzxzy /opt/lampp/htdocs/fruit/App/Admin/Controller/IndexController.class.php 第 29 行.
SQL: SELECT count(1) num FROM `order` WHERE ( `user_id`='31' )  [ RunTime:0.0002s ]
SQL: SELECT * FROM `order_detail` WHERE ( `order_id`='12310' )  [ RunTime:0.0002s ]
NOTIC: [8] Undefined index: 010_hd_rkzxzy /opt/lampp/htdocs/fruit/App/Admin/Controller/IndexController.class.php 第 29 行.
SQL: SELECT count(1) num FROM `order` WHERE ( `user_id`='31' )  [ RunTime:0.0002s ]
SQL: SELECT * FROM `order_detail` WHERE ( `order_id`='12309' )  [ RunTime:0.0002s ]
NOTIC: [8] Undefined index: 010_hd_rkzxzy /opt/lampp/htdocs/fruit/App/Admin/Controller/IndexController.class.php 第 29 行.
SQL: SELECT count(1) num FROM `order` WHERE ( `user_id`='31' )  [ RunTime:0.0002s ]
SQL: SELECT * FROM `order_detail` WHERE ( `order_id`='12308' )  [ RunTime:0.0002s ]
NOTIC: [8] Undefined index: 010_hd_rkzxzy /opt/lampp/htdocs/fruit/App/Admin/Controller/IndexController.class.php 第 29 行.
SQL: SELECT count(1) num FROM `order` WHERE ( `user_id`='31' )  [ RunTime:0.0002s ]
SQL: SELECT * FROM `order_detail` WHERE ( `order_id`='12307' )  [ RunTime:0.0002s ]
NOTIC: [8] Undefined index: 010_hd_rkzxzy /opt/lampp/htdocs/fruit/App/Admin/Controller/IndexController.class.php 第 29 行.
SQL: SELECT count(1) num FROM `order` WHERE ( `user_id`='31' )  [ RunTime:0.0002s ]
SQL: SELECT * FROM `order_detail` WHERE ( `order_id`='12306' )  [ RunTime:0.0002s ]
INFO: [ view_parse ] --START--
INFO: [ template_filter ] --START--
INFO: Run Behavior\ContentReplaceBehavior [ RunTime:0.000049s ]
INFO: [ template_filter ] --END-- [ RunTime:0.000113s ]
INFO: Run Behavior\ParseTemplateBehavior [ RunTime:0.007963s ]
INFO: [ view_parse ] --END-- [ RunTime:0.008011s ]
INFO: [ view_filter ] --START--
INFO: Run Behavior\WriteHtmlCacheBehavior [ RunTime:0.000142s ]
INFO: [ view_filter ] --END-- [ RunTime:0.000179s ]
INFO: [ app_end ] --START--
INFO: Run Behavior\ShowPageTraceBehavior [ RunTime:0.000399s ]
INFO: [ app_end ] --END-- [ RunTime:0.000451s ]

[ 2015-05-05T11:46:06+08:00 ] 111.196.74.200 /fruit/index.php/Admin/Index/index/filter/1
INFO: [ app_init ] --START--
INFO: Run Behavior\BuildLiteBehavior [ RunTime:0.000015s ]
INFO: [ app_init ] --END-- [ RunTime:0.000260s ]
INFO: [ app_begin ] --START--
INFO: Run Behavior\ReadHtmlCacheBehavior [ RunTime:0.000374s ]
INFO: [ app_begin ] --END-- [ RunTime:0.000417s ]
SQL: SHOW COLUMNS FROM `order` [ RunTime:0.0008s ]
NOTIC: [8] Undefined variable: limit /opt/lampp/htdocs/fruit/App/Admin/Controller/IndexController.class.php 第 20 行.
SQL: SELECT * FROM `order` WHERE (  `status`='1'  ) ORDER BY order_id DESC  [ RunTime:0.0004s ]
SQL: SHOW COLUMNS FROM `order_detail` [ RunTime:0.0005s ]
NOTIC: [8] Undefined index: 010_hd_rkzxzy /opt/lampp/htdocs/fruit/App/Admin/Controller/IndexController.class.php 第 29 行.
SQL: SELECT count(1) num FROM `order` WHERE ( `user_id`='31' )  [ RunTime:0.0002s ]
SQL: SELECT * FROM `order_detail` WHERE ( `order_id`='12319' )  [ RunTime:0.0002s ]
NOTIC: [8] Undefined index: 010_hd_rkzxzy /opt/lampp/htdocs/fruit/App/Admin/Controller/IndexController.class.php 第 29 行.
SQL: SELECT count(1) num FROM `order` WHERE ( `user_id`='31' )  [ RunTime:0.0002s ]
SQL: SELECT * FROM `order_detail` WHERE ( `order_id`='12318' )  [ RunTime:0.0002s ]
NOTIC: [8] Undefined index: 010_hd_rkzxzy /opt/lampp/htdocs/fruit/App/Admin/Controller/IndexController.class.php 第 29 行.
SQL: SELECT count(1) num FROM `order` WHERE ( `user_id`='31' )  [ RunTime:0.0002s ]
SQL: SELECT * FROM `order_detail` WHERE ( `order_id`='12317' )  [ RunTime:0.0002s ]
NOTIC: [8] Undefined index: 010_hd_zgd /opt/lampp/htdocs/fruit/App/Admin/Controller/IndexController.class.php 第 29 行.
SQL: SELECT count(1) num FROM `order` WHERE ( `user_id`='43' )  [ RunTime:0.0002s ]
SQL: SELECT * FROM `order_detail` WHERE ( `order_id`='12316' )  [ RunTime:0.0002s ]
INFO: [ view_parse ] --START--
INFO: [ template_filter ] --START--
INFO: Run Behavior\ContentReplaceBehavior [ RunTime:0.000041s ]
INFO: [ template_filter ] --END-- [ RunTime:0.000083s ]
INFO: Run Behavior\ParseTemplateBehavior [ RunTime:0.007267s ]
INFO: [ view_parse ] --END-- [ RunTime:0.007309s ]
INFO: [ view_filter ] --START--
INFO: Run Behavior\WriteHtmlCacheBehavior [ RunTime:0.000109s ]
INFO: [ view_filter ] --END-- [ RunTime:0.000143s ]
INFO: [ app_end ] --START--
INFO: Run Behavior\ShowPageTraceBehavior [ RunTime:0.000336s ]
INFO: [ app_end ] --END-- [ RunTime:0.000375s ]

[ 2015-05-05T11:46:34+08:00 ] 111.196.74.200 /fruit/index.php/Admin/Index/changestatus/orderid/12316/tostatus/4
INFO: [ app_init ] --START--
INFO: Run Behavior\BuildLiteBehavior [ RunTime:0.000020s ]
INFO: [ app_init ] --END-- [ RunTime:0.000296s ]
INFO: [ app_begin ] --START--
INFO: Run Behavior\ReadHtmlCacheBehavior [ RunTime:0.000337s ]
INFO: [ app_begin ] --END-- [ RunTime:0.000376s ]
SQL: SHOW COLUMNS FROM `order` [ RunTime:0.0007s ]
SQL: UPDATE `order` SET `status`='4' WHERE `order_id` = 12316 [ RunTime:0.0053s ]

[ 2015-05-05T11:46:38+08:00 ] 111.196.74.200 /fruit/index.php/Admin/Index/changestatus/orderid/12317/tostatus/4
INFO: [ app_init ] --START--
INFO: Run Behavior\BuildLiteBehavior [ RunTime:0.000018s ]
INFO: [ app_init ] --END-- [ RunTime:0.000276s ]
INFO: [ app_begin ] --START--
INFO: Run Behavior\ReadHtmlCacheBehavior [ RunTime:0.000373s ]
INFO: [ app_begin ] --END-- [ RunTime:0.000413s ]
SQL: SHOW COLUMNS FROM `order` [ RunTime:0.0008s ]
SQL: UPDATE `order` SET `status`='4' WHERE `order_id` = 12317 [ RunTime:0.0055s ]

[ 2015-05-05T11:46:41+08:00 ] 111.196.74.200 /fruit/index.php/Admin/Index/changestatus/orderid/12318/tostatus/4
INFO: [ app_init ] --START--
INFO: Run Behavior\BuildLiteBehavior [ RunTime:0.000016s ]
INFO: [ app_init ] --END-- [ RunTime:0.000272s ]
INFO: [ app_begin ] --START--
INFO: Run Behavior\ReadHtmlCacheBehavior [ RunTime:0.000333s ]
INFO: [ app_begin ] --END-- [ RunTime:0.000372s ]
SQL: SHOW COLUMNS FROM `order` [ RunTime:0.0008s ]
SQL: UPDATE `order` SET `status`='4' WHERE `order_id` = 12318 [ RunTime:0.0052s ]

[ 2015-05-05T11:46:45+08:00 ] 111.196.74.200 /fruit/index.php/Admin/Index/changestatus/orderid/12319/tostatus/4
INFO: [ app_init ] --START--
INFO: Run Behavior\BuildLiteBehavior [ RunTime:0.000014s ]
INFO: [ app_init ] --END-- [ RunTime:0.000262s ]
INFO: [ app_begin ] --START--
INFO: Run Behavior\ReadHtmlCacheBehavior [ RunTime:0.000329s ]
INFO: [ app_begin ] --END-- [ RunTime:0.000368s ]
SQL: SHOW COLUMNS FROM `order` [ RunTime:0.0008s ]
SQL: UPDATE `order` SET `status`='4' WHERE `order_id` = 12319 [ RunTime:0.0056s ]

[ 2015-05-05T11:46:46+08:00 ] 111.196.74.200 /fruit/index.php/Admin/Index/index/filter/2
INFO: [ app_init ] --START--
INFO: Run Behavior\BuildLiteBehavior [ RunTime:0.000015s ]
INFO: [ app_init ] --END-- [ RunTime:0.000284s ]
INFO: [ app_begin ] --START--
INFO: Run Behavior\ReadHtmlCacheBehavior [ RunTime:0.000331s ]
INFO: [ app_begin ] --END-- [ RunTime:0.000374s ]
SQL: SHOW COLUMNS FROM `order` [ RunTime:0.0011s ]
NOTIC: [8] Undefined variable: limit /opt/lampp/htdocs/fruit/App/Admin/Controller/IndexController.class.php 第 20 行.
SQL: SELECT * FROM `order` WHERE (  `status`='2'  ) ORDER BY order_id DESC  [ RunTime:0.0004s ]
SQL: SHOW COLUMNS FROM `order_detail` [ RunTime:0.0006s ]
INFO: [ view_parse ] --START--
INFO: [ template_filter ] --START--
INFO: Run Behavior\ContentReplaceBehavior [ RunTime:0.000044s ]
INFO: [ template_filter ] --END-- [ RunTime:0.000089s ]
INFO: Run Behavior\ParseTemplateBehavior [ RunTime:0.007551s ]
INFO: [ view_parse ] --END-- [ RunTime:0.007596s ]
INFO: [ view_filter ] --START--
INFO: Run Behavior\WriteHtmlCacheBehavior [ RunTime:0.000121s ]
INFO: [ view_filter ] --END-- [ RunTime:0.000156s ]
INFO: [ app_end ] --START--
INFO: Run Behavior\ShowPageTraceBehavior [ RunTime:0.000406s ]
INFO: [ app_end ] --END-- [ RunTime:0.000445s ]

[ 2015-05-05T11:46:51+08:00 ] 111.196.74.200 /fruit/index.php/Admin/Index/index/filter/4?from=message&isappinstalled=0
INFO: [ app_init ] --START--
INFO: Run Behavior\BuildLiteBehavior [ RunTime:0.000017s ]
INFO: [ app_init ] --END-- [ RunTime:0.000270s ]
INFO: [ app_begin ] --START--
INFO: Run Behavior\ReadHtmlCacheBehavior [ RunTime:0.000350s ]
INFO: [ app_begin ] --END-- [ RunTime:0.000392s ]
SQL: SHOW COLUMNS FROM `order` [ RunTime:0.0008s ]
SQL: SELECT * FROM `order` WHERE (  `status`='4'  ) ORDER BY order_id DESC LIMIT 10   [ RunTime:0.0003s ]
SQL: SHOW COLUMNS FROM `order_detail` [ RunTime:0.0007s ]
NOTIC: [8] Undefined index: 010_hd_rkzxzy /opt/lampp/htdocs/fruit/App/Admin/Controller/IndexController.class.php 第 29 行.
SQL: SELECT count(1) num FROM `order` WHERE ( `user_id`='31' )  [ RunTime:0.0002s ]
SQL: SELECT * FROM `order_detail` WHERE ( `order_id`='12319' )  [ RunTime:0.0002s ]
NOTIC: [8] Undefined index: 010_hd_rkzxzy /opt/lampp/htdocs/fruit/App/Admin/Controller/IndexController.class.php 第 29 行.
SQL: SELECT count(1) num FROM `order` WHERE ( `user_id`='31' )  [ RunTime:0.0002s ]
SQL: SELECT * FROM `order_detail` WHERE ( `order_id`='12318' )  [ RunTime:0.0002s ]
NOTIC: [8] Undefined index: 010_hd_rkzxzy /opt/lampp/htdocs/fruit/App/Admin/Controller/IndexController.class.php 第 29 行.
SQL: SELECT count(1) num FROM `order` WHERE ( `user_id`='31' )  [ RunTime:0.0002s ]
SQL: SELECT * FROM `order_detail` WHERE ( `order_id`='12317' )  [ RunTime:0.0002s ]
NOTIC: [8] Undefined index: 010_hd_zgd /opt/lampp/htdocs/fruit/App/Admin/Controller/IndexController.class.php 第 29 行.
SQL: SELECT count(1) num FROM `order` WHERE ( `user_id`='43' )  [ RunTime:0.0002s ]
SQL: SELECT * FROM `order_detail` WHERE ( `order_id`='12316' )  [ RunTime:0.0002s ]
NOTIC: [8] Undefined index: 010_hd_rkzxzy /opt/lampp/htdocs/fruit/App/Admin/Controller/IndexController.class.php 第 29 行.
SQL: SELECT count(1) num FROM `order` WHERE ( `user_id`='42' )  [ RunTime:0.0002s ]
SQL: SELECT * FROM `order_detail` WHERE ( `order_id`='12315' )  [ RunTime:0.0002s ]
NOTIC: [8] Undefined index: 010_hd_rkzxzy /opt/lampp/htdocs/fruit/App/Admin/Controller/IndexController.class.php 第 29 行.
SQL: SELECT count(1) num FROM `order` WHERE ( `user_id`='42' )  [ RunTime:0.0002s ]
SQL: SELECT * FROM `order_detail` WHERE ( `order_id`='12314' )  [ RunTime:0.0002s ]
NOTIC: [8] Undefined index: 010_hd_rkzxzy /opt/lampp/htdocs/fruit/App/Admin/Controller/IndexController.class.php 第 29 行.
SQL: SELECT count(1) num FROM `order` WHERE ( `user_id`='82' )  [ RunTime:0.0002s ]
SQL: SELECT * FROM `order_detail` WHERE ( `order_id`='12313' )  [ RunTime:0.0002s ]
NOTIC: [8] Undefined index: 010_hd_rkzxzy /opt/lampp/htdocs/fruit/App/Admin/Controller/IndexController.class.php 第 29 行.
SQL: SELECT count(1) num FROM `order` WHERE ( `user_id`='31' )  [ RunTime:0.0002s ]
SQL: SELECT * FROM `order_detail` WHERE ( `order_id`='12312' )  [ RunTime:0.0002s ]
NOTIC: [8] Undefined index: 010_hd_rkzxzy /opt/lampp/htdocs/fruit/App/Admin/Controller/IndexController.class.php 第 29 行.
SQL: SELECT count(1) num FROM `order` WHERE ( `user_id`='31' )  [ RunTime:0.0002s ]
SQL: SELECT * FROM `order_detail` WHERE ( `order_id`='12311' )  [ RunTime:0.0002s ]
NOTIC: [8] Undefined index: 010_hd_rkzxzy /opt/lampp/htdocs/fruit/App/Admin/Controller/IndexController.class.php 第 29 行.
SQL: SELECT count(1) num FROM `order` WHERE ( `user_id`='31' )  [ RunTime:0.0002s ]
SQL: SELECT * FROM `order_detail` WHERE ( `order_id`='12310' )  [ RunTime:0.0002s ]
INFO: [ view_parse ] --START--
INFO: [ template_filter ] --START--
INFO: Run Behavior\ContentReplaceBehavior [ RunTime:0.000045s ]
INFO: [ template_filter ] --END-- [ RunTime:0.000088s ]
INFO: Run Behavior\ParseTemplateBehavior [ RunTime:0.007687s ]
INFO: [ view_parse ] --END-- [ RunTime:0.007732s ]
INFO: [ view_filter ] --START--
INFO: Run Behavior\WriteHtmlCacheBehavior [ RunTime:0.000117s ]
INFO: [ view_filter ] --END-- [ RunTime:0.000152s ]
INFO: [ app_end ] --START--
INFO: Run Behavior\ShowPageTraceBehavior [ RunTime:0.000454s ]
INFO: [ app_end ] --END-- [ RunTime:0.000499s ]

[ 2015-05-05T11:46:53+08:00 ] 111.196.74.200 /fruit/index.php/Admin/Index/index/filter/1
INFO: [ app_init ] --START--
INFO: Run Behavior\BuildLiteBehavior [ RunTime:0.000014s ]
INFO: [ app_init ] --END-- [ RunTime:0.000260s ]
INFO: [ app_begin ] --START--
INFO: Run Behavior\ReadHtmlCacheBehavior [ RunTime:0.000333s ]
INFO: [ app_begin ] --END-- [ RunTime:0.000374s ]
SQL: SHOW COLUMNS FROM `order` [ RunTime:0.0008s ]
NOTIC: [8] Undefined variable: limit /opt/lampp/htdocs/fruit/App/Admin/Controller/IndexController.class.php 第 20 行.
SQL: SELECT * FROM `order` WHERE (  `status`='1'  ) ORDER BY order_id DESC  [ RunTime:0.0004s ]
SQL: SHOW COLUMNS FROM `order_detail` [ RunTime:0.0005s ]
INFO: [ view_parse ] --START--
INFO: [ template_filter ] --START--
INFO: Run Behavior\ContentReplaceBehavior [ RunTime:0.000041s ]
INFO: [ template_filter ] --END-- [ RunTime:0.000083s ]
INFO: Run Behavior\ParseTemplateBehavior [ RunTime:0.007116s ]
INFO: [ view_parse ] --END-- [ RunTime:0.007158s ]
INFO: [ view_filter ] --START--
INFO: Run Behavior\WriteHtmlCacheBehavior [ RunTime:0.000111s ]
INFO: [ view_filter ] --END-- [ RunTime:0.000147s ]
INFO: [ app_end ] --START--
INFO: Run Behavior\ShowPageTraceBehavior [ RunTime:0.000335s ]
INFO: [ app_end ] --END-- [ RunTime:0.000371s ]

[ 2015-05-05T11:46:55+08:00 ] 111.196.74.200 /fruit/index.php/Admin/Index/index/filter/2
INFO: [ app_init ] --START--
INFO: Run Behavior\BuildLiteBehavior [ RunTime:0.000014s ]
INFO: [ app_init ] --END-- [ RunTime:0.000263s ]
INFO: [ app_begin ] --START--
INFO: Run Behavior\ReadHtmlCacheBehavior [ RunTime:0.000332s ]
INFO: [ app_begin ] --END-- [ RunTime:0.000373s ]
SQL: SHOW COLUMNS FROM `order` [ RunTime:0.0008s ]
NOTIC: [8] Undefined variable: limit /opt/lampp/htdocs/fruit/App/Admin/Controller/IndexController.class.php 第 20 行.
SQL: SELECT * FROM `order` WHERE (  `status`='2'  ) ORDER BY order_id DESC  [ RunTime:0.0004s ]
SQL: SHOW COLUMNS FROM `order_detail` [ RunTime:0.0005s ]
INFO: [ view_parse ] --START--
INFO: [ template_filter ] --START--
INFO: Run Behavior\ContentReplaceBehavior [ RunTime:0.000051s ]
INFO: [ template_filter ] --END-- [ RunTime:0.000121s ]
INFO: Run Behavior\ParseTemplateBehavior [ RunTime:0.007499s ]
INFO: [ view_parse ] --END-- [ RunTime:0.007552s ]
INFO: [ view_filter ] --START--
INFO: Run Behavior\WriteHtmlCacheBehavior [ RunTime:0.000142s ]
INFO: [ view_filter ] --END-- [ RunTime:0.000180s ]
INFO: [ app_end ] --START--
INFO: Run Behavior\ShowPageTraceBehavior [ RunTime:0.000380s ]
INFO: [ app_end ] --END-- [ RunTime:0.000417s ]

[ 2015-05-05T11:46:55+08:00 ] 112.65.193.16 /fruit/index.php/Admin/Index/index/filter/2
INFO: [ app_init ] --START--
INFO: Run Behavior\BuildLiteBehavior [ RunTime:0.000016s ]
INFO: [ app_init ] --END-- [ RunTime:0.000326s ]
INFO: [ app_begin ] --START--
INFO: Run Behavior\ReadHtmlCacheBehavior [ RunTime:0.000566s ]
INFO: [ app_begin ] --END-- [ RunTime:0.000620s ]
SQL: SHOW COLUMNS FROM `order` [ RunTime:0.0008s ]
NOTIC: [8] Undefined variable: limit /opt/lampp/htdocs/fruit/App/Admin/Controller/IndexController.class.php 第 20 行.
SQL: SELECT * FROM `order` WHERE (  `status`='2'  ) ORDER BY order_id DESC  [ RunTime:0.0004s ]
SQL: SHOW COLUMNS FROM `order_detail` [ RunTime:0.0005s ]
INFO: [ view_parse ] --START--
INFO: [ template_filter ] --START--
INFO: Run Behavior\ContentReplaceBehavior [ RunTime:0.000044s ]
INFO: [ template_filter ] --END-- [ RunTime:0.000091s ]
INFO: Run Behavior\ParseTemplateBehavior [ RunTime:0.007389s ]
INFO: [ view_parse ] --END-- [ RunTime:0.007433s ]
INFO: [ view_filter ] --START--
INFO: Run Behavior\WriteHtmlCacheBehavior [ RunTime:0.000115s ]
INFO: [ view_filter ] --END-- [ RunTime:0.000151s ]
INFO: [ app_end ] --START--
INFO: Run Behavior\ShowPageTraceBehavior [ RunTime:0.000356s ]
INFO: [ app_end ] --END-- [ RunTime:0.000394s ]

[ 2015-05-05T11:46:56+08:00 ] 111.196.74.200 /fruit/index.php/Admin/Index/index/filter/3
INFO: [ app_init ] --START--
INFO: Run Behavior\BuildLiteBehavior [ RunTime:0.000014s ]
INFO: [ app_init ] --END-- [ RunTime:0.000259s ]
INFO: [ app_begin ] --START--
INFO: Run Behavior\ReadHtmlCacheBehavior [ RunTime:0.000328s ]
INFO: [ app_begin ] --END-- [ RunTime:0.000369s ]
SQL: SHOW COLUMNS FROM `order` [ RunTime:0.0008s ]
NOTIC: [8] Undefined variable: limit /opt/lampp/htdocs/fruit/App/Admin/Controller/IndexController.class.php 第 20 行.
SQL: SELECT * FROM `order` WHERE (  `status`='3'  ) ORDER BY order_id DESC  [ RunTime:0.0004s ]
SQL: SHOW COLUMNS FROM `order_detail` [ RunTime:0.0005s ]
INFO: [ view_parse ] --START--
INFO: [ template_filter ] --START--
INFO: Run Behavior\ContentReplaceBehavior [ RunTime:0.000051s ]
INFO: [ template_filter ] --END-- [ RunTime:0.000122s ]
INFO: Run Behavior\ParseTemplateBehavior [ RunTime:0.007539s ]
INFO: [ view_parse ] --END-- [ RunTime:0.007583s ]
INFO: [ view_filter ] --START--
INFO: Run Behavior\WriteHtmlCacheBehavior [ RunTime:0.000137s ]
INFO: [ view_filter ] --END-- [ RunTime:0.000174s ]
INFO: [ app_end ] --START--
INFO: Run Behavior\ShowPageTraceBehavior [ RunTime:0.000377s ]
INFO: [ app_end ] --END-- [ RunTime:0.000415s ]

[ 2015-05-05T12:00:09+08:00 ] 111.196.74.200 /fruit/index.php/Admin/Index/index/filter/4?from=message&isappinstalled=0
INFO: [ app_init ] --START--
INFO: Run Behavior\BuildLiteBehavior [ RunTime:0.000014s ]
INFO: [ app_init ] --END-- [ RunTime:0.000267s ]
INFO: [ app_begin ] --START--
INFO: Run Behavior\ReadHtmlCacheBehavior [ RunTime:0.000327s ]
INFO: [ app_begin ] --END-- [ RunTime:0.000405s ]
SQL: SHOW COLUMNS FROM `order` [ RunTime:0.0007s ]
SQL: SELECT * FROM `order` WHERE (  `status`='4'  ) ORDER BY order_id DESC LIMIT 10   [ RunTime:0.0003s ]
SQL: SHOW COLUMNS FROM `order_detail` [ RunTime:0.0005s ]
NOTIC: [8] Undefined index: 010_hd_rkzxzy /opt/lampp/htdocs/fruit/App/Admin/Controller/IndexController.class.php 第 29 行.
SQL: SELECT count(1) num FROM `order` WHERE ( `user_id`='31' )  [ RunTime:0.0002s ]
SQL: SELECT * FROM `order_detail` WHERE ( `order_id`='12319' )  [ RunTime:0.0002s ]
NOTIC: [8] Undefined index: 010_hd_rkzxzy /opt/lampp/htdocs/fruit/App/Admin/Controller/IndexController.class.php 第 29 行.
SQL: SELECT count(1) num FROM `order` WHERE ( `user_id`='31' )  [ RunTime:0.0002s ]
SQL: SELECT * FROM `order_detail` WHERE ( `order_id`='12318' )  [ RunTime:0.0003s ]
NOTIC: [8] Undefined index: 010_hd_rkzxzy /opt/lampp/htdocs/fruit/App/Admin/Controller/IndexController.class.php 第 29 行.
SQL: SELECT count(1) num FROM `order` WHERE ( `user_id`='31' )  [ RunTime:0.0002s ]
SQL: SELECT * FROM `order_detail` WHERE ( `order_id`='12317' )  [ RunTime:0.0002s ]
NOTIC: [8] Undefined index: 010_hd_zgd /opt/lampp/htdocs/fruit/App/Admin/Controller/IndexController.class.php 第 29 行.
SQL: SELECT count(1) num FROM `order` WHERE ( `user_id`='43' )  [ RunTime:0.0002s ]
SQL: SELECT * FROM `order_detail` WHERE ( `order_id`='12316' )  [ RunTime:0.0002s ]
NOTIC: [8] Undefined index: 010_hd_rkzxzy /opt/lampp/htdocs/fruit/App/Admin/Controller/IndexController.class.php 第 29 行.
SQL: SELECT count(1) num FROM `order` WHERE ( `user_id`='42' )  [ RunTime:0.0002s ]
SQL: SELECT * FROM `order_detail` WHERE ( `order_id`='12315' )  [ RunTime:0.0002s ]
NOTIC: [8] Undefined index: 010_hd_rkzxzy /opt/lampp/htdocs/fruit/App/Admin/Controller/IndexController.class.php 第 29 行.
SQL: SELECT count(1) num FROM `order` WHERE ( `user_id`='42' )  [ RunTime:0.0002s ]
SQL: SELECT * FROM `order_detail` WHERE ( `order_id`='12314' )  [ RunTime:0.0002s ]
NOTIC: [8] Undefined index: 010_hd_rkzxzy /opt/lampp/htdocs/fruit/App/Admin/Controller/IndexController.class.php 第 29 行.
SQL: SELECT count(1) num FROM `order` WHERE ( `user_id`='82' )  [ RunTime:0.0002s ]
SQL: SELECT * FROM `order_detail` WHERE ( `order_id`='12313' )  [ RunTime:0.0002s ]
NOTIC: [8] Undefined index: 010_hd_rkzxzy /opt/lampp/htdocs/fruit/App/Admin/Controller/IndexController.class.php 第 29 行.
SQL: SELECT count(1) num FROM `order` WHERE ( `user_id`='31' )  [ RunTime:0.0002s ]
SQL: SELECT * FROM `order_detail` WHERE ( `order_id`='12312' )  [ RunTime:0.0002s ]
NOTIC: [8] Undefined index: 010_hd_rkzxzy /opt/lampp/htdocs/fruit/App/Admin/Controller/IndexController.class.php 第 29 行.
SQL: SELECT count(1) num FROM `order` WHERE ( `user_id`='31' )  [ RunTime:0.0002s ]
SQL: SELECT * FROM `order_detail` WHERE ( `order_id`='12311' )  [ RunTime:0.0002s ]
NOTIC: [8] Undefined index: 010_hd_rkzxzy /opt/lampp/htdocs/fruit/App/Admin/Controller/IndexController.class.php 第 29 行.
SQL: SELECT count(1) num FROM `order` WHERE ( `user_id`='31' )  [ RunTime:0.0002s ]
SQL: SELECT * FROM `order_detail` WHERE ( `order_id`='12310' )  [ RunTime:0.0002s ]
INFO: [ view_parse ] --START--
INFO: [ template_filter ] --START--
INFO: Run Behavior\ContentReplaceBehavior [ RunTime:0.000040s ]
INFO: [ template_filter ] --END-- [ RunTime:0.000083s ]
INFO: Run Behavior\ParseTemplateBehavior [ RunTime:0.007789s ]
INFO: [ view_parse ] --END-- [ RunTime:0.007847s ]
INFO: [ view_filter ] --START--
INFO: Run Behavior\WriteHtmlCacheBehavior [ RunTime:0.000138s ]
INFO: [ view_filter ] --END-- [ RunTime:0.000185s ]
INFO: [ app_end ] --START--
INFO: Run Behavior\ShowPageTraceBehavior [ RunTime:0.000391s ]
INFO: [ app_end ] --END-- [ RunTime:0.000439s ]

[ 2015-05-05T12:00:12+08:00 ] 111.196.74.200 /fruit/index.php/Admin/Index/index/filter/1
INFO: [ app_init ] --START--
INFO: Run Behavior\BuildLiteBehavior [ RunTime:0.000014s ]
INFO: [ app_init ] --END-- [ RunTime:0.000278s ]
INFO: [ app_begin ] --START--
INFO: Run Behavior\ReadHtmlCacheBehavior [ RunTime:0.000327s ]
INFO: [ app_begin ] --END-- [ RunTime:0.000369s ]
SQL: SHOW COLUMNS FROM `order` [ RunTime:0.0007s ]
NOTIC: [8] Undefined variable: limit /opt/lampp/htdocs/fruit/App/Admin/Controller/IndexController.class.php 第 20 行.
SQL: SELECT * FROM `order` WHERE (  `status`='1'  ) ORDER BY order_id DESC  [ RunTime:0.0005s ]
SQL: SHOW COLUMNS FROM `order_detail` [ RunTime:0.0005s ]
NOTIC: [8] Undefined index: 010_hd_rkzxzy /opt/lampp/htdocs/fruit/App/Admin/Controller/IndexController.class.php 第 29 行.
SQL: SELECT count(1) num FROM `order` WHERE ( `user_id`='31' )  [ RunTime:0.0002s ]
SQL: SELECT * FROM `order_detail` WHERE ( `order_id`='12330' )  [ RunTime:0.0003s ]
NOTIC: [8] Undefined index: 010_hd_rkzxzy /opt/lampp/htdocs/fruit/App/Admin/Controller/IndexController.class.php 第 29 行.
SQL: SELECT count(1) num FROM `order` WHERE ( `user_id`='31' )  [ RunTime:0.0002s ]
SQL: SELECT * FROM `order_detail` WHERE ( `order_id`='12329' )  [ RunTime:0.0003s ]
NOTIC: [8] Undefined index: 010_hd_rkzxzy /opt/lampp/htdocs/fruit/App/Admin/Controller/IndexController.class.php 第 29 行.
SQL: SELECT count(1) num FROM `order` WHERE ( `user_id`='31' )  [ RunTime:0.0002s ]
SQL: SELECT * FROM `order_detail` WHERE ( `order_id`='12328' )  [ RunTime:0.0002s ]
NOTIC: [8] Undefined index: 010_hd_rkzxzy /opt/lampp/htdocs/fruit/App/Admin/Controller/IndexController.class.php 第 29 行.
SQL: SELECT count(1) num FROM `order` WHERE ( `user_id`='31' )  [ RunTime:0.0002s ]
SQL: SELECT * FROM `order_detail` WHERE ( `order_id`='12327' )  [ RunTime:0.0002s ]
NOTIC: [8] Undefined index: 010_hd_rkzxzy /opt/lampp/htdocs/fruit/App/Admin/Controller/IndexController.class.php 第 29 行.
SQL: SELECT count(1) num FROM `order` WHERE ( `user_id`='31' )  [ RunTime:0.0002s ]
SQL: SELECT * FROM `order_detail` WHERE ( `order_id`='12326' )  [ RunTime:0.0002s ]
NOTIC: [8] Undefined index: 010_hd_rkzxzy /opt/lampp/htdocs/fruit/App/Admin/Controller/IndexController.class.php 第 29 行.
SQL: SELECT count(1) num FROM `order` WHERE ( `user_id`='31' )  [ RunTime:0.0002s ]
SQL: SELECT * FROM `order_detail` WHERE ( `order_id`='12325' )  [ RunTime:0.0002s ]
NOTIC: [8] Undefined index: 010_hd_rkzxzy /opt/lampp/htdocs/fruit/App/Admin/Controller/IndexController.class.php 第 29 行.
SQL: SELECT count(1) num FROM `order` WHERE ( `user_id`='31' )  [ RunTime:0.0002s ]
SQL: SELECT * FROM `order_detail` WHERE ( `order_id`='12324' )  [ RunTime:0.0002s ]
NOTIC: [8] Undefined index: 010_hd_rkzxzy /opt/lampp/htdocs/fruit/App/Admin/Controller/IndexController.class.php 第 29 行.
SQL: SELECT count(1) num FROM `order` WHERE ( `user_id`='31' )  [ RunTime:0.0002s ]
SQL: SELECT * FROM `order_detail` WHERE ( `order_id`='12323' )  [ RunTime:0.0002s ]
NOTIC: [8] Undefined index: 010_hd_rkzxzy /opt/lampp/htdocs/fruit/App/Admin/Controller/IndexController.class.php 第 29 行.
SQL: SELECT count(1) num FROM `order` WHERE ( `user_id`='31' )  [ RunTime:0.0002s ]
SQL: SELECT * FROM `order_detail` WHERE ( `order_id`='12322' )  [ RunTime:0.0002s ]
NOTIC: [8] Undefined index: 010_hd_rkzxzy /opt/lampp/htdocs/fruit/App/Admin/Controller/IndexController.class.php 第 29 行.
SQL: SELECT count(1) num FROM `order` WHERE ( `user_id`='31' )  [ RunTime:0.0002s ]
SQL: SELECT * FROM `order_detail` WHERE ( `order_id`='12321' )  [ RunTime:0.0003s ]
NOTIC: [8] Undefined index: 010_hd_rkzxzy /opt/lampp/htdocs/fruit/App/Admin/Controller/IndexController.class.php 第 29 行.
SQL: SELECT count(1) num FROM `order` WHERE ( `user_id`='31' )  [ RunTime:0.0002s ]
SQL: SELECT * FROM `order_detail` WHERE ( `order_id`='12320' )  [ RunTime:0.0002s ]
INFO: [ view_parse ] --START--
INFO: [ template_filter ] --START--
INFO: Run Behavior\ContentReplaceBehavior [ RunTime:0.000067s ]
INFO: [ template_filter ] --END-- [ RunTime:0.000142s ]
INFO: Run Behavior\ParseTemplateBehavior [ RunTime:0.007793s ]
INFO: [ view_parse ] --END-- [ RunTime:0.007837s ]
INFO: [ view_filter ] --START--
INFO: Run Behavior\WriteHtmlCacheBehavior [ RunTime:0.000115s ]
INFO: [ view_filter ] --END-- [ RunTime:0.000150s ]
INFO: [ app_end ] --START--
INFO: Run Behavior\ShowPageTraceBehavior [ RunTime:0.000367s ]
INFO: [ app_end ] --END-- [ RunTime:0.000409s ]

[ 2015-05-05T12:00:14+08:00 ] 111.196.74.200 /fruit/index.php/Admin/Index/changestatus/orderid/12330/tostatus/4
INFO: [ app_init ] --START--
INFO: Run Behavior\BuildLiteBehavior [ RunTime:0.000014s ]
INFO: [ app_init ] --END-- [ RunTime:0.000264s ]
INFO: [ app_begin ] --START--
INFO: Run Behavior\ReadHtmlCacheBehavior [ RunTime:0.000329s ]
INFO: [ app_begin ] --END-- [ RunTime:0.000368s ]
SQL: SHOW COLUMNS FROM `order` [ RunTime:0.0007s ]
SQL: UPDATE `order` SET `status`='4' WHERE `order_id` = 12330 [ RunTime:0.0061s ]

[ 2015-05-05T12:00:17+08:00 ] 111.196.74.200 /fruit/index.php/Admin/Index/changestatus/orderid/12329/tostatus/4
INFO: [ app_init ] --START--
INFO: Run Behavior\BuildLiteBehavior [ RunTime:0.000015s ]
INFO: [ app_init ] --END-- [ RunTime:0.000332s ]
INFO: [ app_begin ] --START--
INFO: Run Behavior\ReadHtmlCacheBehavior [ RunTime:0.000347s ]
INFO: [ app_begin ] --END-- [ RunTime:0.000398s ]
SQL: SHOW COLUMNS FROM `order` [ RunTime:0.0008s ]
SQL: UPDATE `order` SET `status`='4' WHERE `order_id` = 12329 [ RunTime:0.0116s ]

[ 2015-05-05T12:00:20+08:00 ] 111.196.74.200 /fruit/index.php/Admin/Index/changestatus/orderid/12328/tostatus/4
INFO: [ app_init ] --START--
INFO: Run Behavior\BuildLiteBehavior [ RunTime:0.000014s ]
INFO: [ app_init ] --END-- [ RunTime:0.000275s ]
INFO: [ app_begin ] --START--
INFO: Run Behavior\ReadHtmlCacheBehavior [ RunTime:0.000375s ]
INFO: [ app_begin ] --END-- [ RunTime:0.000419s ]
SQL: SHOW COLUMNS FROM `order` [ RunTime:0.0008s ]
SQL: UPDATE `order` SET `status`='4' WHERE `order_id` = 12328 [ RunTime:0.0053s ]

[ 2015-05-05T12:00:22+08:00 ] 111.196.74.200 /fruit/index.php/Admin/Index/changestatus/orderid/12327/tostatus/4
INFO: [ app_init ] --START--
INFO: Run Behavior\BuildLiteBehavior [ RunTime:0.000014s ]
INFO: [ app_init ] --END-- [ RunTime:0.000262s ]
INFO: [ app_begin ] --START--
INFO: Run Behavior\ReadHtmlCacheBehavior [ RunTime:0.000346s ]
INFO: [ app_begin ] --END-- [ RunTime:0.000385s ]
SQL: SHOW COLUMNS FROM `order` [ RunTime:0.0008s ]
SQL: UPDATE `order` SET `status`='4' WHERE `order_id` = 12327 [ RunTime:0.0072s ]

[ 2015-05-05T12:00:24+08:00 ] 111.196.74.200 /fruit/index.php/Admin/Index/changestatus/orderid/12326/tostatus/4
INFO: [ app_init ] --START--
INFO: Run Behavior\BuildLiteBehavior [ RunTime:0.000015s ]
INFO: [ app_init ] --END-- [ RunTime:0.000264s ]
INFO: [ app_begin ] --START--
INFO: Run Behavior\ReadHtmlCacheBehavior [ RunTime:0.000327s ]
INFO: [ app_begin ] --END-- [ RunTime:0.000365s ]
SQL: SHOW COLUMNS FROM `order` [ RunTime:0.0009s ]
SQL: UPDATE `order` SET `status`='4' WHERE `order_id` = 12326 [ RunTime:0.0064s ]

[ 2015-05-05T12:00:26+08:00 ] 111.196.74.200 /fruit/index.php/Admin/Index/changestatus/orderid/12325/tostatus/4
INFO: [ app_init ] --START--
INFO: Run Behavior\BuildLiteBehavior [ RunTime:0.000015s ]
INFO: [ app_init ] --END-- [ RunTime:0.000319s ]
INFO: [ app_begin ] --START--
INFO: Run Behavior\ReadHtmlCacheBehavior [ RunTime:0.000332s ]
INFO: [ app_begin ] --END-- [ RunTime:0.000372s ]
SQL: SHOW COLUMNS FROM `order` [ RunTime:0.0008s ]
SQL: UPDATE `order` SET `status`='4' WHERE `order_id` = 12325 [ RunTime:0.0055s ]

[ 2015-05-05T12:00:27+08:00 ] 111.196.74.200 /fruit/index.php/Admin/Index/changestatus/orderid/12324/tostatus/4
INFO: [ app_init ] --START--
INFO: Run Behavior\BuildLiteBehavior [ RunTime:0.000021s ]
INFO: [ app_init ] --END-- [ RunTime:0.000413s ]
INFO: [ app_begin ] --START--
INFO: Run Behavior\ReadHtmlCacheBehavior [ RunTime:0.000350s ]
INFO: [ app_begin ] --END-- [ RunTime:0.000399s ]
SQL: SHOW COLUMNS FROM `order` [ RunTime:0.0008s ]
SQL: UPDATE `order` SET `status`='4' WHERE `order_id` = 12324 [ RunTime:0.0055s ]

[ 2015-05-05T12:00:29+08:00 ] 111.196.74.200 /fruit/index.php/Admin/Index/changestatus/orderid/12323/tostatus/4
INFO: [ app_init ] --START--
INFO: Run Behavior\BuildLiteBehavior [ RunTime:0.000015s ]
INFO: [ app_init ] --END-- [ RunTime:0.000356s ]
INFO: [ app_begin ] --START--
INFO: Run Behavior\ReadHtmlCacheBehavior [ RunTime:0.000386s ]
INFO: [ app_begin ] --END-- [ RunTime:0.000425s ]
SQL: SHOW COLUMNS FROM `order` [ RunTime:0.0008s ]
SQL: UPDATE `order` SET `status`='4' WHERE `order_id` = 12323 [ RunTime:0.0051s ]

[ 2015-05-05T12:00:31+08:00 ] 111.196.74.200 /fruit/index.php/Admin/Index/changestatus/orderid/12322/tostatus/4
INFO: [ app_init ] --START--
INFO: Run Behavior\BuildLiteBehavior [ RunTime:0.000014s ]
INFO: [ app_init ] --END-- [ RunTime:0.000261s ]
INFO: [ app_begin ] --START--
INFO: Run Behavior\ReadHtmlCacheBehavior [ RunTime:0.000328s ]
INFO: [ app_begin ] --END-- [ RunTime:0.000367s ]
SQL: SHOW COLUMNS FROM `order` [ RunTime:0.0008s ]
SQL: UPDATE `order` SET `status`='4' WHERE `order_id` = 12322 [ RunTime:0.0066s ]

[ 2015-05-05T12:00:33+08:00 ] 111.196.74.200 /fruit/index.php/Admin/Index/changestatus/orderid/12321/tostatus/4
INFO: [ app_init ] --START--
INFO: Run Behavior\BuildLiteBehavior [ RunTime:0.000014s ]
INFO: [ app_init ] --END-- [ RunTime:0.000311s ]
INFO: [ app_begin ] --START--
INFO: Run Behavior\ReadHtmlCacheBehavior [ RunTime:0.000392s ]
INFO: [ app_begin ] --END-- [ RunTime:0.000432s ]
SQL: SHOW COLUMNS FROM `order` [ RunTime:0.0009s ]
SQL: UPDATE `order` SET `status`='4' WHERE `order_id` = 12321 [ RunTime:0.0053s ]

[ 2015-05-05T12:00:35+08:00 ] 111.196.74.200 /fruit/index.php/Admin/Index/changestatus/orderid/12320/tostatus/4
INFO: [ app_init ] --START--
INFO: Run Behavior\BuildLiteBehavior [ RunTime:0.000015s ]
INFO: [ app_init ] --END-- [ RunTime:0.000266s ]
INFO: [ app_begin ] --START--
INFO: Run Behavior\ReadHtmlCacheBehavior [ RunTime:0.000331s ]
INFO: [ app_begin ] --END-- [ RunTime:0.000371s ]
SQL: SHOW COLUMNS FROM `order` [ RunTime:0.0008s ]
SQL: UPDATE `order` SET `status`='4' WHERE `order_id` = 12320 [ RunTime:0.0051s ]

[ 2015-05-05T12:00:37+08:00 ] 111.196.74.200 /fruit/index.php/Admin/Index/index/filter/2
INFO: [ app_init ] --START--
INFO: Run Behavior\BuildLiteBehavior [ RunTime:0.000014s ]
INFO: [ app_init ] --END-- [ RunTime:0.000262s ]
INFO: [ app_begin ] --START--
INFO: Run Behavior\ReadHtmlCacheBehavior [ RunTime:0.000343s ]
INFO: [ app_begin ] --END-- [ RunTime:0.000384s ]
SQL: SHOW COLUMNS FROM `order` [ RunTime:0.0008s ]
NOTIC: [8] Undefined variable: limit /opt/lampp/htdocs/fruit/App/Admin/Controller/IndexController.class.php 第 20 行.
SQL: SELECT * FROM `order` WHERE (  `status`='2'  ) ORDER BY order_id DESC  [ RunTime:0.0004s ]
SQL: SHOW COLUMNS FROM `order_detail` [ RunTime:0.0005s ]
INFO: [ view_parse ] --START--
INFO: [ template_filter ] --START--
INFO: Run Behavior\ContentReplaceBehavior [ RunTime:0.000050s ]
INFO: [ template_filter ] --END-- [ RunTime:0.000111s ]
INFO: Run Behavior\ParseTemplateBehavior [ RunTime:0.007537s ]
INFO: [ view_parse ] --END-- [ RunTime:0.007583s ]
INFO: [ view_filter ] --START--
INFO: Run Behavior\WriteHtmlCacheBehavior [ RunTime:0.000127s ]
INFO: [ view_filter ] --END-- [ RunTime:0.000163s ]
INFO: [ app_end ] --START--
INFO: Run Behavior\ShowPageTraceBehavior [ RunTime:0.000497s ]
INFO: [ app_end ] --END-- [ RunTime:0.000543s ]

[ 2015-05-05T12:00:38+08:00 ] 111.196.74.200 /fruit/index.php/Admin/Index/index/filter/3
INFO: [ app_init ] --START--
INFO: Run Behavior\BuildLiteBehavior [ RunTime:0.000016s ]
INFO: [ app_init ] --END-- [ RunTime:0.000298s ]
INFO: [ app_begin ] --START--
INFO: Run Behavior\ReadHtmlCacheBehavior [ RunTime:0.000600s ]
INFO: [ app_begin ] --END-- [ RunTime:0.000678s ]
SQL: SHOW COLUMNS FROM `order` [ RunTime:0.0008s ]
NOTIC: [8] Undefined variable: limit /opt/lampp/htdocs/fruit/App/Admin/Controller/IndexController.class.php 第 20 行.
SQL: SELECT * FROM `order` WHERE (  `status`='3'  ) ORDER BY order_id DESC  [ RunTime:0.0004s ]
SQL: SHOW COLUMNS FROM `order_detail` [ RunTime:0.0010s ]
INFO: [ view_parse ] --START--
INFO: [ template_filter ] --START--
INFO: Run Behavior\ContentReplaceBehavior [ RunTime:0.000046s ]
INFO: [ template_filter ] --END-- [ RunTime:0.000090s ]
INFO: Run Behavior\ParseTemplateBehavior [ RunTime:0.007686s ]
INFO: [ view_parse ] --END-- [ RunTime:0.007732s ]
INFO: [ view_filter ] --START--
INFO: Run Behavior\WriteHtmlCacheBehavior [ RunTime:0.000117s ]
INFO: [ view_filter ] --END-- [ RunTime:0.000202s ]
INFO: [ app_end ] --START--
INFO: Run Behavior\ShowPageTraceBehavior [ RunTime:0.000362s ]
INFO: [ app_end ] --END-- [ RunTime:0.000400s ]

[ 2015-05-05T12:00:40+08:00 ] 111.196.74.200 /fruit/index.php/Admin/Index/index/filter/4
INFO: [ app_init ] --START--
INFO: Run Behavior\BuildLiteBehavior [ RunTime:0.000015s ]
INFO: [ app_init ] --END-- [ RunTime:0.000319s ]
INFO: [ app_begin ] --START--
INFO: Run Behavior\ReadHtmlCacheBehavior [ RunTime:0.000326s ]
INFO: [ app_begin ] --END-- [ RunTime:0.000371s ]
SQL: SHOW COLUMNS FROM `order` [ RunTime:0.0008s ]
SQL: SELECT * FROM `order` WHERE (  `status`='4'  ) ORDER BY order_id DESC LIMIT 10   [ RunTime:0.0003s ]
SQL: SHOW COLUMNS FROM `order_detail` [ RunTime:0.0005s ]
NOTIC: [8] Undefined index: 010_hd_rkzxzy /opt/lampp/htdocs/fruit/App/Admin/Controller/IndexController.class.php 第 29 行.
SQL: SELECT count(1) num FROM `order` WHERE ( `user_id`='31' )  [ RunTime:0.0003s ]
SQL: SELECT * FROM `order_detail` WHERE ( `order_id`='12330' )  [ RunTime:0.0002s ]
NOTIC: [8] Undefined index: 010_hd_rkzxzy /opt/lampp/htdocs/fruit/App/Admin/Controller/IndexController.class.php 第 29 行.
SQL: SELECT count(1) num FROM `order` WHERE ( `user_id`='31' )  [ RunTime:0.0002s ]
SQL: SELECT * FROM `order_detail` WHERE ( `order_id`='12329' )  [ RunTime:0.0002s ]
NOTIC: [8] Undefined index: 010_hd_rkzxzy /opt/lampp/htdocs/fruit/App/Admin/Controller/IndexController.class.php 第 29 行.
SQL: SELECT count(1) num FROM `order` WHERE ( `user_id`='31' )  [ RunTime:0.0002s ]
SQL: SELECT * FROM `order_detail` WHERE ( `order_id`='12328' )  [ RunTime:0.0002s ]
NOTIC: [8] Undefined index: 010_hd_rkzxzy /opt/lampp/htdocs/fruit/App/Admin/Controller/IndexController.class.php 第 29 行.
SQL: SELECT count(1) num FROM `order` WHERE ( `user_id`='31' )  [ RunTime:0.0002s ]
SQL: SELECT * FROM `order_detail` WHERE ( `order_id`='12327' )  [ RunTime:0.0002s ]
NOTIC: [8] Undefined index: 010_hd_rkzxzy /opt/lampp/htdocs/fruit/App/Admin/Controller/IndexController.class.php 第 29 行.
SQL: SELECT count(1) num FROM `order` WHERE ( `user_id`='31' )  [ RunTime:0.0002s ]
SQL: SELECT * FROM `order_detail` WHERE ( `order_id`='12326' )  [ RunTime:0.0003s ]
NOTIC: [8] Undefined index: 010_hd_rkzxzy /opt/lampp/htdocs/fruit/App/Admin/Controller/IndexController.class.php 第 29 行.
SQL: SELECT count(1) num FROM `order` WHERE ( `user_id`='31' )  [ RunTime:0.0002s ]
SQL: SELECT * FROM `order_detail` WHERE ( `order_id`='12325' )  [ RunTime:0.0002s ]
NOTIC: [8] Undefined index: 010_hd_rkzxzy /opt/lampp/htdocs/fruit/App/Admin/Controller/IndexController.class.php 第 29 行.
SQL: SELECT count(1) num FROM `order` WHERE ( `user_id`='31' )  [ RunTime:0.0002s ]
SQL: SELECT * FROM `order_detail` WHERE ( `order_id`='12324' )  [ RunTime:0.0002s ]
NOTIC: [8] Undefined index: 010_hd_rkzxzy /opt/lampp/htdocs/fruit/App/Admin/Controller/IndexController.class.php 第 29 行.
SQL: SELECT count(1) num FROM `order` WHERE ( `user_id`='31' )  [ RunTime:0.0002s ]
SQL: SELECT * FROM `order_detail` WHERE ( `order_id`='12323' )  [ RunTime:0.0002s ]
NOTIC: [8] Undefined index: 010_hd_rkzxzy /opt/lampp/htdocs/fruit/App/Admin/Controller/IndexController.class.php 第 29 行.
SQL: SELECT count(1) num FROM `order` WHERE ( `user_id`='31' )  [ RunTime:0.0002s ]
SQL: SELECT * FROM `order_detail` WHERE ( `order_id`='12322' )  [ RunTime:0.0002s ]
NOTIC: [8] Undefined index: 010_hd_rkzxzy /opt/lampp/htdocs/fruit/App/Admin/Controller/IndexController.class.php 第 29 行.
SQL: SELECT count(1) num FROM `order` WHERE ( `user_id`='31' )  [ RunTime:0.0002s ]
SQL: SELECT * FROM `order_detail` WHERE ( `order_id`='12321' )  [ RunTime:0.0002s ]
INFO: [ view_parse ] --START--
INFO: [ template_filter ] --START--
INFO: Run Behavior\ContentReplaceBehavior [ RunTime:0.000043s ]
INFO: [ template_filter ] --END-- [ RunTime:0.000089s ]
INFO: Run Behavior\ParseTemplateBehavior [ RunTime:0.007381s ]
INFO: [ view_parse ] --END-- [ RunTime:0.007424s ]
INFO: [ view_filter ] --START--
INFO: Run Behavior\WriteHtmlCacheBehavior [ RunTime:0.000116s ]
INFO: [ view_filter ] --END-- [ RunTime:0.000161s ]
INFO: [ app_end ] --START--
INFO: Run Behavior\ShowPageTraceBehavior [ RunTime:0.000374s ]
INFO: [ app_end ] --END-- [ RunTime:0.000419s ]

[ 2015-05-05T12:01:07+08:00 ] 111.196.74.200 /fruit/index.php/Admin/Index/index/filter/2
INFO: [ app_init ] --START--
INFO: Run Behavior\BuildLiteBehavior [ RunTime:0.000014s ]
INFO: [ app_init ] --END-- [ RunTime:0.000266s ]
INFO: [ app_begin ] --START--
INFO: Run Behavior\ReadHtmlCacheBehavior [ RunTime:0.000400s ]
INFO: [ app_begin ] --END-- [ RunTime:0.000442s ]
SQL: SHOW COLUMNS FROM `order` [ RunTime:0.0008s ]
NOTIC: [8] Undefined variable: limit /opt/lampp/htdocs/fruit/App/Admin/Controller/IndexController.class.php 第 20 行.
SQL: SELECT * FROM `order` WHERE (  `status`='2'  ) ORDER BY order_id DESC  [ RunTime:0.0004s ]
SQL: SHOW COLUMNS FROM `order_detail` [ RunTime:0.0005s ]
INFO: [ view_parse ] --START--
INFO: [ template_filter ] --START--
INFO: Run Behavior\ContentReplaceBehavior [ RunTime:0.000051s ]
INFO: [ template_filter ] --END-- [ RunTime:0.000099s ]
INFO: Run Behavior\ParseTemplateBehavior [ RunTime:0.007896s ]
INFO: [ view_parse ] --END-- [ RunTime:0.007940s ]
INFO: [ view_filter ] --START--
INFO: Run Behavior\WriteHtmlCacheBehavior [ RunTime:0.000116s ]
INFO: [ view_filter ] --END-- [ RunTime:0.000152s ]
INFO: [ app_end ] --START--
INFO: Run Behavior\ShowPageTraceBehavior [ RunTime:0.000356s ]
INFO: [ app_end ] --END-- [ RunTime:0.000396s ]

[ 2015-05-05T12:01:08+08:00 ] 111.196.74.200 /fruit/index.php/Admin/Index/index/filter/3
INFO: [ app_init ] --START--
INFO: Run Behavior\BuildLiteBehavior [ RunTime:0.000015s ]
INFO: [ app_init ] --END-- [ RunTime:0.000264s ]
INFO: [ app_begin ] --START--
INFO: Run Behavior\ReadHtmlCacheBehavior [ RunTime:0.000341s ]
INFO: [ app_begin ] --END-- [ RunTime:0.000384s ]
SQL: SHOW COLUMNS FROM `order` [ RunTime:0.0008s ]
NOTIC: [8] Undefined variable: limit /opt/lampp/htdocs/fruit/App/Admin/Controller/IndexController.class.php 第 20 行.
SQL: SELECT * FROM `order` WHERE (  `status`='3'  ) ORDER BY order_id DESC  [ RunTime:0.0004s ]
SQL: SHOW COLUMNS FROM `order_detail` [ RunTime:0.0006s ]
INFO: [ view_parse ] --START--
INFO: [ template_filter ] --START--
INFO: Run Behavior\ContentReplaceBehavior [ RunTime:0.000054s ]
INFO: [ template_filter ] --END-- [ RunTime:0.000106s ]
INFO: Run Behavior\ParseTemplateBehavior [ RunTime:0.007925s ]
INFO: [ view_parse ] --END-- [ RunTime:0.007972s ]
INFO: [ view_filter ] --START--
INFO: Run Behavior\WriteHtmlCacheBehavior [ RunTime:0.000160s ]
INFO: [ view_filter ] --END-- [ RunTime:0.000198s ]
INFO: [ app_end ] --START--
INFO: Run Behavior\ShowPageTraceBehavior [ RunTime:0.000433s ]
INFO: [ app_end ] --END-- [ RunTime:0.000476s ]

[ 2015-05-05T13:27:12+08:00 ] 117.136.38.172 /fruit/index.php/Admin
INFO: [ app_init ] --START--
INFO: Run Behavior\BuildLiteBehavior [ RunTime:0.000014s ]
INFO: [ app_init ] --END-- [ RunTime:0.000322s ]
INFO: [ app_begin ] --START--
INFO: Run Behavior\ReadHtmlCacheBehavior [ RunTime:0.000330s ]
INFO: [ app_begin ] --END-- [ RunTime:0.000373s ]
SQL: SHOW COLUMNS FROM `order` [ RunTime:0.0009s ]
NOTIC: [8] Undefined variable: limit /opt/lampp/htdocs/fruit/App/Admin/Controller/IndexController.class.php 第 20 行.
SQL: SELECT * FROM `order` WHERE (  `status`=''  ) ORDER BY order_id DESC  [ RunTime:0.0005s ]
SQL: SHOW COLUMNS FROM `order_detail` [ RunTime:0.0005s ]
INFO: [ view_parse ] --START--
INFO: [ template_filter ] --START--
INFO: Run Behavior\ContentReplaceBehavior [ RunTime:0.000047s ]
INFO: [ template_filter ] --END-- [ RunTime:0.000110s ]
INFO: Run Behavior\ParseTemplateBehavior [ RunTime:0.008080s ]
INFO: [ view_parse ] --END-- [ RunTime:0.008142s ]
INFO: [ view_filter ] --START--
INFO: Run Behavior\WriteHtmlCacheBehavior [ RunTime:0.000124s ]
INFO: [ view_filter ] --END-- [ RunTime:0.000162s ]
INFO: [ app_end ] --START--
INFO: Run Behavior\ShowPageTraceBehavior [ RunTime:0.000372s ]
INFO: [ app_end ] --END-- [ RunTime:0.000412s ]

[ 2015-05-05T13:27:13+08:00 ] 117.136.38.172 /fruit/index.php/Admin/Index/index/filter/1
INFO: [ app_init ] --START--
INFO: Run Behavior\BuildLiteBehavior [ RunTime:0.000015s ]
INFO: [ app_init ] --END-- [ RunTime:0.000265s ]
INFO: [ app_begin ] --START--
INFO: Run Behavior\ReadHtmlCacheBehavior [ RunTime:0.000348s ]
INFO: [ app_begin ] --END-- [ RunTime:0.000392s ]
SQL: SHOW COLUMNS FROM `order` [ RunTime:0.0008s ]
NOTIC: [8] Undefined variable: limit /opt/lampp/htdocs/fruit/App/Admin/Controller/IndexController.class.php 第 20 行.
SQL: SELECT * FROM `order` WHERE (  `status`='1'  ) ORDER BY order_id DESC  [ RunTime:0.0004s ]
SQL: SHOW COLUMNS FROM `order_detail` [ RunTime:0.0005s ]
INFO: [ view_parse ] --START--
INFO: [ template_filter ] --START--
INFO: Run Behavior\ContentReplaceBehavior [ RunTime:0.000045s ]
INFO: [ template_filter ] --END-- [ RunTime:0.000094s ]
INFO: Run Behavior\ParseTemplateBehavior [ RunTime:0.007652s ]
INFO: [ view_parse ] --END-- [ RunTime:0.007701s ]
INFO: [ view_filter ] --START--
INFO: Run Behavior\WriteHtmlCacheBehavior [ RunTime:0.000115s ]
INFO: [ view_filter ] --END-- [ RunTime:0.000151s ]
INFO: [ app_end ] --START--
INFO: Run Behavior\ShowPageTraceBehavior [ RunTime:0.000354s ]
INFO: [ app_end ] --END-- [ RunTime:0.000402s ]

[ 2015-05-05T15:46:28+08:00 ] 111.196.74.200 /fruit/index.php/Admin/Index/index/filter/4?from=message&isappinstalled=0
INFO: [ app_init ] --START--
INFO: Run Behavior\BuildLiteBehavior [ RunTime:0.000014s ]
INFO: [ app_init ] --END-- [ RunTime:0.000265s ]
INFO: [ app_begin ] --START--
INFO: Run Behavior\ReadHtmlCacheBehavior [ RunTime:0.000331s ]
INFO: [ app_begin ] --END-- [ RunTime:0.000372s ]
SQL: SHOW COLUMNS FROM `order` [ RunTime:0.0009s ]
SQL: SELECT * FROM `order` WHERE (  `status`='4'  ) ORDER BY order_id DESC LIMIT 10   [ RunTime:0.0004s ]
SQL: SHOW COLUMNS FROM `order_detail` [ RunTime:0.0006s ]
NOTIC: [8] Undefined index: 010_hd_rkzxzy /opt/lampp/htdocs/fruit/App/Admin/Controller/IndexController.class.php 第 29 行.
SQL: SELECT count(1) num FROM `order` WHERE ( `user_id`='31' )  [ RunTime:0.0002s ]
SQL: SELECT * FROM `order_detail` WHERE ( `order_id`='12330' )  [ RunTime:0.0002s ]
NOTIC: [8] Undefined index: 010_hd_rkzxzy /opt/lampp/htdocs/fruit/App/Admin/Controller/IndexController.class.php 第 29 行.
SQL: SELECT count(1) num FROM `order` WHERE ( `user_id`='31' )  [ RunTime:0.0002s ]
SQL: SELECT * FROM `order_detail` WHERE ( `order_id`='12329' )  [ RunTime:0.0002s ]
NOTIC: [8] Undefined index: 010_hd_rkzxzy /opt/lampp/htdocs/fruit/App/Admin/Controller/IndexController.class.php 第 29 行.
SQL: SELECT count(1) num FROM `order` WHERE ( `user_id`='31' )  [ RunTime:0.0002s ]
SQL: SELECT * FROM `order_detail` WHERE ( `order_id`='12328' )  [ RunTime:0.0002s ]
NOTIC: [8] Undefined index: 010_hd_rkzxzy /opt/lampp/htdocs/fruit/App/Admin/Controller/IndexController.class.php 第 29 行.
SQL: SELECT count(1) num FROM `order` WHERE ( `user_id`='31' )  [ RunTime:0.0002s ]
SQL: SELECT * FROM `order_detail` WHERE ( `order_id`='12327' )  [ RunTime:0.0002s ]
NOTIC: [8] Undefined index: 010_hd_rkzxzy /opt/lampp/htdocs/fruit/App/Admin/Controller/IndexController.class.php 第 29 行.
SQL: SELECT count(1) num FROM `order` WHERE ( `user_id`='31' )  [ RunTime:0.0003s ]
SQL: SELECT * FROM `order_detail` WHERE ( `order_id`='12326' )  [ RunTime:0.0002s ]
NOTIC: [8] Undefined index: 010_hd_rkzxzy /opt/lampp/htdocs/fruit/App/Admin/Controller/IndexController.class.php 第 29 行.
SQL: SELECT count(1) num FROM `order` WHERE ( `user_id`='31' )  [ RunTime:0.0002s ]
SQL: SELECT * FROM `order_detail` WHERE ( `order_id`='12325' )  [ RunTime:0.0002s ]
NOTIC: [8] Undefined index: 010_hd_rkzxzy /opt/lampp/htdocs/fruit/App/Admin/Controller/IndexController.class.php 第 29 行.
SQL: SELECT count(1) num FROM `order` WHERE ( `user_id`='31' )  [ RunTime:0.0002s ]
SQL: SELECT * FROM `order_detail` WHERE ( `order_id`='12324' )  [ RunTime:0.0002s ]
NOTIC: [8] Undefined index: 010_hd_rkzxzy /opt/lampp/htdocs/fruit/App/Admin/Controller/IndexController.class.php 第 29 行.
SQL: SELECT count(1) num FROM `order` WHERE ( `user_id`='31' )  [ RunTime:0.0002s ]
SQL: SELECT * FROM `order_detail` WHERE ( `order_id`='12323' )  [ RunTime:0.0002s ]
NOTIC: [8] Undefined index: 010_hd_rkzxzy /opt/lampp/htdocs/fruit/App/Admin/Controller/IndexController.class.php 第 29 行.
SQL: SELECT count(1) num FROM `order` WHERE ( `user_id`='31' )  [ RunTime:0.0002s ]
SQL: SELECT * FROM `order_detail` WHERE ( `order_id`='12322' )  [ RunTime:0.0002s ]
NOTIC: [8] Undefined index: 010_hd_rkzxzy /opt/lampp/htdocs/fruit/App/Admin/Controller/IndexController.class.php 第 29 行.
SQL: SELECT count(1) num FROM `order` WHERE ( `user_id`='31' )  [ RunTime:0.0002s ]
SQL: SELECT * FROM `order_detail` WHERE ( `order_id`='12321' )  [ RunTime:0.0002s ]
INFO: [ view_parse ] --START--
INFO: [ template_filter ] --START--
INFO: Run Behavior\ContentReplaceBehavior [ RunTime:0.000042s ]
INFO: [ template_filter ] --END-- [ RunTime:0.000089s ]
INFO: Run Behavior\ParseTemplateBehavior [ RunTime:0.008233s ]
INFO: [ view_parse ] --END-- [ RunTime:0.008292s ]
INFO: [ view_filter ] --START--
INFO: Run Behavior\WriteHtmlCacheBehavior [ RunTime:0.000117s ]
INFO: [ view_filter ] --END-- [ RunTime:0.000153s ]
INFO: [ app_end ] --START--
INFO: Run Behavior\ShowPageTraceBehavior [ RunTime:0.000422s ]
INFO: [ app_end ] --END-- [ RunTime:0.000465s ]

[ 2015-05-05T15:46:32+08:00 ] 111.196.74.200 /fruit/index.php/Admin/Index/index/filter/1
INFO: [ app_init ] --START--
INFO: Run Behavior\BuildLiteBehavior [ RunTime:0.000014s ]
INFO: [ app_init ] --END-- [ RunTime:0.000260s ]
INFO: [ app_begin ] --START--
INFO: Run Behavior\ReadHtmlCacheBehavior [ RunTime:0.000372s ]
INFO: [ app_begin ] --END-- [ RunTime:0.000427s ]
SQL: SHOW COLUMNS FROM `order` [ RunTime:0.0009s ]
NOTIC: [8] Undefined variable: limit /opt/lampp/htdocs/fruit/App/Admin/Controller/IndexController.class.php 第 20 行.
SQL: SELECT * FROM `order` WHERE (  `status`='1'  ) ORDER BY order_id DESC  [ RunTime:0.0007s ]
SQL: SHOW COLUMNS FROM `order_detail` [ RunTime:0.0008s ]
NOTIC: [8] Undefined index: 010_hd_rkzxzy /opt/lampp/htdocs/fruit/App/Admin/Controller/IndexController.class.php 第 29 行.
SQL: SELECT count(1) num FROM `order` WHERE ( `user_id`='83' )  [ RunTime:0.0003s ]
SQL: SELECT * FROM `order_detail` WHERE ( `order_id`='12331' )  [ RunTime:0.0002s ]
INFO: [ view_parse ] --START--
INFO: [ template_filter ] --START--
INFO: Run Behavior\ContentReplaceBehavior [ RunTime:0.000045s ]
INFO: [ template_filter ] --END-- [ RunTime:0.000102s ]
INFO: Run Behavior\ParseTemplateBehavior [ RunTime:0.008491s ]
INFO: [ view_parse ] --END-- [ RunTime:0.008540s ]
INFO: [ view_filter ] --START--
INFO: Run Behavior\WriteHtmlCacheBehavior [ RunTime:0.000115s ]
INFO: [ view_filter ] --END-- [ RunTime:0.000150s ]
INFO: [ app_end ] --START--
INFO: Run Behavior\ShowPageTraceBehavior [ RunTime:0.000407s ]
INFO: [ app_end ] --END-- [ RunTime:0.000446s ]

[ 2015-05-05T22:11:49+08:00 ] 114.242.248.104 /fruit/index.php/Admin/Index/index/filter/4?from=message&isappinstalled=0
INFO: [ app_init ] --START--
INFO: Run Behavior\BuildLiteBehavior [ RunTime:0.000014s ]
INFO: [ app_init ] --END-- [ RunTime:0.000268s ]
INFO: [ app_begin ] --START--
INFO: Run Behavior\ReadHtmlCacheBehavior [ RunTime:0.000330s ]
INFO: [ app_begin ] --END-- [ RunTime:0.000371s ]
SQL: SHOW COLUMNS FROM `order` [ RunTime:0.0007s ]
SQL: SELECT * FROM `order` WHERE (  `status`='4'  ) ORDER BY order_id DESC LIMIT 10   [ RunTime:0.0003s ]
SQL: SHOW COLUMNS FROM `order_detail` [ RunTime:0.0005s ]
NOTIC: [8] Undefined index: 010_hd_rkzxzy /opt/lampp/htdocs/fruit/App/Admin/Controller/IndexController.class.php 第 29 行.
SQL: SELECT count(1) num FROM `order` WHERE ( `user_id`='31' )  [ RunTime:0.0002s ]
SQL: SELECT * FROM `order_detail` WHERE ( `order_id`='12330' )  [ RunTime:0.0002s ]
NOTIC: [8] Undefined index: 010_hd_rkzxzy /opt/lampp/htdocs/fruit/App/Admin/Controller/IndexController.class.php 第 29 行.
SQL: SELECT count(1) num FROM `order` WHERE ( `user_id`='31' )  [ RunTime:0.0002s ]
SQL: SELECT * FROM `order_detail` WHERE ( `order_id`='12329' )  [ RunTime:0.0002s ]
NOTIC: [8] Undefined index: 010_hd_rkzxzy /opt/lampp/htdocs/fruit/App/Admin/Controller/IndexController.class.php 第 29 行.
SQL: SELECT count(1) num FROM `order` WHERE ( `user_id`='31' )  [ RunTime:0.0002s ]
SQL: SELECT * FROM `order_detail` WHERE ( `order_id`='12328' )  [ RunTime:0.0002s ]
NOTIC: [8] Undefined index: 010_hd_rkzxzy /opt/lampp/htdocs/fruit/App/Admin/Controller/IndexController.class.php 第 29 行.
SQL: SELECT count(1) num FROM `order` WHERE ( `user_id`='31' )  [ RunTime:0.0002s ]
SQL: SELECT * FROM `order_detail` WHERE ( `order_id`='12327' )  [ RunTime:0.0002s ]
NOTIC: [8] Undefined index: 010_hd_rkzxzy /opt/lampp/htdocs/fruit/App/Admin/Controller/IndexController.class.php 第 29 行.
SQL: SELECT count(1) num FROM `order` WHERE ( `user_id`='31' )  [ RunTime:0.0002s ]
SQL: SELECT * FROM `order_detail` WHERE ( `order_id`='12326' )  [ RunTime:0.0002s ]
NOTIC: [8] Undefined index: 010_hd_rkzxzy /opt/lampp/htdocs/fruit/App/Admin/Controller/IndexController.class.php 第 29 行.
SQL: SELECT count(1) num FROM `order` WHERE ( `user_id`='31' )  [ RunTime:0.0002s ]
SQL: SELECT * FROM `order_detail` WHERE ( `order_id`='12325' )  [ RunTime:0.0002s ]
NOTIC: [8] Undefined index: 010_hd_rkzxzy /opt/lampp/htdocs/fruit/App/Admin/Controller/IndexController.class.php 第 29 行.
SQL: SELECT count(1) num FROM `order` WHERE ( `user_id`='31' )  [ RunTime:0.0002s ]
SQL: SELECT * FROM `order_detail` WHERE ( `order_id`='12324' )  [ RunTime:0.0002s ]
NOTIC: [8] Undefined index: 010_hd_rkzxzy /opt/lampp/htdocs/fruit/App/Admin/Controller/IndexController.class.php 第 29 行.
SQL: SELECT count(1) num FROM `order` WHERE ( `user_id`='31' )  [ RunTime:0.0002s ]
SQL: SELECT * FROM `order_detail` WHERE ( `order_id`='12323' )  [ RunTime:0.0002s ]
NOTIC: [8] Undefined index: 010_hd_rkzxzy /opt/lampp/htdocs/fruit/App/Admin/Controller/IndexController.class.php 第 29 行.
SQL: SELECT count(1) num FROM `order` WHERE ( `user_id`='31' )  [ RunTime:0.0002s ]
SQL: SELECT * FROM `order_detail` WHERE ( `order_id`='12322' )  [ RunTime:0.0002s ]
NOTIC: [8] Undefined index: 010_hd_rkzxzy /opt/lampp/htdocs/fruit/App/Admin/Controller/IndexController.class.php 第 29 行.
SQL: SELECT count(1) num FROM `order` WHERE ( `user_id`='31' )  [ RunTime:0.0002s ]
SQL: SELECT * FROM `order_detail` WHERE ( `order_id`='12321' )  [ RunTime:0.0002s ]
INFO: [ view_parse ] --START--
INFO: [ template_filter ] --START--
INFO: Run Behavior\ContentReplaceBehavior [ RunTime:0.000042s ]
INFO: [ template_filter ] --END-- [ RunTime:0.000085s ]
INFO: Run Behavior\ParseTemplateBehavior [ RunTime:0.007243s ]
INFO: [ view_parse ] --END-- [ RunTime:0.007287s ]
INFO: [ view_filter ] --START--
INFO: Run Behavior\WriteHtmlCacheBehavior [ RunTime:0.000115s ]
INFO: [ view_filter ] --END-- [ RunTime:0.000150s ]
INFO: [ app_end ] --START--
INFO: Run Behavior\ShowPageTraceBehavior [ RunTime:0.000354s ]
INFO: [ app_end ] --END-- [ RunTime:0.000396s ]

[ 2015-05-05T22:11:53+08:00 ] 114.242.248.104 /fruit/index.php/Admin/Index/index/filter/1
INFO: [ app_init ] --START--
INFO: Run Behavior\BuildLiteBehavior [ RunTime:0.000020s ]
INFO: [ app_init ] --END-- [ RunTime:0.000276s ]
INFO: [ app_begin ] --START--
INFO: Run Behavior\ReadHtmlCacheBehavior [ RunTime:0.000335s ]
INFO: [ app_begin ] --END-- [ RunTime:0.000377s ]
SQL: SHOW COLUMNS FROM `order` [ RunTime:0.0008s ]
NOTIC: [8] Undefined variable: limit /opt/lampp/htdocs/fruit/App/Admin/Controller/IndexController.class.php 第 20 行.
SQL: SELECT * FROM `order` WHERE (  `status`='1'  ) ORDER BY order_id DESC  [ RunTime:0.0004s ]
SQL: SHOW COLUMNS FROM `order_detail` [ RunTime:0.0005s ]
NOTIC: [8] Undefined index: 010_hd_rkzxzy /opt/lampp/htdocs/fruit/App/Admin/Controller/IndexController.class.php 第 29 行.
SQL: SELECT count(1) num FROM `order` WHERE ( `user_id`='83' )  [ RunTime:0.0002s ]
SQL: SELECT * FROM `order_detail` WHERE ( `order_id`='12331' )  [ RunTime:0.0005s ]
INFO: [ view_parse ] --START--
INFO: [ template_filter ] --START--
INFO: Run Behavior\ContentReplaceBehavior [ RunTime:0.000051s ]
INFO: [ template_filter ] --END-- [ RunTime:0.000098s ]
INFO: Run Behavior\ParseTemplateBehavior [ RunTime:0.009097s ]
INFO: [ view_parse ] --END-- [ RunTime:0.009159s ]
INFO: [ view_filter ] --START--
INFO: Run Behavior\WriteHtmlCacheBehavior [ RunTime:0.000122s ]
INFO: [ view_filter ] --END-- [ RunTime:0.000157s ]
INFO: [ app_end ] --START--
INFO: Run Behavior\ShowPageTraceBehavior [ RunTime:0.000688s ]
INFO: [ app_end ] --END-- [ RunTime:0.000729s ]

[ 2015-05-05T22:12:04+08:00 ] 114.242.248.104 /fruit/index.php/Admin/Index/index/filter/4
INFO: [ app_init ] --START--
INFO: Run Behavior\BuildLiteBehavior [ RunTime:0.000020s ]
INFO: [ app_init ] --END-- [ RunTime:0.000421s ]
INFO: [ app_begin ] --START--
INFO: Run Behavior\ReadHtmlCacheBehavior [ RunTime:0.000357s ]
INFO: [ app_begin ] --END-- [ RunTime:0.000405s ]
SQL: SHOW COLUMNS FROM `order` [ RunTime:0.0008s ]
SQL: SELECT * FROM `order` WHERE (  `status`='4'  ) ORDER BY order_id DESC LIMIT 10   [ RunTime:0.0003s ]
SQL: SHOW COLUMNS FROM `order_detail` [ RunTime:0.0006s ]
NOTIC: [8] Undefined index: 010_hd_rkzxzy /opt/lampp/htdocs/fruit/App/Admin/Controller/IndexController.class.php 第 29 行.
SQL: SELECT count(1) num FROM `order` WHERE ( `user_id`='31' )  [ RunTime:0.0002s ]
SQL: SELECT * FROM `order_detail` WHERE ( `order_id`='12330' )  [ RunTime:0.0002s ]
NOTIC: [8] Undefined index: 010_hd_rkzxzy /opt/lampp/htdocs/fruit/App/Admin/Controller/IndexController.class.php 第 29 行.
SQL: SELECT count(1) num FROM `order` WHERE ( `user_id`='31' )  [ RunTime:0.0002s ]
SQL: SELECT * FROM `order_detail` WHERE ( `order_id`='12329' )  [ RunTime:0.0002s ]
NOTIC: [8] Undefined index: 010_hd_rkzxzy /opt/lampp/htdocs/fruit/App/Admin/Controller/IndexController.class.php 第 29 行.
SQL: SELECT count(1) num FROM `order` WHERE ( `user_id`='31' )  [ RunTime:0.0002s ]
SQL: SELECT * FROM `order_detail` WHERE ( `order_id`='12328' )  [ RunTime:0.0003s ]
NOTIC: [8] Undefined index: 010_hd_rkzxzy /opt/lampp/htdocs/fruit/App/Admin/Controller/IndexController.class.php 第 29 行.
SQL: SELECT count(1) num FROM `order` WHERE ( `user_id`='31' )  [ RunTime:0.0002s ]
SQL: SELECT * FROM `order_detail` WHERE ( `order_id`='12327' )  [ RunTime:0.0002s ]
NOTIC: [8] Undefined index: 010_hd_rkzxzy /opt/lampp/htdocs/fruit/App/Admin/Controller/IndexController.class.php 第 29 行.
SQL: SELECT count(1) num FROM `order` WHERE ( `user_id`='31' )  [ RunTime:0.0002s ]
SQL: SELECT * FROM `order_detail` WHERE ( `order_id`='12326' )  [ RunTime:0.0002s ]
NOTIC: [8] Undefined index: 010_hd_rkzxzy /opt/lampp/htdocs/fruit/App/Admin/Controller/IndexController.class.php 第 29 行.
SQL: SELECT count(1) num FROM `order` WHERE ( `user_id`='31' )  [ RunTime:0.0002s ]
SQL: SELECT * FROM `order_detail` WHERE ( `order_id`='12325' )  [ RunTime:0.0002s ]
NOTIC: [8] Undefined index: 010_hd_rkzxzy /opt/lampp/htdocs/fruit/App/Admin/Controller/IndexController.class.php 第 29 行.
SQL: SELECT count(1) num FROM `order` WHERE ( `user_id`='31' )  [ RunTime:0.0002s ]
SQL: SELECT * FROM `order_detail` WHERE ( `order_id`='12324' )  [ RunTime:0.0002s ]
NOTIC: [8] Undefined index: 010_hd_rkzxzy /opt/lampp/htdocs/fruit/App/Admin/Controller/IndexController.class.php 第 29 行.
SQL: SELECT count(1) num FROM `order` WHERE ( `user_id`='31' )  [ RunTime:0.0002s ]
SQL: SELECT * FROM `order_detail` WHERE ( `order_id`='12323' )  [ RunTime:0.0002s ]
NOTIC: [8] Undefined index: 010_hd_rkzxzy /opt/lampp/htdocs/fruit/App/Admin/Controller/IndexController.class.php 第 29 行.
SQL: SELECT count(1) num FROM `order` WHERE ( `user_id`='31' )  [ RunTime:0.0002s ]
SQL: SELECT * FROM `order_detail` WHERE ( `order_id`='12322' )  [ RunTime:0.0002s ]
NOTIC: [8] Undefined index: 010_hd_rkzxzy /opt/lampp/htdocs/fruit/App/Admin/Controller/IndexController.class.php 第 29 行.
SQL: SELECT count(1) num FROM `order` WHERE ( `user_id`='31' )  [ RunTime:0.0002s ]
SQL: SELECT * FROM `order_detail` WHERE ( `order_id`='12321' )  [ RunTime:0.0002s ]
INFO: [ view_parse ] --START--
INFO: [ template_filter ] --START--
INFO: Run Behavior\ContentReplaceBehavior [ RunTime:0.000046s ]
INFO: [ template_filter ] --END-- [ RunTime:0.000095s ]
INFO: Run Behavior\ParseTemplateBehavior [ RunTime:0.007936s ]
INFO: [ view_parse ] --END-- [ RunTime:0.007992s ]
INFO: [ view_filter ] --START--
INFO: Run Behavior\WriteHtmlCacheBehavior [ RunTime:0.000169s ]
INFO: [ view_filter ] --END-- [ RunTime:0.000207s ]
INFO: [ app_end ] --START--
INFO: Run Behavior\ShowPageTraceBehavior [ RunTime:0.000363s ]
INFO: [ app_end ] --END-- [ RunTime:0.000406s ]

[ 2015-05-05T22:12:08+08:00 ] 114.242.248.104 /fruit/index.php/Admin/Index/index/filter/1
INFO: [ app_init ] --START--
INFO: Run Behavior\BuildLiteBehavior [ RunTime:0.000022s ]
INFO: [ app_init ] --END-- [ RunTime:0.000425s ]
INFO: [ app_begin ] --START--
INFO: Run Behavior\ReadHtmlCacheBehavior [ RunTime:0.000436s ]
INFO: [ app_begin ] --END-- [ RunTime:0.000492s ]
SQL: SHOW COLUMNS FROM `order` [ RunTime:0.0008s ]
NOTIC: [8] Undefined variable: limit /opt/lampp/htdocs/fruit/App/Admin/Controller/IndexController.class.php 第 20 行.
SQL: SELECT * FROM `order` WHERE (  `status`='1'  ) ORDER BY order_id DESC  [ RunTime:0.0004s ]
SQL: SHOW COLUMNS FROM `order_detail` [ RunTime:0.0005s ]
NOTIC: [8] Undefined index: 010_hd_rkzxzy /opt/lampp/htdocs/fruit/App/Admin/Controller/IndexController.class.php 第 29 行.
SQL: SELECT count(1) num FROM `order` WHERE ( `user_id`='83' )  [ RunTime:0.0002s ]
SQL: SELECT * FROM `order_detail` WHERE ( `order_id`='12331' )  [ RunTime:0.0003s ]
INFO: [ view_parse ] --START--
INFO: [ template_filter ] --START--
INFO: Run Behavior\ContentReplaceBehavior [ RunTime:0.000042s ]
INFO: [ template_filter ] --END-- [ RunTime:0.000095s ]
INFO: Run Behavior\ParseTemplateBehavior [ RunTime:0.007863s ]
INFO: [ view_parse ] --END-- [ RunTime:0.007907s ]
INFO: [ view_filter ] --START--
INFO: Run Behavior\WriteHtmlCacheBehavior [ RunTime:0.000117s ]
INFO: [ view_filter ] --END-- [ RunTime:0.000153s ]
INFO: [ app_end ] --START--
INFO: Run Behavior\ShowPageTraceBehavior [ RunTime:0.000392s ]
INFO: [ app_end ] --END-- [ RunTime:0.000432s ]

[ 2015-05-05T22:12:12+08:00 ] 114.242.248.104 /fruit/index.php/Admin/Index/changestatus/orderid/12331/tostatus/4
INFO: [ app_init ] --START--
INFO: Run Behavior\BuildLiteBehavior [ RunTime:0.000015s ]
INFO: [ app_init ] --END-- [ RunTime:0.000281s ]
INFO: [ app_begin ] --START--
INFO: Run Behavior\ReadHtmlCacheBehavior [ RunTime:0.000330s ]
INFO: [ app_begin ] --END-- [ RunTime:0.000369s ]
SQL: SHOW COLUMNS FROM `order` [ RunTime:0.0008s ]
SQL: UPDATE `order` SET `status`='4' WHERE `order_id` = 12331 [ RunTime:0.0175s ]

