[ 2015-07-14T14:09:48+08:00 ] 222.128.72.210 /zhier/index.php/admin
INFO: [ app_init ] --START--
INFO: Run Behavior\BuildLiteBehavior [ RunTime:0.000025s ]
INFO: [ app_init ] --END-- [ RunTime:0.000171s ]
INFO: [ app_begin ] --START--
INFO: Run Behavior\ReadHtmlCacheBehavior [ RunTime:0.000066s ]
INFO: [ app_begin ] --END-- [ RunTime:0.000163s ]
NOTIC: [8] Undefined index: admin /var/www/zhier/App/Common/Common/function.php 第 6 行.

[ 2015-07-14T14:09:48+08:00 ] 222.128.72.210 /zhier/index.php/Admin/Admin/
INFO: [ app_init ] --START--
INFO: Run Behavior\BuildLiteBehavior [ RunTime:0.000027s ]
INFO: [ app_init ] --END-- [ RunTime:0.000198s ]
INFO: [ app_begin ] --START--
INFO: Run Behavior\ReadHtmlCacheBehavior [ RunTime:0.000070s ]
INFO: [ app_begin ] --END-- [ RunTime:0.000169s ]
INFO: [ view_parse ] --START--
INFO: [ template_filter ] --START--
INFO: Run Behavior\ContentReplaceBehavior [ RunTime:0.000062s ]
INFO: [ template_filter ] --END-- [ RunTime:0.000167s ]
NOTIC: [8] Undefined variable: opinion /var/www/zhier/App/Runtime/Cache/Admin/7d5bae8f2106a04379ef690681e93072.php 第 67 行.
NOTIC: [8] Undefined variable: opinion /var/www/zhier/App/Runtime/Cache/Admin/7d5bae8f2106a04379ef690681e93072.php 第 68 行.
NOTIC: [8] Undefined variable: opinion /var/www/zhier/App/Runtime/Cache/Admin/7d5bae8f2106a04379ef690681e93072.php 第 70 行.
NOTIC: [8] Undefined variable: opinion /var/www/zhier/App/Runtime/Cache/Admin/7d5bae8f2106a04379ef690681e93072.php 第 71 行.
INFO: Run Behavior\ParseTemplateBehavior [ RunTime:0.018681s ]
INFO: [ view_parse ] --END-- [ RunTime:0.018785s ]
INFO: [ view_filter ] --START--
INFO: Run Behavior\WriteHtmlCacheBehavior [ RunTime:0.000073s ]
INFO: [ view_filter ] --END-- [ RunTime:0.000161s ]
INFO: [ app_end ] --START--
INFO: Run Behavior\ShowPageTraceBehavior [ RunTime:0.000077s ]
INFO: [ app_end ] --END-- [ RunTime:0.000186s ]

[ 2015-07-14T14:09:48+08:00 ] 180.153.214.197 /zhier/index.php/admin
INFO: [ app_init ] --START--
INFO: Run Behavior\BuildLiteBehavior [ RunTime:0.000020s ]
INFO: [ app_init ] --END-- [ RunTime:0.000137s ]
INFO: [ app_begin ] --START--
INFO: Run Behavior\ReadHtmlCacheBehavior [ RunTime:0.000059s ]
INFO: [ app_begin ] --END-- [ RunTime:0.000154s ]
NOTIC: [8] Undefined index: admin /var/www/zhier/App/Common/Common/function.php 第 6 行.

[ 2015-07-14T14:09:48+08:00 ] 180.153.214.197 /zhier/index.php/Admin/Admin/
INFO: [ app_init ] --START--
INFO: Run Behavior\BuildLiteBehavior [ RunTime:0.000024s ]
INFO: [ app_init ] --END-- [ RunTime:0.000186s ]
INFO: [ app_begin ] --START--
INFO: Run Behavior\ReadHtmlCacheBehavior [ RunTime:0.000063s ]
INFO: [ app_begin ] --END-- [ RunTime:0.000159s ]
INFO: [ view_parse ] --START--
INFO: [ template_filter ] --START--
INFO: Run Behavior\ContentReplaceBehavior [ RunTime:0.000072s ]
INFO: [ template_filter ] --END-- [ RunTime:0.000192s ]
NOTIC: [8] Undefined variable: opinion /var/www/zhier/App/Runtime/Cache/Admin/7d5bae8f2106a04379ef690681e93072.php 第 67 行.
NOTIC: [8] Undefined variable: opinion /var/www/zhier/App/Runtime/Cache/Admin/7d5bae8f2106a04379ef690681e93072.php 第 68 行.
NOTIC: [8] Undefined variable: opinion /var/www/zhier/App/Runtime/Cache/Admin/7d5bae8f2106a04379ef690681e93072.php 第 70 行.
NOTIC: [8] Undefined variable: opinion /var/www/zhier/App/Runtime/Cache/Admin/7d5bae8f2106a04379ef690681e93072.php 第 71 行.
INFO: Run Behavior\ParseTemplateBehavior [ RunTime:0.003161s ]
INFO: [ view_parse ] --END-- [ RunTime:0.003265s ]
INFO: [ view_filter ] --START--
INFO: Run Behavior\WriteHtmlCacheBehavior [ RunTime:0.000063s ]
INFO: [ view_filter ] --END-- [ RunTime:0.000160s ]
INFO: [ app_end ] --START--
INFO: Run Behavior\ShowPageTraceBehavior [ RunTime:0.000058s ]
INFO: [ app_end ] --END-- [ RunTime:0.000145s ]

[ 2015-07-14T14:09:55+08:00 ] 222.128.72.210 /zhier/index.php/Admin/Admin/index
INFO: [ app_init ] --START--
INFO: Run Behavior\BuildLiteBehavior [ RunTime:0.000031s ]
INFO: [ app_init ] --END-- [ RunTime:0.000225s ]
INFO: [ app_begin ] --START--
INFO: Run Behavior\ReadHtmlCacheBehavior [ RunTime:0.000076s ]
INFO: [ app_begin ] --END-- [ RunTime:0.000189s ]
SQL: SHOW COLUMNS FROM `admin` [ RunTime:0.0006s ]
SQL: SELECT * FROM `admin` WHERE ( username='admin' )  [ RunTime:0.0001s ]
INFO: [ view_parse ] --START--
INFO: [ template_filter ] --START--
INFO: Run Behavior\ContentReplaceBehavior [ RunTime:0.000054s ]
INFO: [ template_filter ] --END-- [ RunTime:0.000165s ]
INFO: Run Behavior\ParseTemplateBehavior [ RunTime:0.010812s ]
INFO: [ view_parse ] --END-- [ RunTime:0.010921s ]
INFO: [ view_filter ] --START--
INFO: Run Behavior\WriteHtmlCacheBehavior [ RunTime:0.000073s ]
INFO: [ view_filter ] --END-- [ RunTime:0.000163s ]
INFO: [ app_end ] --START--
INFO: Run Behavior\ShowPageTraceBehavior [ RunTime:0.000086s ]
INFO: [ app_end ] --END-- [ RunTime:0.000183s ]

[ 2015-07-14T14:09:56+08:00 ] 222.128.72.210 /zhier/index.php/Admin/Product/
INFO: [ app_init ] --START--
INFO: Run Behavior\BuildLiteBehavior [ RunTime:0.000025s ]
INFO: [ app_init ] --END-- [ RunTime:0.000170s ]
INFO: [ app_begin ] --START--
INFO: Run Behavior\ReadHtmlCacheBehavior [ RunTime:0.000061s ]
INFO: [ app_begin ] --END-- [ RunTime:0.000154s ]
SQL: SHOW COLUMNS FROM `fruit_type` [ RunTime:0.0006s ]
SQL: SELECT * FROM `fruit_type`  [ RunTime:0.0001s ]
SQL: SHOW COLUMNS FROM `fruit` [ RunTime:0.0007s ]
SQL: SELECT * FROM `fruit` WHERE ( `type_id`='1' ) ORDER BY `order` DESC  [ RunTime:0.0004s ]
INFO: [ view_parse ] --START--
INFO: [ template_filter ] --START--
INFO: Run Behavior\ContentReplaceBehavior [ RunTime:0.000066s ]
INFO: [ template_filter ] --END-- [ RunTime:0.000176s ]
INFO: Run Behavior\ParseTemplateBehavior [ RunTime:0.026402s ]
INFO: [ view_parse ] --END-- [ RunTime:0.026545s ]
INFO: [ view_filter ] --START--
INFO: Run Behavior\WriteHtmlCacheBehavior [ RunTime:0.000060s ]
INFO: [ view_filter ] --END-- [ RunTime:0.000149s ]
INFO: [ app_end ] --START--
INFO: Run Behavior\ShowPageTraceBehavior [ RunTime:0.000060s ]
INFO: [ app_end ] --END-- [ RunTime:0.000166s ]

[ 2015-07-14T14:10:06+08:00 ] 222.128.72.210 /zhier/index.php/Admin/Product/edit/id/2
INFO: [ app_init ] --START--
INFO: Run Behavior\BuildLiteBehavior [ RunTime:0.000029s ]
INFO: [ app_init ] --END-- [ RunTime:0.000197s ]
INFO: [ app_begin ] --START--
INFO: Run Behavior\ReadHtmlCacheBehavior [ RunTime:0.000067s ]
INFO: [ app_begin ] --END-- [ RunTime:0.000164s ]
SQL: SHOW COLUMNS FROM `fruit` [ RunTime:0.0010s ]
SQL: SELECT * FROM `fruit` WHERE ( `fruit_id`='2' )  [ RunTime:0.0003s ]
SQL: SHOW COLUMNS FROM `fruit_addinfo` [ RunTime:0.0004s ]
SQL: SELECT * FROM `fruit_addinfo` WHERE ( `fruit_id`='2' AND `display_order`!=0 ) ORDER BY display_order desc  [ RunTime:0.0001s ]
SQL: SHOW COLUMNS FROM `fruit_type` [ RunTime:0.0004s ]
SQL: SELECT * FROM `fruit_type`  [ RunTime:0.0001s ]
INFO: [ view_parse ] --START--
INFO: [ template_filter ] --START--
INFO: Run Behavior\ContentReplaceBehavior [ RunTime:0.000067s ]
INFO: [ template_filter ] --END-- [ RunTime:0.000194s ]
NOTIC: [8] Undefined variable: data /var/www/zhier/App/Runtime/Cache/Admin/35a64d8c950f0d1e68f44a796e979d7d.php 第 68 行.
INFO: Run Behavior\ParseTemplateBehavior [ RunTime:0.017706s ]
INFO: [ view_parse ] --END-- [ RunTime:0.017810s ]
INFO: [ view_filter ] --START--
INFO: Run Behavior\WriteHtmlCacheBehavior [ RunTime:0.000072s ]
INFO: [ view_filter ] --END-- [ RunTime:0.000164s ]
INFO: [ app_end ] --START--
INFO: Run Behavior\ShowPageTraceBehavior [ RunTime:0.000068s ]
INFO: [ app_end ] --END-- [ RunTime:0.000158s ]

[ 2015-07-14T14:23:34+08:00 ] 101.226.33.228 /zhier/index.php/Admin/Product
INFO: [ app_init ] --START--
INFO: Run Behavior\BuildLiteBehavior [ RunTime:0.000025s ]
INFO: [ app_init ] --END-- [ RunTime:0.000173s ]
INFO: [ app_begin ] --START--
INFO: Run Behavior\ReadHtmlCacheBehavior [ RunTime:0.000067s ]
INFO: [ app_begin ] --END-- [ RunTime:0.000162s ]
NOTIC: [8] Undefined index: admin /var/www/zhier/App/Common/Common/function.php 第 6 行.

[ 2015-07-14T14:23:34+08:00 ] 101.226.33.228 /zhier/index.php/Admin/Admin/
INFO: [ app_init ] --START--
INFO: Run Behavior\BuildLiteBehavior [ RunTime:0.000020s ]
INFO: [ app_init ] --END-- [ RunTime:0.000141s ]
INFO: [ app_begin ] --START--
INFO: Run Behavior\ReadHtmlCacheBehavior [ RunTime:0.000059s ]
INFO: [ app_begin ] --END-- [ RunTime:0.000153s ]
INFO: [ view_parse ] --START--
INFO: [ template_filter ] --START--
INFO: Run Behavior\ContentReplaceBehavior [ RunTime:0.000056s ]
INFO: [ template_filter ] --END-- [ RunTime:0.000150s ]
NOTIC: [8] Undefined variable: opinion /var/www/zhier/App/Runtime/Cache/Admin/7d5bae8f2106a04379ef690681e93072.php 第 67 行.
NOTIC: [8] Undefined variable: opinion /var/www/zhier/App/Runtime/Cache/Admin/7d5bae8f2106a04379ef690681e93072.php 第 68 行.
NOTIC: [8] Undefined variable: opinion /var/www/zhier/App/Runtime/Cache/Admin/7d5bae8f2106a04379ef690681e93072.php 第 70 行.
NOTIC: [8] Undefined variable: opinion /var/www/zhier/App/Runtime/Cache/Admin/7d5bae8f2106a04379ef690681e93072.php 第 71 行.
INFO: Run Behavior\ParseTemplateBehavior [ RunTime:0.002900s ]
INFO: [ view_parse ] --END-- [ RunTime:0.002993s ]
INFO: [ view_filter ] --START--
INFO: Run Behavior\WriteHtmlCacheBehavior [ RunTime:0.000067s ]
INFO: [ view_filter ] --END-- [ RunTime:0.000155s ]
INFO: [ app_end ] --START--
INFO: Run Behavior\ShowPageTraceBehavior [ RunTime:0.000067s ]
INFO: [ app_end ] --END-- [ RunTime:0.000155s ]

[ 2015-07-14T14:32:50+08:00 ] 180.153.214.197 /zhier/index.php/Admin/Opinion
INFO: [ app_init ] --START--
INFO: Run Behavior\BuildLiteBehavior [ RunTime:0.000025s ]
INFO: [ app_init ] --END-- [ RunTime:0.000173s ]
INFO: [ app_begin ] --START--
INFO: Run Behavior\ReadHtmlCacheBehavior [ RunTime:0.000073s ]
INFO: [ app_begin ] --END-- [ RunTime:0.000169s ]
NOTIC: [8] Undefined index: admin /var/www/zhier/App/Common/Common/function.php 第 6 行.

[ 2015-07-14T14:32:50+08:00 ] 180.153.214.197 /zhier/index.php/Admin/Admin/
INFO: [ app_init ] --START--
INFO: Run Behavior\BuildLiteBehavior [ RunTime:0.000022s ]
INFO: [ app_init ] --END-- [ RunTime:0.000148s ]
INFO: [ app_begin ] --START--
INFO: Run Behavior\ReadHtmlCacheBehavior [ RunTime:0.000060s ]
INFO: [ app_begin ] --END-- [ RunTime:0.000156s ]
INFO: [ view_parse ] --START--
INFO: [ template_filter ] --START--
INFO: Run Behavior\ContentReplaceBehavior [ RunTime:0.000056s ]
INFO: [ template_filter ] --END-- [ RunTime:0.000152s ]
NOTIC: [8] Undefined variable: opinion /var/www/zhier/App/Runtime/Cache/Admin/7d5bae8f2106a04379ef690681e93072.php 第 67 行.
NOTIC: [8] Undefined variable: opinion /var/www/zhier/App/Runtime/Cache/Admin/7d5bae8f2106a04379ef690681e93072.php 第 68 行.
NOTIC: [8] Undefined variable: opinion /var/www/zhier/App/Runtime/Cache/Admin/7d5bae8f2106a04379ef690681e93072.php 第 70 行.
NOTIC: [8] Undefined variable: opinion /var/www/zhier/App/Runtime/Cache/Admin/7d5bae8f2106a04379ef690681e93072.php 第 71 行.
INFO: Run Behavior\ParseTemplateBehavior [ RunTime:0.002900s ]
INFO: [ view_parse ] --END-- [ RunTime:0.002994s ]
INFO: [ view_filter ] --START--
INFO: Run Behavior\WriteHtmlCacheBehavior [ RunTime:0.000098s ]
INFO: [ view_filter ] --END-- [ RunTime:0.000191s ]
INFO: [ app_end ] --START--
INFO: Run Behavior\ShowPageTraceBehavior [ RunTime:0.000066s ]
INFO: [ app_end ] --END-- [ RunTime:0.000153s ]

[ 2015-07-14T15:14:47+08:00 ] 101.226.33.228 /zhier/index.php/Admin/Opinion
INFO: [ app_init ] --START--
INFO: Run Behavior\BuildLiteBehavior [ RunTime:0.000025s ]
INFO: [ app_init ] --END-- [ RunTime:0.000175s ]
INFO: [ app_begin ] --START--
INFO: Run Behavior\ReadHtmlCacheBehavior [ RunTime:0.000068s ]
INFO: [ app_begin ] --END-- [ RunTime:0.000165s ]
NOTIC: [8] Undefined index: admin /var/www/zhier/App/Common/Common/function.php 第 6 行.

[ 2015-07-14T15:14:48+08:00 ] 101.226.33.228 /zhier/index.php/Admin/Admin/
INFO: [ app_init ] --START--
INFO: Run Behavior\BuildLiteBehavior [ RunTime:0.000022s ]
INFO: [ app_init ] --END-- [ RunTime:0.000141s ]
INFO: [ app_begin ] --START--
INFO: Run Behavior\ReadHtmlCacheBehavior [ RunTime:0.000060s ]
INFO: [ app_begin ] --END-- [ RunTime:0.000157s ]
INFO: [ view_parse ] --START--
INFO: [ template_filter ] --START--
INFO: Run Behavior\ContentReplaceBehavior [ RunTime:0.000055s ]
INFO: [ template_filter ] --END-- [ RunTime:0.000148s ]
NOTIC: [8] Undefined variable: opinion /var/www/zhier/App/Runtime/Cache/Admin/7d5bae8f2106a04379ef690681e93072.php 第 67 行.
NOTIC: [8] Undefined variable: opinion /var/www/zhier/App/Runtime/Cache/Admin/7d5bae8f2106a04379ef690681e93072.php 第 68 行.
NOTIC: [8] Undefined variable: opinion /var/www/zhier/App/Runtime/Cache/Admin/7d5bae8f2106a04379ef690681e93072.php 第 70 行.
NOTIC: [8] Undefined variable: opinion /var/www/zhier/App/Runtime/Cache/Admin/7d5bae8f2106a04379ef690681e93072.php 第 71 行.
INFO: Run Behavior\ParseTemplateBehavior [ RunTime:0.002848s ]
INFO: [ view_parse ] --END-- [ RunTime:0.002942s ]
INFO: [ view_filter ] --START--
INFO: Run Behavior\WriteHtmlCacheBehavior [ RunTime:0.000067s ]
INFO: [ view_filter ] --END-- [ RunTime:0.000154s ]
INFO: [ app_end ] --START--
INFO: Run Behavior\ShowPageTraceBehavior [ RunTime:0.000066s ]
INFO: [ app_end ] --END-- [ RunTime:0.000154s ]

[ 2015-07-14T22:13:57+08:00 ] 115.34.42.94 /zhier/index.php/Admin/Admin/
INFO: [ app_init ] --START--
INFO: Run Behavior\BuildLiteBehavior [ RunTime:0.000025s ]
INFO: [ app_init ] --END-- [ RunTime:0.000168s ]
INFO: [ app_begin ] --START--
INFO: Run Behavior\ReadHtmlCacheBehavior [ RunTime:0.000067s ]
INFO: [ app_begin ] --END-- [ RunTime:0.000162s ]
INFO: [ view_parse ] --START--
INFO: [ template_filter ] --START--
INFO: Run Behavior\ContentReplaceBehavior [ RunTime:0.000057s ]
INFO: [ template_filter ] --END-- [ RunTime:0.000151s ]
NOTIC: [8] Undefined variable: opinion /var/www/zhier/App/Runtime/Cache/Admin/7d5bae8f2106a04379ef690681e93072.php 第 67 行.
NOTIC: [8] Undefined variable: opinion /var/www/zhier/App/Runtime/Cache/Admin/7d5bae8f2106a04379ef690681e93072.php 第 68 行.
NOTIC: [8] Undefined variable: opinion /var/www/zhier/App/Runtime/Cache/Admin/7d5bae8f2106a04379ef690681e93072.php 第 70 行.
NOTIC: [8] Undefined variable: opinion /var/www/zhier/App/Runtime/Cache/Admin/7d5bae8f2106a04379ef690681e93072.php 第 71 行.
INFO: Run Behavior\ParseTemplateBehavior [ RunTime:0.002872s ]
INFO: [ view_parse ] --END-- [ RunTime:0.002966s ]
INFO: [ view_filter ] --START--
INFO: Run Behavior\WriteHtmlCacheBehavior [ RunTime:0.000065s ]
INFO: [ view_filter ] --END-- [ RunTime:0.000153s ]
INFO: [ app_end ] --START--
INFO: Run Behavior\ShowPageTraceBehavior [ RunTime:0.000065s ]
INFO: [ app_end ] --END-- [ RunTime:0.000153s ]

[ 2015-07-14T22:15:52+08:00 ] 115.34.42.94 /zhier/index.php/Admin/Admin/index
INFO: [ app_init ] --START--
INFO: Run Behavior\BuildLiteBehavior [ RunTime:0.000030s ]
INFO: [ app_init ] --END-- [ RunTime:0.000229s ]
INFO: [ app_begin ] --START--
INFO: Run Behavior\ReadHtmlCacheBehavior [ RunTime:0.000072s ]
INFO: [ app_begin ] --END-- [ RunTime:0.000180s ]
SQL: SHOW COLUMNS FROM `admin` [ RunTime:0.0008s ]
SQL: SELECT * FROM `admin` WHERE ( username='bistroatwork@126.com' )  [ RunTime:0.0002s ]
NOTIC: [8] Undefined offset: 0 /var/www/zhier/App/Admin/Controller/AdminController.class.php 第 19 行.
INFO: [ view_parse ] --START--
INFO: [ template_filter ] --START--
INFO: Run Behavior\ContentReplaceBehavior [ RunTime:0.000056s ]
INFO: [ template_filter ] --END-- [ RunTime:0.000158s ]
INFO: Run Behavior\ParseTemplateBehavior [ RunTime:0.002723s ]
INFO: [ view_parse ] --END-- [ RunTime:0.002827s ]
INFO: [ view_filter ] --START--
INFO: Run Behavior\WriteHtmlCacheBehavior [ RunTime:0.000071s ]
INFO: [ view_filter ] --END-- [ RunTime:0.000157s ]

[ 2015-07-14T22:19:37+08:00 ] 115.34.42.94 /zhier/index.php/Admin/Admin/index
INFO: [ app_init ] --START--
INFO: Run Behavior\BuildLiteBehavior [ RunTime:0.000026s ]
INFO: [ app_init ] --END-- [ RunTime:0.000172s ]
INFO: [ app_begin ] --START--
INFO: Run Behavior\ReadHtmlCacheBehavior [ RunTime:0.000059s ]
INFO: [ app_begin ] --END-- [ RunTime:0.000155s ]
SQL: SHOW COLUMNS FROM `admin` [ RunTime:0.0007s ]
SQL: SELECT * FROM `admin` WHERE ( username='admin' )  [ RunTime:0.0001s ]
INFO: [ view_parse ] --START--
INFO: [ template_filter ] --START--
INFO: Run Behavior\ContentReplaceBehavior [ RunTime:0.000049s ]
INFO: [ template_filter ] --END-- [ RunTime:0.000143s ]
INFO: Run Behavior\ParseTemplateBehavior [ RunTime:0.002317s ]
INFO: [ view_parse ] --END-- [ RunTime:0.002415s ]
INFO: [ view_filter ] --START--
INFO: Run Behavior\WriteHtmlCacheBehavior [ RunTime:0.000066s ]
INFO: [ view_filter ] --END-- [ RunTime:0.000153s ]
INFO: [ app_end ] --START--
INFO: Run Behavior\ShowPageTraceBehavior [ RunTime:0.000065s ]
INFO: [ app_end ] --END-- [ RunTime:0.000153s ]

[ 2015-07-14T22:19:39+08:00 ] 115.34.42.94 /zhier/index.php/Admin/Product/
INFO: [ app_init ] --START--
INFO: Run Behavior\BuildLiteBehavior [ RunTime:0.000024s ]
INFO: [ app_init ] --END-- [ RunTime:0.000160s ]
INFO: [ app_begin ] --START--
INFO: Run Behavior\ReadHtmlCacheBehavior [ RunTime:0.000061s ]
INFO: [ app_begin ] --END-- [ RunTime:0.000155s ]
NOTIC: [8] Undefined index: admin /var/www/zhier/App/Common/Common/function.php 第 6 行.

[ 2015-07-14T22:19:39+08:00 ] 115.34.42.94 /zhier/index.php/Admin/Admin/
INFO: [ app_init ] --START--
INFO: Run Behavior\BuildLiteBehavior [ RunTime:0.000021s ]
INFO: [ app_init ] --END-- [ RunTime:0.000135s ]
INFO: [ app_begin ] --START--
INFO: Run Behavior\ReadHtmlCacheBehavior [ RunTime:0.000056s ]
INFO: [ app_begin ] --END-- [ RunTime:0.000149s ]
INFO: [ view_parse ] --START--
INFO: [ template_filter ] --START--
INFO: Run Behavior\ContentReplaceBehavior [ RunTime:0.000055s ]
INFO: [ template_filter ] --END-- [ RunTime:0.000149s ]
NOTIC: [8] Undefined variable: opinion /var/www/zhier/App/Runtime/Cache/Admin/7d5bae8f2106a04379ef690681e93072.php 第 67 行.
NOTIC: [8] Undefined variable: opinion /var/www/zhier/App/Runtime/Cache/Admin/7d5bae8f2106a04379ef690681e93072.php 第 68 行.
NOTIC: [8] Undefined variable: opinion /var/www/zhier/App/Runtime/Cache/Admin/7d5bae8f2106a04379ef690681e93072.php 第 70 行.
NOTIC: [8] Undefined variable: opinion /var/www/zhier/App/Runtime/Cache/Admin/7d5bae8f2106a04379ef690681e93072.php 第 71 行.
INFO: Run Behavior\ParseTemplateBehavior [ RunTime:0.002806s ]
INFO: [ view_parse ] --END-- [ RunTime:0.002920s ]
INFO: [ view_filter ] --START--
INFO: Run Behavior\WriteHtmlCacheBehavior [ RunTime:0.000058s ]
INFO: [ view_filter ] --END-- [ RunTime:0.000144s ]
INFO: [ app_end ] --START--
INFO: Run Behavior\ShowPageTraceBehavior [ RunTime:0.000061s ]
INFO: [ app_end ] --END-- [ RunTime:0.000150s ]

[ 2015-07-14T22:20:45+08:00 ] 115.34.42.94 /zhier/index.php/Admin/Admin/index
INFO: [ app_init ] --START--
INFO: Run Behavior\BuildLiteBehavior [ RunTime:0.000032s ]
INFO: [ app_init ] --END-- [ RunTime:0.000230s ]
INFO: [ app_begin ] --START--
INFO: Run Behavior\ReadHtmlCacheBehavior [ RunTime:0.000072s ]
INFO: [ app_begin ] --END-- [ RunTime:0.000180s ]
SQL: SHOW COLUMNS FROM `admin` [ RunTime:0.0008s ]
SQL: SELECT * FROM `admin` WHERE ( username='admin' )  [ RunTime:0.0001s ]
INFO: [ view_parse ] --START--
INFO: [ template_filter ] --START--
INFO: Run Behavior\ContentReplaceBehavior [ RunTime:0.000054s ]
INFO: [ template_filter ] --END-- [ RunTime:0.000172s ]
INFO: Run Behavior\ParseTemplateBehavior [ RunTime:0.003202s ]
INFO: [ view_parse ] --END-- [ RunTime:0.003319s ]
INFO: [ view_filter ] --START--
INFO: Run Behavior\WriteHtmlCacheBehavior [ RunTime:0.000072s ]
INFO: [ view_filter ] --END-- [ RunTime:0.000159s ]
INFO: [ app_end ] --START--
INFO: Run Behavior\ShowPageTraceBehavior [ RunTime:0.000078s ]
INFO: [ app_end ] --END-- [ RunTime:0.000168s ]

[ 2015-07-14T22:20:47+08:00 ] 115.34.42.94 /zhier/index.php/Admin/Product/
INFO: [ app_init ] --START--
INFO: Run Behavior\BuildLiteBehavior [ RunTime:0.000024s ]
INFO: [ app_init ] --END-- [ RunTime:0.000165s ]
INFO: [ app_begin ] --START--
INFO: Run Behavior\ReadHtmlCacheBehavior [ RunTime:0.000093s ]
INFO: [ app_begin ] --END-- [ RunTime:0.000190s ]
SQL: SHOW COLUMNS FROM `fruit_type` [ RunTime:0.0007s ]
SQL: SELECT * FROM `fruit_type`  [ RunTime:0.0001s ]
SQL: SHOW COLUMNS FROM `fruit` [ RunTime:0.0007s ]
SQL: SELECT * FROM `fruit` WHERE ( `type_id`='1' ) ORDER BY `order` DESC  [ RunTime:0.0004s ]
INFO: [ view_parse ] --START--
INFO: [ template_filter ] --START--
INFO: Run Behavior\ContentReplaceBehavior [ RunTime:0.000065s ]
INFO: [ template_filter ] --END-- [ RunTime:0.000167s ]
INFO: Run Behavior\ParseTemplateBehavior [ RunTime:0.007437s ]
INFO: [ view_parse ] --END-- [ RunTime:0.007540s ]
INFO: [ view_filter ] --START--
INFO: Run Behavior\WriteHtmlCacheBehavior [ RunTime:0.000059s ]
INFO: [ view_filter ] --END-- [ RunTime:0.000147s ]
INFO: [ app_end ] --START--
INFO: Run Behavior\ShowPageTraceBehavior [ RunTime:0.000059s ]
INFO: [ app_end ] --END-- [ RunTime:0.000147s ]

[ 2015-07-14T22:21:26+08:00 ] 115.34.42.94 /zhier/index.php/Admin/Product/edit/id/9
INFO: [ app_init ] --START--
INFO: Run Behavior\BuildLiteBehavior [ RunTime:0.000025s ]
INFO: [ app_init ] --END-- [ RunTime:0.000172s ]
INFO: [ app_begin ] --START--
INFO: Run Behavior\ReadHtmlCacheBehavior [ RunTime:0.000067s ]
INFO: [ app_begin ] --END-- [ RunTime:0.000163s ]
SQL: SHOW COLUMNS FROM `fruit` [ RunTime:0.0009s ]
SQL: SELECT * FROM `fruit` WHERE ( `fruit_id`='9' )  [ RunTime:0.0003s ]
SQL: SHOW COLUMNS FROM `fruit_addinfo` [ RunTime:0.0004s ]
SQL: SELECT * FROM `fruit_addinfo` WHERE ( `fruit_id`='9' AND `display_order`!=0 ) ORDER BY display_order desc  [ RunTime:0.0001s ]
SQL: SHOW COLUMNS FROM `fruit_type` [ RunTime:0.0004s ]
SQL: SELECT * FROM `fruit_type`  [ RunTime:0.0001s ]
INFO: [ view_parse ] --START--
INFO: [ template_filter ] --START--
INFO: Run Behavior\ContentReplaceBehavior [ RunTime:0.000066s ]
INFO: [ template_filter ] --END-- [ RunTime:0.000161s ]
NOTIC: [8] Undefined variable: data /var/www/zhier/App/Runtime/Cache/Admin/35a64d8c950f0d1e68f44a796e979d7d.php 第 68 行.
INFO: Run Behavior\ParseTemplateBehavior [ RunTime:0.006755s ]
INFO: [ view_parse ] --END-- [ RunTime:0.006851s ]
INFO: [ view_filter ] --START--
INFO: Run Behavior\WriteHtmlCacheBehavior [ RunTime:0.000067s ]
INFO: [ view_filter ] --END-- [ RunTime:0.000154s ]
INFO: [ app_end ] --START--
INFO: Run Behavior\ShowPageTraceBehavior [ RunTime:0.000066s ]
INFO: [ app_end ] --END-- [ RunTime:0.000154s ]

[ 2015-07-14T22:22:21+08:00 ] 115.34.42.94 /zhier/index.php/Admin/Product/edit/id/9
INFO: [ app_init ] --START--
INFO: Run Behavior\BuildLiteBehavior [ RunTime:0.000026s ]
INFO: [ app_init ] --END-- [ RunTime:0.000174s ]
INFO: [ app_begin ] --START--
INFO: Run Behavior\ReadHtmlCacheBehavior [ RunTime:0.000065s ]
INFO: [ app_begin ] --END-- [ RunTime:0.000161s ]
SQL: SHOW COLUMNS FROM `fruit` [ RunTime:0.0009s ]
SQL: SELECT * FROM `fruit` WHERE ( `fruit_id`='9' )  [ RunTime:0.0001s ]
SQL: SHOW COLUMNS FROM `fruit_addinfo` [ RunTime:0.0004s ]
SQL: SELECT * FROM `fruit_addinfo` WHERE ( `fruit_id`='9' AND `display_order`!=0 ) ORDER BY display_order desc  [ RunTime:0.0001s ]
SQL: SHOW COLUMNS FROM `fruit_type` [ RunTime:0.0004s ]
SQL: SELECT * FROM `fruit_type`  [ RunTime:0.0001s ]
INFO: [ view_parse ] --START--
INFO: [ template_filter ] --START--
INFO: Run Behavior\ContentReplaceBehavior [ RunTime:0.000067s ]
INFO: [ template_filter ] --END-- [ RunTime:0.000162s ]
NOTIC: [8] Undefined variable: data /var/www/zhier/App/Runtime/Cache/Admin/35a64d8c950f0d1e68f44a796e979d7d.php 第 68 行.
INFO: Run Behavior\ParseTemplateBehavior [ RunTime:0.006790s ]
INFO: [ view_parse ] --END-- [ RunTime:0.006887s ]
INFO: [ view_filter ] --START--
INFO: Run Behavior\WriteHtmlCacheBehavior [ RunTime:0.000064s ]
INFO: [ view_filter ] --END-- [ RunTime:0.000152s ]
INFO: [ app_end ] --START--
INFO: Run Behavior\ShowPageTraceBehavior [ RunTime:0.000063s ]
INFO: [ app_end ] --END-- [ RunTime:0.000153s ]

[ 2015-07-14T22:24:43+08:00 ] 115.34.42.94 /zhier/index.php/Admin/Product
INFO: [ app_init ] --START--
INFO: Run Behavior\BuildLiteBehavior [ RunTime:0.000025s ]
INFO: [ app_init ] --END-- [ RunTime:0.000175s ]
INFO: [ app_begin ] --START--
INFO: Run Behavior\ReadHtmlCacheBehavior [ RunTime:0.000066s ]
INFO: [ app_begin ] --END-- [ RunTime:0.000162s ]
SQL: SHOW COLUMNS FROM `fruit_type` [ RunTime:0.0006s ]
SQL: SELECT * FROM `fruit_type`  [ RunTime:0.0001s ]
SQL: SHOW COLUMNS FROM `fruit` [ RunTime:0.0007s ]
SQL: SELECT * FROM `fruit` WHERE ( `type_id`='1' ) ORDER BY `order` DESC  [ RunTime:0.0001s ]
INFO: [ view_parse ] --START--
INFO: [ template_filter ] --START--
INFO: Run Behavior\ContentReplaceBehavior [ RunTime:0.000065s ]
INFO: [ template_filter ] --END-- [ RunTime:0.000160s ]
INFO: Run Behavior\ParseTemplateBehavior [ RunTime:0.007118s ]
INFO: [ view_parse ] --END-- [ RunTime:0.007218s ]
INFO: [ view_filter ] --START--
INFO: Run Behavior\WriteHtmlCacheBehavior [ RunTime:0.000066s ]
INFO: [ view_filter ] --END-- [ RunTime:0.000155s ]
INFO: [ app_end ] --START--
INFO: Run Behavior\ShowPageTraceBehavior [ RunTime:0.000066s ]
INFO: [ app_end ] --END-- [ RunTime:0.000153s ]

[ 2015-07-14T22:24:46+08:00 ] 115.34.42.94 /zhier/index.php/Admin/User
INFO: [ app_init ] --START--
INFO: Run Behavior\BuildLiteBehavior [ RunTime:0.000025s ]
INFO: [ app_init ] --END-- [ RunTime:0.000169s ]
INFO: [ app_begin ] --START--
INFO: Run Behavior\ReadHtmlCacheBehavior [ RunTime:0.000066s ]
INFO: [ app_begin ] --END-- [ RunTime:0.000160s ]
SQL: SHOW COLUMNS FROM `user` [ RunTime:0.0007s ]
SQL: 
SELECT
	u.*, o.office_name,
	a.mobile,
	a.location_detail,
	FROM_UNIXTIME(od.ctime,"%Y-%m-%d") lastbuy,
	COUNT(od.user_id) allbuy
FROM
	`user` u
LEFT JOIN user_address a ON u.user_id = a.user_id
LEFT JOIN location_office o ON a.location = o.office_id
LEFT JOIN `order` od ON u.user_id=od.user_id
GROUP BY u.user_id
		 [ RunTime:0.0008s ]
INFO: [ view_parse ] --START--
INFO: [ template_filter ] --START--
INFO: Run Behavior\ContentReplaceBehavior [ RunTime:0.000068s ]
INFO: [ template_filter ] --END-- [ RunTime:0.000166s ]
NOTIC: [8] Undefined variable: type /var/www/zhier/App/Runtime/Cache/Admin/4295d5db477f3199c8db51638416159f.php 第 28 行.
NOTIC: [8] Undefined variable: data /var/www/zhier/App/Runtime/Cache/Admin/4295d5db477f3199c8db51638416159f.php 第 32 行.
NOTIC: [8] Undefined variable: data /var/www/zhier/App/Runtime/Cache/Admin/4295d5db477f3199c8db51638416159f.php 第 35 行.
NOTIC: [8] Undefined variable: data /var/www/zhier/App/Runtime/Cache/Admin/4295d5db477f3199c8db51638416159f.php 第 32 行.
NOTIC: [8] Undefined variable: data /var/www/zhier/App/Runtime/Cache/Admin/4295d5db477f3199c8db51638416159f.php 第 35 行.
NOTIC: [8] Undefined variable: data /var/www/zhier/App/Runtime/Cache/Admin/4295d5db477f3199c8db51638416159f.php 第 32 行.
NOTIC: [8] Undefined variable: data /var/www/zhier/App/Runtime/Cache/Admin/4295d5db477f3199c8db51638416159f.php 第 35 行.
NOTIC: [8] Undefined variable: data /var/www/zhier/App/Runtime/Cache/Admin/4295d5db477f3199c8db51638416159f.php 第 32 行.
NOTIC: [8] Undefined variable: data /var/www/zhier/App/Runtime/Cache/Admin/4295d5db477f3199c8db51638416159f.php 第 35 行.
NOTIC: [8] Undefined variable: data /var/www/zhier/App/Runtime/Cache/Admin/4295d5db477f3199c8db51638416159f.php 第 32 行.
NOTIC: [8] Undefined variable: data /var/www/zhier/App/Runtime/Cache/Admin/4295d5db477f3199c8db51638416159f.php 第 35 行.
NOTIC: [8] Undefined variable: data /var/www/zhier/App/Runtime/Cache/Admin/4295d5db477f3199c8db51638416159f.php 第 32 行.
NOTIC: [8] Undefined variable: data /var/www/zhier/App/Runtime/Cache/Admin/4295d5db477f3199c8db51638416159f.php 第 35 行.
NOTIC: [8] Undefined variable: data /var/www/zhier/App/Runtime/Cache/Admin/4295d5db477f3199c8db51638416159f.php 第 32 行.
NOTIC: [8] Undefined variable: data /var/www/zhier/App/Runtime/Cache/Admin/4295d5db477f3199c8db51638416159f.php 第 35 行.
NOTIC: [8] Undefined variable: data /var/www/zhier/App/Runtime/Cache/Admin/4295d5db477f3199c8db51638416159f.php 第 32 行.
NOTIC: [8] Undefined variable: data /var/www/zhier/App/Runtime/Cache/Admin/4295d5db477f3199c8db51638416159f.php 第 35 行.
NOTIC: [8] Undefined variable: data /var/www/zhier/App/Runtime/Cache/Admin/4295d5db477f3199c8db51638416159f.php 第 32 行.
NOTIC: [8] Undefined variable: data /var/www/zhier/App/Runtime/Cache/Admin/4295d5db477f3199c8db51638416159f.php 第 35 行.
NOTIC: [8] Undefined variable: data /var/www/zhier/App/Runtime/Cache/Admin/4295d5db477f3199c8db51638416159f.php 第 32 行.
NOTIC: [8] Undefined variable: data /var/www/zhier/App/Runtime/Cache/Admin/4295d5db477f3199c8db51638416159f.php 第 35 行.
NOTIC: [8] Undefined variable: data /var/www/zhier/App/Runtime/Cache/Admin/4295d5db477f3199c8db51638416159f.php 第 32 行.
NOTIC: [8] Undefined variable: data /var/www/zhier/App/Runtime/Cache/Admin/4295d5db477f3199c8db51638416159f.php 第 35 行.
NOTIC: [8] Undefined variable: data /var/www/zhier/App/Runtime/Cache/Admin/4295d5db477f3199c8db51638416159f.php 第 32 行.
NOTIC: [8] Undefined variable: data /var/www/zhier/App/Runtime/Cache/Admin/4295d5db477f3199c8db51638416159f.php 第 35 行.
NOTIC: [8] Undefined variable: data /var/www/zhier/App/Runtime/Cache/Admin/4295d5db477f3199c8db51638416159f.php 第 32 行.
NOTIC: [8] Undefined variable: data /var/www/zhier/App/Runtime/Cache/Admin/4295d5db477f3199c8db51638416159f.php 第 35 行.
NOTIC: [8] Undefined variable: data /var/www/zhier/App/Runtime/Cache/Admin/4295d5db477f3199c8db51638416159f.php 第 32 行.
NOTIC: [8] Undefined variable: data /var/www/zhier/App/Runtime/Cache/Admin/4295d5db477f3199c8db51638416159f.php 第 35 行.
NOTIC: [8] Undefined variable: data /var/www/zhier/App/Runtime/Cache/Admin/4295d5db477f3199c8db51638416159f.php 第 32 行.
NOTIC: [8] Undefined variable: data /var/www/zhier/App/Runtime/Cache/Admin/4295d5db477f3199c8db51638416159f.php 第 35 行.
NOTIC: [8] Undefined variable: data /var/www/zhier/App/Runtime/Cache/Admin/4295d5db477f3199c8db51638416159f.php 第 32 行.
NOTIC: [8] Undefined variable: data /var/www/zhier/App/Runtime/Cache/Admin/4295d5db477f3199c8db51638416159f.php 第 35 行.
NOTIC: [8] Undefined variable: data /var/www/zhier/App/Runtime/Cache/Admin/4295d5db477f3199c8db51638416159f.php 第 32 行.
NOTIC: [8] Undefined variable: data /var/www/zhier/App/Runtime/Cache/Admin/4295d5db477f3199c8db51638416159f.php 第 35 行.
NOTIC: [8] Undefined variable: data /var/www/zhier/App/Runtime/Cache/Admin/4295d5db477f3199c8db51638416159f.php 第 32 行.
NOTIC: [8] Undefined variable: data /var/www/zhier/App/Runtime/Cache/Admin/4295d5db477f3199c8db51638416159f.php 第 35 行.
NOTIC: [8] Undefined variable: data /var/www/zhier/App/Runtime/Cache/Admin/4295d5db477f3199c8db51638416159f.php 第 32 行.
NOTIC: [8] Undefined variable: data /var/www/zhier/App/Runtime/Cache/Admin/4295d5db477f3199c8db51638416159f.php 第 35 行.
NOTIC: [8] Undefined variable: data /var/www/zhier/App/Runtime/Cache/Admin/4295d5db477f3199c8db51638416159f.php 第 32 行.
NOTIC: [8] Undefined variable: data /var/www/zhier/App/Runtime/Cache/Admin/4295d5db477f3199c8db51638416159f.php 第 35 行.
NOTIC: [8] Undefined variable: data /var/www/zhier/App/Runtime/Cache/Admin/4295d5db477f3199c8db51638416159f.php 第 32 行.
NOTIC: [8] Undefined variable: data /var/www/zhier/App/Runtime/Cache/Admin/4295d5db477f3199c8db51638416159f.php 第 35 行.
NOTIC: [8] Undefined variable: data /var/www/zhier/App/Runtime/Cache/Admin/4295d5db477f3199c8db51638416159f.php 第 32 行.
NOTIC: [8] Undefined variable: data /var/www/zhier/App/Runtime/Cache/Admin/4295d5db477f3199c8db51638416159f.php 第 35 行.
NOTIC: [8] Undefined variable: data /var/www/zhier/App/Runtime/Cache/Admin/4295d5db477f3199c8db51638416159f.php 第 32 行.
NOTIC: [8] Undefined variable: data /var/www/zhier/App/Runtime/Cache/Admin/4295d5db477f3199c8db51638416159f.php 第 35 行.
NOTIC: [8] Undefined variable: data /var/www/zhier/App/Runtime/Cache/Admin/4295d5db477f3199c8db51638416159f.php 第 32 行.
NOTIC: [8] Undefined variable: data /var/www/zhier/App/Runtime/Cache/Admin/4295d5db477f3199c8db51638416159f.php 第 35 行.
NOTIC: [8] Undefined variable: data /var/www/zhier/App/Runtime/Cache/Admin/4295d5db477f3199c8db51638416159f.php 第 32 行.
NOTIC: [8] Undefined variable: data /var/www/zhier/App/Runtime/Cache/Admin/4295d5db477f3199c8db51638416159f.php 第 35 行.
NOTIC: [8] Undefined variable: data /var/www/zhier/App/Runtime/Cache/Admin/4295d5db477f3199c8db51638416159f.php 第 32 行.
NOTIC: [8] Undefined variable: data /var/www/zhier/App/Runtime/Cache/Admin/4295d5db477f3199c8db51638416159f.php 第 35 行.
NOTIC: [8] Undefined variable: data /var/www/zhier/App/Runtime/Cache/Admin/4295d5db477f3199c8db51638416159f.php 第 32 行.
NOTIC: [8] Undefined variable: data /var/www/zhier/App/Runtime/Cache/Admin/4295d5db477f3199c8db51638416159f.php 第 35 行.
INFO: Run Behavior\ParseTemplateBehavior [ RunTime:0.016905s ]
INFO: [ view_parse ] --END-- [ RunTime:0.017001s ]
INFO: [ view_filter ] --START--
INFO: Run Behavior\WriteHtmlCacheBehavior [ RunTime:0.000064s ]
INFO: [ view_filter ] --END-- [ RunTime:0.000152s ]
INFO: [ app_end ] --START--
INFO: Run Behavior\ShowPageTraceBehavior [ RunTime:0.000066s ]
INFO: [ app_end ] --END-- [ RunTime:0.000157s ]

[ 2015-07-14T22:25:47+08:00 ] 115.34.42.94 /zhier/index.php/Admin/Index
INFO: [ app_init ] --START--
INFO: Run Behavior\BuildLiteBehavior [ RunTime:0.000030s ]
INFO: [ app_init ] --END-- [ RunTime:0.000223s ]
INFO: [ app_begin ] --START--
INFO: Run Behavior\ReadHtmlCacheBehavior [ RunTime:0.000083s ]
INFO: [ app_begin ] --END-- [ RunTime:0.000184s ]
SQL: SHOW COLUMNS FROM `order` [ RunTime:0.0008s ]
NOTIC: [8] Undefined variable: limit /var/www/zhier/App/Admin/Controller/IndexController.class.php 第 28 行.
SQL: SELECT * FROM `order` WHERE (  `status`='1'  ) ORDER BY order_id DESC  [ RunTime:0.0004s ]
SQL: SHOW COLUMNS FROM `location_office` [ RunTime:0.0004s ]
SQL: SELECT * FROM `location_office`  [ RunTime:0.0001s ]
SQL: SHOW COLUMNS FROM `order_detail` [ RunTime:0.0006s ]
SQL: SELECT count(1) num FROM `order` WHERE ( `user_id`='123' )  [ RunTime:0.0002s ]
SQL: SELECT * FROM `order_detail` WHERE ( `order_id`='12425' )  [ RunTime:0.0001s ]
SQL: SELECT count(1) num FROM `order` WHERE ( `user_id`='123' )  [ RunTime:0.0001s ]
SQL: SELECT * FROM `order_detail` WHERE ( `order_id`='12424' )  [ RunTime:0.0001s ]
SQL: SELECT count(1) num FROM `order` WHERE ( `user_id`='109' )  [ RunTime:0.0002s ]
SQL: SELECT * FROM `order_detail` WHERE ( `order_id`='12422' )  [ RunTime:0.0002s ]
SQL: SELECT count(1) num FROM `order` WHERE ( `user_id`='106' )  [ RunTime:0.0002s ]
SQL: SELECT * FROM `order_detail` WHERE ( `order_id`='12421' )  [ RunTime:0.0002s ]
INFO: [ view_parse ] --START--
INFO: [ template_filter ] --START--
INFO: Run Behavior\ContentReplaceBehavior [ RunTime:0.000075s ]
INFO: [ template_filter ] --END-- [ RunTime:0.000173s ]
INFO: Run Behavior\ParseTemplateBehavior [ RunTime:0.019859s ]
INFO: [ view_parse ] --END-- [ RunTime:0.020011s ]
INFO: [ view_filter ] --START--
INFO: Run Behavior\WriteHtmlCacheBehavior [ RunTime:0.000071s ]
INFO: [ view_filter ] --END-- [ RunTime:0.000161s ]
INFO: [ app_end ] --START--
INFO: Run Behavior\ShowPageTraceBehavior [ RunTime:0.000081s ]
INFO: [ app_end ] --END-- [ RunTime:0.000175s ]

[ 2015-07-14T22:26:22+08:00 ] 115.34.42.94 /zhier/index.php/Admin/Index/changestatus/orderid/12425/tostatus/3
INFO: [ app_init ] --START--
INFO: Run Behavior\BuildLiteBehavior [ RunTime:0.000025s ]
INFO: [ app_init ] --END-- [ RunTime:0.000172s ]
INFO: [ app_begin ] --START--
INFO: Run Behavior\ReadHtmlCacheBehavior [ RunTime:0.000068s ]
INFO: [ app_begin ] --END-- [ RunTime:0.000151s ]
SQL: SHOW COLUMNS FROM `order` [ RunTime:0.0008s ]
SQL: UPDATE `order` SET `status`='3' WHERE `order_id` = 12425 [ RunTime:0.0079s ]

[ 2015-07-14T22:26:24+08:00 ] 115.34.42.94 /zhier/index.php/Admin/Index/index/filter/3
INFO: [ app_init ] --START--
INFO: Run Behavior\BuildLiteBehavior [ RunTime:0.000025s ]
INFO: [ app_init ] --END-- [ RunTime:0.000164s ]
INFO: [ app_begin ] --START--
INFO: Run Behavior\ReadHtmlCacheBehavior [ RunTime:0.000063s ]
INFO: [ app_begin ] --END-- [ RunTime:0.000159s ]
SQL: SHOW COLUMNS FROM `order` [ RunTime:0.0008s ]
NOTIC: [8] Undefined variable: limit /var/www/zhier/App/Admin/Controller/IndexController.class.php 第 28 行.
SQL: SELECT * FROM `order` WHERE (  `status`='3'  ) ORDER BY order_id DESC  [ RunTime:0.0003s ]
SQL: SHOW COLUMNS FROM `location_office` [ RunTime:0.0004s ]
SQL: SELECT * FROM `location_office`  [ RunTime:0.0001s ]
SQL: SHOW COLUMNS FROM `order_detail` [ RunTime:0.0005s ]
SQL: SELECT count(1) num FROM `order` WHERE ( `user_id`='123' )  [ RunTime:0.0002s ]
SQL: SELECT * FROM `order_detail` WHERE ( `order_id`='12425' )  [ RunTime:0.0001s ]
SQL: SELECT count(1) num FROM `order` WHERE ( `user_id`='106' )  [ RunTime:0.0002s ]
SQL: SELECT * FROM `order_detail` WHERE ( `order_id`='12418' )  [ RunTime:0.0002s ]
SQL: SELECT count(1) num FROM `order` WHERE ( `user_id`='106' )  [ RunTime:0.0001s ]
SQL: SELECT * FROM `order_detail` WHERE ( `order_id`='12416' )  [ RunTime:0.0002s ]
SQL: SELECT count(1) num FROM `order` WHERE ( `user_id`='106' )  [ RunTime:0.0001s ]
SQL: SELECT * FROM `order_detail` WHERE ( `order_id`='12414' )  [ RunTime:0.0002s ]
SQL: SELECT count(1) num FROM `order` WHERE ( `user_id`='115' )  [ RunTime:0.0002s ]
SQL: SELECT * FROM `order_detail` WHERE ( `order_id`='12403' )  [ RunTime:0.0002s ]
INFO: [ view_parse ] --START--
INFO: [ template_filter ] --START--
INFO: Run Behavior\ContentReplaceBehavior [ RunTime:0.000072s ]
INFO: [ template_filter ] --END-- [ RunTime:0.000169s ]
INFO: Run Behavior\ParseTemplateBehavior [ RunTime:0.010083s ]
INFO: [ view_parse ] --END-- [ RunTime:0.010182s ]
INFO: [ view_filter ] --START--
INFO: Run Behavior\WriteHtmlCacheBehavior [ RunTime:0.000069s ]
INFO: [ view_filter ] --END-- [ RunTime:0.000181s ]
INFO: [ app_end ] --START--
INFO: Run Behavior\ShowPageTraceBehavior [ RunTime:0.000069s ]
INFO: [ app_end ] --END-- [ RunTime:0.000162s ]

[ 2015-07-14T22:26:28+08:00 ] 115.34.42.94 /zhier/index.php/Admin/Index/changestatus/orderid/12425/tostatus/4
INFO: [ app_init ] --START--
INFO: Run Behavior\BuildLiteBehavior [ RunTime:0.000028s ]
INFO: [ app_init ] --END-- [ RunTime:0.000205s ]
INFO: [ app_begin ] --START--
INFO: Run Behavior\ReadHtmlCacheBehavior [ RunTime:0.000066s ]
INFO: [ app_begin ] --END-- [ RunTime:0.000148s ]
SQL: SHOW COLUMNS FROM `order` [ RunTime:0.0008s ]
SQL: UPDATE `order` SET `status`='4' WHERE `order_id` = 12425 [ RunTime:0.0077s ]

[ 2015-07-14T22:26:30+08:00 ] 115.34.42.94 /zhier/index.php/Admin/Index/index/filter/4
INFO: [ app_init ] --START--
INFO: Run Behavior\BuildLiteBehavior [ RunTime:0.000025s ]
INFO: [ app_init ] --END-- [ RunTime:0.000163s ]
INFO: [ app_begin ] --START--
INFO: Run Behavior\ReadHtmlCacheBehavior [ RunTime:0.000062s ]
INFO: [ app_begin ] --END-- [ RunTime:0.000157s ]
SQL: SHOW COLUMNS FROM `order` [ RunTime:0.0007s ]
SQL: SELECT * FROM `order` WHERE (  `status`='4'  ) ORDER BY order_id DESC LIMIT 10   [ RunTime:0.0003s ]
SQL: SHOW COLUMNS FROM `location_office` [ RunTime:0.0004s ]
SQL: SELECT * FROM `location_office`  [ RunTime:0.0001s ]
SQL: SHOW COLUMNS FROM `order_detail` [ RunTime:0.0005s ]
SQL: SELECT count(1) num FROM `order` WHERE ( `user_id`='123' )  [ RunTime:0.0002s ]
SQL: SELECT * FROM `order_detail` WHERE ( `order_id`='12425' )  [ RunTime:0.0001s ]
SQL: SELECT count(1) num FROM `order` WHERE ( `user_id`='106' )  [ RunTime:0.0002s ]
SQL: SELECT * FROM `order_detail` WHERE ( `order_id`='12417' )  [ RunTime:0.0002s ]
SQL: SELECT count(1) num FROM `order` WHERE ( `user_id`='109' )  [ RunTime:0.0002s ]
SQL: SELECT * FROM `order_detail` WHERE ( `order_id`='12412' )  [ RunTime:0.0002s ]
SQL: SELECT count(1) num FROM `order` WHERE ( `user_id`='109' )  [ RunTime:0.0001s ]
SQL: SELECT * FROM `order_detail` WHERE ( `order_id`='12411' )  [ RunTime:0.0002s ]
SQL: SELECT count(1) num FROM `order` WHERE ( `user_id`='109' )  [ RunTime:0.0001s ]
SQL: SELECT * FROM `order_detail` WHERE ( `order_id`='12410' )  [ RunTime:0.0002s ]
SQL: SELECT count(1) num FROM `order` WHERE ( `user_id`='109' )  [ RunTime:0.0001s ]
SQL: SELECT * FROM `order_detail` WHERE ( `order_id`='12409' )  [ RunTime:0.0002s ]
SQL: SELECT count(1) num FROM `order` WHERE ( `user_id`='109' )  [ RunTime:0.0001s ]
SQL: SELECT * FROM `order_detail` WHERE ( `order_id`='12408' )  [ RunTime:0.0002s ]
SQL: SELECT count(1) num FROM `order` WHERE ( `user_id`='112' )  [ RunTime:0.0002s ]
SQL: SELECT * FROM `order_detail` WHERE ( `order_id`='12407' )  [ RunTime:0.0002s ]
SQL: SELECT count(1) num FROM `order` WHERE ( `user_id`='112' )  [ RunTime:0.0001s ]
SQL: SELECT * FROM `order_detail` WHERE ( `order_id`='12406' )  [ RunTime:0.0002s ]
SQL: SELECT count(1) num FROM `order` WHERE ( `user_id`='111' )  [ RunTime:0.0002s ]
SQL: SELECT * FROM `order_detail` WHERE ( `order_id`='12405' )  [ RunTime:0.0002s ]
INFO: [ view_parse ] --START--
INFO: [ template_filter ] --START--
INFO: Run Behavior\ContentReplaceBehavior [ RunTime:0.000073s ]
INFO: [ template_filter ] --END-- [ RunTime:0.000172s ]
INFO: Run Behavior\ParseTemplateBehavior [ RunTime:0.010610s ]
INFO: [ view_parse ] --END-- [ RunTime:0.010709s ]
INFO: [ view_filter ] --START--
INFO: Run Behavior\WriteHtmlCacheBehavior [ RunTime:0.000065s ]
INFO: [ view_filter ] --END-- [ RunTime:0.000153s ]
INFO: [ app_end ] --START--
INFO: Run Behavior\ShowPageTraceBehavior [ RunTime:0.000066s ]
INFO: [ app_end ] --END-- [ RunTime:0.000158s ]

[ 2015-07-14T22:28:13+08:00 ] 115.34.42.94 /zhier/index.php/Admin/Index/index/filter/1
INFO: [ app_init ] --START--
INFO: Run Behavior\BuildLiteBehavior [ RunTime:0.000025s ]
INFO: [ app_init ] --END-- [ RunTime:0.000175s ]
INFO: [ app_begin ] --START--
INFO: Run Behavior\ReadHtmlCacheBehavior [ RunTime:0.000068s ]
INFO: [ app_begin ] --END-- [ RunTime:0.000166s ]
SQL: SHOW COLUMNS FROM `order` [ RunTime:0.0008s ]
NOTIC: [8] Undefined variable: limit /var/www/zhier/App/Admin/Controller/IndexController.class.php 第 28 行.
SQL: SELECT * FROM `order` WHERE (  `status`='1'  ) ORDER BY order_id DESC  [ RunTime:0.0003s ]
SQL: SHOW COLUMNS FROM `location_office` [ RunTime:0.0004s ]
SQL: SELECT * FROM `location_office`  [ RunTime:0.0001s ]
SQL: SHOW COLUMNS FROM `order_detail` [ RunTime:0.0005s ]
SQL: SELECT count(1) num FROM `order` WHERE ( `user_id`='123' )  [ RunTime:0.0001s ]
SQL: SELECT * FROM `order_detail` WHERE ( `order_id`='12424' )  [ RunTime:0.0001s ]
SQL: SELECT count(1) num FROM `order` WHERE ( `user_id`='109' )  [ RunTime:0.0001s ]
SQL: SELECT * FROM `order_detail` WHERE ( `order_id`='12422' )  [ RunTime:0.0001s ]
SQL: SELECT count(1) num FROM `order` WHERE ( `user_id`='106' )  [ RunTime:0.0001s ]
SQL: SELECT * FROM `order_detail` WHERE ( `order_id`='12421' )  [ RunTime:0.0001s ]
INFO: [ view_parse ] --START--
INFO: [ template_filter ] --START--
INFO: Run Behavior\ContentReplaceBehavior [ RunTime:0.000072s ]
INFO: [ template_filter ] --END-- [ RunTime:0.000167s ]
INFO: Run Behavior\ParseTemplateBehavior [ RunTime:0.009547s ]
INFO: [ view_parse ] --END-- [ RunTime:0.009646s ]
INFO: [ view_filter ] --START--
INFO: Run Behavior\WriteHtmlCacheBehavior [ RunTime:0.000067s ]
INFO: [ view_filter ] --END-- [ RunTime:0.000155s ]
INFO: [ app_end ] --START--
INFO: Run Behavior\ShowPageTraceBehavior [ RunTime:0.000068s ]
INFO: [ app_end ] --END-- [ RunTime:0.000161s ]

[ 2015-07-14T22:28:15+08:00 ] 115.34.42.94 /zhier/index.php/Admin/Index/index/filter/2
INFO: [ app_init ] --START--
INFO: Run Behavior\BuildLiteBehavior [ RunTime:0.000024s ]
INFO: [ app_init ] --END-- [ RunTime:0.000164s ]
INFO: [ app_begin ] --START--
INFO: Run Behavior\ReadHtmlCacheBehavior [ RunTime:0.000062s ]
INFO: [ app_begin ] --END-- [ RunTime:0.000158s ]
SQL: SHOW COLUMNS FROM `order` [ RunTime:0.0007s ]
NOTIC: [8] Undefined variable: limit /var/www/zhier/App/Admin/Controller/IndexController.class.php 第 28 行.
SQL: SELECT * FROM `order` WHERE (  `status`='2'  ) ORDER BY order_id DESC  [ RunTime:0.0003s ]
SQL: SHOW COLUMNS FROM `location_office` [ RunTime:0.0004s ]
SQL: SELECT * FROM `location_office`  [ RunTime:0.0001s ]
SQL: SHOW COLUMNS FROM `order_detail` [ RunTime:0.0005s ]
SQL: SELECT count(1) num FROM `order` WHERE ( `user_id`='109' )  [ RunTime:0.0001s ]
SQL: SELECT * FROM `order_detail` WHERE ( `order_id`='12423' )  [ RunTime:0.0003s ]
SQL: SELECT count(1) num FROM `order` WHERE ( `user_id`='106' )  [ RunTime:0.0001s ]
SQL: SELECT * FROM `order_detail` WHERE ( `order_id`='12415' )  [ RunTime:0.0002s ]
INFO: [ view_parse ] --START--
INFO: [ template_filter ] --START--
INFO: Run Behavior\ContentReplaceBehavior [ RunTime:0.000071s ]
INFO: [ template_filter ] --END-- [ RunTime:0.000167s ]
INFO: Run Behavior\ParseTemplateBehavior [ RunTime:0.009462s ]
INFO: [ view_parse ] --END-- [ RunTime:0.009560s ]
INFO: [ view_filter ] --START--
INFO: Run Behavior\WriteHtmlCacheBehavior [ RunTime:0.000059s ]
INFO: [ view_filter ] --END-- [ RunTime:0.000146s ]
INFO: [ app_end ] --START--
INFO: Run Behavior\ShowPageTraceBehavior [ RunTime:0.000059s ]
INFO: [ app_end ] --END-- [ RunTime:0.000148s ]

[ 2015-07-14T22:28:18+08:00 ] 115.34.42.94 /zhier/index.php/Admin/Index/index/filter/1
INFO: [ app_init ] --START--
INFO: Run Behavior\BuildLiteBehavior [ RunTime:0.000025s ]
INFO: [ app_init ] --END-- [ RunTime:0.000170s ]
INFO: [ app_begin ] --START--
INFO: Run Behavior\ReadHtmlCacheBehavior [ RunTime:0.000066s ]
INFO: [ app_begin ] --END-- [ RunTime:0.000162s ]
SQL: SHOW COLUMNS FROM `order` [ RunTime:0.0007s ]
NOTIC: [8] Undefined variable: limit /var/www/zhier/App/Admin/Controller/IndexController.class.php 第 28 行.
SQL: SELECT * FROM `order` WHERE (  `status`='1'  ) ORDER BY order_id DESC  [ RunTime:0.0001s ]
SQL: SHOW COLUMNS FROM `location_office` [ RunTime:0.0004s ]
SQL: SELECT * FROM `location_office`  [ RunTime:0.0001s ]
SQL: SHOW COLUMNS FROM `order_detail` [ RunTime:0.0005s ]
SQL: SELECT count(1) num FROM `order` WHERE ( `user_id`='123' )  [ RunTime:0.0001s ]
SQL: SELECT * FROM `order_detail` WHERE ( `order_id`='12424' )  [ RunTime:0.0001s ]
SQL: SELECT count(1) num FROM `order` WHERE ( `user_id`='109' )  [ RunTime:0.0001s ]
SQL: SELECT * FROM `order_detail` WHERE ( `order_id`='12422' )  [ RunTime:0.0001s ]
SQL: SELECT count(1) num FROM `order` WHERE ( `user_id`='106' )  [ RunTime:0.0001s ]
SQL: SELECT * FROM `order_detail` WHERE ( `order_id`='12421' )  [ RunTime:0.0001s ]
INFO: [ view_parse ] --START--
INFO: [ template_filter ] --START--
INFO: Run Behavior\ContentReplaceBehavior [ RunTime:0.000071s ]
INFO: [ template_filter ] --END-- [ RunTime:0.000195s ]
INFO: Run Behavior\ParseTemplateBehavior [ RunTime:0.009623s ]
INFO: [ view_parse ] --END-- [ RunTime:0.009721s ]
INFO: [ view_filter ] --START--
INFO: Run Behavior\WriteHtmlCacheBehavior [ RunTime:0.000064s ]
INFO: [ view_filter ] --END-- [ RunTime:0.000151s ]
INFO: [ app_end ] --START--
INFO: Run Behavior\ShowPageTraceBehavior [ RunTime:0.000065s ]
INFO: [ app_end ] --END-- [ RunTime:0.000155s ]

[ 2015-07-14T22:28:30+08:00 ] 115.34.42.94 /zhier/index.php/Admin/Index/index/filter/5
INFO: [ app_init ] --START--
INFO: Run Behavior\BuildLiteBehavior [ RunTime:0.000025s ]
INFO: [ app_init ] --END-- [ RunTime:0.000172s ]
INFO: [ app_begin ] --START--
INFO: Run Behavior\ReadHtmlCacheBehavior [ RunTime:0.000068s ]
INFO: [ app_begin ] --END-- [ RunTime:0.000164s ]
SQL: SHOW COLUMNS FROM `order` [ RunTime:0.0007s ]
NOTIC: [8] Undefined variable: limit /var/www/zhier/App/Admin/Controller/IndexController.class.php 第 28 行.
SQL: SELECT * FROM `order` WHERE (  `status`='5'  ) ORDER BY order_id DESC  [ RunTime:0.0004s ]
SQL: SHOW COLUMNS FROM `location_office` [ RunTime:0.0004s ]
SQL: SELECT * FROM `location_office`  [ RunTime:0.0001s ]
SQL: SHOW COLUMNS FROM `order_detail` [ RunTime:0.0006s ]
SQL: SELECT count(1) num FROM `order` WHERE ( `user_id`='106' )  [ RunTime:0.0001s ]
SQL: SELECT * FROM `order_detail` WHERE ( `order_id`='12420' )  [ RunTime:0.0002s ]
SQL: SELECT count(1) num FROM `order` WHERE ( `user_id`='123' )  [ RunTime:0.0001s ]
SQL: SELECT * FROM `order_detail` WHERE ( `order_id`='12419' )  [ RunTime:0.0001s ]
SQL: SELECT count(1) num FROM `order` WHERE ( `user_id`='106' )  [ RunTime:0.0001s ]
SQL: SELECT * FROM `order_detail` WHERE ( `order_id`='12413' )  [ RunTime:0.0002s ]
INFO: [ view_parse ] --START--
INFO: [ template_filter ] --START--
INFO: Run Behavior\ContentReplaceBehavior [ RunTime:0.000070s ]
INFO: [ template_filter ] --END-- [ RunTime:0.000166s ]
INFO: Run Behavior\ParseTemplateBehavior [ RunTime:0.009669s ]
INFO: [ view_parse ] --END-- [ RunTime:0.009769s ]
INFO: [ view_filter ] --START--
INFO: Run Behavior\WriteHtmlCacheBehavior [ RunTime:0.000066s ]
INFO: [ view_filter ] --END-- [ RunTime:0.000154s ]
INFO: [ app_end ] --START--
INFO: Run Behavior\ShowPageTraceBehavior [ RunTime:0.000067s ]
INFO: [ app_end ] --END-- [ RunTime:0.000157s ]

[ 2015-07-14T22:28:38+08:00 ] 115.34.42.94 /zhier/index.php/Admin/Index/index/filter/4
INFO: [ app_init ] --START--
INFO: Run Behavior\BuildLiteBehavior [ RunTime:0.000025s ]
INFO: [ app_init ] --END-- [ RunTime:0.000173s ]
INFO: [ app_begin ] --START--
INFO: Run Behavior\ReadHtmlCacheBehavior [ RunTime:0.000068s ]
INFO: [ app_begin ] --END-- [ RunTime:0.000164s ]
SQL: SHOW COLUMNS FROM `order` [ RunTime:0.0008s ]
SQL: SELECT * FROM `order` WHERE (  `status`='4'  ) ORDER BY order_id DESC LIMIT 10   [ RunTime:0.0001s ]
SQL: SHOW COLUMNS FROM `location_office` [ RunTime:0.0004s ]
SQL: SELECT * FROM `location_office`  [ RunTime:0.0001s ]
SQL: SHOW COLUMNS FROM `order_detail` [ RunTime:0.0005s ]
SQL: SELECT count(1) num FROM `order` WHERE ( `user_id`='123' )  [ RunTime:0.0001s ]
SQL: SELECT * FROM `order_detail` WHERE ( `order_id`='12425' )  [ RunTime:0.0001s ]
SQL: SELECT count(1) num FROM `order` WHERE ( `user_id`='106' )  [ RunTime:0.0001s ]
SQL: SELECT * FROM `order_detail` WHERE ( `order_id`='12417' )  [ RunTime:0.0001s ]
SQL: SELECT count(1) num FROM `order` WHERE ( `user_id`='109' )  [ RunTime:0.0001s ]
SQL: SELECT * FROM `order_detail` WHERE ( `order_id`='12412' )  [ RunTime:0.0001s ]
SQL: SELECT count(1) num FROM `order` WHERE ( `user_id`='109' )  [ RunTime:0.0001s ]
SQL: SELECT * FROM `order_detail` WHERE ( `order_id`='12411' )  [ RunTime:0.0001s ]
SQL: SELECT count(1) num FROM `order` WHERE ( `user_id`='109' )  [ RunTime:0.0001s ]
SQL: SELECT * FROM `order_detail` WHERE ( `order_id`='12410' )  [ RunTime:0.0001s ]
SQL: SELECT count(1) num FROM `order` WHERE ( `user_id`='109' )  [ RunTime:0.0001s ]
SQL: SELECT * FROM `order_detail` WHERE ( `order_id`='12409' )  [ RunTime:0.0001s ]
SQL: SELECT count(1) num FROM `order` WHERE ( `user_id`='109' )  [ RunTime:0.0001s ]
SQL: SELECT * FROM `order_detail` WHERE ( `order_id`='12408' )  [ RunTime:0.0001s ]
SQL: SELECT count(1) num FROM `order` WHERE ( `user_id`='112' )  [ RunTime:0.0001s ]
SQL: SELECT * FROM `order_detail` WHERE ( `order_id`='12407' )  [ RunTime:0.0001s ]
SQL: SELECT count(1) num FROM `order` WHERE ( `user_id`='112' )  [ RunTime:0.0001s ]
SQL: SELECT * FROM `order_detail` WHERE ( `order_id`='12406' )  [ RunTime:0.0001s ]
SQL: SELECT count(1) num FROM `order` WHERE ( `user_id`='111' )  [ RunTime:0.0001s ]
SQL: SELECT * FROM `order_detail` WHERE ( `order_id`='12405' )  [ RunTime:0.0001s ]
INFO: [ view_parse ] --START--
INFO: [ template_filter ] --START--
INFO: Run Behavior\ContentReplaceBehavior [ RunTime:0.000073s ]
INFO: [ template_filter ] --END-- [ RunTime:0.000173s ]
INFO: Run Behavior\ParseTemplateBehavior [ RunTime:0.009766s ]
INFO: [ view_parse ] --END-- [ RunTime:0.009912s ]
INFO: [ view_filter ] --START--
INFO: Run Behavior\WriteHtmlCacheBehavior [ RunTime:0.000067s ]
INFO: [ view_filter ] --END-- [ RunTime:0.000156s ]
INFO: [ app_end ] --START--
INFO: Run Behavior\ShowPageTraceBehavior [ RunTime:0.000069s ]
INFO: [ app_end ] --END-- [ RunTime:0.000161s ]

[ 2015-07-14T22:28:41+08:00 ] 115.34.42.94 /zhier/index.php/Admin/Index/index/filter/5
INFO: [ app_init ] --START--
INFO: Run Behavior\BuildLiteBehavior [ RunTime:0.000025s ]
INFO: [ app_init ] --END-- [ RunTime:0.000172s ]
INFO: [ app_begin ] --START--
INFO: Run Behavior\ReadHtmlCacheBehavior [ RunTime:0.000065s ]
INFO: [ app_begin ] --END-- [ RunTime:0.000160s ]
SQL: SHOW COLUMNS FROM `order` [ RunTime:0.0008s ]
NOTIC: [8] Undefined variable: limit /var/www/zhier/App/Admin/Controller/IndexController.class.php 第 28 行.
SQL: SELECT * FROM `order` WHERE (  `status`='5'  ) ORDER BY order_id DESC  [ RunTime:0.0001s ]
SQL: SHOW COLUMNS FROM `location_office` [ RunTime:0.0004s ]
SQL: SELECT * FROM `location_office`  [ RunTime:0.0001s ]
SQL: SHOW COLUMNS FROM `order_detail` [ RunTime:0.0005s ]
SQL: SELECT count(1) num FROM `order` WHERE ( `user_id`='106' )  [ RunTime:0.0001s ]
SQL: SELECT * FROM `order_detail` WHERE ( `order_id`='12420' )  [ RunTime:0.0001s ]
SQL: SELECT count(1) num FROM `order` WHERE ( `user_id`='123' )  [ RunTime:0.0001s ]
SQL: SELECT * FROM `order_detail` WHERE ( `order_id`='12419' )  [ RunTime:0.0001s ]
SQL: SELECT count(1) num FROM `order` WHERE ( `user_id`='106' )  [ RunTime:0.0001s ]
SQL: SELECT * FROM `order_detail` WHERE ( `order_id`='12413' )  [ RunTime:0.0001s ]
INFO: [ view_parse ] --START--
INFO: [ template_filter ] --START--
INFO: Run Behavior\ContentReplaceBehavior [ RunTime:0.000072s ]
INFO: [ template_filter ] --END-- [ RunTime:0.000169s ]
INFO: Run Behavior\ParseTemplateBehavior [ RunTime:0.009954s ]
INFO: [ view_parse ] --END-- [ RunTime:0.010052s ]
INFO: [ view_filter ] --START--
INFO: Run Behavior\WriteHtmlCacheBehavior [ RunTime:0.000064s ]
INFO: [ view_filter ] --END-- [ RunTime:0.000153s ]
INFO: [ app_end ] --START--
INFO: Run Behavior\ShowPageTraceBehavior [ RunTime:0.000065s ]
INFO: [ app_end ] --END-- [ RunTime:0.000155s ]

[ 2015-07-14T22:28:43+08:00 ] 115.34.42.94 /zhier/index.php/Admin/Index/index/filter/3
INFO: [ app_init ] --START--
INFO: Run Behavior\BuildLiteBehavior [ RunTime:0.000025s ]
INFO: [ app_init ] --END-- [ RunTime:0.000164s ]
INFO: [ app_begin ] --START--
INFO: Run Behavior\ReadHtmlCacheBehavior [ RunTime:0.000063s ]
INFO: [ app_begin ] --END-- [ RunTime:0.000158s ]
SQL: SHOW COLUMNS FROM `order` [ RunTime:0.0019s ]
NOTIC: [8] Undefined variable: limit /var/www/zhier/App/Admin/Controller/IndexController.class.php 第 28 行.
SQL: SELECT * FROM `order` WHERE (  `status`='3'  ) ORDER BY order_id DESC  [ RunTime:0.0004s ]
SQL: SHOW COLUMNS FROM `location_office` [ RunTime:0.0004s ]
SQL: SELECT * FROM `location_office`  [ RunTime:0.0001s ]
SQL: SHOW COLUMNS FROM `order_detail` [ RunTime:0.0005s ]
SQL: SELECT count(1) num FROM `order` WHERE ( `user_id`='106' )  [ RunTime:0.0001s ]
SQL: SELECT * FROM `order_detail` WHERE ( `order_id`='12418' )  [ RunTime:0.0001s ]
SQL: SELECT count(1) num FROM `order` WHERE ( `user_id`='106' )  [ RunTime:0.0001s ]
SQL: SELECT * FROM `order_detail` WHERE ( `order_id`='12416' )  [ RunTime:0.0001s ]
SQL: SELECT count(1) num FROM `order` WHERE ( `user_id`='106' )  [ RunTime:0.0001s ]
SQL: SELECT * FROM `order_detail` WHERE ( `order_id`='12414' )  [ RunTime:0.0001s ]
SQL: SELECT count(1) num FROM `order` WHERE ( `user_id`='115' )  [ RunTime:0.0002s ]
SQL: SELECT * FROM `order_detail` WHERE ( `order_id`='12403' )  [ RunTime:0.0001s ]
INFO: [ view_parse ] --START--
INFO: [ template_filter ] --START--
INFO: Run Behavior\ContentReplaceBehavior [ RunTime:0.000070s ]
INFO: [ template_filter ] --END-- [ RunTime:0.000168s ]
INFO: Run Behavior\ParseTemplateBehavior [ RunTime:0.009510s ]
INFO: [ view_parse ] --END-- [ RunTime:0.009609s ]
INFO: [ view_filter ] --START--
INFO: Run Behavior\WriteHtmlCacheBehavior [ RunTime:0.000059s ]
INFO: [ view_filter ] --END-- [ RunTime:0.000146s ]
INFO: [ app_end ] --START--
INFO: Run Behavior\ShowPageTraceBehavior [ RunTime:0.000062s ]
INFO: [ app_end ] --END-- [ RunTime:0.000154s ]

[ 2015-07-14T22:28:45+08:00 ] 115.34.42.94 /zhier/index.php/Admin/Index/index/filter/4
INFO: [ app_init ] --START--
INFO: Run Behavior\BuildLiteBehavior [ RunTime:0.000025s ]
INFO: [ app_init ] --END-- [ RunTime:0.000170s ]
INFO: [ app_begin ] --START--
INFO: Run Behavior\ReadHtmlCacheBehavior [ RunTime:0.000065s ]
INFO: [ app_begin ] --END-- [ RunTime:0.000160s ]
SQL: SHOW COLUMNS FROM `order` [ RunTime:0.0007s ]
SQL: SELECT * FROM `order` WHERE (  `status`='4'  ) ORDER BY order_id DESC LIMIT 10   [ RunTime:0.0001s ]
SQL: SHOW COLUMNS FROM `location_office` [ RunTime:0.0004s ]
SQL: SELECT * FROM `location_office`  [ RunTime:0.0001s ]
SQL: SHOW COLUMNS FROM `order_detail` [ RunTime:0.0005s ]
SQL: SELECT count(1) num FROM `order` WHERE ( `user_id`='123' )  [ RunTime:0.0001s ]
SQL: SELECT * FROM `order_detail` WHERE ( `order_id`='12425' )  [ RunTime:0.0001s ]
SQL: SELECT count(1) num FROM `order` WHERE ( `user_id`='106' )  [ RunTime:0.0001s ]
SQL: SELECT * FROM `order_detail` WHERE ( `order_id`='12417' )  [ RunTime:0.0001s ]
SQL: SELECT count(1) num FROM `order` WHERE ( `user_id`='109' )  [ RunTime:0.0001s ]
SQL: SELECT * FROM `order_detail` WHERE ( `order_id`='12412' )  [ RunTime:0.0001s ]
SQL: SELECT count(1) num FROM `order` WHERE ( `user_id`='109' )  [ RunTime:0.0001s ]
SQL: SELECT * FROM `order_detail` WHERE ( `order_id`='12411' )  [ RunTime:0.0001s ]
SQL: SELECT count(1) num FROM `order` WHERE ( `user_id`='109' )  [ RunTime:0.0001s ]
SQL: SELECT * FROM `order_detail` WHERE ( `order_id`='12410' )  [ RunTime:0.0001s ]
SQL: SELECT count(1) num FROM `order` WHERE ( `user_id`='109' )  [ RunTime:0.0001s ]
SQL: SELECT * FROM `order_detail` WHERE ( `order_id`='12409' )  [ RunTime:0.0001s ]
SQL: SELECT count(1) num FROM `order` WHERE ( `user_id`='109' )  [ RunTime:0.0001s ]
SQL: SELECT * FROM `order_detail` WHERE ( `order_id`='12408' )  [ RunTime:0.0001s ]
SQL: SELECT count(1) num FROM `order` WHERE ( `user_id`='112' )  [ RunTime:0.0001s ]
SQL: SELECT * FROM `order_detail` WHERE ( `order_id`='12407' )  [ RunTime:0.0001s ]
SQL: SELECT count(1) num FROM `order` WHERE ( `user_id`='112' )  [ RunTime:0.0001s ]
SQL: SELECT * FROM `order_detail` WHERE ( `order_id`='12406' )  [ RunTime:0.0001s ]
SQL: SELECT count(1) num FROM `order` WHERE ( `user_id`='111' )  [ RunTime:0.0001s ]
SQL: SELECT * FROM `order_detail` WHERE ( `order_id`='12405' )  [ RunTime:0.0001s ]
INFO: [ view_parse ] --START--
INFO: [ template_filter ] --START--
INFO: Run Behavior\ContentReplaceBehavior [ RunTime:0.000074s ]
INFO: [ template_filter ] --END-- [ RunTime:0.000173s ]
INFO: Run Behavior\ParseTemplateBehavior [ RunTime:0.009676s ]
INFO: [ view_parse ] --END-- [ RunTime:0.009776s ]
INFO: [ view_filter ] --START--
INFO: Run Behavior\WriteHtmlCacheBehavior [ RunTime:0.000064s ]
INFO: [ view_filter ] --END-- [ RunTime:0.000152s ]
INFO: [ app_end ] --START--
INFO: Run Behavior\ShowPageTraceBehavior [ RunTime:0.000067s ]
INFO: [ app_end ] --END-- [ RunTime:0.000159s ]

[ 2015-07-14T22:29:11+08:00 ] 115.34.42.94 /zhier/index.php/Admin/Opinion
INFO: [ app_init ] --START--
INFO: Run Behavior\BuildLiteBehavior [ RunTime:0.000025s ]
INFO: [ app_init ] --END-- [ RunTime:0.000171s ]
INFO: [ app_begin ] --START--
INFO: Run Behavior\ReadHtmlCacheBehavior [ RunTime:0.000067s ]
INFO: [ app_begin ] --END-- [ RunTime:0.000162s ]
SQL: SHOW COLUMNS FROM `opinion` [ RunTime:0.0007s ]
SQL: SELECT u.name,o.* FROM opinion o LEFT JOIN user u ON o.user_id=u.user_id WHERE o.`status`='' order by `opinion_id` desc [ RunTime:0.0004s ]
INFO: [ view_parse ] --START--
INFO: [ template_filter ] --START--
INFO: Run Behavior\ContentReplaceBehavior [ RunTime:0.000069s ]
INFO: [ template_filter ] --END-- [ RunTime:0.000184s ]
NOTIC: [8] Undefined variable: data /var/www/zhier/App/Runtime/Cache/Admin/96fb37e019936b72e7741650b56e9262.php 第 34 行.
NOTIC: [2] date() expects parameter 2 to be long, string given /var/www/zhier/App/Runtime/Cache/Admin/96fb37e019936b72e7741650b56e9262.php 第 36 行.
NOTIC: [8] Undefined variable: data /var/www/zhier/App/Runtime/Cache/Admin/96fb37e019936b72e7741650b56e9262.php 第 34 行.
NOTIC: [2] date() expects parameter 2 to be long, string given /var/www/zhier/App/Runtime/Cache/Admin/96fb37e019936b72e7741650b56e9262.php 第 36 行.
NOTIC: [8] Undefined variable: data /var/www/zhier/App/Runtime/Cache/Admin/96fb37e019936b72e7741650b56e9262.php 第 34 行.
NOTIC: [2] date() expects parameter 2 to be long, string given /var/www/zhier/App/Runtime/Cache/Admin/96fb37e019936b72e7741650b56e9262.php 第 36 行.
NOTIC: [8] Undefined variable: data /var/www/zhier/App/Runtime/Cache/Admin/96fb37e019936b72e7741650b56e9262.php 第 34 行.
NOTIC: [2] date() expects parameter 2 to be long, string given /var/www/zhier/App/Runtime/Cache/Admin/96fb37e019936b72e7741650b56e9262.php 第 36 行.
NOTIC: [8] Undefined variable: data /var/www/zhier/App/Runtime/Cache/Admin/96fb37e019936b72e7741650b56e9262.php 第 34 行.
NOTIC: [2] date() expects parameter 2 to be long, string given /var/www/zhier/App/Runtime/Cache/Admin/96fb37e019936b72e7741650b56e9262.php 第 36 行.
NOTIC: [8] Undefined variable: data /var/www/zhier/App/Runtime/Cache/Admin/96fb37e019936b72e7741650b56e9262.php 第 34 行.
NOTIC: [2] date() expects parameter 2 to be long, string given /var/www/zhier/App/Runtime/Cache/Admin/96fb37e019936b72e7741650b56e9262.php 第 36 行.
NOTIC: [8] Undefined variable: data /var/www/zhier/App/Runtime/Cache/Admin/96fb37e019936b72e7741650b56e9262.php 第 34 行.
NOTIC: [2] date() expects parameter 2 to be long, string given /var/www/zhier/App/Runtime/Cache/Admin/96fb37e019936b72e7741650b56e9262.php 第 36 行.
NOTIC: [8] Undefined variable: data /var/www/zhier/App/Runtime/Cache/Admin/96fb37e019936b72e7741650b56e9262.php 第 34 行.
NOTIC: [2] date() expects parameter 2 to be long, string given /var/www/zhier/App/Runtime/Cache/Admin/96fb37e019936b72e7741650b56e9262.php 第 36 行.
NOTIC: [8] Undefined variable: data /var/www/zhier/App/Runtime/Cache/Admin/96fb37e019936b72e7741650b56e9262.php 第 34 行.
NOTIC: [2] date() expects parameter 2 to be long, string given /var/www/zhier/App/Runtime/Cache/Admin/96fb37e019936b72e7741650b56e9262.php 第 36 行.
NOTIC: [8] Undefined variable: data /var/www/zhier/App/Runtime/Cache/Admin/96fb37e019936b72e7741650b56e9262.php 第 34 行.
NOTIC: [2] date() expects parameter 2 to be long, string given /var/www/zhier/App/Runtime/Cache/Admin/96fb37e019936b72e7741650b56e9262.php 第 36 行.
NOTIC: [8] Undefined variable: data /var/www/zhier/App/Runtime/Cache/Admin/96fb37e019936b72e7741650b56e9262.php 第 34 行.
NOTIC: [2] date() expects parameter 2 to be long, string given /var/www/zhier/App/Runtime/Cache/Admin/96fb37e019936b72e7741650b56e9262.php 第 36 行.
NOTIC: [8] Undefined variable: data /var/www/zhier/App/Runtime/Cache/Admin/96fb37e019936b72e7741650b56e9262.php 第 34 行.
NOTIC: [2] date() expects parameter 2 to be long, string given /var/www/zhier/App/Runtime/Cache/Admin/96fb37e019936b72e7741650b56e9262.php 第 36 行.
NOTIC: [8] Undefined variable: data /var/www/zhier/App/Runtime/Cache/Admin/96fb37e019936b72e7741650b56e9262.php 第 34 行.
NOTIC: [2] date() expects parameter 2 to be long, string given /var/www/zhier/App/Runtime/Cache/Admin/96fb37e019936b72e7741650b56e9262.php 第 36 行.
INFO: Run Behavior\ParseTemplateBehavior [ RunTime:0.017384s ]
INFO: [ view_parse ] --END-- [ RunTime:0.017480s ]
INFO: [ view_filter ] --START--
INFO: Run Behavior\WriteHtmlCacheBehavior [ RunTime:0.000066s ]
INFO: [ view_filter ] --END-- [ RunTime:0.000154s ]
INFO: [ app_end ] --START--
INFO: Run Behavior\ShowPageTraceBehavior [ RunTime:0.000065s ]
INFO: [ app_end ] --END-- [ RunTime:0.000153s ]

[ 2015-07-14T22:29:56+08:00 ] 115.34.42.94 /zhier/index.php/Admin/Opinion/edit/id/36
INFO: [ app_init ] --START--
INFO: Run Behavior\BuildLiteBehavior [ RunTime:0.000025s ]
INFO: [ app_init ] --END-- [ RunTime:0.000171s ]
INFO: [ app_begin ] --START--
INFO: Run Behavior\ReadHtmlCacheBehavior [ RunTime:0.000067s ]
INFO: [ app_begin ] --END-- [ RunTime:0.000162s ]
SQL: SHOW COLUMNS FROM `opinion` [ RunTime:0.0007s ]
SQL: SELECT u.name,o.* FROM opinion o LEFT JOIN user u ON o.user_id=u.user_id WHERE `opinion_id`='36' [ RunTime:0.0003s ]
INFO: [ view_parse ] --START--
INFO: [ template_filter ] --START--
INFO: Run Behavior\ContentReplaceBehavior [ RunTime:0.000057s ]
INFO: [ template_filter ] --END-- [ RunTime:0.000150s ]
NOTIC: [8] Undefined variable: data /var/www/zhier/App/Runtime/Cache/Admin/b9bcb78cca80c5ba5e5ff6214e2c97d6.php 第 68 行.
INFO: Run Behavior\ParseTemplateBehavior [ RunTime:0.013721s ]
INFO: [ view_parse ] --END-- [ RunTime:0.013816s ]
INFO: [ view_filter ] --START--
INFO: Run Behavior\WriteHtmlCacheBehavior [ RunTime:0.000061s ]
INFO: [ view_filter ] --END-- [ RunTime:0.000149s ]
INFO: [ app_end ] --START--
INFO: Run Behavior\ShowPageTraceBehavior [ RunTime:0.000063s ]
INFO: [ app_end ] --END-- [ RunTime:0.000150s ]

