[ 2015-06-01T22:19:53+08:00 ] 223.104.3.139 /zhier/index.php/Admin/Admin/
INFO: [ app_init ] --START--
INFO: Run Behavior\BuildLiteBehavior [ RunTime:0.000014s ]
INFO: [ app_init ] --END-- [ RunTime:0.000275s ]
INFO: [ app_begin ] --START--
INFO: Run Behavior\ReadHtmlCacheBehavior [ RunTime:0.000368s ]
INFO: [ app_begin ] --END-- [ RunTime:0.000414s ]
INFO: [ view_parse ] --START--
INFO: [ template_filter ] --START--
INFO: Run Behavior\ContentReplaceBehavior [ RunTime:0.000034s ]
INFO: [ template_filter ] --END-- [ RunTime:0.000081s ]
NOTIC: [8] Undefined variable: opinion /opt/lampp/htdocs/zhier/App/Runtime/Cache/Admin/7d5bae8f2106a04379ef690681e93072.php 第 67 行.
NOTIC: [8] Undefined variable: opinion /opt/lampp/htdocs/zhier/App/Runtime/Cache/Admin/7d5bae8f2106a04379ef690681e93072.php 第 68 行.
NOTIC: [8] Undefined variable: opinion /opt/lampp/htdocs/zhier/App/Runtime/Cache/Admin/7d5bae8f2106a04379ef690681e93072.php 第 70 行.
NOTIC: [8] Undefined variable: opinion /opt/lampp/htdocs/zhier/App/Runtime/Cache/Admin/7d5bae8f2106a04379ef690681e93072.php 第 71 行.
INFO: Run Behavior\ParseTemplateBehavior [ RunTime:0.005173s ]
INFO: [ view_parse ] --END-- [ RunTime:0.005214s ]
INFO: [ view_filter ] --START--
INFO: Run Behavior\WriteHtmlCacheBehavior [ RunTime:0.000108s ]
INFO: [ view_filter ] --END-- [ RunTime:0.000143s ]
INFO: [ app_end ] --START--
INFO: Run Behavior\ShowPageTraceBehavior [ RunTime:0.000366s ]
INFO: [ app_end ] --END-- [ RunTime:0.000414s ]

