[ 2015-07-16T23:23:09+08:00 ] 125.34.74.127 /zhier/index.php/Admin/Admin/
INFO: [ app_init ] --START--
INFO: Run Behavior\BuildLiteBehavior [ RunTime:0.000025s ]
INFO: [ app_init ] --END-- [ RunTime:0.000192s ]
INFO: [ app_begin ] --START--
INFO: Run Behavior\ReadHtmlCacheBehavior [ RunTime:0.000068s ]
INFO: [ app_begin ] --END-- [ RunTime:0.000165s ]
INFO: [ view_parse ] --START--
INFO: [ template_filter ] --START--
INFO: Run Behavior\ContentReplaceBehavior [ RunTime:0.000056s ]
INFO: [ template_filter ] --END-- [ RunTime:0.000149s ]
NOTIC: [8] Undefined variable: opinion /var/www/zhier/App/Runtime/Cache/Admin/7d5bae8f2106a04379ef690681e93072.php 第 67 行.
NOTIC: [8] Undefined variable: opinion /var/www/zhier/App/Runtime/Cache/Admin/7d5bae8f2106a04379ef690681e93072.php 第 68 行.
NOTIC: [8] Undefined variable: opinion /var/www/zhier/App/Runtime/Cache/Admin/7d5bae8f2106a04379ef690681e93072.php 第 70 行.
NOTIC: [8] Undefined variable: opinion /var/www/zhier/App/Runtime/Cache/Admin/7d5bae8f2106a04379ef690681e93072.php 第 71 行.
INFO: Run Behavior\ParseTemplateBehavior [ RunTime:0.002892s ]
INFO: [ view_parse ] --END-- [ RunTime:0.002986s ]
INFO: [ view_filter ] --START--
INFO: Run Behavior\WriteHtmlCacheBehavior [ RunTime:0.000066s ]
INFO: [ view_filter ] --END-- [ RunTime:0.000154s ]
INFO: [ app_end ] --START--
INFO: Run Behavior\ShowPageTraceBehavior [ RunTime:0.000066s ]
INFO: [ app_end ] --END-- [ RunTime:0.000154s ]

[ 2015-07-16T23:23:16+08:00 ] 125.34.74.127 /zhier/index.php/Admin/Admin/index
INFO: [ app_init ] --START--
INFO: Run Behavior\BuildLiteBehavior [ RunTime:0.000025s ]
INFO: [ app_init ] --END-- [ RunTime:0.000172s ]
INFO: [ app_begin ] --START--
INFO: Run Behavior\ReadHtmlCacheBehavior [ RunTime:0.000058s ]
INFO: [ app_begin ] --END-- [ RunTime:0.000171s ]
SQL: SHOW COLUMNS FROM `admin` [ RunTime:0.0006s ]
SQL: SELECT * FROM `admin` WHERE ( username='admin' )  [ RunTime:0.0001s ]
INFO: [ view_parse ] --START--
INFO: [ template_filter ] --START--
INFO: Run Behavior\ContentReplaceBehavior [ RunTime:0.000048s ]
INFO: [ template_filter ] --END-- [ RunTime:0.000141s ]
INFO: Run Behavior\ParseTemplateBehavior [ RunTime:0.002292s ]
INFO: [ view_parse ] --END-- [ RunTime:0.002421s ]
INFO: [ view_filter ] --START--
INFO: Run Behavior\WriteHtmlCacheBehavior [ RunTime:0.000067s ]
INFO: [ view_filter ] --END-- [ RunTime:0.000155s ]
INFO: [ app_end ] --START--
INFO: Run Behavior\ShowPageTraceBehavior [ RunTime:0.000065s ]
INFO: [ app_end ] --END-- [ RunTime:0.000154s ]

[ 2015-07-16T23:23:17+08:00 ] 125.34.74.127 /zhier/index.php/Admin/Product/
INFO: [ app_init ] --START--
INFO: Run Behavior\BuildLiteBehavior [ RunTime:0.000025s ]
INFO: [ app_init ] --END-- [ RunTime:0.000180s ]
INFO: [ app_begin ] --START--
INFO: Run Behavior\ReadHtmlCacheBehavior [ RunTime:0.000062s ]
INFO: [ app_begin ] --END-- [ RunTime:0.000157s ]
SQL: SHOW COLUMNS FROM `fruit_type` [ RunTime:0.0006s ]
SQL: SELECT * FROM `fruit_type`  [ RunTime:0.0001s ]
SQL: SHOW COLUMNS FROM `fruit` [ RunTime:0.0008s ]
SQL: SELECT * FROM `fruit` WHERE ( `type_id`='1' ) ORDER BY `order` DESC  [ RunTime:0.0004s ]
INFO: [ view_parse ] --START--
INFO: [ template_filter ] --START--
INFO: Run Behavior\ContentReplaceBehavior [ RunTime:0.000066s ]
INFO: [ template_filter ] --END-- [ RunTime:0.000162s ]
INFO: Run Behavior\ParseTemplateBehavior [ RunTime:0.007284s ]
INFO: [ view_parse ] --END-- [ RunTime:0.007383s ]
INFO: [ view_filter ] --START--
INFO: Run Behavior\WriteHtmlCacheBehavior [ RunTime:0.000060s ]
INFO: [ view_filter ] --END-- [ RunTime:0.000147s ]
INFO: [ app_end ] --START--
INFO: Run Behavior\ShowPageTraceBehavior [ RunTime:0.000058s ]
INFO: [ app_end ] --END-- [ RunTime:0.000146s ]

[ 2015-07-16T23:23:29+08:00 ] 125.34.74.127 /zhier/index.php/Admin/Product/index/type/2
INFO: [ app_init ] --START--
INFO: Run Behavior\BuildLiteBehavior [ RunTime:0.000025s ]
INFO: [ app_init ] --END-- [ RunTime:0.000171s ]
INFO: [ app_begin ] --START--
INFO: Run Behavior\ReadHtmlCacheBehavior [ RunTime:0.000067s ]
INFO: [ app_begin ] --END-- [ RunTime:0.000161s ]
SQL: SHOW COLUMNS FROM `fruit_type` [ RunTime:0.0006s ]
SQL: SELECT * FROM `fruit_type`  [ RunTime:0.0001s ]
SQL: SHOW COLUMNS FROM `fruit` [ RunTime:0.0007s ]
SQL: SELECT * FROM `fruit` WHERE ( `type_id`='2' ) ORDER BY `order` DESC  [ RunTime:0.0004s ]
INFO: [ view_parse ] --START--
INFO: [ template_filter ] --START--
INFO: Run Behavior\ContentReplaceBehavior [ RunTime:0.000065s ]
INFO: [ template_filter ] --END-- [ RunTime:0.000164s ]
INFO: Run Behavior\ParseTemplateBehavior [ RunTime:0.007246s ]
INFO: [ view_parse ] --END-- [ RunTime:0.007347s ]
INFO: [ view_filter ] --START--
INFO: Run Behavior\WriteHtmlCacheBehavior [ RunTime:0.000064s ]
INFO: [ view_filter ] --END-- [ RunTime:0.000153s ]
INFO: [ app_end ] --START--
INFO: Run Behavior\ShowPageTraceBehavior [ RunTime:0.000064s ]
INFO: [ app_end ] --END-- [ RunTime:0.000152s ]

[ 2015-07-16T23:23:33+08:00 ] 125.34.74.127 /zhier/index.php/Admin/Product/edit/id/7
INFO: [ app_init ] --START--
INFO: Run Behavior\BuildLiteBehavior [ RunTime:0.000025s ]
INFO: [ app_init ] --END-- [ RunTime:0.000173s ]
INFO: [ app_begin ] --START--
INFO: Run Behavior\ReadHtmlCacheBehavior [ RunTime:0.000068s ]
INFO: [ app_begin ] --END-- [ RunTime:0.000163s ]
SQL: SHOW COLUMNS FROM `fruit` [ RunTime:0.0009s ]
SQL: SELECT * FROM `fruit` WHERE ( `fruit_id`='7' )  [ RunTime:0.0003s ]
SQL: SHOW COLUMNS FROM `fruit_addinfo` [ RunTime:0.0004s ]
SQL: SELECT * FROM `fruit_addinfo` WHERE ( `fruit_id`='7' AND `display_order`!=0 ) ORDER BY display_order desc  [ RunTime:0.0001s ]
SQL: SHOW COLUMNS FROM `fruit_type` [ RunTime:0.0004s ]
SQL: SELECT * FROM `fruit_type`  [ RunTime:0.0001s ]
INFO: [ view_parse ] --START--
INFO: [ template_filter ] --START--
INFO: Run Behavior\ContentReplaceBehavior [ RunTime:0.000067s ]
INFO: [ template_filter ] --END-- [ RunTime:0.000163s ]
NOTIC: [8] Undefined variable: data /var/www/zhier/App/Runtime/Cache/Admin/35a64d8c950f0d1e68f44a796e979d7d.php 第 68 行.
INFO: Run Behavior\ParseTemplateBehavior [ RunTime:0.006954s ]
INFO: [ view_parse ] --END-- [ RunTime:0.007051s ]
INFO: [ view_filter ] --START--
INFO: Run Behavior\WriteHtmlCacheBehavior [ RunTime:0.000067s ]
INFO: [ view_filter ] --END-- [ RunTime:0.000155s ]
INFO: [ app_end ] --START--
INFO: Run Behavior\ShowPageTraceBehavior [ RunTime:0.000066s ]
INFO: [ app_end ] --END-- [ RunTime:0.000154s ]

[ 2015-07-16T23:26:18+08:00 ] 125.34.74.127 /zhier/index.php/Admin/Product/edit/id/
INFO: [ app_init ] --START--
INFO: Run Behavior\BuildLiteBehavior [ RunTime:0.000025s ]
INFO: [ app_init ] --END-- [ RunTime:0.000175s ]
INFO: [ app_begin ] --START--
INFO: Run Behavior\ReadHtmlCacheBehavior [ RunTime:0.000061s ]
INFO: [ app_begin ] --END-- [ RunTime:0.000156s ]
SQL: SHOW COLUMNS FROM `fruit` [ RunTime:0.0009s ]
SQL: SELECT * FROM `fruit` WHERE ( `fruit_id`='' )  [ RunTime:0.0004s ]
NOTIC: [8] Undefined offset: 0 /var/www/zhier/App/Admin/Controller/ProductController.class.php 第 89 行.
NOTIC: [2] unlink(): No such file or directory /var/www/zhier/App/Admin/Controller/ProductController.class.php 第 89 行.
SQL: UPDATE `fruit` SET `type_id`='2',`order`='3',`name`='哈密瓜+黄瓜',`intro`='Smelly Cat ',`price`='30',`buys`='78',`redname`='',`detail`='哈密瓜+黄瓜 谁用谁知道<br />',`pic`='/product/2015-07-16-23-26-18-886s.jpg',`utime`='1437060378' WHERE `fruit_id` = 7 [ RunTime:0.0064s ]
INFO: [ view_parse ] --START--
INFO: [ template_filter ] --START--
INFO: Run Behavior\ContentReplaceBehavior [ RunTime:0.000047s ]
INFO: [ template_filter ] --END-- [ RunTime:0.000140s ]
INFO: Run Behavior\ParseTemplateBehavior [ RunTime:0.002247s ]
INFO: [ view_parse ] --END-- [ RunTime:0.002342s ]
INFO: [ view_filter ] --START--
INFO: Run Behavior\WriteHtmlCacheBehavior [ RunTime:0.000066s ]
INFO: [ view_filter ] --END-- [ RunTime:0.000152s ]
INFO: [ app_end ] --START--
INFO: Run Behavior\ShowPageTraceBehavior [ RunTime:0.000065s ]
INFO: [ app_end ] --END-- [ RunTime:0.000153s ]

[ 2015-07-16T23:26:19+08:00 ] 125.34.74.127 /zhier/index.php/Admin/Product/
INFO: [ app_init ] --START--
INFO: Run Behavior\BuildLiteBehavior [ RunTime:0.000025s ]
INFO: [ app_init ] --END-- [ RunTime:0.000162s ]
INFO: [ app_begin ] --START--
INFO: Run Behavior\ReadHtmlCacheBehavior [ RunTime:0.000062s ]
INFO: [ app_begin ] --END-- [ RunTime:0.000156s ]
SQL: SHOW COLUMNS FROM `fruit_type` [ RunTime:0.0006s ]
SQL: SELECT * FROM `fruit_type`  [ RunTime:0.0001s ]
SQL: SHOW COLUMNS FROM `fruit` [ RunTime:0.0007s ]
SQL: SELECT * FROM `fruit` WHERE ( `type_id`='1' ) ORDER BY `order` DESC  [ RunTime:0.0004s ]
INFO: [ view_parse ] --START--
INFO: [ template_filter ] --START--
INFO: Run Behavior\ContentReplaceBehavior [ RunTime:0.000092s ]
INFO: [ template_filter ] --END-- [ RunTime:0.000191s ]
INFO: Run Behavior\ParseTemplateBehavior [ RunTime:0.007229s ]
INFO: [ view_parse ] --END-- [ RunTime:0.007328s ]
INFO: [ view_filter ] --START--
INFO: Run Behavior\WriteHtmlCacheBehavior [ RunTime:0.000059s ]
INFO: [ view_filter ] --END-- [ RunTime:0.000147s ]
INFO: [ app_end ] --START--
INFO: Run Behavior\ShowPageTraceBehavior [ RunTime:0.000060s ]
INFO: [ app_end ] --END-- [ RunTime:0.000147s ]

[ 2015-07-16T23:27:12+08:00 ] 125.34.74.127 /zhier/index.php/Admin/Product/index/type/2
INFO: [ app_init ] --START--
INFO: Run Behavior\BuildLiteBehavior [ RunTime:0.000024s ]
INFO: [ app_init ] --END-- [ RunTime:0.000173s ]
INFO: [ app_begin ] --START--
INFO: Run Behavior\ReadHtmlCacheBehavior [ RunTime:0.000068s ]
INFO: [ app_begin ] --END-- [ RunTime:0.000163s ]
SQL: SHOW COLUMNS FROM `fruit_type` [ RunTime:0.0006s ]
SQL: SELECT * FROM `fruit_type`  [ RunTime:0.0001s ]
SQL: SHOW COLUMNS FROM `fruit` [ RunTime:0.0007s ]
SQL: SELECT * FROM `fruit` WHERE ( `type_id`='2' ) ORDER BY `order` DESC  [ RunTime:0.0003s ]
INFO: [ view_parse ] --START--
INFO: [ template_filter ] --START--
INFO: Run Behavior\ContentReplaceBehavior [ RunTime:0.000065s ]
INFO: [ template_filter ] --END-- [ RunTime:0.000161s ]
INFO: Run Behavior\ParseTemplateBehavior [ RunTime:0.007079s ]
INFO: [ view_parse ] --END-- [ RunTime:0.007225s ]
INFO: [ view_filter ] --START--
INFO: Run Behavior\WriteHtmlCacheBehavior [ RunTime:0.000068s ]
INFO: [ view_filter ] --END-- [ RunTime:0.000156s ]
INFO: [ app_end ] --START--
INFO: Run Behavior\ShowPageTraceBehavior [ RunTime:0.000066s ]
INFO: [ app_end ] --END-- [ RunTime:0.000155s ]

[ 2015-07-16T23:27:46+08:00 ] 125.34.74.127 /zhier/index.php/Admin/Product/edit/id/7
INFO: [ app_init ] --START--
INFO: Run Behavior\BuildLiteBehavior [ RunTime:0.000025s ]
INFO: [ app_init ] --END-- [ RunTime:0.000175s ]
INFO: [ app_begin ] --START--
INFO: Run Behavior\ReadHtmlCacheBehavior [ RunTime:0.000067s ]
INFO: [ app_begin ] --END-- [ RunTime:0.000163s ]
SQL: SHOW COLUMNS FROM `fruit` [ RunTime:0.0010s ]
SQL: SELECT * FROM `fruit` WHERE ( `fruit_id`='7' )  [ RunTime:0.0003s ]
SQL: SHOW COLUMNS FROM `fruit_addinfo` [ RunTime:0.0004s ]
SQL: SELECT * FROM `fruit_addinfo` WHERE ( `fruit_id`='7' AND `display_order`!=0 ) ORDER BY display_order desc  [ RunTime:0.0001s ]
SQL: SHOW COLUMNS FROM `fruit_type` [ RunTime:0.0004s ]
SQL: SELECT * FROM `fruit_type`  [ RunTime:0.0001s ]
INFO: [ view_parse ] --START--
INFO: [ template_filter ] --START--
INFO: Run Behavior\ContentReplaceBehavior [ RunTime:0.000067s ]
INFO: [ template_filter ] --END-- [ RunTime:0.000163s ]
NOTIC: [8] Undefined variable: data /var/www/zhier/App/Runtime/Cache/Admin/35a64d8c950f0d1e68f44a796e979d7d.php 第 68 行.
INFO: Run Behavior\ParseTemplateBehavior [ RunTime:0.006860s ]
INFO: [ view_parse ] --END-- [ RunTime:0.006956s ]
INFO: [ view_filter ] --START--
INFO: Run Behavior\WriteHtmlCacheBehavior [ RunTime:0.000067s ]
INFO: [ view_filter ] --END-- [ RunTime:0.000154s ]
INFO: [ app_end ] --START--
INFO: Run Behavior\ShowPageTraceBehavior [ RunTime:0.000067s ]
INFO: [ app_end ] --END-- [ RunTime:0.000157s ]

[ 2015-07-16T23:27:59+08:00 ] 125.34.74.127 /zhier/index.php/Admin/Product/edit/id/
INFO: [ app_init ] --START--
INFO: Run Behavior\BuildLiteBehavior [ RunTime:0.000025s ]
INFO: [ app_init ] --END-- [ RunTime:0.000174s ]
INFO: [ app_begin ] --START--
INFO: Run Behavior\ReadHtmlCacheBehavior [ RunTime:0.000059s ]
INFO: [ app_begin ] --END-- [ RunTime:0.000154s ]
SQL: SHOW COLUMNS FROM `fruit` [ RunTime:0.0009s ]
SQL: SELECT * FROM `fruit` WHERE ( `fruit_id`='' )  [ RunTime:0.0003s ]
NOTIC: [8] Undefined offset: 0 /var/www/zhier/App/Admin/Controller/ProductController.class.php 第 89 行.
NOTIC: [2] unlink(): No such file or directory /var/www/zhier/App/Admin/Controller/ProductController.class.php 第 89 行.
SQL: UPDATE `fruit` SET `type_id`='2',`order`='3',`name`='哈密瓜+黄瓜',`intro`='Smelly Cat ',`price`='30',`buys`='78',`redname`='',`detail`='哈密瓜+黄瓜 谁用谁知道<br />',`pic`='/product/2015-07-16-23-27-59-685s.jpg',`utime`='1437060479' WHERE `fruit_id` = 7 [ RunTime:0.0054s ]
INFO: [ view_parse ] --START--
INFO: [ template_filter ] --START--
INFO: Run Behavior\ContentReplaceBehavior [ RunTime:0.000047s ]
INFO: [ template_filter ] --END-- [ RunTime:0.000141s ]
INFO: Run Behavior\ParseTemplateBehavior [ RunTime:0.002320s ]
INFO: [ view_parse ] --END-- [ RunTime:0.002416s ]
INFO: [ view_filter ] --START--
INFO: Run Behavior\WriteHtmlCacheBehavior [ RunTime:0.000066s ]
INFO: [ view_filter ] --END-- [ RunTime:0.000153s ]
INFO: [ app_end ] --START--
INFO: Run Behavior\ShowPageTraceBehavior [ RunTime:0.000064s ]
INFO: [ app_end ] --END-- [ RunTime:0.000152s ]

[ 2015-07-16T23:28:00+08:00 ] 125.34.74.127 /zhier/index.php/Admin/Product/
INFO: [ app_init ] --START--
INFO: Run Behavior\BuildLiteBehavior [ RunTime:0.000025s ]
INFO: [ app_init ] --END-- [ RunTime:0.000162s ]
INFO: [ app_begin ] --START--
INFO: Run Behavior\ReadHtmlCacheBehavior [ RunTime:0.000062s ]
INFO: [ app_begin ] --END-- [ RunTime:0.000158s ]
SQL: SHOW COLUMNS FROM `fruit_type` [ RunTime:0.0006s ]
SQL: SELECT * FROM `fruit_type`  [ RunTime:0.0002s ]
SQL: SHOW COLUMNS FROM `fruit` [ RunTime:0.0007s ]
SQL: SELECT * FROM `fruit` WHERE ( `type_id`='1' ) ORDER BY `order` DESC  [ RunTime:0.0004s ]
INFO: [ view_parse ] --START--
INFO: [ template_filter ] --START--
INFO: Run Behavior\ContentReplaceBehavior [ RunTime:0.000067s ]
INFO: [ template_filter ] --END-- [ RunTime:0.000163s ]
INFO: Run Behavior\ParseTemplateBehavior [ RunTime:0.007225s ]
INFO: [ view_parse ] --END-- [ RunTime:0.007324s ]
INFO: [ view_filter ] --START--
INFO: Run Behavior\WriteHtmlCacheBehavior [ RunTime:0.000060s ]
INFO: [ view_filter ] --END-- [ RunTime:0.000148s ]
INFO: [ app_end ] --START--
INFO: Run Behavior\ShowPageTraceBehavior [ RunTime:0.000059s ]
INFO: [ app_end ] --END-- [ RunTime:0.000147s ]

[ 2015-07-16T23:31:30+08:00 ] 125.34.74.127 /zhier/index.php/Admin/Product/index/type/2
INFO: [ app_init ] --START--
INFO: Run Behavior\BuildLiteBehavior [ RunTime:0.000025s ]
INFO: [ app_init ] --END-- [ RunTime:0.000170s ]
INFO: [ app_begin ] --START--
INFO: Run Behavior\ReadHtmlCacheBehavior [ RunTime:0.000067s ]
INFO: [ app_begin ] --END-- [ RunTime:0.000165s ]
SQL: SHOW COLUMNS FROM `fruit_type` [ RunTime:0.0006s ]
SQL: SELECT * FROM `fruit_type`  [ RunTime:0.0001s ]
SQL: SHOW COLUMNS FROM `fruit` [ RunTime:0.0007s ]
SQL: SELECT * FROM `fruit` WHERE ( `type_id`='2' ) ORDER BY `order` DESC  [ RunTime:0.0004s ]
INFO: [ view_parse ] --START--
INFO: [ template_filter ] --START--
INFO: Run Behavior\ContentReplaceBehavior [ RunTime:0.000065s ]
INFO: [ template_filter ] --END-- [ RunTime:0.000163s ]
INFO: Run Behavior\ParseTemplateBehavior [ RunTime:0.007124s ]
INFO: [ view_parse ] --END-- [ RunTime:0.007224s ]
INFO: [ view_filter ] --START--
INFO: Run Behavior\WriteHtmlCacheBehavior [ RunTime:0.000063s ]
INFO: [ view_filter ] --END-- [ RunTime:0.000199s ]
INFO: [ app_end ] --START--
INFO: Run Behavior\ShowPageTraceBehavior [ RunTime:0.000066s ]
INFO: [ app_end ] --END-- [ RunTime:0.000154s ]

[ 2015-07-16T23:31:32+08:00 ] 125.34.74.127 /zhier/index.php/Admin/Product/edit/id/7
INFO: [ app_init ] --START--
INFO: Run Behavior\BuildLiteBehavior [ RunTime:0.000025s ]
INFO: [ app_init ] --END-- [ RunTime:0.000166s ]
INFO: [ app_begin ] --START--
INFO: Run Behavior\ReadHtmlCacheBehavior [ RunTime:0.000064s ]
INFO: [ app_begin ] --END-- [ RunTime:0.000160s ]
SQL: SHOW COLUMNS FROM `fruit` [ RunTime:0.0009s ]
SQL: SELECT * FROM `fruit` WHERE ( `fruit_id`='7' )  [ RunTime:0.0003s ]
SQL: SHOW COLUMNS FROM `fruit_addinfo` [ RunTime:0.0004s ]
SQL: SELECT * FROM `fruit_addinfo` WHERE ( `fruit_id`='7' AND `display_order`!=0 ) ORDER BY display_order desc  [ RunTime:0.0001s ]
SQL: SHOW COLUMNS FROM `fruit_type` [ RunTime:0.0004s ]
SQL: SELECT * FROM `fruit_type`  [ RunTime:0.0001s ]
INFO: [ view_parse ] --START--
INFO: [ template_filter ] --START--
INFO: Run Behavior\ContentReplaceBehavior [ RunTime:0.000065s ]
INFO: [ template_filter ] --END-- [ RunTime:0.000161s ]
NOTIC: [8] Undefined variable: data /var/www/zhier/App/Runtime/Cache/Admin/35a64d8c950f0d1e68f44a796e979d7d.php 第 68 行.
INFO: Run Behavior\ParseTemplateBehavior [ RunTime:0.006634s ]
INFO: [ view_parse ] --END-- [ RunTime:0.006730s ]
INFO: [ view_filter ] --START--
INFO: Run Behavior\WriteHtmlCacheBehavior [ RunTime:0.000059s ]
INFO: [ view_filter ] --END-- [ RunTime:0.000146s ]
INFO: [ app_end ] --START--
INFO: Run Behavior\ShowPageTraceBehavior [ RunTime:0.000061s ]
INFO: [ app_end ] --END-- [ RunTime:0.000153s ]

[ 2015-07-16T23:31:42+08:00 ] 125.34.74.127 /zhier/index.php/Admin/Product/edit/id/
INFO: [ app_init ] --START--
INFO: Run Behavior\BuildLiteBehavior [ RunTime:0.000025s ]
INFO: [ app_init ] --END-- [ RunTime:0.000207s ]
INFO: [ app_begin ] --START--
INFO: Run Behavior\ReadHtmlCacheBehavior [ RunTime:0.000067s ]
INFO: [ app_begin ] --END-- [ RunTime:0.000183s ]
SQL: SHOW COLUMNS FROM `fruit` [ RunTime:0.0009s ]
SQL: SELECT * FROM `fruit` WHERE ( `fruit_id`='' )  [ RunTime:0.0003s ]
NOTIC: [8] Undefined offset: 0 /var/www/zhier/App/Admin/Controller/ProductController.class.php 第 89 行.
NOTIC: [2] unlink(): No such file or directory /var/www/zhier/App/Admin/Controller/ProductController.class.php 第 89 行.
SQL: UPDATE `fruit` SET `type_id`='2',`order`='3',`name`='哈密瓜+黄瓜',`intro`='Smelly Cat ',`price`='30',`buys`='78',`redname`='',`detail`='哈密瓜+黄瓜 谁用谁知道<br />',`pic`='/product/2015-07-16-23-31-42-591s.jpg',`utime`='1437060702' WHERE `fruit_id` = 7 [ RunTime:0.0218s ]
INFO: [ view_parse ] --START--
INFO: [ template_filter ] --START--
INFO: Run Behavior\ContentReplaceBehavior [ RunTime:0.000048s ]
INFO: [ template_filter ] --END-- [ RunTime:0.000141s ]
INFO: Run Behavior\ParseTemplateBehavior [ RunTime:0.002449s ]
INFO: [ view_parse ] --END-- [ RunTime:0.002556s ]
INFO: [ view_filter ] --START--
INFO: Run Behavior\WriteHtmlCacheBehavior [ RunTime:0.000065s ]
INFO: [ view_filter ] --END-- [ RunTime:0.000152s ]
INFO: [ app_end ] --START--
INFO: Run Behavior\ShowPageTraceBehavior [ RunTime:0.000064s ]
INFO: [ app_end ] --END-- [ RunTime:0.000152s ]

[ 2015-07-16T23:31:43+08:00 ] 125.34.74.127 /zhier/index.php/Admin/Product/
INFO: [ app_init ] --START--
INFO: Run Behavior\BuildLiteBehavior [ RunTime:0.000024s ]
INFO: [ app_init ] --END-- [ RunTime:0.000183s ]
INFO: [ app_begin ] --START--
INFO: Run Behavior\ReadHtmlCacheBehavior [ RunTime:0.000065s ]
INFO: [ app_begin ] --END-- [ RunTime:0.000182s ]
SQL: SHOW COLUMNS FROM `fruit_type` [ RunTime:0.0006s ]
SQL: SELECT * FROM `fruit_type`  [ RunTime:0.0001s ]
SQL: SHOW COLUMNS FROM `fruit` [ RunTime:0.0007s ]
SQL: SELECT * FROM `fruit` WHERE ( `type_id`='1' ) ORDER BY `order` DESC  [ RunTime:0.0004s ]
INFO: [ view_parse ] --START--
INFO: [ template_filter ] --START--
INFO: Run Behavior\ContentReplaceBehavior [ RunTime:0.000064s ]
INFO: [ template_filter ] --END-- [ RunTime:0.000161s ]
INFO: Run Behavior\ParseTemplateBehavior [ RunTime:0.007356s ]
INFO: [ view_parse ] --END-- [ RunTime:0.007501s ]
INFO: [ view_filter ] --START--
INFO: Run Behavior\WriteHtmlCacheBehavior [ RunTime:0.000061s ]
INFO: [ view_filter ] --END-- [ RunTime:0.000149s ]
INFO: [ app_end ] --START--
INFO: Run Behavior\ShowPageTraceBehavior [ RunTime:0.000060s ]
INFO: [ app_end ] --END-- [ RunTime:0.000149s ]

[ 2015-07-16T23:33:20+08:00 ] 125.34.74.127 /zhier/index.php/Admin/Product/index/type/2
INFO: [ app_init ] --START--
INFO: Run Behavior\BuildLiteBehavior [ RunTime:0.000026s ]
INFO: [ app_init ] --END-- [ RunTime:0.000174s ]
INFO: [ app_begin ] --START--
INFO: Run Behavior\ReadHtmlCacheBehavior [ RunTime:0.000068s ]
INFO: [ app_begin ] --END-- [ RunTime:0.000163s ]
SQL: SHOW COLUMNS FROM `fruit_type` [ RunTime:0.0006s ]
SQL: SELECT * FROM `fruit_type`  [ RunTime:0.0001s ]
SQL: SHOW COLUMNS FROM `fruit` [ RunTime:0.0007s ]
SQL: SELECT * FROM `fruit` WHERE ( `type_id`='2' ) ORDER BY `order` DESC  [ RunTime:0.0004s ]
INFO: [ view_parse ] --START--
INFO: [ template_filter ] --START--
INFO: Run Behavior\ContentReplaceBehavior [ RunTime:0.000066s ]
INFO: [ template_filter ] --END-- [ RunTime:0.000163s ]
INFO: Run Behavior\ParseTemplateBehavior [ RunTime:0.007188s ]
INFO: [ view_parse ] --END-- [ RunTime:0.007288s ]
INFO: [ view_filter ] --START--
INFO: Run Behavior\WriteHtmlCacheBehavior [ RunTime:0.000067s ]
INFO: [ view_filter ] --END-- [ RunTime:0.000154s ]
INFO: [ app_end ] --START--
INFO: Run Behavior\ShowPageTraceBehavior [ RunTime:0.000065s ]
INFO: [ app_end ] --END-- [ RunTime:0.000154s ]

[ 2015-07-16T23:33:22+08:00 ] 125.34.74.127 /zhier/index.php/Admin/Product/edit/id/5
INFO: [ app_init ] --START--
INFO: Run Behavior\BuildLiteBehavior [ RunTime:0.000025s ]
INFO: [ app_init ] --END-- [ RunTime:0.000163s ]
INFO: [ app_begin ] --START--
INFO: Run Behavior\ReadHtmlCacheBehavior [ RunTime:0.000064s ]
INFO: [ app_begin ] --END-- [ RunTime:0.000160s ]
SQL: SHOW COLUMNS FROM `fruit` [ RunTime:0.0009s ]
SQL: SELECT * FROM `fruit` WHERE ( `fruit_id`='5' )  [ RunTime:0.0002s ]
SQL: SHOW COLUMNS FROM `fruit_addinfo` [ RunTime:0.0004s ]
SQL: SELECT * FROM `fruit_addinfo` WHERE ( `fruit_id`='5' AND `display_order`!=0 ) ORDER BY display_order desc  [ RunTime:0.0002s ]
SQL: SHOW COLUMNS FROM `fruit_type` [ RunTime:0.0004s ]
SQL: SELECT * FROM `fruit_type`  [ RunTime:0.0001s ]
INFO: [ view_parse ] --START--
INFO: [ template_filter ] --START--
INFO: Run Behavior\ContentReplaceBehavior [ RunTime:0.000067s ]
INFO: [ template_filter ] --END-- [ RunTime:0.000162s ]
NOTIC: [8] Undefined variable: data /var/www/zhier/App/Runtime/Cache/Admin/35a64d8c950f0d1e68f44a796e979d7d.php 第 68 行.
INFO: Run Behavior\ParseTemplateBehavior [ RunTime:0.006800s ]
INFO: [ view_parse ] --END-- [ RunTime:0.006895s ]
INFO: [ view_filter ] --START--
INFO: Run Behavior\WriteHtmlCacheBehavior [ RunTime:0.000059s ]
INFO: [ view_filter ] --END-- [ RunTime:0.000146s ]
INFO: [ app_end ] --START--
INFO: Run Behavior\ShowPageTraceBehavior [ RunTime:0.000060s ]
INFO: [ app_end ] --END-- [ RunTime:0.000148s ]

[ 2015-07-16T23:33:35+08:00 ] 125.34.74.127 /zhier/index.php/Admin/Product/edit/id/
INFO: [ app_init ] --START--
INFO: Run Behavior\BuildLiteBehavior [ RunTime:0.000026s ]
INFO: [ app_init ] --END-- [ RunTime:0.000176s ]
INFO: [ app_begin ] --START--
INFO: Run Behavior\ReadHtmlCacheBehavior [ RunTime:0.000060s ]
INFO: [ app_begin ] --END-- [ RunTime:0.000159s ]
SQL: SHOW COLUMNS FROM `fruit` [ RunTime:0.0010s ]
SQL: SELECT * FROM `fruit` WHERE ( `fruit_id`='' )  [ RunTime:0.0003s ]
NOTIC: [8] Undefined offset: 0 /var/www/zhier/App/Admin/Controller/ProductController.class.php 第 89 行.
NOTIC: [2] unlink(): No such file or directory /var/www/zhier/App/Admin/Controller/ProductController.class.php 第 89 行.
SQL: UPDATE `fruit` SET `type_id`='2',`order`='2',`name`='猕猴桃+菠菜',`intro`='My hat ',`price`='32',`buys`='600',`redname`='',`detail`='',`pic`='/product/2015-07-16-23-33-35-846s.jpg',`utime`='1437060815' WHERE `fruit_id` = 5 [ RunTime:0.0079s ]
INFO: [ view_parse ] --START--
INFO: [ template_filter ] --START--
INFO: Run Behavior\ContentReplaceBehavior [ RunTime:0.000047s ]
INFO: [ template_filter ] --END-- [ RunTime:0.000142s ]
INFO: Run Behavior\ParseTemplateBehavior [ RunTime:0.002271s ]
INFO: [ view_parse ] --END-- [ RunTime:0.002368s ]
INFO: [ view_filter ] --START--
INFO: Run Behavior\WriteHtmlCacheBehavior [ RunTime:0.000066s ]
INFO: [ view_filter ] --END-- [ RunTime:0.000152s ]
INFO: [ app_end ] --START--
INFO: Run Behavior\ShowPageTraceBehavior [ RunTime:0.000065s ]
INFO: [ app_end ] --END-- [ RunTime:0.000154s ]

[ 2015-07-16T23:33:36+08:00 ] 125.34.74.127 /zhier/index.php/Admin/Product/
INFO: [ app_init ] --START--
INFO: Run Behavior\BuildLiteBehavior [ RunTime:0.000025s ]
INFO: [ app_init ] --END-- [ RunTime:0.000164s ]
INFO: [ app_begin ] --START--
INFO: Run Behavior\ReadHtmlCacheBehavior [ RunTime:0.000063s ]
INFO: [ app_begin ] --END-- [ RunTime:0.000157s ]
SQL: SHOW COLUMNS FROM `fruit_type` [ RunTime:0.0007s ]
SQL: SELECT * FROM `fruit_type`  [ RunTime:0.0001s ]
SQL: SHOW COLUMNS FROM `fruit` [ RunTime:0.0007s ]
SQL: SELECT * FROM `fruit` WHERE ( `type_id`='1' ) ORDER BY `order` DESC  [ RunTime:0.0003s ]
INFO: [ view_parse ] --START--
INFO: [ template_filter ] --START--
INFO: Run Behavior\ContentReplaceBehavior [ RunTime:0.000064s ]
INFO: [ template_filter ] --END-- [ RunTime:0.000159s ]
INFO: Run Behavior\ParseTemplateBehavior [ RunTime:0.007154s ]
INFO: [ view_parse ] --END-- [ RunTime:0.007253s ]
INFO: [ view_filter ] --START--
INFO: Run Behavior\WriteHtmlCacheBehavior [ RunTime:0.000059s ]
INFO: [ view_filter ] --END-- [ RunTime:0.000146s ]
INFO: [ app_end ] --START--
INFO: Run Behavior\ShowPageTraceBehavior [ RunTime:0.000060s ]
INFO: [ app_end ] --END-- [ RunTime:0.000148s ]

[ 2015-07-16T23:33:39+08:00 ] 125.34.74.127 /zhier/index.php/Admin/Product/index/type/2
INFO: [ app_init ] --START--
INFO: Run Behavior\BuildLiteBehavior [ RunTime:0.000026s ]
INFO: [ app_init ] --END-- [ RunTime:0.000172s ]
INFO: [ app_begin ] --START--
INFO: Run Behavior\ReadHtmlCacheBehavior [ RunTime:0.000066s ]
INFO: [ app_begin ] --END-- [ RunTime:0.000161s ]
SQL: SHOW COLUMNS FROM `fruit_type` [ RunTime:0.0006s ]
SQL: SELECT * FROM `fruit_type`  [ RunTime:0.0001s ]
SQL: SHOW COLUMNS FROM `fruit` [ RunTime:0.0007s ]
SQL: SELECT * FROM `fruit` WHERE ( `type_id`='2' ) ORDER BY `order` DESC  [ RunTime:0.0003s ]
INFO: [ view_parse ] --START--
INFO: [ template_filter ] --START--
INFO: Run Behavior\ContentReplaceBehavior [ RunTime:0.000065s ]
INFO: [ template_filter ] --END-- [ RunTime:0.000161s ]
INFO: Run Behavior\ParseTemplateBehavior [ RunTime:0.007079s ]
INFO: [ view_parse ] --END-- [ RunTime:0.007194s ]
INFO: [ view_filter ] --START--
INFO: Run Behavior\WriteHtmlCacheBehavior [ RunTime:0.000065s ]
INFO: [ view_filter ] --END-- [ RunTime:0.000171s ]
INFO: [ app_end ] --START--
INFO: Run Behavior\ShowPageTraceBehavior [ RunTime:0.000066s ]
INFO: [ app_end ] --END-- [ RunTime:0.000154s ]

[ 2015-07-16T23:33:42+08:00 ] 125.34.74.127 /zhier/index.php/Admin/Product/edit/id/15
INFO: [ app_init ] --START--
INFO: Run Behavior\BuildLiteBehavior [ RunTime:0.000025s ]
INFO: [ app_init ] --END-- [ RunTime:0.000215s ]
INFO: [ app_begin ] --START--
INFO: Run Behavior\ReadHtmlCacheBehavior [ RunTime:0.000067s ]
INFO: [ app_begin ] --END-- [ RunTime:0.000162s ]
SQL: SHOW COLUMNS FROM `fruit` [ RunTime:0.0009s ]
SQL: SELECT * FROM `fruit` WHERE ( `fruit_id`='15' )  [ RunTime:0.0003s ]
SQL: SHOW COLUMNS FROM `fruit_addinfo` [ RunTime:0.0005s ]
SQL: SELECT * FROM `fruit_addinfo` WHERE ( `fruit_id`='15' AND `display_order`!=0 ) ORDER BY display_order desc  [ RunTime:0.0002s ]
SQL: SHOW COLUMNS FROM `fruit_type` [ RunTime:0.0004s ]
SQL: SELECT * FROM `fruit_type`  [ RunTime:0.0001s ]
INFO: [ view_parse ] --START--
INFO: [ template_filter ] --START--
INFO: Run Behavior\ContentReplaceBehavior [ RunTime:0.000068s ]
INFO: [ template_filter ] --END-- [ RunTime:0.000163s ]
NOTIC: [8] Undefined variable: data /var/www/zhier/App/Runtime/Cache/Admin/35a64d8c950f0d1e68f44a796e979d7d.php 第 68 行.
INFO: Run Behavior\ParseTemplateBehavior [ RunTime:0.006824s ]
INFO: [ view_parse ] --END-- [ RunTime:0.006920s ]
INFO: [ view_filter ] --START--
INFO: Run Behavior\WriteHtmlCacheBehavior [ RunTime:0.000064s ]
INFO: [ view_filter ] --END-- [ RunTime:0.000151s ]
INFO: [ app_end ] --START--
INFO: Run Behavior\ShowPageTraceBehavior [ RunTime:0.000064s ]
INFO: [ app_end ] --END-- [ RunTime:0.000153s ]

[ 2015-07-16T23:33:58+08:00 ] 125.34.74.127 /zhier/index.php/Admin/Product/edit/id/
INFO: [ app_init ] --START--
INFO: Run Behavior\BuildLiteBehavior [ RunTime:0.000024s ]
INFO: [ app_init ] --END-- [ RunTime:0.000173s ]
INFO: [ app_begin ] --START--
INFO: Run Behavior\ReadHtmlCacheBehavior [ RunTime:0.000060s ]
INFO: [ app_begin ] --END-- [ RunTime:0.000156s ]
SQL: SHOW COLUMNS FROM `fruit` [ RunTime:0.0009s ]
SQL: SELECT * FROM `fruit` WHERE ( `fruit_id`='' )  [ RunTime:0.0003s ]
NOTIC: [8] Undefined offset: 0 /var/www/zhier/App/Admin/Controller/ProductController.class.php 第 89 行.
NOTIC: [2] unlink(): No such file or directory /var/www/zhier/App/Admin/Controller/ProductController.class.php 第 89 行.
SQL: UPDATE `fruit` SET `type_id`='2',`order`='1',`name`='芒果+苹果',`intro`=' Paris kiss',`price`='36',`buys`='63',`redname`='新西兰奇异果，给力！',`detail`='<p>
	好吃得很
</p>
<p>
	嘻嘻
</p>',`pic`='/product/2015-07-16-23-33-58-315s.jpg',`utime`='1437060838' WHERE `fruit_id` = 15 [ RunTime:0.0067s ]
INFO: [ view_parse ] --START--
INFO: [ template_filter ] --START--
INFO: Run Behavior\ContentReplaceBehavior [ RunTime:0.000047s ]
INFO: [ template_filter ] --END-- [ RunTime:0.000141s ]
INFO: Run Behavior\ParseTemplateBehavior [ RunTime:0.002261s ]
INFO: [ view_parse ] --END-- [ RunTime:0.002358s ]
INFO: [ view_filter ] --START--
INFO: Run Behavior\WriteHtmlCacheBehavior [ RunTime:0.000067s ]
INFO: [ view_filter ] --END-- [ RunTime:0.000153s ]
INFO: [ app_end ] --START--
INFO: Run Behavior\ShowPageTraceBehavior [ RunTime:0.000066s ]
INFO: [ app_end ] --END-- [ RunTime:0.000154s ]

[ 2015-07-16T23:33:59+08:00 ] 125.34.74.127 /zhier/index.php/Admin/Product/
INFO: [ app_init ] --START--
INFO: Run Behavior\BuildLiteBehavior [ RunTime:0.000024s ]
INFO: [ app_init ] --END-- [ RunTime:0.000160s ]
INFO: [ app_begin ] --START--
INFO: Run Behavior\ReadHtmlCacheBehavior [ RunTime:0.000063s ]
INFO: [ app_begin ] --END-- [ RunTime:0.000158s ]
SQL: SHOW COLUMNS FROM `fruit_type` [ RunTime:0.0006s ]
SQL: SELECT * FROM `fruit_type`  [ RunTime:0.0001s ]
SQL: SHOW COLUMNS FROM `fruit` [ RunTime:0.0007s ]
SQL: SELECT * FROM `fruit` WHERE ( `type_id`='1' ) ORDER BY `order` DESC  [ RunTime:0.0003s ]
INFO: [ view_parse ] --START--
INFO: [ template_filter ] --START--
INFO: Run Behavior\ContentReplaceBehavior [ RunTime:0.000064s ]
INFO: [ template_filter ] --END-- [ RunTime:0.000160s ]
INFO: Run Behavior\ParseTemplateBehavior [ RunTime:0.007185s ]
INFO: [ view_parse ] --END-- [ RunTime:0.007286s ]
INFO: [ view_filter ] --START--
INFO: Run Behavior\WriteHtmlCacheBehavior [ RunTime:0.000060s ]
INFO: [ view_filter ] --END-- [ RunTime:0.000149s ]
INFO: [ app_end ] --START--
INFO: Run Behavior\ShowPageTraceBehavior [ RunTime:0.000060s ]
INFO: [ app_end ] --END-- [ RunTime:0.000149s ]

[ 2015-07-16T23:35:49+08:00 ] 125.34.74.127 /zhier/index.php/Admin/Product/edit/id/2
INFO: [ app_init ] --START--
INFO: Run Behavior\BuildLiteBehavior [ RunTime:0.000024s ]
INFO: [ app_init ] --END-- [ RunTime:0.000165s ]
INFO: [ app_begin ] --START--
INFO: Run Behavior\ReadHtmlCacheBehavior [ RunTime:0.000083s ]
INFO: [ app_begin ] --END-- [ RunTime:0.000179s ]
SQL: SHOW COLUMNS FROM `fruit` [ RunTime:0.0009s ]
SQL: SELECT * FROM `fruit` WHERE ( `fruit_id`='2' )  [ RunTime:0.0002s ]
SQL: SHOW COLUMNS FROM `fruit_addinfo` [ RunTime:0.0004s ]
SQL: SELECT * FROM `fruit_addinfo` WHERE ( `fruit_id`='2' AND `display_order`!=0 ) ORDER BY display_order desc  [ RunTime:0.0003s ]
SQL: SHOW COLUMNS FROM `fruit_type` [ RunTime:0.0004s ]
SQL: SELECT * FROM `fruit_type`  [ RunTime:0.0001s ]
INFO: [ view_parse ] --START--
INFO: [ template_filter ] --START--
INFO: Run Behavior\ContentReplaceBehavior [ RunTime:0.000068s ]
INFO: [ template_filter ] --END-- [ RunTime:0.000162s ]
NOTIC: [8] Undefined variable: data /var/www/zhier/App/Runtime/Cache/Admin/35a64d8c950f0d1e68f44a796e979d7d.php 第 68 行.
INFO: Run Behavior\ParseTemplateBehavior [ RunTime:0.006701s ]
INFO: [ view_parse ] --END-- [ RunTime:0.006814s ]
INFO: [ view_filter ] --START--
INFO: Run Behavior\WriteHtmlCacheBehavior [ RunTime:0.000059s ]
INFO: [ view_filter ] --END-- [ RunTime:0.000147s ]
INFO: [ app_end ] --START--
INFO: Run Behavior\ShowPageTraceBehavior [ RunTime:0.000076s ]
INFO: [ app_end ] --END-- [ RunTime:0.000166s ]

[ 2015-07-16T23:36:11+08:00 ] 125.34.74.127 /zhier/index.php/Admin/Product/edit/id/
INFO: [ app_init ] --START--
INFO: Run Behavior\BuildLiteBehavior [ RunTime:0.000025s ]
INFO: [ app_init ] --END-- [ RunTime:0.000170s ]
INFO: [ app_begin ] --START--
INFO: Run Behavior\ReadHtmlCacheBehavior [ RunTime:0.000060s ]
INFO: [ app_begin ] --END-- [ RunTime:0.000156s ]
SQL: SHOW COLUMNS FROM `fruit` [ RunTime:0.0009s ]
SQL: SELECT * FROM `fruit` WHERE ( `fruit_id`='' )  [ RunTime:0.0003s ]
NOTIC: [8] Undefined offset: 0 /var/www/zhier/App/Admin/Controller/ProductController.class.php 第 89 行.
NOTIC: [2] unlink(): No such file or directory /var/www/zhier/App/Admin/Controller/ProductController.class.php 第 89 行.
SQL: UPDATE `fruit` SET `type_id`='1',`order`='8',`name`='乐啤露',`intro`='Rootbeer',`price`='19',`buys`='0',`redname`='从采购、制作、运输严格执行标准，保障卫生新鲜从采购、制作、运输严格执行标准，保障卫生新鲜从采购、制作、运输严格执行标准，保障卫生新鲜',`detail`='乐啤露口味适中，清新怡人，上班加班必备良药<br />',`pic`='/product/2015-07-16-23-36-11-750s.jpg',`utime`='1437060971' WHERE `fruit_id` = 2 [ RunTime:0.0078s ]
INFO: [ view_parse ] --START--
INFO: [ template_filter ] --START--
INFO: Run Behavior\ContentReplaceBehavior [ RunTime:0.000048s ]
INFO: [ template_filter ] --END-- [ RunTime:0.000142s ]
INFO: Run Behavior\ParseTemplateBehavior [ RunTime:0.002227s ]
INFO: [ view_parse ] --END-- [ RunTime:0.002324s ]
INFO: [ view_filter ] --START--
INFO: Run Behavior\WriteHtmlCacheBehavior [ RunTime:0.000067s ]
INFO: [ view_filter ] --END-- [ RunTime:0.000153s ]
INFO: [ app_end ] --START--
INFO: Run Behavior\ShowPageTraceBehavior [ RunTime:0.000065s ]
INFO: [ app_end ] --END-- [ RunTime:0.000153s ]

[ 2015-07-16T23:36:12+08:00 ] 125.34.74.127 /zhier/index.php/Admin/Product/
INFO: [ app_init ] --START--
INFO: Run Behavior\BuildLiteBehavior [ RunTime:0.000023s ]
INFO: [ app_init ] --END-- [ RunTime:0.000156s ]
INFO: [ app_begin ] --START--
INFO: Run Behavior\ReadHtmlCacheBehavior [ RunTime:0.000061s ]
INFO: [ app_begin ] --END-- [ RunTime:0.000155s ]
SQL: SHOW COLUMNS FROM `fruit_type` [ RunTime:0.0006s ]
SQL: SELECT * FROM `fruit_type`  [ RunTime:0.0001s ]
SQL: SHOW COLUMNS FROM `fruit` [ RunTime:0.0007s ]
SQL: SELECT * FROM `fruit` WHERE ( `type_id`='1' ) ORDER BY `order` DESC  [ RunTime:0.0003s ]
INFO: [ view_parse ] --START--
INFO: [ template_filter ] --START--
INFO: Run Behavior\ContentReplaceBehavior [ RunTime:0.000065s ]
INFO: [ template_filter ] --END-- [ RunTime:0.000161s ]
INFO: Run Behavior\ParseTemplateBehavior [ RunTime:0.007423s ]
INFO: [ view_parse ] --END-- [ RunTime:0.007524s ]
INFO: [ view_filter ] --START--
INFO: Run Behavior\WriteHtmlCacheBehavior [ RunTime:0.000060s ]
INFO: [ view_filter ] --END-- [ RunTime:0.000147s ]
INFO: [ app_end ] --START--
INFO: Run Behavior\ShowPageTraceBehavior [ RunTime:0.000058s ]
INFO: [ app_end ] --END-- [ RunTime:0.000147s ]

[ 2015-07-16T23:36:21+08:00 ] 125.34.74.127 /zhier/index.php/Admin/Product/edit/id/8
INFO: [ app_init ] --START--
INFO: Run Behavior\BuildLiteBehavior [ RunTime:0.000025s ]
INFO: [ app_init ] --END-- [ RunTime:0.000172s ]
INFO: [ app_begin ] --START--
INFO: Run Behavior\ReadHtmlCacheBehavior [ RunTime:0.000067s ]
INFO: [ app_begin ] --END-- [ RunTime:0.000162s ]
SQL: SHOW COLUMNS FROM `fruit` [ RunTime:0.0009s ]
SQL: SELECT * FROM `fruit` WHERE ( `fruit_id`='8' )  [ RunTime:0.0003s ]
SQL: SHOW COLUMNS FROM `fruit_addinfo` [ RunTime:0.0004s ]
SQL: SELECT * FROM `fruit_addinfo` WHERE ( `fruit_id`='8' AND `display_order`!=0 ) ORDER BY display_order desc  [ RunTime:0.0003s ]
SQL: SHOW COLUMNS FROM `fruit_type` [ RunTime:0.0004s ]
SQL: SELECT * FROM `fruit_type`  [ RunTime:0.0001s ]
INFO: [ view_parse ] --START--
INFO: [ template_filter ] --START--
INFO: Run Behavior\ContentReplaceBehavior [ RunTime:0.000068s ]
INFO: [ template_filter ] --END-- [ RunTime:0.000179s ]
NOTIC: [8] Undefined variable: data /var/www/zhier/App/Runtime/Cache/Admin/35a64d8c950f0d1e68f44a796e979d7d.php 第 68 行.
INFO: Run Behavior\ParseTemplateBehavior [ RunTime:0.006809s ]
INFO: [ view_parse ] --END-- [ RunTime:0.006906s ]
INFO: [ view_filter ] --START--
INFO: Run Behavior\WriteHtmlCacheBehavior [ RunTime:0.000065s ]
INFO: [ view_filter ] --END-- [ RunTime:0.000152s ]
INFO: [ app_end ] --START--
INFO: Run Behavior\ShowPageTraceBehavior [ RunTime:0.000064s ]
INFO: [ app_end ] --END-- [ RunTime:0.000152s ]

[ 2015-07-16T23:36:30+08:00 ] 125.34.74.127 /zhier/index.php/Admin/Product/edit/id/
INFO: [ app_init ] --START--
INFO: Run Behavior\BuildLiteBehavior [ RunTime:0.000025s ]
INFO: [ app_init ] --END-- [ RunTime:0.000171s ]
INFO: [ app_begin ] --START--
INFO: Run Behavior\ReadHtmlCacheBehavior [ RunTime:0.000057s ]
INFO: [ app_begin ] --END-- [ RunTime:0.000155s ]
SQL: SHOW COLUMNS FROM `fruit` [ RunTime:0.0010s ]
SQL: SELECT * FROM `fruit` WHERE ( `fruit_id`='' )  [ RunTime:0.0003s ]
NOTIC: [8] Undefined offset: 0 /var/www/zhier/App/Admin/Controller/ProductController.class.php 第 89 行.
NOTIC: [2] unlink(): No such file or directory /var/www/zhier/App/Admin/Controller/ProductController.class.php 第 89 行.
SQL: UPDATE `fruit` SET `type_id`='1',`order`='7',`name`='干姜水',`intro`='Ginger Ale',`price`='17',`buys`='0',`redname`='',`detail`='干姜水，必须喝！<br />',`pic`='/product/2015-07-16-23-36-30-442s.jpg',`utime`='1437060990' WHERE `fruit_id` = 8 [ RunTime:0.0060s ]
INFO: [ view_parse ] --START--
INFO: [ template_filter ] --START--
INFO: Run Behavior\ContentReplaceBehavior [ RunTime:0.000047s ]
INFO: [ template_filter ] --END-- [ RunTime:0.000141s ]
INFO: Run Behavior\ParseTemplateBehavior [ RunTime:0.002196s ]
INFO: [ view_parse ] --END-- [ RunTime:0.002293s ]
INFO: [ view_filter ] --START--
INFO: Run Behavior\WriteHtmlCacheBehavior [ RunTime:0.000064s ]
INFO: [ view_filter ] --END-- [ RunTime:0.000150s ]
INFO: [ app_end ] --START--
INFO: Run Behavior\ShowPageTraceBehavior [ RunTime:0.000064s ]
INFO: [ app_end ] --END-- [ RunTime:0.000152s ]

[ 2015-07-16T23:36:31+08:00 ] 125.34.74.127 /zhier/index.php/Admin/Product/
INFO: [ app_init ] --START--
INFO: Run Behavior\BuildLiteBehavior [ RunTime:0.000024s ]
INFO: [ app_init ] --END-- [ RunTime:0.000161s ]
INFO: [ app_begin ] --START--
INFO: Run Behavior\ReadHtmlCacheBehavior [ RunTime:0.000062s ]
INFO: [ app_begin ] --END-- [ RunTime:0.000156s ]
SQL: SHOW COLUMNS FROM `fruit_type` [ RunTime:0.0006s ]
SQL: SELECT * FROM `fruit_type`  [ RunTime:0.0001s ]
SQL: SHOW COLUMNS FROM `fruit` [ RunTime:0.0007s ]
SQL: SELECT * FROM `fruit` WHERE ( `type_id`='1' ) ORDER BY `order` DESC  [ RunTime:0.0003s ]
INFO: [ view_parse ] --START--
INFO: [ template_filter ] --START--
INFO: Run Behavior\ContentReplaceBehavior [ RunTime:0.000064s ]
INFO: [ template_filter ] --END-- [ RunTime:0.000175s ]
INFO: Run Behavior\ParseTemplateBehavior [ RunTime:0.007084s ]
INFO: [ view_parse ] --END-- [ RunTime:0.007187s ]
INFO: [ view_filter ] --START--
INFO: Run Behavior\WriteHtmlCacheBehavior [ RunTime:0.000060s ]
INFO: [ view_filter ] --END-- [ RunTime:0.000147s ]
INFO: [ app_end ] --START--
INFO: Run Behavior\ShowPageTraceBehavior [ RunTime:0.000059s ]
INFO: [ app_end ] --END-- [ RunTime:0.000147s ]

[ 2015-07-16T23:36:34+08:00 ] 125.34.74.127 /zhier/index.php/Admin/Product/edit/id/18
INFO: [ app_init ] --START--
INFO: Run Behavior\BuildLiteBehavior [ RunTime:0.000025s ]
INFO: [ app_init ] --END-- [ RunTime:0.000172s ]
INFO: [ app_begin ] --START--
INFO: Run Behavior\ReadHtmlCacheBehavior [ RunTime:0.000068s ]
INFO: [ app_begin ] --END-- [ RunTime:0.000162s ]
SQL: SHOW COLUMNS FROM `fruit` [ RunTime:0.0009s ]
SQL: SELECT * FROM `fruit` WHERE ( `fruit_id`='18' )  [ RunTime:0.0003s ]
SQL: SHOW COLUMNS FROM `fruit_addinfo` [ RunTime:0.0004s ]
SQL: SELECT * FROM `fruit_addinfo` WHERE ( `fruit_id`='18' AND `display_order`!=0 ) ORDER BY display_order desc  [ RunTime:0.0001s ]
SQL: SHOW COLUMNS FROM `fruit_type` [ RunTime:0.0004s ]
SQL: SELECT * FROM `fruit_type`  [ RunTime:0.0001s ]
INFO: [ view_parse ] --START--
INFO: [ template_filter ] --START--
INFO: Run Behavior\ContentReplaceBehavior [ RunTime:0.000068s ]
INFO: [ template_filter ] --END-- [ RunTime:0.000163s ]
NOTIC: [8] Undefined variable: data /var/www/zhier/App/Runtime/Cache/Admin/35a64d8c950f0d1e68f44a796e979d7d.php 第 68 行.
INFO: Run Behavior\ParseTemplateBehavior [ RunTime:0.006714s ]
INFO: [ view_parse ] --END-- [ RunTime:0.006809s ]
INFO: [ view_filter ] --START--
INFO: Run Behavior\WriteHtmlCacheBehavior [ RunTime:0.000064s ]
INFO: [ view_filter ] --END-- [ RunTime:0.000150s ]
INFO: [ app_end ] --START--
INFO: Run Behavior\ShowPageTraceBehavior [ RunTime:0.000084s ]
INFO: [ app_end ] --END-- [ RunTime:0.000200s ]

[ 2015-07-16T23:36:43+08:00 ] 125.34.74.127 /zhier/index.php/Admin/Product/edit/id/
INFO: [ app_init ] --START--
INFO: Run Behavior\BuildLiteBehavior [ RunTime:0.000025s ]
INFO: [ app_init ] --END-- [ RunTime:0.000174s ]
INFO: [ app_begin ] --START--
INFO: Run Behavior\ReadHtmlCacheBehavior [ RunTime:0.000057s ]
INFO: [ app_begin ] --END-- [ RunTime:0.000152s ]
SQL: SHOW COLUMNS FROM `fruit` [ RunTime:0.0009s ]
SQL: SELECT * FROM `fruit` WHERE ( `fruit_id`='' )  [ RunTime:0.0003s ]
NOTIC: [8] Undefined offset: 0 /var/www/zhier/App/Admin/Controller/ProductController.class.php 第 89 行.
NOTIC: [2] unlink(): No such file or directory /var/www/zhier/App/Admin/Controller/ProductController.class.php 第 89 行.
SQL: UPDATE `fruit` SET `type_id`='1',`order`='6',`name`='激浪',`intro`='Moutain Dew',`price`='15',`buys`='2',`redname`='',`detail`='激浪，浪，浪，浪',`pic`='/product/2015-07-16-23-36-43-514s.jpg',`utime`='1437061003' WHERE `fruit_id` = 18 [ RunTime:0.0052s ]
INFO: [ view_parse ] --START--
INFO: [ template_filter ] --START--
INFO: Run Behavior\ContentReplaceBehavior [ RunTime:0.000047s ]
INFO: [ template_filter ] --END-- [ RunTime:0.000142s ]
INFO: Run Behavior\ParseTemplateBehavior [ RunTime:0.002251s ]
INFO: [ view_parse ] --END-- [ RunTime:0.002349s ]
INFO: [ view_filter ] --START--
INFO: Run Behavior\WriteHtmlCacheBehavior [ RunTime:0.000064s ]
INFO: [ view_filter ] --END-- [ RunTime:0.000150s ]
INFO: [ app_end ] --START--
INFO: Run Behavior\ShowPageTraceBehavior [ RunTime:0.000063s ]
INFO: [ app_end ] --END-- [ RunTime:0.000150s ]

[ 2015-07-16T23:36:44+08:00 ] 125.34.74.127 /zhier/index.php/Admin/Product/
INFO: [ app_init ] --START--
INFO: Run Behavior\BuildLiteBehavior [ RunTime:0.000025s ]
INFO: [ app_init ] --END-- [ RunTime:0.000161s ]
INFO: [ app_begin ] --START--
INFO: Run Behavior\ReadHtmlCacheBehavior [ RunTime:0.000063s ]
INFO: [ app_begin ] --END-- [ RunTime:0.000158s ]
SQL: SHOW COLUMNS FROM `fruit_type` [ RunTime:0.0007s ]
SQL: SELECT * FROM `fruit_type`  [ RunTime:0.0001s ]
SQL: SHOW COLUMNS FROM `fruit` [ RunTime:0.0007s ]
SQL: SELECT * FROM `fruit` WHERE ( `type_id`='1' ) ORDER BY `order` DESC  [ RunTime:0.0003s ]
INFO: [ view_parse ] --START--
INFO: [ template_filter ] --START--
INFO: Run Behavior\ContentReplaceBehavior [ RunTime:0.000064s ]
INFO: [ template_filter ] --END-- [ RunTime:0.000186s ]
INFO: Run Behavior\ParseTemplateBehavior [ RunTime:0.007041s ]
INFO: [ view_parse ] --END-- [ RunTime:0.007142s ]
INFO: [ view_filter ] --START--
INFO: Run Behavior\WriteHtmlCacheBehavior [ RunTime:0.000060s ]
INFO: [ view_filter ] --END-- [ RunTime:0.000148s ]
INFO: [ app_end ] --START--
INFO: Run Behavior\ShowPageTraceBehavior [ RunTime:0.000059s ]
INFO: [ app_end ] --END-- [ RunTime:0.000147s ]

[ 2015-07-16T23:36:48+08:00 ] 125.34.74.127 /zhier/index.php/Admin/Product/edit/id/9
INFO: [ app_init ] --START--
INFO: Run Behavior\BuildLiteBehavior [ RunTime:0.000025s ]
INFO: [ app_init ] --END-- [ RunTime:0.000171s ]
INFO: [ app_begin ] --START--
INFO: Run Behavior\ReadHtmlCacheBehavior [ RunTime:0.000065s ]
INFO: [ app_begin ] --END-- [ RunTime:0.000160s ]
SQL: SHOW COLUMNS FROM `fruit` [ RunTime:0.0010s ]
SQL: SELECT * FROM `fruit` WHERE ( `fruit_id`='9' )  [ RunTime:0.0003s ]
SQL: SHOW COLUMNS FROM `fruit_addinfo` [ RunTime:0.0028s ]
SQL: SELECT * FROM `fruit_addinfo` WHERE ( `fruit_id`='9' AND `display_order`!=0 ) ORDER BY display_order desc  [ RunTime:0.0001s ]
SQL: SHOW COLUMNS FROM `fruit_type` [ RunTime:0.0004s ]
SQL: SELECT * FROM `fruit_type`  [ RunTime:0.0001s ]
INFO: [ view_parse ] --START--
INFO: [ template_filter ] --START--
INFO: Run Behavior\ContentReplaceBehavior [ RunTime:0.000068s ]
INFO: [ template_filter ] --END-- [ RunTime:0.000162s ]
NOTIC: [8] Undefined variable: data /var/www/zhier/App/Runtime/Cache/Admin/35a64d8c950f0d1e68f44a796e979d7d.php 第 68 行.
INFO: Run Behavior\ParseTemplateBehavior [ RunTime:0.006950s ]
INFO: [ view_parse ] --END-- [ RunTime:0.007046s ]
INFO: [ view_filter ] --START--
INFO: Run Behavior\WriteHtmlCacheBehavior [ RunTime:0.000065s ]
INFO: [ view_filter ] --END-- [ RunTime:0.000152s ]
INFO: [ app_end ] --START--
INFO: Run Behavior\ShowPageTraceBehavior [ RunTime:0.000065s ]
INFO: [ app_end ] --END-- [ RunTime:0.000153s ]

[ 2015-07-16T23:36:57+08:00 ] 125.34.74.127 /zhier/index.php/Admin/Product/edit/id/
INFO: [ app_init ] --START--
INFO: Run Behavior\BuildLiteBehavior [ RunTime:0.000042s ]
INFO: [ app_init ] --END-- [ RunTime:0.000186s ]
INFO: [ app_begin ] --START--
INFO: Run Behavior\ReadHtmlCacheBehavior [ RunTime:0.000062s ]
INFO: [ app_begin ] --END-- [ RunTime:0.000157s ]
SQL: SHOW COLUMNS FROM `fruit` [ RunTime:0.0009s ]
SQL: SELECT * FROM `fruit` WHERE ( `fruit_id`='' )  [ RunTime:0.0003s ]
NOTIC: [8] Undefined offset: 0 /var/www/zhier/App/Admin/Controller/ProductController.class.php 第 89 行.
NOTIC: [2] unlink(): No such file or directory /var/www/zhier/App/Admin/Controller/ProductController.class.php 第 89 行.
SQL: UPDATE `fruit` SET `type_id`='1',`order`='5',`name`='柠檬那嘚',`intro`='Lemonade',`price`='16',`buys`='18',`redname`='从采购、制作、运输严格执行标准，保障卫生新鲜从采购、制作、运输严格执行标准，保障卫生新鲜从采购、制作、运输严格执行标准，保障卫生新鲜...',`detail`='<br />
<p>
	<br />
</p>',`pic`='/product/2015-07-16-23-36-57-429s.jpg',`utime`='1437061017' WHERE `fruit_id` = 9 [ RunTime:0.0048s ]
INFO: [ view_parse ] --START--
INFO: [ template_filter ] --START--
INFO: Run Behavior\ContentReplaceBehavior [ RunTime:0.000047s ]
INFO: [ template_filter ] --END-- [ RunTime:0.000141s ]
INFO: Run Behavior\ParseTemplateBehavior [ RunTime:0.002236s ]
INFO: [ view_parse ] --END-- [ RunTime:0.002334s ]
INFO: [ view_filter ] --START--
INFO: Run Behavior\WriteHtmlCacheBehavior [ RunTime:0.000067s ]
INFO: [ view_filter ] --END-- [ RunTime:0.000153s ]
INFO: [ app_end ] --START--
INFO: Run Behavior\ShowPageTraceBehavior [ RunTime:0.000066s ]
INFO: [ app_end ] --END-- [ RunTime:0.000154s ]

[ 2015-07-16T23:36:58+08:00 ] 125.34.74.127 /zhier/index.php/Admin/Product/
INFO: [ app_init ] --START--
INFO: Run Behavior\BuildLiteBehavior [ RunTime:0.000024s ]
INFO: [ app_init ] --END-- [ RunTime:0.000161s ]
INFO: [ app_begin ] --START--
INFO: Run Behavior\ReadHtmlCacheBehavior [ RunTime:0.000063s ]
INFO: [ app_begin ] --END-- [ RunTime:0.000158s ]
SQL: SHOW COLUMNS FROM `fruit_type` [ RunTime:0.0006s ]
SQL: SELECT * FROM `fruit_type`  [ RunTime:0.0001s ]
SQL: SHOW COLUMNS FROM `fruit` [ RunTime:0.0007s ]
SQL: SELECT * FROM `fruit` WHERE ( `type_id`='1' ) ORDER BY `order` DESC  [ RunTime:0.0004s ]
INFO: [ view_parse ] --START--
INFO: [ template_filter ] --START--
INFO: Run Behavior\ContentReplaceBehavior [ RunTime:0.000064s ]
INFO: [ template_filter ] --END-- [ RunTime:0.000160s ]
INFO: Run Behavior\ParseTemplateBehavior [ RunTime:0.007090s ]
INFO: [ view_parse ] --END-- [ RunTime:0.007189s ]
INFO: [ view_filter ] --START--
INFO: Run Behavior\WriteHtmlCacheBehavior [ RunTime:0.000063s ]
INFO: [ view_filter ] --END-- [ RunTime:0.000151s ]
INFO: [ app_end ] --START--
INFO: Run Behavior\ShowPageTraceBehavior [ RunTime:0.000108s ]
INFO: [ app_end ] --END-- [ RunTime:0.000198s ]

[ 2015-07-16T23:37:01+08:00 ] 125.34.74.127 /zhier/index.php/Admin/Product/edit/id/19
INFO: [ app_init ] --START--
INFO: Run Behavior\BuildLiteBehavior [ RunTime:0.000025s ]
INFO: [ app_init ] --END-- [ RunTime:0.000171s ]
INFO: [ app_begin ] --START--
INFO: Run Behavior\ReadHtmlCacheBehavior [ RunTime:0.000067s ]
INFO: [ app_begin ] --END-- [ RunTime:0.000163s ]
SQL: SHOW COLUMNS FROM `fruit` [ RunTime:0.0010s ]
SQL: SELECT * FROM `fruit` WHERE ( `fruit_id`='19' )  [ RunTime:0.0003s ]
SQL: SHOW COLUMNS FROM `fruit_addinfo` [ RunTime:0.0004s ]
SQL: SELECT * FROM `fruit_addinfo` WHERE ( `fruit_id`='19' AND `display_order`!=0 ) ORDER BY display_order desc  [ RunTime:0.0003s ]
SQL: SHOW COLUMNS FROM `fruit_type` [ RunTime:0.0004s ]
SQL: SELECT * FROM `fruit_type`  [ RunTime:0.0001s ]
INFO: [ view_parse ] --START--
INFO: [ template_filter ] --START--
INFO: Run Behavior\ContentReplaceBehavior [ RunTime:0.000082s ]
INFO: [ template_filter ] --END-- [ RunTime:0.000178s ]
NOTIC: [8] Undefined variable: data /var/www/zhier/App/Runtime/Cache/Admin/35a64d8c950f0d1e68f44a796e979d7d.php 第 68 行.
INFO: Run Behavior\ParseTemplateBehavior [ RunTime:0.006731s ]
INFO: [ view_parse ] --END-- [ RunTime:0.006828s ]
INFO: [ view_filter ] --START--
INFO: Run Behavior\WriteHtmlCacheBehavior [ RunTime:0.000075s ]
INFO: [ view_filter ] --END-- [ RunTime:0.000163s ]
INFO: [ app_end ] --START--
INFO: Run Behavior\ShowPageTraceBehavior [ RunTime:0.000065s ]
INFO: [ app_end ] --END-- [ RunTime:0.000154s ]

[ 2015-07-16T23:37:11+08:00 ] 125.34.74.127 /zhier/index.php/Admin/Product/edit/id/
INFO: [ app_init ] --START--
INFO: Run Behavior\BuildLiteBehavior [ RunTime:0.000044s ]
INFO: [ app_init ] --END-- [ RunTime:0.000190s ]
INFO: [ app_begin ] --START--
INFO: Run Behavior\ReadHtmlCacheBehavior [ RunTime:0.000058s ]
INFO: [ app_begin ] --END-- [ RunTime:0.000155s ]
SQL: SHOW COLUMNS FROM `fruit` [ RunTime:0.0009s ]
SQL: SELECT * FROM `fruit` WHERE ( `fruit_id`='' )  [ RunTime:0.0003s ]
NOTIC: [8] Undefined offset: 0 /var/www/zhier/App/Admin/Controller/ProductController.class.php 第 89 行.
NOTIC: [2] unlink(): No such file or directory /var/www/zhier/App/Admin/Controller/ProductController.class.php 第 89 行.
SQL: UPDATE `fruit` SET `type_id`='1',`order`='4',`name`=' 雪碧',`intro`='Fresprint',`price`='18',`buys`='2',`redname`='',`detail`='雪碧一出，谁与争锋',`pic`='/product/2015-07-16-23-37-11-215s.jpg',`utime`='1437061031' WHERE `fruit_id` = 19 [ RunTime:0.0058s ]
INFO: [ view_parse ] --START--
INFO: [ template_filter ] --START--
INFO: Run Behavior\ContentReplaceBehavior [ RunTime:0.000048s ]
INFO: [ template_filter ] --END-- [ RunTime:0.000144s ]
INFO: Run Behavior\ParseTemplateBehavior [ RunTime:0.002350s ]
INFO: [ view_parse ] --END-- [ RunTime:0.002447s ]
INFO: [ view_filter ] --START--
INFO: Run Behavior\WriteHtmlCacheBehavior [ RunTime:0.000064s ]
INFO: [ view_filter ] --END-- [ RunTime:0.000151s ]
INFO: [ app_end ] --START--
INFO: Run Behavior\ShowPageTraceBehavior [ RunTime:0.000064s ]
INFO: [ app_end ] --END-- [ RunTime:0.000152s ]

[ 2015-07-16T23:37:12+08:00 ] 125.34.74.127 /zhier/index.php/Admin/Product/
INFO: [ app_init ] --START--
INFO: Run Behavior\BuildLiteBehavior [ RunTime:0.000023s ]
INFO: [ app_init ] --END-- [ RunTime:0.000161s ]
INFO: [ app_begin ] --START--
INFO: Run Behavior\ReadHtmlCacheBehavior [ RunTime:0.000075s ]
INFO: [ app_begin ] --END-- [ RunTime:0.000181s ]
SQL: SHOW COLUMNS FROM `fruit_type` [ RunTime:0.0006s ]
SQL: SELECT * FROM `fruit_type`  [ RunTime:0.0001s ]
SQL: SHOW COLUMNS FROM `fruit` [ RunTime:0.0007s ]
SQL: SELECT * FROM `fruit` WHERE ( `type_id`='1' ) ORDER BY `order` DESC  [ RunTime:0.0003s ]
INFO: [ view_parse ] --START--
INFO: [ template_filter ] --START--
INFO: Run Behavior\ContentReplaceBehavior [ RunTime:0.000065s ]
INFO: [ template_filter ] --END-- [ RunTime:0.000161s ]
INFO: Run Behavior\ParseTemplateBehavior [ RunTime:0.007076s ]
INFO: [ view_parse ] --END-- [ RunTime:0.007175s ]
INFO: [ view_filter ] --START--
INFO: Run Behavior\WriteHtmlCacheBehavior [ RunTime:0.000060s ]
INFO: [ view_filter ] --END-- [ RunTime:0.000148s ]
INFO: [ app_end ] --START--
INFO: Run Behavior\ShowPageTraceBehavior [ RunTime:0.000060s ]
INFO: [ app_end ] --END-- [ RunTime:0.000148s ]

[ 2015-07-16T23:37:17+08:00 ] 125.34.74.127 /zhier/index.php/Admin/Product/edit/id/20
INFO: [ app_init ] --START--
INFO: Run Behavior\BuildLiteBehavior [ RunTime:0.000025s ]
INFO: [ app_init ] --END-- [ RunTime:0.000171s ]
INFO: [ app_begin ] --START--
INFO: Run Behavior\ReadHtmlCacheBehavior [ RunTime:0.000086s ]
INFO: [ app_begin ] --END-- [ RunTime:0.000182s ]
SQL: SHOW COLUMNS FROM `fruit` [ RunTime:0.0009s ]
SQL: SELECT * FROM `fruit` WHERE ( `fruit_id`='20' )  [ RunTime:0.0003s ]
SQL: SHOW COLUMNS FROM `fruit_addinfo` [ RunTime:0.0004s ]
SQL: SELECT * FROM `fruit_addinfo` WHERE ( `fruit_id`='20' AND `display_order`!=0 ) ORDER BY display_order desc  [ RunTime:0.0002s ]
SQL: SHOW COLUMNS FROM `fruit_type` [ RunTime:0.0004s ]
SQL: SELECT * FROM `fruit_type`  [ RunTime:0.0001s ]
INFO: [ view_parse ] --START--
INFO: [ template_filter ] --START--
INFO: Run Behavior\ContentReplaceBehavior [ RunTime:0.000068s ]
INFO: [ template_filter ] --END-- [ RunTime:0.000164s ]
NOTIC: [8] Undefined variable: data /var/www/zhier/App/Runtime/Cache/Admin/35a64d8c950f0d1e68f44a796e979d7d.php 第 68 行.
INFO: Run Behavior\ParseTemplateBehavior [ RunTime:0.006736s ]
INFO: [ view_parse ] --END-- [ RunTime:0.006831s ]
INFO: [ view_filter ] --START--
INFO: Run Behavior\WriteHtmlCacheBehavior [ RunTime:0.000064s ]
INFO: [ view_filter ] --END-- [ RunTime:0.000151s ]
INFO: [ app_end ] --START--
INFO: Run Behavior\ShowPageTraceBehavior [ RunTime:0.000064s ]
INFO: [ app_end ] --END-- [ RunTime:0.000152s ]

[ 2015-07-16T23:37:26+08:00 ] 125.34.74.127 /zhier/index.php/Admin/Product/edit/id/
INFO: [ app_init ] --START--
INFO: Run Behavior\BuildLiteBehavior [ RunTime:0.000025s ]
INFO: [ app_init ] --END-- [ RunTime:0.000169s ]
INFO: [ app_begin ] --START--
INFO: Run Behavior\ReadHtmlCacheBehavior [ RunTime:0.000060s ]
INFO: [ app_begin ] --END-- [ RunTime:0.000155s ]
SQL: SHOW COLUMNS FROM `fruit` [ RunTime:0.0009s ]
SQL: SELECT * FROM `fruit` WHERE ( `fruit_id`='' )  [ RunTime:0.0003s ]
NOTIC: [8] Undefined offset: 0 /var/www/zhier/App/Admin/Controller/ProductController.class.php 第 89 行.
NOTIC: [2] unlink(): No such file or directory /var/www/zhier/App/Admin/Controller/ProductController.class.php 第 89 行.
SQL: UPDATE `fruit` SET `type_id`='1',`order`='3',`name`='可乐',`intro`='Lemon Soda',`price`='14',`buys`='66',`redname`='',`detail`='可乐一开，好事自然来',`pic`='/product/2015-07-16-23-37-26-399s.jpg',`utime`='1437061046' WHERE `fruit_id` = 20 [ RunTime:0.0081s ]
INFO: [ view_parse ] --START--
INFO: [ template_filter ] --START--
INFO: Run Behavior\ContentReplaceBehavior [ RunTime:0.000047s ]
INFO: [ template_filter ] --END-- [ RunTime:0.000141s ]
INFO: Run Behavior\ParseTemplateBehavior [ RunTime:0.002206s ]
INFO: [ view_parse ] --END-- [ RunTime:0.002302s ]
INFO: [ view_filter ] --START--
INFO: Run Behavior\WriteHtmlCacheBehavior [ RunTime:0.000065s ]
INFO: [ view_filter ] --END-- [ RunTime:0.000151s ]
INFO: [ app_end ] --START--
INFO: Run Behavior\ShowPageTraceBehavior [ RunTime:0.000063s ]
INFO: [ app_end ] --END-- [ RunTime:0.000151s ]

[ 2015-07-16T23:37:27+08:00 ] 125.34.74.127 /zhier/index.php/Admin/Product/
INFO: [ app_init ] --START--
INFO: Run Behavior\BuildLiteBehavior [ RunTime:0.000024s ]
INFO: [ app_init ] --END-- [ RunTime:0.000161s ]
INFO: [ app_begin ] --START--
INFO: Run Behavior\ReadHtmlCacheBehavior [ RunTime:0.000061s ]
INFO: [ app_begin ] --END-- [ RunTime:0.000155s ]
SQL: SHOW COLUMNS FROM `fruit_type` [ RunTime:0.0006s ]
SQL: SELECT * FROM `fruit_type`  [ RunTime:0.0001s ]
SQL: SHOW COLUMNS FROM `fruit` [ RunTime:0.0007s ]
SQL: SELECT * FROM `fruit` WHERE ( `type_id`='1' ) ORDER BY `order` DESC  [ RunTime:0.0004s ]
INFO: [ view_parse ] --START--
INFO: [ template_filter ] --START--
INFO: Run Behavior\ContentReplaceBehavior [ RunTime:0.000064s ]
INFO: [ template_filter ] --END-- [ RunTime:0.000161s ]
INFO: Run Behavior\ParseTemplateBehavior [ RunTime:0.007189s ]
INFO: [ view_parse ] --END-- [ RunTime:0.007290s ]
INFO: [ view_filter ] --START--
INFO: Run Behavior\WriteHtmlCacheBehavior [ RunTime:0.000060s ]
INFO: [ view_filter ] --END-- [ RunTime:0.000149s ]
INFO: [ app_end ] --START--
INFO: Run Behavior\ShowPageTraceBehavior [ RunTime:0.000059s ]
INFO: [ app_end ] --END-- [ RunTime:0.000148s ]

[ 2015-07-16T23:37:31+08:00 ] 125.34.74.127 /zhier/index.php/Admin/Product/edit/id/21
INFO: [ app_init ] --START--
INFO: Run Behavior\BuildLiteBehavior [ RunTime:0.000025s ]
INFO: [ app_init ] --END-- [ RunTime:0.000170s ]
INFO: [ app_begin ] --START--
INFO: Run Behavior\ReadHtmlCacheBehavior [ RunTime:0.000067s ]
INFO: [ app_begin ] --END-- [ RunTime:0.000162s ]
SQL: SHOW COLUMNS FROM `fruit` [ RunTime:0.0009s ]
SQL: SELECT * FROM `fruit` WHERE ( `fruit_id`='21' )  [ RunTime:0.0003s ]
SQL: SHOW COLUMNS FROM `fruit_addinfo` [ RunTime:0.0004s ]
SQL: SELECT * FROM `fruit_addinfo` WHERE ( `fruit_id`='21' AND `display_order`!=0 ) ORDER BY display_order desc  [ RunTime:0.0002s ]
SQL: SHOW COLUMNS FROM `fruit_type` [ RunTime:0.0004s ]
SQL: SELECT * FROM `fruit_type`  [ RunTime:0.0001s ]
INFO: [ view_parse ] --START--
INFO: [ template_filter ] --START--
INFO: Run Behavior\ContentReplaceBehavior [ RunTime:0.000067s ]
INFO: [ template_filter ] --END-- [ RunTime:0.000191s ]
NOTIC: [8] Undefined variable: data /var/www/zhier/App/Runtime/Cache/Admin/35a64d8c950f0d1e68f44a796e979d7d.php 第 68 行.
INFO: Run Behavior\ParseTemplateBehavior [ RunTime:0.006679s ]
INFO: [ view_parse ] --END-- [ RunTime:0.006776s ]
INFO: [ view_filter ] --START--
INFO: Run Behavior\WriteHtmlCacheBehavior [ RunTime:0.000064s ]
INFO: [ view_filter ] --END-- [ RunTime:0.000151s ]
INFO: [ app_end ] --START--
INFO: Run Behavior\ShowPageTraceBehavior [ RunTime:0.000064s ]
INFO: [ app_end ] --END-- [ RunTime:0.000153s ]

[ 2015-07-16T23:37:40+08:00 ] 125.34.74.127 /zhier/index.php/Admin/Product/edit/id/
INFO: [ app_init ] --START--
INFO: Run Behavior\BuildLiteBehavior [ RunTime:0.000025s ]
INFO: [ app_init ] --END-- [ RunTime:0.000170s ]
INFO: [ app_begin ] --START--
INFO: Run Behavior\ReadHtmlCacheBehavior [ RunTime:0.000058s ]
INFO: [ app_begin ] --END-- [ RunTime:0.000155s ]
SQL: SHOW COLUMNS FROM `fruit` [ RunTime:0.0010s ]
SQL: SELECT * FROM `fruit` WHERE ( `fruit_id`='' )  [ RunTime:0.0003s ]
NOTIC: [8] Undefined offset: 0 /var/www/zhier/App/Admin/Controller/ProductController.class.php 第 89 行.
NOTIC: [2] unlink(): No such file or directory /var/www/zhier/App/Admin/Controller/ProductController.class.php 第 89 行.
SQL: UPDATE `fruit` SET `type_id`='1',`order`='2',`name`='忌廉汽水',`intro`='Kiwi Soda',`price`='20',`buys`='56',`redname`='',`detail`='忌廉汽水，喝了变王子，威廉的，18',`pic`='/product/2015-07-16-23-37-40-944s.jpg',`utime`='1437061060' WHERE `fruit_id` = 21 [ RunTime:0.0051s ]
INFO: [ view_parse ] --START--
INFO: [ template_filter ] --START--
INFO: Run Behavior\ContentReplaceBehavior [ RunTime:0.000047s ]
INFO: [ template_filter ] --END-- [ RunTime:0.000155s ]
INFO: Run Behavior\ParseTemplateBehavior [ RunTime:0.002261s ]
INFO: [ view_parse ] --END-- [ RunTime:0.002359s ]
INFO: [ view_filter ] --START--
INFO: Run Behavior\WriteHtmlCacheBehavior [ RunTime:0.000078s ]
INFO: [ view_filter ] --END-- [ RunTime:0.000166s ]
INFO: [ app_end ] --START--
INFO: Run Behavior\ShowPageTraceBehavior [ RunTime:0.000062s ]
INFO: [ app_end ] --END-- [ RunTime:0.000154s ]

[ 2015-07-16T23:37:41+08:00 ] 125.34.74.127 /zhier/index.php/Admin/Product/
INFO: [ app_init ] --START--
INFO: Run Behavior\BuildLiteBehavior [ RunTime:0.000023s ]
INFO: [ app_init ] --END-- [ RunTime:0.000160s ]
INFO: [ app_begin ] --START--
INFO: Run Behavior\ReadHtmlCacheBehavior [ RunTime:0.000061s ]
INFO: [ app_begin ] --END-- [ RunTime:0.000153s ]
SQL: SHOW COLUMNS FROM `fruit_type` [ RunTime:0.0006s ]
SQL: SELECT * FROM `fruit_type`  [ RunTime:0.0001s ]
SQL: SHOW COLUMNS FROM `fruit` [ RunTime:0.0007s ]
SQL: SELECT * FROM `fruit` WHERE ( `type_id`='1' ) ORDER BY `order` DESC  [ RunTime:0.0003s ]
INFO: [ view_parse ] --START--
INFO: [ template_filter ] --START--
INFO: Run Behavior\ContentReplaceBehavior [ RunTime:0.000064s ]
INFO: [ template_filter ] --END-- [ RunTime:0.000170s ]
INFO: Run Behavior\ParseTemplateBehavior [ RunTime:0.007197s ]
INFO: [ view_parse ] --END-- [ RunTime:0.007298s ]
INFO: [ view_filter ] --START--
INFO: Run Behavior\WriteHtmlCacheBehavior [ RunTime:0.000059s ]
INFO: [ view_filter ] --END-- [ RunTime:0.000148s ]
INFO: [ app_end ] --START--
INFO: Run Behavior\ShowPageTraceBehavior [ RunTime:0.000059s ]
INFO: [ app_end ] --END-- [ RunTime:0.000147s ]

[ 2015-07-16T23:38:12+08:00 ] 125.34.74.127 /zhier/index.php/Admin/Product/index/type/4
INFO: [ app_init ] --START--
INFO: Run Behavior\BuildLiteBehavior [ RunTime:0.000031s ]
INFO: [ app_init ] --END-- [ RunTime:0.000224s ]
INFO: [ app_begin ] --START--
INFO: Run Behavior\ReadHtmlCacheBehavior [ RunTime:0.000083s ]
INFO: [ app_begin ] --END-- [ RunTime:0.000182s ]
SQL: SHOW COLUMNS FROM `fruit_type` [ RunTime:0.0007s ]
SQL: SELECT * FROM `fruit_type`  [ RunTime:0.0001s ]
SQL: SHOW COLUMNS FROM `fruit` [ RunTime:0.0008s ]
SQL: SELECT * FROM `fruit` WHERE ( `type_id`='4' ) ORDER BY `order` DESC  [ RunTime:0.0004s ]
INFO: [ view_parse ] --START--
INFO: [ template_filter ] --START--
INFO: Run Behavior\ContentReplaceBehavior [ RunTime:0.000079s ]
INFO: [ template_filter ] --END-- [ RunTime:0.000209s ]
INFO: Run Behavior\ParseTemplateBehavior [ RunTime:0.008291s ]
INFO: [ view_parse ] --END-- [ RunTime:0.008444s ]
INFO: [ view_filter ] --START--
INFO: Run Behavior\WriteHtmlCacheBehavior [ RunTime:0.000082s ]
INFO: [ view_filter ] --END-- [ RunTime:0.000172s ]
INFO: [ app_end ] --START--
INFO: Run Behavior\ShowPageTraceBehavior [ RunTime:0.000081s ]
INFO: [ app_end ] --END-- [ RunTime:0.000171s ]

[ 2015-07-16T23:39:12+08:00 ] 125.34.74.127 /zhier/index.php/Admin/Product/edit/id/16
INFO: [ app_init ] --START--
INFO: Run Behavior\BuildLiteBehavior [ RunTime:0.000025s ]
INFO: [ app_init ] --END-- [ RunTime:0.000171s ]
INFO: [ app_begin ] --START--
INFO: Run Behavior\ReadHtmlCacheBehavior [ RunTime:0.000068s ]
INFO: [ app_begin ] --END-- [ RunTime:0.000165s ]
SQL: SHOW COLUMNS FROM `fruit` [ RunTime:0.0010s ]
SQL: SELECT * FROM `fruit` WHERE ( `fruit_id`='16' )  [ RunTime:0.0004s ]
SQL: SHOW COLUMNS FROM `fruit_addinfo` [ RunTime:0.0004s ]
SQL: SELECT * FROM `fruit_addinfo` WHERE ( `fruit_id`='16' AND `display_order`!=0 ) ORDER BY display_order desc  [ RunTime:0.0001s ]
SQL: SHOW COLUMNS FROM `fruit_type` [ RunTime:0.0004s ]
SQL: SELECT * FROM `fruit_type`  [ RunTime:0.0001s ]
INFO: [ view_parse ] --START--
INFO: [ template_filter ] --START--
INFO: Run Behavior\ContentReplaceBehavior [ RunTime:0.000067s ]
INFO: [ template_filter ] --END-- [ RunTime:0.000163s ]
NOTIC: [8] Undefined variable: data /var/www/zhier/App/Runtime/Cache/Admin/35a64d8c950f0d1e68f44a796e979d7d.php 第 68 行.
INFO: Run Behavior\ParseTemplateBehavior [ RunTime:0.006776s ]
INFO: [ view_parse ] --END-- [ RunTime:0.006873s ]
INFO: [ view_filter ] --START--
INFO: Run Behavior\WriteHtmlCacheBehavior [ RunTime:0.000067s ]
INFO: [ view_filter ] --END-- [ RunTime:0.000154s ]
INFO: [ app_end ] --START--
INFO: Run Behavior\ShowPageTraceBehavior [ RunTime:0.000067s ]
INFO: [ app_end ] --END-- [ RunTime:0.000155s ]

[ 2015-07-16T23:41:36+08:00 ] 125.34.74.127 /zhier/index.php/Admin/Product/edit/id/
INFO: [ app_init ] --START--
INFO: Run Behavior\BuildLiteBehavior [ RunTime:0.000025s ]
INFO: [ app_init ] --END-- [ RunTime:0.000170s ]
INFO: [ app_begin ] --START--
INFO: Run Behavior\ReadHtmlCacheBehavior [ RunTime:0.000059s ]
INFO: [ app_begin ] --END-- [ RunTime:0.000156s ]
SQL: SHOW COLUMNS FROM `fruit` [ RunTime:0.0009s ]
SQL: SELECT * FROM `fruit` WHERE ( `fruit_id`='' )  [ RunTime:0.0003s ]
NOTIC: [8] Undefined offset: 0 /var/www/zhier/App/Admin/Controller/ProductController.class.php 第 89 行.
NOTIC: [2] unlink(): No such file or directory /var/www/zhier/App/Admin/Controller/ProductController.class.php 第 89 行.
SQL: UPDATE `fruit` SET `type_id`='4',`order`='2',`name`='茉香奶绿',`intro`='',`price`='26',`buys`='56',`redname`='',`detail`='',`pic`='/product/2015-07-16-23-41-36-980s.jpg',`utime`='1437061296' WHERE `fruit_id` = 16 [ RunTime:0.0088s ]
INFO: [ view_parse ] --START--
INFO: [ template_filter ] --START--
INFO: Run Behavior\ContentReplaceBehavior [ RunTime:0.000047s ]
INFO: [ template_filter ] --END-- [ RunTime:0.000141s ]
INFO: Run Behavior\ParseTemplateBehavior [ RunTime:0.002285s ]
INFO: [ view_parse ] --END-- [ RunTime:0.002435s ]
INFO: [ view_filter ] --START--
INFO: Run Behavior\WriteHtmlCacheBehavior [ RunTime:0.000065s ]
INFO: [ view_filter ] --END-- [ RunTime:0.000152s ]
INFO: [ app_end ] --START--
INFO: Run Behavior\ShowPageTraceBehavior [ RunTime:0.000065s ]
INFO: [ app_end ] --END-- [ RunTime:0.000154s ]

[ 2015-07-16T23:41:37+08:00 ] 125.34.74.127 /zhier/index.php/Admin/Product/
INFO: [ app_init ] --START--
INFO: Run Behavior\BuildLiteBehavior [ RunTime:0.000024s ]
INFO: [ app_init ] --END-- [ RunTime:0.000160s ]
INFO: [ app_begin ] --START--
INFO: Run Behavior\ReadHtmlCacheBehavior [ RunTime:0.000069s ]
INFO: [ app_begin ] --END-- [ RunTime:0.000164s ]
SQL: SHOW COLUMNS FROM `fruit_type` [ RunTime:0.0007s ]
SQL: SELECT * FROM `fruit_type`  [ RunTime:0.0001s ]
SQL: SHOW COLUMNS FROM `fruit` [ RunTime:0.0007s ]
SQL: SELECT * FROM `fruit` WHERE ( `type_id`='1' ) ORDER BY `order` DESC  [ RunTime:0.0003s ]
INFO: [ view_parse ] --START--
INFO: [ template_filter ] --START--
INFO: Run Behavior\ContentReplaceBehavior [ RunTime:0.000065s ]
INFO: [ template_filter ] --END-- [ RunTime:0.000166s ]
INFO: Run Behavior\ParseTemplateBehavior [ RunTime:0.007252s ]
INFO: [ view_parse ] --END-- [ RunTime:0.007352s ]
INFO: [ view_filter ] --START--
INFO: Run Behavior\WriteHtmlCacheBehavior [ RunTime:0.000060s ]
INFO: [ view_filter ] --END-- [ RunTime:0.000148s ]
INFO: [ app_end ] --START--
INFO: Run Behavior\ShowPageTraceBehavior [ RunTime:0.000060s ]
INFO: [ app_end ] --END-- [ RunTime:0.000148s ]

[ 2015-07-16T23:41:39+08:00 ] 125.34.74.127 /zhier/index.php/Admin/Product/index/type/4
INFO: [ app_init ] --START--
INFO: Run Behavior\BuildLiteBehavior [ RunTime:0.000025s ]
INFO: [ app_init ] --END-- [ RunTime:0.000186s ]
INFO: [ app_begin ] --START--
INFO: Run Behavior\ReadHtmlCacheBehavior [ RunTime:0.000068s ]
INFO: [ app_begin ] --END-- [ RunTime:0.000167s ]
SQL: SHOW COLUMNS FROM `fruit_type` [ RunTime:0.0006s ]
SQL: SELECT * FROM `fruit_type`  [ RunTime:0.0001s ]
SQL: SHOW COLUMNS FROM `fruit` [ RunTime:0.0007s ]
SQL: SELECT * FROM `fruit` WHERE ( `type_id`='4' ) ORDER BY `order` DESC  [ RunTime:0.0003s ]
INFO: [ view_parse ] --START--
INFO: [ template_filter ] --START--
INFO: Run Behavior\ContentReplaceBehavior [ RunTime:0.000065s ]
INFO: [ template_filter ] --END-- [ RunTime:0.000161s ]
INFO: Run Behavior\ParseTemplateBehavior [ RunTime:0.007214s ]
INFO: [ view_parse ] --END-- [ RunTime:0.007324s ]
INFO: [ view_filter ] --START--
INFO: Run Behavior\WriteHtmlCacheBehavior [ RunTime:0.000075s ]
INFO: [ view_filter ] --END-- [ RunTime:0.000165s ]
INFO: [ app_end ] --START--
INFO: Run Behavior\ShowPageTraceBehavior [ RunTime:0.000066s ]
INFO: [ app_end ] --END-- [ RunTime:0.000153s ]

[ 2015-07-16T23:41:41+08:00 ] 125.34.74.127 /zhier/index.php/Admin/Product/edit/id/17
INFO: [ app_init ] --START--
INFO: Run Behavior\BuildLiteBehavior [ RunTime:0.000024s ]
INFO: [ app_init ] --END-- [ RunTime:0.000161s ]
INFO: [ app_begin ] --START--
INFO: Run Behavior\ReadHtmlCacheBehavior [ RunTime:0.000063s ]
INFO: [ app_begin ] --END-- [ RunTime:0.000159s ]
SQL: SHOW COLUMNS FROM `fruit` [ RunTime:0.0028s ]
SQL: SELECT * FROM `fruit` WHERE ( `fruit_id`='17' )  [ RunTime:0.0003s ]
SQL: SHOW COLUMNS FROM `fruit_addinfo` [ RunTime:0.0004s ]
SQL: SELECT * FROM `fruit_addinfo` WHERE ( `fruit_id`='17' AND `display_order`!=0 ) ORDER BY display_order desc  [ RunTime:0.0001s ]
SQL: SHOW COLUMNS FROM `fruit_type` [ RunTime:0.0004s ]
SQL: SELECT * FROM `fruit_type`  [ RunTime:0.0001s ]
INFO: [ view_parse ] --START--
INFO: [ template_filter ] --START--
INFO: Run Behavior\ContentReplaceBehavior [ RunTime:0.000066s ]
INFO: [ template_filter ] --END-- [ RunTime:0.000162s ]
NOTIC: [8] Undefined variable: data /var/www/zhier/App/Runtime/Cache/Admin/35a64d8c950f0d1e68f44a796e979d7d.php 第 68 行.
INFO: Run Behavior\ParseTemplateBehavior [ RunTime:0.006785s ]
INFO: [ view_parse ] --END-- [ RunTime:0.006880s ]
INFO: [ view_filter ] --START--
INFO: Run Behavior\WriteHtmlCacheBehavior [ RunTime:0.000094s ]
INFO: [ view_filter ] --END-- [ RunTime:0.000195s ]
INFO: [ app_end ] --START--
INFO: Run Behavior\ShowPageTraceBehavior [ RunTime:0.000060s ]
INFO: [ app_end ] --END-- [ RunTime:0.000150s ]

[ 2015-07-16T23:41:50+08:00 ] 125.34.74.127 /zhier/index.php/Admin/Product/edit/id/
INFO: [ app_init ] --START--
INFO: Run Behavior\BuildLiteBehavior [ RunTime:0.000025s ]
INFO: [ app_init ] --END-- [ RunTime:0.000177s ]
INFO: [ app_begin ] --START--
INFO: Run Behavior\ReadHtmlCacheBehavior [ RunTime:0.000058s ]
INFO: [ app_begin ] --END-- [ RunTime:0.000156s ]
SQL: SHOW COLUMNS FROM `fruit` [ RunTime:0.0010s ]
SQL: SELECT * FROM `fruit` WHERE ( `fruit_id`='' )  [ RunTime:0.0003s ]
NOTIC: [8] Undefined offset: 0 /var/www/zhier/App/Admin/Controller/ProductController.class.php 第 89 行.
NOTIC: [2] unlink(): No such file or directory /var/www/zhier/App/Admin/Controller/ProductController.class.php 第 89 行.
SQL: UPDATE `fruit` SET `type_id`='4',`order`='1',`name`='原味飘奶',`intro`='',`price`='25',`buys`='169',`redname`='',`detail`='',`pic`='/product/2015-07-16-23-41-50-201s.jpg',`utime`='1437061310' WHERE `fruit_id` = 17 [ RunTime:0.0063s ]
INFO: [ view_parse ] --START--
INFO: [ template_filter ] --START--
INFO: Run Behavior\ContentReplaceBehavior [ RunTime:0.000046s ]
INFO: [ template_filter ] --END-- [ RunTime:0.000140s ]
INFO: Run Behavior\ParseTemplateBehavior [ RunTime:0.002211s ]
INFO: [ view_parse ] --END-- [ RunTime:0.002307s ]
INFO: [ view_filter ] --START--
INFO: Run Behavior\WriteHtmlCacheBehavior [ RunTime:0.000065s ]
INFO: [ view_filter ] --END-- [ RunTime:0.000153s ]
INFO: [ app_end ] --START--
INFO: Run Behavior\ShowPageTraceBehavior [ RunTime:0.000066s ]
INFO: [ app_end ] --END-- [ RunTime:0.000154s ]

[ 2015-07-16T23:41:51+08:00 ] 125.34.74.127 /zhier/index.php/Admin/Product/
INFO: [ app_init ] --START--
INFO: Run Behavior\BuildLiteBehavior [ RunTime:0.000023s ]
INFO: [ app_init ] --END-- [ RunTime:0.000157s ]
INFO: [ app_begin ] --START--
INFO: Run Behavior\ReadHtmlCacheBehavior [ RunTime:0.000061s ]
INFO: [ app_begin ] --END-- [ RunTime:0.000156s ]
SQL: SHOW COLUMNS FROM `fruit_type` [ RunTime:0.0006s ]
SQL: SELECT * FROM `fruit_type`  [ RunTime:0.0001s ]
SQL: SHOW COLUMNS FROM `fruit` [ RunTime:0.0007s ]
SQL: SELECT * FROM `fruit` WHERE ( `type_id`='1' ) ORDER BY `order` DESC  [ RunTime:0.0003s ]
INFO: [ view_parse ] --START--
INFO: [ template_filter ] --START--
INFO: Run Behavior\ContentReplaceBehavior [ RunTime:0.000065s ]
INFO: [ template_filter ] --END-- [ RunTime:0.000161s ]
INFO: Run Behavior\ParseTemplateBehavior [ RunTime:0.007201s ]
INFO: [ view_parse ] --END-- [ RunTime:0.007302s ]
INFO: [ view_filter ] --START--
INFO: Run Behavior\WriteHtmlCacheBehavior [ RunTime:0.000060s ]
INFO: [ view_filter ] --END-- [ RunTime:0.000147s ]
INFO: [ app_end ] --START--
INFO: Run Behavior\ShowPageTraceBehavior [ RunTime:0.000059s ]
INFO: [ app_end ] --END-- [ RunTime:0.000147s ]

[ 2015-07-16T23:42:17+08:00 ] 125.34.74.127 /zhier/index.php/Admin/Product/edit/id/9
INFO: [ app_init ] --START--
INFO: Run Behavior\BuildLiteBehavior [ RunTime:0.000026s ]
INFO: [ app_init ] --END-- [ RunTime:0.000170s ]
INFO: [ app_begin ] --START--
INFO: Run Behavior\ReadHtmlCacheBehavior [ RunTime:0.000067s ]
INFO: [ app_begin ] --END-- [ RunTime:0.000179s ]
SQL: SHOW COLUMNS FROM `fruit` [ RunTime:0.0011s ]
SQL: SELECT * FROM `fruit` WHERE ( `fruit_id`='9' )  [ RunTime:0.0003s ]
SQL: SHOW COLUMNS FROM `fruit_addinfo` [ RunTime:0.0004s ]
SQL: SELECT * FROM `fruit_addinfo` WHERE ( `fruit_id`='9' AND `display_order`!=0 ) ORDER BY display_order desc  [ RunTime:0.0001s ]
SQL: SHOW COLUMNS FROM `fruit_type` [ RunTime:0.0004s ]
SQL: SELECT * FROM `fruit_type`  [ RunTime:0.0001s ]
INFO: [ view_parse ] --START--
INFO: [ template_filter ] --START--
INFO: Run Behavior\ContentReplaceBehavior [ RunTime:0.000069s ]
INFO: [ template_filter ] --END-- [ RunTime:0.000194s ]
NOTIC: [8] Undefined variable: data /var/www/zhier/App/Runtime/Cache/Admin/35a64d8c950f0d1e68f44a796e979d7d.php 第 68 行.
INFO: Run Behavior\ParseTemplateBehavior [ RunTime:0.006746s ]
INFO: [ view_parse ] --END-- [ RunTime:0.006841s ]
INFO: [ view_filter ] --START--
INFO: Run Behavior\WriteHtmlCacheBehavior [ RunTime:0.000066s ]
INFO: [ view_filter ] --END-- [ RunTime:0.000154s ]
INFO: [ app_end ] --START--
INFO: Run Behavior\ShowPageTraceBehavior [ RunTime:0.000065s ]
INFO: [ app_end ] --END-- [ RunTime:0.000154s ]

