[ 2015-07-11T00:30:56+08:00 ] 113.45.237.209 /zhier/index.php/admin/admin
INFO: [ app_init ] --START--
INFO: Run Behavior\BuildLiteBehavior [ RunTime:0.000025s ]
INFO: [ app_init ] --END-- [ RunTime:0.000206s ]
INFO: [ app_begin ] --START--
INFO: Run Behavior\ReadHtmlCacheBehavior [ RunTime:0.000079s ]
INFO: [ app_begin ] --END-- [ RunTime:0.000183s ]
INFO: [ view_parse ] --START--
INFO: [ template_filter ] --START--
INFO: Run Behavior\ContentReplaceBehavior [ RunTime:0.000055s ]
INFO: [ template_filter ] --END-- [ RunTime:0.000150s ]
NOTIC: [8] Undefined variable: opinion /var/www/zhier/App/Runtime/Cache/Admin/7d5bae8f2106a04379ef690681e93072.php 第 67 行.
NOTIC: [8] Undefined variable: opinion /var/www/zhier/App/Runtime/Cache/Admin/7d5bae8f2106a04379ef690681e93072.php 第 68 行.
NOTIC: [8] Undefined variable: opinion /var/www/zhier/App/Runtime/Cache/Admin/7d5bae8f2106a04379ef690681e93072.php 第 70 行.
NOTIC: [8] Undefined variable: opinion /var/www/zhier/App/Runtime/Cache/Admin/7d5bae8f2106a04379ef690681e93072.php 第 71 行.
INFO: Run Behavior\ParseTemplateBehavior [ RunTime:0.002936s ]
INFO: [ view_parse ] --END-- [ RunTime:0.003030s ]
INFO: [ view_filter ] --START--
INFO: Run Behavior\WriteHtmlCacheBehavior [ RunTime:0.000066s ]
INFO: [ view_filter ] --END-- [ RunTime:0.000153s ]
INFO: [ app_end ] --START--
INFO: Run Behavior\ShowPageTraceBehavior [ RunTime:0.000066s ]
INFO: [ app_end ] --END-- [ RunTime:0.000156s ]

[ 2015-07-11T00:30:58+08:00 ] 113.45.237.209 /zhier/index.php/Admin/Admin/index
INFO: [ app_init ] --START--
INFO: Run Behavior\BuildLiteBehavior [ RunTime:0.000025s ]
INFO: [ app_init ] --END-- [ RunTime:0.000165s ]
INFO: [ app_begin ] --START--
INFO: Run Behavior\ReadHtmlCacheBehavior [ RunTime:0.000053s ]
INFO: [ app_begin ] --END-- [ RunTime:0.000151s ]
SQL: SHOW COLUMNS FROM `admin` [ RunTime:0.0007s ]
SQL: SELECT * FROM `admin` WHERE ( username='admin' )  [ RunTime:0.0001s ]
INFO: [ view_parse ] --START--
INFO: [ template_filter ] --START--
INFO: Run Behavior\ContentReplaceBehavior [ RunTime:0.000058s ]
INFO: [ template_filter ] --END-- [ RunTime:0.000172s ]
INFO: Run Behavior\ParseTemplateBehavior [ RunTime:0.002876s ]
INFO: [ view_parse ] --END-- [ RunTime:0.002995s ]
INFO: [ view_filter ] --START--
INFO: Run Behavior\WriteHtmlCacheBehavior [ RunTime:0.000060s ]
INFO: [ view_filter ] --END-- [ RunTime:0.000151s ]
INFO: [ app_end ] --START--
INFO: Run Behavior\ShowPageTraceBehavior [ RunTime:0.000062s ]
INFO: [ app_end ] --END-- [ RunTime:0.000203s ]

[ 2015-07-11T00:31:00+08:00 ] 113.45.237.209 /zhier/index.php/Admin/Product/
INFO: [ app_init ] --START--
INFO: Run Behavior\BuildLiteBehavior [ RunTime:0.000026s ]
INFO: [ app_init ] --END-- [ RunTime:0.000171s ]
INFO: [ app_begin ] --START--
INFO: Run Behavior\ReadHtmlCacheBehavior [ RunTime:0.000068s ]
INFO: [ app_begin ] --END-- [ RunTime:0.000411s ]
NOTIC: [8] Undefined index: admin /var/www/zhier/App/Common/Common/function.php 第 6 行.

[ 2015-07-11T00:31:00+08:00 ] 113.45.237.209 /zhier/index.php/Admin/Admin/
INFO: [ app_init ] --START--
INFO: Run Behavior\BuildLiteBehavior [ RunTime:0.000021s ]
INFO: [ app_init ] --END-- [ RunTime:0.000138s ]
INFO: [ app_begin ] --START--
INFO: Run Behavior\ReadHtmlCacheBehavior [ RunTime:0.000059s ]
INFO: [ app_begin ] --END-- [ RunTime:0.000153s ]
INFO: [ view_parse ] --START--
INFO: [ template_filter ] --START--
INFO: Run Behavior\ContentReplaceBehavior [ RunTime:0.000054s ]
INFO: [ template_filter ] --END-- [ RunTime:0.000149s ]
NOTIC: [8] Undefined variable: opinion /var/www/zhier/App/Runtime/Cache/Admin/7d5bae8f2106a04379ef690681e93072.php 第 67 行.
NOTIC: [8] Undefined variable: opinion /var/www/zhier/App/Runtime/Cache/Admin/7d5bae8f2106a04379ef690681e93072.php 第 68 行.
NOTIC: [8] Undefined variable: opinion /var/www/zhier/App/Runtime/Cache/Admin/7d5bae8f2106a04379ef690681e93072.php 第 70 行.
NOTIC: [8] Undefined variable: opinion /var/www/zhier/App/Runtime/Cache/Admin/7d5bae8f2106a04379ef690681e93072.php 第 71 行.
INFO: Run Behavior\ParseTemplateBehavior [ RunTime:0.002800s ]
INFO: [ view_parse ] --END-- [ RunTime:0.002895s ]
INFO: [ view_filter ] --START--
INFO: Run Behavior\WriteHtmlCacheBehavior [ RunTime:0.000112s ]
INFO: [ view_filter ] --END-- [ RunTime:0.000201s ]
INFO: [ app_end ] --START--
INFO: Run Behavior\ShowPageTraceBehavior [ RunTime:0.000065s ]
INFO: [ app_end ] --END-- [ RunTime:0.000159s ]

[ 2015-07-11T00:31:02+08:00 ] 113.45.237.209 /zhier/index.php/Admin/Admin/index
INFO: [ app_init ] --START--
INFO: Run Behavior\BuildLiteBehavior [ RunTime:0.000024s ]
INFO: [ app_init ] --END-- [ RunTime:0.000161s ]
INFO: [ app_begin ] --START--
INFO: Run Behavior\ReadHtmlCacheBehavior [ RunTime:0.000052s ]
INFO: [ app_begin ] --END-- [ RunTime:0.000148s ]
SQL: SHOW COLUMNS FROM `admin` [ RunTime:0.0008s ]
SQL: SELECT * FROM `admin` WHERE ( username='admin' )  [ RunTime:0.0001s ]
INFO: [ view_parse ] --START--
INFO: [ template_filter ] --START--
INFO: Run Behavior\ContentReplaceBehavior [ RunTime:0.000048s ]
INFO: [ template_filter ] --END-- [ RunTime:0.000151s ]
INFO: Run Behavior\ParseTemplateBehavior [ RunTime:0.002566s ]
INFO: [ view_parse ] --END-- [ RunTime:0.002685s ]
INFO: [ view_filter ] --START--
INFO: Run Behavior\WriteHtmlCacheBehavior [ RunTime:0.000090s ]
INFO: [ view_filter ] --END-- [ RunTime:0.000223s ]
INFO: [ app_end ] --START--
INFO: Run Behavior\ShowPageTraceBehavior [ RunTime:0.000062s ]
INFO: [ app_end ] --END-- [ RunTime:0.000155s ]

[ 2015-07-11T00:31:03+08:00 ] 113.45.237.209 /zhier/index.php/Admin/Product/
INFO: [ app_init ] --START--
INFO: Run Behavior\BuildLiteBehavior [ RunTime:0.000021s ]
INFO: [ app_init ] --END-- [ RunTime:0.000142s ]
INFO: [ app_begin ] --START--
INFO: Run Behavior\ReadHtmlCacheBehavior [ RunTime:0.000061s ]
INFO: [ app_begin ] --END-- [ RunTime:0.000158s ]
SQL: SHOW COLUMNS FROM `fruit_type` [ RunTime:0.0004s ]
SQL: SELECT * FROM `fruit_type`  [ RunTime:0.0001s ]
SQL: SHOW COLUMNS FROM `fruit` [ RunTime:0.0007s ]
SQL: SELECT * FROM `fruit` WHERE ( `type_id`='1' ) ORDER BY `order` DESC  [ RunTime:0.0003s ]
INFO: [ view_parse ] --START--
INFO: [ template_filter ] --START--
INFO: Run Behavior\ContentReplaceBehavior [ RunTime:0.000081s ]
INFO: [ template_filter ] --END-- [ RunTime:0.000217s ]
INFO: Run Behavior\ParseTemplateBehavior [ RunTime:0.007799s ]
INFO: [ view_parse ] --END-- [ RunTime:0.007900s ]
INFO: [ view_filter ] --START--
INFO: Run Behavior\WriteHtmlCacheBehavior [ RunTime:0.000065s ]
INFO: [ view_filter ] --END-- [ RunTime:0.000153s ]
INFO: [ app_end ] --START--
INFO: Run Behavior\ShowPageTraceBehavior [ RunTime:0.000066s ]
INFO: [ app_end ] --END-- [ RunTime:0.000158s ]

[ 2015-07-11T00:31:35+08:00 ] 113.45.237.209 /zhier/index.php/Admin/Product/edit/id/8
INFO: [ app_init ] --START--
INFO: Run Behavior\BuildLiteBehavior [ RunTime:0.000025s ]
INFO: [ app_init ] --END-- [ RunTime:0.000175s ]
INFO: [ app_begin ] --START--
INFO: Run Behavior\ReadHtmlCacheBehavior [ RunTime:0.000067s ]
INFO: [ app_begin ] --END-- [ RunTime:0.000164s ]
SQL: SHOW COLUMNS FROM `fruit` [ RunTime:0.0009s ]
SQL: SELECT * FROM `fruit` WHERE ( `fruit_id`='8' )  [ RunTime:0.0003s ]
SQL: SHOW COLUMNS FROM `fruit_addinfo` [ RunTime:0.0004s ]
SQL: SELECT * FROM `fruit_addinfo` WHERE ( `fruit_id`='8' AND `display_order`!=0 ) ORDER BY display_order desc  [ RunTime:0.0001s ]
SQL: SHOW COLUMNS FROM `fruit_type` [ RunTime:0.0004s ]
SQL: SELECT * FROM `fruit_type`  [ RunTime:0.0001s ]
INFO: [ view_parse ] --START--
INFO: [ template_filter ] --START--
INFO: Run Behavior\ContentReplaceBehavior [ RunTime:0.000067s ]
INFO: [ template_filter ] --END-- [ RunTime:0.000163s ]
NOTIC: [8] Undefined variable: data /var/www/zhier/App/Runtime/Cache/Admin/35a64d8c950f0d1e68f44a796e979d7d.php 第 68 行.
INFO: Run Behavior\ParseTemplateBehavior [ RunTime:0.006946s ]
INFO: [ view_parse ] --END-- [ RunTime:0.007053s ]
INFO: [ view_filter ] --START--
INFO: Run Behavior\WriteHtmlCacheBehavior [ RunTime:0.000081s ]
INFO: [ view_filter ] --END-- [ RunTime:0.000170s ]
INFO: [ app_end ] --START--
INFO: Run Behavior\ShowPageTraceBehavior [ RunTime:0.000080s ]
INFO: [ app_end ] --END-- [ RunTime:0.000188s ]

[ 2015-07-11T00:32:53+08:00 ] 113.45.237.209 /zhier/index.php/Admin/Product
INFO: [ app_init ] --START--
INFO: Run Behavior\BuildLiteBehavior [ RunTime:0.000025s ]
INFO: [ app_init ] --END-- [ RunTime:0.000172s ]
INFO: [ app_begin ] --START--
INFO: Run Behavior\ReadHtmlCacheBehavior [ RunTime:0.000068s ]
INFO: [ app_begin ] --END-- [ RunTime:0.000164s ]
SQL: SHOW COLUMNS FROM `fruit_type` [ RunTime:0.0006s ]
SQL: SELECT * FROM `fruit_type`  [ RunTime:0.0001s ]
SQL: SHOW COLUMNS FROM `fruit` [ RunTime:0.0007s ]
SQL: SELECT * FROM `fruit` WHERE ( `type_id`='1' ) ORDER BY `order` DESC  [ RunTime:0.0001s ]
INFO: [ view_parse ] --START--
INFO: [ template_filter ] --START--
INFO: Run Behavior\ContentReplaceBehavior [ RunTime:0.000065s ]
INFO: [ template_filter ] --END-- [ RunTime:0.000161s ]
INFO: Run Behavior\ParseTemplateBehavior [ RunTime:0.007157s ]
INFO: [ view_parse ] --END-- [ RunTime:0.007257s ]
INFO: [ view_filter ] --START--
INFO: Run Behavior\WriteHtmlCacheBehavior [ RunTime:0.000067s ]
INFO: [ view_filter ] --END-- [ RunTime:0.000154s ]
INFO: [ app_end ] --START--
INFO: Run Behavior\ShowPageTraceBehavior [ RunTime:0.000065s ]
INFO: [ app_end ] --END-- [ RunTime:0.000154s ]

[ 2015-07-11T00:33:58+08:00 ] 113.45.237.209 /zhier/index.php/Admin/Product/edit/id/2
INFO: [ app_init ] --START--
INFO: Run Behavior\BuildLiteBehavior [ RunTime:0.000025s ]
INFO: [ app_init ] --END-- [ RunTime:0.000171s ]
INFO: [ app_begin ] --START--
INFO: Run Behavior\ReadHtmlCacheBehavior [ RunTime:0.000066s ]
INFO: [ app_begin ] --END-- [ RunTime:0.000162s ]
SQL: SHOW COLUMNS FROM `fruit` [ RunTime:0.0010s ]
SQL: SELECT * FROM `fruit` WHERE ( `fruit_id`='2' )  [ RunTime:0.0003s ]
SQL: SHOW COLUMNS FROM `fruit_addinfo` [ RunTime:0.0004s ]
SQL: SELECT * FROM `fruit_addinfo` WHERE ( `fruit_id`='2' AND `display_order`!=0 ) ORDER BY display_order desc  [ RunTime:0.0001s ]
SQL: SHOW COLUMNS FROM `fruit_type` [ RunTime:0.0004s ]
SQL: SELECT * FROM `fruit_type`  [ RunTime:0.0001s ]
INFO: [ view_parse ] --START--
INFO: [ template_filter ] --START--
INFO: Run Behavior\ContentReplaceBehavior [ RunTime:0.000068s ]
INFO: [ template_filter ] --END-- [ RunTime:0.000162s ]
NOTIC: [8] Undefined variable: data /var/www/zhier/App/Runtime/Cache/Admin/35a64d8c950f0d1e68f44a796e979d7d.php 第 68 行.
INFO: Run Behavior\ParseTemplateBehavior [ RunTime:0.006634s ]
INFO: [ view_parse ] --END-- [ RunTime:0.006731s ]
INFO: [ view_filter ] --START--
INFO: Run Behavior\WriteHtmlCacheBehavior [ RunTime:0.000067s ]
INFO: [ view_filter ] --END-- [ RunTime:0.000154s ]
INFO: [ app_end ] --START--
INFO: Run Behavior\ShowPageTraceBehavior [ RunTime:0.000066s ]
INFO: [ app_end ] --END-- [ RunTime:0.000155s ]

[ 2015-07-11T00:37:06+08:00 ] 113.45.237.209 /zhier/index.php/Admin/Product
INFO: [ app_init ] --START--
INFO: Run Behavior\BuildLiteBehavior [ RunTime:0.000025s ]
INFO: [ app_init ] --END-- [ RunTime:0.000170s ]
INFO: [ app_begin ] --START--
INFO: Run Behavior\ReadHtmlCacheBehavior [ RunTime:0.000067s ]
INFO: [ app_begin ] --END-- [ RunTime:0.000163s ]
SQL: SHOW COLUMNS FROM `fruit_type` [ RunTime:0.0007s ]
SQL: SELECT * FROM `fruit_type`  [ RunTime:0.0001s ]
SQL: SHOW COLUMNS FROM `fruit` [ RunTime:0.0007s ]
SQL: SELECT * FROM `fruit` WHERE ( `type_id`='1' ) ORDER BY `order` DESC  [ RunTime:0.0001s ]
INFO: [ view_parse ] --START--
INFO: [ template_filter ] --START--
INFO: Run Behavior\ContentReplaceBehavior [ RunTime:0.000065s ]
INFO: [ template_filter ] --END-- [ RunTime:0.000161s ]
INFO: Run Behavior\ParseTemplateBehavior [ RunTime:0.007254s ]
INFO: [ view_parse ] --END-- [ RunTime:0.007354s ]
INFO: [ view_filter ] --START--
INFO: Run Behavior\WriteHtmlCacheBehavior [ RunTime:0.000077s ]
INFO: [ view_filter ] --END-- [ RunTime:0.000179s ]
INFO: [ app_end ] --START--
INFO: Run Behavior\ShowPageTraceBehavior [ RunTime:0.000139s ]
INFO: [ app_end ] --END-- [ RunTime:0.000241s ]

[ 2015-07-11T00:37:08+08:00 ] 113.45.237.209 /zhier/index.php/Admin/Index
INFO: [ app_init ] --START--
INFO: Run Behavior\BuildLiteBehavior [ RunTime:0.000024s ]
INFO: [ app_init ] --END-- [ RunTime:0.000163s ]
INFO: [ app_begin ] --START--
INFO: Run Behavior\ReadHtmlCacheBehavior [ RunTime:0.000062s ]
INFO: [ app_begin ] --END-- [ RunTime:0.000158s ]
SQL: SHOW COLUMNS FROM `order` [ RunTime:0.0007s ]
NOTIC: [8] Undefined variable: limit /var/www/zhier/App/Admin/Controller/IndexController.class.php 第 28 行.
SQL: SELECT * FROM `order` WHERE (  `status`=''  ) ORDER BY order_id DESC  [ RunTime:0.0004s ]
SQL: SHOW COLUMNS FROM `order_detail` [ RunTime:0.0006s ]
INFO: [ view_parse ] --START--
INFO: [ template_filter ] --START--
INFO: Run Behavior\ContentReplaceBehavior [ RunTime:0.000066s ]
INFO: [ template_filter ] --END-- [ RunTime:0.000184s ]
INFO: Run Behavior\ParseTemplateBehavior [ RunTime:0.009367s ]
INFO: [ view_parse ] --END-- [ RunTime:0.009476s ]
INFO: [ view_filter ] --START--
INFO: Run Behavior\WriteHtmlCacheBehavior [ RunTime:0.000060s ]
INFO: [ view_filter ] --END-- [ RunTime:0.000148s ]
INFO: [ app_end ] --START--
INFO: Run Behavior\ShowPageTraceBehavior [ RunTime:0.000061s ]
INFO: [ app_end ] --END-- [ RunTime:0.000154s ]

[ 2015-07-11T00:37:10+08:00 ] 113.45.237.209 /zhier/index.php/Admin/Index/index/filter/1
INFO: [ app_init ] --START--
INFO: Run Behavior\BuildLiteBehavior [ RunTime:0.000025s ]
INFO: [ app_init ] --END-- [ RunTime:0.000173s ]
INFO: [ app_begin ] --START--
INFO: Run Behavior\ReadHtmlCacheBehavior [ RunTime:0.000068s ]
INFO: [ app_begin ] --END-- [ RunTime:0.000165s ]
SQL: SHOW COLUMNS FROM `order` [ RunTime:0.0007s ]
NOTIC: [8] Undefined variable: limit /var/www/zhier/App/Admin/Controller/IndexController.class.php 第 28 行.
SQL: SELECT * FROM `order` WHERE (  `status`='1'  ) ORDER BY order_id DESC  [ RunTime:0.0003s ]
SQL: SHOW COLUMNS FROM `order_detail` [ RunTime:0.0005s ]
NOTIC: [8] Undefined offset: 3 /var/www/zhier/App/Admin/Controller/IndexController.class.php 第 37 行.
SQL: SELECT count(1) num FROM `order` WHERE ( `user_id`='109' )  [ RunTime:0.0002s ]
SQL: SELECT * FROM `order_detail` WHERE ( `order_id`='12412' )  [ RunTime:0.0002s ]
NOTIC: [8] Undefined offset: 3 /var/www/zhier/App/Admin/Controller/IndexController.class.php 第 37 行.
SQL: SELECT count(1) num FROM `order` WHERE ( `user_id`='109' )  [ RunTime:0.0001s ]
SQL: SELECT * FROM `order_detail` WHERE ( `order_id`='12411' )  [ RunTime:0.0002s ]
NOTIC: [8] Undefined offset: 3 /var/www/zhier/App/Admin/Controller/IndexController.class.php 第 37 行.
SQL: SELECT count(1) num FROM `order` WHERE ( `user_id`='109' )  [ RunTime:0.0001s ]
SQL: SELECT * FROM `order_detail` WHERE ( `order_id`='12410' )  [ RunTime:0.0002s ]
NOTIC: [8] Undefined offset: 22 /var/www/zhier/App/Admin/Controller/IndexController.class.php 第 37 行.
SQL: SELECT count(1) num FROM `order` WHERE ( `user_id`='109' )  [ RunTime:0.0001s ]
SQL: SELECT * FROM `order_detail` WHERE ( `order_id`='12408' )  [ RunTime:0.0002s ]
NOTIC: [8] Undefined offset: 2 /var/www/zhier/App/Admin/Controller/IndexController.class.php 第 37 行.
SQL: SELECT count(1) num FROM `order` WHERE ( `user_id`='112' )  [ RunTime:0.0002s ]
SQL: SELECT * FROM `order_detail` WHERE ( `order_id`='12406' )  [ RunTime:0.0002s ]
NOTIC: [8] Undefined offset: 10 /var/www/zhier/App/Admin/Controller/IndexController.class.php 第 37 行.
SQL: SELECT count(1) num FROM `order` WHERE ( `user_id`='111' )  [ RunTime:0.0002s ]
SQL: SELECT * FROM `order_detail` WHERE ( `order_id`='12405' )  [ RunTime:0.0002s ]
NOTIC: [8] Undefined offset: 15 /var/www/zhier/App/Admin/Controller/IndexController.class.php 第 37 行.
SQL: SELECT count(1) num FROM `order` WHERE ( `user_id`='123' )  [ RunTime:0.0002s ]
SQL: SELECT * FROM `order_detail` WHERE ( `order_id`='12402' )  [ RunTime:0.0002s ]
NOTIC: [8] Undefined offset: 3 /var/www/zhier/App/Admin/Controller/IndexController.class.php 第 37 行.
SQL: SELECT count(1) num FROM `order` WHERE ( `user_id`='109' )  [ RunTime:0.0001s ]
SQL: SELECT * FROM `order_detail` WHERE ( `order_id`='12401' )  [ RunTime:0.0002s ]
NOTIC: [8] Undefined offset: 2 /var/www/zhier/App/Admin/Controller/IndexController.class.php 第 37 行.
SQL: SELECT count(1) num FROM `order` WHERE ( `user_id`='115' )  [ RunTime:0.0002s ]
SQL: SELECT * FROM `order_detail` WHERE ( `order_id`='12400' )  [ RunTime:0.0002s ]
NOTIC: [8] Undefined offset: 15 /var/www/zhier/App/Admin/Controller/IndexController.class.php 第 37 行.
SQL: SELECT count(1) num FROM `order` WHERE ( `user_id`='123' )  [ RunTime:0.0001s ]
SQL: SELECT * FROM `order_detail` WHERE ( `order_id`='12399' )  [ RunTime:0.0002s ]
NOTIC: [8] Undefined offset: 15 /var/www/zhier/App/Admin/Controller/IndexController.class.php 第 37 行.
SQL: SELECT count(1) num FROM `order` WHERE ( `user_id`='123' )  [ RunTime:0.0001s ]
SQL: SELECT * FROM `order_detail` WHERE ( `order_id`='12398' )  [ RunTime:0.0002s ]
NOTIC: [8] Undefined offset: 2 /var/www/zhier/App/Admin/Controller/IndexController.class.php 第 37 行.
SQL: SELECT count(1) num FROM `order` WHERE ( `user_id`='113' )  [ RunTime:0.0002s ]
SQL: SELECT * FROM `order_detail` WHERE ( `order_id`='12397' )  [ RunTime:0.0002s ]
NOTIC: [8] Undefined offset: 2 /var/www/zhier/App/Admin/Controller/IndexController.class.php 第 37 行.
SQL: SELECT count(1) num FROM `order` WHERE ( `user_id`='106' )  [ RunTime:0.0002s ]
SQL: SELECT * FROM `order_detail` WHERE ( `order_id`='12396' )  [ RunTime:0.0002s ]
NOTIC: [8] Undefined offset: 28 /var/www/zhier/App/Admin/Controller/IndexController.class.php 第 37 行.
SQL: SELECT count(1) num FROM `order` WHERE ( `user_id`='125' )  [ RunTime:0.0002s ]
SQL: SELECT * FROM `order_detail` WHERE ( `order_id`='12395' )  [ RunTime:0.0002s ]
NOTIC: [8] Undefined offset: 17 /var/www/zhier/App/Admin/Controller/IndexController.class.php 第 37 行.
SQL: SELECT count(1) num FROM `order` WHERE ( `user_id`='125' )  [ RunTime:0.0001s ]
SQL: SELECT * FROM `order_detail` WHERE ( `order_id`='12394' )  [ RunTime:0.0002s ]
NOTIC: [8] Undefined offset: 31 /var/www/zhier/App/Admin/Controller/IndexController.class.php 第 37 行.
SQL: SELECT count(1) num FROM `order` WHERE ( `user_id`='125' )  [ RunTime:0.0001s ]
SQL: SELECT * FROM `order_detail` WHERE ( `order_id`='12393' )  [ RunTime:0.0002s ]
INFO: [ view_parse ] --START--
INFO: [ template_filter ] --START--
INFO: Run Behavior\ContentReplaceBehavior [ RunTime:0.000066s ]
INFO: [ template_filter ] --END-- [ RunTime:0.000166s ]
INFO: Run Behavior\ParseTemplateBehavior [ RunTime:0.008738s ]
INFO: [ view_parse ] --END-- [ RunTime:0.008883s ]
INFO: [ view_filter ] --START--
INFO: Run Behavior\WriteHtmlCacheBehavior [ RunTime:0.000066s ]
INFO: [ view_filter ] --END-- [ RunTime:0.000158s ]
INFO: [ app_end ] --START--
INFO: Run Behavior\ShowPageTraceBehavior [ RunTime:0.000069s ]
INFO: [ app_end ] --END-- [ RunTime:0.000162s ]

[ 2015-07-11T00:41:32+08:00 ] 113.45.237.209 /zhier/index.php/Admin/Recommend
INFO: [ app_init ] --START--
INFO: Run Behavior\BuildLiteBehavior [ RunTime:0.000025s ]
INFO: [ app_init ] --END-- [ RunTime:0.000175s ]
INFO: [ app_begin ] --START--
INFO: Run Behavior\ReadHtmlCacheBehavior [ RunTime:0.000068s ]
INFO: [ app_begin ] --END-- [ RunTime:0.000164s ]
SQL: SELECT f.name fruit_name,o.ctime,o.to_name,o.to_mobile,od.* FROM order_detail od LEFT JOIN `order` o ON o.order_id=od.order_id LEFT JOIN fruit f ON od.fruit_id = f.fruit_id WHERE od.`commend_status`='1' [ RunTime:0.0004s ]
INFO: [ view_parse ] --START--
INFO: [ template_filter ] --START--
INFO: Run Behavior\ContentReplaceBehavior [ RunTime:0.000063s ]
INFO: [ template_filter ] --END-- [ RunTime:0.000159s ]
INFO: Run Behavior\ParseTemplateBehavior [ RunTime:0.007082s ]
INFO: [ view_parse ] --END-- [ RunTime:0.007183s ]
INFO: [ view_filter ] --START--
INFO: Run Behavior\WriteHtmlCacheBehavior [ RunTime:0.000067s ]
INFO: [ view_filter ] --END-- [ RunTime:0.000155s ]
INFO: [ app_end ] --START--
INFO: Run Behavior\ShowPageTraceBehavior [ RunTime:0.000067s ]
INFO: [ app_end ] --END-- [ RunTime:0.000156s ]

[ 2015-07-11T00:42:54+08:00 ] 113.45.237.209 /zhier/index.php/Admin/Opinion
INFO: [ app_init ] --START--
INFO: Run Behavior\BuildLiteBehavior [ RunTime:0.000025s ]
INFO: [ app_init ] --END-- [ RunTime:0.000171s ]
INFO: [ app_begin ] --START--
INFO: Run Behavior\ReadHtmlCacheBehavior [ RunTime:0.000067s ]
INFO: [ app_begin ] --END-- [ RunTime:0.000164s ]
SQL: SHOW COLUMNS FROM `opinion` [ RunTime:0.0007s ]
SQL: SELECT u.name,o.* FROM opinion o LEFT JOIN user u ON o.user_id=u.user_id WHERE o.`status`='' [ RunTime:0.0003s ]
INFO: [ view_parse ] --START--
INFO: [ template_filter ] --START--
INFO: Run Behavior\ContentReplaceBehavior [ RunTime:0.000062s ]
INFO: [ template_filter ] --END-- [ RunTime:0.000158s ]
NOTIC: [8] Undefined variable: data /var/www/zhier/App/Runtime/Cache/Admin/96fb37e019936b72e7741650b56e9262.php 第 34 行.
NOTIC: [2] date() expects parameter 2 to be long, string given /var/www/zhier/App/Runtime/Cache/Admin/96fb37e019936b72e7741650b56e9262.php 第 36 行.
NOTIC: [8] Undefined variable: data /var/www/zhier/App/Runtime/Cache/Admin/96fb37e019936b72e7741650b56e9262.php 第 34 行.
NOTIC: [2] date() expects parameter 2 to be long, string given /var/www/zhier/App/Runtime/Cache/Admin/96fb37e019936b72e7741650b56e9262.php 第 36 行.
NOTIC: [8] Undefined variable: data /var/www/zhier/App/Runtime/Cache/Admin/96fb37e019936b72e7741650b56e9262.php 第 34 行.
NOTIC: [2] date() expects parameter 2 to be long, string given /var/www/zhier/App/Runtime/Cache/Admin/96fb37e019936b72e7741650b56e9262.php 第 36 行.
NOTIC: [8] Undefined variable: data /var/www/zhier/App/Runtime/Cache/Admin/96fb37e019936b72e7741650b56e9262.php 第 34 行.
NOTIC: [2] date() expects parameter 2 to be long, string given /var/www/zhier/App/Runtime/Cache/Admin/96fb37e019936b72e7741650b56e9262.php 第 36 行.
NOTIC: [8] Undefined variable: data /var/www/zhier/App/Runtime/Cache/Admin/96fb37e019936b72e7741650b56e9262.php 第 34 行.
NOTIC: [2] date() expects parameter 2 to be long, string given /var/www/zhier/App/Runtime/Cache/Admin/96fb37e019936b72e7741650b56e9262.php 第 36 行.
NOTIC: [8] Undefined variable: data /var/www/zhier/App/Runtime/Cache/Admin/96fb37e019936b72e7741650b56e9262.php 第 34 行.
NOTIC: [2] date() expects parameter 2 to be long, string given /var/www/zhier/App/Runtime/Cache/Admin/96fb37e019936b72e7741650b56e9262.php 第 36 行.
NOTIC: [8] Undefined variable: data /var/www/zhier/App/Runtime/Cache/Admin/96fb37e019936b72e7741650b56e9262.php 第 34 行.
NOTIC: [2] date() expects parameter 2 to be long, string given /var/www/zhier/App/Runtime/Cache/Admin/96fb37e019936b72e7741650b56e9262.php 第 36 行.
NOTIC: [8] Undefined variable: data /var/www/zhier/App/Runtime/Cache/Admin/96fb37e019936b72e7741650b56e9262.php 第 34 行.
NOTIC: [2] date() expects parameter 2 to be long, string given /var/www/zhier/App/Runtime/Cache/Admin/96fb37e019936b72e7741650b56e9262.php 第 36 行.
NOTIC: [8] Undefined variable: data /var/www/zhier/App/Runtime/Cache/Admin/96fb37e019936b72e7741650b56e9262.php 第 34 行.
NOTIC: [2] date() expects parameter 2 to be long, string given /var/www/zhier/App/Runtime/Cache/Admin/96fb37e019936b72e7741650b56e9262.php 第 36 行.
NOTIC: [8] Undefined variable: data /var/www/zhier/App/Runtime/Cache/Admin/96fb37e019936b72e7741650b56e9262.php 第 34 行.
NOTIC: [2] date() expects parameter 2 to be long, string given /var/www/zhier/App/Runtime/Cache/Admin/96fb37e019936b72e7741650b56e9262.php 第 36 行.
NOTIC: [8] Undefined variable: data /var/www/zhier/App/Runtime/Cache/Admin/96fb37e019936b72e7741650b56e9262.php 第 34 行.
NOTIC: [2] date() expects parameter 2 to be long, string given /var/www/zhier/App/Runtime/Cache/Admin/96fb37e019936b72e7741650b56e9262.php 第 36 行.
NOTIC: [8] Undefined variable: data /var/www/zhier/App/Runtime/Cache/Admin/96fb37e019936b72e7741650b56e9262.php 第 34 行.
NOTIC: [2] date() expects parameter 2 to be long, string given /var/www/zhier/App/Runtime/Cache/Admin/96fb37e019936b72e7741650b56e9262.php 第 36 行.
NOTIC: [8] Undefined variable: data /var/www/zhier/App/Runtime/Cache/Admin/96fb37e019936b72e7741650b56e9262.php 第 34 行.
NOTIC: [2] date() expects parameter 2 to be long, string given /var/www/zhier/App/Runtime/Cache/Admin/96fb37e019936b72e7741650b56e9262.php 第 36 行.
INFO: Run Behavior\ParseTemplateBehavior [ RunTime:0.008403s ]
INFO: [ view_parse ] --END-- [ RunTime:0.008498s ]
INFO: [ view_filter ] --START--
INFO: Run Behavior\WriteHtmlCacheBehavior [ RunTime:0.000067s ]
INFO: [ view_filter ] --END-- [ RunTime:0.000155s ]
INFO: [ app_end ] --START--
INFO: Run Behavior\ShowPageTraceBehavior [ RunTime:0.000069s ]
INFO: [ app_end ] --END-- [ RunTime:0.000207s ]

[ 2015-07-11T00:44:27+08:00 ] 113.45.237.209 /zhier/index.php/Admin/Recommend
INFO: [ app_init ] --START--
INFO: Run Behavior\BuildLiteBehavior [ RunTime:0.000031s ]
INFO: [ app_init ] --END-- [ RunTime:0.000225s ]
INFO: [ app_begin ] --START--
INFO: Run Behavior\ReadHtmlCacheBehavior [ RunTime:0.000079s ]
INFO: [ app_begin ] --END-- [ RunTime:0.000184s ]
SQL: SELECT f.name fruit_name,o.ctime,o.to_name,o.to_mobile,od.* FROM order_detail od LEFT JOIN `order` o ON o.order_id=od.order_id LEFT JOIN fruit f ON od.fruit_id = f.fruit_id WHERE od.`commend_status`='1' [ RunTime:0.0001s ]
INFO: [ view_parse ] --START--
INFO: [ template_filter ] --START--
INFO: Run Behavior\ContentReplaceBehavior [ RunTime:0.000065s ]
INFO: [ template_filter ] --END-- [ RunTime:0.000166s ]
INFO: Run Behavior\ParseTemplateBehavior [ RunTime:0.007889s ]
INFO: [ view_parse ] --END-- [ RunTime:0.007994s ]
INFO: [ view_filter ] --START--
INFO: Run Behavior\WriteHtmlCacheBehavior [ RunTime:0.000077s ]
INFO: [ view_filter ] --END-- [ RunTime:0.000165s ]
INFO: [ app_end ] --START--
INFO: Run Behavior\ShowPageTraceBehavior [ RunTime:0.000076s ]
INFO: [ app_end ] --END-- [ RunTime:0.000167s ]

[ 2015-07-11T00:44:30+08:00 ] 113.45.237.209 /zhier/index.php/Admin/Opinion
INFO: [ app_init ] --START--
INFO: Run Behavior\BuildLiteBehavior [ RunTime:0.000025s ]
INFO: [ app_init ] --END-- [ RunTime:0.000172s ]
INFO: [ app_begin ] --START--
INFO: Run Behavior\ReadHtmlCacheBehavior [ RunTime:0.000066s ]
INFO: [ app_begin ] --END-- [ RunTime:0.000161s ]
SQL: SHOW COLUMNS FROM `opinion` [ RunTime:0.0007s ]
SQL: SELECT u.name,o.* FROM opinion o LEFT JOIN user u ON o.user_id=u.user_id WHERE o.`status`='' [ RunTime:0.0001s ]
INFO: [ view_parse ] --START--
INFO: [ template_filter ] --START--
INFO: Run Behavior\ContentReplaceBehavior [ RunTime:0.000061s ]
INFO: [ template_filter ] --END-- [ RunTime:0.000164s ]
NOTIC: [8] Undefined variable: data /var/www/zhier/App/Runtime/Cache/Admin/96fb37e019936b72e7741650b56e9262.php 第 34 行.
NOTIC: [2] date() expects parameter 2 to be long, string given /var/www/zhier/App/Runtime/Cache/Admin/96fb37e019936b72e7741650b56e9262.php 第 36 行.
NOTIC: [8] Undefined variable: data /var/www/zhier/App/Runtime/Cache/Admin/96fb37e019936b72e7741650b56e9262.php 第 34 行.
NOTIC: [2] date() expects parameter 2 to be long, string given /var/www/zhier/App/Runtime/Cache/Admin/96fb37e019936b72e7741650b56e9262.php 第 36 行.
NOTIC: [8] Undefined variable: data /var/www/zhier/App/Runtime/Cache/Admin/96fb37e019936b72e7741650b56e9262.php 第 34 行.
NOTIC: [2] date() expects parameter 2 to be long, string given /var/www/zhier/App/Runtime/Cache/Admin/96fb37e019936b72e7741650b56e9262.php 第 36 行.
NOTIC: [8] Undefined variable: data /var/www/zhier/App/Runtime/Cache/Admin/96fb37e019936b72e7741650b56e9262.php 第 34 行.
NOTIC: [2] date() expects parameter 2 to be long, string given /var/www/zhier/App/Runtime/Cache/Admin/96fb37e019936b72e7741650b56e9262.php 第 36 行.
NOTIC: [8] Undefined variable: data /var/www/zhier/App/Runtime/Cache/Admin/96fb37e019936b72e7741650b56e9262.php 第 34 行.
NOTIC: [2] date() expects parameter 2 to be long, string given /var/www/zhier/App/Runtime/Cache/Admin/96fb37e019936b72e7741650b56e9262.php 第 36 行.
NOTIC: [8] Undefined variable: data /var/www/zhier/App/Runtime/Cache/Admin/96fb37e019936b72e7741650b56e9262.php 第 34 行.
NOTIC: [2] date() expects parameter 2 to be long, string given /var/www/zhier/App/Runtime/Cache/Admin/96fb37e019936b72e7741650b56e9262.php 第 36 行.
NOTIC: [8] Undefined variable: data /var/www/zhier/App/Runtime/Cache/Admin/96fb37e019936b72e7741650b56e9262.php 第 34 行.
NOTIC: [2] date() expects parameter 2 to be long, string given /var/www/zhier/App/Runtime/Cache/Admin/96fb37e019936b72e7741650b56e9262.php 第 36 行.
NOTIC: [8] Undefined variable: data /var/www/zhier/App/Runtime/Cache/Admin/96fb37e019936b72e7741650b56e9262.php 第 34 行.
NOTIC: [2] date() expects parameter 2 to be long, string given /var/www/zhier/App/Runtime/Cache/Admin/96fb37e019936b72e7741650b56e9262.php 第 36 行.
NOTIC: [8] Undefined variable: data /var/www/zhier/App/Runtime/Cache/Admin/96fb37e019936b72e7741650b56e9262.php 第 34 行.
NOTIC: [2] date() expects parameter 2 to be long, string given /var/www/zhier/App/Runtime/Cache/Admin/96fb37e019936b72e7741650b56e9262.php 第 36 行.
NOTIC: [8] Undefined variable: data /var/www/zhier/App/Runtime/Cache/Admin/96fb37e019936b72e7741650b56e9262.php 第 34 行.
NOTIC: [2] date() expects parameter 2 to be long, string given /var/www/zhier/App/Runtime/Cache/Admin/96fb37e019936b72e7741650b56e9262.php 第 36 行.
NOTIC: [8] Undefined variable: data /var/www/zhier/App/Runtime/Cache/Admin/96fb37e019936b72e7741650b56e9262.php 第 34 行.
NOTIC: [2] date() expects parameter 2 to be long, string given /var/www/zhier/App/Runtime/Cache/Admin/96fb37e019936b72e7741650b56e9262.php 第 36 行.
NOTIC: [8] Undefined variable: data /var/www/zhier/App/Runtime/Cache/Admin/96fb37e019936b72e7741650b56e9262.php 第 34 行.
NOTIC: [2] date() expects parameter 2 to be long, string given /var/www/zhier/App/Runtime/Cache/Admin/96fb37e019936b72e7741650b56e9262.php 第 36 行.
NOTIC: [8] Undefined variable: data /var/www/zhier/App/Runtime/Cache/Admin/96fb37e019936b72e7741650b56e9262.php 第 34 行.
NOTIC: [2] date() expects parameter 2 to be long, string given /var/www/zhier/App/Runtime/Cache/Admin/96fb37e019936b72e7741650b56e9262.php 第 36 行.
INFO: Run Behavior\ParseTemplateBehavior [ RunTime:0.008482s ]
INFO: [ view_parse ] --END-- [ RunTime:0.008577s ]
INFO: [ view_filter ] --START--
INFO: Run Behavior\WriteHtmlCacheBehavior [ RunTime:0.000064s ]
INFO: [ view_filter ] --END-- [ RunTime:0.000152s ]
INFO: [ app_end ] --START--
INFO: Run Behavior\ShowPageTraceBehavior [ RunTime:0.000063s ]
INFO: [ app_end ] --END-- [ RunTime:0.000153s ]

