[ 2015-07-18T12:51:50+08:00 ] 115.34.42.94 /zhier/index.php/Admin/Admin/
INFO: [ app_init ] --START--
INFO: Run Behavior\BuildLiteBehavior [ RunTime:0.000026s ]
INFO: [ app_init ] --END-- [ RunTime:0.000175s ]
INFO: [ app_begin ] --START--
INFO: Run Behavior\ReadHtmlCacheBehavior [ RunTime:0.000069s ]
INFO: [ app_begin ] --END-- [ RunTime:0.000167s ]
INFO: [ view_parse ] --START--
INFO: [ template_filter ] --START--
INFO: Run Behavior\ContentReplaceBehavior [ RunTime:0.000055s ]
INFO: [ template_filter ] --END-- [ RunTime:0.000153s ]
NOTIC: [8] Undefined variable: opinion /var/www/zhier/App/Runtime/Cache/Admin/7d5bae8f2106a04379ef690681e93072.php 第 67 行.
NOTIC: [8] Undefined variable: opinion /var/www/zhier/App/Runtime/Cache/Admin/7d5bae8f2106a04379ef690681e93072.php 第 68 行.
NOTIC: [8] Undefined variable: opinion /var/www/zhier/App/Runtime/Cache/Admin/7d5bae8f2106a04379ef690681e93072.php 第 70 行.
NOTIC: [8] Undefined variable: opinion /var/www/zhier/App/Runtime/Cache/Admin/7d5bae8f2106a04379ef690681e93072.php 第 71 行.
INFO: Run Behavior\ParseTemplateBehavior [ RunTime:0.002786s ]
INFO: [ view_parse ] --END-- [ RunTime:0.002882s ]
INFO: [ view_filter ] --START--
INFO: Run Behavior\WriteHtmlCacheBehavior [ RunTime:0.000068s ]
INFO: [ view_filter ] --END-- [ RunTime:0.000155s ]
INFO: [ app_end ] --START--
INFO: Run Behavior\ShowPageTraceBehavior [ RunTime:0.000068s ]
INFO: [ app_end ] --END-- [ RunTime:0.000158s ]

[ 2015-07-18T12:53:29+08:00 ] 115.34.42.94 /zhier/index.php/Admin/Opinion/edit/id/35
INFO: [ app_init ] --START--
INFO: Run Behavior\BuildLiteBehavior [ RunTime:0.000025s ]
INFO: [ app_init ] --END-- [ RunTime:0.000177s ]
INFO: [ app_begin ] --START--
INFO: Run Behavior\ReadHtmlCacheBehavior [ RunTime:0.000068s ]
INFO: [ app_begin ] --END-- [ RunTime:0.000164s ]
NOTIC: [8] Undefined index: admin /var/www/zhier/App/Common/Common/function.php 第 6 行.

[ 2015-07-18T12:53:29+08:00 ] 115.34.42.94 /zhier/index.php/Admin/Admin/
INFO: [ app_init ] --START--
INFO: Run Behavior\BuildLiteBehavior [ RunTime:0.000021s ]
INFO: [ app_init ] --END-- [ RunTime:0.000136s ]
INFO: [ app_begin ] --START--
INFO: Run Behavior\ReadHtmlCacheBehavior [ RunTime:0.000059s ]
INFO: [ app_begin ] --END-- [ RunTime:0.000151s ]
INFO: [ view_parse ] --START--
INFO: [ template_filter ] --START--
INFO: Run Behavior\ContentReplaceBehavior [ RunTime:0.000055s ]
INFO: [ template_filter ] --END-- [ RunTime:0.000149s ]
NOTIC: [8] Undefined variable: opinion /var/www/zhier/App/Runtime/Cache/Admin/7d5bae8f2106a04379ef690681e93072.php 第 67 行.
NOTIC: [8] Undefined variable: opinion /var/www/zhier/App/Runtime/Cache/Admin/7d5bae8f2106a04379ef690681e93072.php 第 68 行.
NOTIC: [8] Undefined variable: opinion /var/www/zhier/App/Runtime/Cache/Admin/7d5bae8f2106a04379ef690681e93072.php 第 70 行.
NOTIC: [8] Undefined variable: opinion /var/www/zhier/App/Runtime/Cache/Admin/7d5bae8f2106a04379ef690681e93072.php 第 71 行.
INFO: Run Behavior\ParseTemplateBehavior [ RunTime:0.002888s ]
INFO: [ view_parse ] --END-- [ RunTime:0.002982s ]
INFO: [ view_filter ] --START--
INFO: Run Behavior\WriteHtmlCacheBehavior [ RunTime:0.000067s ]
INFO: [ view_filter ] --END-- [ RunTime:0.000154s ]
INFO: [ app_end ] --START--
INFO: Run Behavior\ShowPageTraceBehavior [ RunTime:0.000065s ]
INFO: [ app_end ] --END-- [ RunTime:0.000153s ]

[ 2015-07-18T12:53:39+08:00 ] 115.34.42.94 /zhier/index.php/Admin/Admin/index
INFO: [ app_init ] --START--
INFO: Run Behavior\BuildLiteBehavior [ RunTime:0.000031s ]
INFO: [ app_init ] --END-- [ RunTime:0.000252s ]
INFO: [ app_begin ] --START--
INFO: Run Behavior\ReadHtmlCacheBehavior [ RunTime:0.000073s ]
INFO: [ app_begin ] --END-- [ RunTime:0.000181s ]
SQL: SHOW COLUMNS FROM `admin` [ RunTime:0.0006s ]
SQL: SELECT * FROM `admin` WHERE ( username='admin' )  [ RunTime:0.0001s ]
INFO: [ view_parse ] --START--
INFO: [ template_filter ] --START--
INFO: Run Behavior\ContentReplaceBehavior [ RunTime:0.000052s ]
INFO: [ template_filter ] --END-- [ RunTime:0.000160s ]
INFO: Run Behavior\ParseTemplateBehavior [ RunTime:0.002799s ]
INFO: [ view_parse ] --END-- [ RunTime:0.002920s ]
INFO: [ view_filter ] --START--
INFO: Run Behavior\WriteHtmlCacheBehavior [ RunTime:0.000074s ]
INFO: [ view_filter ] --END-- [ RunTime:0.000163s ]
INFO: [ app_end ] --START--
INFO: Run Behavior\ShowPageTraceBehavior [ RunTime:0.000079s ]
INFO: [ app_end ] --END-- [ RunTime:0.000167s ]

[ 2015-07-18T12:53:41+08:00 ] 115.34.42.94 /zhier/index.php/Admin/Product/
INFO: [ app_init ] --START--
INFO: Run Behavior\BuildLiteBehavior [ RunTime:0.000024s ]
INFO: [ app_init ] --END-- [ RunTime:0.000167s ]
INFO: [ app_begin ] --START--
INFO: Run Behavior\ReadHtmlCacheBehavior [ RunTime:0.000061s ]
INFO: [ app_begin ] --END-- [ RunTime:0.000172s ]
SQL: SHOW COLUMNS FROM `fruit_type` [ RunTime:0.0007s ]
SQL: SELECT * FROM `fruit_type`  [ RunTime:0.0001s ]
SQL: SHOW COLUMNS FROM `fruit` [ RunTime:0.0007s ]
SQL: SELECT * FROM `fruit` WHERE ( `type_id`='1' ) ORDER BY `order` DESC  [ RunTime:0.0004s ]
INFO: [ view_parse ] --START--
INFO: [ template_filter ] --START--
INFO: Run Behavior\ContentReplaceBehavior [ RunTime:0.000063s ]
INFO: [ template_filter ] --END-- [ RunTime:0.000167s ]
INFO: Run Behavior\ParseTemplateBehavior [ RunTime:0.030751s ]
INFO: [ view_parse ] --END-- [ RunTime:0.030854s ]
INFO: [ view_filter ] --START--
INFO: Run Behavior\WriteHtmlCacheBehavior [ RunTime:0.000060s ]
INFO: [ view_filter ] --END-- [ RunTime:0.000148s ]
INFO: [ app_end ] --START--
INFO: Run Behavior\ShowPageTraceBehavior [ RunTime:0.000060s ]
INFO: [ app_end ] --END-- [ RunTime:0.000149s ]

[ 2015-07-18T12:53:58+08:00 ] 115.34.42.94 /zhier/index.php/Admin/User
INFO: [ app_init ] --START--
INFO: Run Behavior\BuildLiteBehavior [ RunTime:0.000025s ]
INFO: [ app_init ] --END-- [ RunTime:0.000173s ]
INFO: [ app_begin ] --START--
INFO: Run Behavior\ReadHtmlCacheBehavior [ RunTime:0.000069s ]
INFO: [ app_begin ] --END-- [ RunTime:0.000164s ]
SQL: SHOW COLUMNS FROM `user` [ RunTime:0.0007s ]
SQL: 
SELECT
	u.*, o.office_name,
	a.mobile,
	a.location_detail,
	FROM_UNIXTIME(od.ctime,"%Y-%m-%d") lastbuy,
	COUNT(od.user_id) allbuy
FROM
	`user` u
LEFT JOIN user_address a ON u.user_id = a.user_id
LEFT JOIN location_office o ON a.location = o.office_id
LEFT JOIN `order` od ON u.user_id=od.user_id
GROUP BY u.user_id
		 [ RunTime:0.0009s ]
INFO: [ view_parse ] --START--
INFO: [ template_filter ] --START--
INFO: Run Behavior\ContentReplaceBehavior [ RunTime:0.000065s ]
INFO: [ template_filter ] --END-- [ RunTime:0.000161s ]
NOTIC: [8] Undefined variable: type /var/www/zhier/App/Runtime/Cache/Admin/4295d5db477f3199c8db51638416159f.php 第 28 行.
NOTIC: [8] Undefined variable: data /var/www/zhier/App/Runtime/Cache/Admin/4295d5db477f3199c8db51638416159f.php 第 32 行.
NOTIC: [8] Undefined variable: data /var/www/zhier/App/Runtime/Cache/Admin/4295d5db477f3199c8db51638416159f.php 第 35 行.
NOTIC: [8] Undefined variable: data /var/www/zhier/App/Runtime/Cache/Admin/4295d5db477f3199c8db51638416159f.php 第 32 行.
NOTIC: [8] Undefined variable: data /var/www/zhier/App/Runtime/Cache/Admin/4295d5db477f3199c8db51638416159f.php 第 35 行.
NOTIC: [8] Undefined variable: data /var/www/zhier/App/Runtime/Cache/Admin/4295d5db477f3199c8db51638416159f.php 第 32 行.
NOTIC: [8] Undefined variable: data /var/www/zhier/App/Runtime/Cache/Admin/4295d5db477f3199c8db51638416159f.php 第 35 行.
NOTIC: [8] Undefined variable: data /var/www/zhier/App/Runtime/Cache/Admin/4295d5db477f3199c8db51638416159f.php 第 32 行.
NOTIC: [8] Undefined variable: data /var/www/zhier/App/Runtime/Cache/Admin/4295d5db477f3199c8db51638416159f.php 第 35 行.
NOTIC: [8] Undefined variable: data /var/www/zhier/App/Runtime/Cache/Admin/4295d5db477f3199c8db51638416159f.php 第 32 行.
NOTIC: [8] Undefined variable: data /var/www/zhier/App/Runtime/Cache/Admin/4295d5db477f3199c8db51638416159f.php 第 35 行.
NOTIC: [8] Undefined variable: data /var/www/zhier/App/Runtime/Cache/Admin/4295d5db477f3199c8db51638416159f.php 第 32 行.
NOTIC: [8] Undefined variable: data /var/www/zhier/App/Runtime/Cache/Admin/4295d5db477f3199c8db51638416159f.php 第 35 行.
NOTIC: [8] Undefined variable: data /var/www/zhier/App/Runtime/Cache/Admin/4295d5db477f3199c8db51638416159f.php 第 32 行.
NOTIC: [8] Undefined variable: data /var/www/zhier/App/Runtime/Cache/Admin/4295d5db477f3199c8db51638416159f.php 第 35 行.
NOTIC: [8] Undefined variable: data /var/www/zhier/App/Runtime/Cache/Admin/4295d5db477f3199c8db51638416159f.php 第 32 行.
NOTIC: [8] Undefined variable: data /var/www/zhier/App/Runtime/Cache/Admin/4295d5db477f3199c8db51638416159f.php 第 35 行.
NOTIC: [8] Undefined variable: data /var/www/zhier/App/Runtime/Cache/Admin/4295d5db477f3199c8db51638416159f.php 第 32 行.
NOTIC: [8] Undefined variable: data /var/www/zhier/App/Runtime/Cache/Admin/4295d5db477f3199c8db51638416159f.php 第 35 行.
NOTIC: [8] Undefined variable: data /var/www/zhier/App/Runtime/Cache/Admin/4295d5db477f3199c8db51638416159f.php 第 32 行.
NOTIC: [8] Undefined variable: data /var/www/zhier/App/Runtime/Cache/Admin/4295d5db477f3199c8db51638416159f.php 第 35 行.
NOTIC: [8] Undefined variable: data /var/www/zhier/App/Runtime/Cache/Admin/4295d5db477f3199c8db51638416159f.php 第 32 行.
NOTIC: [8] Undefined variable: data /var/www/zhier/App/Runtime/Cache/Admin/4295d5db477f3199c8db51638416159f.php 第 35 行.
NOTIC: [8] Undefined variable: data /var/www/zhier/App/Runtime/Cache/Admin/4295d5db477f3199c8db51638416159f.php 第 32 行.
NOTIC: [8] Undefined variable: data /var/www/zhier/App/Runtime/Cache/Admin/4295d5db477f3199c8db51638416159f.php 第 35 行.
NOTIC: [8] Undefined variable: data /var/www/zhier/App/Runtime/Cache/Admin/4295d5db477f3199c8db51638416159f.php 第 32 行.
NOTIC: [8] Undefined variable: data /var/www/zhier/App/Runtime/Cache/Admin/4295d5db477f3199c8db51638416159f.php 第 35 行.
NOTIC: [8] Undefined variable: data /var/www/zhier/App/Runtime/Cache/Admin/4295d5db477f3199c8db51638416159f.php 第 32 行.
NOTIC: [8] Undefined variable: data /var/www/zhier/App/Runtime/Cache/Admin/4295d5db477f3199c8db51638416159f.php 第 35 行.
NOTIC: [8] Undefined variable: data /var/www/zhier/App/Runtime/Cache/Admin/4295d5db477f3199c8db51638416159f.php 第 32 行.
NOTIC: [8] Undefined variable: data /var/www/zhier/App/Runtime/Cache/Admin/4295d5db477f3199c8db51638416159f.php 第 35 行.
NOTIC: [8] Undefined variable: data /var/www/zhier/App/Runtime/Cache/Admin/4295d5db477f3199c8db51638416159f.php 第 32 行.
NOTIC: [8] Undefined variable: data /var/www/zhier/App/Runtime/Cache/Admin/4295d5db477f3199c8db51638416159f.php 第 35 行.
NOTIC: [8] Undefined variable: data /var/www/zhier/App/Runtime/Cache/Admin/4295d5db477f3199c8db51638416159f.php 第 32 行.
NOTIC: [8] Undefined variable: data /var/www/zhier/App/Runtime/Cache/Admin/4295d5db477f3199c8db51638416159f.php 第 35 行.
NOTIC: [8] Undefined variable: data /var/www/zhier/App/Runtime/Cache/Admin/4295d5db477f3199c8db51638416159f.php 第 32 行.
NOTIC: [8] Undefined variable: data /var/www/zhier/App/Runtime/Cache/Admin/4295d5db477f3199c8db51638416159f.php 第 35 行.
NOTIC: [8] Undefined variable: data /var/www/zhier/App/Runtime/Cache/Admin/4295d5db477f3199c8db51638416159f.php 第 32 行.
NOTIC: [8] Undefined variable: data /var/www/zhier/App/Runtime/Cache/Admin/4295d5db477f3199c8db51638416159f.php 第 35 行.
NOTIC: [8] Undefined variable: data /var/www/zhier/App/Runtime/Cache/Admin/4295d5db477f3199c8db51638416159f.php 第 32 行.
NOTIC: [8] Undefined variable: data /var/www/zhier/App/Runtime/Cache/Admin/4295d5db477f3199c8db51638416159f.php 第 35 行.
NOTIC: [8] Undefined variable: data /var/www/zhier/App/Runtime/Cache/Admin/4295d5db477f3199c8db51638416159f.php 第 32 行.
NOTIC: [8] Undefined variable: data /var/www/zhier/App/Runtime/Cache/Admin/4295d5db477f3199c8db51638416159f.php 第 35 行.
NOTIC: [8] Undefined variable: data /var/www/zhier/App/Runtime/Cache/Admin/4295d5db477f3199c8db51638416159f.php 第 32 行.
NOTIC: [8] Undefined variable: data /var/www/zhier/App/Runtime/Cache/Admin/4295d5db477f3199c8db51638416159f.php 第 35 行.
NOTIC: [8] Undefined variable: data /var/www/zhier/App/Runtime/Cache/Admin/4295d5db477f3199c8db51638416159f.php 第 32 行.
NOTIC: [8] Undefined variable: data /var/www/zhier/App/Runtime/Cache/Admin/4295d5db477f3199c8db51638416159f.php 第 35 行.
NOTIC: [8] Undefined variable: data /var/www/zhier/App/Runtime/Cache/Admin/4295d5db477f3199c8db51638416159f.php 第 32 行.
NOTIC: [8] Undefined variable: data /var/www/zhier/App/Runtime/Cache/Admin/4295d5db477f3199c8db51638416159f.php 第 35 行.
NOTIC: [8] Undefined variable: data /var/www/zhier/App/Runtime/Cache/Admin/4295d5db477f3199c8db51638416159f.php 第 32 行.
NOTIC: [8] Undefined variable: data /var/www/zhier/App/Runtime/Cache/Admin/4295d5db477f3199c8db51638416159f.php 第 35 行.
NOTIC: [8] Undefined variable: data /var/www/zhier/App/Runtime/Cache/Admin/4295d5db477f3199c8db51638416159f.php 第 32 行.
NOTIC: [8] Undefined variable: data /var/www/zhier/App/Runtime/Cache/Admin/4295d5db477f3199c8db51638416159f.php 第 35 行.
NOTIC: [8] Undefined variable: data /var/www/zhier/App/Runtime/Cache/Admin/4295d5db477f3199c8db51638416159f.php 第 32 行.
NOTIC: [8] Undefined variable: data /var/www/zhier/App/Runtime/Cache/Admin/4295d5db477f3199c8db51638416159f.php 第 35 行.
NOTIC: [8] Undefined variable: data /var/www/zhier/App/Runtime/Cache/Admin/4295d5db477f3199c8db51638416159f.php 第 32 行.
NOTIC: [8] Undefined variable: data /var/www/zhier/App/Runtime/Cache/Admin/4295d5db477f3199c8db51638416159f.php 第 35 行.
NOTIC: [8] Undefined variable: data /var/www/zhier/App/Runtime/Cache/Admin/4295d5db477f3199c8db51638416159f.php 第 32 行.
NOTIC: [8] Undefined variable: data /var/www/zhier/App/Runtime/Cache/Admin/4295d5db477f3199c8db51638416159f.php 第 35 行.
NOTIC: [8] Undefined variable: data /var/www/zhier/App/Runtime/Cache/Admin/4295d5db477f3199c8db51638416159f.php 第 32 行.
NOTIC: [8] Undefined variable: data /var/www/zhier/App/Runtime/Cache/Admin/4295d5db477f3199c8db51638416159f.php 第 35 行.
NOTIC: [8] Undefined variable: data /var/www/zhier/App/Runtime/Cache/Admin/4295d5db477f3199c8db51638416159f.php 第 32 行.
NOTIC: [8] Undefined variable: data /var/www/zhier/App/Runtime/Cache/Admin/4295d5db477f3199c8db51638416159f.php 第 35 行.
NOTIC: [8] Undefined variable: data /var/www/zhier/App/Runtime/Cache/Admin/4295d5db477f3199c8db51638416159f.php 第 32 行.
NOTIC: [8] Undefined variable: data /var/www/zhier/App/Runtime/Cache/Admin/4295d5db477f3199c8db51638416159f.php 第 35 行.
INFO: Run Behavior\ParseTemplateBehavior [ RunTime:0.018183s ]
INFO: [ view_parse ] --END-- [ RunTime:0.018279s ]
INFO: [ view_filter ] --START--
INFO: Run Behavior\WriteHtmlCacheBehavior [ RunTime:0.000067s ]
INFO: [ view_filter ] --END-- [ RunTime:0.000155s ]
INFO: [ app_end ] --START--
INFO: Run Behavior\ShowPageTraceBehavior [ RunTime:0.000074s ]
INFO: [ app_end ] --END-- [ RunTime:0.000167s ]

[ 2015-07-18T12:54:28+08:00 ] 115.34.42.94 /zhier/index.php/Admin/Product
INFO: [ app_init ] --START--
INFO: Run Behavior\BuildLiteBehavior [ RunTime:0.000024s ]
INFO: [ app_init ] --END-- [ RunTime:0.000173s ]
INFO: [ app_begin ] --START--
INFO: Run Behavior\ReadHtmlCacheBehavior [ RunTime:0.000068s ]
INFO: [ app_begin ] --END-- [ RunTime:0.000165s ]
SQL: SHOW COLUMNS FROM `fruit_type` [ RunTime:0.0007s ]
SQL: SELECT * FROM `fruit_type`  [ RunTime:0.0001s ]
SQL: SHOW COLUMNS FROM `fruit` [ RunTime:0.0007s ]
SQL: SELECT * FROM `fruit` WHERE ( `type_id`='1' ) ORDER BY `order` DESC  [ RunTime:0.0002s ]
INFO: [ view_parse ] --START--
INFO: [ template_filter ] --START--
INFO: Run Behavior\ContentReplaceBehavior [ RunTime:0.000066s ]
INFO: [ template_filter ] --END-- [ RunTime:0.000162s ]
INFO: Run Behavior\ParseTemplateBehavior [ RunTime:0.007189s ]
INFO: [ view_parse ] --END-- [ RunTime:0.007289s ]
INFO: [ view_filter ] --START--
INFO: Run Behavior\WriteHtmlCacheBehavior [ RunTime:0.000069s ]
INFO: [ view_filter ] --END-- [ RunTime:0.000190s ]
INFO: [ app_end ] --START--
INFO: Run Behavior\ShowPageTraceBehavior [ RunTime:0.000067s ]
INFO: [ app_end ] --END-- [ RunTime:0.000155s ]

[ 2015-07-18T12:54:38+08:00 ] 115.34.42.94 /zhier/index.php/Admin/User
INFO: [ app_init ] --START--
INFO: Run Behavior\BuildLiteBehavior [ RunTime:0.000025s ]
INFO: [ app_init ] --END-- [ RunTime:0.000170s ]
INFO: [ app_begin ] --START--
INFO: Run Behavior\ReadHtmlCacheBehavior [ RunTime:0.000067s ]
INFO: [ app_begin ] --END-- [ RunTime:0.000161s ]
SQL: SHOW COLUMNS FROM `user` [ RunTime:0.0007s ]
SQL: 
SELECT
	u.*, o.office_name,
	a.mobile,
	a.location_detail,
	FROM_UNIXTIME(od.ctime,"%Y-%m-%d") lastbuy,
	COUNT(od.user_id) allbuy
FROM
	`user` u
LEFT JOIN user_address a ON u.user_id = a.user_id
LEFT JOIN location_office o ON a.location = o.office_id
LEFT JOIN `order` od ON u.user_id=od.user_id
GROUP BY u.user_id
		 [ RunTime:0.0001s ]
INFO: [ view_parse ] --START--
INFO: [ template_filter ] --START--
INFO: Run Behavior\ContentReplaceBehavior [ RunTime:0.000065s ]
INFO: [ template_filter ] --END-- [ RunTime:0.000160s ]
NOTIC: [8] Undefined variable: type /var/www/zhier/App/Runtime/Cache/Admin/4295d5db477f3199c8db51638416159f.php 第 28 行.
NOTIC: [8] Undefined variable: data /var/www/zhier/App/Runtime/Cache/Admin/4295d5db477f3199c8db51638416159f.php 第 32 行.
NOTIC: [8] Undefined variable: data /var/www/zhier/App/Runtime/Cache/Admin/4295d5db477f3199c8db51638416159f.php 第 35 行.
NOTIC: [8] Undefined variable: data /var/www/zhier/App/Runtime/Cache/Admin/4295d5db477f3199c8db51638416159f.php 第 32 行.
NOTIC: [8] Undefined variable: data /var/www/zhier/App/Runtime/Cache/Admin/4295d5db477f3199c8db51638416159f.php 第 35 行.
NOTIC: [8] Undefined variable: data /var/www/zhier/App/Runtime/Cache/Admin/4295d5db477f3199c8db51638416159f.php 第 32 行.
NOTIC: [8] Undefined variable: data /var/www/zhier/App/Runtime/Cache/Admin/4295d5db477f3199c8db51638416159f.php 第 35 行.
NOTIC: [8] Undefined variable: data /var/www/zhier/App/Runtime/Cache/Admin/4295d5db477f3199c8db51638416159f.php 第 32 行.
NOTIC: [8] Undefined variable: data /var/www/zhier/App/Runtime/Cache/Admin/4295d5db477f3199c8db51638416159f.php 第 35 行.
NOTIC: [8] Undefined variable: data /var/www/zhier/App/Runtime/Cache/Admin/4295d5db477f3199c8db51638416159f.php 第 32 行.
NOTIC: [8] Undefined variable: data /var/www/zhier/App/Runtime/Cache/Admin/4295d5db477f3199c8db51638416159f.php 第 35 行.
NOTIC: [8] Undefined variable: data /var/www/zhier/App/Runtime/Cache/Admin/4295d5db477f3199c8db51638416159f.php 第 32 行.
NOTIC: [8] Undefined variable: data /var/www/zhier/App/Runtime/Cache/Admin/4295d5db477f3199c8db51638416159f.php 第 35 行.
NOTIC: [8] Undefined variable: data /var/www/zhier/App/Runtime/Cache/Admin/4295d5db477f3199c8db51638416159f.php 第 32 行.
NOTIC: [8] Undefined variable: data /var/www/zhier/App/Runtime/Cache/Admin/4295d5db477f3199c8db51638416159f.php 第 35 行.
NOTIC: [8] Undefined variable: data /var/www/zhier/App/Runtime/Cache/Admin/4295d5db477f3199c8db51638416159f.php 第 32 行.
NOTIC: [8] Undefined variable: data /var/www/zhier/App/Runtime/Cache/Admin/4295d5db477f3199c8db51638416159f.php 第 35 行.
NOTIC: [8] Undefined variable: data /var/www/zhier/App/Runtime/Cache/Admin/4295d5db477f3199c8db51638416159f.php 第 32 行.
NOTIC: [8] Undefined variable: data /var/www/zhier/App/Runtime/Cache/Admin/4295d5db477f3199c8db51638416159f.php 第 35 行.
NOTIC: [8] Undefined variable: data /var/www/zhier/App/Runtime/Cache/Admin/4295d5db477f3199c8db51638416159f.php 第 32 行.
NOTIC: [8] Undefined variable: data /var/www/zhier/App/Runtime/Cache/Admin/4295d5db477f3199c8db51638416159f.php 第 35 行.
NOTIC: [8] Undefined variable: data /var/www/zhier/App/Runtime/Cache/Admin/4295d5db477f3199c8db51638416159f.php 第 32 行.
NOTIC: [8] Undefined variable: data /var/www/zhier/App/Runtime/Cache/Admin/4295d5db477f3199c8db51638416159f.php 第 35 行.
NOTIC: [8] Undefined variable: data /var/www/zhier/App/Runtime/Cache/Admin/4295d5db477f3199c8db51638416159f.php 第 32 行.
NOTIC: [8] Undefined variable: data /var/www/zhier/App/Runtime/Cache/Admin/4295d5db477f3199c8db51638416159f.php 第 35 行.
NOTIC: [8] Undefined variable: data /var/www/zhier/App/Runtime/Cache/Admin/4295d5db477f3199c8db51638416159f.php 第 32 行.
NOTIC: [8] Undefined variable: data /var/www/zhier/App/Runtime/Cache/Admin/4295d5db477f3199c8db51638416159f.php 第 35 行.
NOTIC: [8] Undefined variable: data /var/www/zhier/App/Runtime/Cache/Admin/4295d5db477f3199c8db51638416159f.php 第 32 行.
NOTIC: [8] Undefined variable: data /var/www/zhier/App/Runtime/Cache/Admin/4295d5db477f3199c8db51638416159f.php 第 35 行.
NOTIC: [8] Undefined variable: data /var/www/zhier/App/Runtime/Cache/Admin/4295d5db477f3199c8db51638416159f.php 第 32 行.
NOTIC: [8] Undefined variable: data /var/www/zhier/App/Runtime/Cache/Admin/4295d5db477f3199c8db51638416159f.php 第 35 行.
NOTIC: [8] Undefined variable: data /var/www/zhier/App/Runtime/Cache/Admin/4295d5db477f3199c8db51638416159f.php 第 32 行.
NOTIC: [8] Undefined variable: data /var/www/zhier/App/Runtime/Cache/Admin/4295d5db477f3199c8db51638416159f.php 第 35 行.
NOTIC: [8] Undefined variable: data /var/www/zhier/App/Runtime/Cache/Admin/4295d5db477f3199c8db51638416159f.php 第 32 行.
NOTIC: [8] Undefined variable: data /var/www/zhier/App/Runtime/Cache/Admin/4295d5db477f3199c8db51638416159f.php 第 35 行.
NOTIC: [8] Undefined variable: data /var/www/zhier/App/Runtime/Cache/Admin/4295d5db477f3199c8db51638416159f.php 第 32 行.
NOTIC: [8] Undefined variable: data /var/www/zhier/App/Runtime/Cache/Admin/4295d5db477f3199c8db51638416159f.php 第 35 行.
NOTIC: [8] Undefined variable: data /var/www/zhier/App/Runtime/Cache/Admin/4295d5db477f3199c8db51638416159f.php 第 32 行.
NOTIC: [8] Undefined variable: data /var/www/zhier/App/Runtime/Cache/Admin/4295d5db477f3199c8db51638416159f.php 第 35 行.
NOTIC: [8] Undefined variable: data /var/www/zhier/App/Runtime/Cache/Admin/4295d5db477f3199c8db51638416159f.php 第 32 行.
NOTIC: [8] Undefined variable: data /var/www/zhier/App/Runtime/Cache/Admin/4295d5db477f3199c8db51638416159f.php 第 35 行.
NOTIC: [8] Undefined variable: data /var/www/zhier/App/Runtime/Cache/Admin/4295d5db477f3199c8db51638416159f.php 第 32 行.
NOTIC: [8] Undefined variable: data /var/www/zhier/App/Runtime/Cache/Admin/4295d5db477f3199c8db51638416159f.php 第 35 行.
NOTIC: [8] Undefined variable: data /var/www/zhier/App/Runtime/Cache/Admin/4295d5db477f3199c8db51638416159f.php 第 32 行.
NOTIC: [8] Undefined variable: data /var/www/zhier/App/Runtime/Cache/Admin/4295d5db477f3199c8db51638416159f.php 第 35 行.
NOTIC: [8] Undefined variable: data /var/www/zhier/App/Runtime/Cache/Admin/4295d5db477f3199c8db51638416159f.php 第 32 行.
NOTIC: [8] Undefined variable: data /var/www/zhier/App/Runtime/Cache/Admin/4295d5db477f3199c8db51638416159f.php 第 35 行.
NOTIC: [8] Undefined variable: data /var/www/zhier/App/Runtime/Cache/Admin/4295d5db477f3199c8db51638416159f.php 第 32 行.
NOTIC: [8] Undefined variable: data /var/www/zhier/App/Runtime/Cache/Admin/4295d5db477f3199c8db51638416159f.php 第 35 行.
NOTIC: [8] Undefined variable: data /var/www/zhier/App/Runtime/Cache/Admin/4295d5db477f3199c8db51638416159f.php 第 32 行.
NOTIC: [8] Undefined variable: data /var/www/zhier/App/Runtime/Cache/Admin/4295d5db477f3199c8db51638416159f.php 第 35 行.
NOTIC: [8] Undefined variable: data /var/www/zhier/App/Runtime/Cache/Admin/4295d5db477f3199c8db51638416159f.php 第 32 行.
NOTIC: [8] Undefined variable: data /var/www/zhier/App/Runtime/Cache/Admin/4295d5db477f3199c8db51638416159f.php 第 35 行.
NOTIC: [8] Undefined variable: data /var/www/zhier/App/Runtime/Cache/Admin/4295d5db477f3199c8db51638416159f.php 第 32 行.
NOTIC: [8] Undefined variable: data /var/www/zhier/App/Runtime/Cache/Admin/4295d5db477f3199c8db51638416159f.php 第 35 行.
NOTIC: [8] Undefined variable: data /var/www/zhier/App/Runtime/Cache/Admin/4295d5db477f3199c8db51638416159f.php 第 32 行.
NOTIC: [8] Undefined variable: data /var/www/zhier/App/Runtime/Cache/Admin/4295d5db477f3199c8db51638416159f.php 第 35 行.
NOTIC: [8] Undefined variable: data /var/www/zhier/App/Runtime/Cache/Admin/4295d5db477f3199c8db51638416159f.php 第 32 行.
NOTIC: [8] Undefined variable: data /var/www/zhier/App/Runtime/Cache/Admin/4295d5db477f3199c8db51638416159f.php 第 35 行.
NOTIC: [8] Undefined variable: data /var/www/zhier/App/Runtime/Cache/Admin/4295d5db477f3199c8db51638416159f.php 第 32 行.
NOTIC: [8] Undefined variable: data /var/www/zhier/App/Runtime/Cache/Admin/4295d5db477f3199c8db51638416159f.php 第 35 行.
NOTIC: [8] Undefined variable: data /var/www/zhier/App/Runtime/Cache/Admin/4295d5db477f3199c8db51638416159f.php 第 32 行.
NOTIC: [8] Undefined variable: data /var/www/zhier/App/Runtime/Cache/Admin/4295d5db477f3199c8db51638416159f.php 第 35 行.
NOTIC: [8] Undefined variable: data /var/www/zhier/App/Runtime/Cache/Admin/4295d5db477f3199c8db51638416159f.php 第 32 行.
NOTIC: [8] Undefined variable: data /var/www/zhier/App/Runtime/Cache/Admin/4295d5db477f3199c8db51638416159f.php 第 35 行.
INFO: Run Behavior\ParseTemplateBehavior [ RunTime:0.010163s ]
INFO: [ view_parse ] --END-- [ RunTime:0.010258s ]
INFO: [ view_filter ] --START--
INFO: Run Behavior\WriteHtmlCacheBehavior [ RunTime:0.000066s ]
INFO: [ view_filter ] --END-- [ RunTime:0.000153s ]
INFO: [ app_end ] --START--
INFO: Run Behavior\ShowPageTraceBehavior [ RunTime:0.000111s ]
INFO: [ app_end ] --END-- [ RunTime:0.000205s ]

[ 2015-07-18T17:44:43+08:00 ] 61.148.243.158 /zhier/index.php/Admin/User
INFO: [ app_init ] --START--
INFO: Run Behavior\BuildLiteBehavior [ RunTime:0.000025s ]
INFO: [ app_init ] --END-- [ RunTime:0.000178s ]
INFO: [ app_begin ] --START--
INFO: Run Behavior\ReadHtmlCacheBehavior [ RunTime:0.000068s ]
INFO: [ app_begin ] --END-- [ RunTime:0.000164s ]
NOTIC: [8] Undefined index: admin /var/www/zhier/App/Common/Common/function.php 第 6 行.

[ 2015-07-18T17:44:43+08:00 ] 61.148.243.158 /zhier/index.php/Admin/Admin/
INFO: [ app_init ] --START--
INFO: Run Behavior\BuildLiteBehavior [ RunTime:0.000021s ]
INFO: [ app_init ] --END-- [ RunTime:0.000136s ]
INFO: [ app_begin ] --START--
INFO: Run Behavior\ReadHtmlCacheBehavior [ RunTime:0.000057s ]
INFO: [ app_begin ] --END-- [ RunTime:0.000157s ]
INFO: [ view_parse ] --START--
INFO: [ template_filter ] --START--
INFO: Run Behavior\ContentReplaceBehavior [ RunTime:0.000056s ]
INFO: [ template_filter ] --END-- [ RunTime:0.000155s ]
NOTIC: [8] Undefined variable: opinion /var/www/zhier/App/Runtime/Cache/Admin/7d5bae8f2106a04379ef690681e93072.php 第 67 行.
NOTIC: [8] Undefined variable: opinion /var/www/zhier/App/Runtime/Cache/Admin/7d5bae8f2106a04379ef690681e93072.php 第 68 行.
NOTIC: [8] Undefined variable: opinion /var/www/zhier/App/Runtime/Cache/Admin/7d5bae8f2106a04379ef690681e93072.php 第 70 行.
NOTIC: [8] Undefined variable: opinion /var/www/zhier/App/Runtime/Cache/Admin/7d5bae8f2106a04379ef690681e93072.php 第 71 行.
INFO: Run Behavior\ParseTemplateBehavior [ RunTime:0.002845s ]
INFO: [ view_parse ] --END-- [ RunTime:0.002948s ]
INFO: [ view_filter ] --START--
INFO: Run Behavior\WriteHtmlCacheBehavior [ RunTime:0.000070s ]
INFO: [ view_filter ] --END-- [ RunTime:0.000159s ]
INFO: [ app_end ] --START--
INFO: Run Behavior\ShowPageTraceBehavior [ RunTime:0.000066s ]
INFO: [ app_end ] --END-- [ RunTime:0.000158s ]

