[ 2015-05-14T20:21:26+08:00 ] 140.207.54.75 /zhier/index.php/Weichat?signature=dac172aa73c08abfea739cebe60b25dabd0681a4&timestamp=1431606086&nonce=1009729847
INFO: [ app_init ] --START--
INFO: Run Behavior\BuildLiteBehavior [ RunTime:0.000014s ]
INFO: [ app_init ] --END-- [ RunTime:0.000267s ]
INFO: [ app_begin ] --START--
INFO: Run Behavior\ReadHtmlCacheBehavior [ RunTime:0.000341s ]
INFO: [ app_begin ] --END-- [ RunTime:0.000385s ]
INFO: [ view_parse ] --START--
INFO: Run Behavior\ParseTemplateBehavior [ RunTime:0.000113s ]
INFO: [ view_parse ] --END-- [ RunTime:0.000155s ]
INFO: [ view_filter ] --START--
INFO: Run Behavior\WriteHtmlCacheBehavior [ RunTime:0.000105s ]
INFO: [ view_filter ] --END-- [ RunTime:0.000140s ]
INFO: [ app_end ] --START--
INFO: Run Behavior\ShowPageTraceBehavior [ RunTime:0.000343s ]
INFO: [ app_end ] --END-- [ RunTime:0.000381s ]

[ 2015-05-14T20:39:22+08:00 ] 140.207.54.78 /zhier/index.php/Weichat?signature=ac4c0aae9d03687b66290999813089965b2ac56a&timestamp=1431607162&nonce=219786795
INFO: [ app_init ] --START--
INFO: Run Behavior\BuildLiteBehavior [ RunTime:0.000015s ]
INFO: [ app_init ] --END-- [ RunTime:0.000272s ]
INFO: [ app_begin ] --START--
INFO: Run Behavior\ReadHtmlCacheBehavior [ RunTime:0.000326s ]
INFO: [ app_begin ] --END-- [ RunTime:0.000370s ]
INFO: [ view_parse ] --START--
INFO: Run Behavior\ParseTemplateBehavior [ RunTime:0.000105s ]
INFO: [ view_parse ] --END-- [ RunTime:0.000147s ]
INFO: [ view_filter ] --START--
INFO: Run Behavior\WriteHtmlCacheBehavior [ RunTime:0.000107s ]
INFO: [ view_filter ] --END-- [ RunTime:0.000142s ]
INFO: [ app_end ] --START--
INFO: Run Behavior\ShowPageTraceBehavior [ RunTime:0.000363s ]
INFO: [ app_end ] --END-- [ RunTime:0.000402s ]

[ 2015-05-14T21:14:12+08:00 ] 140.207.54.78 /zhier/index.php/Weichat?signature=43213d173e39dff01ebb7f17e1f1635be7c2ca77&timestamp=1431609252&nonce=1218850302
INFO: [ app_init ] --START--
INFO: Run Behavior\BuildLiteBehavior [ RunTime:0.000014s ]
INFO: [ app_init ] --END-- [ RunTime:0.000284s ]
INFO: [ app_begin ] --START--
INFO: Run Behavior\ReadHtmlCacheBehavior [ RunTime:0.000323s ]
INFO: [ app_begin ] --END-- [ RunTime:0.000364s ]
INFO: [ view_parse ] --START--
INFO: Run Behavior\ParseTemplateBehavior [ RunTime:0.000105s ]
INFO: [ view_parse ] --END-- [ RunTime:0.000145s ]
INFO: [ view_filter ] --START--
INFO: Run Behavior\WriteHtmlCacheBehavior [ RunTime:0.000106s ]
INFO: [ view_filter ] --END-- [ RunTime:0.000141s ]
INFO: [ app_end ] --START--
INFO: Run Behavior\ShowPageTraceBehavior [ RunTime:0.000411s ]
INFO: [ app_end ] --END-- [ RunTime:0.000449s ]

[ 2015-05-14T21:14:57+08:00 ] 140.207.54.78 /zhier/index.php/Weichat?signature=7cf77f0341afb22f60e7bcbd39e12767f168b389&timestamp=1431609297&nonce=417717094
INFO: [ app_init ] --START--
INFO: Run Behavior\BuildLiteBehavior [ RunTime:0.000014s ]
INFO: [ app_init ] --END-- [ RunTime:0.000318s ]
INFO: [ app_begin ] --START--
INFO: Run Behavior\ReadHtmlCacheBehavior [ RunTime:0.000344s ]
INFO: [ app_begin ] --END-- [ RunTime:0.000391s ]
INFO: [ view_parse ] --START--
INFO: Run Behavior\ParseTemplateBehavior [ RunTime:0.000111s ]
INFO: [ view_parse ] --END-- [ RunTime:0.000160s ]
INFO: [ view_filter ] --START--
INFO: Run Behavior\WriteHtmlCacheBehavior [ RunTime:0.000105s ]
INFO: [ view_filter ] --END-- [ RunTime:0.000139s ]
INFO: [ app_end ] --START--
INFO: Run Behavior\ShowPageTraceBehavior [ RunTime:0.000384s ]
INFO: [ app_end ] --END-- [ RunTime:0.000420s ]

[ 2015-05-14T21:15:44+08:00 ] 140.207.54.78 /zhier/index.php/Weichat?signature=45203b81201aec46b5be95cb20e468b5d0675db3&timestamp=1431609344&nonce=150683182
INFO: [ app_init ] --START--
INFO: Run Behavior\BuildLiteBehavior [ RunTime:0.000015s ]
INFO: [ app_init ] --END-- [ RunTime:0.000266s ]
INFO: [ app_begin ] --START--
INFO: Run Behavior\ReadHtmlCacheBehavior [ RunTime:0.000324s ]
INFO: [ app_begin ] --END-- [ RunTime:0.000368s ]
INFO: [ view_parse ] --START--
INFO: Run Behavior\ParseTemplateBehavior [ RunTime:0.000106s ]
INFO: [ view_parse ] --END-- [ RunTime:0.000149s ]
INFO: [ view_filter ] --START--
INFO: Run Behavior\WriteHtmlCacheBehavior [ RunTime:0.000105s ]
INFO: [ view_filter ] --END-- [ RunTime:0.000140s ]
INFO: [ app_end ] --START--
INFO: Run Behavior\ShowPageTraceBehavior [ RunTime:0.000340s ]
INFO: [ app_end ] --END-- [ RunTime:0.000386s ]

[ 2015-05-14T21:18:17+08:00 ] 112.64.235.249 /zhier/index.php/Weichat
INFO: [ app_init ] --START--
INFO: Run Behavior\BuildLiteBehavior [ RunTime:0.000014s ]
INFO: [ app_init ] --END-- [ RunTime:0.000290s ]
INFO: [ app_begin ] --START--
INFO: Run Behavior\ReadHtmlCacheBehavior [ RunTime:0.000348s ]
INFO: [ app_begin ] --END-- [ RunTime:0.000393s ]
NOTIC: [8] Undefined index: HTTP_RAW_POST_DATA /opt/lampp/htdocs/zhier/App/Weichat/Controller/IndexController.class.php 第 7 行.
NOTIC: [8] Undefined variable: keyword /opt/lampp/htdocs/zhier/App/Weichat/Controller/IndexController.class.php 第 81 行.
NOTIC: [8] Undefined variable: textTpl /opt/lampp/htdocs/zhier/App/Weichat/Controller/IndexController.class.php 第 86 行.
NOTIC: [8] Undefined variable: fromUsername /opt/lampp/htdocs/zhier/App/Weichat/Controller/IndexController.class.php 第 86 行.
NOTIC: [8] Undefined variable: toUsername /opt/lampp/htdocs/zhier/App/Weichat/Controller/IndexController.class.php 第 86 行.
NOTIC: [8] Undefined variable: time /opt/lampp/htdocs/zhier/App/Weichat/Controller/IndexController.class.php 第 86 行.
NOTIC: [8] Undefined variable: contentStr /opt/lampp/htdocs/zhier/App/Weichat/Controller/IndexController.class.php 第 86 行.
NOTIC: [8] Undefined variable: keyword /opt/lampp/htdocs/zhier/App/Weichat/Controller/IndexController.class.php 第 91 行.
INFO: [ view_parse ] --START--
INFO: Run Behavior\ParseTemplateBehavior [ RunTime:0.000107s ]
INFO: [ view_parse ] --END-- [ RunTime:0.000149s ]
INFO: [ view_filter ] --START--
INFO: Run Behavior\WriteHtmlCacheBehavior [ RunTime:0.000118s ]
INFO: [ view_filter ] --END-- [ RunTime:0.000165s ]
INFO: [ app_end ] --START--
INFO: Run Behavior\ShowPageTraceBehavior [ RunTime:0.000409s ]
INFO: [ app_end ] --END-- [ RunTime:0.000454s ]

[ 2015-05-14T21:18:21+08:00 ] 140.207.54.77 /zhier/index.php/Weichat?signature=6de2cb828278b271a943bbcfef344a4334d9de10&timestamp=1431609501&nonce=2076450321
INFO: [ app_init ] --START--
INFO: Run Behavior\BuildLiteBehavior [ RunTime:0.000013s ]
INFO: [ app_init ] --END-- [ RunTime:0.000280s ]
INFO: [ app_begin ] --START--
INFO: Run Behavior\ReadHtmlCacheBehavior [ RunTime:0.000321s ]
INFO: [ app_begin ] --END-- [ RunTime:0.000363s ]
INFO: [ view_parse ] --START--
INFO: Run Behavior\ParseTemplateBehavior [ RunTime:0.000158s ]
INFO: [ view_parse ] --END-- [ RunTime:0.000200s ]
INFO: [ view_filter ] --START--
INFO: Run Behavior\WriteHtmlCacheBehavior [ RunTime:0.000104s ]
INFO: [ view_filter ] --END-- [ RunTime:0.000140s ]
INFO: [ app_end ] --START--
INFO: Run Behavior\ShowPageTraceBehavior [ RunTime:0.000379s ]
INFO: [ app_end ] --END-- [ RunTime:0.000416s ]

[ 2015-05-14T21:19:10+08:00 ] 140.207.54.76 /zhier/index.php/Weichat?signature=eabfbc6bf61dba3cfa13909a42db826872c6e8fb&timestamp=1431609550&nonce=1732278644
INFO: [ app_init ] --START--
INFO: Run Behavior\BuildLiteBehavior [ RunTime:0.000016s ]
INFO: [ app_init ] --END-- [ RunTime:0.000320s ]
INFO: [ app_begin ] --START--
INFO: Run Behavior\ReadHtmlCacheBehavior [ RunTime:0.000368s ]
INFO: [ app_begin ] --END-- [ RunTime:0.000416s ]
INFO: [ view_parse ] --START--
INFO: Run Behavior\ParseTemplateBehavior [ RunTime:0.000127s ]
INFO: [ view_parse ] --END-- [ RunTime:0.000175s ]
INFO: [ view_filter ] --START--
INFO: Run Behavior\WriteHtmlCacheBehavior [ RunTime:0.000107s ]
INFO: [ view_filter ] --END-- [ RunTime:0.000142s ]
INFO: [ app_end ] --START--
INFO: Run Behavior\ShowPageTraceBehavior [ RunTime:0.000372s ]
INFO: [ app_end ] --END-- [ RunTime:0.000418s ]

[ 2015-05-14T21:20:33+08:00 ] 140.207.54.77 /zhier/index.php/Weichat?signature=2e936fb1bf4fed3e63cb8786212afc1f7494673e&timestamp=1431609633&nonce=1142741260
INFO: [ app_init ] --START--
INFO: Run Behavior\BuildLiteBehavior [ RunTime:0.000014s ]
INFO: [ app_init ] --END-- [ RunTime:0.000267s ]
INFO: [ app_begin ] --START--
INFO: Run Behavior\ReadHtmlCacheBehavior [ RunTime:0.000324s ]
INFO: [ app_begin ] --END-- [ RunTime:0.000366s ]
INFO: [ view_parse ] --START--
INFO: Run Behavior\ParseTemplateBehavior [ RunTime:0.000166s ]
INFO: [ view_parse ] --END-- [ RunTime:0.000222s ]
INFO: [ view_filter ] --START--
INFO: Run Behavior\WriteHtmlCacheBehavior [ RunTime:0.000107s ]
INFO: [ view_filter ] --END-- [ RunTime:0.000142s ]
INFO: [ app_end ] --START--
INFO: Run Behavior\ShowPageTraceBehavior [ RunTime:0.000346s ]
INFO: [ app_end ] --END-- [ RunTime:0.000382s ]

[ 2015-05-14T21:22:44+08:00 ] 140.207.54.78 /zhier/index.php/Weichat?signature=f93d6a6cf2b1e73143fec440702d9f1590490c5f&timestamp=1431609764&nonce=2102802335
INFO: [ app_init ] --START--
INFO: Run Behavior\BuildLiteBehavior [ RunTime:0.000014s ]
INFO: [ app_init ] --END-- [ RunTime:0.000263s ]
INFO: [ app_begin ] --START--
INFO: Run Behavior\ReadHtmlCacheBehavior [ RunTime:0.000323s ]
INFO: [ app_begin ] --END-- [ RunTime:0.000367s ]
INFO: [ view_parse ] --START--
INFO: Run Behavior\ParseTemplateBehavior [ RunTime:0.000137s ]
INFO: [ view_parse ] --END-- [ RunTime:0.000198s ]
INFO: [ view_filter ] --START--
INFO: Run Behavior\WriteHtmlCacheBehavior [ RunTime:0.000146s ]
INFO: [ view_filter ] --END-- [ RunTime:0.000184s ]
INFO: [ app_end ] --START--
INFO: Run Behavior\ShowPageTraceBehavior [ RunTime:0.000405s ]
INFO: [ app_end ] --END-- [ RunTime:0.000449s ]

[ 2015-05-14T21:26:15+08:00 ] 140.207.54.75 /zhier/index.php/Weichat?signature=fc74155bd1a9c145212927e3beea18a405906ce6&timestamp=1431609975&nonce=1677750744
INFO: [ app_init ] --START--
INFO: Run Behavior\BuildLiteBehavior [ RunTime:0.000014s ]
INFO: [ app_init ] --END-- [ RunTime:0.000280s ]
INFO: [ app_begin ] --START--
INFO: Run Behavior\ReadHtmlCacheBehavior [ RunTime:0.000394s ]
INFO: [ app_begin ] --END-- [ RunTime:0.000441s ]
INFO: [ view_parse ] --START--
INFO: Run Behavior\ParseTemplateBehavior [ RunTime:0.000109s ]
INFO: [ view_parse ] --END-- [ RunTime:0.000157s ]
INFO: [ view_filter ] --START--
INFO: Run Behavior\WriteHtmlCacheBehavior [ RunTime:0.000107s ]
INFO: [ view_filter ] --END-- [ RunTime:0.000142s ]
INFO: [ app_end ] --START--
INFO: Run Behavior\ShowPageTraceBehavior [ RunTime:0.000389s ]
INFO: [ app_end ] --END-- [ RunTime:0.000437s ]

[ 2015-05-14T21:29:14+08:00 ] 112.64.235.253 /zhier/index.php/Weichat
INFO: [ app_init ] --START--
INFO: Run Behavior\BuildLiteBehavior [ RunTime:0.000014s ]
INFO: [ app_init ] --END-- [ RunTime:0.000262s ]
INFO: [ app_begin ] --START--
INFO: Run Behavior\ReadHtmlCacheBehavior [ RunTime:0.000375s ]
INFO: [ app_begin ] --END-- [ RunTime:0.000416s ]
NOTIC: [8] Undefined index: HTTP_RAW_POST_DATA /opt/lampp/htdocs/zhier/App/Weichat/Controller/IndexController.class.php 第 7 行.
NOTIC: [8] Undefined variable: keyword /opt/lampp/htdocs/zhier/App/Weichat/Controller/IndexController.class.php 第 81 行.
NOTIC: [8] Undefined variable: textTpl /opt/lampp/htdocs/zhier/App/Weichat/Controller/IndexController.class.php 第 86 行.
NOTIC: [8] Undefined variable: fromUsername /opt/lampp/htdocs/zhier/App/Weichat/Controller/IndexController.class.php 第 86 行.
NOTIC: [8] Undefined variable: toUsername /opt/lampp/htdocs/zhier/App/Weichat/Controller/IndexController.class.php 第 86 行.
NOTIC: [8] Undefined variable: time /opt/lampp/htdocs/zhier/App/Weichat/Controller/IndexController.class.php 第 86 行.
NOTIC: [8] Undefined variable: contentStr /opt/lampp/htdocs/zhier/App/Weichat/Controller/IndexController.class.php 第 86 行.
NOTIC: [8] Undefined variable: keyword /opt/lampp/htdocs/zhier/App/Weichat/Controller/IndexController.class.php 第 91 行.
INFO: [ view_parse ] --START--
INFO: Run Behavior\ParseTemplateBehavior [ RunTime:0.000102s ]
INFO: [ view_parse ] --END-- [ RunTime:0.000140s ]
INFO: [ view_filter ] --START--
INFO: Run Behavior\WriteHtmlCacheBehavior [ RunTime:0.000104s ]
INFO: [ view_filter ] --END-- [ RunTime:0.000139s ]
INFO: [ app_end ] --START--
INFO: Run Behavior\ShowPageTraceBehavior [ RunTime:0.000339s ]
INFO: [ app_end ] --END-- [ RunTime:0.000375s ]

[ 2015-05-14T21:31:35+08:00 ] 140.207.54.79 /zhier/index.php/Weichat?signature=c8063d300d273b69532c10235895c7ec895410ec&timestamp=1431610295&nonce=1418092965
INFO: [ app_init ] --START--
INFO: Run Behavior\BuildLiteBehavior [ RunTime:0.000014s ]
INFO: [ app_init ] --END-- [ RunTime:0.000276s ]
INFO: [ app_begin ] --START--
INFO: Run Behavior\ReadHtmlCacheBehavior [ RunTime:0.000329s ]
INFO: [ app_begin ] --END-- [ RunTime:0.000385s ]
INFO: [ view_parse ] --START--
INFO: Run Behavior\ParseTemplateBehavior [ RunTime:0.000109s ]
INFO: [ view_parse ] --END-- [ RunTime:0.000152s ]
INFO: [ view_filter ] --START--
INFO: Run Behavior\WriteHtmlCacheBehavior [ RunTime:0.000106s ]
INFO: [ view_filter ] --END-- [ RunTime:0.000141s ]
INFO: [ app_end ] --START--
INFO: Run Behavior\ShowPageTraceBehavior [ RunTime:0.000359s ]
INFO: [ app_end ] --END-- [ RunTime:0.000396s ]

[ 2015-05-14T21:32:42+08:00 ] 140.207.54.74 /zhier/index.php/Weichat?signature=1d08f63adf85b721f0eea7879a0434e9c27432c9&timestamp=1431610362&nonce=1338543136
INFO: [ app_init ] --START--
INFO: Run Behavior\BuildLiteBehavior [ RunTime:0.000015s ]
INFO: [ app_init ] --END-- [ RunTime:0.000288s ]
INFO: [ app_begin ] --START--
INFO: Run Behavior\ReadHtmlCacheBehavior [ RunTime:0.000323s ]
INFO: [ app_begin ] --END-- [ RunTime:0.000367s ]
INFO: [ view_parse ] --START--
INFO: Run Behavior\ParseTemplateBehavior [ RunTime:0.000107s ]
INFO: [ view_parse ] --END-- [ RunTime:0.000149s ]
INFO: [ view_filter ] --START--
INFO: Run Behavior\WriteHtmlCacheBehavior [ RunTime:0.000103s ]
INFO: [ view_filter ] --END-- [ RunTime:0.000139s ]
INFO: [ app_end ] --START--
INFO: Run Behavior\ShowPageTraceBehavior [ RunTime:0.000359s ]
INFO: [ app_end ] --END-- [ RunTime:0.000396s ]

[ 2015-05-14T21:38:05+08:00 ] 140.207.54.75 /zhier/index.php/Weichat?signature=5610de015831aa93b6856471a1b156a37a15c158&timestamp=1431610685&nonce=1161286574
INFO: [ app_init ] --START--
INFO: Run Behavior\BuildLiteBehavior [ RunTime:0.000021s ]
INFO: [ app_init ] --END-- [ RunTime:0.000284s ]
INFO: [ app_begin ] --START--
INFO: Run Behavior\ReadHtmlCacheBehavior [ RunTime:0.000385s ]
INFO: [ app_begin ] --END-- [ RunTime:0.000430s ]
INFO: [ view_parse ] --START--
INFO: Run Behavior\ParseTemplateBehavior [ RunTime:0.000109s ]
INFO: [ view_parse ] --END-- [ RunTime:0.000151s ]
INFO: [ view_filter ] --START--
INFO: Run Behavior\WriteHtmlCacheBehavior [ RunTime:0.000106s ]
INFO: [ view_filter ] --END-- [ RunTime:0.000141s ]
INFO: [ app_end ] --START--
INFO: Run Behavior\ShowPageTraceBehavior [ RunTime:0.000342s ]
INFO: [ app_end ] --END-- [ RunTime:0.000379s ]

[ 2015-05-14T21:38:14+08:00 ] 140.207.54.74 /zhier/index.php/Weichat?signature=553b176a8ab906581d94854954fdb1dcf63fc942&timestamp=1431610694&nonce=875199456
INFO: [ app_init ] --START--
INFO: Run Behavior\BuildLiteBehavior [ RunTime:0.000014s ]
INFO: [ app_init ] --END-- [ RunTime:0.000267s ]
INFO: [ app_begin ] --START--
INFO: Run Behavior\ReadHtmlCacheBehavior [ RunTime:0.000324s ]
INFO: [ app_begin ] --END-- [ RunTime:0.000368s ]
INFO: [ view_parse ] --START--
INFO: Run Behavior\ParseTemplateBehavior [ RunTime:0.000105s ]
INFO: [ view_parse ] --END-- [ RunTime:0.000145s ]
INFO: [ view_filter ] --START--
INFO: Run Behavior\WriteHtmlCacheBehavior [ RunTime:0.000106s ]
INFO: [ view_filter ] --END-- [ RunTime:0.000141s ]
INFO: [ app_end ] --START--
INFO: Run Behavior\ShowPageTraceBehavior [ RunTime:0.000407s ]
INFO: [ app_end ] --END-- [ RunTime:0.000444s ]

