[ 2015-08-30T08:47:00+08:00 ] 111.192.80.205 /index.php/Weichat/index/jumpto/action/orders?code=031d8771c1a0a476529276f049d2a44O&state=123
INFO: [ app_init ] --START--
INFO: Run Behavior\BuildLiteBehavior [ RunTime:0.000027s ]
INFO: [ app_init ] --END-- [ RunTime:0.000181s ]
INFO: [ app_begin ] --START--
INFO: Run Behavior\ReadHtmlCacheBehavior [ RunTime:0.000070s ]
INFO: [ app_begin ] --END-- [ RunTime:0.000173s ]
NOTIC: [8] A session had already been started - ignoring session_start() /var/www/guozhi/App/Weichat/Controller/IndexController.class.php 第 29 行.
SQL: SHOW COLUMNS FROM `user` [ RunTime:0.0007s ]
SQL: SELECT * FROM `user` WHERE ( `wei_id`='oWeLOvpvujuIO9e_sJ7fdVOlN178' )  [ RunTime:0.0003s ]
NOTIC: [8] Undefined offset: 0 /var/www/guozhi/App/Weichat/Controller/IndexController.class.php 第 34 行.
NOTIC: [8] Undefined property: stdClass::$openid /var/www/guozhi/App/Weichat/Controller/IndexController.class.php 第 40 行.

[ 2015-08-30T08:47:08+08:00 ] 111.192.80.205 /index.php/Weichat/index/jumpto/action/location?code=0210dd4a26840cb533da90c9f086ba29&state=123
INFO: [ app_init ] --START--
INFO: Run Behavior\BuildLiteBehavior [ RunTime:0.000028s ]
INFO: [ app_init ] --END-- [ RunTime:0.000194s ]
INFO: [ app_begin ] --START--
INFO: Run Behavior\ReadHtmlCacheBehavior [ RunTime:0.000083s ]
INFO: [ app_begin ] --END-- [ RunTime:0.000187s ]
NOTIC: [8] A session had already been started - ignoring session_start() /var/www/guozhi/App/Weichat/Controller/IndexController.class.php 第 29 行.
SQL: SHOW COLUMNS FROM `user` [ RunTime:0.0007s ]
SQL: SELECT * FROM `user` WHERE ( `wei_id`='oWeLOvpvujuIO9e_sJ7fdVOlN178' )  [ RunTime:0.0001s ]
NOTIC: [8] Undefined offset: 0 /var/www/guozhi/App/Weichat/Controller/IndexController.class.php 第 34 行.
NOTIC: [8] Undefined property: stdClass::$openid /var/www/guozhi/App/Weichat/Controller/IndexController.class.php 第 40 行.

[ 2015-08-30T11:45:04+08:00 ] 123.151.176.198 /index.php/Weichat/index/jumpto/action/location?code=001378bda92bb3add4210b376be16c5V&state=123
INFO: [ app_init ] --START--
INFO: Run Behavior\BuildLiteBehavior [ RunTime:0.000037s ]
INFO: [ app_init ] --END-- [ RunTime:0.000192s ]
INFO: [ app_begin ] --START--
INFO: Run Behavior\ReadHtmlCacheBehavior [ RunTime:0.000065s ]
INFO: [ app_begin ] --END-- [ RunTime:0.000168s ]
NOTIC: [8] A session had already been started - ignoring session_start() /var/www/guozhi/App/Weichat/Controller/IndexController.class.php 第 29 行.
SQL: SHOW COLUMNS FROM `user` [ RunTime:0.0007s ]
SQL: SELECT * FROM `user` WHERE ( `wei_id`='oWeLOvmFr3fKF0bGIqObvMQumtqY' )  [ RunTime:0.0001s ]
NOTIC: [8] Undefined offset: 0 /var/www/guozhi/App/Weichat/Controller/IndexController.class.php 第 34 行.
NOTIC: [8] Undefined property: stdClass::$openid /var/www/guozhi/App/Weichat/Controller/IndexController.class.php 第 40 行.

[ 2015-08-30T12:57:48+08:00 ] 123.151.176.198 /index.php/Weichat/index/jumpto/action/location?code=001f0d4947399641f306be49865eb42T&state=123
INFO: [ app_init ] --START--
INFO: Run Behavior\BuildLiteBehavior [ RunTime:0.000025s ]
INFO: [ app_init ] --END-- [ RunTime:0.000171s ]
INFO: [ app_begin ] --START--
INFO: Run Behavior\ReadHtmlCacheBehavior [ RunTime:0.000064s ]
INFO: [ app_begin ] --END-- [ RunTime:0.000166s ]
NOTIC: [8] A session had already been started - ignoring session_start() /var/www/guozhi/App/Weichat/Controller/IndexController.class.php 第 29 行.
SQL: SHOW COLUMNS FROM `user` [ RunTime:0.0007s ]
SQL: SELECT * FROM `user` WHERE ( `wei_id`='oWeLOvmFr3fKF0bGIqObvMQumtqY' )  [ RunTime:0.0001s ]
NOTIC: [8] Undefined offset: 0 /var/www/guozhi/App/Weichat/Controller/IndexController.class.php 第 34 行.
NOTIC: [8] Undefined property: stdClass::$openid /var/www/guozhi/App/Weichat/Controller/IndexController.class.php 第 40 行.

[ 2015-08-30T13:12:14+08:00 ] 123.151.176.198 /index.php/Weichat/index/jumpto/action/location?code=0010b28eeecae615cffaf8bb1ba13e5m&state=123
INFO: [ app_init ] --START--
INFO: Run Behavior\BuildLiteBehavior [ RunTime:0.000026s ]
INFO: [ app_init ] --END-- [ RunTime:0.000184s ]
INFO: [ app_begin ] --START--
INFO: Run Behavior\ReadHtmlCacheBehavior [ RunTime:0.000072s ]
INFO: [ app_begin ] --END-- [ RunTime:0.000199s ]
NOTIC: [8] A session had already been started - ignoring session_start() /var/www/guozhi/App/Weichat/Controller/IndexController.class.php 第 29 行.
SQL: SHOW COLUMNS FROM `user` [ RunTime:0.0007s ]
SQL: SELECT * FROM `user` WHERE ( `wei_id`='oWeLOvmFr3fKF0bGIqObvMQumtqY' )  [ RunTime:0.0001s ]
NOTIC: [8] Undefined offset: 0 /var/www/guozhi/App/Weichat/Controller/IndexController.class.php 第 34 行.
NOTIC: [8] Undefined property: stdClass::$openid /var/www/guozhi/App/Weichat/Controller/IndexController.class.php 第 40 行.

[ 2015-08-30T14:30:30+08:00 ] 123.151.176.198 /index.php/Weichat/index/jumpto/action/location?code=001a3e4cce3a07f59819fb507ae64ffs&state=123
INFO: [ app_init ] --START--
INFO: Run Behavior\BuildLiteBehavior [ RunTime:0.000026s ]
INFO: [ app_init ] --END-- [ RunTime:0.000177s ]
INFO: [ app_begin ] --START--
INFO: Run Behavior\ReadHtmlCacheBehavior [ RunTime:0.000071s ]
INFO: [ app_begin ] --END-- [ RunTime:0.000174s ]
NOTIC: [8] A session had already been started - ignoring session_start() /var/www/guozhi/App/Weichat/Controller/IndexController.class.php 第 29 行.
SQL: SHOW COLUMNS FROM `user` [ RunTime:0.0007s ]
SQL: SELECT * FROM `user` WHERE ( `wei_id`='oWeLOvmFr3fKF0bGIqObvMQumtqY' )  [ RunTime:0.0001s ]
NOTIC: [8] Undefined offset: 0 /var/www/guozhi/App/Weichat/Controller/IndexController.class.php 第 34 行.
NOTIC: [8] Undefined property: stdClass::$openid /var/www/guozhi/App/Weichat/Controller/IndexController.class.php 第 40 行.

[ 2015-08-30T14:30:41+08:00 ] 123.151.176.198 /index.php/Weichat/index/jumpto/action/orders?code=011f22997ba0996b68df42005191105x&state=123
INFO: [ app_init ] --START--
INFO: Run Behavior\BuildLiteBehavior [ RunTime:0.000026s ]
INFO: [ app_init ] --END-- [ RunTime:0.000179s ]
INFO: [ app_begin ] --START--
INFO: Run Behavior\ReadHtmlCacheBehavior [ RunTime:0.000070s ]
INFO: [ app_begin ] --END-- [ RunTime:0.000172s ]
NOTIC: [8] A session had already been started - ignoring session_start() /var/www/guozhi/App/Weichat/Controller/IndexController.class.php 第 29 行.
SQL: SHOW COLUMNS FROM `user` [ RunTime:0.0007s ]
SQL: SELECT * FROM `user` WHERE ( `wei_id`='oWeLOvmFr3fKF0bGIqObvMQumtqY' )  [ RunTime:0.0001s ]
NOTIC: [8] Undefined offset: 0 /var/www/guozhi/App/Weichat/Controller/IndexController.class.php 第 34 行.
NOTIC: [8] Undefined property: stdClass::$openid /var/www/guozhi/App/Weichat/Controller/IndexController.class.php 第 40 行.

[ 2015-08-30T20:06:53+08:00 ] 123.151.42.49 /index.php/Weichat/index/jumpto/action/location?code=031485bdd10483160878e4ba65a6290C&state=123
INFO: [ app_init ] --START--
INFO: Run Behavior\BuildLiteBehavior [ RunTime:0.000027s ]
INFO: [ app_init ] --END-- [ RunTime:0.000184s ]
INFO: [ app_begin ] --START--
INFO: Run Behavior\ReadHtmlCacheBehavior [ RunTime:0.000070s ]
INFO: [ app_begin ] --END-- [ RunTime:0.000173s ]
NOTIC: [8] A session had already been started - ignoring session_start() /var/www/guozhi/App/Weichat/Controller/IndexController.class.php 第 29 行.
SQL: SHOW COLUMNS FROM `user` [ RunTime:0.0007s ]
SQL: SELECT * FROM `user` WHERE ( `wei_id`='oWeLOvmQ73zDgbStOIbIQRyYD24A' )  [ RunTime:0.0003s ]
NOTIC: [8] Undefined offset: 0 /var/www/guozhi/App/Weichat/Controller/IndexController.class.php 第 34 行.
NOTIC: [8] Undefined property: stdClass::$openid /var/www/guozhi/App/Weichat/Controller/IndexController.class.php 第 40 行.

[ 2015-08-30T20:18:21+08:00 ] 119.57.168.254 /index.php/Weichat/index/jumpto/action/location?code=001e89d8f813a5fc6bdc802ccb7c0caI&state=123
INFO: [ app_init ] --START--
INFO: Run Behavior\BuildLiteBehavior [ RunTime:0.000026s ]
INFO: [ app_init ] --END-- [ RunTime:0.000180s ]
INFO: [ app_begin ] --START--
INFO: Run Behavior\ReadHtmlCacheBehavior [ RunTime:0.000072s ]
INFO: [ app_begin ] --END-- [ RunTime:0.000175s ]
NOTIC: [8] A session had already been started - ignoring session_start() /var/www/guozhi/App/Weichat/Controller/IndexController.class.php 第 29 行.
SQL: SHOW COLUMNS FROM `user` [ RunTime:0.0007s ]
SQL: SELECT * FROM `user` WHERE ( `wei_id`='oWeLOvmFr3fKF0bGIqObvMQumtqY' )  [ RunTime:0.0001s ]
NOTIC: [8] Undefined offset: 0 /var/www/guozhi/App/Weichat/Controller/IndexController.class.php 第 34 行.
NOTIC: [8] Undefined property: stdClass::$openid /var/www/guozhi/App/Weichat/Controller/IndexController.class.php 第 40 行.

[ 2015-08-30T20:19:58+08:00 ] 123.120.64.107 //index.php/Weichat/index/jumpto/action/sharecoupon?code=021826f161e4fd9f52b3d3fcc14a2e42&state=123
INFO: [ app_init ] --START--
INFO: Run Behavior\BuildLiteBehavior [ RunTime:0.000026s ]
INFO: [ app_init ] --END-- [ RunTime:0.000171s ]
INFO: [ app_begin ] --START--
INFO: Run Behavior\ReadHtmlCacheBehavior [ RunTime:0.000064s ]
INFO: [ app_begin ] --END-- [ RunTime:0.000191s ]
NOTIC: [8] A session had already been started - ignoring session_start() /var/www/guozhi/App/Weichat/Controller/IndexController.class.php 第 29 行.
SQL: SHOW COLUMNS FROM `user` [ RunTime:0.0007s ]
SQL: SELECT * FROM `user` WHERE ( `wei_id`='oWeLOvku-VYcJniYeVsq3b88n7_8' )  [ RunTime:0.0003s ]
INFO: [ app_end ] --START--
INFO: Run Behavior\ShowPageTraceBehavior [ RunTime:0.000123s ]
INFO: [ app_end ] --END-- [ RunTime:0.000273s ]

[ 2015-08-30T21:14:49+08:00 ] 123.120.64.107 //index.php/Weichat/index/jumpto/action/sharecoupon?code=021cd941254c44aedb066e0bd3511bag&state=123
INFO: [ app_init ] --START--
INFO: Run Behavior\BuildLiteBehavior [ RunTime:0.000029s ]
INFO: [ app_init ] --END-- [ RunTime:0.000175s ]
INFO: [ app_begin ] --START--
INFO: Run Behavior\ReadHtmlCacheBehavior [ RunTime:0.000064s ]
INFO: [ app_begin ] --END-- [ RunTime:0.000164s ]
NOTIC: [8] A session had already been started - ignoring session_start() /var/www/guozhi/App/Weichat/Controller/IndexController.class.php 第 29 行.
SQL: SHOW COLUMNS FROM `user` [ RunTime:0.0007s ]
SQL: SELECT * FROM `user` WHERE ( `wei_id`='oWeLOvku-VYcJniYeVsq3b88n7_8' )  [ RunTime:0.0003s ]
INFO: [ app_end ] --START--
INFO: Run Behavior\ShowPageTraceBehavior [ RunTime:0.000119s ]
INFO: [ app_end ] --END-- [ RunTime:0.000266s ]

