[ 2015-05-17T20:59:46+08:00 ] 114.254.45.86 /zhier/index.php/Weichat
INFO: [ app_init ] --START--
INFO: Run Behavior\BuildLiteBehavior [ RunTime:0.000015s ]
INFO: [ app_init ] --END-- [ RunTime:0.000266s ]
INFO: [ app_begin ] --START--
INFO: Run Behavior\ReadHtmlCacheBehavior [ RunTime:0.000327s ]
INFO: [ app_begin ] --END-- [ RunTime:0.000370s ]
NOTIC: [8] Undefined index: HTTP_RAW_POST_DATA /opt/lampp/htdocs/zhier/App/Weichat/Controller/IndexController.class.php 第 7 行.
NOTIC: [8] Undefined variable: keyword /opt/lampp/htdocs/zhier/App/Weichat/Controller/IndexController.class.php 第 81 行.
NOTIC: [8] Undefined variable: textTpl /opt/lampp/htdocs/zhier/App/Weichat/Controller/IndexController.class.php 第 86 行.
NOTIC: [8] Undefined variable: fromUsername /opt/lampp/htdocs/zhier/App/Weichat/Controller/IndexController.class.php 第 86 行.
NOTIC: [8] Undefined variable: toUsername /opt/lampp/htdocs/zhier/App/Weichat/Controller/IndexController.class.php 第 86 行.
NOTIC: [8] Undefined variable: time /opt/lampp/htdocs/zhier/App/Weichat/Controller/IndexController.class.php 第 86 行.
NOTIC: [8] Undefined variable: contentStr /opt/lampp/htdocs/zhier/App/Weichat/Controller/IndexController.class.php 第 86 行.
NOTIC: [8] Undefined variable: keyword /opt/lampp/htdocs/zhier/App/Weichat/Controller/IndexController.class.php 第 91 行.
INFO: [ view_parse ] --START--
INFO: Run Behavior\ParseTemplateBehavior [ RunTime:0.000103s ]
INFO: [ view_parse ] --END-- [ RunTime:0.000141s ]
INFO: [ view_filter ] --START--
INFO: Run Behavior\WriteHtmlCacheBehavior [ RunTime:0.000107s ]
INFO: [ view_filter ] --END-- [ RunTime:0.000142s ]
INFO: [ app_end ] --START--
INFO: Run Behavior\ShowPageTraceBehavior [ RunTime:0.000423s ]
INFO: [ app_end ] --END-- [ RunTime:0.000465s ]

[ 2015-05-17T21:01:54+08:00 ] 140.207.54.75 /zhier/index.php/Weichat?signature=79f3d45a4bc557fc443a7b604004879150fedd6c&timestamp=1431867714&nonce=172672265
INFO: [ app_init ] --START--
INFO: Run Behavior\BuildLiteBehavior [ RunTime:0.000014s ]
INFO: [ app_init ] --END-- [ RunTime:0.000267s ]
INFO: [ app_begin ] --START--
INFO: Run Behavior\ReadHtmlCacheBehavior [ RunTime:0.000337s ]
INFO: [ app_begin ] --END-- [ RunTime:0.000381s ]
INFO: [ view_parse ] --START--
INFO: Run Behavior\ParseTemplateBehavior [ RunTime:0.000116s ]
INFO: [ view_parse ] --END-- [ RunTime:0.000157s ]
INFO: [ view_filter ] --START--
INFO: Run Behavior\WriteHtmlCacheBehavior [ RunTime:0.000106s ]
INFO: [ view_filter ] --END-- [ RunTime:0.000140s ]
INFO: [ app_end ] --START--
INFO: Run Behavior\ShowPageTraceBehavior [ RunTime:0.000350s ]
INFO: [ app_end ] --END-- [ RunTime:0.000387s ]

