[ 2015-08-05T08:28:55+08:00 ] 101.226.62.80 /zhier/index.php/Weichat?signature=7ed41bf53ed890242f26ec0c8c5b9d97d2bb9784&timestamp=1438734535&nonce=1653681536
INFO: [ app_init ] --START--
INFO: Run Behavior\BuildLiteBehavior [ RunTime:0.000025s ]
INFO: [ app_init ] --END-- [ RunTime:0.000173s ]
INFO: [ app_begin ] --START--
INFO: Run Behavior\ReadHtmlCacheBehavior [ RunTime:0.000057s ]
INFO: [ app_begin ] --END-- [ RunTime:0.000153s ]
INFO: [ view_parse ] --START--
INFO: Run Behavior\ParseTemplateBehavior [ RunTime:0.000146s ]
INFO: [ view_parse ] --END-- [ RunTime:0.000242s ]
INFO: [ view_filter ] --START--
INFO: Run Behavior\WriteHtmlCacheBehavior [ RunTime:0.000063s ]
INFO: [ view_filter ] --END-- [ RunTime:0.000150s ]
INFO: [ app_end ] --START--
INFO: Run Behavior\ShowPageTraceBehavior [ RunTime:0.000064s ]
INFO: [ app_end ] --END-- [ RunTime:0.000153s ]

[ 2015-08-05T08:28:57+08:00 ] 123.151.42.46 /zhier/index.php/Weichat/index/jumpto/action/orders?code=0318b902b99cb3ec81ba3aa19d54006P&state=123
INFO: [ app_init ] --START--
INFO: Run Behavior\BuildLiteBehavior [ RunTime:0.000025s ]
INFO: [ app_init ] --END-- [ RunTime:0.000164s ]
INFO: [ app_begin ] --START--
INFO: Run Behavior\ReadHtmlCacheBehavior [ RunTime:0.000060s ]
INFO: [ app_begin ] --END-- [ RunTime:0.000157s ]
NOTIC: [8] A session had already been started - ignoring session_start() /var/www/zhier/App/Weichat/Controller/IndexController.class.php 第 29 行.
SQL: SHOW COLUMNS FROM `user` [ RunTime:0.0007s ]
SQL: SELECT * FROM `user` WHERE ( `wei_id`='oWeLOvmrNmL4_D0dyClUzSdpusTg' )  [ RunTime:0.0003s ]

[ 2015-08-05T10:27:48+08:00 ] 101.226.62.77 /zhier/index.php/Weichat?signature=dd0ace77e057ec8e5c416646b00aa23129d31b0a&timestamp=1438741668&nonce=910960985
INFO: [ app_init ] --START--
INFO: Run Behavior\BuildLiteBehavior [ RunTime:0.000026s ]
INFO: [ app_init ] --END-- [ RunTime:0.000173s ]
INFO: [ app_begin ] --START--
INFO: Run Behavior\ReadHtmlCacheBehavior [ RunTime:0.000058s ]
INFO: [ app_begin ] --END-- [ RunTime:0.000192s ]
INFO: [ view_parse ] --START--
INFO: Run Behavior\ParseTemplateBehavior [ RunTime:0.000146s ]
INFO: [ view_parse ] --END-- [ RunTime:0.000272s ]
INFO: [ view_filter ] --START--
INFO: Run Behavior\WriteHtmlCacheBehavior [ RunTime:0.000063s ]
INFO: [ view_filter ] --END-- [ RunTime:0.000149s ]
INFO: [ app_end ] --START--
INFO: Run Behavior\ShowPageTraceBehavior [ RunTime:0.000064s ]
INFO: [ app_end ] --END-- [ RunTime:0.000152s ]

[ 2015-08-05T10:27:49+08:00 ] 115.34.55.126 /zhier/index.php/Weichat/index/jumpto/action/location?code=0418c8181cae2260a784a7d99dd0946o&state=123
INFO: [ app_init ] --START--
INFO: Run Behavior\BuildLiteBehavior [ RunTime:0.000024s ]
INFO: [ app_init ] --END-- [ RunTime:0.000161s ]
INFO: [ app_begin ] --START--
INFO: Run Behavior\ReadHtmlCacheBehavior [ RunTime:0.000060s ]
INFO: [ app_begin ] --END-- [ RunTime:0.000157s ]
NOTIC: [8] A session had already been started - ignoring session_start() /var/www/zhier/App/Weichat/Controller/IndexController.class.php 第 29 行.
SQL: SHOW COLUMNS FROM `user` [ RunTime:0.0007s ]
SQL: SELECT * FROM `user` WHERE ( `wei_id`='oWeLOvtcp7ytnYNcmp3nPEFjRUos' )  [ RunTime:0.0003s ]

[ 2015-08-05T10:28:29+08:00 ] 101.226.62.82 /zhier/index.php/Weichat?signature=7458768d509a570bcb96612d03cde3209d79e7b0&timestamp=1438741707&nonce=738292292
INFO: [ app_init ] --START--
INFO: Run Behavior\BuildLiteBehavior [ RunTime:0.000025s ]
INFO: [ app_init ] --END-- [ RunTime:0.000171s ]
INFO: [ app_begin ] --START--
INFO: Run Behavior\ReadHtmlCacheBehavior [ RunTime:0.000058s ]
INFO: [ app_begin ] --END-- [ RunTime:0.000152s ]
INFO: [ view_parse ] --START--
INFO: Run Behavior\ParseTemplateBehavior [ RunTime:0.000147s ]
INFO: [ view_parse ] --END-- [ RunTime:0.000245s ]
INFO: [ view_filter ] --START--
INFO: Run Behavior\WriteHtmlCacheBehavior [ RunTime:0.000062s ]
INFO: [ view_filter ] --END-- [ RunTime:0.000154s ]
INFO: [ app_end ] --START--
INFO: Run Behavior\ShowPageTraceBehavior [ RunTime:0.000067s ]
INFO: [ app_end ] --END-- [ RunTime:0.000159s ]

[ 2015-08-05T10:28:37+08:00 ] 115.34.55.126 /zhier/index.php/Weichat/index/jumpto/action/location?code=0119b2debba94d97d2d98b360dc561a1&state=123
INFO: [ app_init ] --START--
INFO: Run Behavior\BuildLiteBehavior [ RunTime:0.000024s ]
INFO: [ app_init ] --END-- [ RunTime:0.000158s ]
INFO: [ app_begin ] --START--
INFO: Run Behavior\ReadHtmlCacheBehavior [ RunTime:0.000062s ]
INFO: [ app_begin ] --END-- [ RunTime:0.000154s ]
NOTIC: [8] A session had already been started - ignoring session_start() /var/www/zhier/App/Weichat/Controller/IndexController.class.php 第 29 行.
SQL: SHOW COLUMNS FROM `user` [ RunTime:0.0005s ]
SQL: SELECT * FROM `user` WHERE ( `wei_id`='oWeLOvj2nurI6LkRw9VsSCio2NsM' )  [ RunTime:0.0003s ]

[ 2015-08-05T12:33:07+08:00 ] 101.226.62.80 /zhier/index.php/Weichat?signature=d6caeca4ab10de412f590d027984251248acc0d8&timestamp=1438749187&nonce=1666694474
INFO: [ app_init ] --START--
INFO: Run Behavior\BuildLiteBehavior [ RunTime:0.000032s ]
INFO: [ app_init ] --END-- [ RunTime:0.000227s ]
INFO: [ app_begin ] --START--
INFO: Run Behavior\ReadHtmlCacheBehavior [ RunTime:0.000070s ]
INFO: [ app_begin ] --END-- [ RunTime:0.000180s ]
INFO: [ view_parse ] --START--
INFO: Run Behavior\ParseTemplateBehavior [ RunTime:0.000156s ]
INFO: [ view_parse ] --END-- [ RunTime:0.000262s ]
INFO: [ view_filter ] --START--
INFO: Run Behavior\WriteHtmlCacheBehavior [ RunTime:0.000118s ]
INFO: [ view_filter ] --END-- [ RunTime:0.000206s ]
INFO: [ app_end ] --START--
INFO: Run Behavior\ShowPageTraceBehavior [ RunTime:0.000074s ]
INFO: [ app_end ] --END-- [ RunTime:0.000167s ]

[ 2015-08-05T14:24:51+08:00 ] 101.226.62.77 /zhier/index.php/Weichat?signature=fcc10636ea73c65067be77e4bd9f5ca486f91222&timestamp=1438755891&nonce=710566007
INFO: [ app_init ] --START--
INFO: Run Behavior\BuildLiteBehavior [ RunTime:0.000025s ]
INFO: [ app_init ] --END-- [ RunTime:0.000196s ]
INFO: [ app_begin ] --START--
INFO: Run Behavior\ReadHtmlCacheBehavior [ RunTime:0.000068s ]
INFO: [ app_begin ] --END-- [ RunTime:0.000178s ]
INFO: [ view_parse ] --START--
INFO: Run Behavior\ParseTemplateBehavior [ RunTime:0.000148s ]
INFO: [ view_parse ] --END-- [ RunTime:0.000245s ]
INFO: [ view_filter ] --START--
INFO: Run Behavior\WriteHtmlCacheBehavior [ RunTime:0.000062s ]
INFO: [ view_filter ] --END-- [ RunTime:0.000148s ]
INFO: [ app_end ] --START--
INFO: Run Behavior\ShowPageTraceBehavior [ RunTime:0.000064s ]
INFO: [ app_end ] --END-- [ RunTime:0.000153s ]

[ 2015-08-05T14:24:54+08:00 ] 101.226.66.21 /zhier/index.php/Weichat/index/jumpto/action/location
INFO: [ app_init ] --START--
INFO: Run Behavior\BuildLiteBehavior [ RunTime:0.000024s ]
INFO: [ app_init ] --END-- [ RunTime:0.000164s ]
INFO: [ app_begin ] --START--
INFO: Run Behavior\ReadHtmlCacheBehavior [ RunTime:0.000061s ]
INFO: [ app_begin ] --END-- [ RunTime:0.000159s ]
NOTIC: [8] A session had already been started - ignoring session_start() /var/www/zhier/App/Weichat/Controller/IndexController.class.php 第 29 行.
NOTIC: [8] Undefined property: stdClass::$openid /var/www/zhier/App/Weichat/Controller/IndexController.class.php 第 30 行.
SQL: SHOW COLUMNS FROM `user` [ RunTime:0.0007s ]
SQL: SELECT * FROM `user` WHERE ( `wei_id`='' )  [ RunTime:0.0003s ]
NOTIC: [8] Undefined offset: 0 /var/www/zhier/App/Weichat/Controller/IndexController.class.php 第 34 行.
NOTIC: [8] Undefined property: stdClass::$access_token /var/www/zhier/App/Weichat/Controller/IndexController.class.php 第 38 行.
NOTIC: [8] Undefined property: stdClass::$openid /var/www/zhier/App/Weichat/Controller/IndexController.class.php 第 38 行.
NOTIC: [8] Undefined property: stdClass::$openid /var/www/zhier/App/Weichat/Controller/IndexController.class.php 第 40 行.

[ 2015-08-05T14:24:54+08:00 ] 123.151.42.46 /zhier/index.php/Weichat/index/jumpto/action/location?code=03118222ec28536009fd26d5d3546a0Y&state=123
INFO: [ app_init ] --START--
INFO: Run Behavior\BuildLiteBehavior [ RunTime:0.000023s ]
INFO: [ app_init ] --END-- [ RunTime:0.000152s ]
INFO: [ app_begin ] --START--
INFO: Run Behavior\ReadHtmlCacheBehavior [ RunTime:0.000059s ]
INFO: [ app_begin ] --END-- [ RunTime:0.000155s ]
NOTIC: [8] A session had already been started - ignoring session_start() /var/www/zhier/App/Weichat/Controller/IndexController.class.php 第 29 行.
SQL: SHOW COLUMNS FROM `user` [ RunTime:0.0008s ]
SQL: SELECT * FROM `user` WHERE ( `wei_id`='oWeLOviRXMr84Fxb_ZuO73TNLsUA' )  [ RunTime:0.0002s ]

[ 2015-08-05T16:07:23+08:00 ] 101.226.62.82 /zhier/index.php/Weichat?signature=d2bd3ea7b328d04327de9aa9d67cbf8fe6de78de&timestamp=1438762043&nonce=171383459
INFO: [ app_init ] --START--
INFO: Run Behavior\BuildLiteBehavior [ RunTime:0.000025s ]
INFO: [ app_init ] --END-- [ RunTime:0.000172s ]
INFO: [ app_begin ] --START--
INFO: Run Behavior\ReadHtmlCacheBehavior [ RunTime:0.000058s ]
INFO: [ app_begin ] --END-- [ RunTime:0.000156s ]
INFO: [ view_parse ] --START--
INFO: Run Behavior\ParseTemplateBehavior [ RunTime:0.000145s ]
INFO: [ view_parse ] --END-- [ RunTime:0.000242s ]
INFO: [ view_filter ] --START--
INFO: Run Behavior\WriteHtmlCacheBehavior [ RunTime:0.000061s ]
INFO: [ view_filter ] --END-- [ RunTime:0.000148s ]
INFO: [ app_end ] --START--
INFO: Run Behavior\ShowPageTraceBehavior [ RunTime:0.000064s ]
INFO: [ app_end ] --END-- [ RunTime:0.000152s ]

