[ 2015-03-23T21:51:04+08:00 ] 140.207.54.75 /fruit/index.php/weichat?signature=2489488d4cb10c7118f80a0d72323838eb531e5d&timestamp=1427118664&nonce=1968236376
INFO: [ app_init ] --START--
INFO: Run Behavior\BuildLiteBehavior [ RunTime:0.000014s ]
INFO: [ app_init ] --END-- [ RunTime:0.000261s ]
INFO: [ app_begin ] --START--
INFO: Run Behavior\ReadHtmlCacheBehavior [ RunTime:0.000332s ]
INFO: [ app_begin ] --END-- [ RunTime:0.000381s ]
INFO: [ view_parse ] --START--
INFO: Run Behavior\ParseTemplateBehavior [ RunTime:0.000114s ]
INFO: [ view_parse ] --END-- [ RunTime:0.000156s ]
INFO: [ view_filter ] --START--
INFO: Run Behavior\WriteHtmlCacheBehavior [ RunTime:0.000108s ]
INFO: [ view_filter ] --END-- [ RunTime:0.000143s ]
INFO: [ app_end ] --START--
INFO: Run Behavior\ShowPageTraceBehavior [ RunTime:0.000345s ]
INFO: [ app_end ] --END-- [ RunTime:0.000387s ]

[ 2015-03-23T22:16:02+08:00 ] 140.207.54.73 /fruit/index.php/weichat?signature=04ac90d4bf9f5f634c88bfabe0ce7cb53886ebc6&timestamp=1427120162&nonce=626209765
INFO: [ app_init ] --START--
INFO: Run Behavior\BuildLiteBehavior [ RunTime:0.000016s ]
INFO: [ app_init ] --END-- [ RunTime:0.000284s ]
INFO: [ app_begin ] --START--
INFO: Run Behavior\ReadHtmlCacheBehavior [ RunTime:0.000368s ]
INFO: [ app_begin ] --END-- [ RunTime:0.000478s ]
INFO: [ view_parse ] --START--
INFO: Run Behavior\ParseTemplateBehavior [ RunTime:0.000140s ]
INFO: [ view_parse ] --END-- [ RunTime:0.000211s ]
INFO: [ view_filter ] --START--
INFO: Run Behavior\WriteHtmlCacheBehavior [ RunTime:0.000129s ]
INFO: [ view_filter ] --END-- [ RunTime:0.000165s ]
INFO: [ app_end ] --START--
INFO: Run Behavior\ShowPageTraceBehavior [ RunTime:0.000404s ]
INFO: [ app_end ] --END-- [ RunTime:0.000444s ]

[ 2015-03-23T23:31:31+08:00 ] 140.207.54.78 /fruit/index.php/weichat?signature=70d6fc8be93e789509f97a4f424e075bf75c4a65&timestamp=1427124691&nonce=1954241113
INFO: [ app_init ] --START--
INFO: Run Behavior\BuildLiteBehavior [ RunTime:0.000020s ]
INFO: [ app_init ] --END-- [ RunTime:0.000408s ]
INFO: [ app_begin ] --START--
INFO: Run Behavior\ReadHtmlCacheBehavior [ RunTime:0.000380s ]
INFO: [ app_begin ] --END-- [ RunTime:0.000424s ]
INFO: [ view_parse ] --START--
INFO: Run Behavior\ParseTemplateBehavior [ RunTime:0.000157s ]
INFO: [ view_parse ] --END-- [ RunTime:0.000223s ]
INFO: [ view_filter ] --START--
INFO: Run Behavior\WriteHtmlCacheBehavior [ RunTime:0.000151s ]
INFO: [ view_filter ] --END-- [ RunTime:0.000199s ]
INFO: [ app_end ] --START--
INFO: Run Behavior\ShowPageTraceBehavior [ RunTime:0.000402s ]
INFO: [ app_end ] --END-- [ RunTime:0.000440s ]

[ 2015-03-23T23:31:31+08:00 ] 180.153.206.17 /fruit/index.php/weichat
INFO: [ app_init ] --START--
INFO: Run Behavior\BuildLiteBehavior [ RunTime:0.000014s ]
INFO: [ app_init ] --END-- [ RunTime:0.000282s ]
INFO: [ app_begin ] --START--
INFO: Run Behavior\ReadHtmlCacheBehavior [ RunTime:0.000372s ]
INFO: [ app_begin ] --END-- [ RunTime:0.000416s ]
NOTIC: [8] Undefined index: HTTP_RAW_POST_DATA /opt/lampp/htdocs/fruit/App/Weichat/Controller/IndexController.class.php 第 7 行.
NOTIC: [8] Undefined variable: textTpl /opt/lampp/htdocs/fruit/App/Weichat/Controller/IndexController.class.php 第 81 行.
NOTIC: [8] Undefined variable: fromUsername /opt/lampp/htdocs/fruit/App/Weichat/Controller/IndexController.class.php 第 81 行.
NOTIC: [8] Undefined variable: toUsername /opt/lampp/htdocs/fruit/App/Weichat/Controller/IndexController.class.php 第 81 行.
NOTIC: [8] Undefined variable: time /opt/lampp/htdocs/fruit/App/Weichat/Controller/IndexController.class.php 第 81 行.
NOTIC: [8] Undefined variable: contentStr /opt/lampp/htdocs/fruit/App/Weichat/Controller/IndexController.class.php 第 81 行.
NOTIC: [8] Undefined variable: keyword /opt/lampp/htdocs/fruit/App/Weichat/Controller/IndexController.class.php 第 86 行.
INFO: [ view_parse ] --START--
INFO: Run Behavior\ParseTemplateBehavior [ RunTime:0.000107s ]
INFO: [ view_parse ] --END-- [ RunTime:0.000145s ]
INFO: [ view_filter ] --START--
INFO: Run Behavior\WriteHtmlCacheBehavior [ RunTime:0.000110s ]
INFO: [ view_filter ] --END-- [ RunTime:0.000154s ]
INFO: [ app_end ] --START--
INFO: Run Behavior\ShowPageTraceBehavior [ RunTime:0.000342s ]
INFO: [ app_end ] --END-- [ RunTime:0.000379s ]

[ 2015-03-23T23:31:42+08:00 ] 140.207.54.78 /fruit/index.php/weichat?signature=4a00f0378ce414f6858f5434135c41d19858cc46&timestamp=1427124702&nonce=778105148
INFO: [ app_init ] --START--
INFO: Run Behavior\BuildLiteBehavior [ RunTime:0.000014s ]
INFO: [ app_init ] --END-- [ RunTime:0.000278s ]
INFO: [ app_begin ] --START--
INFO: Run Behavior\ReadHtmlCacheBehavior [ RunTime:0.000323s ]
INFO: [ app_begin ] --END-- [ RunTime:0.000366s ]
INFO: [ view_parse ] --START--
INFO: Run Behavior\ParseTemplateBehavior [ RunTime:0.000107s ]
INFO: [ view_parse ] --END-- [ RunTime:0.000149s ]
INFO: [ view_filter ] --START--
INFO: Run Behavior\WriteHtmlCacheBehavior [ RunTime:0.000108s ]
INFO: [ view_filter ] --END-- [ RunTime:0.000142s ]
INFO: [ app_end ] --START--
INFO: Run Behavior\ShowPageTraceBehavior [ RunTime:0.000416s ]
INFO: [ app_end ] --END-- [ RunTime:0.000453s ]

[ 2015-03-23T23:31:47+08:00 ] 140.207.54.78 /fruit/index.php/weichat?signature=2a2737ad26dbb39d60b18ecc13381070768bda05&timestamp=1427124707&nonce=733673914
INFO: [ app_init ] --START--
INFO: Run Behavior\BuildLiteBehavior [ RunTime:0.000016s ]
INFO: [ app_init ] --END-- [ RunTime:0.000278s ]
INFO: [ app_begin ] --START--
INFO: Run Behavior\ReadHtmlCacheBehavior [ RunTime:0.000322s ]
INFO: [ app_begin ] --END-- [ RunTime:0.000366s ]
INFO: [ view_parse ] --START--
INFO: Run Behavior\ParseTemplateBehavior [ RunTime:0.000103s ]
INFO: [ view_parse ] --END-- [ RunTime:0.000145s ]
INFO: [ view_filter ] --START--
INFO: Run Behavior\WriteHtmlCacheBehavior [ RunTime:0.000106s ]
INFO: [ view_filter ] --END-- [ RunTime:0.000141s ]
INFO: [ app_end ] --START--
INFO: Run Behavior\ShowPageTraceBehavior [ RunTime:0.000344s ]
INFO: [ app_end ] --END-- [ RunTime:0.000381s ]

[ 2015-03-23T23:42:45+08:00 ] 140.207.54.78 /fruit/index.php/weichat?signature=1db720e528d79d197835bf76c67b3e8b8a158a9b&timestamp=1427125365&nonce=1247010292
INFO: [ app_init ] --START--
INFO: Run Behavior\BuildLiteBehavior [ RunTime:0.000019s ]
INFO: [ app_init ] --END-- [ RunTime:0.000273s ]
INFO: [ app_begin ] --START--
INFO: Run Behavior\ReadHtmlCacheBehavior [ RunTime:0.000337s ]
INFO: [ app_begin ] --END-- [ RunTime:0.000381s ]
INFO: [ view_parse ] --START--
INFO: Run Behavior\ParseTemplateBehavior [ RunTime:0.000107s ]
INFO: [ view_parse ] --END-- [ RunTime:0.000148s ]
INFO: [ view_filter ] --START--
INFO: Run Behavior\WriteHtmlCacheBehavior [ RunTime:0.000112s ]
INFO: [ view_filter ] --END-- [ RunTime:0.000147s ]
INFO: [ app_end ] --START--
INFO: Run Behavior\ShowPageTraceBehavior [ RunTime:0.000361s ]
INFO: [ app_end ] --END-- [ RunTime:0.000399s ]

[ 2015-03-23T23:42:53+08:00 ] 140.207.54.77 /fruit/index.php/weichat?signature=e48adeea3902de65a65cbf10754ed7ede344b5ce&timestamp=1427125373&nonce=190867289
INFO: [ app_init ] --START--
INFO: Run Behavior\BuildLiteBehavior [ RunTime:0.000014s ]
INFO: [ app_init ] --END-- [ RunTime:0.000266s ]
INFO: [ app_begin ] --START--
INFO: Run Behavior\ReadHtmlCacheBehavior [ RunTime:0.000325s ]
INFO: [ app_begin ] --END-- [ RunTime:0.000367s ]
INFO: [ view_parse ] --START--
INFO: Run Behavior\ParseTemplateBehavior [ RunTime:0.000107s ]
INFO: [ view_parse ] --END-- [ RunTime:0.000149s ]
INFO: [ view_filter ] --START--
INFO: Run Behavior\WriteHtmlCacheBehavior [ RunTime:0.000108s ]
INFO: [ view_filter ] --END-- [ RunTime:0.000142s ]
INFO: [ app_end ] --START--
INFO: Run Behavior\ShowPageTraceBehavior [ RunTime:0.000392s ]
INFO: [ app_end ] --END-- [ RunTime:0.000430s ]

[ 2015-03-23T23:43:00+08:00 ] 101.226.66.191 /fruit/index.php/weichat
INFO: [ app_init ] --START--
INFO: Run Behavior\BuildLiteBehavior [ RunTime:0.000015s ]
INFO: [ app_init ] --END-- [ RunTime:0.000276s ]
INFO: [ app_begin ] --START--
INFO: Run Behavior\ReadHtmlCacheBehavior [ RunTime:0.000330s ]
INFO: [ app_begin ] --END-- [ RunTime:0.000374s ]
NOTIC: [8] Undefined index: HTTP_RAW_POST_DATA /opt/lampp/htdocs/fruit/App/Weichat/Controller/IndexController.class.php 第 7 行.
NOTIC: [8] Undefined variable: textTpl /opt/lampp/htdocs/fruit/App/Weichat/Controller/IndexController.class.php 第 81 行.
NOTIC: [8] Undefined variable: fromUsername /opt/lampp/htdocs/fruit/App/Weichat/Controller/IndexController.class.php 第 81 行.
NOTIC: [8] Undefined variable: toUsername /opt/lampp/htdocs/fruit/App/Weichat/Controller/IndexController.class.php 第 81 行.
NOTIC: [8] Undefined variable: time /opt/lampp/htdocs/fruit/App/Weichat/Controller/IndexController.class.php 第 81 行.
NOTIC: [8] Undefined variable: contentStr /opt/lampp/htdocs/fruit/App/Weichat/Controller/IndexController.class.php 第 81 行.
NOTIC: [8] Undefined variable: keyword /opt/lampp/htdocs/fruit/App/Weichat/Controller/IndexController.class.php 第 86 行.
INFO: [ view_parse ] --START--
INFO: Run Behavior\ParseTemplateBehavior [ RunTime:0.000107s ]
INFO: [ view_parse ] --END-- [ RunTime:0.000146s ]
INFO: [ view_filter ] --START--
INFO: Run Behavior\WriteHtmlCacheBehavior [ RunTime:0.000180s ]
INFO: [ view_filter ] --END-- [ RunTime:0.000269s ]
INFO: [ app_end ] --START--
INFO: Run Behavior\ShowPageTraceBehavior [ RunTime:0.000617s ]
INFO: [ app_end ] --END-- [ RunTime:0.000688s ]

[ 2015-03-23T23:43:06+08:00 ] 140.207.54.77 /fruit/index.php/weichat?signature=bd7e15d93cbba18c9821749da6f3d3c7b897c7cd&timestamp=1427125386&nonce=1737666765
INFO: [ app_init ] --START--
INFO: Run Behavior\BuildLiteBehavior [ RunTime:0.000014s ]
INFO: [ app_init ] --END-- [ RunTime:0.000269s ]
INFO: [ app_begin ] --START--
INFO: Run Behavior\ReadHtmlCacheBehavior [ RunTime:0.000358s ]
INFO: [ app_begin ] --END-- [ RunTime:0.000401s ]
INFO: [ view_parse ] --START--
INFO: Run Behavior\ParseTemplateBehavior [ RunTime:0.000109s ]
INFO: [ view_parse ] --END-- [ RunTime:0.000151s ]
INFO: [ view_filter ] --START--
INFO: Run Behavior\WriteHtmlCacheBehavior [ RunTime:0.000115s ]
INFO: [ view_filter ] --END-- [ RunTime:0.000150s ]
INFO: [ app_end ] --START--
INFO: Run Behavior\ShowPageTraceBehavior [ RunTime:0.000347s ]
INFO: [ app_end ] --END-- [ RunTime:0.000384s ]

