[ 2015-08-13T10:45:50+08:00 ] 121.42.0.38 /zhier/index.php/Weichat/index/jumpto/action/bbx/yanfang/index.php?q=%7B%24%7Bprint%28md5%28233333%29%29%7D%7D
INFO: [ app_init ] --START--
INFO: Run Behavior\BuildLiteBehavior [ RunTime:0.000031s ]
INFO: [ app_init ] --END-- [ RunTime:0.000178s ]
INFO: [ app_begin ] --START--
INFO: Run Behavior\ReadHtmlCacheBehavior [ RunTime:0.000063s ]
INFO: [ app_begin ] --END-- [ RunTime:0.000159s ]
NOTIC: [8] A session had already been started - ignoring session_start() /var/www/zhier/App/Weichat/Controller/IndexController.class.php 第 29 行.
NOTIC: [8] Undefined property: stdClass::$openid /var/www/zhier/App/Weichat/Controller/IndexController.class.php 第 30 行.
SQL: SHOW COLUMNS FROM `user` [ RunTime:0.0008s ]
SQL: SELECT * FROM `user` WHERE ( `wei_id`='' )  [ RunTime:0.0003s ]
NOTIC: [8] Undefined offset: 0 /var/www/zhier/App/Weichat/Controller/IndexController.class.php 第 34 行.
NOTIC: [8] Undefined property: stdClass::$access_token /var/www/zhier/App/Weichat/Controller/IndexController.class.php 第 38 行.
NOTIC: [8] Undefined property: stdClass::$openid /var/www/zhier/App/Weichat/Controller/IndexController.class.php 第 38 行.
NOTIC: [8] Undefined property: stdClass::$openid /var/www/zhier/App/Weichat/Controller/IndexController.class.php 第 40 行.

[ 2015-08-13T10:47:52+08:00 ] 121.42.0.38 /zhier/index.php/Weichat/index/jumpto/action/tools/life/yanfang/index.php?q=%7B%24%7Bprint%28md5%28233333%29%29%7D%7D
INFO: [ app_init ] --START--
INFO: Run Behavior\BuildLiteBehavior [ RunTime:0.000025s ]
INFO: [ app_init ] --END-- [ RunTime:0.000173s ]
INFO: [ app_begin ] --START--
INFO: Run Behavior\ReadHtmlCacheBehavior [ RunTime:0.000070s ]
INFO: [ app_begin ] --END-- [ RunTime:0.000167s ]
NOTIC: [8] A session had already been started - ignoring session_start() /var/www/zhier/App/Weichat/Controller/IndexController.class.php 第 29 行.
NOTIC: [8] Undefined property: stdClass::$openid /var/www/zhier/App/Weichat/Controller/IndexController.class.php 第 30 行.
SQL: SHOW COLUMNS FROM `user` [ RunTime:0.0007s ]
SQL: SELECT * FROM `user` WHERE ( `wei_id`='' )  [ RunTime:0.0001s ]
NOTIC: [8] Undefined offset: 0 /var/www/zhier/App/Weichat/Controller/IndexController.class.php 第 34 行.
NOTIC: [8] Undefined property: stdClass::$access_token /var/www/zhier/App/Weichat/Controller/IndexController.class.php 第 38 行.
NOTIC: [8] Undefined property: stdClass::$openid /var/www/zhier/App/Weichat/Controller/IndexController.class.php 第 38 行.
NOTIC: [8] Undefined property: stdClass::$openid /var/www/zhier/App/Weichat/Controller/IndexController.class.php 第 40 行.

[ 2015-08-13T10:49:58+08:00 ] 121.42.0.38 /zhier/index.php/Weichat/index/jumpto/action/yanfang/index.php?q=%7B%24%7Bprint%28md5%28233333%29%29%7D%7D
INFO: [ app_init ] --START--
INFO: Run Behavior\BuildLiteBehavior [ RunTime:0.000025s ]
INFO: [ app_init ] --END-- [ RunTime:0.000204s ]
INFO: [ app_begin ] --START--
INFO: Run Behavior\ReadHtmlCacheBehavior [ RunTime:0.000067s ]
INFO: [ app_begin ] --END-- [ RunTime:0.000163s ]
NOTIC: [8] A session had already been started - ignoring session_start() /var/www/zhier/App/Weichat/Controller/IndexController.class.php 第 29 行.
NOTIC: [8] Undefined property: stdClass::$openid /var/www/zhier/App/Weichat/Controller/IndexController.class.php 第 30 行.
SQL: SHOW COLUMNS FROM `user` [ RunTime:0.0007s ]
SQL: SELECT * FROM `user` WHERE ( `wei_id`='' )  [ RunTime:0.0001s ]
NOTIC: [8] Undefined offset: 0 /var/www/zhier/App/Weichat/Controller/IndexController.class.php 第 34 行.
NOTIC: [8] Undefined property: stdClass::$access_token /var/www/zhier/App/Weichat/Controller/IndexController.class.php 第 38 行.
NOTIC: [8] Undefined property: stdClass::$openid /var/www/zhier/App/Weichat/Controller/IndexController.class.php 第 38 行.
NOTIC: [8] Undefined property: stdClass::$openid /var/www/zhier/App/Weichat/Controller/IndexController.class.php 第 40 行.

[ 2015-08-13T10:50:42+08:00 ] 121.42.0.38 /zhier/index.php/Weichat/index/jumpto/action//feed-proxy.php?feed=http/../feed-proxy.php
INFO: [ app_init ] --START--
INFO: Run Behavior\BuildLiteBehavior [ RunTime:0.000026s ]
INFO: [ app_init ] --END-- [ RunTime:0.000174s ]
INFO: [ app_begin ] --START--
INFO: Run Behavior\ReadHtmlCacheBehavior [ RunTime:0.000067s ]
INFO: [ app_begin ] --END-- [ RunTime:0.000163s ]
NOTIC: [8] A session had already been started - ignoring session_start() /var/www/zhier/App/Weichat/Controller/IndexController.class.php 第 29 行.
NOTIC: [8] Undefined property: stdClass::$openid /var/www/zhier/App/Weichat/Controller/IndexController.class.php 第 30 行.
SQL: SHOW COLUMNS FROM `user` [ RunTime:0.0007s ]
SQL: SELECT * FROM `user` WHERE ( `wei_id`='' )  [ RunTime:0.0001s ]
NOTIC: [8] Undefined offset: 0 /var/www/zhier/App/Weichat/Controller/IndexController.class.php 第 34 行.
NOTIC: [8] Undefined property: stdClass::$access_token /var/www/zhier/App/Weichat/Controller/IndexController.class.php 第 38 行.
NOTIC: [8] Undefined property: stdClass::$openid /var/www/zhier/App/Weichat/Controller/IndexController.class.php 第 38 行.
NOTIC: [8] Undefined property: stdClass::$openid /var/www/zhier/App/Weichat/Controller/IndexController.class.php 第 40 行.

[ 2015-08-13T10:50:46+08:00 ] 121.42.0.38 /zhier/index.php/Weichat/index/jumpto/action//shopadmin/index.php?ctl=passport&act=login&sess_id=1%27+and%28select+1+from%28select+count%28*%29%2Cconcat%28%28select+%28select+%28select+concat%28userpass%2C0x7e%2Cusername%2C0x7e%2Cop_id%29+from+sdb_operators+order+by+username+limit+0%2C1%29+%29+from+%60information_schema%60.tables+limit+0%2C1%29%2Cfloor%28rand%280%29*2%29%29x+from+%60information_schema%60.tables+group+by+x%29a%29+and+%271%27%3D%271
INFO: [ app_init ] --START--
INFO: Run Behavior\BuildLiteBehavior [ RunTime:0.000026s ]
INFO: [ app_init ] --END-- [ RunTime:0.000172s ]
INFO: [ app_begin ] --START--
INFO: Run Behavior\ReadHtmlCacheBehavior [ RunTime:0.000066s ]
INFO: [ app_begin ] --END-- [ RunTime:0.000159s ]
NOTIC: [8] A session had already been started - ignoring session_start() /var/www/zhier/App/Weichat/Controller/IndexController.class.php 第 29 行.
NOTIC: [8] Undefined property: stdClass::$openid /var/www/zhier/App/Weichat/Controller/IndexController.class.php 第 30 行.
SQL: SHOW COLUMNS FROM `user` [ RunTime:0.0007s ]
SQL: SELECT * FROM `user` WHERE ( `wei_id`='' )  [ RunTime:0.0001s ]
NOTIC: [8] Undefined offset: 0 /var/www/zhier/App/Weichat/Controller/IndexController.class.php 第 34 行.
NOTIC: [8] Undefined property: stdClass::$access_token /var/www/zhier/App/Weichat/Controller/IndexController.class.php 第 38 行.
NOTIC: [8] Undefined property: stdClass::$openid /var/www/zhier/App/Weichat/Controller/IndexController.class.php 第 38 行.
NOTIC: [8] Undefined property: stdClass::$openid /var/www/zhier/App/Weichat/Controller/IndexController.class.php 第 40 行.

[ 2015-08-13T10:50:48+08:00 ] 121.42.0.38 /zhier/index.php/Weichat/index/jumpto/action/bbx/yanfang/index.php?q=%7B%24%7Bprint%28md5%28233333%29%29%7D%7D
INFO: [ app_init ] --START--
INFO: Run Behavior\BuildLiteBehavior [ RunTime:0.000025s ]
INFO: [ app_init ] --END-- [ RunTime:0.000164s ]
INFO: [ app_begin ] --START--
INFO: Run Behavior\ReadHtmlCacheBehavior [ RunTime:0.000061s ]
INFO: [ app_begin ] --END-- [ RunTime:0.000157s ]
NOTIC: [8] A session had already been started - ignoring session_start() /var/www/zhier/App/Weichat/Controller/IndexController.class.php 第 29 行.
NOTIC: [8] Undefined property: stdClass::$openid /var/www/zhier/App/Weichat/Controller/IndexController.class.php 第 30 行.
SQL: SHOW COLUMNS FROM `user` [ RunTime:0.0007s ]
SQL: SELECT * FROM `user` WHERE ( `wei_id`='' )  [ RunTime:0.0001s ]
NOTIC: [8] Undefined offset: 0 /var/www/zhier/App/Weichat/Controller/IndexController.class.php 第 34 行.
NOTIC: [8] Undefined property: stdClass::$access_token /var/www/zhier/App/Weichat/Controller/IndexController.class.php 第 38 行.
NOTIC: [8] Undefined property: stdClass::$openid /var/www/zhier/App/Weichat/Controller/IndexController.class.php 第 38 行.
NOTIC: [8] Undefined property: stdClass::$openid /var/www/zhier/App/Weichat/Controller/IndexController.class.php 第 40 行.

[ 2015-08-13T10:51:00+08:00 ] 121.42.0.38 /zhier/index.php/Weichat/index/jumpto/action/tools/life/yanfang/index.php?q=%7B%24%7Bprint%28md5%28233333%29%29%7D%7D
INFO: [ app_init ] --START--
INFO: Run Behavior\BuildLiteBehavior [ RunTime:0.000025s ]
INFO: [ app_init ] --END-- [ RunTime:0.000178s ]
INFO: [ app_begin ] --START--
INFO: Run Behavior\ReadHtmlCacheBehavior [ RunTime:0.000078s ]
INFO: [ app_begin ] --END-- [ RunTime:0.000182s ]
NOTIC: [8] A session had already been started - ignoring session_start() /var/www/zhier/App/Weichat/Controller/IndexController.class.php 第 29 行.
NOTIC: [8] Undefined property: stdClass::$openid /var/www/zhier/App/Weichat/Controller/IndexController.class.php 第 30 行.
SQL: SHOW COLUMNS FROM `user` [ RunTime:0.0007s ]
SQL: SELECT * FROM `user` WHERE ( `wei_id`='' )  [ RunTime:0.0001s ]
NOTIC: [8] Undefined offset: 0 /var/www/zhier/App/Weichat/Controller/IndexController.class.php 第 34 行.
NOTIC: [8] Undefined property: stdClass::$access_token /var/www/zhier/App/Weichat/Controller/IndexController.class.php 第 38 行.
NOTIC: [8] Undefined property: stdClass::$openid /var/www/zhier/App/Weichat/Controller/IndexController.class.php 第 38 行.
NOTIC: [8] Undefined property: stdClass::$openid /var/www/zhier/App/Weichat/Controller/IndexController.class.php 第 40 行.

[ 2015-08-13T10:52:56+08:00 ] 121.42.0.38 /zhier/index.php/Weichat/index/jumpto/action/yanfang/index.php?q=%7B%24%7Bprint%28md5%28233333%29%29%7D%7D
INFO: [ app_init ] --START--
INFO: Run Behavior\BuildLiteBehavior [ RunTime:0.000026s ]
INFO: [ app_init ] --END-- [ RunTime:0.000188s ]
INFO: [ app_begin ] --START--
INFO: Run Behavior\ReadHtmlCacheBehavior [ RunTime:0.000067s ]
INFO: [ app_begin ] --END-- [ RunTime:0.000175s ]
NOTIC: [8] A session had already been started - ignoring session_start() /var/www/zhier/App/Weichat/Controller/IndexController.class.php 第 29 行.
NOTIC: [8] Undefined property: stdClass::$openid /var/www/zhier/App/Weichat/Controller/IndexController.class.php 第 30 行.
SQL: SHOW COLUMNS FROM `user` [ RunTime:0.0007s ]
SQL: SELECT * FROM `user` WHERE ( `wei_id`='' )  [ RunTime:0.0001s ]
NOTIC: [8] Undefined offset: 0 /var/www/zhier/App/Weichat/Controller/IndexController.class.php 第 34 行.
NOTIC: [8] Undefined property: stdClass::$access_token /var/www/zhier/App/Weichat/Controller/IndexController.class.php 第 38 行.
NOTIC: [8] Undefined property: stdClass::$openid /var/www/zhier/App/Weichat/Controller/IndexController.class.php 第 38 行.
NOTIC: [8] Undefined property: stdClass::$openid /var/www/zhier/App/Weichat/Controller/IndexController.class.php 第 40 行.

[ 2015-08-13T10:54:56+08:00 ] 121.42.0.38 /zhier/index.php/Weichat/index/jumpto/action//feed-proxy.php?feed=http/../feed-proxy.php
INFO: [ app_init ] --START--
INFO: Run Behavior\BuildLiteBehavior [ RunTime:0.000025s ]
INFO: [ app_init ] --END-- [ RunTime:0.000172s ]
INFO: [ app_begin ] --START--
INFO: Run Behavior\ReadHtmlCacheBehavior [ RunTime:0.000069s ]
INFO: [ app_begin ] --END-- [ RunTime:0.000166s ]
NOTIC: [8] A session had already been started - ignoring session_start() /var/www/zhier/App/Weichat/Controller/IndexController.class.php 第 29 行.
NOTIC: [8] Undefined property: stdClass::$openid /var/www/zhier/App/Weichat/Controller/IndexController.class.php 第 30 行.
SQL: SHOW COLUMNS FROM `user` [ RunTime:0.0007s ]
SQL: SELECT * FROM `user` WHERE ( `wei_id`='' )  [ RunTime:0.0001s ]
NOTIC: [8] Undefined offset: 0 /var/www/zhier/App/Weichat/Controller/IndexController.class.php 第 34 行.
NOTIC: [8] Undefined property: stdClass::$access_token /var/www/zhier/App/Weichat/Controller/IndexController.class.php 第 38 行.
NOTIC: [8] Undefined property: stdClass::$openid /var/www/zhier/App/Weichat/Controller/IndexController.class.php 第 38 行.
NOTIC: [8] Undefined property: stdClass::$openid /var/www/zhier/App/Weichat/Controller/IndexController.class.php 第 40 行.

[ 2015-08-13T10:55:44+08:00 ] 121.42.0.38 /zhier/index.php/Weichat/index/jumpto/action//shopadmin/index.php?ctl=passport&act=login&sess_id=1%27+and%28select+1+from%28select+count%28*%29%2Cconcat%28%28select+%28select+%28select+concat%28userpass%2C0x7e%2Cusername%2C0x7e%2Cop_id%29+from+sdb_operators+order+by+username+limit+0%2C1%29+%29+from+%60information_schema%60.tables+limit+0%2C1%29%2Cfloor%28rand%280%29*2%29%29x+from+%60information_schema%60.tables+group+by+x%29a%29+and+%271%27%3D%271
INFO: [ app_init ] --START--
INFO: Run Behavior\BuildLiteBehavior [ RunTime:0.000025s ]
INFO: [ app_init ] --END-- [ RunTime:0.000164s ]
INFO: [ app_begin ] --START--
INFO: Run Behavior\ReadHtmlCacheBehavior [ RunTime:0.000061s ]
INFO: [ app_begin ] --END-- [ RunTime:0.000156s ]
NOTIC: [8] A session had already been started - ignoring session_start() /var/www/zhier/App/Weichat/Controller/IndexController.class.php 第 29 行.
NOTIC: [8] Undefined property: stdClass::$openid /var/www/zhier/App/Weichat/Controller/IndexController.class.php 第 30 行.
SQL: SHOW COLUMNS FROM `user` [ RunTime:0.0007s ]
SQL: SELECT * FROM `user` WHERE ( `wei_id`='' )  [ RunTime:0.0001s ]
NOTIC: [8] Undefined offset: 0 /var/www/zhier/App/Weichat/Controller/IndexController.class.php 第 34 行.
NOTIC: [8] Undefined property: stdClass::$access_token /var/www/zhier/App/Weichat/Controller/IndexController.class.php 第 38 行.
NOTIC: [8] Undefined property: stdClass::$openid /var/www/zhier/App/Weichat/Controller/IndexController.class.php 第 38 行.
NOTIC: [8] Undefined property: stdClass::$openid /var/www/zhier/App/Weichat/Controller/IndexController.class.php 第 40 行.

[ 2015-08-13T11:03:00+08:00 ] 121.42.0.38 /zhier/index.php/Weichat/index/jumpto/action/bbx/yanfang/index.php?q=%7B%24%7Bprint%28md5%28233333%29%29%7D%7D
INFO: [ app_init ] --START--
INFO: Run Behavior\BuildLiteBehavior [ RunTime:0.000025s ]
INFO: [ app_init ] --END-- [ RunTime:0.000174s ]
INFO: [ app_begin ] --START--
INFO: Run Behavior\ReadHtmlCacheBehavior [ RunTime:0.000066s ]
INFO: [ app_begin ] --END-- [ RunTime:0.000161s ]
NOTIC: [8] A session had already been started - ignoring session_start() /var/www/zhier/App/Weichat/Controller/IndexController.class.php 第 29 行.
NOTIC: [8] Undefined property: stdClass::$openid /var/www/zhier/App/Weichat/Controller/IndexController.class.php 第 30 行.
SQL: SHOW COLUMNS FROM `user` [ RunTime:0.0007s ]
SQL: SELECT * FROM `user` WHERE ( `wei_id`='' )  [ RunTime:0.0001s ]
NOTIC: [8] Undefined offset: 0 /var/www/zhier/App/Weichat/Controller/IndexController.class.php 第 34 行.
NOTIC: [8] Undefined property: stdClass::$access_token /var/www/zhier/App/Weichat/Controller/IndexController.class.php 第 38 行.
NOTIC: [8] Undefined property: stdClass::$openid /var/www/zhier/App/Weichat/Controller/IndexController.class.php 第 38 行.
NOTIC: [8] Undefined property: stdClass::$openid /var/www/zhier/App/Weichat/Controller/IndexController.class.php 第 40 行.

[ 2015-08-13T11:04:38+08:00 ] 121.42.0.38 /zhier/index.php/Weichat/index/jumpto/action/tools/life/yanfang/index.php?q=%7B%24%7Bprint%28md5%28233333%29%29%7D%7D
INFO: [ app_init ] --START--
INFO: Run Behavior\BuildLiteBehavior [ RunTime:0.000025s ]
INFO: [ app_init ] --END-- [ RunTime:0.000173s ]
INFO: [ app_begin ] --START--
INFO: Run Behavior\ReadHtmlCacheBehavior [ RunTime:0.000066s ]
INFO: [ app_begin ] --END-- [ RunTime:0.000161s ]
NOTIC: [8] A session had already been started - ignoring session_start() /var/www/zhier/App/Weichat/Controller/IndexController.class.php 第 29 行.
NOTIC: [8] Undefined property: stdClass::$openid /var/www/zhier/App/Weichat/Controller/IndexController.class.php 第 30 行.
SQL: SHOW COLUMNS FROM `user` [ RunTime:0.0007s ]
SQL: SELECT * FROM `user` WHERE ( `wei_id`='' )  [ RunTime:0.0001s ]
NOTIC: [8] Undefined offset: 0 /var/www/zhier/App/Weichat/Controller/IndexController.class.php 第 34 行.
NOTIC: [8] Undefined property: stdClass::$access_token /var/www/zhier/App/Weichat/Controller/IndexController.class.php 第 38 行.
NOTIC: [8] Undefined property: stdClass::$openid /var/www/zhier/App/Weichat/Controller/IndexController.class.php 第 38 行.
NOTIC: [8] Undefined property: stdClass::$openid /var/www/zhier/App/Weichat/Controller/IndexController.class.php 第 40 行.

[ 2015-08-13T11:04:40+08:00 ] 121.42.0.38 /zhier/index.php/Weichat/index/jumpto/action/yanfang/index.php?q=%7B%24%7Bprint%28md5%28233333%29%29%7D%7D
INFO: [ app_init ] --START--
INFO: Run Behavior\BuildLiteBehavior [ RunTime:0.000026s ]
INFO: [ app_init ] --END-- [ RunTime:0.000165s ]
INFO: [ app_begin ] --START--
INFO: Run Behavior\ReadHtmlCacheBehavior [ RunTime:0.000061s ]
INFO: [ app_begin ] --END-- [ RunTime:0.000154s ]
NOTIC: [8] A session had already been started - ignoring session_start() /var/www/zhier/App/Weichat/Controller/IndexController.class.php 第 29 行.
NOTIC: [8] Undefined property: stdClass::$openid /var/www/zhier/App/Weichat/Controller/IndexController.class.php 第 30 行.
SQL: SHOW COLUMNS FROM `user` [ RunTime:0.0007s ]
SQL: SELECT * FROM `user` WHERE ( `wei_id`='' )  [ RunTime:0.0001s ]
NOTIC: [8] Undefined offset: 0 /var/www/zhier/App/Weichat/Controller/IndexController.class.php 第 34 行.
NOTIC: [8] Undefined property: stdClass::$access_token /var/www/zhier/App/Weichat/Controller/IndexController.class.php 第 38 行.
NOTIC: [8] Undefined property: stdClass::$openid /var/www/zhier/App/Weichat/Controller/IndexController.class.php 第 38 行.
NOTIC: [8] Undefined property: stdClass::$openid /var/www/zhier/App/Weichat/Controller/IndexController.class.php 第 40 行.

[ 2015-08-13T11:04:42+08:00 ] 121.42.0.38 /zhier/index.php/Weichat/index/jumpto/action//feed-proxy.php?feed=http/../feed-proxy.php
INFO: [ app_init ] --START--
INFO: Run Behavior\BuildLiteBehavior [ RunTime:0.000026s ]
INFO: [ app_init ] --END-- [ RunTime:0.000172s ]
INFO: [ app_begin ] --START--
INFO: Run Behavior\ReadHtmlCacheBehavior [ RunTime:0.000064s ]
INFO: [ app_begin ] --END-- [ RunTime:0.000159s ]
NOTIC: [8] A session had already been started - ignoring session_start() /var/www/zhier/App/Weichat/Controller/IndexController.class.php 第 29 行.
NOTIC: [8] Undefined property: stdClass::$openid /var/www/zhier/App/Weichat/Controller/IndexController.class.php 第 30 行.
SQL: SHOW COLUMNS FROM `user` [ RunTime:0.0008s ]
SQL: SELECT * FROM `user` WHERE ( `wei_id`='' )  [ RunTime:0.0001s ]
NOTIC: [8] Undefined offset: 0 /var/www/zhier/App/Weichat/Controller/IndexController.class.php 第 34 行.
NOTIC: [8] Undefined property: stdClass::$access_token /var/www/zhier/App/Weichat/Controller/IndexController.class.php 第 38 行.
NOTIC: [8] Undefined property: stdClass::$openid /var/www/zhier/App/Weichat/Controller/IndexController.class.php 第 38 行.
NOTIC: [8] Undefined property: stdClass::$openid /var/www/zhier/App/Weichat/Controller/IndexController.class.php 第 40 行.

[ 2015-08-13T11:04:47+08:00 ] 121.42.0.38 /zhier/index.php/Weichat/index/jumpto/action//shopadmin/index.php?ctl=passport&act=login&sess_id=1%27+and%28select+1+from%28select+count%28*%29%2Cconcat%28%28select+%28select+%28select+concat%28userpass%2C0x7e%2Cusername%2C0x7e%2Cop_id%29+from+sdb_operators+order+by+username+limit+0%2C1%29+%29+from+%60information_schema%60.tables+limit+0%2C1%29%2Cfloor%28rand%280%29*2%29%29x+from+%60information_schema%60.tables+group+by+x%29a%29+and+%271%27%3D%271
INFO: [ app_init ] --START--
INFO: Run Behavior\BuildLiteBehavior [ RunTime:0.000025s ]
INFO: [ app_init ] --END-- [ RunTime:0.000169s ]
INFO: [ app_begin ] --START--
INFO: Run Behavior\ReadHtmlCacheBehavior [ RunTime:0.000064s ]
INFO: [ app_begin ] --END-- [ RunTime:0.000158s ]
NOTIC: [8] A session had already been started - ignoring session_start() /var/www/zhier/App/Weichat/Controller/IndexController.class.php 第 29 行.
NOTIC: [8] Undefined property: stdClass::$openid /var/www/zhier/App/Weichat/Controller/IndexController.class.php 第 30 行.
SQL: SHOW COLUMNS FROM `user` [ RunTime:0.0009s ]
SQL: SELECT * FROM `user` WHERE ( `wei_id`='' )  [ RunTime:0.0001s ]
NOTIC: [8] Undefined offset: 0 /var/www/zhier/App/Weichat/Controller/IndexController.class.php 第 34 行.
NOTIC: [8] Undefined property: stdClass::$access_token /var/www/zhier/App/Weichat/Controller/IndexController.class.php 第 38 行.
NOTIC: [8] Undefined property: stdClass::$openid /var/www/zhier/App/Weichat/Controller/IndexController.class.php 第 38 行.
NOTIC: [8] Undefined property: stdClass::$openid /var/www/zhier/App/Weichat/Controller/IndexController.class.php 第 40 行.

[ 2015-08-13T12:05:50+08:00 ] 101.226.62.80 /zhier/index.php/Weichat?signature=c41b2371f6d097076d763785182d0881048ec7f3&timestamp=1439438750&nonce=1051866164
INFO: [ app_init ] --START--
INFO: Run Behavior\BuildLiteBehavior [ RunTime:0.000026s ]
INFO: [ app_init ] --END-- [ RunTime:0.000175s ]
INFO: [ app_begin ] --START--
INFO: Run Behavior\ReadHtmlCacheBehavior [ RunTime:0.000058s ]
INFO: [ app_begin ] --END-- [ RunTime:0.000152s ]
INFO: [ view_parse ] --START--
INFO: Run Behavior\ParseTemplateBehavior [ RunTime:0.000175s ]
INFO: [ view_parse ] --END-- [ RunTime:0.000280s ]
INFO: [ view_filter ] --START--
INFO: Run Behavior\WriteHtmlCacheBehavior [ RunTime:0.000063s ]
INFO: [ view_filter ] --END-- [ RunTime:0.000161s ]
INFO: [ app_end ] --START--
INFO: Run Behavior\ShowPageTraceBehavior [ RunTime:0.000067s ]
INFO: [ app_end ] --END-- [ RunTime:0.000154s ]

[ 2015-08-13T12:05:53+08:00 ] 123.151.42.46 /zhier/index.php/Weichat/index/jumpto/action/orders?code=04117167ab915e863dd1bc055ace2b4K&state=123
INFO: [ app_init ] --START--
INFO: Run Behavior\BuildLiteBehavior [ RunTime:0.000031s ]
INFO: [ app_init ] --END-- [ RunTime:0.000223s ]
INFO: [ app_begin ] --START--
INFO: Run Behavior\ReadHtmlCacheBehavior [ RunTime:0.000085s ]
INFO: [ app_begin ] --END-- [ RunTime:0.000196s ]
NOTIC: [8] A session had already been started - ignoring session_start() /var/www/zhier/App/Weichat/Controller/IndexController.class.php 第 29 行.
SQL: SHOW COLUMNS FROM `user` [ RunTime:0.0007s ]
SQL: SELECT * FROM `user` WHERE ( `wei_id`='oWeLOvmrNmL4_D0dyClUzSdpusTg' )  [ RunTime:0.0003s ]

[ 2015-08-13T12:46:58+08:00 ] 101.226.62.86 /zhier/index.php/Weichat?signature=9831ae940c72c144cf5734bbc1419205cb8685f5&timestamp=1439441218&nonce=1293567952
INFO: [ app_init ] --START--
INFO: Run Behavior\BuildLiteBehavior [ RunTime:0.000025s ]
INFO: [ app_init ] --END-- [ RunTime:0.000172s ]
INFO: [ app_begin ] --START--
INFO: Run Behavior\ReadHtmlCacheBehavior [ RunTime:0.000058s ]
INFO: [ app_begin ] --END-- [ RunTime:0.000154s ]
INFO: [ view_parse ] --START--
INFO: Run Behavior\ParseTemplateBehavior [ RunTime:0.000144s ]
INFO: [ view_parse ] --END-- [ RunTime:0.000240s ]
INFO: [ view_filter ] --START--
INFO: Run Behavior\WriteHtmlCacheBehavior [ RunTime:0.000062s ]
INFO: [ view_filter ] --END-- [ RunTime:0.000148s ]
INFO: [ app_end ] --START--
INFO: Run Behavior\ShowPageTraceBehavior [ RunTime:0.000064s ]
INFO: [ app_end ] --END-- [ RunTime:0.000151s ]

[ 2015-08-13T12:47:00+08:00 ] 114.242.248.20 /zhier/index.php/Weichat/index/jumpto/action/location?code=02114af334475cdac09eea4cded0ac20&state=123
INFO: [ app_init ] --START--
INFO: Run Behavior\BuildLiteBehavior [ RunTime:0.000026s ]
INFO: [ app_init ] --END-- [ RunTime:0.000166s ]
INFO: [ app_begin ] --START--
INFO: Run Behavior\ReadHtmlCacheBehavior [ RunTime:0.000060s ]
INFO: [ app_begin ] --END-- [ RunTime:0.000156s ]
NOTIC: [8] A session had already been started - ignoring session_start() /var/www/zhier/App/Weichat/Controller/IndexController.class.php 第 29 行.
SQL: SHOW COLUMNS FROM `user` [ RunTime:0.0007s ]
SQL: SELECT * FROM `user` WHERE ( `wei_id`='oWeLOvuq0RHtNMxxnlfvKZHHs48Y' )  [ RunTime:0.0003s ]

[ 2015-08-13T16:24:38+08:00 ] 101.226.62.80 /zhier/index.php/Weichat?signature=cf1da5b8fd2c2c54e9b6e33774f0c4ff17012175&timestamp=1439454278&nonce=1129882878
INFO: [ app_init ] --START--
INFO: Run Behavior\BuildLiteBehavior [ RunTime:0.000026s ]
INFO: [ app_init ] --END-- [ RunTime:0.000172s ]
INFO: [ app_begin ] --START--
INFO: Run Behavior\ReadHtmlCacheBehavior [ RunTime:0.000058s ]
INFO: [ app_begin ] --END-- [ RunTime:0.000153s ]
INFO: [ view_parse ] --START--
INFO: Run Behavior\ParseTemplateBehavior [ RunTime:0.000144s ]
INFO: [ view_parse ] --END-- [ RunTime:0.000240s ]
INFO: [ view_filter ] --START--
INFO: Run Behavior\WriteHtmlCacheBehavior [ RunTime:0.000062s ]
INFO: [ view_filter ] --END-- [ RunTime:0.000147s ]
INFO: [ app_end ] --START--
INFO: Run Behavior\ShowPageTraceBehavior [ RunTime:0.000064s ]
INFO: [ app_end ] --END-- [ RunTime:0.000153s ]

[ 2015-08-13T16:24:40+08:00 ] 115.183.26.62 /zhier/index.php/Weichat/index/jumpto/action/location?code=0412a92e719b2f559f38ca25da7912fx&state=123
INFO: [ app_init ] --START--
INFO: Run Behavior\BuildLiteBehavior [ RunTime:0.000026s ]
INFO: [ app_init ] --END-- [ RunTime:0.000168s ]
INFO: [ app_begin ] --START--
INFO: Run Behavior\ReadHtmlCacheBehavior [ RunTime:0.000061s ]
INFO: [ app_begin ] --END-- [ RunTime:0.000155s ]
NOTIC: [8] A session had already been started - ignoring session_start() /var/www/zhier/App/Weichat/Controller/IndexController.class.php 第 29 行.
SQL: SHOW COLUMNS FROM `user` [ RunTime:0.0007s ]
SQL: SELECT * FROM `user` WHERE ( `wei_id`='oWeLOvka0ww9L8bZ60ANm9azi8sw' )  [ RunTime:0.0003s ]

[ 2015-08-13T16:25:24+08:00 ] 101.226.62.80 /zhier/index.php/Weichat?signature=c642558ed3bbf52032af842540f46b0c9b69d50c&timestamp=1439454324&nonce=348288712
INFO: [ app_init ] --START--
INFO: Run Behavior\BuildLiteBehavior [ RunTime:0.000026s ]
INFO: [ app_init ] --END-- [ RunTime:0.000172s ]
INFO: [ app_begin ] --START--
INFO: Run Behavior\ReadHtmlCacheBehavior [ RunTime:0.000058s ]
INFO: [ app_begin ] --END-- [ RunTime:0.000155s ]
INFO: [ view_parse ] --START--
INFO: Run Behavior\ParseTemplateBehavior [ RunTime:0.000143s ]
INFO: [ view_parse ] --END-- [ RunTime:0.000237s ]
INFO: [ view_filter ] --START--
INFO: Run Behavior\WriteHtmlCacheBehavior [ RunTime:0.000062s ]
INFO: [ view_filter ] --END-- [ RunTime:0.000147s ]
INFO: [ app_end ] --START--
INFO: Run Behavior\ShowPageTraceBehavior [ RunTime:0.000064s ]
INFO: [ app_end ] --END-- [ RunTime:0.000151s ]

[ 2015-08-13T16:25:25+08:00 ] 115.183.26.62 /zhier/index.php/Weichat/index/jumpto/action/location?code=0315920c6d5726a900b6190769d1550m&state=123
INFO: [ app_init ] --START--
INFO: Run Behavior\BuildLiteBehavior [ RunTime:0.000023s ]
INFO: [ app_init ] --END-- [ RunTime:0.000279s ]
INFO: [ app_begin ] --START--
INFO: Run Behavior\ReadHtmlCacheBehavior [ RunTime:0.000058s ]
INFO: [ app_begin ] --END-- [ RunTime:0.000152s ]
NOTIC: [8] A session had already been started - ignoring session_start() /var/www/zhier/App/Weichat/Controller/IndexController.class.php 第 29 行.
SQL: SHOW COLUMNS FROM `user` [ RunTime:0.0007s ]
SQL: SELECT * FROM `user` WHERE ( `wei_id`='oWeLOvka0ww9L8bZ60ANm9azi8sw' )  [ RunTime:0.0003s ]

[ 2015-08-13T18:22:26+08:00 ] 101.226.62.81 /zhier/index.php/Weichat?signature=88dfe68823e5cba3b757a666ce2a929642b4ee0d&timestamp=1439461346&nonce=1795650752
INFO: [ app_init ] --START--
INFO: Run Behavior\BuildLiteBehavior [ RunTime:0.000025s ]
INFO: [ app_init ] --END-- [ RunTime:0.000175s ]
INFO: [ app_begin ] --START--
INFO: Run Behavior\ReadHtmlCacheBehavior [ RunTime:0.000058s ]
INFO: [ app_begin ] --END-- [ RunTime:0.000154s ]
INFO: [ view_parse ] --START--
INFO: Run Behavior\ParseTemplateBehavior [ RunTime:0.000145s ]
INFO: [ view_parse ] --END-- [ RunTime:0.000240s ]
INFO: [ view_filter ] --START--
INFO: Run Behavior\WriteHtmlCacheBehavior [ RunTime:0.000063s ]
INFO: [ view_filter ] --END-- [ RunTime:0.000148s ]
INFO: [ app_end ] --START--
INFO: Run Behavior\ShowPageTraceBehavior [ RunTime:0.000065s ]
INFO: [ app_end ] --END-- [ RunTime:0.000152s ]

[ 2015-08-13T18:22:30+08:00 ] 115.34.55.220 /zhier/index.php/Weichat/index/jumpto/action/location?code=03196c39201b0e43a11b4d7faa7b07aU&state=123
INFO: [ app_init ] --START--
INFO: Run Behavior\BuildLiteBehavior [ RunTime:0.000025s ]
INFO: [ app_init ] --END-- [ RunTime:0.000172s ]
INFO: [ app_begin ] --START--
INFO: Run Behavior\ReadHtmlCacheBehavior [ RunTime:0.000067s ]
INFO: [ app_begin ] --END-- [ RunTime:0.000165s ]
NOTIC: [8] A session had already been started - ignoring session_start() /var/www/zhier/App/Weichat/Controller/IndexController.class.php 第 29 行.
SQL: SHOW COLUMNS FROM `user` [ RunTime:0.0008s ]
SQL: SELECT * FROM `user` WHERE ( `wei_id`='oWeLOviRXMr84Fxb_ZuO73TNLsUA' )  [ RunTime:0.0004s ]

[ 2015-08-13T18:58:05+08:00 ] 101.226.62.79 /zhier/index.php/Weichat?signature=2e861e202dac1e1bd589b290afc6f75d02a96ac2&timestamp=1439463485&nonce=162430886
INFO: [ app_init ] --START--
INFO: Run Behavior\BuildLiteBehavior [ RunTime:0.000031s ]
INFO: [ app_init ] --END-- [ RunTime:0.000231s ]
INFO: [ app_begin ] --START--
INFO: Run Behavior\ReadHtmlCacheBehavior [ RunTime:0.000075s ]
INFO: [ app_begin ] --END-- [ RunTime:0.000184s ]
INFO: [ view_parse ] --START--
INFO: Run Behavior\ParseTemplateBehavior [ RunTime:0.000154s ]
INFO: [ view_parse ] --END-- [ RunTime:0.000259s ]
INFO: [ view_filter ] --START--
INFO: Run Behavior\WriteHtmlCacheBehavior [ RunTime:0.000067s ]
INFO: [ view_filter ] --END-- [ RunTime:0.000156s ]
INFO: [ app_end ] --START--
INFO: Run Behavior\ShowPageTraceBehavior [ RunTime:0.000076s ]
INFO: [ app_end ] --END-- [ RunTime:0.000165s ]

[ 2015-08-13T18:59:26+08:00 ] 101.226.62.78 /zhier/index.php/Weichat?signature=1962799172076ed5d65d54249faef2d02bcaad39&timestamp=1439463566&nonce=331570972
INFO: [ app_init ] --START--
INFO: Run Behavior\BuildLiteBehavior [ RunTime:0.000026s ]
INFO: [ app_init ] --END-- [ RunTime:0.000173s ]
INFO: [ app_begin ] --START--
INFO: Run Behavior\ReadHtmlCacheBehavior [ RunTime:0.000058s ]
INFO: [ app_begin ] --END-- [ RunTime:0.000153s ]
INFO: [ view_parse ] --START--
INFO: Run Behavior\ParseTemplateBehavior [ RunTime:0.000145s ]
INFO: [ view_parse ] --END-- [ RunTime:0.000240s ]
INFO: [ view_filter ] --START--
INFO: Run Behavior\WriteHtmlCacheBehavior [ RunTime:0.000061s ]
INFO: [ view_filter ] --END-- [ RunTime:0.000147s ]
INFO: [ app_end ] --START--
INFO: Run Behavior\ShowPageTraceBehavior [ RunTime:0.000065s ]
INFO: [ app_end ] --END-- [ RunTime:0.000152s ]

[ 2015-08-13T18:59:26+08:00 ] 116.243.160.153 /zhier/index.php/Weichat/index/jumpto/action/orders?code=041c8c935e7969e771ac2072b269e3f1&state=123
INFO: [ app_init ] --START--
INFO: Run Behavior\BuildLiteBehavior [ RunTime:0.000021s ]
INFO: [ app_init ] --END-- [ RunTime:0.000143s ]
INFO: [ app_begin ] --START--
INFO: Run Behavior\ReadHtmlCacheBehavior [ RunTime:0.000059s ]
INFO: [ app_begin ] --END-- [ RunTime:0.000153s ]
NOTIC: [8] A session had already been started - ignoring session_start() /var/www/zhier/App/Weichat/Controller/IndexController.class.php 第 29 行.
SQL: SHOW COLUMNS FROM `user` [ RunTime:0.0007s ]
SQL: SELECT * FROM `user` WHERE ( `wei_id`='oWeLOvr9c0bTv2og1n3Hlna204No' )  [ RunTime:0.0003s ]
NOTIC: [8] Undefined offset: 0 /var/www/zhier/App/Weichat/Controller/IndexController.class.php 第 34 行.
NOTIC: [8] Undefined property: stdClass::$openid /var/www/zhier/App/Weichat/Controller/IndexController.class.php 第 40 行.

[ 2015-08-13T18:59:27+08:00 ] 116.243.160.153 /zhier/index.php/Weichat/index/jumpto/action/location?code=041876380ff2e27845ffe611d468c12H&state=123
INFO: [ app_init ] --START--
INFO: Run Behavior\BuildLiteBehavior [ RunTime:0.000023s ]
INFO: [ app_init ] --END-- [ RunTime:0.000159s ]
INFO: [ app_begin ] --START--
INFO: Run Behavior\ReadHtmlCacheBehavior [ RunTime:0.000060s ]
INFO: [ app_begin ] --END-- [ RunTime:0.000154s ]
NOTIC: [8] A session had already been started - ignoring session_start() /var/www/zhier/App/Weichat/Controller/IndexController.class.php 第 29 行.
SQL: SHOW COLUMNS FROM `user` [ RunTime:0.0007s ]
SQL: SELECT * FROM `user` WHERE ( `wei_id`='oWeLOvr9c0bTv2og1n3Hlna204No' )  [ RunTime:0.0001s ]
NOTIC: [8] Undefined offset: 0 /var/www/zhier/App/Weichat/Controller/IndexController.class.php 第 34 行.

[ 2015-08-13T18:59:33+08:00 ] 101.226.62.77 /zhier/index.php/Weichat?signature=d4a2cd804883456fc8da2d1159aa73c857c0cb7f&timestamp=1439463573&nonce=719796936
INFO: [ app_init ] --START--
INFO: Run Behavior\BuildLiteBehavior [ RunTime:0.000025s ]
INFO: [ app_init ] --END-- [ RunTime:0.000170s ]
INFO: [ app_begin ] --START--
INFO: Run Behavior\ReadHtmlCacheBehavior [ RunTime:0.000058s ]
INFO: [ app_begin ] --END-- [ RunTime:0.000153s ]
INFO: [ view_parse ] --START--
INFO: Run Behavior\ParseTemplateBehavior [ RunTime:0.000194s ]
INFO: [ view_parse ] --END-- [ RunTime:0.000290s ]
INFO: [ view_filter ] --START--
INFO: Run Behavior\WriteHtmlCacheBehavior [ RunTime:0.000063s ]
INFO: [ view_filter ] --END-- [ RunTime:0.000149s ]
INFO: [ app_end ] --START--
INFO: Run Behavior\ShowPageTraceBehavior [ RunTime:0.000065s ]
INFO: [ app_end ] --END-- [ RunTime:0.000151s ]

[ 2015-08-13T18:59:33+08:00 ] 116.243.160.153 /zhier/index.php/Weichat/index/jumpto/action/location?code=04155041b3be72f4538fe3327601216r&state=123
INFO: [ app_init ] --START--
INFO: Run Behavior\BuildLiteBehavior [ RunTime:0.000021s ]
INFO: [ app_init ] --END-- [ RunTime:0.000138s ]
INFO: [ app_begin ] --START--
INFO: Run Behavior\ReadHtmlCacheBehavior [ RunTime:0.000057s ]
INFO: [ app_begin ] --END-- [ RunTime:0.000151s ]
NOTIC: [8] A session had already been started - ignoring session_start() /var/www/zhier/App/Weichat/Controller/IndexController.class.php 第 29 行.
SQL: SHOW COLUMNS FROM `user` [ RunTime:0.0007s ]
SQL: SELECT * FROM `user` WHERE ( `wei_id`='oWeLOvr9c0bTv2og1n3Hlna204No' )  [ RunTime:0.0001s ]

[ 2015-08-13T18:59:39+08:00 ] 101.226.62.77 /zhier/index.php/Weichat?signature=3173888805a8d72d43d2b523485e4986a9dd537d&timestamp=1439463579&nonce=661848368
INFO: [ app_init ] --START--
INFO: Run Behavior\BuildLiteBehavior [ RunTime:0.000030s ]
INFO: [ app_init ] --END-- [ RunTime:0.000230s ]
INFO: [ app_begin ] --START--
INFO: Run Behavior\ReadHtmlCacheBehavior [ RunTime:0.000075s ]
INFO: [ app_begin ] --END-- [ RunTime:0.000183s ]
INFO: [ view_parse ] --START--
INFO: Run Behavior\ParseTemplateBehavior [ RunTime:0.000157s ]
INFO: [ view_parse ] --END-- [ RunTime:0.000265s ]
INFO: [ view_filter ] --START--
INFO: Run Behavior\WriteHtmlCacheBehavior [ RunTime:0.000066s ]
INFO: [ view_filter ] --END-- [ RunTime:0.000152s ]
INFO: [ app_end ] --START--
INFO: Run Behavior\ShowPageTraceBehavior [ RunTime:0.000077s ]
INFO: [ app_end ] --END-- [ RunTime:0.000165s ]

[ 2015-08-13T18:59:40+08:00 ] 116.243.160.153 /zhier/index.php/Weichat/index/jumpto/action/orders?code=03188de559f71282ce3af96e6dad4beW&state=123
INFO: [ app_init ] --START--
INFO: Run Behavior\BuildLiteBehavior [ RunTime:0.000023s ]
INFO: [ app_init ] --END-- [ RunTime:0.000142s ]
INFO: [ app_begin ] --START--
INFO: Run Behavior\ReadHtmlCacheBehavior [ RunTime:0.000059s ]
INFO: [ app_begin ] --END-- [ RunTime:0.000151s ]
NOTIC: [8] A session had already been started - ignoring session_start() /var/www/zhier/App/Weichat/Controller/IndexController.class.php 第 29 行.
SQL: SHOW COLUMNS FROM `user` [ RunTime:0.0007s ]
SQL: SELECT * FROM `user` WHERE ( `wei_id`='oWeLOvr9c0bTv2og1n3Hlna204No' )  [ RunTime:0.0001s ]

[ 2015-08-13T18:59:55+08:00 ] 101.226.62.77 /zhier/index.php/Weichat?signature=8d6e941ff4713e6351cbf4642cbf229da5f8fee6&timestamp=1439463595&nonce=448422937
INFO: [ app_init ] --START--
INFO: Run Behavior\BuildLiteBehavior [ RunTime:0.000025s ]
INFO: [ app_init ] --END-- [ RunTime:0.000173s ]
INFO: [ app_begin ] --START--
INFO: Run Behavior\ReadHtmlCacheBehavior [ RunTime:0.000059s ]
INFO: [ app_begin ] --END-- [ RunTime:0.000155s ]
INFO: [ view_parse ] --START--
INFO: Run Behavior\ParseTemplateBehavior [ RunTime:0.000145s ]
INFO: [ view_parse ] --END-- [ RunTime:0.000240s ]
INFO: [ view_filter ] --START--
INFO: Run Behavior\WriteHtmlCacheBehavior [ RunTime:0.000066s ]
INFO: [ view_filter ] --END-- [ RunTime:0.000154s ]
INFO: [ app_end ] --START--
INFO: Run Behavior\ShowPageTraceBehavior [ RunTime:0.000064s ]
INFO: [ app_end ] --END-- [ RunTime:0.000152s ]

[ 2015-08-13T18:59:56+08:00 ] 116.243.160.153 /zhier/index.php/Weichat/index/jumpto/action/orders?code=001f52e78c00be996f42a1164583561h&state=123
INFO: [ app_init ] --START--
INFO: Run Behavior\BuildLiteBehavior [ RunTime:0.000023s ]
INFO: [ app_init ] --END-- [ RunTime:0.000149s ]
INFO: [ app_begin ] --START--
INFO: Run Behavior\ReadHtmlCacheBehavior [ RunTime:0.000061s ]
INFO: [ app_begin ] --END-- [ RunTime:0.000160s ]
NOTIC: [8] A session had already been started - ignoring session_start() /var/www/zhier/App/Weichat/Controller/IndexController.class.php 第 29 行.
SQL: SHOW COLUMNS FROM `user` [ RunTime:0.0007s ]
SQL: SELECT * FROM `user` WHERE ( `wei_id`='oWeLOvr9c0bTv2og1n3Hlna204No' )  [ RunTime:0.0001s ]

[ 2015-08-13T19:00:11+08:00 ] 101.226.62.77 /zhier/index.php/Weichat?signature=081440549af141577bd413c67f5d241cc060a03a&timestamp=1439463611&nonce=860208799
INFO: [ app_init ] --START--
INFO: Run Behavior\BuildLiteBehavior [ RunTime:0.000031s ]
INFO: [ app_init ] --END-- [ RunTime:0.000230s ]
INFO: [ app_begin ] --START--
INFO: Run Behavior\ReadHtmlCacheBehavior [ RunTime:0.000099s ]
INFO: [ app_begin ] --END-- [ RunTime:0.000211s ]
INFO: [ view_parse ] --START--
INFO: Run Behavior\ParseTemplateBehavior [ RunTime:0.000158s ]
INFO: [ view_parse ] --END-- [ RunTime:0.000262s ]
INFO: [ view_filter ] --START--
INFO: Run Behavior\WriteHtmlCacheBehavior [ RunTime:0.000065s ]
INFO: [ view_filter ] --END-- [ RunTime:0.000152s ]
INFO: [ app_end ] --START--
INFO: Run Behavior\ShowPageTraceBehavior [ RunTime:0.000076s ]
INFO: [ app_end ] --END-- [ RunTime:0.000164s ]

[ 2015-08-13T19:00:11+08:00 ] 116.243.160.153 /zhier/index.php/Weichat/index/jumpto/action/location?code=031d4fd61be69a5147782b18743cda9a&state=123
INFO: [ app_init ] --START--
INFO: Run Behavior\BuildLiteBehavior [ RunTime:0.000021s ]
INFO: [ app_init ] --END-- [ RunTime:0.000145s ]
INFO: [ app_begin ] --START--
INFO: Run Behavior\ReadHtmlCacheBehavior [ RunTime:0.000064s ]
INFO: [ app_begin ] --END-- [ RunTime:0.000162s ]
NOTIC: [8] A session had already been started - ignoring session_start() /var/www/zhier/App/Weichat/Controller/IndexController.class.php 第 29 行.
SQL: SHOW COLUMNS FROM `user` [ RunTime:0.0007s ]
SQL: SELECT * FROM `user` WHERE ( `wei_id`='oWeLOvr9c0bTv2og1n3Hlna204No' )  [ RunTime:0.0001s ]

[ 2015-08-13T19:02:17+08:00 ] 101.226.62.80 /zhier/index.php/Weichat?signature=5abcd1f9ca54a454b8f338c5707e51be5fdb22ea&timestamp=1439463737&nonce=1127235371
INFO: [ app_init ] --START--
INFO: Run Behavior\BuildLiteBehavior [ RunTime:0.000025s ]
INFO: [ app_init ] --END-- [ RunTime:0.000177s ]
INFO: [ app_begin ] --START--
INFO: Run Behavior\ReadHtmlCacheBehavior [ RunTime:0.000058s ]
INFO: [ app_begin ] --END-- [ RunTime:0.000153s ]
INFO: [ view_parse ] --START--
INFO: Run Behavior\ParseTemplateBehavior [ RunTime:0.000146s ]
INFO: [ view_parse ] --END-- [ RunTime:0.000241s ]
INFO: [ view_filter ] --START--
INFO: Run Behavior\WriteHtmlCacheBehavior [ RunTime:0.000061s ]
INFO: [ view_filter ] --END-- [ RunTime:0.000148s ]
INFO: [ app_end ] --START--
INFO: Run Behavior\ShowPageTraceBehavior [ RunTime:0.000065s ]
INFO: [ app_end ] --END-- [ RunTime:0.000152s ]

[ 2015-08-13T19:02:21+08:00 ] 101.226.62.80 /zhier/index.php/Weichat?signature=491d25b2e44322231ad18ed3e0b9314f4b8891b6&timestamp=1439463741&nonce=1993938301
INFO: [ app_init ] --START--
INFO: Run Behavior\BuildLiteBehavior [ RunTime:0.000026s ]
INFO: [ app_init ] --END-- [ RunTime:0.000173s ]
INFO: [ app_begin ] --START--
INFO: Run Behavior\ReadHtmlCacheBehavior [ RunTime:0.000058s ]
INFO: [ app_begin ] --END-- [ RunTime:0.000154s ]
INFO: [ view_parse ] --START--
INFO: Run Behavior\ParseTemplateBehavior [ RunTime:0.000144s ]
INFO: [ view_parse ] --END-- [ RunTime:0.000240s ]
INFO: [ view_filter ] --START--
INFO: Run Behavior\WriteHtmlCacheBehavior [ RunTime:0.000062s ]
INFO: [ view_filter ] --END-- [ RunTime:0.000149s ]
INFO: [ app_end ] --START--
INFO: Run Behavior\ShowPageTraceBehavior [ RunTime:0.000064s ]
INFO: [ app_end ] --END-- [ RunTime:0.000151s ]

[ 2015-08-13T19:02:22+08:00 ] 116.243.160.153 /zhier/index.php/Weichat/index/jumpto/action/location?code=021d92f3e3a917dc8e57416ac52efa06&state=123
INFO: [ app_init ] --START--
INFO: Run Behavior\BuildLiteBehavior [ RunTime:0.000023s ]
INFO: [ app_init ] --END-- [ RunTime:0.000153s ]
INFO: [ app_begin ] --START--
INFO: Run Behavior\ReadHtmlCacheBehavior [ RunTime:0.000065s ]
INFO: [ app_begin ] --END-- [ RunTime:0.000161s ]
NOTIC: [8] A session had already been started - ignoring session_start() /var/www/zhier/App/Weichat/Controller/IndexController.class.php 第 29 行.
SQL: SHOW COLUMNS FROM `user` [ RunTime:0.0009s ]
SQL: SELECT * FROM `user` WHERE ( `wei_id`='oWeLOvmz7RlnuCraAvDXL0I_VzuE' )  [ RunTime:0.0004s ]
NOTIC: [8] Undefined offset: 0 /var/www/zhier/App/Weichat/Controller/IndexController.class.php 第 34 行.
NOTIC: [8] Undefined property: stdClass::$openid /var/www/zhier/App/Weichat/Controller/IndexController.class.php 第 40 行.

[ 2015-08-13T19:02:23+08:00 ] 116.243.160.153 /zhier/index.php/Weichat/index/jumpto/action/location?code=0113ca702ec8905abdedbf4a6a53d23o&state=123
INFO: [ app_init ] --START--
INFO: Run Behavior\BuildLiteBehavior [ RunTime:0.000025s ]
INFO: [ app_init ] --END-- [ RunTime:0.000161s ]
INFO: [ app_begin ] --START--
INFO: Run Behavior\ReadHtmlCacheBehavior [ RunTime:0.000061s ]
INFO: [ app_begin ] --END-- [ RunTime:0.000154s ]
NOTIC: [8] A session had already been started - ignoring session_start() /var/www/zhier/App/Weichat/Controller/IndexController.class.php 第 29 行.
SQL: SHOW COLUMNS FROM `user` [ RunTime:0.0008s ]
SQL: SELECT * FROM `user` WHERE ( `wei_id`='oWeLOvmz7RlnuCraAvDXL0I_VzuE' )  [ RunTime:0.0001s ]
NOTIC: [8] Undefined offset: 0 /var/www/zhier/App/Weichat/Controller/IndexController.class.php 第 34 行.

[ 2015-08-13T19:02:43+08:00 ] 101.226.62.80 /zhier/index.php/Weichat?signature=cef07bf66ab939e6dd7c6ac241be46572d6a18a8&timestamp=1439463763&nonce=1462074737
INFO: [ app_init ] --START--
INFO: Run Behavior\BuildLiteBehavior [ RunTime:0.000025s ]
INFO: [ app_init ] --END-- [ RunTime:0.000173s ]
INFO: [ app_begin ] --START--
INFO: Run Behavior\ReadHtmlCacheBehavior [ RunTime:0.000058s ]
INFO: [ app_begin ] --END-- [ RunTime:0.000154s ]
INFO: [ view_parse ] --START--
INFO: Run Behavior\ParseTemplateBehavior [ RunTime:0.000144s ]
INFO: [ view_parse ] --END-- [ RunTime:0.000240s ]
INFO: [ view_filter ] --START--
INFO: Run Behavior\WriteHtmlCacheBehavior [ RunTime:0.000061s ]
INFO: [ view_filter ] --END-- [ RunTime:0.000147s ]
INFO: [ app_end ] --START--
INFO: Run Behavior\ShowPageTraceBehavior [ RunTime:0.000064s ]
INFO: [ app_end ] --END-- [ RunTime:0.000151s ]

[ 2015-08-13T19:02:45+08:00 ] 101.226.62.80 /zhier/index.php/Weichat?signature=8a36f5d53378dc38ecaa63925f8e94facfd190a2&timestamp=1439463765&nonce=709479715
INFO: [ app_init ] --START--
INFO: Run Behavior\BuildLiteBehavior [ RunTime:0.000025s ]
INFO: [ app_init ] --END-- [ RunTime:0.000164s ]
INFO: [ app_begin ] --START--
INFO: Run Behavior\ReadHtmlCacheBehavior [ RunTime:0.000052s ]
INFO: [ app_begin ] --END-- [ RunTime:0.000147s ]
INFO: [ view_parse ] --START--
INFO: Run Behavior\ParseTemplateBehavior [ RunTime:0.000136s ]
INFO: [ view_parse ] --END-- [ RunTime:0.000229s ]
INFO: [ view_filter ] --START--
INFO: Run Behavior\WriteHtmlCacheBehavior [ RunTime:0.000056s ]
INFO: [ view_filter ] --END-- [ RunTime:0.000142s ]
INFO: [ app_end ] --START--
INFO: Run Behavior\ShowPageTraceBehavior [ RunTime:0.000057s ]
INFO: [ app_end ] --END-- [ RunTime:0.000144s ]

[ 2015-08-13T19:02:47+08:00 ] 116.243.160.153 /zhier/index.php/Weichat/index/jumpto/action/location?code=011a74a297a6246b74d524cce621a03n&state=123
INFO: [ app_init ] --START--
INFO: Run Behavior\BuildLiteBehavior [ RunTime:0.000025s ]
INFO: [ app_init ] --END-- [ RunTime:0.000172s ]
INFO: [ app_begin ] --START--
INFO: Run Behavior\ReadHtmlCacheBehavior [ RunTime:0.000067s ]
INFO: [ app_begin ] --END-- [ RunTime:0.000163s ]
NOTIC: [8] A session had already been started - ignoring session_start() /var/www/zhier/App/Weichat/Controller/IndexController.class.php 第 29 行.
SQL: SHOW COLUMNS FROM `user` [ RunTime:0.0007s ]
SQL: SELECT * FROM `user` WHERE ( `wei_id`='oWeLOvhktP2aTyC3CaKqY3RljJO8' )  [ RunTime:0.0003s ]
NOTIC: [8] Undefined offset: 0 /var/www/zhier/App/Weichat/Controller/IndexController.class.php 第 34 行.
NOTIC: [8] Undefined property: stdClass::$openid /var/www/zhier/App/Weichat/Controller/IndexController.class.php 第 40 行.

[ 2015-08-13T19:02:48+08:00 ] 116.243.160.153 /zhier/index.php/Weichat/index/jumpto/action/location?code=0014561e22052dd39c03c862dc1cf88x&state=123
INFO: [ app_init ] --START--
INFO: Run Behavior\BuildLiteBehavior [ RunTime:0.000025s ]
INFO: [ app_init ] --END-- [ RunTime:0.000159s ]
INFO: [ app_begin ] --START--
INFO: Run Behavior\ReadHtmlCacheBehavior [ RunTime:0.000097s ]
INFO: [ app_begin ] --END-- [ RunTime:0.000193s ]
NOTIC: [8] A session had already been started - ignoring session_start() /var/www/zhier/App/Weichat/Controller/IndexController.class.php 第 29 行.
SQL: SHOW COLUMNS FROM `user` [ RunTime:0.0007s ]
SQL: SELECT * FROM `user` WHERE ( `wei_id`='oWeLOvhktP2aTyC3CaKqY3RljJO8' )  [ RunTime:0.0001s ]
NOTIC: [8] Undefined offset: 0 /var/www/zhier/App/Weichat/Controller/IndexController.class.php 第 34 行.

[ 2015-08-13T19:07:40+08:00 ] 101.226.62.77 /zhier/index.php/Weichat?signature=710a12cf301ce2135bbfd36a3963ec9dcd5f46d3&timestamp=1439464060&nonce=1410611224
INFO: [ app_init ] --START--
INFO: Run Behavior\BuildLiteBehavior [ RunTime:0.000026s ]
INFO: [ app_init ] --END-- [ RunTime:0.000196s ]
INFO: [ app_begin ] --START--
INFO: Run Behavior\ReadHtmlCacheBehavior [ RunTime:0.000063s ]
INFO: [ app_begin ] --END-- [ RunTime:0.000207s ]
INFO: [ view_parse ] --START--
INFO: Run Behavior\ParseTemplateBehavior [ RunTime:0.000145s ]
INFO: [ view_parse ] --END-- [ RunTime:0.000239s ]
INFO: [ view_filter ] --START--
INFO: Run Behavior\WriteHtmlCacheBehavior [ RunTime:0.000062s ]
INFO: [ view_filter ] --END-- [ RunTime:0.000148s ]
INFO: [ app_end ] --START--
INFO: Run Behavior\ShowPageTraceBehavior [ RunTime:0.000065s ]
INFO: [ app_end ] --END-- [ RunTime:0.000152s ]

[ 2015-08-13T19:07:40+08:00 ] 116.243.160.153 /zhier/index.php/Weichat/index/jumpto/action/location?code=001b5ef939f74923abbc77807ba838cJ&state=123
INFO: [ app_init ] --START--
INFO: Run Behavior\BuildLiteBehavior [ RunTime:0.000022s ]
INFO: [ app_init ] --END-- [ RunTime:0.000149s ]
INFO: [ app_begin ] --START--
INFO: Run Behavior\ReadHtmlCacheBehavior [ RunTime:0.000059s ]
INFO: [ app_begin ] --END-- [ RunTime:0.000156s ]
NOTIC: [8] A session had already been started - ignoring session_start() /var/www/zhier/App/Weichat/Controller/IndexController.class.php 第 29 行.
SQL: SHOW COLUMNS FROM `user` [ RunTime:0.0007s ]
SQL: SELECT * FROM `user` WHERE ( `wei_id`='oWeLOvr9c0bTv2og1n3Hlna204No' )  [ RunTime:0.0003s ]

[ 2015-08-13T19:13:52+08:00 ] 101.226.62.80 /zhier/index.php/Weichat?signature=cc5d137a2ab8235f9b958cfcac29cb687414f766&timestamp=1439464432&nonce=510405172
INFO: [ app_init ] --START--
INFO: Run Behavior\BuildLiteBehavior [ RunTime:0.000026s ]
INFO: [ app_init ] --END-- [ RunTime:0.000173s ]
INFO: [ app_begin ] --START--
INFO: Run Behavior\ReadHtmlCacheBehavior [ RunTime:0.000058s ]
INFO: [ app_begin ] --END-- [ RunTime:0.000158s ]
INFO: [ view_parse ] --START--
INFO: Run Behavior\ParseTemplateBehavior [ RunTime:0.000145s ]
INFO: [ view_parse ] --END-- [ RunTime:0.000239s ]
INFO: [ view_filter ] --START--
INFO: Run Behavior\WriteHtmlCacheBehavior [ RunTime:0.000078s ]
INFO: [ view_filter ] --END-- [ RunTime:0.000165s ]
INFO: [ app_end ] --START--
INFO: Run Behavior\ShowPageTraceBehavior [ RunTime:0.000068s ]
INFO: [ app_end ] --END-- [ RunTime:0.000156s ]

[ 2015-08-13T19:13:52+08:00 ] 116.243.160.153 /zhier/index.php/Weichat/index/jumpto/action/location?code=021eb9a2c0f28987de097f448336c82u&state=123
INFO: [ app_init ] --START--
INFO: Run Behavior\BuildLiteBehavior [ RunTime:0.000028s ]
INFO: [ app_init ] --END-- [ RunTime:0.000196s ]
INFO: [ app_begin ] --START--
INFO: Run Behavior\ReadHtmlCacheBehavior [ RunTime:0.000077s ]
INFO: [ app_begin ] --END-- [ RunTime:0.000175s ]
NOTIC: [8] A session had already been started - ignoring session_start() /var/www/zhier/App/Weichat/Controller/IndexController.class.php 第 29 行.
SQL: SHOW COLUMNS FROM `user` [ RunTime:0.0007s ]
SQL: SELECT * FROM `user` WHERE ( `wei_id`='oWeLOvmz7RlnuCraAvDXL0I_VzuE' )  [ RunTime:0.0003s ]

[ 2015-08-13T21:53:58+08:00 ] 101.226.62.77 /zhier/index.php/Weichat?signature=10032ab4ae511ae15c1d5e8f0e4d2694174bde34&timestamp=1439474037&nonce=1731273301
INFO: [ app_init ] --START--
INFO: Run Behavior\BuildLiteBehavior [ RunTime:0.000026s ]
INFO: [ app_init ] --END-- [ RunTime:0.000172s ]
INFO: [ app_begin ] --START--
INFO: Run Behavior\ReadHtmlCacheBehavior [ RunTime:0.000059s ]
INFO: [ app_begin ] --END-- [ RunTime:0.000156s ]
INFO: [ view_parse ] --START--
INFO: Run Behavior\ParseTemplateBehavior [ RunTime:0.000148s ]
INFO: [ view_parse ] --END-- [ RunTime:0.000243s ]
INFO: [ view_filter ] --START--
INFO: Run Behavior\WriteHtmlCacheBehavior [ RunTime:0.000062s ]
INFO: [ view_filter ] --END-- [ RunTime:0.000149s ]
INFO: [ app_end ] --START--
INFO: Run Behavior\ShowPageTraceBehavior [ RunTime:0.000064s ]
INFO: [ app_end ] --END-- [ RunTime:0.000152s ]

[ 2015-08-13T21:54:03+08:00 ] 123.151.42.46 /zhier/index.php/Weichat/index/jumpto/action/location?code=0411e84dd55d4cb0e187bb7aa9066b64&state=123
INFO: [ app_init ] --START--
INFO: Run Behavior\BuildLiteBehavior [ RunTime:0.000026s ]
INFO: [ app_init ] --END-- [ RunTime:0.000172s ]
INFO: [ app_begin ] --START--
INFO: Run Behavior\ReadHtmlCacheBehavior [ RunTime:0.000070s ]
INFO: [ app_begin ] --END-- [ RunTime:0.000175s ]
NOTIC: [8] A session had already been started - ignoring session_start() /var/www/zhier/App/Weichat/Controller/IndexController.class.php 第 29 行.
SQL: SHOW COLUMNS FROM `user` [ RunTime:0.0007s ]
SQL: SELECT * FROM `user` WHERE ( `wei_id`='oWeLOviRXMr84Fxb_ZuO73TNLsUA' )  [ RunTime:0.0003s ]

