[ 2015-06-10T00:25:21+08:00 ] 140.207.54.75 /zhier/index.php/Weichat?signature=444c5bd331272f0b038716234ebb7293428dc91d&timestamp=1433867121&nonce=1855390051
INFO: [ app_init ] --START--
INFO: Run Behavior\BuildLiteBehavior [ RunTime:0.000016s ]
INFO: [ app_init ] --END-- [ RunTime:0.000304s ]
INFO: [ app_begin ] --START--
INFO: Run Behavior\ReadHtmlCacheBehavior [ RunTime:0.000342s ]
INFO: [ app_begin ] --END-- [ RunTime:0.000388s ]
INFO: [ view_parse ] --START--
INFO: Run Behavior\ParseTemplateBehavior [ RunTime:0.000109s ]
INFO: [ view_parse ] --END-- [ RunTime:0.000157s ]
INFO: [ view_filter ] --START--
INFO: Run Behavior\WriteHtmlCacheBehavior [ RunTime:0.000157s ]
INFO: [ view_filter ] --END-- [ RunTime:0.000202s ]
INFO: [ app_end ] --START--
INFO: Run Behavior\ShowPageTraceBehavior [ RunTime:0.000402s ]
INFO: [ app_end ] --END-- [ RunTime:0.000444s ]

[ 2015-06-10T00:25:21+08:00 ] 180.153.206.13 /zhier/index.php/Weichat
INFO: [ app_init ] --START--
INFO: Run Behavior\BuildLiteBehavior [ RunTime:0.000014s ]
INFO: [ app_init ] --END-- [ RunTime:0.000298s ]
INFO: [ app_begin ] --START--
INFO: Run Behavior\ReadHtmlCacheBehavior [ RunTime:0.000361s ]
INFO: [ app_begin ] --END-- [ RunTime:0.000428s ]
NOTIC: [8] Undefined index: HTTP_RAW_POST_DATA /opt/lampp/htdocs/zhier/App/Weichat/Controller/IndexController.class.php 第 7 行.
NOTIC: [8] Undefined variable: keyword /opt/lampp/htdocs/zhier/App/Weichat/Controller/IndexController.class.php 第 81 行.
NOTIC: [8] Undefined variable: textTpl /opt/lampp/htdocs/zhier/App/Weichat/Controller/IndexController.class.php 第 86 行.
NOTIC: [8] Undefined variable: fromUsername /opt/lampp/htdocs/zhier/App/Weichat/Controller/IndexController.class.php 第 86 行.
NOTIC: [8] Undefined variable: toUsername /opt/lampp/htdocs/zhier/App/Weichat/Controller/IndexController.class.php 第 86 行.
NOTIC: [8] Undefined variable: time /opt/lampp/htdocs/zhier/App/Weichat/Controller/IndexController.class.php 第 86 行.
NOTIC: [8] Undefined variable: contentStr /opt/lampp/htdocs/zhier/App/Weichat/Controller/IndexController.class.php 第 86 行.
NOTIC: [8] Undefined variable: keyword /opt/lampp/htdocs/zhier/App/Weichat/Controller/IndexController.class.php 第 91 行.
INFO: [ view_parse ] --START--
INFO: Run Behavior\ParseTemplateBehavior [ RunTime:0.000106s ]
INFO: [ view_parse ] --END-- [ RunTime:0.000150s ]
INFO: [ view_filter ] --START--
INFO: Run Behavior\WriteHtmlCacheBehavior [ RunTime:0.000113s ]
INFO: [ view_filter ] --END-- [ RunTime:0.000152s ]
INFO: [ app_end ] --START--
INFO: Run Behavior\ShowPageTraceBehavior [ RunTime:0.000380s ]
INFO: [ app_end ] --END-- [ RunTime:0.000421s ]

[ 2015-06-10T00:26:23+08:00 ] 140.207.54.75 /zhier/index.php/Weichat?signature=f410e7da60026f2b8d3e62ed11eb0eb6c8fe6ac3&timestamp=1433867183&nonce=434939027
INFO: [ app_init ] --START--
INFO: Run Behavior\BuildLiteBehavior [ RunTime:0.000017s ]
INFO: [ app_init ] --END-- [ RunTime:0.000333s ]
INFO: [ app_begin ] --START--
INFO: Run Behavior\ReadHtmlCacheBehavior [ RunTime:0.000352s ]
INFO: [ app_begin ] --END-- [ RunTime:0.000399s ]
INFO: [ view_parse ] --START--
INFO: Run Behavior\ParseTemplateBehavior [ RunTime:0.000119s ]
INFO: [ view_parse ] --END-- [ RunTime:0.000168s ]
INFO: [ view_filter ] --START--
INFO: Run Behavior\WriteHtmlCacheBehavior [ RunTime:0.000110s ]
INFO: [ view_filter ] --END-- [ RunTime:0.000145s ]
INFO: [ app_end ] --START--
INFO: Run Behavior\ShowPageTraceBehavior [ RunTime:0.000365s ]
INFO: [ app_end ] --END-- [ RunTime:0.000407s ]

[ 2015-06-10T00:26:28+08:00 ] 140.207.54.75 /zhier/index.php/Weichat?signature=6409c3e52775f5b94b8e97b185f79e1ada491cf4&timestamp=1433867188&nonce=1591274809
INFO: [ app_init ] --START--
INFO: Run Behavior\BuildLiteBehavior [ RunTime:0.000014s ]
INFO: [ app_init ] --END-- [ RunTime:0.000281s ]
INFO: [ app_begin ] --START--
INFO: Run Behavior\ReadHtmlCacheBehavior [ RunTime:0.000367s ]
INFO: [ app_begin ] --END-- [ RunTime:0.000420s ]
INFO: [ view_parse ] --START--
INFO: Run Behavior\ParseTemplateBehavior [ RunTime:0.000137s ]
INFO: [ view_parse ] --END-- [ RunTime:0.000184s ]
INFO: [ view_filter ] --START--
INFO: Run Behavior\WriteHtmlCacheBehavior [ RunTime:0.000107s ]
INFO: [ view_filter ] --END-- [ RunTime:0.000141s ]
INFO: [ app_end ] --START--
INFO: Run Behavior\ShowPageTraceBehavior [ RunTime:0.000374s ]
INFO: [ app_end ] --END-- [ RunTime:0.000411s ]

[ 2015-06-10T00:26:29+08:00 ] 140.207.54.78 /zhier/index.php/Weichat?signature=3efedd1ec76e61fe5a9bd9e084904a4ba8a73a43&timestamp=1433867189&nonce=1082594166
INFO: [ app_init ] --START--
INFO: Run Behavior\BuildLiteBehavior [ RunTime:0.000021s ]
INFO: [ app_init ] --END-- [ RunTime:0.000328s ]
INFO: [ app_begin ] --START--
INFO: Run Behavior\ReadHtmlCacheBehavior [ RunTime:0.000358s ]
INFO: [ app_begin ] --END-- [ RunTime:0.000405s ]
INFO: [ view_parse ] --START--
INFO: Run Behavior\ParseTemplateBehavior [ RunTime:0.000116s ]
INFO: [ view_parse ] --END-- [ RunTime:0.000163s ]
INFO: [ view_filter ] --START--
INFO: Run Behavior\WriteHtmlCacheBehavior [ RunTime:0.000113s ]
INFO: [ view_filter ] --END-- [ RunTime:0.000147s ]
INFO: [ app_end ] --START--
INFO: Run Behavior\ShowPageTraceBehavior [ RunTime:0.000384s ]
INFO: [ app_end ] --END-- [ RunTime:0.000419s ]

[ 2015-06-10T00:34:01+08:00 ] 112.64.235.91 /zhier/index.php/Weichat
INFO: [ app_init ] --START--
INFO: Run Behavior\BuildLiteBehavior [ RunTime:0.000014s ]
INFO: [ app_init ] --END-- [ RunTime:0.000266s ]
INFO: [ app_begin ] --START--
INFO: Run Behavior\ReadHtmlCacheBehavior [ RunTime:0.000322s ]
INFO: [ app_begin ] --END-- [ RunTime:0.000365s ]
NOTIC: [8] Undefined index: HTTP_RAW_POST_DATA /opt/lampp/htdocs/zhier/App/Weichat/Controller/IndexController.class.php 第 7 行.
NOTIC: [8] Undefined variable: keyword /opt/lampp/htdocs/zhier/App/Weichat/Controller/IndexController.class.php 第 81 行.
NOTIC: [8] Undefined variable: textTpl /opt/lampp/htdocs/zhier/App/Weichat/Controller/IndexController.class.php 第 86 行.
NOTIC: [8] Undefined variable: fromUsername /opt/lampp/htdocs/zhier/App/Weichat/Controller/IndexController.class.php 第 86 行.
NOTIC: [8] Undefined variable: toUsername /opt/lampp/htdocs/zhier/App/Weichat/Controller/IndexController.class.php 第 86 行.
NOTIC: [8] Undefined variable: time /opt/lampp/htdocs/zhier/App/Weichat/Controller/IndexController.class.php 第 86 行.
NOTIC: [8] Undefined variable: contentStr /opt/lampp/htdocs/zhier/App/Weichat/Controller/IndexController.class.php 第 86 行.
NOTIC: [8] Undefined variable: keyword /opt/lampp/htdocs/zhier/App/Weichat/Controller/IndexController.class.php 第 91 行.
INFO: [ view_parse ] --START--
INFO: Run Behavior\ParseTemplateBehavior [ RunTime:0.000107s ]
INFO: [ view_parse ] --END-- [ RunTime:0.000145s ]
INFO: [ view_filter ] --START--
INFO: Run Behavior\WriteHtmlCacheBehavior [ RunTime:0.000106s ]
INFO: [ view_filter ] --END-- [ RunTime:0.000140s ]
INFO: [ app_end ] --START--
INFO: Run Behavior\ShowPageTraceBehavior [ RunTime:0.000348s ]
INFO: [ app_end ] --END-- [ RunTime:0.000384s ]

