[ 2015-07-23T10:40:51+08:00 ] 121.42.0.18 /zhier/index.php/Weichat/index/jumpto/action/bbx/yanfang/index.php?q=%7B%24%7Bprint%28md5%28233333%29%29%7D%7D
INFO: [ app_init ] --START--
INFO: Run Behavior\BuildLiteBehavior [ RunTime:0.000025s ]
INFO: [ app_init ] --END-- [ RunTime:0.000174s ]
INFO: [ app_begin ] --START--
INFO: Run Behavior\ReadHtmlCacheBehavior [ RunTime:0.000067s ]
INFO: [ app_begin ] --END-- [ RunTime:0.000162s ]
NOTIC: [8] A session had already been started - ignoring session_start() /var/www/zhier/App/Weichat/Controller/IndexController.class.php 第 29 行.
NOTIC: [8] Undefined property: stdClass::$openid /var/www/zhier/App/Weichat/Controller/IndexController.class.php 第 30 行.
SQL: SHOW COLUMNS FROM `user` [ RunTime:0.0007s ]
SQL: SELECT * FROM `user` WHERE ( `wei_id`='' )  [ RunTime:0.0003s ]
NOTIC: [8] Undefined offset: 0 /var/www/zhier/App/Weichat/Controller/IndexController.class.php 第 34 行.
NOTIC: [8] Undefined property: stdClass::$access_token /var/www/zhier/App/Weichat/Controller/IndexController.class.php 第 38 行.
NOTIC: [8] Undefined property: stdClass::$openid /var/www/zhier/App/Weichat/Controller/IndexController.class.php 第 38 行.
NOTIC: [8] Undefined property: stdClass::$openid /var/www/zhier/App/Weichat/Controller/IndexController.class.php 第 40 行.

[ 2015-07-23T10:40:57+08:00 ] 121.42.0.18 /zhier/index.php/Weichat/index/jumpto/action/tools/life/yanfang/index.php?q=%7B%24%7Bprint%28md5%28233333%29%29%7D%7D
INFO: [ app_init ] --START--
INFO: Run Behavior\BuildLiteBehavior [ RunTime:0.000025s ]
INFO: [ app_init ] --END-- [ RunTime:0.000173s ]
INFO: [ app_begin ] --START--
INFO: Run Behavior\ReadHtmlCacheBehavior [ RunTime:0.000066s ]
INFO: [ app_begin ] --END-- [ RunTime:0.000163s ]
NOTIC: [8] A session had already been started - ignoring session_start() /var/www/zhier/App/Weichat/Controller/IndexController.class.php 第 29 行.
NOTIC: [8] Undefined property: stdClass::$openid /var/www/zhier/App/Weichat/Controller/IndexController.class.php 第 30 行.
SQL: SHOW COLUMNS FROM `user` [ RunTime:0.0007s ]
SQL: SELECT * FROM `user` WHERE ( `wei_id`='' )  [ RunTime:0.0001s ]
NOTIC: [8] Undefined offset: 0 /var/www/zhier/App/Weichat/Controller/IndexController.class.php 第 34 行.
NOTIC: [8] Undefined property: stdClass::$access_token /var/www/zhier/App/Weichat/Controller/IndexController.class.php 第 38 行.
NOTIC: [8] Undefined property: stdClass::$openid /var/www/zhier/App/Weichat/Controller/IndexController.class.php 第 38 行.
NOTIC: [8] Undefined property: stdClass::$openid /var/www/zhier/App/Weichat/Controller/IndexController.class.php 第 40 行.

[ 2015-07-23T10:41:03+08:00 ] 121.42.0.18 /zhier/index.php/Weichat/index/jumpto/action/yanfang/index.php?q=%7B%24%7Bprint%28md5%28233333%29%29%7D%7D
INFO: [ app_init ] --START--
INFO: Run Behavior\BuildLiteBehavior [ RunTime:0.000024s ]
INFO: [ app_init ] --END-- [ RunTime:0.000193s ]
INFO: [ app_begin ] --START--
INFO: Run Behavior\ReadHtmlCacheBehavior [ RunTime:0.000068s ]
INFO: [ app_begin ] --END-- [ RunTime:0.000164s ]
NOTIC: [8] A session had already been started - ignoring session_start() /var/www/zhier/App/Weichat/Controller/IndexController.class.php 第 29 行.
NOTIC: [8] Undefined property: stdClass::$openid /var/www/zhier/App/Weichat/Controller/IndexController.class.php 第 30 行.
SQL: SHOW COLUMNS FROM `user` [ RunTime:0.0007s ]
SQL: SELECT * FROM `user` WHERE ( `wei_id`='' )  [ RunTime:0.0001s ]
NOTIC: [8] Undefined offset: 0 /var/www/zhier/App/Weichat/Controller/IndexController.class.php 第 34 行.
NOTIC: [8] Undefined property: stdClass::$access_token /var/www/zhier/App/Weichat/Controller/IndexController.class.php 第 38 行.
NOTIC: [8] Undefined property: stdClass::$openid /var/www/zhier/App/Weichat/Controller/IndexController.class.php 第 38 行.
NOTIC: [8] Undefined property: stdClass::$openid /var/www/zhier/App/Weichat/Controller/IndexController.class.php 第 40 行.

[ 2015-07-23T10:41:44+08:00 ] 121.42.0.18 /zhier/index.php/Weichat/index/jumpto/action/bbx/yanfang/index.php?q=%7B%24%7Bprint%28md5%28233333%29%29%7D%7D
INFO: [ app_init ] --START--
INFO: Run Behavior\BuildLiteBehavior [ RunTime:0.000025s ]
INFO: [ app_init ] --END-- [ RunTime:0.000177s ]
INFO: [ app_begin ] --START--
INFO: Run Behavior\ReadHtmlCacheBehavior [ RunTime:0.000068s ]
INFO: [ app_begin ] --END-- [ RunTime:0.000166s ]
NOTIC: [8] A session had already been started - ignoring session_start() /var/www/zhier/App/Weichat/Controller/IndexController.class.php 第 29 行.
NOTIC: [8] Undefined property: stdClass::$openid /var/www/zhier/App/Weichat/Controller/IndexController.class.php 第 30 行.
SQL: SHOW COLUMNS FROM `user` [ RunTime:0.0007s ]
SQL: SELECT * FROM `user` WHERE ( `wei_id`='' )  [ RunTime:0.0001s ]
NOTIC: [8] Undefined offset: 0 /var/www/zhier/App/Weichat/Controller/IndexController.class.php 第 34 行.
NOTIC: [8] Undefined property: stdClass::$access_token /var/www/zhier/App/Weichat/Controller/IndexController.class.php 第 38 行.
NOTIC: [8] Undefined property: stdClass::$openid /var/www/zhier/App/Weichat/Controller/IndexController.class.php 第 38 行.
NOTIC: [8] Undefined property: stdClass::$openid /var/www/zhier/App/Weichat/Controller/IndexController.class.php 第 40 行.

[ 2015-07-23T10:42:05+08:00 ] 121.42.0.18 /zhier/index.php/Weichat/index/jumpto/action//feed-proxy.php?feed=http/../feed-proxy.php
INFO: [ app_init ] --START--
INFO: Run Behavior\BuildLiteBehavior [ RunTime:0.000024s ]
INFO: [ app_init ] --END-- [ RunTime:0.000171s ]
INFO: [ app_begin ] --START--
INFO: Run Behavior\ReadHtmlCacheBehavior [ RunTime:0.000068s ]
INFO: [ app_begin ] --END-- [ RunTime:0.000164s ]
NOTIC: [8] A session had already been started - ignoring session_start() /var/www/zhier/App/Weichat/Controller/IndexController.class.php 第 29 行.
NOTIC: [8] Undefined property: stdClass::$openid /var/www/zhier/App/Weichat/Controller/IndexController.class.php 第 30 行.
SQL: SHOW COLUMNS FROM `user` [ RunTime:0.0007s ]
SQL: SELECT * FROM `user` WHERE ( `wei_id`='' )  [ RunTime:0.0001s ]
NOTIC: [8] Undefined offset: 0 /var/www/zhier/App/Weichat/Controller/IndexController.class.php 第 34 行.
NOTIC: [8] Undefined property: stdClass::$access_token /var/www/zhier/App/Weichat/Controller/IndexController.class.php 第 38 行.
NOTIC: [8] Undefined property: stdClass::$openid /var/www/zhier/App/Weichat/Controller/IndexController.class.php 第 38 行.
NOTIC: [8] Undefined property: stdClass::$openid /var/www/zhier/App/Weichat/Controller/IndexController.class.php 第 40 行.

[ 2015-07-23T10:42:27+08:00 ] 121.42.0.18 /zhier/index.php/Weichat/index/jumpto/action//shopadmin/index.php?ctl=passport&act=login&sess_id=1%27+and%28select+1+from%28select+count%28*%29%2Cconcat%28%28select+%28select+%28select+concat%28userpass%2C0x7e%2Cusername%2C0x7e%2Cop_id%29+from+sdb_operators+order+by+username+limit+0%2C1%29+%29+from+%60information_schema%60.tables+limit+0%2C1%29%2Cfloor%28rand%280%29*2%29%29x+from+%60information_schema%60.tables+group+by+x%29a%29+and+%271%27%3D%271
INFO: [ app_init ] --START--
INFO: Run Behavior\BuildLiteBehavior [ RunTime:0.000025s ]
INFO: [ app_init ] --END-- [ RunTime:0.000175s ]
INFO: [ app_begin ] --START--
INFO: Run Behavior\ReadHtmlCacheBehavior [ RunTime:0.000067s ]
INFO: [ app_begin ] --END-- [ RunTime:0.000163s ]
NOTIC: [8] A session had already been started - ignoring session_start() /var/www/zhier/App/Weichat/Controller/IndexController.class.php 第 29 行.
NOTIC: [8] Undefined property: stdClass::$openid /var/www/zhier/App/Weichat/Controller/IndexController.class.php 第 30 行.
SQL: SHOW COLUMNS FROM `user` [ RunTime:0.0007s ]
SQL: SELECT * FROM `user` WHERE ( `wei_id`='' )  [ RunTime:0.0001s ]
NOTIC: [8] Undefined offset: 0 /var/www/zhier/App/Weichat/Controller/IndexController.class.php 第 34 行.
NOTIC: [8] Undefined property: stdClass::$access_token /var/www/zhier/App/Weichat/Controller/IndexController.class.php 第 38 行.
NOTIC: [8] Undefined property: stdClass::$openid /var/www/zhier/App/Weichat/Controller/IndexController.class.php 第 38 行.
NOTIC: [8] Undefined property: stdClass::$openid /var/www/zhier/App/Weichat/Controller/IndexController.class.php 第 40 行.

[ 2015-07-23T10:42:45+08:00 ] 121.42.0.18 /zhier/index.php/Weichat/index/jumpto/action/tools/life/yanfang/index.php?q=%7B%24%7Bprint%28md5%28233333%29%29%7D%7D
INFO: [ app_init ] --START--
INFO: Run Behavior\BuildLiteBehavior [ RunTime:0.000025s ]
INFO: [ app_init ] --END-- [ RunTime:0.000172s ]
INFO: [ app_begin ] --START--
INFO: Run Behavior\ReadHtmlCacheBehavior [ RunTime:0.000066s ]
INFO: [ app_begin ] --END-- [ RunTime:0.000162s ]
NOTIC: [8] A session had already been started - ignoring session_start() /var/www/zhier/App/Weichat/Controller/IndexController.class.php 第 29 行.
NOTIC: [8] Undefined property: stdClass::$openid /var/www/zhier/App/Weichat/Controller/IndexController.class.php 第 30 行.
SQL: SHOW COLUMNS FROM `user` [ RunTime:0.0007s ]
SQL: SELECT * FROM `user` WHERE ( `wei_id`='' )  [ RunTime:0.0001s ]
NOTIC: [8] Undefined offset: 0 /var/www/zhier/App/Weichat/Controller/IndexController.class.php 第 34 行.
NOTIC: [8] Undefined property: stdClass::$access_token /var/www/zhier/App/Weichat/Controller/IndexController.class.php 第 38 行.
NOTIC: [8] Undefined property: stdClass::$openid /var/www/zhier/App/Weichat/Controller/IndexController.class.php 第 38 行.
NOTIC: [8] Undefined property: stdClass::$openid /var/www/zhier/App/Weichat/Controller/IndexController.class.php 第 40 行.

[ 2015-07-23T10:42:55+08:00 ] 121.42.0.18 /zhier/index.php/Weichat/index/jumpto/action/yanfang/index.php?q=%7B%24%7Bprint%28md5%28233333%29%29%7D%7D
INFO: [ app_init ] --START--
INFO: Run Behavior\BuildLiteBehavior [ RunTime:0.000030s ]
INFO: [ app_init ] --END-- [ RunTime:0.000226s ]
INFO: [ app_begin ] --START--
INFO: Run Behavior\ReadHtmlCacheBehavior [ RunTime:0.000090s ]
INFO: [ app_begin ] --END-- [ RunTime:0.000191s ]
NOTIC: [8] A session had already been started - ignoring session_start() /var/www/zhier/App/Weichat/Controller/IndexController.class.php 第 29 行.
NOTIC: [8] Undefined property: stdClass::$openid /var/www/zhier/App/Weichat/Controller/IndexController.class.php 第 30 行.
SQL: SHOW COLUMNS FROM `user` [ RunTime:0.0007s ]
SQL: SELECT * FROM `user` WHERE ( `wei_id`='' )  [ RunTime:0.0001s ]
NOTIC: [8] Undefined offset: 0 /var/www/zhier/App/Weichat/Controller/IndexController.class.php 第 34 行.
NOTIC: [8] Undefined property: stdClass::$access_token /var/www/zhier/App/Weichat/Controller/IndexController.class.php 第 38 行.
NOTIC: [8] Undefined property: stdClass::$openid /var/www/zhier/App/Weichat/Controller/IndexController.class.php 第 38 行.
NOTIC: [8] Undefined property: stdClass::$openid /var/www/zhier/App/Weichat/Controller/IndexController.class.php 第 40 行.

[ 2015-07-23T10:43:27+08:00 ] 121.42.0.18 /zhier/index.php/Weichat/index/jumpto/action//feed-proxy.php?feed=http/../feed-proxy.php
INFO: [ app_init ] --START--
INFO: Run Behavior\BuildLiteBehavior [ RunTime:0.000031s ]
INFO: [ app_init ] --END-- [ RunTime:0.000226s ]
INFO: [ app_begin ] --START--
INFO: Run Behavior\ReadHtmlCacheBehavior [ RunTime:0.000082s ]
INFO: [ app_begin ] --END-- [ RunTime:0.000181s ]
NOTIC: [8] A session had already been started - ignoring session_start() /var/www/zhier/App/Weichat/Controller/IndexController.class.php 第 29 行.
NOTIC: [8] Undefined property: stdClass::$openid /var/www/zhier/App/Weichat/Controller/IndexController.class.php 第 30 行.
SQL: SHOW COLUMNS FROM `user` [ RunTime:0.0007s ]
SQL: SELECT * FROM `user` WHERE ( `wei_id`='' )  [ RunTime:0.0001s ]
NOTIC: [8] Undefined offset: 0 /var/www/zhier/App/Weichat/Controller/IndexController.class.php 第 34 行.
NOTIC: [8] Undefined property: stdClass::$access_token /var/www/zhier/App/Weichat/Controller/IndexController.class.php 第 38 行.
NOTIC: [8] Undefined property: stdClass::$openid /var/www/zhier/App/Weichat/Controller/IndexController.class.php 第 38 行.
NOTIC: [8] Undefined property: stdClass::$openid /var/www/zhier/App/Weichat/Controller/IndexController.class.php 第 40 行.

[ 2015-07-23T10:43:35+08:00 ] 121.42.0.18 /zhier/index.php/Weichat/index/jumpto/action//shopadmin/index.php?ctl=passport&act=login&sess_id=1%27+and%28select+1+from%28select+count%28*%29%2Cconcat%28%28select+%28select+%28select+concat%28userpass%2C0x7e%2Cusername%2C0x7e%2Cop_id%29+from+sdb_operators+order+by+username+limit+0%2C1%29+%29+from+%60information_schema%60.tables+limit+0%2C1%29%2Cfloor%28rand%280%29*2%29%29x+from+%60information_schema%60.tables+group+by+x%29a%29+and+%271%27%3D%271
INFO: [ app_init ] --START--
INFO: Run Behavior\BuildLiteBehavior [ RunTime:0.000025s ]
INFO: [ app_init ] --END-- [ RunTime:0.000178s ]
INFO: [ app_begin ] --START--
INFO: Run Behavior\ReadHtmlCacheBehavior [ RunTime:0.000068s ]
INFO: [ app_begin ] --END-- [ RunTime:0.000172s ]
NOTIC: [8] A session had already been started - ignoring session_start() /var/www/zhier/App/Weichat/Controller/IndexController.class.php 第 29 行.
NOTIC: [8] Undefined property: stdClass::$openid /var/www/zhier/App/Weichat/Controller/IndexController.class.php 第 30 行.
SQL: SHOW COLUMNS FROM `user` [ RunTime:0.0007s ]
SQL: SELECT * FROM `user` WHERE ( `wei_id`='' )  [ RunTime:0.0001s ]
NOTIC: [8] Undefined offset: 0 /var/www/zhier/App/Weichat/Controller/IndexController.class.php 第 34 行.
NOTIC: [8] Undefined property: stdClass::$access_token /var/www/zhier/App/Weichat/Controller/IndexController.class.php 第 38 行.
NOTIC: [8] Undefined property: stdClass::$openid /var/www/zhier/App/Weichat/Controller/IndexController.class.php 第 38 行.
NOTIC: [8] Undefined property: stdClass::$openid /var/www/zhier/App/Weichat/Controller/IndexController.class.php 第 40 行.

