[ 2015-08-19T09:48:31+08:00 ] 222.128.72.210 /index.php/Weichat/index/jumpto/action/location?code=03195ef3612de2168b1a049aab7621fB&state=123
INFO: [ app_init ] --START--
INFO: Run Behavior\BuildLiteBehavior [ RunTime:0.000027s ]
INFO: [ app_init ] --END-- [ RunTime:0.000181s ]
INFO: [ app_begin ] --START--
INFO: Run Behavior\ReadHtmlCacheBehavior [ RunTime:0.000071s ]
INFO: [ app_begin ] --END-- [ RunTime:0.000173s ]
NOTIC: [8] A session had already been started - ignoring session_start() /var/www/guozhi/App/Weichat/Controller/IndexController.class.php 第 29 行.
SQL: SHOW COLUMNS FROM `user` [ RunTime:0.0007s ]
SQL: SELECT * FROM `user` WHERE ( `wei_id`='oWeLOvneJ6xRythTnGkX8vudDcVM' )  [ RunTime:0.0003s ]

[ 2015-08-19T09:48:58+08:00 ] 124.65.167.50 /index.php/Weichat/index/jumpto/action/location?code=0010cf0ad3f9b88b8ac90007e75384d2&state=123
INFO: [ app_init ] --START--
INFO: Run Behavior\BuildLiteBehavior [ RunTime:0.000027s ]
INFO: [ app_init ] --END-- [ RunTime:0.000182s ]
INFO: [ app_begin ] --START--
INFO: Run Behavior\ReadHtmlCacheBehavior [ RunTime:0.000071s ]
INFO: [ app_begin ] --END-- [ RunTime:0.000176s ]
NOTIC: [8] A session had already been started - ignoring session_start() /var/www/guozhi/App/Weichat/Controller/IndexController.class.php 第 29 行.
SQL: SHOW COLUMNS FROM `user` [ RunTime:0.0008s ]
SQL: SELECT * FROM `user` WHERE ( `wei_id`='oWeLOvqte1AhR3kTHWnNvP1YmgSo' )  [ RunTime:0.0003s ]
NOTIC: [8] Undefined offset: 0 /var/www/guozhi/App/Weichat/Controller/IndexController.class.php 第 34 行.
NOTIC: [8] Undefined property: stdClass::$openid /var/www/guozhi/App/Weichat/Controller/IndexController.class.php 第 40 行.

[ 2015-08-19T09:49:07+08:00 ] 124.65.167.50 /index.php/Weichat/index/jumpto/action/orders?code=021e7da28a1eec216139db85b42ecfak&state=123
INFO: [ app_init ] --START--
INFO: Run Behavior\BuildLiteBehavior [ RunTime:0.000024s ]
INFO: [ app_init ] --END-- [ RunTime:0.000172s ]
INFO: [ app_begin ] --START--
INFO: Run Behavior\ReadHtmlCacheBehavior [ RunTime:0.000064s ]
INFO: [ app_begin ] --END-- [ RunTime:0.000175s ]
NOTIC: [8] A session had already been started - ignoring session_start() /var/www/guozhi/App/Weichat/Controller/IndexController.class.php 第 29 行.
SQL: SHOW COLUMNS FROM `user` [ RunTime:0.0007s ]
SQL: SELECT * FROM `user` WHERE ( `wei_id`='oWeLOvqte1AhR3kTHWnNvP1YmgSo' )  [ RunTime:0.0001s ]
NOTIC: [8] Undefined offset: 0 /var/www/guozhi/App/Weichat/Controller/IndexController.class.php 第 34 行.
NOTIC: [8] Undefined property: stdClass::$openid /var/www/guozhi/App/Weichat/Controller/IndexController.class.php 第 40 行.

[ 2015-08-19T09:49:10+08:00 ] 124.65.167.50 /index.php/Weichat/index/jumpto/action/location?code=00171297273315507cd54f90cadbe8fT&state=123
INFO: [ app_init ] --START--
INFO: Run Behavior\BuildLiteBehavior [ RunTime:0.000026s ]
INFO: [ app_init ] --END-- [ RunTime:0.000170s ]
INFO: [ app_begin ] --START--
INFO: Run Behavior\ReadHtmlCacheBehavior [ RunTime:0.000065s ]
INFO: [ app_begin ] --END-- [ RunTime:0.000165s ]
NOTIC: [8] A session had already been started - ignoring session_start() /var/www/guozhi/App/Weichat/Controller/IndexController.class.php 第 29 行.
SQL: SHOW COLUMNS FROM `user` [ RunTime:0.0007s ]
SQL: SELECT * FROM `user` WHERE ( `wei_id`='oWeLOvqte1AhR3kTHWnNvP1YmgSo' )  [ RunTime:0.0001s ]
NOTIC: [8] Undefined offset: 0 /var/www/guozhi/App/Weichat/Controller/IndexController.class.php 第 34 行.
NOTIC: [8] Undefined property: stdClass::$openid /var/www/guozhi/App/Weichat/Controller/IndexController.class.php 第 40 行.

[ 2015-08-19T09:52:45+08:00 ] 222.128.72.210 /index.php/Weichat/index/jumpto/action/orders?code=011981450765b2bac788f57186ac34da&state=123
INFO: [ app_init ] --START--
INFO: Run Behavior\BuildLiteBehavior [ RunTime:0.000027s ]
INFO: [ app_init ] --END-- [ RunTime:0.000182s ]
INFO: [ app_begin ] --START--
INFO: Run Behavior\ReadHtmlCacheBehavior [ RunTime:0.000070s ]
INFO: [ app_begin ] --END-- [ RunTime:0.000172s ]
NOTIC: [8] A session had already been started - ignoring session_start() /var/www/guozhi/App/Weichat/Controller/IndexController.class.php 第 29 行.
SQL: SHOW COLUMNS FROM `user` [ RunTime:0.0007s ]
SQL: SELECT * FROM `user` WHERE ( `wei_id`='oWeLOvneJ6xRythTnGkX8vudDcVM' )  [ RunTime:0.0003s ]

[ 2015-08-19T13:24:35+08:00 ] 123.151.42.46 /index.php/Weichat/index/jumpto/action/orders?code=0212280053fd7e2581d468c505be5341&state=123
INFO: [ app_init ] --START--
INFO: Run Behavior\BuildLiteBehavior [ RunTime:0.000030s ]
INFO: [ app_init ] --END-- [ RunTime:0.000210s ]
INFO: [ app_begin ] --START--
INFO: Run Behavior\ReadHtmlCacheBehavior [ RunTime:0.000078s ]
INFO: [ app_begin ] --END-- [ RunTime:0.000186s ]
NOTIC: [8] A session had already been started - ignoring session_start() /var/www/guozhi/App/Weichat/Controller/IndexController.class.php 第 29 行.
SQL: SHOW COLUMNS FROM `user` [ RunTime:0.0007s ]
SQL: SELECT * FROM `user` WHERE ( `wei_id`='oWeLOvmrNmL4_D0dyClUzSdpusTg' )  [ RunTime:0.0003s ]

[ 2015-08-19T13:29:10+08:00 ] 123.151.42.46 /index.php/Weichat/index/jumpto/action/orders?code=0112945d307ea4479ae30a25815d691S&state=123
INFO: [ app_init ] --START--
INFO: Run Behavior\BuildLiteBehavior [ RunTime:0.000033s ]
INFO: [ app_init ] --END-- [ RunTime:0.000239s ]
INFO: [ app_begin ] --START--
INFO: Run Behavior\ReadHtmlCacheBehavior [ RunTime:0.000090s ]
INFO: [ app_begin ] --END-- [ RunTime:0.000207s ]
NOTIC: [8] A session had already been started - ignoring session_start() /var/www/guozhi/App/Weichat/Controller/IndexController.class.php 第 29 行.
SQL: SHOW COLUMNS FROM `user` [ RunTime:0.0007s ]
SQL: SELECT * FROM `user` WHERE ( `wei_id`='oWeLOvmrNmL4_D0dyClUzSdpusTg' )  [ RunTime:0.0003s ]

[ 2015-08-19T13:36:02+08:00 ] 111.161.57.163 /index.php/Weichat/index/jumpto/action/orders?code=011e1841fbb7e5b9a88e610407bae5ag&state=123
INFO: [ app_init ] --START--
INFO: Run Behavior\BuildLiteBehavior [ RunTime:0.000026s ]
INFO: [ app_init ] --END-- [ RunTime:0.000189s ]
INFO: [ app_begin ] --START--
INFO: Run Behavior\ReadHtmlCacheBehavior [ RunTime:0.000071s ]
INFO: [ app_begin ] --END-- [ RunTime:0.000171s ]
NOTIC: [8] A session had already been started - ignoring session_start() /var/www/guozhi/App/Weichat/Controller/IndexController.class.php 第 29 行.
SQL: SHOW COLUMNS FROM `user` [ RunTime:0.0007s ]
SQL: SELECT * FROM `user` WHERE ( `wei_id`='oWeLOvmrNmL4_D0dyClUzSdpusTg' )  [ RunTime:0.0001s ]

[ 2015-08-19T13:36:45+08:00 ] 123.151.42.46 /index.php/Weichat/index/jumpto/action/orders?code=021ec28184d32647504557b449f372cS&state=123
INFO: [ app_init ] --START--
INFO: Run Behavior\BuildLiteBehavior [ RunTime:0.000026s ]
INFO: [ app_init ] --END-- [ RunTime:0.000179s ]
INFO: [ app_begin ] --START--
INFO: Run Behavior\ReadHtmlCacheBehavior [ RunTime:0.000069s ]
INFO: [ app_begin ] --END-- [ RunTime:0.000170s ]
NOTIC: [8] A session had already been started - ignoring session_start() /var/www/guozhi/App/Weichat/Controller/IndexController.class.php 第 29 行.
SQL: SHOW COLUMNS FROM `user` [ RunTime:0.0007s ]
SQL: SELECT * FROM `user` WHERE ( `wei_id`='oWeLOvmrNmL4_D0dyClUzSdpusTg' )  [ RunTime:0.0001s ]

[ 2015-08-19T13:37:51+08:00 ] 123.151.42.46 /index.php/Weichat/index/jumpto/action/orders?code=0115929db3fa5d76a1e71d36ec82ab3S&state=123
INFO: [ app_init ] --START--
INFO: Run Behavior\BuildLiteBehavior [ RunTime:0.000026s ]
INFO: [ app_init ] --END-- [ RunTime:0.000183s ]
INFO: [ app_begin ] --START--
INFO: Run Behavior\ReadHtmlCacheBehavior [ RunTime:0.000072s ]
INFO: [ app_begin ] --END-- [ RunTime:0.000176s ]
NOTIC: [8] A session had already been started - ignoring session_start() /var/www/guozhi/App/Weichat/Controller/IndexController.class.php 第 29 行.
SQL: SHOW COLUMNS FROM `user` [ RunTime:0.0007s ]
SQL: SELECT * FROM `user` WHERE ( `wei_id`='oWeLOvmrNmL4_D0dyClUzSdpusTg' )  [ RunTime:0.0001s ]

[ 2015-08-19T13:37:51+08:00 ] 101.226.69.108 /index.php/Weichat/index/jumpto/action/orders
INFO: [ app_init ] --START--
INFO: Run Behavior\BuildLiteBehavior [ RunTime:0.000025s ]
INFO: [ app_init ] --END-- [ RunTime:0.000170s ]
INFO: [ app_begin ] --START--
INFO: Run Behavior\ReadHtmlCacheBehavior [ RunTime:0.000062s ]
INFO: [ app_begin ] --END-- [ RunTime:0.000162s ]
NOTIC: [8] A session had already been started - ignoring session_start() /var/www/guozhi/App/Weichat/Controller/IndexController.class.php 第 29 行.
NOTIC: [8] Undefined property: stdClass::$openid /var/www/guozhi/App/Weichat/Controller/IndexController.class.php 第 30 行.
SQL: SHOW COLUMNS FROM `user` [ RunTime:0.0007s ]
SQL: SELECT * FROM `user` WHERE ( `wei_id`='' )  [ RunTime:0.0004s ]
NOTIC: [8] Undefined offset: 0 /var/www/guozhi/App/Weichat/Controller/IndexController.class.php 第 34 行.
NOTIC: [8] Undefined property: stdClass::$access_token /var/www/guozhi/App/Weichat/Controller/IndexController.class.php 第 38 行.
NOTIC: [8] Undefined property: stdClass::$openid /var/www/guozhi/App/Weichat/Controller/IndexController.class.php 第 38 行.
NOTIC: [8] Undefined property: stdClass::$openid /var/www/guozhi/App/Weichat/Controller/IndexController.class.php 第 40 行.

[ 2015-08-19T13:45:49+08:00 ] 222.128.72.210 /index.php/Weichat/index/jumpto/action/location?code=021a5f83f8015544323e0910dd27ac2V&state=123
INFO: [ app_init ] --START--
INFO: Run Behavior\BuildLiteBehavior [ RunTime:0.000026s ]
INFO: [ app_init ] --END-- [ RunTime:0.000181s ]
INFO: [ app_begin ] --START--
INFO: Run Behavior\ReadHtmlCacheBehavior [ RunTime:0.000070s ]
INFO: [ app_begin ] --END-- [ RunTime:0.000172s ]
NOTIC: [8] A session had already been started - ignoring session_start() /var/www/guozhi/App/Weichat/Controller/IndexController.class.php 第 29 行.
SQL: SHOW COLUMNS FROM `user` [ RunTime:0.0007s ]
SQL: SELECT * FROM `user` WHERE ( `wei_id`='oWeLOvneJ6xRythTnGkX8vudDcVM' )  [ RunTime:0.0003s ]

[ 2015-08-19T13:55:12+08:00 ] 123.151.42.46 /index.php/Weichat/index/jumpto/action/orders?code=04130c9c8c94ede5c39ab10ea689614Y&state=123
INFO: [ app_init ] --START--
INFO: Run Behavior\BuildLiteBehavior [ RunTime:0.000027s ]
INFO: [ app_init ] --END-- [ RunTime:0.000182s ]
INFO: [ app_begin ] --START--
INFO: Run Behavior\ReadHtmlCacheBehavior [ RunTime:0.000072s ]
INFO: [ app_begin ] --END-- [ RunTime:0.000176s ]
NOTIC: [8] A session had already been started - ignoring session_start() /var/www/guozhi/App/Weichat/Controller/IndexController.class.php 第 29 行.
SQL: SHOW COLUMNS FROM `user` [ RunTime:0.0007s ]
SQL: SELECT * FROM `user` WHERE ( `wei_id`='oWeLOvmrNmL4_D0dyClUzSdpusTg' )  [ RunTime:0.0003s ]

[ 2015-08-19T14:01:56+08:00 ] 222.128.72.210 /index.php/Weichat/index/jumpto/action/location?code=0413d5d7e23c730d21f0e40d7225ad5i&state=123
INFO: [ app_init ] --START--
INFO: Run Behavior\BuildLiteBehavior [ RunTime:0.000026s ]
INFO: [ app_init ] --END-- [ RunTime:0.000183s ]
INFO: [ app_begin ] --START--
INFO: Run Behavior\ReadHtmlCacheBehavior [ RunTime:0.000071s ]
INFO: [ app_begin ] --END-- [ RunTime:0.000174s ]
NOTIC: [8] A session had already been started - ignoring session_start() /var/www/guozhi/App/Weichat/Controller/IndexController.class.php 第 29 行.
SQL: SHOW COLUMNS FROM `user` [ RunTime:0.0008s ]
SQL: SELECT * FROM `user` WHERE ( `wei_id`='oWeLOvneJ6xRythTnGkX8vudDcVM' )  [ RunTime:0.0003s ]

[ 2015-08-19T14:04:19+08:00 ] 123.151.42.46 /index.php/Weichat/index/jumpto/action/orders?code=041d24d8bb2a4dde4ca8d3815b56427t&state=123
INFO: [ app_init ] --START--
INFO: Run Behavior\BuildLiteBehavior [ RunTime:0.000026s ]
INFO: [ app_init ] --END-- [ RunTime:0.000180s ]
INFO: [ app_begin ] --START--
INFO: Run Behavior\ReadHtmlCacheBehavior [ RunTime:0.000072s ]
INFO: [ app_begin ] --END-- [ RunTime:0.000174s ]
NOTIC: [8] A session had already been started - ignoring session_start() /var/www/guozhi/App/Weichat/Controller/IndexController.class.php 第 29 行.
SQL: SHOW COLUMNS FROM `user` [ RunTime:0.0007s ]
SQL: SELECT * FROM `user` WHERE ( `wei_id`='oWeLOvmrNmL4_D0dyClUzSdpusTg' )  [ RunTime:0.0001s ]

[ 2015-08-19T14:15:18+08:00 ] 61.148.243.9 /index.php/Weichat/index/jumpto/action/location?code=001e16436ba70487bf39861d6ed886dT&state=123
INFO: [ app_init ] --START--
INFO: Run Behavior\BuildLiteBehavior [ RunTime:0.000026s ]
INFO: [ app_init ] --END-- [ RunTime:0.000181s ]
INFO: [ app_begin ] --START--
INFO: Run Behavior\ReadHtmlCacheBehavior [ RunTime:0.000071s ]
INFO: [ app_begin ] --END-- [ RunTime:0.000175s ]
NOTIC: [8] A session had already been started - ignoring session_start() /var/www/guozhi/App/Weichat/Controller/IndexController.class.php 第 29 行.
SQL: SHOW COLUMNS FROM `user` [ RunTime:0.0007s ]
SQL: SELECT * FROM `user` WHERE ( `wei_id`='oWeLOvlnQE9Fvd5LDklD5ydjkbE0' )  [ RunTime:0.0003s ]
NOTIC: [8] Undefined offset: 0 /var/www/guozhi/App/Weichat/Controller/IndexController.class.php 第 34 行.
NOTIC: [8] Undefined property: stdClass::$openid /var/www/guozhi/App/Weichat/Controller/IndexController.class.php 第 40 行.

[ 2015-08-19T14:16:40+08:00 ] 61.148.243.9 /index.php/Weichat/index/jumpto/action/location?code=001e398b615f6d645ebb5e703b2d38dz&state=123
INFO: [ app_init ] --START--
INFO: Run Behavior\BuildLiteBehavior [ RunTime:0.000027s ]
INFO: [ app_init ] --END-- [ RunTime:0.000180s ]
INFO: [ app_begin ] --START--
INFO: Run Behavior\ReadHtmlCacheBehavior [ RunTime:0.000070s ]
INFO: [ app_begin ] --END-- [ RunTime:0.000173s ]
NOTIC: [8] A session had already been started - ignoring session_start() /var/www/guozhi/App/Weichat/Controller/IndexController.class.php 第 29 行.
SQL: SHOW COLUMNS FROM `user` [ RunTime:0.0007s ]
SQL: SELECT * FROM `user` WHERE ( `wei_id`='oWeLOvlnQE9Fvd5LDklD5ydjkbE0' )  [ RunTime:0.0001s ]
NOTIC: [8] Undefined offset: 0 /var/www/guozhi/App/Weichat/Controller/IndexController.class.php 第 34 行.
NOTIC: [8] Undefined property: stdClass::$openid /var/www/guozhi/App/Weichat/Controller/IndexController.class.php 第 40 行.

[ 2015-08-19T14:16:58+08:00 ] 61.148.243.9 /index.php/Weichat/index/jumpto/action/location?code=011c610e535addb2388bd6cad7c5c87J&state=123
INFO: [ app_init ] --START--
INFO: Run Behavior\BuildLiteBehavior [ RunTime:0.000026s ]
INFO: [ app_init ] --END-- [ RunTime:0.000188s ]
INFO: [ app_begin ] --START--
INFO: Run Behavior\ReadHtmlCacheBehavior [ RunTime:0.000072s ]
INFO: [ app_begin ] --END-- [ RunTime:0.000172s ]
NOTIC: [8] A session had already been started - ignoring session_start() /var/www/guozhi/App/Weichat/Controller/IndexController.class.php 第 29 行.
SQL: SHOW COLUMNS FROM `user` [ RunTime:0.0007s ]
SQL: SELECT * FROM `user` WHERE ( `wei_id`='oWeLOvlnQE9Fvd5LDklD5ydjkbE0' )  [ RunTime:0.0001s ]
NOTIC: [8] Undefined offset: 0 /var/www/guozhi/App/Weichat/Controller/IndexController.class.php 第 34 行.
NOTIC: [8] Undefined property: stdClass::$openid /var/www/guozhi/App/Weichat/Controller/IndexController.class.php 第 40 行.

[ 2015-08-19T14:17:20+08:00 ] 124.126.204.201 /index.php/Weichat/index/jumpto/action/orders?code=041ee4d6844ee4a0e672f71177751d2O&state=123
INFO: [ app_init ] --START--
INFO: Run Behavior\BuildLiteBehavior [ RunTime:0.000027s ]
INFO: [ app_init ] --END-- [ RunTime:0.000182s ]
INFO: [ app_begin ] --START--
INFO: Run Behavior\ReadHtmlCacheBehavior [ RunTime:0.000073s ]
INFO: [ app_begin ] --END-- [ RunTime:0.000208s ]
NOTIC: [8] A session had already been started - ignoring session_start() /var/www/guozhi/App/Weichat/Controller/IndexController.class.php 第 29 行.
SQL: SHOW COLUMNS FROM `user` [ RunTime:0.0007s ]
SQL: SELECT * FROM `user` WHERE ( `wei_id`='oWeLOvlnQE9Fvd5LDklD5ydjkbE0' )  [ RunTime:0.0001s ]
NOTIC: [8] Undefined offset: 0 /var/www/guozhi/App/Weichat/Controller/IndexController.class.php 第 34 行.
NOTIC: [8] Undefined property: stdClass::$openid /var/www/guozhi/App/Weichat/Controller/IndexController.class.php 第 40 行.

[ 2015-08-19T14:35:14+08:00 ] 123.151.42.46 /index.php/Weichat/index/jumpto/action/orders?code=041b1e69c84da87da34448efd1ae5e1s&state=123
INFO: [ app_init ] --START--
INFO: Run Behavior\BuildLiteBehavior [ RunTime:0.000022s ]
INFO: [ app_init ] --END-- [ RunTime:0.000153s ]
INFO: [ app_begin ] --START--
INFO: Run Behavior\ReadHtmlCacheBehavior [ RunTime:0.000062s ]
INFO: [ app_begin ] --END-- [ RunTime:0.000163s ]
NOTIC: [8] A session had already been started - ignoring session_start() /var/www/guozhi/App/Weichat/Controller/IndexController.class.php 第 29 行.
SQL: SHOW COLUMNS FROM `user` [ RunTime:0.0007s ]
SQL: SELECT * FROM `user` WHERE ( `wei_id`='oWeLOvmrNmL4_D0dyClUzSdpusTg' )  [ RunTime:0.0001s ]

[ 2015-08-19T15:26:49+08:00 ] 123.151.12.154 /index.php/Weichat/index/jumpto/action/location?code=03120dc198aa01e4ce11da35e5ec0b3p&state=123
INFO: [ app_init ] --START--
INFO: Run Behavior\BuildLiteBehavior [ RunTime:0.000026s ]
INFO: [ app_init ] --END-- [ RunTime:0.000197s ]
INFO: [ app_begin ] --START--
INFO: Run Behavior\ReadHtmlCacheBehavior [ RunTime:0.000074s ]
INFO: [ app_begin ] --END-- [ RunTime:0.000191s ]
NOTIC: [8] A session had already been started - ignoring session_start() /var/www/guozhi/App/Weichat/Controller/IndexController.class.php 第 29 行.
SQL: SHOW COLUMNS FROM `user` [ RunTime:0.0007s ]
SQL: SELECT * FROM `user` WHERE ( `wei_id`='oWeLOvpYwMY14i2_eEJR_EsdxWP0' )  [ RunTime:0.0003s ]
NOTIC: [8] Undefined offset: 0 /var/www/guozhi/App/Weichat/Controller/IndexController.class.php 第 34 行.
NOTIC: [8] Undefined property: stdClass::$openid /var/www/guozhi/App/Weichat/Controller/IndexController.class.php 第 40 行.

[ 2015-08-19T15:27:56+08:00 ] 123.151.12.154 /index.php/Weichat/index/jumpto/action/location?code=00198eee7d93042c07b7466af970ea9n&state=123
INFO: [ app_init ] --START--
INFO: Run Behavior\BuildLiteBehavior [ RunTime:0.000026s ]
INFO: [ app_init ] --END-- [ RunTime:0.000191s ]
INFO: [ app_begin ] --START--
INFO: Run Behavior\ReadHtmlCacheBehavior [ RunTime:0.000071s ]
INFO: [ app_begin ] --END-- [ RunTime:0.000182s ]
NOTIC: [8] A session had already been started - ignoring session_start() /var/www/guozhi/App/Weichat/Controller/IndexController.class.php 第 29 行.
SQL: SHOW COLUMNS FROM `user` [ RunTime:0.0007s ]
SQL: SELECT * FROM `user` WHERE ( `wei_id`='oWeLOvpYwMY14i2_eEJR_EsdxWP0' )  [ RunTime:0.0001s ]
NOTIC: [8] Undefined offset: 0 /var/www/guozhi/App/Weichat/Controller/IndexController.class.php 第 34 行.
NOTIC: [8] Undefined property: stdClass::$openid /var/www/guozhi/App/Weichat/Controller/IndexController.class.php 第 40 行.

[ 2015-08-19T15:55:26+08:00 ] 220.181.132.217 /index.php/Weichat/index/jumpto/action/location?code=03120dc198aa01e4ce11da35e5ec0b3p&state=123
INFO: [ app_init ] --START--
INFO: Run Behavior\BuildLiteBehavior [ RunTime:0.000025s ]
INFO: [ app_init ] --END-- [ RunTime:0.000179s ]
INFO: [ app_begin ] --START--
INFO: Run Behavior\ReadHtmlCacheBehavior [ RunTime:0.000070s ]
INFO: [ app_begin ] --END-- [ RunTime:0.000174s ]
NOTIC: [8] A session had already been started - ignoring session_start() /var/www/guozhi/App/Weichat/Controller/IndexController.class.php 第 29 行.
NOTIC: [8] Undefined property: stdClass::$openid /var/www/guozhi/App/Weichat/Controller/IndexController.class.php 第 30 行.
SQL: SHOW COLUMNS FROM `user` [ RunTime:0.0007s ]
SQL: SELECT * FROM `user` WHERE ( `wei_id`='' )  [ RunTime:0.0003s ]
NOTIC: [8] Undefined offset: 0 /var/www/guozhi/App/Weichat/Controller/IndexController.class.php 第 34 行.
NOTIC: [8] Undefined property: stdClass::$access_token /var/www/guozhi/App/Weichat/Controller/IndexController.class.php 第 38 行.
NOTIC: [8] Undefined property: stdClass::$openid /var/www/guozhi/App/Weichat/Controller/IndexController.class.php 第 38 行.
NOTIC: [8] Undefined property: stdClass::$openid /var/www/guozhi/App/Weichat/Controller/IndexController.class.php 第 40 行.

[ 2015-08-19T15:57:28+08:00 ] 101.199.108.50 /index.php/Weichat/index/jumpto/action/location?code=03120dc198aa01e4ce11da35e5ec0b3p&state=123
INFO: [ app_init ] --START--
INFO: Run Behavior\BuildLiteBehavior [ RunTime:0.000033s ]
INFO: [ app_init ] --END-- [ RunTime:0.000240s ]
INFO: [ app_begin ] --START--
INFO: Run Behavior\ReadHtmlCacheBehavior [ RunTime:0.000090s ]
INFO: [ app_begin ] --END-- [ RunTime:0.000202s ]
NOTIC: [8] A session had already been started - ignoring session_start() /var/www/guozhi/App/Weichat/Controller/IndexController.class.php 第 29 行.
NOTIC: [8] Undefined property: stdClass::$openid /var/www/guozhi/App/Weichat/Controller/IndexController.class.php 第 30 行.
SQL: SHOW COLUMNS FROM `user` [ RunTime:0.0007s ]
SQL: SELECT * FROM `user` WHERE ( `wei_id`='' )  [ RunTime:0.0001s ]
NOTIC: [8] Undefined offset: 0 /var/www/guozhi/App/Weichat/Controller/IndexController.class.php 第 34 行.
NOTIC: [8] Undefined property: stdClass::$access_token /var/www/guozhi/App/Weichat/Controller/IndexController.class.php 第 38 行.
NOTIC: [8] Undefined property: stdClass::$openid /var/www/guozhi/App/Weichat/Controller/IndexController.class.php 第 38 行.
NOTIC: [8] Undefined property: stdClass::$openid /var/www/guozhi/App/Weichat/Controller/IndexController.class.php 第 40 行.

[ 2015-08-19T15:57:56+08:00 ] 220.181.132.217 /index.php/Weichat/index/jumpto/action/location?code=00198eee7d93042c07b7466af970ea9n&state=123
INFO: [ app_init ] --START--
INFO: Run Behavior\BuildLiteBehavior [ RunTime:0.000029s ]
INFO: [ app_init ] --END-- [ RunTime:0.000192s ]
INFO: [ app_begin ] --START--
INFO: Run Behavior\ReadHtmlCacheBehavior [ RunTime:0.000069s ]
INFO: [ app_begin ] --END-- [ RunTime:0.000182s ]
NOTIC: [8] A session had already been started - ignoring session_start() /var/www/guozhi/App/Weichat/Controller/IndexController.class.php 第 29 行.
NOTIC: [8] Undefined property: stdClass::$openid /var/www/guozhi/App/Weichat/Controller/IndexController.class.php 第 30 行.
SQL: SHOW COLUMNS FROM `user` [ RunTime:0.0010s ]
SQL: SELECT * FROM `user` WHERE ( `wei_id`='' )  [ RunTime:0.0001s ]
NOTIC: [8] Undefined offset: 0 /var/www/guozhi/App/Weichat/Controller/IndexController.class.php 第 34 行.
NOTIC: [8] Undefined property: stdClass::$access_token /var/www/guozhi/App/Weichat/Controller/IndexController.class.php 第 38 行.
NOTIC: [8] Undefined property: stdClass::$openid /var/www/guozhi/App/Weichat/Controller/IndexController.class.php 第 38 行.
NOTIC: [8] Undefined property: stdClass::$openid /var/www/guozhi/App/Weichat/Controller/IndexController.class.php 第 40 行.

[ 2015-08-19T15:58:34+08:00 ] 123.151.42.47 /index.php/Weichat/index/jumpto/action/location?code=0217b5c91d7694e39931c1f4f06bfc1e&state=123
INFO: [ app_init ] --START--
INFO: Run Behavior\BuildLiteBehavior [ RunTime:0.000031s ]
INFO: [ app_init ] --END-- [ RunTime:0.000223s ]
INFO: [ app_begin ] --START--
INFO: Run Behavior\ReadHtmlCacheBehavior [ RunTime:0.000072s ]
INFO: [ app_begin ] --END-- [ RunTime:0.000177s ]
NOTIC: [8] A session had already been started - ignoring session_start() /var/www/guozhi/App/Weichat/Controller/IndexController.class.php 第 29 行.
SQL: SHOW COLUMNS FROM `user` [ RunTime:0.0007s ]
SQL: SELECT * FROM `user` WHERE ( `wei_id`='oWeLOvkNelOzDcxyrpBFCE6x5TXI' )  [ RunTime:0.0003s ]
NOTIC: [8] Undefined offset: 0 /var/www/guozhi/App/Weichat/Controller/IndexController.class.php 第 34 行.
NOTIC: [8] Undefined property: stdClass::$openid /var/www/guozhi/App/Weichat/Controller/IndexController.class.php 第 40 行.

[ 2015-08-19T15:58:52+08:00 ] 123.151.42.47 /index.php/Weichat/index/jumpto/action/location?code=0414665b0f21490e769fc8e315609c45&state=123
INFO: [ app_init ] --START--
INFO: Run Behavior\BuildLiteBehavior [ RunTime:0.000026s ]
INFO: [ app_init ] --END-- [ RunTime:0.000181s ]
INFO: [ app_begin ] --START--
INFO: Run Behavior\ReadHtmlCacheBehavior [ RunTime:0.000069s ]
INFO: [ app_begin ] --END-- [ RunTime:0.000172s ]
NOTIC: [8] A session had already been started - ignoring session_start() /var/www/guozhi/App/Weichat/Controller/IndexController.class.php 第 29 行.
SQL: SHOW COLUMNS FROM `user` [ RunTime:0.0007s ]
SQL: SELECT * FROM `user` WHERE ( `wei_id`='oWeLOvkNelOzDcxyrpBFCE6x5TXI' )  [ RunTime:0.0001s ]
NOTIC: [8] Undefined offset: 0 /var/www/guozhi/App/Weichat/Controller/IndexController.class.php 第 34 行.
NOTIC: [8] Undefined property: stdClass::$openid /var/www/guozhi/App/Weichat/Controller/IndexController.class.php 第 40 行.

[ 2015-08-19T15:59:03+08:00 ] 123.151.42.47 /index.php/Weichat/index/jumpto/action/orders?code=0415bba8c358a6c3a64409041f2656cr&state=123
INFO: [ app_init ] --START--
INFO: Run Behavior\BuildLiteBehavior [ RunTime:0.000027s ]
INFO: [ app_init ] --END-- [ RunTime:0.000182s ]
INFO: [ app_begin ] --START--
INFO: Run Behavior\ReadHtmlCacheBehavior [ RunTime:0.000071s ]
INFO: [ app_begin ] --END-- [ RunTime:0.000173s ]
NOTIC: [8] A session had already been started - ignoring session_start() /var/www/guozhi/App/Weichat/Controller/IndexController.class.php 第 29 行.
SQL: SHOW COLUMNS FROM `user` [ RunTime:0.0007s ]
SQL: SELECT * FROM `user` WHERE ( `wei_id`='oWeLOvkNelOzDcxyrpBFCE6x5TXI' )  [ RunTime:0.0001s ]
NOTIC: [8] Undefined offset: 0 /var/www/guozhi/App/Weichat/Controller/IndexController.class.php 第 34 行.
NOTIC: [8] Undefined property: stdClass::$openid /var/www/guozhi/App/Weichat/Controller/IndexController.class.php 第 40 行.

[ 2015-08-19T16:10:09+08:00 ] 183.57.152.30 /index.php/Weichat/index/jumpto/action/location?code=00198eee7d93042c07b7466af970ea9n&state=123
INFO: [ app_init ] --START--
INFO: Run Behavior\BuildLiteBehavior [ RunTime:0.000026s ]
INFO: [ app_init ] --END-- [ RunTime:0.000182s ]
INFO: [ app_begin ] --START--
INFO: Run Behavior\ReadHtmlCacheBehavior [ RunTime:0.000070s ]
INFO: [ app_begin ] --END-- [ RunTime:0.000172s ]
NOTIC: [8] A session had already been started - ignoring session_start() /var/www/guozhi/App/Weichat/Controller/IndexController.class.php 第 29 行.
NOTIC: [8] Undefined property: stdClass::$openid /var/www/guozhi/App/Weichat/Controller/IndexController.class.php 第 30 行.
SQL: SHOW COLUMNS FROM `user` [ RunTime:0.0007s ]
SQL: SELECT * FROM `user` WHERE ( `wei_id`='' )  [ RunTime:0.0001s ]
NOTIC: [8] Undefined offset: 0 /var/www/guozhi/App/Weichat/Controller/IndexController.class.php 第 34 行.
NOTIC: [8] Undefined property: stdClass::$access_token /var/www/guozhi/App/Weichat/Controller/IndexController.class.php 第 38 行.
NOTIC: [8] Undefined property: stdClass::$openid /var/www/guozhi/App/Weichat/Controller/IndexController.class.php 第 38 行.
NOTIC: [8] Undefined property: stdClass::$openid /var/www/guozhi/App/Weichat/Controller/IndexController.class.php 第 40 行.

[ 2015-08-19T20:32:30+08:00 ] 123.151.42.46 /index.php/Weichat/index/jumpto/action/orders?code=041f4a383cb65d51106ace0b5c031cd2&state=123
INFO: [ app_init ] --START--
INFO: Run Behavior\BuildLiteBehavior [ RunTime:0.000023s ]
INFO: [ app_init ] --END-- [ RunTime:0.000153s ]
INFO: [ app_begin ] --START--
INFO: Run Behavior\ReadHtmlCacheBehavior [ RunTime:0.000062s ]
INFO: [ app_begin ] --END-- [ RunTime:0.000167s ]
NOTIC: [8] A session had already been started - ignoring session_start() /var/www/guozhi/App/Weichat/Controller/IndexController.class.php 第 29 行.
SQL: SHOW COLUMNS FROM `user` [ RunTime:0.0007s ]
SQL: SELECT * FROM `user` WHERE ( `wei_id`='oWeLOvmrNmL4_D0dyClUzSdpusTg' )  [ RunTime:0.0001s ]

[ 2015-08-19T20:35:07+08:00 ] 123.151.42.46 /index.php/Weichat/index/jumpto/action/orders?code=0212251944957707c76bb0d7f49f634z&state=123
INFO: [ app_init ] --START--
INFO: Run Behavior\BuildLiteBehavior [ RunTime:0.000025s ]
INFO: [ app_init ] --END-- [ RunTime:0.000170s ]
INFO: [ app_begin ] --START--
INFO: Run Behavior\ReadHtmlCacheBehavior [ RunTime:0.000065s ]
INFO: [ app_begin ] --END-- [ RunTime:0.000167s ]
NOTIC: [8] A session had already been started - ignoring session_start() /var/www/guozhi/App/Weichat/Controller/IndexController.class.php 第 29 行.
SQL: SHOW COLUMNS FROM `user` [ RunTime:0.0007s ]
SQL: SELECT * FROM `user` WHERE ( `wei_id`='oWeLOvmrNmL4_D0dyClUzSdpusTg' )  [ RunTime:0.0003s ]

[ 2015-08-19T20:37:31+08:00 ] 123.151.42.46 /index.php/Weichat/index/jumpto/action/orders?code=021630144133ce7f0745e14485ecc2aR&state=123
INFO: [ app_init ] --START--
INFO: Run Behavior\BuildLiteBehavior [ RunTime:0.000026s ]
INFO: [ app_init ] --END-- [ RunTime:0.000179s ]
INFO: [ app_begin ] --START--
INFO: Run Behavior\ReadHtmlCacheBehavior [ RunTime:0.000074s ]
INFO: [ app_begin ] --END-- [ RunTime:0.000207s ]
NOTIC: [8] A session had already been started - ignoring session_start() /var/www/guozhi/App/Weichat/Controller/IndexController.class.php 第 29 行.
SQL: SHOW COLUMNS FROM `user` [ RunTime:0.0007s ]
SQL: SELECT * FROM `user` WHERE ( `wei_id`='oWeLOvmrNmL4_D0dyClUzSdpusTg' )  [ RunTime:0.0001s ]

[ 2015-08-19T20:40:25+08:00 ] 123.151.42.46 /index.php/Weichat/index/jumpto/action/orders?code=02114d47bf83034b1ebee2d1c9359f2f&state=123
INFO: [ app_init ] --START--
INFO: Run Behavior\BuildLiteBehavior [ RunTime:0.000027s ]
INFO: [ app_init ] --END-- [ RunTime:0.000180s ]
INFO: [ app_begin ] --START--
INFO: Run Behavior\ReadHtmlCacheBehavior [ RunTime:0.000068s ]
INFO: [ app_begin ] --END-- [ RunTime:0.000170s ]
NOTIC: [8] A session had already been started - ignoring session_start() /var/www/guozhi/App/Weichat/Controller/IndexController.class.php 第 29 行.
SQL: SHOW COLUMNS FROM `user` [ RunTime:0.0007s ]
SQL: SELECT * FROM `user` WHERE ( `wei_id`='oWeLOvmrNmL4_D0dyClUzSdpusTg' )  [ RunTime:0.0001s ]

[ 2015-08-19T20:40:53+08:00 ] 123.151.42.46 /index.php/Weichat/index/jumpto/action/location?code=03150c47b506f2b87ce84b1adfa7de2H&state=123
INFO: [ app_init ] --START--
INFO: Run Behavior\BuildLiteBehavior [ RunTime:0.000025s ]
INFO: [ app_init ] --END-- [ RunTime:0.000178s ]
INFO: [ app_begin ] --START--
INFO: Run Behavior\ReadHtmlCacheBehavior [ RunTime:0.000068s ]
INFO: [ app_begin ] --END-- [ RunTime:0.000170s ]
NOTIC: [8] A session had already been started - ignoring session_start() /var/www/guozhi/App/Weichat/Controller/IndexController.class.php 第 29 行.
SQL: SHOW COLUMNS FROM `user` [ RunTime:0.0007s ]
SQL: SELECT * FROM `user` WHERE ( `wei_id`='oWeLOvmrNmL4_D0dyClUzSdpusTg' )  [ RunTime:0.0001s ]

[ 2015-08-19T20:44:17+08:00 ] 123.151.42.46 /index.php/Weichat/index/jumpto/action/orders?code=0111fc4bff86f8712a8383f1e0b0438e&state=123
INFO: [ app_init ] --START--
INFO: Run Behavior\BuildLiteBehavior [ RunTime:0.000027s ]
INFO: [ app_init ] --END-- [ RunTime:0.000185s ]
INFO: [ app_begin ] --START--
INFO: Run Behavior\ReadHtmlCacheBehavior [ RunTime:0.000073s ]
INFO: [ app_begin ] --END-- [ RunTime:0.000177s ]
NOTIC: [8] A session had already been started - ignoring session_start() /var/www/guozhi/App/Weichat/Controller/IndexController.class.php 第 29 行.
SQL: SHOW COLUMNS FROM `user` [ RunTime:0.0007s ]
SQL: SELECT * FROM `user` WHERE ( `wei_id`='oWeLOvmrNmL4_D0dyClUzSdpusTg' )  [ RunTime:0.0001s ]

[ 2015-08-19T21:00:54+08:00 ] 123.151.42.46 /index.php/Weichat/index/jumpto/action/orders?code=001883b97776c456c3e27c5f5d9f90cN&state=123
INFO: [ app_init ] --START--
INFO: Run Behavior\BuildLiteBehavior [ RunTime:0.000026s ]
INFO: [ app_init ] --END-- [ RunTime:0.000180s ]
INFO: [ app_begin ] --START--
INFO: Run Behavior\ReadHtmlCacheBehavior [ RunTime:0.000072s ]
INFO: [ app_begin ] --END-- [ RunTime:0.000176s ]
NOTIC: [8] A session had already been started - ignoring session_start() /var/www/guozhi/App/Weichat/Controller/IndexController.class.php 第 29 行.
SQL: SHOW COLUMNS FROM `user` [ RunTime:0.0007s ]
SQL: SELECT * FROM `user` WHERE ( `wei_id`='oWeLOvmrNmL4_D0dyClUzSdpusTg' )  [ RunTime:0.0001s ]

