[ 2015-08-22T01:09:29+08:00 ] 123.151.42.46 /index.php/fruit/index
INFO: [ app_init ] --START--
INFO: Run Behavior\BuildLiteBehavior [ RunTime:0.000026s ]
INFO: [ app_init ] --END-- [ RunTime:0.000187s ]
INFO: [ app_begin ] --START--
INFO: Run Behavior\ReadHtmlCacheBehavior [ RunTime:0.000072s ]
INFO: [ app_begin ] --END-- [ RunTime:0.000176s ]
NOTIC: [8] Undefined index: car /var/www/guozhi/App/Fruit/Controller/IndexController.class.php 第 57 行.
NOTIC: [8] Undefined index: car /var/www/guozhi/App/Fruit/Controller/IndexController.class.php 第 62 行.
NOTIC: [2] Invalid argument supplied for foreach() /var/www/guozhi/App/Fruit/Controller/IndexController.class.php 第 62 行.
SQL: SHOW COLUMNS FROM `fruit_type` [ RunTime:0.0006s ]
SQL: SELECT * FROM `fruit_type` ORDER BY `order` DESC  [ RunTime:0.0001s ]
SQL: SHOW COLUMNS FROM `fruit` [ RunTime:0.0008s ]
SQL: SELECT * FROM `fruit` WHERE ( `order`!=0 AND  `recommend`=1   ) ORDER BY `order` DESC  [ RunTime:0.0001s ]
INFO: [ view_parse ] --START--
INFO: [ template_filter ] --START--
INFO: Run Behavior\ContentReplaceBehavior [ RunTime:0.000065s ]
INFO: [ template_filter ] --END-- [ RunTime:0.000167s ]
INFO: Run Behavior\ParseTemplateBehavior [ RunTime:0.007202s ]
INFO: [ view_parse ] --END-- [ RunTime:0.007307s ]
INFO: [ view_filter ] --START--
INFO: Run Behavior\WriteHtmlCacheBehavior [ RunTime:0.000069s ]
INFO: [ view_filter ] --END-- [ RunTime:0.000165s ]
INFO: [ app_end ] --START--
INFO: Run Behavior\ShowPageTraceBehavior [ RunTime:0.000068s ]
INFO: [ app_end ] --END-- [ RunTime:0.000163s ]

[ 2015-08-22T01:09:48+08:00 ] 123.151.42.46 /index.php/Fruit/Index/index/type/2
INFO: [ app_init ] --START--
INFO: Run Behavior\BuildLiteBehavior [ RunTime:0.000032s ]
INFO: [ app_init ] --END-- [ RunTime:0.000194s ]
INFO: [ app_begin ] --START--
INFO: Run Behavior\ReadHtmlCacheBehavior [ RunTime:0.000081s ]
INFO: [ app_begin ] --END-- [ RunTime:0.000185s ]
NOTIC: [8] Undefined index: car /var/www/guozhi/App/Fruit/Controller/IndexController.class.php 第 57 行.
NOTIC: [8] Undefined index: car /var/www/guozhi/App/Fruit/Controller/IndexController.class.php 第 62 行.
NOTIC: [2] Invalid argument supplied for foreach() /var/www/guozhi/App/Fruit/Controller/IndexController.class.php 第 62 行.
SQL: SHOW COLUMNS FROM `fruit_type` [ RunTime:0.0007s ]
SQL: SELECT * FROM `fruit_type` ORDER BY `order` DESC  [ RunTime:0.0001s ]
SQL: SHOW COLUMNS FROM `fruit` [ RunTime:0.0007s ]
SQL: SELECT * FROM `fruit` WHERE ( `order`!=0 AND  `type_id`=2   ) ORDER BY `order` DESC  [ RunTime:0.0001s ]
INFO: [ view_parse ] --START--
INFO: [ template_filter ] --START--
INFO: Run Behavior\ContentReplaceBehavior [ RunTime:0.000074s ]
INFO: [ template_filter ] --END-- [ RunTime:0.000187s ]
INFO: Run Behavior\ParseTemplateBehavior [ RunTime:0.007420s ]
INFO: [ view_parse ] --END-- [ RunTime:0.007530s ]
INFO: [ view_filter ] --START--
INFO: Run Behavior\WriteHtmlCacheBehavior [ RunTime:0.000070s ]
INFO: [ view_filter ] --END-- [ RunTime:0.000175s ]
INFO: [ app_end ] --START--
INFO: Run Behavior\ShowPageTraceBehavior [ RunTime:0.000072s ]
INFO: [ app_end ] --END-- [ RunTime:0.000172s ]

[ 2015-08-22T01:10:06+08:00 ] 123.151.42.46 /index.php/Fruit/Index/index/type/1
INFO: [ app_init ] --START--
INFO: Run Behavior\BuildLiteBehavior [ RunTime:0.000032s ]
INFO: [ app_init ] --END-- [ RunTime:0.000242s ]
INFO: [ app_begin ] --START--
INFO: Run Behavior\ReadHtmlCacheBehavior [ RunTime:0.000123s ]
INFO: [ app_begin ] --END-- [ RunTime:0.000244s ]
NOTIC: [8] Undefined index: car /var/www/guozhi/App/Fruit/Controller/IndexController.class.php 第 57 行.
NOTIC: [8] Undefined index: car /var/www/guozhi/App/Fruit/Controller/IndexController.class.php 第 62 行.
NOTIC: [2] Invalid argument supplied for foreach() /var/www/guozhi/App/Fruit/Controller/IndexController.class.php 第 62 行.
SQL: SHOW COLUMNS FROM `fruit_type` [ RunTime:0.0006s ]
SQL: SELECT * FROM `fruit_type` ORDER BY `order` DESC  [ RunTime:0.0001s ]
SQL: SHOW COLUMNS FROM `fruit` [ RunTime:0.0008s ]
SQL: SELECT * FROM `fruit` WHERE ( `order`!=0 AND  `type_id`=1   ) ORDER BY `order` DESC  [ RunTime:0.0001s ]
INFO: [ view_parse ] --START--
INFO: [ template_filter ] --START--
INFO: Run Behavior\ContentReplaceBehavior [ RunTime:0.000070s ]
INFO: [ template_filter ] --END-- [ RunTime:0.000181s ]
INFO: Run Behavior\ParseTemplateBehavior [ RunTime:0.010528s ]
INFO: [ view_parse ] --END-- [ RunTime:0.010642s ]
INFO: [ view_filter ] --START--
INFO: Run Behavior\WriteHtmlCacheBehavior [ RunTime:0.000073s ]
INFO: [ view_filter ] --END-- [ RunTime:0.000166s ]
INFO: [ app_end ] --START--
INFO: Run Behavior\ShowPageTraceBehavior [ RunTime:0.000084s ]
INFO: [ app_end ] --END-- [ RunTime:0.000184s ]

[ 2015-08-22T01:10:07+08:00 ] 112.64.235.249 /index.php/Fruit/Index/index/type/1
INFO: [ app_init ] --START--
INFO: Run Behavior\BuildLiteBehavior [ RunTime:0.000026s ]
INFO: [ app_init ] --END-- [ RunTime:0.000195s ]
INFO: [ app_begin ] --START--
INFO: Run Behavior\ReadHtmlCacheBehavior [ RunTime:0.000064s ]
INFO: [ app_begin ] --END-- [ RunTime:0.000164s ]
NOTIC: [8] Undefined index: user /var/www/guozhi/App/Fruit/Controller/IndexController.class.php 第 44 行.
NOTIC: [8] Undefined index: hasJumped /var/www/guozhi/App/Fruit/Controller/IndexController.class.php 第 44 行.
NOTIC: [8] Undefined index: carnum /var/www/guozhi/App/Fruit/Controller/IndexController.class.php 第 56 行.
NOTIC: [8] Undefined index: car /var/www/guozhi/App/Fruit/Controller/IndexController.class.php 第 57 行.
NOTIC: [8] Undefined index: car /var/www/guozhi/App/Fruit/Controller/IndexController.class.php 第 62 行.
NOTIC: [2] Invalid argument supplied for foreach() /var/www/guozhi/App/Fruit/Controller/IndexController.class.php 第 62 行.
SQL: SHOW COLUMNS FROM `fruit_type` [ RunTime:0.0006s ]
SQL: SELECT * FROM `fruit_type` ORDER BY `order` DESC  [ RunTime:0.0001s ]
SQL: SHOW COLUMNS FROM `fruit` [ RunTime:0.0008s ]
SQL: SELECT * FROM `fruit` WHERE ( `order`!=0 AND  `type_id`=1   ) ORDER BY `order` DESC  [ RunTime:0.0001s ]
INFO: [ view_parse ] --START--
INFO: [ template_filter ] --START--
INFO: Run Behavior\ContentReplaceBehavior [ RunTime:0.000110s ]
INFO: [ template_filter ] --END-- [ RunTime:0.000228s ]
INFO: Run Behavior\ParseTemplateBehavior [ RunTime:0.008332s ]
INFO: [ view_parse ] --END-- [ RunTime:0.008442s ]
INFO: [ view_filter ] --START--
INFO: Run Behavior\WriteHtmlCacheBehavior [ RunTime:0.000070s ]
INFO: [ view_filter ] --END-- [ RunTime:0.000165s ]
INFO: [ app_end ] --START--
INFO: Run Behavior\ShowPageTraceBehavior [ RunTime:0.000076s ]
INFO: [ app_end ] --END-- [ RunTime:0.000172s ]

[ 2015-08-22T20:51:10+08:00 ] 117.143.68.146 /index.php/Fruit/Index/index/type/2?from=singlemessage&isappinstalled=0
INFO: [ app_init ] --START--
INFO: Run Behavior\BuildLiteBehavior [ RunTime:0.000025s ]
INFO: [ app_init ] --END-- [ RunTime:0.000182s ]
INFO: [ app_begin ] --START--
INFO: Run Behavior\ReadHtmlCacheBehavior [ RunTime:0.000071s ]
INFO: [ app_begin ] --END-- [ RunTime:0.000174s ]
NOTIC: [8] Undefined index: user /var/www/guozhi/App/Fruit/Controller/IndexController.class.php 第 44 行.
NOTIC: [8] Undefined index: hasJumped /var/www/guozhi/App/Fruit/Controller/IndexController.class.php 第 44 行.
NOTIC: [8] Undefined index: carnum /var/www/guozhi/App/Fruit/Controller/IndexController.class.php 第 56 行.
NOTIC: [8] Undefined index: car /var/www/guozhi/App/Fruit/Controller/IndexController.class.php 第 57 行.
NOTIC: [8] Undefined index: car /var/www/guozhi/App/Fruit/Controller/IndexController.class.php 第 62 行.
NOTIC: [2] Invalid argument supplied for foreach() /var/www/guozhi/App/Fruit/Controller/IndexController.class.php 第 62 行.
SQL: SHOW COLUMNS FROM `fruit_type` [ RunTime:0.0006s ]
SQL: SELECT * FROM `fruit_type` ORDER BY `order` DESC  [ RunTime:0.0001s ]
SQL: SHOW COLUMNS FROM `fruit` [ RunTime:0.0008s ]
SQL: SELECT * FROM `fruit` WHERE ( `order`!=0 AND  `type_id`=2   ) ORDER BY `order` DESC  [ RunTime:0.0001s ]
INFO: [ view_parse ] --START--
INFO: [ template_filter ] --START--
INFO: Run Behavior\ContentReplaceBehavior [ RunTime:0.000068s ]
INFO: [ template_filter ] --END-- [ RunTime:0.000184s ]
INFO: Run Behavior\ParseTemplateBehavior [ RunTime:0.008030s ]
INFO: [ view_parse ] --END-- [ RunTime:0.008155s ]
INFO: [ view_filter ] --START--
INFO: Run Behavior\WriteHtmlCacheBehavior [ RunTime:0.000073s ]
INFO: [ view_filter ] --END-- [ RunTime:0.000168s ]
INFO: [ app_end ] --START--
INFO: Run Behavior\ShowPageTraceBehavior [ RunTime:0.000085s ]
INFO: [ app_end ] --END-- [ RunTime:0.000184s ]

[ 2015-08-22T20:51:19+08:00 ] 117.143.68.146 /index.php/Fruit/Index/mycar
INFO: [ app_init ] --START--
INFO: Run Behavior\BuildLiteBehavior [ RunTime:0.000025s ]
INFO: [ app_init ] --END-- [ RunTime:0.000187s ]
INFO: [ app_begin ] --START--
INFO: Run Behavior\ReadHtmlCacheBehavior [ RunTime:0.000071s ]
INFO: [ app_begin ] --END-- [ RunTime:0.000158s ]
NOTIC: [8] Undefined index: user /var/www/guozhi/App/Fruit/Controller/IndexController.class.php 第 44 行.
NOTIC: [8] Undefined index: car /var/www/guozhi/App/Fruit/Controller/IndexController.class.php 第 57 行.
NOTIC: [8] Undefined index: car /var/www/guozhi/App/Fruit/Controller/IndexController.class.php 第 62 行.
NOTIC: [2] Invalid argument supplied for foreach() /var/www/guozhi/App/Fruit/Controller/IndexController.class.php 第 62 行.
SQL: SHOW COLUMNS FROM `fruit` [ RunTime:0.0010s ]
NOTIC: [8] Undefined index: car /var/www/guozhi/App/Fruit/Controller/IndexController.class.php 第 237 行.
NOTIC: [2] Invalid argument supplied for foreach() /var/www/guozhi/App/Fruit/Controller/IndexController.class.php 第 237 行.
NOTIC: [8] Undefined index: car /var/www/guozhi/App/Fruit/Controller/IndexController.class.php 第 248 行.
NOTIC: [2] Invalid argument supplied for foreach() /var/www/guozhi/App/Fruit/Controller/IndexController.class.php 第 248 行.
SQL: SHOW COLUMNS FROM `fruit_addinfo` [ RunTime:0.0004s ]
NOTIC: [8] Undefined index: car /var/www/guozhi/App/Fruit/Controller/IndexController.class.php 第 265 行.
NOTIC: [2] Invalid argument supplied for foreach() /var/www/guozhi/App/Fruit/Controller/IndexController.class.php 第 265 行.
INFO: [ view_parse ] --START--
INFO: [ template_filter ] --START--
INFO: Run Behavior\ContentReplaceBehavior [ RunTime:0.000068s ]
INFO: [ template_filter ] --END-- [ RunTime:0.000167s ]
INFO: Run Behavior\ParseTemplateBehavior [ RunTime:0.006825s ]
INFO: [ view_parse ] --END-- [ RunTime:0.006913s ]
INFO: [ view_filter ] --START--
INFO: Run Behavior\WriteHtmlCacheBehavior [ RunTime:0.000082s ]
INFO: [ view_filter ] --END-- [ RunTime:0.000161s ]
INFO: [ app_end ] --START--
INFO: Run Behavior\ShowPageTraceBehavior [ RunTime:0.000060s ]
INFO: [ app_end ] --END-- [ RunTime:0.000140s ]

[ 2015-08-22T20:51:59+08:00 ] 117.143.68.146 /index.php/Fruit/Index/index/type/4
INFO: [ app_init ] --START--
INFO: Run Behavior\BuildLiteBehavior [ RunTime:0.000026s ]
INFO: [ app_init ] --END-- [ RunTime:0.000181s ]
INFO: [ app_begin ] --START--
INFO: Run Behavior\ReadHtmlCacheBehavior [ RunTime:0.000070s ]
INFO: [ app_begin ] --END-- [ RunTime:0.000171s ]
NOTIC: [8] Undefined index: user /var/www/guozhi/App/Fruit/Controller/IndexController.class.php 第 44 行.
NOTIC: [8] Undefined index: car /var/www/guozhi/App/Fruit/Controller/IndexController.class.php 第 57 行.
NOTIC: [8] Undefined index: car /var/www/guozhi/App/Fruit/Controller/IndexController.class.php 第 62 行.
NOTIC: [2] Invalid argument supplied for foreach() /var/www/guozhi/App/Fruit/Controller/IndexController.class.php 第 62 行.
SQL: SHOW COLUMNS FROM `fruit_type` [ RunTime:0.0006s ]
SQL: SELECT * FROM `fruit_type` ORDER BY `order` DESC  [ RunTime:0.0001s ]
SQL: SHOW COLUMNS FROM `fruit` [ RunTime:0.0008s ]
SQL: SELECT * FROM `fruit` WHERE ( `order`!=0 AND  `type_id`=4   ) ORDER BY `order` DESC  [ RunTime:0.0001s ]
INFO: [ view_parse ] --START--
INFO: [ template_filter ] --START--
INFO: Run Behavior\ContentReplaceBehavior [ RunTime:0.000066s ]
INFO: [ template_filter ] --END-- [ RunTime:0.000185s ]
INFO: Run Behavior\ParseTemplateBehavior [ RunTime:0.007203s ]
INFO: [ view_parse ] --END-- [ RunTime:0.007310s ]
INFO: [ view_filter ] --START--
INFO: Run Behavior\WriteHtmlCacheBehavior [ RunTime:0.000068s ]
INFO: [ view_filter ] --END-- [ RunTime:0.000161s ]
INFO: [ app_end ] --START--
INFO: Run Behavior\ShowPageTraceBehavior [ RunTime:0.000068s ]
INFO: [ app_end ] --END-- [ RunTime:0.000163s ]

[ 2015-08-22T20:52:14+08:00 ] 117.143.68.146 /index.php/Fruit/Index/index/type/2
INFO: [ app_init ] --START--
INFO: Run Behavior\BuildLiteBehavior [ RunTime:0.000033s ]
INFO: [ app_init ] --END-- [ RunTime:0.000238s ]
INFO: [ app_begin ] --START--
INFO: Run Behavior\ReadHtmlCacheBehavior [ RunTime:0.000086s ]
INFO: [ app_begin ] --END-- [ RunTime:0.000200s ]
NOTIC: [8] Undefined index: user /var/www/guozhi/App/Fruit/Controller/IndexController.class.php 第 44 行.
NOTIC: [8] Undefined index: car /var/www/guozhi/App/Fruit/Controller/IndexController.class.php 第 57 行.
NOTIC: [8] Undefined index: car /var/www/guozhi/App/Fruit/Controller/IndexController.class.php 第 62 行.
NOTIC: [2] Invalid argument supplied for foreach() /var/www/guozhi/App/Fruit/Controller/IndexController.class.php 第 62 行.
SQL: SHOW COLUMNS FROM `fruit_type` [ RunTime:0.0006s ]
SQL: SELECT * FROM `fruit_type` ORDER BY `order` DESC  [ RunTime:0.0001s ]
SQL: SHOW COLUMNS FROM `fruit` [ RunTime:0.0007s ]
SQL: SELECT * FROM `fruit` WHERE ( `order`!=0 AND  `type_id`=2   ) ORDER BY `order` DESC  [ RunTime:0.0001s ]
INFO: [ view_parse ] --START--
INFO: [ template_filter ] --START--
INFO: Run Behavior\ContentReplaceBehavior [ RunTime:0.000069s ]
INFO: [ template_filter ] --END-- [ RunTime:0.000182s ]
INFO: Run Behavior\ParseTemplateBehavior [ RunTime:0.007975s ]
INFO: [ view_parse ] --END-- [ RunTime:0.008085s ]
INFO: [ view_filter ] --START--
INFO: Run Behavior\WriteHtmlCacheBehavior [ RunTime:0.000074s ]
INFO: [ view_filter ] --END-- [ RunTime:0.000172s ]
INFO: [ app_end ] --START--
INFO: Run Behavior\ShowPageTraceBehavior [ RunTime:0.000085s ]
INFO: [ app_end ] --END-- [ RunTime:0.000185s ]

[ 2015-08-22T20:52:52+08:00 ] 117.143.68.146 /index.php/Fruit/Index
INFO: [ app_init ] --START--
INFO: Run Behavior\BuildLiteBehavior [ RunTime:0.000034s ]
INFO: [ app_init ] --END-- [ RunTime:0.000197s ]
INFO: [ app_begin ] --START--
INFO: Run Behavior\ReadHtmlCacheBehavior [ RunTime:0.000076s ]
INFO: [ app_begin ] --END-- [ RunTime:0.000206s ]
NOTIC: [8] Undefined index: user /var/www/guozhi/App/Fruit/Controller/IndexController.class.php 第 44 行.
NOTIC: [8] Undefined index: car /var/www/guozhi/App/Fruit/Controller/IndexController.class.php 第 57 行.
NOTIC: [8] Undefined index: car /var/www/guozhi/App/Fruit/Controller/IndexController.class.php 第 62 行.
NOTIC: [2] Invalid argument supplied for foreach() /var/www/guozhi/App/Fruit/Controller/IndexController.class.php 第 62 行.
SQL: SHOW COLUMNS FROM `fruit_type` [ RunTime:0.0007s ]
SQL: SELECT * FROM `fruit_type` ORDER BY `order` DESC  [ RunTime:0.0001s ]
SQL: SHOW COLUMNS FROM `fruit` [ RunTime:0.0008s ]
SQL: SELECT * FROM `fruit` WHERE ( `order`!=0 AND  `recommend`=1   ) ORDER BY `order` DESC  [ RunTime:0.0002s ]
INFO: [ view_parse ] --START--
INFO: [ template_filter ] --START--
INFO: Run Behavior\ContentReplaceBehavior [ RunTime:0.000070s ]
INFO: [ template_filter ] --END-- [ RunTime:0.000179s ]
INFO: Run Behavior\ParseTemplateBehavior [ RunTime:0.008084s ]
INFO: [ view_parse ] --END-- [ RunTime:0.008195s ]
INFO: [ view_filter ] --START--
INFO: Run Behavior\WriteHtmlCacheBehavior [ RunTime:0.000074s ]
INFO: [ view_filter ] --END-- [ RunTime:0.000167s ]
INFO: [ app_end ] --START--
INFO: Run Behavior\ShowPageTraceBehavior [ RunTime:0.000081s ]
INFO: [ app_end ] --END-- [ RunTime:0.000176s ]

[ 2015-08-22T20:52:52+08:00 ] 117.143.68.146 /index.php/Fruit/Index/index/type/2
INFO: [ app_init ] --START--
INFO: Run Behavior\BuildLiteBehavior [ RunTime:0.000026s ]
INFO: [ app_init ] --END-- [ RunTime:0.000171s ]
INFO: [ app_begin ] --START--
INFO: Run Behavior\ReadHtmlCacheBehavior [ RunTime:0.000064s ]
INFO: [ app_begin ] --END-- [ RunTime:0.000166s ]
NOTIC: [8] Undefined index: user /var/www/guozhi/App/Fruit/Controller/IndexController.class.php 第 44 行.
NOTIC: [8] Undefined index: car /var/www/guozhi/App/Fruit/Controller/IndexController.class.php 第 57 行.
NOTIC: [8] Undefined index: car /var/www/guozhi/App/Fruit/Controller/IndexController.class.php 第 62 行.
NOTIC: [2] Invalid argument supplied for foreach() /var/www/guozhi/App/Fruit/Controller/IndexController.class.php 第 62 行.
SQL: SHOW COLUMNS FROM `fruit_type` [ RunTime:0.0006s ]
SQL: SELECT * FROM `fruit_type` ORDER BY `order` DESC  [ RunTime:0.0001s ]
SQL: SHOW COLUMNS FROM `fruit` [ RunTime:0.0008s ]
SQL: SELECT * FROM `fruit` WHERE ( `order`!=0 AND  `type_id`=2   ) ORDER BY `order` DESC  [ RunTime:0.0001s ]
INFO: [ view_parse ] --START--
INFO: [ template_filter ] --START--
INFO: Run Behavior\ContentReplaceBehavior [ RunTime:0.000070s ]
INFO: [ template_filter ] --END-- [ RunTime:0.000199s ]
INFO: Run Behavior\ParseTemplateBehavior [ RunTime:0.008404s ]
INFO: [ view_parse ] --END-- [ RunTime:0.008515s ]
INFO: [ view_filter ] --START--
INFO: Run Behavior\WriteHtmlCacheBehavior [ RunTime:0.000068s ]
INFO: [ view_filter ] --END-- [ RunTime:0.000163s ]
INFO: [ app_end ] --START--
INFO: Run Behavior\ShowPageTraceBehavior [ RunTime:0.000077s ]
INFO: [ app_end ] --END-- [ RunTime:0.000176s ]

[ 2015-08-22T20:52:58+08:00 ] 117.143.68.146 /index.php/Fruit/Index
INFO: [ app_init ] --START--
INFO: Run Behavior\BuildLiteBehavior [ RunTime:0.000026s ]
INFO: [ app_init ] --END-- [ RunTime:0.000179s ]
INFO: [ app_begin ] --START--
INFO: Run Behavior\ReadHtmlCacheBehavior [ RunTime:0.000071s ]
INFO: [ app_begin ] --END-- [ RunTime:0.000173s ]
NOTIC: [8] Undefined index: user /var/www/guozhi/App/Fruit/Controller/IndexController.class.php 第 44 行.
NOTIC: [8] Undefined index: car /var/www/guozhi/App/Fruit/Controller/IndexController.class.php 第 57 行.
NOTIC: [8] Undefined index: car /var/www/guozhi/App/Fruit/Controller/IndexController.class.php 第 62 行.
NOTIC: [2] Invalid argument supplied for foreach() /var/www/guozhi/App/Fruit/Controller/IndexController.class.php 第 62 行.
SQL: SHOW COLUMNS FROM `fruit_type` [ RunTime:0.0007s ]
SQL: SELECT * FROM `fruit_type` ORDER BY `order` DESC  [ RunTime:0.0001s ]
SQL: SHOW COLUMNS FROM `fruit` [ RunTime:0.0008s ]
SQL: SELECT * FROM `fruit` WHERE ( `order`!=0 AND  `recommend`=1   ) ORDER BY `order` DESC  [ RunTime:0.0001s ]
INFO: [ view_parse ] --START--
INFO: [ template_filter ] --START--
INFO: Run Behavior\ContentReplaceBehavior [ RunTime:0.000072s ]
INFO: [ template_filter ] --END-- [ RunTime:0.000176s ]
INFO: Run Behavior\ParseTemplateBehavior [ RunTime:0.007433s ]
INFO: [ view_parse ] --END-- [ RunTime:0.007542s ]
INFO: [ view_filter ] --START--
INFO: Run Behavior\WriteHtmlCacheBehavior [ RunTime:0.000082s ]
INFO: [ view_filter ] --END-- [ RunTime:0.000177s ]
INFO: [ app_end ] --START--
INFO: Run Behavior\ShowPageTraceBehavior [ RunTime:0.000071s ]
INFO: [ app_end ] --END-- [ RunTime:0.000167s ]

[ 2015-08-22T20:53:00+08:00 ] 117.143.68.146 /index.php/Fruit/Index/index/type/2
INFO: [ app_init ] --START--
INFO: Run Behavior\BuildLiteBehavior [ RunTime:0.000025s ]
INFO: [ app_init ] --END-- [ RunTime:0.000170s ]
INFO: [ app_begin ] --START--
INFO: Run Behavior\ReadHtmlCacheBehavior [ RunTime:0.000065s ]
INFO: [ app_begin ] --END-- [ RunTime:0.000166s ]
NOTIC: [8] Undefined index: user /var/www/guozhi/App/Fruit/Controller/IndexController.class.php 第 44 行.
NOTIC: [8] Undefined index: car /var/www/guozhi/App/Fruit/Controller/IndexController.class.php 第 57 行.
NOTIC: [8] Undefined index: car /var/www/guozhi/App/Fruit/Controller/IndexController.class.php 第 62 行.
NOTIC: [2] Invalid argument supplied for foreach() /var/www/guozhi/App/Fruit/Controller/IndexController.class.php 第 62 行.
SQL: SHOW COLUMNS FROM `fruit_type` [ RunTime:0.0007s ]
SQL: SELECT * FROM `fruit_type` ORDER BY `order` DESC  [ RunTime:0.0001s ]
SQL: SHOW COLUMNS FROM `fruit` [ RunTime:0.0007s ]
SQL: SELECT * FROM `fruit` WHERE ( `order`!=0 AND  `type_id`=2   ) ORDER BY `order` DESC  [ RunTime:0.0001s ]
INFO: [ view_parse ] --START--
INFO: [ template_filter ] --START--
INFO: Run Behavior\ContentReplaceBehavior [ RunTime:0.000069s ]
INFO: [ template_filter ] --END-- [ RunTime:0.000175s ]
INFO: Run Behavior\ParseTemplateBehavior [ RunTime:0.007357s ]
INFO: [ view_parse ] --END-- [ RunTime:0.007466s ]
INFO: [ view_filter ] --START--
INFO: Run Behavior\WriteHtmlCacheBehavior [ RunTime:0.000062s ]
INFO: [ view_filter ] --END-- [ RunTime:0.000156s ]
INFO: [ app_end ] --START--
INFO: Run Behavior\ShowPageTraceBehavior [ RunTime:0.000064s ]
INFO: [ app_end ] --END-- [ RunTime:0.000164s ]

[ 2015-08-22T20:53:51+08:00 ] 123.151.42.46 /index.php/fruit/index
INFO: [ app_init ] --START--
INFO: Run Behavior\BuildLiteBehavior [ RunTime:0.000026s ]
INFO: [ app_init ] --END-- [ RunTime:0.000183s ]
INFO: [ app_begin ] --START--
INFO: Run Behavior\ReadHtmlCacheBehavior [ RunTime:0.000072s ]
INFO: [ app_begin ] --END-- [ RunTime:0.000175s ]
NOTIC: [8] Undefined index: car /var/www/guozhi/App/Fruit/Controller/IndexController.class.php 第 57 行.
NOTIC: [8] Undefined index: car /var/www/guozhi/App/Fruit/Controller/IndexController.class.php 第 62 行.
NOTIC: [2] Invalid argument supplied for foreach() /var/www/guozhi/App/Fruit/Controller/IndexController.class.php 第 62 行.
SQL: SHOW COLUMNS FROM `fruit_type` [ RunTime:0.0006s ]
SQL: SELECT * FROM `fruit_type` ORDER BY `order` DESC  [ RunTime:0.0001s ]
SQL: SHOW COLUMNS FROM `fruit` [ RunTime:0.0007s ]
SQL: SELECT * FROM `fruit` WHERE ( `order`!=0 AND  `recommend`=1   ) ORDER BY `order` DESC  [ RunTime:0.0001s ]
INFO: [ view_parse ] --START--
INFO: [ template_filter ] --START--
INFO: Run Behavior\ContentReplaceBehavior [ RunTime:0.000078s ]
INFO: [ template_filter ] --END-- [ RunTime:0.000214s ]
INFO: Run Behavior\ParseTemplateBehavior [ RunTime:0.007624s ]
INFO: [ view_parse ] --END-- [ RunTime:0.007731s ]
INFO: [ view_filter ] --START--
INFO: Run Behavior\WriteHtmlCacheBehavior [ RunTime:0.000080s ]
INFO: [ view_filter ] --END-- [ RunTime:0.000176s ]
INFO: [ app_end ] --START--
INFO: Run Behavior\ShowPageTraceBehavior [ RunTime:0.000070s ]
INFO: [ app_end ] --END-- [ RunTime:0.000166s ]

[ 2015-08-22T20:53:54+08:00 ] 123.151.42.46 /index.php/Fruit/Index/index/type/2
INFO: [ app_init ] --START--
INFO: Run Behavior\BuildLiteBehavior [ RunTime:0.000026s ]
INFO: [ app_init ] --END-- [ RunTime:0.000179s ]
INFO: [ app_begin ] --START--
INFO: Run Behavior\ReadHtmlCacheBehavior [ RunTime:0.000070s ]
INFO: [ app_begin ] --END-- [ RunTime:0.000171s ]
NOTIC: [8] Undefined index: car /var/www/guozhi/App/Fruit/Controller/IndexController.class.php 第 57 行.
NOTIC: [8] Undefined index: car /var/www/guozhi/App/Fruit/Controller/IndexController.class.php 第 62 行.
NOTIC: [2] Invalid argument supplied for foreach() /var/www/guozhi/App/Fruit/Controller/IndexController.class.php 第 62 行.
SQL: SHOW COLUMNS FROM `fruit_type` [ RunTime:0.0025s ]
SQL: SELECT * FROM `fruit_type` ORDER BY `order` DESC  [ RunTime:0.0001s ]
SQL: SHOW COLUMNS FROM `fruit` [ RunTime:0.0009s ]
SQL: SELECT * FROM `fruit` WHERE ( `order`!=0 AND  `type_id`=2   ) ORDER BY `order` DESC  [ RunTime:0.0001s ]
INFO: [ view_parse ] --START--
INFO: [ template_filter ] --START--
INFO: Run Behavior\ContentReplaceBehavior [ RunTime:0.000067s ]
INFO: [ template_filter ] --END-- [ RunTime:0.000170s ]
INFO: Run Behavior\ParseTemplateBehavior [ RunTime:0.007234s ]
INFO: [ view_parse ] --END-- [ RunTime:0.007343s ]
INFO: [ view_filter ] --START--
INFO: Run Behavior\WriteHtmlCacheBehavior [ RunTime:0.000070s ]
INFO: [ view_filter ] --END-- [ RunTime:0.000164s ]
INFO: [ app_end ] --START--
INFO: Run Behavior\ShowPageTraceBehavior [ RunTime:0.000087s ]
INFO: [ app_end ] --END-- [ RunTime:0.000186s ]

[ 2015-08-22T20:54:15+08:00 ] 123.151.42.46 /index.php/Fruit/Index/index/type/1
INFO: [ app_init ] --START--
INFO: Run Behavior\BuildLiteBehavior [ RunTime:0.000026s ]
INFO: [ app_init ] --END-- [ RunTime:0.000213s ]
INFO: [ app_begin ] --START--
INFO: Run Behavior\ReadHtmlCacheBehavior [ RunTime:0.000098s ]
INFO: [ app_begin ] --END-- [ RunTime:0.000206s ]
NOTIC: [8] Undefined index: car /var/www/guozhi/App/Fruit/Controller/IndexController.class.php 第 57 行.
NOTIC: [8] Undefined index: car /var/www/guozhi/App/Fruit/Controller/IndexController.class.php 第 62 行.
NOTIC: [2] Invalid argument supplied for foreach() /var/www/guozhi/App/Fruit/Controller/IndexController.class.php 第 62 行.
SQL: SHOW COLUMNS FROM `fruit_type` [ RunTime:0.0006s ]
SQL: SELECT * FROM `fruit_type` ORDER BY `order` DESC  [ RunTime:0.0001s ]
SQL: SHOW COLUMNS FROM `fruit` [ RunTime:0.0010s ]
SQL: SELECT * FROM `fruit` WHERE ( `order`!=0 AND  `type_id`=1   ) ORDER BY `order` DESC  [ RunTime:0.0001s ]
INFO: [ view_parse ] --START--
INFO: [ template_filter ] --START--
INFO: Run Behavior\ContentReplaceBehavior [ RunTime:0.000069s ]
INFO: [ template_filter ] --END-- [ RunTime:0.000179s ]
INFO: Run Behavior\ParseTemplateBehavior [ RunTime:0.007323s ]
INFO: [ view_parse ] --END-- [ RunTime:0.007436s ]
INFO: [ view_filter ] --START--
INFO: Run Behavior\WriteHtmlCacheBehavior [ RunTime:0.000068s ]
INFO: [ view_filter ] --END-- [ RunTime:0.000162s ]
INFO: [ app_end ] --START--
INFO: Run Behavior\ShowPageTraceBehavior [ RunTime:0.000068s ]
INFO: [ app_end ] --END-- [ RunTime:0.000165s ]

[ 2015-08-22T20:54:17+08:00 ] 123.151.42.46 /index.php/Fruit/Index/index/type/2
INFO: [ app_init ] --START--
INFO: Run Behavior\BuildLiteBehavior [ RunTime:0.000033s ]
INFO: [ app_init ] --END-- [ RunTime:0.000255s ]
INFO: [ app_begin ] --START--
INFO: Run Behavior\ReadHtmlCacheBehavior [ RunTime:0.000080s ]
INFO: [ app_begin ] --END-- [ RunTime:0.000247s ]
NOTIC: [8] Undefined index: car /var/www/guozhi/App/Fruit/Controller/IndexController.class.php 第 57 行.
NOTIC: [8] Undefined index: car /var/www/guozhi/App/Fruit/Controller/IndexController.class.php 第 62 行.
NOTIC: [2] Invalid argument supplied for foreach() /var/www/guozhi/App/Fruit/Controller/IndexController.class.php 第 62 行.
SQL: SHOW COLUMNS FROM `fruit_type` [ RunTime:0.0006s ]
SQL: SELECT * FROM `fruit_type` ORDER BY `order` DESC  [ RunTime:0.0001s ]
SQL: SHOW COLUMNS FROM `fruit` [ RunTime:0.0008s ]
SQL: SELECT * FROM `fruit` WHERE ( `order`!=0 AND  `type_id`=2   ) ORDER BY `order` DESC  [ RunTime:0.0001s ]
INFO: [ view_parse ] --START--
INFO: [ template_filter ] --START--
INFO: Run Behavior\ContentReplaceBehavior [ RunTime:0.000176s ]
INFO: [ template_filter ] --END-- [ RunTime:0.000335s ]
INFO: Run Behavior\ParseTemplateBehavior [ RunTime:0.008517s ]
INFO: [ view_parse ] --END-- [ RunTime:0.008633s ]
INFO: [ view_filter ] --START--
INFO: Run Behavior\WriteHtmlCacheBehavior [ RunTime:0.000084s ]
INFO: [ view_filter ] --END-- [ RunTime:0.000193s ]
INFO: [ app_end ] --START--
INFO: Run Behavior\ShowPageTraceBehavior [ RunTime:0.000080s ]
INFO: [ app_end ] --END-- [ RunTime:0.000180s ]

[ 2015-08-22T20:54:20+08:00 ] 123.151.42.46 /index.php/Fruit/Index
INFO: [ app_init ] --START--
INFO: Run Behavior\BuildLiteBehavior [ RunTime:0.000027s ]
INFO: [ app_init ] --END-- [ RunTime:0.000181s ]
INFO: [ app_begin ] --START--
INFO: Run Behavior\ReadHtmlCacheBehavior [ RunTime:0.000068s ]
INFO: [ app_begin ] --END-- [ RunTime:0.000171s ]
NOTIC: [8] Undefined index: car /var/www/guozhi/App/Fruit/Controller/IndexController.class.php 第 57 行.
NOTIC: [8] Undefined index: car /var/www/guozhi/App/Fruit/Controller/IndexController.class.php 第 62 行.
NOTIC: [2] Invalid argument supplied for foreach() /var/www/guozhi/App/Fruit/Controller/IndexController.class.php 第 62 行.
SQL: SHOW COLUMNS FROM `fruit_type` [ RunTime:0.0025s ]
SQL: SELECT * FROM `fruit_type` ORDER BY `order` DESC  [ RunTime:0.0001s ]
SQL: SHOW COLUMNS FROM `fruit` [ RunTime:0.0008s ]
SQL: SELECT * FROM `fruit` WHERE ( `order`!=0 AND  `recommend`=1   ) ORDER BY `order` DESC  [ RunTime:0.0001s ]
INFO: [ view_parse ] --START--
INFO: [ template_filter ] --START--
INFO: Run Behavior\ContentReplaceBehavior [ RunTime:0.000087s ]
INFO: [ template_filter ] --END-- [ RunTime:0.000193s ]
INFO: Run Behavior\ParseTemplateBehavior [ RunTime:0.007465s ]
INFO: [ view_parse ] --END-- [ RunTime:0.007571s ]
INFO: [ view_filter ] --START--
INFO: Run Behavior\WriteHtmlCacheBehavior [ RunTime:0.000067s ]
INFO: [ view_filter ] --END-- [ RunTime:0.000161s ]
INFO: [ app_end ] --START--
INFO: Run Behavior\ShowPageTraceBehavior [ RunTime:0.000066s ]
INFO: [ app_end ] --END-- [ RunTime:0.000160s ]

[ 2015-08-22T20:54:25+08:00 ] 123.151.42.46 /index.php/Fruit/Index/index/type/2
INFO: [ app_init ] --START--
INFO: Run Behavior\BuildLiteBehavior [ RunTime:0.000033s ]
INFO: [ app_init ] --END-- [ RunTime:0.000258s ]
INFO: [ app_begin ] --START--
INFO: Run Behavior\ReadHtmlCacheBehavior [ RunTime:0.000088s ]
INFO: [ app_begin ] --END-- [ RunTime:0.000208s ]
NOTIC: [8] Undefined index: car /var/www/guozhi/App/Fruit/Controller/IndexController.class.php 第 57 行.
NOTIC: [8] Undefined index: car /var/www/guozhi/App/Fruit/Controller/IndexController.class.php 第 62 行.
NOTIC: [2] Invalid argument supplied for foreach() /var/www/guozhi/App/Fruit/Controller/IndexController.class.php 第 62 行.
SQL: SHOW COLUMNS FROM `fruit_type` [ RunTime:0.0007s ]
SQL: SELECT * FROM `fruit_type` ORDER BY `order` DESC  [ RunTime:0.0001s ]
SQL: SHOW COLUMNS FROM `fruit` [ RunTime:0.0007s ]
SQL: SELECT * FROM `fruit` WHERE ( `order`!=0 AND  `type_id`=2   ) ORDER BY `order` DESC  [ RunTime:0.0001s ]
INFO: [ view_parse ] --START--
INFO: [ template_filter ] --START--
INFO: Run Behavior\ContentReplaceBehavior [ RunTime:0.000075s ]
INFO: [ template_filter ] --END-- [ RunTime:0.000249s ]
INFO: Run Behavior\ParseTemplateBehavior [ RunTime:0.008163s ]
INFO: [ view_parse ] --END-- [ RunTime:0.008282s ]
INFO: [ view_filter ] --START--
INFO: Run Behavior\WriteHtmlCacheBehavior [ RunTime:0.000075s ]
INFO: [ view_filter ] --END-- [ RunTime:0.000170s ]
INFO: [ app_end ] --START--
INFO: Run Behavior\ShowPageTraceBehavior [ RunTime:0.000103s ]
INFO: [ app_end ] --END-- [ RunTime:0.000203s ]

[ 2015-08-22T20:57:13+08:00 ] 123.151.42.46 /index.php/Fruit/Index
INFO: [ app_init ] --START--
INFO: Run Behavior\BuildLiteBehavior [ RunTime:0.000027s ]
INFO: [ app_init ] --END-- [ RunTime:0.000174s ]
INFO: [ app_begin ] --START--
INFO: Run Behavior\ReadHtmlCacheBehavior [ RunTime:0.000065s ]
INFO: [ app_begin ] --END-- [ RunTime:0.000168s ]
NOTIC: [8] Undefined index: car /var/www/guozhi/App/Fruit/Controller/IndexController.class.php 第 57 行.
NOTIC: [8] Undefined index: car /var/www/guozhi/App/Fruit/Controller/IndexController.class.php 第 62 行.
NOTIC: [2] Invalid argument supplied for foreach() /var/www/guozhi/App/Fruit/Controller/IndexController.class.php 第 62 行.
SQL: SHOW COLUMNS FROM `fruit_type` [ RunTime:0.0024s ]
SQL: SELECT * FROM `fruit_type` ORDER BY `order` DESC  [ RunTime:0.0001s ]
SQL: SHOW COLUMNS FROM `fruit` [ RunTime:0.0007s ]
SQL: SELECT * FROM `fruit` WHERE ( `order`!=0 AND  `recommend`=1   ) ORDER BY `order` DESC  [ RunTime:0.0003s ]
INFO: [ view_parse ] --START--
INFO: [ template_filter ] --START--
INFO: Run Behavior\ContentReplaceBehavior [ RunTime:0.000068s ]
INFO: [ template_filter ] --END-- [ RunTime:0.000202s ]
INFO: Run Behavior\ParseTemplateBehavior [ RunTime:0.007058s ]
INFO: [ view_parse ] --END-- [ RunTime:0.007164s ]
INFO: [ view_filter ] --START--
INFO: Run Behavior\WriteHtmlCacheBehavior [ RunTime:0.000060s ]
INFO: [ view_filter ] --END-- [ RunTime:0.000153s ]
INFO: [ app_end ] --START--
INFO: Run Behavior\ShowPageTraceBehavior [ RunTime:0.000061s ]
INFO: [ app_end ] --END-- [ RunTime:0.000155s ]

[ 2015-08-22T20:57:15+08:00 ] 123.151.42.46 /index.php/Fruit/Index/index/type/2
INFO: [ app_init ] --START--
INFO: Run Behavior\BuildLiteBehavior [ RunTime:0.000027s ]
INFO: [ app_init ] --END-- [ RunTime:0.000192s ]
INFO: [ app_begin ] --START--
INFO: Run Behavior\ReadHtmlCacheBehavior [ RunTime:0.000078s ]
INFO: [ app_begin ] --END-- [ RunTime:0.000186s ]
NOTIC: [8] Undefined index: car /var/www/guozhi/App/Fruit/Controller/IndexController.class.php 第 57 行.
NOTIC: [8] Undefined index: car /var/www/guozhi/App/Fruit/Controller/IndexController.class.php 第 62 行.
NOTIC: [2] Invalid argument supplied for foreach() /var/www/guozhi/App/Fruit/Controller/IndexController.class.php 第 62 行.
SQL: SHOW COLUMNS FROM `fruit_type` [ RunTime:0.0007s ]
SQL: SELECT * FROM `fruit_type` ORDER BY `order` DESC  [ RunTime:0.0001s ]
SQL: SHOW COLUMNS FROM `fruit` [ RunTime:0.0008s ]
SQL: SELECT * FROM `fruit` WHERE ( `order`!=0 AND  `type_id`=2   ) ORDER BY `order` DESC  [ RunTime:0.0004s ]
INFO: [ view_parse ] --START--
INFO: [ template_filter ] --START--
INFO: Run Behavior\ContentReplaceBehavior [ RunTime:0.000065s ]
INFO: [ template_filter ] --END-- [ RunTime:0.000168s ]
INFO: Run Behavior\ParseTemplateBehavior [ RunTime:0.007270s ]
INFO: [ view_parse ] --END-- [ RunTime:0.007377s ]
INFO: [ view_filter ] --START--
INFO: Run Behavior\WriteHtmlCacheBehavior [ RunTime:0.000070s ]
INFO: [ view_filter ] --END-- [ RunTime:0.000164s ]
INFO: [ app_end ] --START--
INFO: Run Behavior\ShowPageTraceBehavior [ RunTime:0.000073s ]
INFO: [ app_end ] --END-- [ RunTime:0.000172s ]

[ 2015-08-22T20:57:35+08:00 ] 123.151.42.46 /index.php/Fruit/Index/mycar
INFO: [ app_init ] --START--
INFO: Run Behavior\BuildLiteBehavior [ RunTime:0.000026s ]
INFO: [ app_init ] --END-- [ RunTime:0.000181s ]
INFO: [ app_begin ] --START--
INFO: Run Behavior\ReadHtmlCacheBehavior [ RunTime:0.000074s ]
INFO: [ app_begin ] --END-- [ RunTime:0.000161s ]
NOTIC: [8] Undefined index: car /var/www/guozhi/App/Fruit/Controller/IndexController.class.php 第 57 行.
NOTIC: [8] Undefined index: car /var/www/guozhi/App/Fruit/Controller/IndexController.class.php 第 62 行.
NOTIC: [2] Invalid argument supplied for foreach() /var/www/guozhi/App/Fruit/Controller/IndexController.class.php 第 62 行.
SQL: SHOW COLUMNS FROM `fruit` [ RunTime:0.0010s ]
NOTIC: [8] Undefined index: car /var/www/guozhi/App/Fruit/Controller/IndexController.class.php 第 237 行.
NOTIC: [2] Invalid argument supplied for foreach() /var/www/guozhi/App/Fruit/Controller/IndexController.class.php 第 237 行.
NOTIC: [8] Undefined index: car /var/www/guozhi/App/Fruit/Controller/IndexController.class.php 第 248 行.
NOTIC: [2] Invalid argument supplied for foreach() /var/www/guozhi/App/Fruit/Controller/IndexController.class.php 第 248 行.
SQL: SHOW COLUMNS FROM `fruit_addinfo` [ RunTime:0.0004s ]
NOTIC: [8] Undefined index: car /var/www/guozhi/App/Fruit/Controller/IndexController.class.php 第 265 行.
NOTIC: [2] Invalid argument supplied for foreach() /var/www/guozhi/App/Fruit/Controller/IndexController.class.php 第 265 行.
INFO: [ view_parse ] --START--
INFO: [ template_filter ] --START--
INFO: Run Behavior\ContentReplaceBehavior [ RunTime:0.000067s ]
INFO: [ template_filter ] --END-- [ RunTime:0.000152s ]
INFO: Run Behavior\ParseTemplateBehavior [ RunTime:0.006649s ]
INFO: [ view_parse ] --END-- [ RunTime:0.006738s ]
INFO: [ view_filter ] --START--
INFO: Run Behavior\WriteHtmlCacheBehavior [ RunTime:0.000068s ]
INFO: [ view_filter ] --END-- [ RunTime:0.000146s ]
INFO: [ app_end ] --START--
INFO: Run Behavior\ShowPageTraceBehavior [ RunTime:0.000058s ]
INFO: [ app_end ] --END-- [ RunTime:0.000138s ]

[ 2015-08-22T20:57:38+08:00 ] 123.151.42.46 /index.php/Fruit/Index/mycar
INFO: [ app_init ] --START--
INFO: Run Behavior\BuildLiteBehavior [ RunTime:0.000025s ]
INFO: [ app_init ] --END-- [ RunTime:0.000188s ]
INFO: [ app_begin ] --START--
INFO: Run Behavior\ReadHtmlCacheBehavior [ RunTime:0.000069s ]
INFO: [ app_begin ] --END-- [ RunTime:0.000156s ]
NOTIC: [8] Undefined index: car /var/www/guozhi/App/Fruit/Controller/IndexController.class.php 第 57 行.
NOTIC: [8] Undefined index: car /var/www/guozhi/App/Fruit/Controller/IndexController.class.php 第 62 行.
NOTIC: [2] Invalid argument supplied for foreach() /var/www/guozhi/App/Fruit/Controller/IndexController.class.php 第 62 行.
SQL: SHOW COLUMNS FROM `fruit` [ RunTime:0.0010s ]
NOTIC: [8] Undefined index: car /var/www/guozhi/App/Fruit/Controller/IndexController.class.php 第 237 行.
NOTIC: [2] Invalid argument supplied for foreach() /var/www/guozhi/App/Fruit/Controller/IndexController.class.php 第 237 行.
NOTIC: [8] Undefined index: car /var/www/guozhi/App/Fruit/Controller/IndexController.class.php 第 248 行.
NOTIC: [2] Invalid argument supplied for foreach() /var/www/guozhi/App/Fruit/Controller/IndexController.class.php 第 248 行.
SQL: SHOW COLUMNS FROM `fruit_addinfo` [ RunTime:0.0004s ]
NOTIC: [8] Undefined index: car /var/www/guozhi/App/Fruit/Controller/IndexController.class.php 第 265 行.
NOTIC: [2] Invalid argument supplied for foreach() /var/www/guozhi/App/Fruit/Controller/IndexController.class.php 第 265 行.
INFO: [ view_parse ] --START--
INFO: [ template_filter ] --START--
INFO: Run Behavior\ContentReplaceBehavior [ RunTime:0.000099s ]
INFO: [ template_filter ] --END-- [ RunTime:0.000190s ]
INFO: Run Behavior\ParseTemplateBehavior [ RunTime:0.006868s ]
INFO: [ view_parse ] --END-- [ RunTime:0.006968s ]
INFO: [ view_filter ] --START--
INFO: Run Behavior\WriteHtmlCacheBehavior [ RunTime:0.000066s ]
INFO: [ view_filter ] --END-- [ RunTime:0.000145s ]
INFO: [ app_end ] --START--
INFO: Run Behavior\ShowPageTraceBehavior [ RunTime:0.000057s ]
INFO: [ app_end ] --END-- [ RunTime:0.000136s ]

[ 2015-08-22T20:58:38+08:00 ] 123.151.42.46 /index.php/fruit/index
INFO: [ app_init ] --START--
INFO: Run Behavior\BuildLiteBehavior [ RunTime:0.000032s ]
INFO: [ app_init ] --END-- [ RunTime:0.000240s ]
INFO: [ app_begin ] --START--
INFO: Run Behavior\ReadHtmlCacheBehavior [ RunTime:0.000088s ]
INFO: [ app_begin ] --END-- [ RunTime:0.000198s ]
NOTIC: [8] Undefined index: car /var/www/guozhi/App/Fruit/Controller/IndexController.class.php 第 57 行.
NOTIC: [8] Undefined index: car /var/www/guozhi/App/Fruit/Controller/IndexController.class.php 第 62 行.
NOTIC: [2] Invalid argument supplied for foreach() /var/www/guozhi/App/Fruit/Controller/IndexController.class.php 第 62 行.
SQL: SHOW COLUMNS FROM `fruit_type` [ RunTime:0.0006s ]
SQL: SELECT * FROM `fruit_type` ORDER BY `order` DESC  [ RunTime:0.0001s ]
SQL: SHOW COLUMNS FROM `fruit` [ RunTime:0.0008s ]
SQL: SELECT * FROM `fruit` WHERE ( `order`!=0 AND  `recommend`=1   ) ORDER BY `order` DESC  [ RunTime:0.0001s ]
INFO: [ view_parse ] --START--
INFO: [ template_filter ] --START--
INFO: Run Behavior\ContentReplaceBehavior [ RunTime:0.000070s ]
INFO: [ template_filter ] --END-- [ RunTime:0.000182s ]
INFO: Run Behavior\ParseTemplateBehavior [ RunTime:0.007958s ]
INFO: [ view_parse ] --END-- [ RunTime:0.008070s ]
INFO: [ view_filter ] --START--
INFO: Run Behavior\WriteHtmlCacheBehavior [ RunTime:0.000072s ]
INFO: [ view_filter ] --END-- [ RunTime:0.000167s ]
INFO: [ app_end ] --START--
INFO: Run Behavior\ShowPageTraceBehavior [ RunTime:0.000081s ]
INFO: [ app_end ] --END-- [ RunTime:0.000191s ]

[ 2015-08-22T20:58:45+08:00 ] 123.151.42.46 /index.php/Fruit/Index/index/type/2
INFO: [ app_init ] --START--
INFO: Run Behavior\BuildLiteBehavior [ RunTime:0.000026s ]
INFO: [ app_init ] --END-- [ RunTime:0.000180s ]
INFO: [ app_begin ] --START--
INFO: Run Behavior\ReadHtmlCacheBehavior [ RunTime:0.000070s ]
INFO: [ app_begin ] --END-- [ RunTime:0.000172s ]
NOTIC: [8] Undefined index: car /var/www/guozhi/App/Fruit/Controller/IndexController.class.php 第 57 行.
NOTIC: [8] Undefined index: car /var/www/guozhi/App/Fruit/Controller/IndexController.class.php 第 62 行.
NOTIC: [2] Invalid argument supplied for foreach() /var/www/guozhi/App/Fruit/Controller/IndexController.class.php 第 62 行.
SQL: SHOW COLUMNS FROM `fruit_type` [ RunTime:0.0007s ]
SQL: SELECT * FROM `fruit_type` ORDER BY `order` DESC  [ RunTime:0.0001s ]
SQL: SHOW COLUMNS FROM `fruit` [ RunTime:0.0007s ]
SQL: SELECT * FROM `fruit` WHERE ( `order`!=0 AND  `type_id`=2   ) ORDER BY `order` DESC  [ RunTime:0.0001s ]
INFO: [ view_parse ] --START--
INFO: [ template_filter ] --START--
INFO: Run Behavior\ContentReplaceBehavior [ RunTime:0.000067s ]
INFO: [ template_filter ] --END-- [ RunTime:0.000186s ]
INFO: Run Behavior\ParseTemplateBehavior [ RunTime:0.007412s ]
INFO: [ view_parse ] --END-- [ RunTime:0.007520s ]
INFO: [ view_filter ] --START--
INFO: Run Behavior\WriteHtmlCacheBehavior [ RunTime:0.000069s ]
INFO: [ view_filter ] --END-- [ RunTime:0.000163s ]
INFO: [ app_end ] --START--
INFO: Run Behavior\ShowPageTraceBehavior [ RunTime:0.000070s ]
INFO: [ app_end ] --END-- [ RunTime:0.000170s ]

[ 2015-08-22T20:58:52+08:00 ] 123.151.42.46 /index.php/Fruit/Index/index/type/1
INFO: [ app_init ] --START--
INFO: Run Behavior\BuildLiteBehavior [ RunTime:0.000027s ]
INFO: [ app_init ] --END-- [ RunTime:0.000184s ]
INFO: [ app_begin ] --START--
INFO: Run Behavior\ReadHtmlCacheBehavior [ RunTime:0.000070s ]
INFO: [ app_begin ] --END-- [ RunTime:0.000209s ]
NOTIC: [8] Undefined index: car /var/www/guozhi/App/Fruit/Controller/IndexController.class.php 第 57 行.
NOTIC: [8] Undefined index: car /var/www/guozhi/App/Fruit/Controller/IndexController.class.php 第 62 行.
NOTIC: [2] Invalid argument supplied for foreach() /var/www/guozhi/App/Fruit/Controller/IndexController.class.php 第 62 行.
SQL: SHOW COLUMNS FROM `fruit_type` [ RunTime:0.0006s ]
SQL: SELECT * FROM `fruit_type` ORDER BY `order` DESC  [ RunTime:0.0001s ]
SQL: SHOW COLUMNS FROM `fruit` [ RunTime:0.0008s ]
SQL: SELECT * FROM `fruit` WHERE ( `order`!=0 AND  `type_id`=1   ) ORDER BY `order` DESC  [ RunTime:0.0004s ]
INFO: [ view_parse ] --START--
INFO: [ template_filter ] --START--
INFO: Run Behavior\ContentReplaceBehavior [ RunTime:0.000113s ]
INFO: [ template_filter ] --END-- [ RunTime:0.000302s ]
INFO: Run Behavior\ParseTemplateBehavior [ RunTime:0.009004s ]
INFO: [ view_parse ] --END-- [ RunTime:0.009111s ]
INFO: [ view_filter ] --START--
INFO: Run Behavior\WriteHtmlCacheBehavior [ RunTime:0.000069s ]
INFO: [ view_filter ] --END-- [ RunTime:0.000163s ]
INFO: [ app_end ] --START--
INFO: Run Behavior\ShowPageTraceBehavior [ RunTime:0.000070s ]
INFO: [ app_end ] --END-- [ RunTime:0.000169s ]

[ 2015-08-22T20:59:58+08:00 ] 123.151.42.46 /index.php/fruit/index
INFO: [ app_init ] --START--
INFO: Run Behavior\BuildLiteBehavior [ RunTime:0.000025s ]
INFO: [ app_init ] --END-- [ RunTime:0.000181s ]
INFO: [ app_begin ] --START--
INFO: Run Behavior\ReadHtmlCacheBehavior [ RunTime:0.000071s ]
INFO: [ app_begin ] --END-- [ RunTime:0.000172s ]
NOTIC: [8] Undefined index: car /var/www/guozhi/App/Fruit/Controller/IndexController.class.php 第 57 行.
NOTIC: [8] Undefined index: car /var/www/guozhi/App/Fruit/Controller/IndexController.class.php 第 62 行.
NOTIC: [2] Invalid argument supplied for foreach() /var/www/guozhi/App/Fruit/Controller/IndexController.class.php 第 62 行.
SQL: SHOW COLUMNS FROM `fruit_type` [ RunTime:0.0007s ]
SQL: SELECT * FROM `fruit_type` ORDER BY `order` DESC  [ RunTime:0.0001s ]
SQL: SHOW COLUMNS FROM `fruit` [ RunTime:0.0007s ]
SQL: SELECT * FROM `fruit` WHERE ( `order`!=0 AND  `recommend`=1   ) ORDER BY `order` DESC  [ RunTime:0.0001s ]
INFO: [ view_parse ] --START--
INFO: [ template_filter ] --START--
INFO: Run Behavior\ContentReplaceBehavior [ RunTime:0.000072s ]
INFO: [ template_filter ] --END-- [ RunTime:0.000175s ]
INFO: Run Behavior\ParseTemplateBehavior [ RunTime:0.007897s ]
INFO: [ view_parse ] --END-- [ RunTime:0.008004s ]
INFO: [ view_filter ] --START--
INFO: Run Behavior\WriteHtmlCacheBehavior [ RunTime:0.000076s ]
INFO: [ view_filter ] --END-- [ RunTime:0.000193s ]
INFO: [ app_end ] --START--
INFO: Run Behavior\ShowPageTraceBehavior [ RunTime:0.000082s ]
INFO: [ app_end ] --END-- [ RunTime:0.000178s ]

[ 2015-08-22T21:00:07+08:00 ] 180.153.206.23 /index.php/fruit/index
INFO: [ app_init ] --START--
INFO: Run Behavior\BuildLiteBehavior [ RunTime:0.000025s ]
INFO: [ app_init ] --END-- [ RunTime:0.000179s ]
INFO: [ app_begin ] --START--
INFO: Run Behavior\ReadHtmlCacheBehavior [ RunTime:0.000071s ]
INFO: [ app_begin ] --END-- [ RunTime:0.000205s ]
NOTIC: [8] Undefined index: user /var/www/guozhi/App/Fruit/Controller/IndexController.class.php 第 44 行.
NOTIC: [8] Undefined index: hasJumped /var/www/guozhi/App/Fruit/Controller/IndexController.class.php 第 44 行.
NOTIC: [8] Undefined index: carnum /var/www/guozhi/App/Fruit/Controller/IndexController.class.php 第 56 行.
NOTIC: [8] Undefined index: car /var/www/guozhi/App/Fruit/Controller/IndexController.class.php 第 57 行.
NOTIC: [8] Undefined index: car /var/www/guozhi/App/Fruit/Controller/IndexController.class.php 第 62 行.
NOTIC: [2] Invalid argument supplied for foreach() /var/www/guozhi/App/Fruit/Controller/IndexController.class.php 第 62 行.
SQL: SHOW COLUMNS FROM `fruit_type` [ RunTime:0.0006s ]
SQL: SELECT * FROM `fruit_type` ORDER BY `order` DESC  [ RunTime:0.0001s ]
SQL: SHOW COLUMNS FROM `fruit` [ RunTime:0.0007s ]
SQL: SELECT * FROM `fruit` WHERE ( `order`!=0 AND  `recommend`=1   ) ORDER BY `order` DESC  [ RunTime:0.0001s ]
INFO: [ view_parse ] --START--
INFO: [ template_filter ] --START--
INFO: Run Behavior\ContentReplaceBehavior [ RunTime:0.000066s ]
INFO: [ template_filter ] --END-- [ RunTime:0.000169s ]
INFO: Run Behavior\ParseTemplateBehavior [ RunTime:0.007217s ]
INFO: [ view_parse ] --END-- [ RunTime:0.007324s ]
INFO: [ view_filter ] --START--
INFO: Run Behavior\WriteHtmlCacheBehavior [ RunTime:0.000070s ]
INFO: [ view_filter ] --END-- [ RunTime:0.000164s ]
INFO: [ app_end ] --START--
INFO: Run Behavior\ShowPageTraceBehavior [ RunTime:0.000068s ]
INFO: [ app_end ] --END-- [ RunTime:0.000163s ]

[ 2015-08-22T21:00:43+08:00 ] 111.30.132.194 /index.php/fruit/index
INFO: [ app_init ] --START--
INFO: Run Behavior\BuildLiteBehavior [ RunTime:0.000033s ]
INFO: [ app_init ] --END-- [ RunTime:0.000241s ]
INFO: [ app_begin ] --START--
INFO: Run Behavior\ReadHtmlCacheBehavior [ RunTime:0.000087s ]
INFO: [ app_begin ] --END-- [ RunTime:0.000196s ]
NOTIC: [8] Undefined index: car /var/www/guozhi/App/Fruit/Controller/IndexController.class.php 第 57 行.
NOTIC: [8] Undefined index: car /var/www/guozhi/App/Fruit/Controller/IndexController.class.php 第 62 行.
NOTIC: [2] Invalid argument supplied for foreach() /var/www/guozhi/App/Fruit/Controller/IndexController.class.php 第 62 行.
SQL: SHOW COLUMNS FROM `fruit_type` [ RunTime:0.0007s ]
SQL: SELECT * FROM `fruit_type` ORDER BY `order` DESC  [ RunTime:0.0001s ]
SQL: SHOW COLUMNS FROM `fruit` [ RunTime:0.0007s ]
SQL: SELECT * FROM `fruit` WHERE ( `order`!=0 AND  `recommend`=1   ) ORDER BY `order` DESC  [ RunTime:0.0001s ]
INFO: [ view_parse ] --START--
INFO: [ template_filter ] --START--
INFO: Run Behavior\ContentReplaceBehavior [ RunTime:0.000078s ]
INFO: [ template_filter ] --END-- [ RunTime:0.000216s ]
INFO: Run Behavior\ParseTemplateBehavior [ RunTime:0.008287s ]
INFO: [ view_parse ] --END-- [ RunTime:0.008398s ]
INFO: [ view_filter ] --START--
INFO: Run Behavior\WriteHtmlCacheBehavior [ RunTime:0.000075s ]
INFO: [ view_filter ] --END-- [ RunTime:0.000170s ]
INFO: [ app_end ] --START--
INFO: Run Behavior\ShowPageTraceBehavior [ RunTime:0.000088s ]
INFO: [ app_end ] --END-- [ RunTime:0.000184s ]

[ 2015-08-22T21:00:46+08:00 ] 123.151.42.46 /index.php/Fruit/Index/index/type/2
INFO: [ app_init ] --START--
INFO: Run Behavior\BuildLiteBehavior [ RunTime:0.000033s ]
INFO: [ app_init ] --END-- [ RunTime:0.000247s ]
INFO: [ app_begin ] --START--
INFO: Run Behavior\ReadHtmlCacheBehavior [ RunTime:0.000099s ]
INFO: [ app_begin ] --END-- [ RunTime:0.000233s ]
NOTIC: [8] Undefined index: car /var/www/guozhi/App/Fruit/Controller/IndexController.class.php 第 57 行.
NOTIC: [8] Undefined index: car /var/www/guozhi/App/Fruit/Controller/IndexController.class.php 第 62 行.
NOTIC: [2] Invalid argument supplied for foreach() /var/www/guozhi/App/Fruit/Controller/IndexController.class.php 第 62 行.
SQL: SHOW COLUMNS FROM `fruit_type` [ RunTime:0.0007s ]
SQL: SELECT * FROM `fruit_type` ORDER BY `order` DESC  [ RunTime:0.0001s ]
SQL: SHOW COLUMNS FROM `fruit` [ RunTime:0.0010s ]
SQL: SELECT * FROM `fruit` WHERE ( `order`!=0 AND  `type_id`=2   ) ORDER BY `order` DESC  [ RunTime:0.0001s ]
INFO: [ view_parse ] --START--
INFO: [ template_filter ] --START--
INFO: Run Behavior\ContentReplaceBehavior [ RunTime:0.000075s ]
INFO: [ template_filter ] --END-- [ RunTime:0.000241s ]
INFO: Run Behavior\ParseTemplateBehavior [ RunTime:0.008280s ]
INFO: [ view_parse ] --END-- [ RunTime:0.008395s ]
INFO: [ view_filter ] --START--
INFO: Run Behavior\WriteHtmlCacheBehavior [ RunTime:0.000076s ]
INFO: [ view_filter ] --END-- [ RunTime:0.000210s ]
INFO: [ app_end ] --START--
INFO: Run Behavior\ShowPageTraceBehavior [ RunTime:0.000107s ]
INFO: [ app_end ] --END-- [ RunTime:0.000212s ]

[ 2015-08-22T21:00:55+08:00 ] 123.151.42.46 /index.php/Fruit/Index/detail/id/31
INFO: [ app_init ] --START--
INFO: Run Behavior\BuildLiteBehavior [ RunTime:0.000026s ]
INFO: [ app_init ] --END-- [ RunTime:0.000177s ]
INFO: [ app_begin ] --START--
INFO: Run Behavior\ReadHtmlCacheBehavior [ RunTime:0.000069s ]
INFO: [ app_begin ] --END-- [ RunTime:0.000170s ]
NOTIC: [8] Undefined index: car /var/www/guozhi/App/Fruit/Controller/IndexController.class.php 第 57 行.
NOTIC: [8] Undefined index: car /var/www/guozhi/App/Fruit/Controller/IndexController.class.php 第 62 行.
NOTIC: [2] Invalid argument supplied for foreach() /var/www/guozhi/App/Fruit/Controller/IndexController.class.php 第 62 行.
SQL: SHOW COLUMNS FROM `fruit` [ RunTime:0.0010s ]
SQL: SELECT * FROM `fruit` WHERE ( fruit_id=31 )  [ RunTime:0.0003s ]
SQL: SHOW COLUMNS FROM `fruit_addinfo` [ RunTime:0.0004s ]
SQL: SELECT * FROM `fruit_addinfo` WHERE ( `fruit_id`='31' AND `display_order`!=0 ) ORDER BY display_order desc  [ RunTime:0.0001s ]
SQL: SHOW COLUMNS FROM `order_detail` [ RunTime:0.0005s ]
SQL: SELECT count(1) comments FROM `order_detail` WHERE ( fruit_id=31 and commend!='0' )  [ RunTime:0.0001s ]
INFO: [ view_parse ] --START--
INFO: [ template_filter ] --START--
INFO: Run Behavior\ContentReplaceBehavior [ RunTime:0.000071s ]
INFO: [ template_filter ] --END-- [ RunTime:0.000173s ]
INFO: Run Behavior\ParseTemplateBehavior [ RunTime:0.006768s ]
INFO: [ view_parse ] --END-- [ RunTime:0.006874s ]
INFO: [ view_filter ] --START--
INFO: Run Behavior\WriteHtmlCacheBehavior [ RunTime:0.000080s ]
INFO: [ view_filter ] --END-- [ RunTime:0.000175s ]
INFO: [ app_end ] --START--
INFO: Run Behavior\ShowPageTraceBehavior [ RunTime:0.000069s ]
INFO: [ app_end ] --END-- [ RunTime:0.000164s ]

[ 2015-08-22T21:01:15+08:00 ] 123.151.42.46 /index.php/fruit/index
INFO: [ app_init ] --START--
INFO: Run Behavior\BuildLiteBehavior [ RunTime:0.000025s ]
INFO: [ app_init ] --END-- [ RunTime:0.000180s ]
INFO: [ app_begin ] --START--
INFO: Run Behavior\ReadHtmlCacheBehavior [ RunTime:0.000070s ]
INFO: [ app_begin ] --END-- [ RunTime:0.000172s ]
NOTIC: [8] Undefined index: car /var/www/guozhi/App/Fruit/Controller/IndexController.class.php 第 57 行.
NOTIC: [8] Undefined index: car /var/www/guozhi/App/Fruit/Controller/IndexController.class.php 第 62 行.
NOTIC: [2] Invalid argument supplied for foreach() /var/www/guozhi/App/Fruit/Controller/IndexController.class.php 第 62 行.
SQL: SHOW COLUMNS FROM `fruit_type` [ RunTime:0.0006s ]
SQL: SELECT * FROM `fruit_type` ORDER BY `order` DESC  [ RunTime:0.0001s ]
SQL: SHOW COLUMNS FROM `fruit` [ RunTime:0.0008s ]
SQL: SELECT * FROM `fruit` WHERE ( `order`!=0 AND  `recommend`=1   ) ORDER BY `order` DESC  [ RunTime:0.0001s ]
INFO: [ view_parse ] --START--
INFO: [ template_filter ] --START--
INFO: Run Behavior\ContentReplaceBehavior [ RunTime:0.000065s ]
INFO: [ template_filter ] --END-- [ RunTime:0.000175s ]
INFO: Run Behavior\ParseTemplateBehavior [ RunTime:0.007152s ]
INFO: [ view_parse ] --END-- [ RunTime:0.007256s ]
INFO: [ view_filter ] --START--
INFO: Run Behavior\WriteHtmlCacheBehavior [ RunTime:0.000087s ]
INFO: [ view_filter ] --END-- [ RunTime:0.000182s ]
INFO: [ app_end ] --START--
INFO: Run Behavior\ShowPageTraceBehavior [ RunTime:0.000119s ]
INFO: [ app_end ] --END-- [ RunTime:0.000216s ]

[ 2015-08-22T21:01:19+08:00 ] 123.151.42.46 /index.php/Fruit/Index/index/type/2
INFO: [ app_init ] --START--
INFO: Run Behavior\BuildLiteBehavior [ RunTime:0.000025s ]
INFO: [ app_init ] --END-- [ RunTime:0.000176s ]
INFO: [ app_begin ] --START--
INFO: Run Behavior\ReadHtmlCacheBehavior [ RunTime:0.000067s ]
INFO: [ app_begin ] --END-- [ RunTime:0.000168s ]
NOTIC: [8] Undefined index: car /var/www/guozhi/App/Fruit/Controller/IndexController.class.php 第 57 行.
NOTIC: [8] Undefined index: car /var/www/guozhi/App/Fruit/Controller/IndexController.class.php 第 62 行.
NOTIC: [2] Invalid argument supplied for foreach() /var/www/guozhi/App/Fruit/Controller/IndexController.class.php 第 62 行.
SQL: SHOW COLUMNS FROM `fruit_type` [ RunTime:0.0007s ]
SQL: SELECT * FROM `fruit_type` ORDER BY `order` DESC  [ RunTime:0.0001s ]
SQL: SHOW COLUMNS FROM `fruit` [ RunTime:0.0007s ]
SQL: SELECT * FROM `fruit` WHERE ( `order`!=0 AND  `type_id`=2   ) ORDER BY `order` DESC  [ RunTime:0.0001s ]
INFO: [ view_parse ] --START--
INFO: [ template_filter ] --START--
INFO: Run Behavior\ContentReplaceBehavior [ RunTime:0.000068s ]
INFO: [ template_filter ] --END-- [ RunTime:0.000172s ]
INFO: Run Behavior\ParseTemplateBehavior [ RunTime:0.007123s ]
INFO: [ view_parse ] --END-- [ RunTime:0.007350s ]
INFO: [ view_filter ] --START--
INFO: Run Behavior\WriteHtmlCacheBehavior [ RunTime:0.000112s ]
INFO: [ view_filter ] --END-- [ RunTime:0.000212s ]
INFO: [ app_end ] --START--
INFO: Run Behavior\ShowPageTraceBehavior [ RunTime:0.000073s ]
INFO: [ app_end ] --END-- [ RunTime:0.000173s ]

[ 2015-08-22T21:03:08+08:00 ] 117.143.68.146 /index.php/Fruit/Index/index/type/2?from=singlemessage&isappinstalled=0
INFO: [ app_init ] --START--
INFO: Run Behavior\BuildLiteBehavior [ RunTime:0.000040s ]
INFO: [ app_init ] --END-- [ RunTime:0.000206s ]
INFO: [ app_begin ] --START--
INFO: Run Behavior\ReadHtmlCacheBehavior [ RunTime:0.000088s ]
INFO: [ app_begin ] --END-- [ RunTime:0.000195s ]
NOTIC: [8] Undefined index: user /var/www/guozhi/App/Fruit/Controller/IndexController.class.php 第 44 行.
NOTIC: [8] Undefined index: hasJumped /var/www/guozhi/App/Fruit/Controller/IndexController.class.php 第 44 行.
NOTIC: [8] Undefined index: carnum /var/www/guozhi/App/Fruit/Controller/IndexController.class.php 第 56 行.
NOTIC: [8] Undefined index: car /var/www/guozhi/App/Fruit/Controller/IndexController.class.php 第 57 行.
NOTIC: [8] Undefined index: car /var/www/guozhi/App/Fruit/Controller/IndexController.class.php 第 62 行.
NOTIC: [2] Invalid argument supplied for foreach() /var/www/guozhi/App/Fruit/Controller/IndexController.class.php 第 62 行.
SQL: SHOW COLUMNS FROM `fruit_type` [ RunTime:0.0006s ]
SQL: SELECT * FROM `fruit_type` ORDER BY `order` DESC  [ RunTime:0.0001s ]
SQL: SHOW COLUMNS FROM `fruit` [ RunTime:0.0008s ]
SQL: SELECT * FROM `fruit` WHERE ( `order`!=0 AND  `type_id`=2   ) ORDER BY `order` DESC  [ RunTime:0.0001s ]
INFO: [ view_parse ] --START--
INFO: [ template_filter ] --START--
INFO: Run Behavior\ContentReplaceBehavior [ RunTime:0.000063s ]
INFO: [ template_filter ] --END-- [ RunTime:0.000173s ]
INFO: Run Behavior\ParseTemplateBehavior [ RunTime:0.007327s ]
INFO: [ view_parse ] --END-- [ RunTime:0.007436s ]
INFO: [ view_filter ] --START--
INFO: Run Behavior\WriteHtmlCacheBehavior [ RunTime:0.000073s ]
INFO: [ view_filter ] --END-- [ RunTime:0.000173s ]
INFO: [ app_end ] --START--
INFO: Run Behavior\ShowPageTraceBehavior [ RunTime:0.000074s ]
INFO: [ app_end ] --END-- [ RunTime:0.000175s ]

[ 2015-08-22T21:06:24+08:00 ] 117.143.68.146 /index.php/Fruit/Index/detail/id/15
INFO: [ app_init ] --START--
INFO: Run Behavior\BuildLiteBehavior [ RunTime:0.000032s ]
INFO: [ app_init ] --END-- [ RunTime:0.000573s ]
INFO: [ app_begin ] --START--
INFO: Run Behavior\ReadHtmlCacheBehavior [ RunTime:0.000088s ]
INFO: [ app_begin ] --END-- [ RunTime:0.000196s ]
NOTIC: [8] Undefined index: user /var/www/guozhi/App/Fruit/Controller/IndexController.class.php 第 44 行.
NOTIC: [8] Undefined index: car /var/www/guozhi/App/Fruit/Controller/IndexController.class.php 第 57 行.
NOTIC: [8] Undefined index: car /var/www/guozhi/App/Fruit/Controller/IndexController.class.php 第 62 行.
NOTIC: [2] Invalid argument supplied for foreach() /var/www/guozhi/App/Fruit/Controller/IndexController.class.php 第 62 行.
SQL: SHOW COLUMNS FROM `fruit` [ RunTime:0.0009s ]
SQL: SELECT * FROM `fruit` WHERE ( fruit_id=15 )  [ RunTime:0.0003s ]
SQL: SHOW COLUMNS FROM `fruit_addinfo` [ RunTime:0.0004s ]
SQL: SELECT * FROM `fruit_addinfo` WHERE ( `fruit_id`='15' AND `display_order`!=0 ) ORDER BY display_order desc  [ RunTime:0.0001s ]
SQL: SHOW COLUMNS FROM `order_detail` [ RunTime:0.0005s ]
SQL: SELECT count(1) comments FROM `order_detail` WHERE ( fruit_id=15 and commend!='0' )  [ RunTime:0.0002s ]
INFO: [ view_parse ] --START--
INFO: [ template_filter ] --START--
INFO: Run Behavior\ContentReplaceBehavior [ RunTime:0.000075s ]
INFO: [ template_filter ] --END-- [ RunTime:0.000214s ]
INFO: Run Behavior\ParseTemplateBehavior [ RunTime:0.007356s ]
INFO: [ view_parse ] --END-- [ RunTime:0.007467s ]
INFO: [ view_filter ] --START--
INFO: Run Behavior\WriteHtmlCacheBehavior [ RunTime:0.000073s ]
INFO: [ view_filter ] --END-- [ RunTime:0.000167s ]
INFO: [ app_end ] --START--
INFO: Run Behavior\ShowPageTraceBehavior [ RunTime:0.000081s ]
INFO: [ app_end ] --END-- [ RunTime:0.000176s ]

[ 2015-08-22T21:10:42+08:00 ] 101.226.125.109 /index.php/Fruit/Index/index/type/2?from=singlemessage&isappinstalled=0
INFO: [ app_init ] --START--
INFO: Run Behavior\BuildLiteBehavior [ RunTime:0.000026s ]
INFO: [ app_init ] --END-- [ RunTime:0.000216s ]
INFO: [ app_begin ] --START--
INFO: Run Behavior\ReadHtmlCacheBehavior [ RunTime:0.000069s ]
INFO: [ app_begin ] --END-- [ RunTime:0.000172s ]
NOTIC: [8] Undefined index: user /var/www/guozhi/App/Fruit/Controller/IndexController.class.php 第 44 行.
NOTIC: [8] Undefined index: car /var/www/guozhi/App/Fruit/Controller/IndexController.class.php 第 57 行.
NOTIC: [8] Undefined index: car /var/www/guozhi/App/Fruit/Controller/IndexController.class.php 第 62 行.
NOTIC: [2] Invalid argument supplied for foreach() /var/www/guozhi/App/Fruit/Controller/IndexController.class.php 第 62 行.
SQL: SHOW COLUMNS FROM `fruit_type` [ RunTime:0.0006s ]
SQL: SELECT * FROM `fruit_type` ORDER BY `order` DESC  [ RunTime:0.0001s ]
SQL: SHOW COLUMNS FROM `fruit` [ RunTime:0.0008s ]
SQL: SELECT * FROM `fruit` WHERE ( `order`!=0 AND  `type_id`=2   ) ORDER BY `order` DESC  [ RunTime:0.0001s ]
INFO: [ view_parse ] --START--
INFO: [ template_filter ] --START--
INFO: Run Behavior\ContentReplaceBehavior [ RunTime:0.000064s ]
INFO: [ template_filter ] --END-- [ RunTime:0.000167s ]
INFO: Run Behavior\ParseTemplateBehavior [ RunTime:0.007288s ]
INFO: [ view_parse ] --END-- [ RunTime:0.007395s ]
INFO: [ view_filter ] --START--
INFO: Run Behavior\WriteHtmlCacheBehavior [ RunTime:0.000069s ]
INFO: [ view_filter ] --END-- [ RunTime:0.000161s ]
INFO: [ app_end ] --START--
INFO: Run Behavior\ShowPageTraceBehavior [ RunTime:0.000070s ]
INFO: [ app_end ] --END-- [ RunTime:0.000181s ]

[ 2015-08-22T21:10:42+08:00 ] 101.226.69.108 /index.php/Fruit/Index/index/type/2?from=singlemessage&isappinstalled=0
INFO: [ app_init ] --START--
INFO: Run Behavior\BuildLiteBehavior [ RunTime:0.000025s ]
INFO: [ app_init ] --END-- [ RunTime:0.000165s ]
INFO: [ app_begin ] --START--
INFO: Run Behavior\ReadHtmlCacheBehavior [ RunTime:0.000064s ]
INFO: [ app_begin ] --END-- [ RunTime:0.000166s ]
NOTIC: [8] Undefined index: user /var/www/guozhi/App/Fruit/Controller/IndexController.class.php 第 44 行.
NOTIC: [8] Undefined index: hasJumped /var/www/guozhi/App/Fruit/Controller/IndexController.class.php 第 44 行.
NOTIC: [8] Undefined index: carnum /var/www/guozhi/App/Fruit/Controller/IndexController.class.php 第 56 行.
NOTIC: [8] Undefined index: car /var/www/guozhi/App/Fruit/Controller/IndexController.class.php 第 57 行.
NOTIC: [8] Undefined index: car /var/www/guozhi/App/Fruit/Controller/IndexController.class.php 第 62 行.
NOTIC: [2] Invalid argument supplied for foreach() /var/www/guozhi/App/Fruit/Controller/IndexController.class.php 第 62 行.
SQL: SHOW COLUMNS FROM `fruit_type` [ RunTime:0.0006s ]
SQL: SELECT * FROM `fruit_type` ORDER BY `order` DESC  [ RunTime:0.0001s ]
SQL: SHOW COLUMNS FROM `fruit` [ RunTime:0.0008s ]
SQL: SELECT * FROM `fruit` WHERE ( `order`!=0 AND  `type_id`=2   ) ORDER BY `order` DESC  [ RunTime:0.0001s ]
INFO: [ view_parse ] --START--
INFO: [ template_filter ] --START--
INFO: Run Behavior\ContentReplaceBehavior [ RunTime:0.000065s ]
INFO: [ template_filter ] --END-- [ RunTime:0.000181s ]
INFO: Run Behavior\ParseTemplateBehavior [ RunTime:0.007217s ]
INFO: [ view_parse ] --END-- [ RunTime:0.007325s ]
INFO: [ view_filter ] --START--
INFO: Run Behavior\WriteHtmlCacheBehavior [ RunTime:0.000074s ]
INFO: [ view_filter ] --END-- [ RunTime:0.000169s ]
INFO: [ app_end ] --START--
INFO: Run Behavior\ShowPageTraceBehavior [ RunTime:0.000065s ]
INFO: [ app_end ] --END-- [ RunTime:0.000174s ]

[ 2015-08-22T21:11:32+08:00 ] 117.143.68.146 /index.php/Fruit/Index/location.html
INFO: [ app_init ] --START--
INFO: Run Behavior\BuildLiteBehavior [ RunTime:0.000024s ]
INFO: [ app_init ] --END-- [ RunTime:0.000165s ]
INFO: [ app_begin ] --START--
INFO: Run Behavior\ReadHtmlCacheBehavior [ RunTime:0.000064s ]
INFO: [ app_begin ] --END-- [ RunTime:0.000166s ]
NOTIC: [8] Undefined index: user /var/www/guozhi/App/Fruit/Controller/IndexController.class.php 第 10 行.
SQL: SHOW COLUMNS FROM `user` [ RunTime:0.0007s ]
SQL: SELECT * FROM `user` WHERE ( `wei_id`='oWeLOvj4Sz7QzD9RbVGhPD-kO-4U' )  [ RunTime:0.0001s ]
SQL: UPDATE `user` SET `ltime`='1440249092' WHERE `user_id` = 153 [ RunTime:0.0083s ]
NOTIC: [8] Undefined index: car /var/www/guozhi/App/Fruit/Controller/IndexController.class.php 第 57 行.
NOTIC: [8] Undefined index: car /var/www/guozhi/App/Fruit/Controller/IndexController.class.php 第 62 行.
NOTIC: [2] Invalid argument supplied for foreach() /var/www/guozhi/App/Fruit/Controller/IndexController.class.php 第 62 行.
INFO: [ view_parse ] --START--
INFO: [ template_filter ] --START--
INFO: Run Behavior\ContentReplaceBehavior [ RunTime:0.000055s ]
INFO: [ template_filter ] --END-- [ RunTime:0.000154s ]
INFO: Run Behavior\ParseTemplateBehavior [ RunTime:0.002157s ]
INFO: [ view_parse ] --END-- [ RunTime:0.002261s ]
INFO: [ view_filter ] --START--
INFO: Run Behavior\WriteHtmlCacheBehavior [ RunTime:0.000083s ]
INFO: [ view_filter ] --END-- [ RunTime:0.000177s ]
INFO: [ app_end ] --START--
INFO: Run Behavior\ShowPageTraceBehavior [ RunTime:0.000068s ]
INFO: [ app_end ] --END-- [ RunTime:0.000161s ]

[ 2015-08-22T21:11:35+08:00 ] 117.143.68.146 /index.php/Fruit/Index/index
INFO: [ app_init ] --START--
INFO: Run Behavior\BuildLiteBehavior [ RunTime:0.000026s ]
INFO: [ app_init ] --END-- [ RunTime:0.000178s ]
INFO: [ app_begin ] --START--
INFO: Run Behavior\ReadHtmlCacheBehavior [ RunTime:0.000068s ]
INFO: [ app_begin ] --END-- [ RunTime:0.000171s ]
NOTIC: [8] Undefined index: car /var/www/guozhi/App/Fruit/Controller/IndexController.class.php 第 57 行.
NOTIC: [8] Undefined index: car /var/www/guozhi/App/Fruit/Controller/IndexController.class.php 第 62 行.
NOTIC: [2] Invalid argument supplied for foreach() /var/www/guozhi/App/Fruit/Controller/IndexController.class.php 第 62 行.
SQL: SHOW COLUMNS FROM `fruit_type` [ RunTime:0.0007s ]
SQL: SELECT * FROM `fruit_type` ORDER BY `order` DESC  [ RunTime:0.0001s ]
SQL: SHOW COLUMNS FROM `fruit` [ RunTime:0.0008s ]
SQL: SELECT * FROM `fruit` WHERE ( `order`!=0 AND  `recommend`=1   ) ORDER BY `order` DESC  [ RunTime:0.0001s ]
INFO: [ view_parse ] --START--
INFO: [ template_filter ] --START--
INFO: Run Behavior\ContentReplaceBehavior [ RunTime:0.000067s ]
INFO: [ template_filter ] --END-- [ RunTime:0.000243s ]
INFO: Run Behavior\ParseTemplateBehavior [ RunTime:0.007923s ]
INFO: [ view_parse ] --END-- [ RunTime:0.008036s ]
INFO: [ view_filter ] --START--
INFO: Run Behavior\WriteHtmlCacheBehavior [ RunTime:0.000112s ]
INFO: [ view_filter ] --END-- [ RunTime:0.000209s ]
INFO: [ app_end ] --START--
INFO: Run Behavior\ShowPageTraceBehavior [ RunTime:0.000067s ]
INFO: [ app_end ] --END-- [ RunTime:0.000172s ]

[ 2015-08-22T21:11:39+08:00 ] 117.143.68.146 /index.php/Fruit/Index/index/type/2
INFO: [ app_init ] --START--
INFO: Run Behavior\BuildLiteBehavior [ RunTime:0.000026s ]
INFO: [ app_init ] --END-- [ RunTime:0.000176s ]
INFO: [ app_begin ] --START--
INFO: Run Behavior\ReadHtmlCacheBehavior [ RunTime:0.000070s ]
INFO: [ app_begin ] --END-- [ RunTime:0.000174s ]
NOTIC: [8] Undefined index: car /var/www/guozhi/App/Fruit/Controller/IndexController.class.php 第 57 行.
NOTIC: [8] Undefined index: car /var/www/guozhi/App/Fruit/Controller/IndexController.class.php 第 62 行.
NOTIC: [2] Invalid argument supplied for foreach() /var/www/guozhi/App/Fruit/Controller/IndexController.class.php 第 62 行.
SQL: SHOW COLUMNS FROM `fruit_type` [ RunTime:0.0006s ]
SQL: SELECT * FROM `fruit_type` ORDER BY `order` DESC  [ RunTime:0.0001s ]
SQL: SHOW COLUMNS FROM `fruit` [ RunTime:0.0009s ]
SQL: SELECT * FROM `fruit` WHERE ( `order`!=0 AND  `type_id`=2   ) ORDER BY `order` DESC  [ RunTime:0.0001s ]
INFO: [ view_parse ] --START--
INFO: [ template_filter ] --START--
INFO: Run Behavior\ContentReplaceBehavior [ RunTime:0.000066s ]
INFO: [ template_filter ] --END-- [ RunTime:0.000200s ]
INFO: Run Behavior\ParseTemplateBehavior [ RunTime:0.008051s ]
INFO: [ view_parse ] --END-- [ RunTime:0.008159s ]
INFO: [ view_filter ] --START--
INFO: Run Behavior\WriteHtmlCacheBehavior [ RunTime:0.000067s ]
INFO: [ view_filter ] --END-- [ RunTime:0.000161s ]
INFO: [ app_end ] --START--
INFO: Run Behavior\ShowPageTraceBehavior [ RunTime:0.000072s ]
INFO: [ app_end ] --END-- [ RunTime:0.000175s ]

[ 2015-08-22T21:13:25+08:00 ] 101.226.93.234 /index.php/fruit/index
INFO: [ app_init ] --START--
INFO: Run Behavior\BuildLiteBehavior [ RunTime:0.000026s ]
INFO: [ app_init ] --END-- [ RunTime:0.000208s ]
INFO: [ app_begin ] --START--
INFO: Run Behavior\ReadHtmlCacheBehavior [ RunTime:0.000069s ]
INFO: [ app_begin ] --END-- [ RunTime:0.000178s ]
NOTIC: [8] Undefined index: user /var/www/guozhi/App/Fruit/Controller/IndexController.class.php 第 44 行.
NOTIC: [8] Undefined index: hasJumped /var/www/guozhi/App/Fruit/Controller/IndexController.class.php 第 44 行.
NOTIC: [8] Undefined index: carnum /var/www/guozhi/App/Fruit/Controller/IndexController.class.php 第 56 行.
NOTIC: [8] Undefined index: car /var/www/guozhi/App/Fruit/Controller/IndexController.class.php 第 57 行.
NOTIC: [8] Undefined index: car /var/www/guozhi/App/Fruit/Controller/IndexController.class.php 第 62 行.
NOTIC: [2] Invalid argument supplied for foreach() /var/www/guozhi/App/Fruit/Controller/IndexController.class.php 第 62 行.
SQL: SHOW COLUMNS FROM `fruit_type` [ RunTime:0.0007s ]
SQL: SELECT * FROM `fruit_type` ORDER BY `order` DESC  [ RunTime:0.0001s ]
SQL: SHOW COLUMNS FROM `fruit` [ RunTime:0.0008s ]
SQL: SELECT * FROM `fruit` WHERE ( `order`!=0 AND  `recommend`=1   ) ORDER BY `order` DESC  [ RunTime:0.0001s ]
INFO: [ view_parse ] --START--
INFO: [ template_filter ] --START--
INFO: Run Behavior\ContentReplaceBehavior [ RunTime:0.000068s ]
INFO: [ template_filter ] --END-- [ RunTime:0.000196s ]
INFO: Run Behavior\ParseTemplateBehavior [ RunTime:0.007440s ]
INFO: [ view_parse ] --END-- [ RunTime:0.007568s ]
INFO: [ view_filter ] --START--
INFO: Run Behavior\WriteHtmlCacheBehavior [ RunTime:0.000069s ]
INFO: [ view_filter ] --END-- [ RunTime:0.000163s ]
INFO: [ app_end ] --START--
INFO: Run Behavior\ShowPageTraceBehavior [ RunTime:0.000071s ]
INFO: [ app_end ] --END-- [ RunTime:0.000168s ]

[ 2015-08-22T22:24:19+08:00 ] 221.179.140.172 /index.php/Fruit/Index/location.html
INFO: [ app_init ] --START--
INFO: Run Behavior\BuildLiteBehavior [ RunTime:0.000025s ]
INFO: [ app_init ] --END-- [ RunTime:0.000168s ]
INFO: [ app_begin ] --START--
INFO: Run Behavior\ReadHtmlCacheBehavior [ RunTime:0.000063s ]
INFO: [ app_begin ] --END-- [ RunTime:0.000165s ]
NOTIC: [8] Undefined index: user /var/www/guozhi/App/Fruit/Controller/IndexController.class.php 第 10 行.
SQL: SHOW COLUMNS FROM `user` [ RunTime:0.0007s ]
SQL: SELECT * FROM `user` WHERE ( `wei_id`='oWeLOvneJ6xRythTnGkX8vudDcVM' )  [ RunTime:0.0001s ]
SQL: UPDATE `user` SET `ltime`='1440253459' WHERE `user_id` = 106 [ RunTime:0.0213s ]
NOTIC: [8] Undefined index: carnum /var/www/guozhi/App/Fruit/Controller/IndexController.class.php 第 56 行.
NOTIC: [8] Undefined index: car /var/www/guozhi/App/Fruit/Controller/IndexController.class.php 第 57 行.
NOTIC: [8] Undefined index: car /var/www/guozhi/App/Fruit/Controller/IndexController.class.php 第 62 行.
NOTIC: [2] Invalid argument supplied for foreach() /var/www/guozhi/App/Fruit/Controller/IndexController.class.php 第 62 行.
INFO: [ view_parse ] --START--
INFO: [ template_filter ] --START--
INFO: Run Behavior\ContentReplaceBehavior [ RunTime:0.000068s ]
INFO: [ template_filter ] --END-- [ RunTime:0.000182s ]
INFO: Run Behavior\ParseTemplateBehavior [ RunTime:0.002704s ]
INFO: [ view_parse ] --END-- [ RunTime:0.002821s ]
INFO: [ view_filter ] --START--
INFO: Run Behavior\WriteHtmlCacheBehavior [ RunTime:0.000073s ]
INFO: [ view_filter ] --END-- [ RunTime:0.000167s ]
INFO: [ app_end ] --START--
INFO: Run Behavior\ShowPageTraceBehavior [ RunTime:0.000130s ]
INFO: [ app_end ] --END-- [ RunTime:0.000265s ]

[ 2015-08-22T22:24:25+08:00 ] 221.179.140.172 /index.php/Fruit/Index/index
INFO: [ app_init ] --START--
INFO: Run Behavior\BuildLiteBehavior [ RunTime:0.000027s ]
INFO: [ app_init ] --END-- [ RunTime:0.000184s ]
INFO: [ app_begin ] --START--
INFO: Run Behavior\ReadHtmlCacheBehavior [ RunTime:0.000071s ]
INFO: [ app_begin ] --END-- [ RunTime:0.000174s ]
NOTIC: [8] Undefined index: car /var/www/guozhi/App/Fruit/Controller/IndexController.class.php 第 57 行.
NOTIC: [8] Undefined index: car /var/www/guozhi/App/Fruit/Controller/IndexController.class.php 第 62 行.
NOTIC: [2] Invalid argument supplied for foreach() /var/www/guozhi/App/Fruit/Controller/IndexController.class.php 第 62 行.
SQL: SHOW COLUMNS FROM `fruit_type` [ RunTime:0.0017s ]
SQL: SELECT * FROM `fruit_type` ORDER BY `order` DESC  [ RunTime:0.0001s ]
SQL: SHOW COLUMNS FROM `fruit` [ RunTime:0.0008s ]
SQL: SELECT * FROM `fruit` WHERE ( `order`!=0 AND  `recommend`=1   ) ORDER BY `order` DESC  [ RunTime:0.0001s ]
INFO: [ view_parse ] --START--
INFO: [ template_filter ] --START--
INFO: Run Behavior\ContentReplaceBehavior [ RunTime:0.000066s ]
INFO: [ template_filter ] --END-- [ RunTime:0.000169s ]
INFO: Run Behavior\ParseTemplateBehavior [ RunTime:0.007123s ]
INFO: [ view_parse ] --END-- [ RunTime:0.007282s ]
INFO: [ view_filter ] --START--
INFO: Run Behavior\WriteHtmlCacheBehavior [ RunTime:0.000069s ]
INFO: [ view_filter ] --END-- [ RunTime:0.000162s ]
INFO: [ app_end ] --START--
INFO: Run Behavior\ShowPageTraceBehavior [ RunTime:0.000068s ]
INFO: [ app_end ] --END-- [ RunTime:0.000162s ]

[ 2015-08-22T22:24:58+08:00 ] 221.179.140.173 /index.php/Fruit/Index/index/type/2
INFO: [ app_init ] --START--
INFO: Run Behavior\BuildLiteBehavior [ RunTime:0.000028s ]
INFO: [ app_init ] --END-- [ RunTime:0.000183s ]
INFO: [ app_begin ] --START--
INFO: Run Behavior\ReadHtmlCacheBehavior [ RunTime:0.000071s ]
INFO: [ app_begin ] --END-- [ RunTime:0.000174s ]
NOTIC: [8] Undefined index: car /var/www/guozhi/App/Fruit/Controller/IndexController.class.php 第 57 行.
NOTIC: [8] Undefined index: car /var/www/guozhi/App/Fruit/Controller/IndexController.class.php 第 62 行.
NOTIC: [2] Invalid argument supplied for foreach() /var/www/guozhi/App/Fruit/Controller/IndexController.class.php 第 62 行.
SQL: SHOW COLUMNS FROM `fruit_type` [ RunTime:0.0006s ]
SQL: SELECT * FROM `fruit_type` ORDER BY `order` DESC  [ RunTime:0.0001s ]
SQL: SHOW COLUMNS FROM `fruit` [ RunTime:0.0008s ]
SQL: SELECT * FROM `fruit` WHERE ( `order`!=0 AND  `type_id`=2   ) ORDER BY `order` DESC  [ RunTime:0.0001s ]
INFO: [ view_parse ] --START--
INFO: [ template_filter ] --START--
INFO: Run Behavior\ContentReplaceBehavior [ RunTime:0.000065s ]
INFO: [ template_filter ] --END-- [ RunTime:0.000182s ]
INFO: Run Behavior\ParseTemplateBehavior [ RunTime:0.007594s ]
INFO: [ view_parse ] --END-- [ RunTime:0.007701s ]
INFO: [ view_filter ] --START--
INFO: Run Behavior\WriteHtmlCacheBehavior [ RunTime:0.000069s ]
INFO: [ view_filter ] --END-- [ RunTime:0.000162s ]
INFO: [ app_end ] --START--
INFO: Run Behavior\ShowPageTraceBehavior [ RunTime:0.000072s ]
INFO: [ app_end ] --END-- [ RunTime:0.000171s ]

[ 2015-08-22T22:25:05+08:00 ] 221.179.140.173 /index.php/Fruit/Index/index/type/1
INFO: [ app_init ] --START--
INFO: Run Behavior\BuildLiteBehavior [ RunTime:0.000027s ]
INFO: [ app_init ] --END-- [ RunTime:0.000179s ]
INFO: [ app_begin ] --START--
INFO: Run Behavior\ReadHtmlCacheBehavior [ RunTime:0.000072s ]
INFO: [ app_begin ] --END-- [ RunTime:0.000177s ]
NOTIC: [8] Undefined index: car /var/www/guozhi/App/Fruit/Controller/IndexController.class.php 第 57 行.
NOTIC: [8] Undefined index: car /var/www/guozhi/App/Fruit/Controller/IndexController.class.php 第 62 行.
NOTIC: [2] Invalid argument supplied for foreach() /var/www/guozhi/App/Fruit/Controller/IndexController.class.php 第 62 行.
SQL: SHOW COLUMNS FROM `fruit_type` [ RunTime:0.0006s ]
SQL: SELECT * FROM `fruit_type` ORDER BY `order` DESC  [ RunTime:0.0001s ]
SQL: SHOW COLUMNS FROM `fruit` [ RunTime:0.0008s ]
SQL: SELECT * FROM `fruit` WHERE ( `order`!=0 AND  `type_id`=1   ) ORDER BY `order` DESC  [ RunTime:0.0001s ]
INFO: [ view_parse ] --START--
INFO: [ template_filter ] --START--
INFO: Run Behavior\ContentReplaceBehavior [ RunTime:0.000066s ]
INFO: [ template_filter ] --END-- [ RunTime:0.000177s ]
INFO: Run Behavior\ParseTemplateBehavior [ RunTime:0.007352s ]
INFO: [ view_parse ] --END-- [ RunTime:0.007460s ]
INFO: [ view_filter ] --START--
INFO: Run Behavior\WriteHtmlCacheBehavior [ RunTime:0.000071s ]
INFO: [ view_filter ] --END-- [ RunTime:0.000182s ]
INFO: [ app_end ] --START--
INFO: Run Behavior\ShowPageTraceBehavior [ RunTime:0.000069s ]
INFO: [ app_end ] --END-- [ RunTime:0.000166s ]

[ 2015-08-22T22:25:06+08:00 ] 221.179.140.173 /index.php/Fruit/Index/index/type/1
INFO: [ app_init ] --START--
INFO: Run Behavior\BuildLiteBehavior [ RunTime:0.000025s ]
INFO: [ app_init ] --END-- [ RunTime:0.000172s ]
INFO: [ app_begin ] --START--
INFO: Run Behavior\ReadHtmlCacheBehavior [ RunTime:0.000065s ]
INFO: [ app_begin ] --END-- [ RunTime:0.000169s ]
NOTIC: [8] Undefined index: car /var/www/guozhi/App/Fruit/Controller/IndexController.class.php 第 57 行.
NOTIC: [8] Undefined index: car /var/www/guozhi/App/Fruit/Controller/IndexController.class.php 第 62 行.
NOTIC: [2] Invalid argument supplied for foreach() /var/www/guozhi/App/Fruit/Controller/IndexController.class.php 第 62 行.
SQL: SHOW COLUMNS FROM `fruit_type` [ RunTime:0.0006s ]
SQL: SELECT * FROM `fruit_type` ORDER BY `order` DESC  [ RunTime:0.0001s ]
SQL: SHOW COLUMNS FROM `fruit` [ RunTime:0.0008s ]
SQL: SELECT * FROM `fruit` WHERE ( `order`!=0 AND  `type_id`=1   ) ORDER BY `order` DESC  [ RunTime:0.0001s ]
INFO: [ view_parse ] --START--
INFO: [ template_filter ] --START--
INFO: Run Behavior\ContentReplaceBehavior [ RunTime:0.000079s ]
INFO: [ template_filter ] --END-- [ RunTime:0.000206s ]
INFO: Run Behavior\ParseTemplateBehavior [ RunTime:0.007636s ]
INFO: [ view_parse ] --END-- [ RunTime:0.007748s ]
INFO: [ view_filter ] --START--
INFO: Run Behavior\WriteHtmlCacheBehavior [ RunTime:0.000062s ]
INFO: [ view_filter ] --END-- [ RunTime:0.000156s ]
INFO: [ app_end ] --START--
INFO: Run Behavior\ShowPageTraceBehavior [ RunTime:0.000063s ]
INFO: [ app_end ] --END-- [ RunTime:0.000158s ]

[ 2015-08-22T22:25:25+08:00 ] 221.179.140.172 /index.php/Fruit/Index/index/type/1
INFO: [ app_init ] --START--
INFO: Run Behavior\BuildLiteBehavior [ RunTime:0.000039s ]
INFO: [ app_init ] --END-- [ RunTime:0.000257s ]
INFO: [ app_begin ] --START--
INFO: Run Behavior\ReadHtmlCacheBehavior [ RunTime:0.000081s ]
INFO: [ app_begin ] --END-- [ RunTime:0.000184s ]
NOTIC: [8] Undefined index: car /var/www/guozhi/App/Fruit/Controller/IndexController.class.php 第 57 行.
NOTIC: [8] Undefined index: car /var/www/guozhi/App/Fruit/Controller/IndexController.class.php 第 62 行.
NOTIC: [2] Invalid argument supplied for foreach() /var/www/guozhi/App/Fruit/Controller/IndexController.class.php 第 62 行.
SQL: SHOW COLUMNS FROM `fruit_type` [ RunTime:0.0006s ]
SQL: SELECT * FROM `fruit_type` ORDER BY `order` DESC  [ RunTime:0.0001s ]
SQL: SHOW COLUMNS FROM `fruit` [ RunTime:0.0008s ]
SQL: SELECT * FROM `fruit` WHERE ( `order`!=0 AND  `type_id`=1   ) ORDER BY `order` DESC  [ RunTime:0.0001s ]
INFO: [ view_parse ] --START--
INFO: [ template_filter ] --START--
INFO: Run Behavior\ContentReplaceBehavior [ RunTime:0.000065s ]
INFO: [ template_filter ] --END-- [ RunTime:0.000169s ]
INFO: Run Behavior\ParseTemplateBehavior [ RunTime:0.007082s ]
INFO: [ view_parse ] --END-- [ RunTime:0.007188s ]
INFO: [ view_filter ] --START--
INFO: Run Behavior\WriteHtmlCacheBehavior [ RunTime:0.000066s ]
INFO: [ view_filter ] --END-- [ RunTime:0.000161s ]
INFO: [ app_end ] --START--
INFO: Run Behavior\ShowPageTraceBehavior [ RunTime:0.000067s ]
INFO: [ app_end ] --END-- [ RunTime:0.000163s ]

[ 2015-08-22T22:25:28+08:00 ] 221.179.140.172 /index.php/Fruit/Index
INFO: [ app_init ] --START--
INFO: Run Behavior\BuildLiteBehavior [ RunTime:0.000026s ]
INFO: [ app_init ] --END-- [ RunTime:0.000177s ]
INFO: [ app_begin ] --START--
INFO: Run Behavior\ReadHtmlCacheBehavior [ RunTime:0.000070s ]
INFO: [ app_begin ] --END-- [ RunTime:0.000174s ]
NOTIC: [8] Undefined index: car /var/www/guozhi/App/Fruit/Controller/IndexController.class.php 第 57 行.
NOTIC: [8] Undefined index: car /var/www/guozhi/App/Fruit/Controller/IndexController.class.php 第 62 行.
NOTIC: [2] Invalid argument supplied for foreach() /var/www/guozhi/App/Fruit/Controller/IndexController.class.php 第 62 行.
SQL: SHOW COLUMNS FROM `fruit_type` [ RunTime:0.0007s ]
SQL: SELECT * FROM `fruit_type` ORDER BY `order` DESC  [ RunTime:0.0001s ]
SQL: SHOW COLUMNS FROM `fruit` [ RunTime:0.0008s ]
SQL: SELECT * FROM `fruit` WHERE ( `order`!=0 AND  `recommend`=1   ) ORDER BY `order` DESC  [ RunTime:0.0001s ]
INFO: [ view_parse ] --START--
INFO: [ template_filter ] --START--
INFO: Run Behavior\ContentReplaceBehavior [ RunTime:0.000068s ]
INFO: [ template_filter ] --END-- [ RunTime:0.000185s ]
INFO: Run Behavior\ParseTemplateBehavior [ RunTime:0.007566s ]
INFO: [ view_parse ] --END-- [ RunTime:0.007673s ]
INFO: [ view_filter ] --START--
INFO: Run Behavior\WriteHtmlCacheBehavior [ RunTime:0.000068s ]
INFO: [ view_filter ] --END-- [ RunTime:0.000162s ]
INFO: [ app_end ] --START--
INFO: Run Behavior\ShowPageTraceBehavior [ RunTime:0.000068s ]
INFO: [ app_end ] --END-- [ RunTime:0.000165s ]

[ 2015-08-22T22:25:36+08:00 ] 221.179.140.172 /index.php/Fruit/Index/index/type/1
INFO: [ app_init ] --START--
INFO: Run Behavior\BuildLiteBehavior [ RunTime:0.000026s ]
INFO: [ app_init ] --END-- [ RunTime:0.000203s ]
INFO: [ app_begin ] --START--
INFO: Run Behavior\ReadHtmlCacheBehavior [ RunTime:0.000075s ]
INFO: [ app_begin ] --END-- [ RunTime:0.000186s ]
NOTIC: [8] Undefined index: car /var/www/guozhi/App/Fruit/Controller/IndexController.class.php 第 57 行.
NOTIC: [8] Undefined index: car /var/www/guozhi/App/Fruit/Controller/IndexController.class.php 第 62 行.
NOTIC: [2] Invalid argument supplied for foreach() /var/www/guozhi/App/Fruit/Controller/IndexController.class.php 第 62 行.
SQL: SHOW COLUMNS FROM `fruit_type` [ RunTime:0.0006s ]
SQL: SELECT * FROM `fruit_type` ORDER BY `order` DESC  [ RunTime:0.0001s ]
SQL: SHOW COLUMNS FROM `fruit` [ RunTime:0.0007s ]
SQL: SELECT * FROM `fruit` WHERE ( `order`!=0 AND  `type_id`=1   ) ORDER BY `order` DESC  [ RunTime:0.0001s ]
INFO: [ view_parse ] --START--
INFO: [ template_filter ] --START--
INFO: Run Behavior\ContentReplaceBehavior [ RunTime:0.000081s ]
INFO: [ template_filter ] --END-- [ RunTime:0.000203s ]
INFO: Run Behavior\ParseTemplateBehavior [ RunTime:0.007471s ]
INFO: [ view_parse ] --END-- [ RunTime:0.007578s ]
INFO: [ view_filter ] --START--
INFO: Run Behavior\WriteHtmlCacheBehavior [ RunTime:0.000068s ]
INFO: [ view_filter ] --END-- [ RunTime:0.000161s ]
INFO: [ app_end ] --START--
INFO: Run Behavior\ShowPageTraceBehavior [ RunTime:0.000068s ]
INFO: [ app_end ] --END-- [ RunTime:0.000163s ]

[ 2015-08-22T22:25:43+08:00 ] 221.179.140.173 /index.php/Fruit/Index
INFO: [ app_init ] --START--
INFO: Run Behavior\BuildLiteBehavior [ RunTime:0.000026s ]
INFO: [ app_init ] --END-- [ RunTime:0.000180s ]
INFO: [ app_begin ] --START--
INFO: Run Behavior\ReadHtmlCacheBehavior [ RunTime:0.000069s ]
INFO: [ app_begin ] --END-- [ RunTime:0.000172s ]
NOTIC: [8] Undefined index: car /var/www/guozhi/App/Fruit/Controller/IndexController.class.php 第 57 行.
NOTIC: [8] Undefined index: car /var/www/guozhi/App/Fruit/Controller/IndexController.class.php 第 62 行.
NOTIC: [2] Invalid argument supplied for foreach() /var/www/guozhi/App/Fruit/Controller/IndexController.class.php 第 62 行.
SQL: SHOW COLUMNS FROM `fruit_type` [ RunTime:0.0006s ]
SQL: SELECT * FROM `fruit_type` ORDER BY `order` DESC  [ RunTime:0.0001s ]
SQL: SHOW COLUMNS FROM `fruit` [ RunTime:0.0008s ]
SQL: SELECT * FROM `fruit` WHERE ( `order`!=0 AND  `recommend`=1   ) ORDER BY `order` DESC  [ RunTime:0.0001s ]
INFO: [ view_parse ] --START--
INFO: [ template_filter ] --START--
INFO: Run Behavior\ContentReplaceBehavior [ RunTime:0.000072s ]
INFO: [ template_filter ] --END-- [ RunTime:0.000198s ]
INFO: Run Behavior\ParseTemplateBehavior [ RunTime:0.007103s ]
INFO: [ view_parse ] --END-- [ RunTime:0.007208s ]
INFO: [ view_filter ] --START--
INFO: Run Behavior\WriteHtmlCacheBehavior [ RunTime:0.000068s ]
INFO: [ view_filter ] --END-- [ RunTime:0.000161s ]
INFO: [ app_end ] --START--
INFO: Run Behavior\ShowPageTraceBehavior [ RunTime:0.000068s ]
INFO: [ app_end ] --END-- [ RunTime:0.000164s ]

[ 2015-08-22T22:26:08+08:00 ] 221.179.140.173 /index.php/Fruit/Index/mycar
INFO: [ app_init ] --START--
INFO: Run Behavior\BuildLiteBehavior [ RunTime:0.000027s ]
INFO: [ app_init ] --END-- [ RunTime:0.000197s ]
INFO: [ app_begin ] --START--
INFO: Run Behavior\ReadHtmlCacheBehavior [ RunTime:0.000071s ]
INFO: [ app_begin ] --END-- [ RunTime:0.000174s ]
NOTIC: [8] Undefined index: car /var/www/guozhi/App/Fruit/Controller/IndexController.class.php 第 57 行.
NOTIC: [8] Undefined index: car /var/www/guozhi/App/Fruit/Controller/IndexController.class.php 第 62 行.
NOTIC: [2] Invalid argument supplied for foreach() /var/www/guozhi/App/Fruit/Controller/IndexController.class.php 第 62 行.
SQL: SHOW COLUMNS FROM `fruit` [ RunTime:0.0010s ]
NOTIC: [8] Undefined index: car /var/www/guozhi/App/Fruit/Controller/IndexController.class.php 第 237 行.
NOTIC: [2] Invalid argument supplied for foreach() /var/www/guozhi/App/Fruit/Controller/IndexController.class.php 第 237 行.
NOTIC: [8] Undefined index: car /var/www/guozhi/App/Fruit/Controller/IndexController.class.php 第 248 行.
NOTIC: [2] Invalid argument supplied for foreach() /var/www/guozhi/App/Fruit/Controller/IndexController.class.php 第 248 行.
SQL: SHOW COLUMNS FROM `fruit_addinfo` [ RunTime:0.0004s ]
NOTIC: [8] Undefined index: car /var/www/guozhi/App/Fruit/Controller/IndexController.class.php 第 265 行.
NOTIC: [2] Invalid argument supplied for foreach() /var/www/guozhi/App/Fruit/Controller/IndexController.class.php 第 265 行.
INFO: [ view_parse ] --START--
INFO: [ template_filter ] --START--
INFO: Run Behavior\ContentReplaceBehavior [ RunTime:0.000068s ]
INFO: [ template_filter ] --END-- [ RunTime:0.000154s ]
INFO: Run Behavior\ParseTemplateBehavior [ RunTime:0.006959s ]
INFO: [ view_parse ] --END-- [ RunTime:0.007050s ]
INFO: [ view_filter ] --START--
INFO: Run Behavior\WriteHtmlCacheBehavior [ RunTime:0.000067s ]
INFO: [ view_filter ] --END-- [ RunTime:0.000144s ]
INFO: [ app_end ] --START--
INFO: Run Behavior\ShowPageTraceBehavior [ RunTime:0.000056s ]
INFO: [ app_end ] --END-- [ RunTime:0.000146s ]

[ 2015-08-22T22:38:56+08:00 ] 101.226.66.21 /index.php/Fruit/Index
INFO: [ app_init ] --START--
INFO: Run Behavior\BuildLiteBehavior [ RunTime:0.000026s ]
INFO: [ app_init ] --END-- [ RunTime:0.000181s ]
INFO: [ app_begin ] --START--
INFO: Run Behavior\ReadHtmlCacheBehavior [ RunTime:0.000071s ]
INFO: [ app_begin ] --END-- [ RunTime:0.000174s ]
NOTIC: [8] Undefined index: user /var/www/guozhi/App/Fruit/Controller/IndexController.class.php 第 44 行.
NOTIC: [8] Undefined index: hasJumped /var/www/guozhi/App/Fruit/Controller/IndexController.class.php 第 44 行.
NOTIC: [8] Undefined index: carnum /var/www/guozhi/App/Fruit/Controller/IndexController.class.php 第 56 行.
NOTIC: [8] Undefined index: car /var/www/guozhi/App/Fruit/Controller/IndexController.class.php 第 57 行.
NOTIC: [8] Undefined index: car /var/www/guozhi/App/Fruit/Controller/IndexController.class.php 第 62 行.
NOTIC: [2] Invalid argument supplied for foreach() /var/www/guozhi/App/Fruit/Controller/IndexController.class.php 第 62 行.
SQL: SHOW COLUMNS FROM `fruit_type` [ RunTime:0.0006s ]
SQL: SELECT * FROM `fruit_type` ORDER BY `order` DESC  [ RunTime:0.0001s ]
SQL: SHOW COLUMNS FROM `fruit` [ RunTime:0.0008s ]
SQL: SELECT * FROM `fruit` WHERE ( `order`!=0 AND  `recommend`=1   ) ORDER BY `order` DESC  [ RunTime:0.0001s ]
INFO: [ view_parse ] --START--
INFO: [ template_filter ] --START--
INFO: Run Behavior\ContentReplaceBehavior [ RunTime:0.000077s ]
INFO: [ template_filter ] --END-- [ RunTime:0.000206s ]
INFO: Run Behavior\ParseTemplateBehavior [ RunTime:0.007716s ]
INFO: [ view_parse ] --END-- [ RunTime:0.007825s ]
INFO: [ view_filter ] --START--
INFO: Run Behavior\WriteHtmlCacheBehavior [ RunTime:0.000080s ]
INFO: [ view_filter ] --END-- [ RunTime:0.000174s ]
INFO: [ app_end ] --START--
INFO: Run Behavior\ShowPageTraceBehavior [ RunTime:0.000072s ]
INFO: [ app_end ] --END-- [ RunTime:0.000167s ]

[ 2015-08-22T23:50:15+08:00 ] 123.117.34.213 /index.php/Fruit/Index/location.html
INFO: [ app_init ] --START--
INFO: Run Behavior\BuildLiteBehavior [ RunTime:0.000027s ]
INFO: [ app_init ] --END-- [ RunTime:0.000173s ]
INFO: [ app_begin ] --START--
INFO: Run Behavior\ReadHtmlCacheBehavior [ RunTime:0.000064s ]
INFO: [ app_begin ] --END-- [ RunTime:0.000166s ]
NOTIC: [8] Undefined index: user /var/www/guozhi/App/Fruit/Controller/IndexController.class.php 第 10 行.
SQL: SHOW COLUMNS FROM `user` [ RunTime:0.0007s ]
SQL: SELECT * FROM `user` WHERE ( `wei_id`='oWeLOvneJ6xRythTnGkX8vudDcVM' )  [ RunTime:0.0001s ]
SQL: UPDATE `user` SET `ltime`='1440258615' WHERE `user_id` = 106 [ RunTime:0.0213s ]
NOTIC: [8] Undefined index: carnum /var/www/guozhi/App/Fruit/Controller/IndexController.class.php 第 56 行.
NOTIC: [8] Undefined index: car /var/www/guozhi/App/Fruit/Controller/IndexController.class.php 第 57 行.
NOTIC: [8] Undefined index: car /var/www/guozhi/App/Fruit/Controller/IndexController.class.php 第 62 行.
NOTIC: [2] Invalid argument supplied for foreach() /var/www/guozhi/App/Fruit/Controller/IndexController.class.php 第 62 行.
INFO: [ view_parse ] --START--
INFO: [ template_filter ] --START--
INFO: Run Behavior\ContentReplaceBehavior [ RunTime:0.000063s ]
INFO: [ template_filter ] --END-- [ RunTime:0.000177s ]
INFO: Run Behavior\ParseTemplateBehavior [ RunTime:0.002777s ]
INFO: [ view_parse ] --END-- [ RunTime:0.002887s ]
INFO: [ view_filter ] --START--
INFO: Run Behavior\WriteHtmlCacheBehavior [ RunTime:0.000075s ]
INFO: [ view_filter ] --END-- [ RunTime:0.000167s ]
INFO: [ app_end ] --START--
INFO: Run Behavior\ShowPageTraceBehavior [ RunTime:0.000081s ]
INFO: [ app_end ] --END-- [ RunTime:0.000177s ]

[ 2015-08-22T23:50:17+08:00 ] 123.117.34.213 /index.php/Fruit/Index/index
INFO: [ app_init ] --START--
INFO: Run Behavior\BuildLiteBehavior [ RunTime:0.000026s ]
INFO: [ app_init ] --END-- [ RunTime:0.000178s ]
INFO: [ app_begin ] --START--
INFO: Run Behavior\ReadHtmlCacheBehavior [ RunTime:0.000070s ]
INFO: [ app_begin ] --END-- [ RunTime:0.000171s ]
NOTIC: [8] Undefined index: car /var/www/guozhi/App/Fruit/Controller/IndexController.class.php 第 57 行.
NOTIC: [8] Undefined index: car /var/www/guozhi/App/Fruit/Controller/IndexController.class.php 第 62 行.
NOTIC: [2] Invalid argument supplied for foreach() /var/www/guozhi/App/Fruit/Controller/IndexController.class.php 第 62 行.
SQL: SHOW COLUMNS FROM `fruit_type` [ RunTime:0.0010s ]
SQL: SELECT * FROM `fruit_type` ORDER BY `order` DESC  [ RunTime:0.0001s ]
SQL: SHOW COLUMNS FROM `fruit` [ RunTime:0.0008s ]
SQL: SELECT * FROM `fruit` WHERE ( `order`!=0 AND  `recommend`=1   ) ORDER BY `order` DESC  [ RunTime:0.0001s ]
INFO: [ view_parse ] --START--
INFO: [ template_filter ] --START--
INFO: Run Behavior\ContentReplaceBehavior [ RunTime:0.000065s ]
INFO: [ template_filter ] --END-- [ RunTime:0.000172s ]
INFO: Run Behavior\ParseTemplateBehavior [ RunTime:0.007646s ]
INFO: [ view_parse ] --END-- [ RunTime:0.007752s ]
INFO: [ view_filter ] --START--
INFO: Run Behavior\WriteHtmlCacheBehavior [ RunTime:0.000067s ]
INFO: [ view_filter ] --END-- [ RunTime:0.000165s ]
INFO: [ app_end ] --START--
INFO: Run Behavior\ShowPageTraceBehavior [ RunTime:0.000067s ]
INFO: [ app_end ] --END-- [ RunTime:0.000161s ]

[ 2015-08-22T23:53:16+08:00 ] 123.117.34.213 /index.php/Fruit/Index/index
INFO: [ app_init ] --START--
INFO: Run Behavior\BuildLiteBehavior [ RunTime:0.000026s ]
INFO: [ app_init ] --END-- [ RunTime:0.000181s ]
INFO: [ app_begin ] --START--
INFO: Run Behavior\ReadHtmlCacheBehavior [ RunTime:0.000071s ]
INFO: [ app_begin ] --END-- [ RunTime:0.000174s ]
NOTIC: [8] Undefined index: car /var/www/guozhi/App/Fruit/Controller/IndexController.class.php 第 57 行.
NOTIC: [8] Undefined index: car /var/www/guozhi/App/Fruit/Controller/IndexController.class.php 第 62 行.
NOTIC: [2] Invalid argument supplied for foreach() /var/www/guozhi/App/Fruit/Controller/IndexController.class.php 第 62 行.
SQL: SHOW COLUMNS FROM `fruit_type` [ RunTime:0.0006s ]
SQL: SELECT * FROM `fruit_type` ORDER BY `order` DESC  [ RunTime:0.0001s ]
SQL: SHOW COLUMNS FROM `fruit` [ RunTime:0.0008s ]
SQL: SELECT * FROM `fruit` WHERE ( `order`!=0 AND  `recommend`=1   ) ORDER BY `order` DESC  [ RunTime:0.0001s ]
INFO: [ view_parse ] --START--
INFO: [ template_filter ] --START--
INFO: Run Behavior\ContentReplaceBehavior [ RunTime:0.000065s ]
INFO: [ template_filter ] --END-- [ RunTime:0.000168s ]
INFO: Run Behavior\ParseTemplateBehavior [ RunTime:0.007163s ]
INFO: [ view_parse ] --END-- [ RunTime:0.007276s ]
INFO: [ view_filter ] --START--
INFO: Run Behavior\WriteHtmlCacheBehavior [ RunTime:0.000068s ]
INFO: [ view_filter ] --END-- [ RunTime:0.000161s ]
INFO: [ app_end ] --START--
INFO: Run Behavior\ShowPageTraceBehavior [ RunTime:0.000072s ]
INFO: [ app_end ] --END-- [ RunTime:0.000169s ]

[ 2015-08-22T23:53:25+08:00 ] 123.117.34.213 /index.php/Fruit/Index/index/type/2
INFO: [ app_init ] --START--
INFO: Run Behavior\BuildLiteBehavior [ RunTime:0.000026s ]
INFO: [ app_init ] --END-- [ RunTime:0.000182s ]
INFO: [ app_begin ] --START--
INFO: Run Behavior\ReadHtmlCacheBehavior [ RunTime:0.000069s ]
INFO: [ app_begin ] --END-- [ RunTime:0.000170s ]
NOTIC: [8] Undefined index: car /var/www/guozhi/App/Fruit/Controller/IndexController.class.php 第 57 行.
NOTIC: [8] Undefined index: car /var/www/guozhi/App/Fruit/Controller/IndexController.class.php 第 62 行.
NOTIC: [2] Invalid argument supplied for foreach() /var/www/guozhi/App/Fruit/Controller/IndexController.class.php 第 62 行.
SQL: SHOW COLUMNS FROM `fruit_type` [ RunTime:0.0007s ]
SQL: SELECT * FROM `fruit_type` ORDER BY `order` DESC  [ RunTime:0.0001s ]
SQL: SHOW COLUMNS FROM `fruit` [ RunTime:0.0007s ]
SQL: SELECT * FROM `fruit` WHERE ( `order`!=0 AND  `type_id`=2   ) ORDER BY `order` DESC  [ RunTime:0.0001s ]
INFO: [ view_parse ] --START--
INFO: [ template_filter ] --START--
INFO: Run Behavior\ContentReplaceBehavior [ RunTime:0.000075s ]
INFO: [ template_filter ] --END-- [ RunTime:0.000201s ]
INFO: Run Behavior\ParseTemplateBehavior [ RunTime:0.007597s ]
INFO: [ view_parse ] --END-- [ RunTime:0.007711s ]
INFO: [ view_filter ] --START--
INFO: Run Behavior\WriteHtmlCacheBehavior [ RunTime:0.000095s ]
INFO: [ view_filter ] --END-- [ RunTime:0.000190s ]
INFO: [ app_end ] --START--
INFO: Run Behavior\ShowPageTraceBehavior [ RunTime:0.000073s ]
INFO: [ app_end ] --END-- [ RunTime:0.000173s ]

[ 2015-08-22T23:53:38+08:00 ] 123.117.34.213 /index.php/Fruit/Index/index/type/1
INFO: [ app_init ] --START--
INFO: Run Behavior\BuildLiteBehavior [ RunTime:0.000027s ]
INFO: [ app_init ] --END-- [ RunTime:0.000182s ]
INFO: [ app_begin ] --START--
INFO: Run Behavior\ReadHtmlCacheBehavior [ RunTime:0.000071s ]
INFO: [ app_begin ] --END-- [ RunTime:0.000181s ]
NOTIC: [8] Undefined index: car /var/www/guozhi/App/Fruit/Controller/IndexController.class.php 第 57 行.
NOTIC: [8] Undefined index: car /var/www/guozhi/App/Fruit/Controller/IndexController.class.php 第 62 行.
NOTIC: [2] Invalid argument supplied for foreach() /var/www/guozhi/App/Fruit/Controller/IndexController.class.php 第 62 行.
SQL: SHOW COLUMNS FROM `fruit_type` [ RunTime:0.0006s ]
SQL: SELECT * FROM `fruit_type` ORDER BY `order` DESC  [ RunTime:0.0001s ]
SQL: SHOW COLUMNS FROM `fruit` [ RunTime:0.0008s ]
SQL: SELECT * FROM `fruit` WHERE ( `order`!=0 AND  `type_id`=1   ) ORDER BY `order` DESC  [ RunTime:0.0001s ]
INFO: [ view_parse ] --START--
INFO: [ template_filter ] --START--
INFO: Run Behavior\ContentReplaceBehavior [ RunTime:0.000067s ]
INFO: [ template_filter ] --END-- [ RunTime:0.000172s ]
INFO: Run Behavior\ParseTemplateBehavior [ RunTime:0.007080s ]
INFO: [ view_parse ] --END-- [ RunTime:0.007190s ]
INFO: [ view_filter ] --START--
INFO: Run Behavior\WriteHtmlCacheBehavior [ RunTime:0.000067s ]
INFO: [ view_filter ] --END-- [ RunTime:0.000161s ]
INFO: [ app_end ] --START--
INFO: Run Behavior\ShowPageTraceBehavior [ RunTime:0.000067s ]
INFO: [ app_end ] --END-- [ RunTime:0.000161s ]

