[ 2015-08-28T23:06:10+08:00 ] 223.104.3.178 /index.php/Fruit/Index/location.html
INFO: [ app_init ] --START--
INFO: Run Behavior\BuildLiteBehavior [ RunTime:0.000026s ]
INFO: [ app_init ] --END-- [ RunTime:0.000180s ]
INFO: [ app_begin ] --START--
INFO: Run Behavior\ReadHtmlCacheBehavior [ RunTime:0.000072s ]
INFO: [ app_begin ] --END-- [ RunTime:0.000175s ]
NOTIC: [8] Undefined index: user /var/www/guozhi/App/Fruit/Controller/IndexController.class.php 第 10 行.
SQL: SHOW COLUMNS FROM `user` [ RunTime:0.0007s ]
SQL: SELECT * FROM `user` WHERE ( `wei_id`='oWeLOvtcp7ytnYNcmp3nPEFjRUos' )  [ RunTime:0.0001s ]
SQL: UPDATE `user` SET `ltime`='1440774370' WHERE `user_id` = 137 [ RunTime:0.0190s ]
NOTIC: [8] Undefined index: carnum /var/www/guozhi/App/Fruit/Controller/IndexController.class.php 第 56 行.
NOTIC: [8] Undefined index: car /var/www/guozhi/App/Fruit/Controller/IndexController.class.php 第 57 行.
NOTIC: [8] Undefined index: car /var/www/guozhi/App/Fruit/Controller/IndexController.class.php 第 62 行.
NOTIC: [2] Invalid argument supplied for foreach() /var/www/guozhi/App/Fruit/Controller/IndexController.class.php 第 62 行.
INFO: [ view_parse ] --START--
INFO: [ template_filter ] --START--
INFO: Run Behavior\ContentReplaceBehavior [ RunTime:0.000059s ]
INFO: [ template_filter ] --END-- [ RunTime:0.000162s ]
INFO: Run Behavior\ParseTemplateBehavior [ RunTime:0.002313s ]
INFO: [ view_parse ] --END-- [ RunTime:0.002420s ]
INFO: [ view_filter ] --START--
INFO: Run Behavior\WriteHtmlCacheBehavior [ RunTime:0.000069s ]
INFO: [ view_filter ] --END-- [ RunTime:0.000164s ]
INFO: [ app_end ] --START--
INFO: Run Behavior\ShowPageTraceBehavior [ RunTime:0.000069s ]
INFO: [ app_end ] --END-- [ RunTime:0.000164s ]

[ 2015-08-28T23:06:25+08:00 ] 223.104.3.178 /index.php/Fruit/Index/index
INFO: [ app_init ] --START--
INFO: Run Behavior\BuildLiteBehavior [ RunTime:0.000026s ]
INFO: [ app_init ] --END-- [ RunTime:0.000177s ]
INFO: [ app_begin ] --START--
INFO: Run Behavior\ReadHtmlCacheBehavior [ RunTime:0.000069s ]
INFO: [ app_begin ] --END-- [ RunTime:0.000170s ]
NOTIC: [8] Undefined index: car /var/www/guozhi/App/Fruit/Controller/IndexController.class.php 第 57 行.
NOTIC: [8] Undefined index: car /var/www/guozhi/App/Fruit/Controller/IndexController.class.php 第 62 行.
NOTIC: [2] Invalid argument supplied for foreach() /var/www/guozhi/App/Fruit/Controller/IndexController.class.php 第 62 行.
SQL: SHOW COLUMNS FROM `fruit_type` [ RunTime:0.0006s ]
SQL: SELECT * FROM `fruit_type` ORDER BY `order` DESC  [ RunTime:0.0001s ]
SQL: SHOW COLUMNS FROM `fruit` [ RunTime:0.0008s ]
SQL: SELECT * FROM `fruit` WHERE ( `order`!=0 AND  `recommend`=1   ) ORDER BY `order` DESC  [ RunTime:0.0003s ]
INFO: [ view_parse ] --START--
INFO: [ template_filter ] --START--
INFO: Run Behavior\ContentReplaceBehavior [ RunTime:0.000067s ]
INFO: [ template_filter ] --END-- [ RunTime:0.000171s ]
INFO: Run Behavior\ParseTemplateBehavior [ RunTime:0.007308s ]
INFO: [ view_parse ] --END-- [ RunTime:0.007413s ]
INFO: [ view_filter ] --START--
INFO: Run Behavior\WriteHtmlCacheBehavior [ RunTime:0.000069s ]
INFO: [ view_filter ] --END-- [ RunTime:0.000162s ]
INFO: [ app_end ] --START--
INFO: Run Behavior\ShowPageTraceBehavior [ RunTime:0.000069s ]
INFO: [ app_end ] --END-- [ RunTime:0.000164s ]

[ 2015-08-28T23:07:43+08:00 ] 61.135.213.225 /index.php/Fruit/Index/index
INFO: [ app_init ] --START--
INFO: Run Behavior\BuildLiteBehavior [ RunTime:0.000027s ]
INFO: [ app_init ] --END-- [ RunTime:0.000183s ]
INFO: [ app_begin ] --START--
INFO: Run Behavior\ReadHtmlCacheBehavior [ RunTime:0.000072s ]
INFO: [ app_begin ] --END-- [ RunTime:0.000184s ]
NOTIC: [8] Undefined index: car /var/www/guozhi/App/Fruit/Controller/IndexController.class.php 第 57 行.
NOTIC: [8] Undefined index: car /var/www/guozhi/App/Fruit/Controller/IndexController.class.php 第 62 行.
NOTIC: [2] Invalid argument supplied for foreach() /var/www/guozhi/App/Fruit/Controller/IndexController.class.php 第 62 行.
SQL: SHOW COLUMNS FROM `fruit_type` [ RunTime:0.0006s ]
SQL: SELECT * FROM `fruit_type` ORDER BY `order` DESC  [ RunTime:0.0001s ]
SQL: SHOW COLUMNS FROM `fruit` [ RunTime:0.0007s ]
SQL: SELECT * FROM `fruit` WHERE ( `order`!=0 AND  `recommend`=1   ) ORDER BY `order` DESC  [ RunTime:0.0001s ]
INFO: [ view_parse ] --START--
INFO: [ template_filter ] --START--
INFO: Run Behavior\ContentReplaceBehavior [ RunTime:0.000064s ]
INFO: [ template_filter ] --END-- [ RunTime:0.000166s ]
INFO: Run Behavior\ParseTemplateBehavior [ RunTime:0.007137s ]
INFO: [ view_parse ] --END-- [ RunTime:0.007243s ]
INFO: [ view_filter ] --START--
INFO: Run Behavior\WriteHtmlCacheBehavior [ RunTime:0.000068s ]
INFO: [ view_filter ] --END-- [ RunTime:0.000161s ]
INFO: [ app_end ] --START--
INFO: Run Behavior\ShowPageTraceBehavior [ RunTime:0.000069s ]
INFO: [ app_end ] --END-- [ RunTime:0.000162s ]

[ 2015-08-28T23:08:08+08:00 ] 61.135.213.225 /index.php/Fruit/Index/index/type/2
INFO: [ app_init ] --START--
INFO: Run Behavior\BuildLiteBehavior [ RunTime:0.000027s ]
INFO: [ app_init ] --END-- [ RunTime:0.000181s ]
INFO: [ app_begin ] --START--
INFO: Run Behavior\ReadHtmlCacheBehavior [ RunTime:0.000068s ]
INFO: [ app_begin ] --END-- [ RunTime:0.000169s ]
NOTIC: [8] Undefined index: car /var/www/guozhi/App/Fruit/Controller/IndexController.class.php 第 57 行.
NOTIC: [8] Undefined index: car /var/www/guozhi/App/Fruit/Controller/IndexController.class.php 第 62 行.
NOTIC: [2] Invalid argument supplied for foreach() /var/www/guozhi/App/Fruit/Controller/IndexController.class.php 第 62 行.
SQL: SHOW COLUMNS FROM `fruit_type` [ RunTime:0.0006s ]
SQL: SELECT * FROM `fruit_type` ORDER BY `order` DESC  [ RunTime:0.0001s ]
SQL: SHOW COLUMNS FROM `fruit` [ RunTime:0.0007s ]
SQL: SELECT * FROM `fruit` WHERE ( `order`!=0 AND  `type_id`=2   ) ORDER BY `order` DESC  [ RunTime:0.0004s ]
INFO: [ view_parse ] --START--
INFO: [ template_filter ] --START--
INFO: Run Behavior\ContentReplaceBehavior [ RunTime:0.000065s ]
INFO: [ template_filter ] --END-- [ RunTime:0.000167s ]
INFO: Run Behavior\ParseTemplateBehavior [ RunTime:0.007175s ]
INFO: [ view_parse ] --END-- [ RunTime:0.007282s ]
INFO: [ view_filter ] --START--
INFO: Run Behavior\WriteHtmlCacheBehavior [ RunTime:0.000066s ]
INFO: [ view_filter ] --END-- [ RunTime:0.000160s ]
INFO: [ app_end ] --START--
INFO: Run Behavior\ShowPageTraceBehavior [ RunTime:0.000072s ]
INFO: [ app_end ] --END-- [ RunTime:0.000176s ]

[ 2015-08-28T23:08:23+08:00 ] 61.135.213.225 /index.php/Fruit/Index/detail/id/31
INFO: [ app_init ] --START--
INFO: Run Behavior\BuildLiteBehavior [ RunTime:0.000027s ]
INFO: [ app_init ] --END-- [ RunTime:0.000185s ]
INFO: [ app_begin ] --START--
INFO: Run Behavior\ReadHtmlCacheBehavior [ RunTime:0.000070s ]
INFO: [ app_begin ] --END-- [ RunTime:0.000172s ]
NOTIC: [8] Undefined index: car /var/www/guozhi/App/Fruit/Controller/IndexController.class.php 第 57 行.
NOTIC: [8] Undefined index: car /var/www/guozhi/App/Fruit/Controller/IndexController.class.php 第 62 行.
NOTIC: [2] Invalid argument supplied for foreach() /var/www/guozhi/App/Fruit/Controller/IndexController.class.php 第 62 行.
SQL: SHOW COLUMNS FROM `fruit` [ RunTime:0.0010s ]
SQL: SELECT * FROM `fruit` WHERE ( fruit_id=31 )  [ RunTime:0.0003s ]
SQL: SHOW COLUMNS FROM `fruit_addinfo` [ RunTime:0.0004s ]
SQL: SELECT * FROM `fruit_addinfo` WHERE ( `fruit_id`='31' AND `display_order`!=0 ) ORDER BY display_order desc  [ RunTime:0.0001s ]
SQL: SHOW COLUMNS FROM `order_detail` [ RunTime:0.0005s ]
SQL: SELECT count(1) comments FROM `order_detail` WHERE ( fruit_id=31 and commend!='0' )  [ RunTime:0.0002s ]
INFO: [ view_parse ] --START--
INFO: [ template_filter ] --START--
INFO: Run Behavior\ContentReplaceBehavior [ RunTime:0.000078s ]
INFO: [ template_filter ] --END-- [ RunTime:0.000193s ]
INFO: Run Behavior\ParseTemplateBehavior [ RunTime:0.007145s ]
INFO: [ view_parse ] --END-- [ RunTime:0.007276s ]
INFO: [ view_filter ] --START--
INFO: Run Behavior\WriteHtmlCacheBehavior [ RunTime:0.000092s ]
INFO: [ view_filter ] --END-- [ RunTime:0.000216s ]
INFO: [ app_end ] --START--
INFO: Run Behavior\ShowPageTraceBehavior [ RunTime:0.000073s ]
INFO: [ app_end ] --END-- [ RunTime:0.000173s ]

[ 2015-08-28T23:09:35+08:00 ] 61.135.213.225 /index.php/Fruit/Index/index/type/1
INFO: [ app_init ] --START--
INFO: Run Behavior\BuildLiteBehavior [ RunTime:0.000032s ]
INFO: [ app_init ] --END-- [ RunTime:0.000238s ]
INFO: [ app_begin ] --START--
INFO: Run Behavior\ReadHtmlCacheBehavior [ RunTime:0.000085s ]
INFO: [ app_begin ] --END-- [ RunTime:0.000196s ]
NOTIC: [8] Undefined index: car /var/www/guozhi/App/Fruit/Controller/IndexController.class.php 第 57 行.
NOTIC: [8] Undefined index: car /var/www/guozhi/App/Fruit/Controller/IndexController.class.php 第 62 行.
NOTIC: [2] Invalid argument supplied for foreach() /var/www/guozhi/App/Fruit/Controller/IndexController.class.php 第 62 行.
SQL: SHOW COLUMNS FROM `fruit_type` [ RunTime:0.0007s ]
SQL: SELECT * FROM `fruit_type` ORDER BY `order` DESC  [ RunTime:0.0001s ]
SQL: SHOW COLUMNS FROM `fruit` [ RunTime:0.0008s ]
SQL: SELECT * FROM `fruit` WHERE ( `order`!=0 AND  `type_id`=1   ) ORDER BY `order` DESC  [ RunTime:0.0004s ]
INFO: [ view_parse ] --START--
INFO: [ template_filter ] --START--
INFO: Run Behavior\ContentReplaceBehavior [ RunTime:0.000072s ]
INFO: [ template_filter ] --END-- [ RunTime:0.000187s ]
INFO: Run Behavior\ParseTemplateBehavior [ RunTime:0.008162s ]
INFO: [ view_parse ] --END-- [ RunTime:0.008289s ]
INFO: [ view_filter ] --START--
INFO: Run Behavior\WriteHtmlCacheBehavior [ RunTime:0.000076s ]
INFO: [ view_filter ] --END-- [ RunTime:0.000171s ]
INFO: [ app_end ] --START--
INFO: Run Behavior\ShowPageTraceBehavior [ RunTime:0.000080s ]
INFO: [ app_end ] --END-- [ RunTime:0.000182s ]

[ 2015-08-28T23:09:36+08:00 ] 61.135.213.225 /index.php/Fruit/Index/index/type/1
INFO: [ app_init ] --START--
INFO: Run Behavior\BuildLiteBehavior [ RunTime:0.000026s ]
INFO: [ app_init ] --END-- [ RunTime:0.000172s ]
INFO: [ app_begin ] --START--
INFO: Run Behavior\ReadHtmlCacheBehavior [ RunTime:0.000064s ]
INFO: [ app_begin ] --END-- [ RunTime:0.000164s ]
NOTIC: [8] Undefined index: car /var/www/guozhi/App/Fruit/Controller/IndexController.class.php 第 57 行.
NOTIC: [8] Undefined index: car /var/www/guozhi/App/Fruit/Controller/IndexController.class.php 第 62 行.
NOTIC: [2] Invalid argument supplied for foreach() /var/www/guozhi/App/Fruit/Controller/IndexController.class.php 第 62 行.
SQL: SHOW COLUMNS FROM `fruit_type` [ RunTime:0.0006s ]
SQL: SELECT * FROM `fruit_type` ORDER BY `order` DESC  [ RunTime:0.0001s ]
SQL: SHOW COLUMNS FROM `fruit` [ RunTime:0.0008s ]
SQL: SELECT * FROM `fruit` WHERE ( `order`!=0 AND  `type_id`=1   ) ORDER BY `order` DESC  [ RunTime:0.0001s ]
INFO: [ view_parse ] --START--
INFO: [ template_filter ] --START--
INFO: Run Behavior\ContentReplaceBehavior [ RunTime:0.000068s ]
INFO: [ template_filter ] --END-- [ RunTime:0.000170s ]
INFO: Run Behavior\ParseTemplateBehavior [ RunTime:0.007042s ]
INFO: [ view_parse ] --END-- [ RunTime:0.007149s ]
INFO: [ view_filter ] --START--
INFO: Run Behavior\WriteHtmlCacheBehavior [ RunTime:0.000062s ]
INFO: [ view_filter ] --END-- [ RunTime:0.000155s ]
INFO: [ app_end ] --START--
INFO: Run Behavior\ShowPageTraceBehavior [ RunTime:0.000062s ]
INFO: [ app_end ] --END-- [ RunTime:0.000157s ]

[ 2015-08-28T23:12:26+08:00 ] 61.135.213.225 /index.php/Fruit/Index/index/type/4
INFO: [ app_init ] --START--
INFO: Run Behavior\BuildLiteBehavior [ RunTime:0.000033s ]
INFO: [ app_init ] --END-- [ RunTime:0.000241s ]
INFO: [ app_begin ] --START--
INFO: Run Behavior\ReadHtmlCacheBehavior [ RunTime:0.000086s ]
INFO: [ app_begin ] --END-- [ RunTime:0.000213s ]
NOTIC: [8] Undefined index: car /var/www/guozhi/App/Fruit/Controller/IndexController.class.php 第 57 行.
NOTIC: [8] Undefined index: car /var/www/guozhi/App/Fruit/Controller/IndexController.class.php 第 62 行.
NOTIC: [2] Invalid argument supplied for foreach() /var/www/guozhi/App/Fruit/Controller/IndexController.class.php 第 62 行.
SQL: SHOW COLUMNS FROM `fruit_type` [ RunTime:0.0007s ]
SQL: SELECT * FROM `fruit_type` ORDER BY `order` DESC  [ RunTime:0.0001s ]
SQL: SHOW COLUMNS FROM `fruit` [ RunTime:0.0007s ]
SQL: SELECT * FROM `fruit` WHERE ( `order`!=0 AND  `type_id`=4   ) ORDER BY `order` DESC  [ RunTime:0.0005s ]
INFO: [ view_parse ] --START--
INFO: [ template_filter ] --START--
INFO: Run Behavior\ContentReplaceBehavior [ RunTime:0.000069s ]
INFO: [ template_filter ] --END-- [ RunTime:0.000175s ]
INFO: Run Behavior\ParseTemplateBehavior [ RunTime:0.008016s ]
INFO: [ view_parse ] --END-- [ RunTime:0.008126s ]
INFO: [ view_filter ] --START--
INFO: Run Behavior\WriteHtmlCacheBehavior [ RunTime:0.000074s ]
INFO: [ view_filter ] --END-- [ RunTime:0.000168s ]
INFO: [ app_end ] --START--
INFO: Run Behavior\ShowPageTraceBehavior [ RunTime:0.000080s ]
INFO: [ app_end ] --END-- [ RunTime:0.000177s ]

[ 2015-08-28T23:12:30+08:00 ] 61.135.213.225 /index.php/Fruit/Index/index/type/2
INFO: [ app_init ] --START--
INFO: Run Behavior\BuildLiteBehavior [ RunTime:0.000033s ]
INFO: [ app_init ] --END-- [ RunTime:0.000302s ]
INFO: [ app_begin ] --START--
INFO: Run Behavior\ReadHtmlCacheBehavior [ RunTime:0.000087s ]
INFO: [ app_begin ] --END-- [ RunTime:0.000199s ]
NOTIC: [8] Undefined index: car /var/www/guozhi/App/Fruit/Controller/IndexController.class.php 第 57 行.
NOTIC: [8] Undefined index: car /var/www/guozhi/App/Fruit/Controller/IndexController.class.php 第 62 行.
NOTIC: [2] Invalid argument supplied for foreach() /var/www/guozhi/App/Fruit/Controller/IndexController.class.php 第 62 行.
SQL: SHOW COLUMNS FROM `fruit_type` [ RunTime:0.0007s ]
SQL: SELECT * FROM `fruit_type` ORDER BY `order` DESC  [ RunTime:0.0001s ]
SQL: SHOW COLUMNS FROM `fruit` [ RunTime:0.0007s ]
SQL: SELECT * FROM `fruit` WHERE ( `order`!=0 AND  `type_id`=2   ) ORDER BY `order` DESC  [ RunTime:0.0001s ]
INFO: [ view_parse ] --START--
INFO: [ template_filter ] --START--
INFO: Run Behavior\ContentReplaceBehavior [ RunTime:0.000081s ]
INFO: [ template_filter ] --END-- [ RunTime:0.000215s ]
INFO: Run Behavior\ParseTemplateBehavior [ RunTime:0.008467s ]
INFO: [ view_parse ] --END-- [ RunTime:0.008578s ]
INFO: [ view_filter ] --START--
INFO: Run Behavior\WriteHtmlCacheBehavior [ RunTime:0.000086s ]
INFO: [ view_filter ] --END-- [ RunTime:0.000179s ]
INFO: [ app_end ] --START--
INFO: Run Behavior\ShowPageTraceBehavior [ RunTime:0.000084s ]
INFO: [ app_end ] --END-- [ RunTime:0.000185s ]

[ 2015-08-28T23:12:41+08:00 ] 61.135.213.225 /index.php/Fruit/Index/detail/id/27
INFO: [ app_init ] --START--
INFO: Run Behavior\BuildLiteBehavior [ RunTime:0.000032s ]
INFO: [ app_init ] --END-- [ RunTime:0.000242s ]
INFO: [ app_begin ] --START--
INFO: Run Behavior\ReadHtmlCacheBehavior [ RunTime:0.000086s ]
INFO: [ app_begin ] --END-- [ RunTime:0.000200s ]
NOTIC: [8] Undefined index: car /var/www/guozhi/App/Fruit/Controller/IndexController.class.php 第 57 行.
NOTIC: [8] Undefined index: car /var/www/guozhi/App/Fruit/Controller/IndexController.class.php 第 62 行.
NOTIC: [2] Invalid argument supplied for foreach() /var/www/guozhi/App/Fruit/Controller/IndexController.class.php 第 62 行.
SQL: SHOW COLUMNS FROM `fruit` [ RunTime:0.0010s ]
SQL: SELECT * FROM `fruit` WHERE ( fruit_id=27 )  [ RunTime:0.0003s ]
SQL: SHOW COLUMNS FROM `fruit_addinfo` [ RunTime:0.0004s ]
SQL: SELECT * FROM `fruit_addinfo` WHERE ( `fruit_id`='27' AND `display_order`!=0 ) ORDER BY display_order desc  [ RunTime:0.0001s ]
SQL: SHOW COLUMNS FROM `order_detail` [ RunTime:0.0005s ]
SQL: SELECT count(1) comments FROM `order_detail` WHERE ( fruit_id=27 and commend!='0' )  [ RunTime:0.0003s ]
INFO: [ view_parse ] --START--
INFO: [ template_filter ] --START--
INFO: Run Behavior\ContentReplaceBehavior [ RunTime:0.000080s ]
INFO: [ template_filter ] --END-- [ RunTime:0.000184s ]
INFO: Run Behavior\ParseTemplateBehavior [ RunTime:0.007989s ]
INFO: [ view_parse ] --END-- [ RunTime:0.008102s ]
INFO: [ view_filter ] --START--
INFO: Run Behavior\WriteHtmlCacheBehavior [ RunTime:0.000075s ]
INFO: [ view_filter ] --END-- [ RunTime:0.000240s ]
INFO: [ app_end ] --START--
INFO: Run Behavior\ShowPageTraceBehavior [ RunTime:0.000125s ]
INFO: [ app_end ] --END-- [ RunTime:0.000237s ]

