[ 2015-08-05T08:29:00+08:00 ] 123.151.42.46 /zhier/index.php/fruit/index
INFO: [ app_init ] --START--
INFO: Run Behavior\BuildLiteBehavior [ RunTime:0.000025s ]
INFO: [ app_init ] --END-- [ RunTime:0.000168s ]
INFO: [ app_begin ] --START--
INFO: Run Behavior\ReadHtmlCacheBehavior [ RunTime:0.000062s ]
INFO: [ app_begin ] --END-- [ RunTime:0.000144s ]
NOTIC: [8] Undefined index: car /var/www/zhier/App/Fruit/Controller/IndexController.class.php 第 57 行.
NOTIC: [8] Undefined index: car /var/www/zhier/App/Fruit/Controller/IndexController.class.php 第 62 行.
NOTIC: [2] Invalid argument supplied for foreach() /var/www/zhier/App/Fruit/Controller/IndexController.class.php 第 62 行.
SQL: SHOW COLUMNS FROM `fruit_type` [ RunTime:0.0007s ]
SQL: SELECT * FROM `fruit_type` ORDER BY `order` DESC  [ RunTime:0.0001s ]
SQL: SHOW COLUMNS FROM `fruit` [ RunTime:0.0007s ]
SQL: SELECT * FROM `fruit` WHERE ( `order`!=0 AND  `recommend`=1   ) ORDER BY `order` DESC  [ RunTime:0.0001s ]
INFO: [ view_parse ] --START--
INFO: [ template_filter ] --START--
INFO: Run Behavior\ContentReplaceBehavior [ RunTime:0.000061s ]
INFO: [ template_filter ] --END-- [ RunTime:0.000142s ]
INFO: Run Behavior\ParseTemplateBehavior [ RunTime:0.006916s ]
INFO: [ view_parse ] --END-- [ RunTime:0.007001s ]
INFO: [ view_filter ] --START--
INFO: Run Behavior\WriteHtmlCacheBehavior [ RunTime:0.000067s ]
INFO: [ view_filter ] --END-- [ RunTime:0.000142s ]
INFO: [ app_end ] --START--
INFO: Run Behavior\ShowPageTraceBehavior [ RunTime:0.000056s ]
INFO: [ app_end ] --END-- [ RunTime:0.000132s ]

[ 2015-08-05T08:29:08+08:00 ] 123.151.42.46 /zhier/index.php/Fruit/Index/detail/id/5
INFO: [ app_init ] --START--
INFO: Run Behavior\BuildLiteBehavior [ RunTime:0.000025s ]
INFO: [ app_init ] --END-- [ RunTime:0.000175s ]
INFO: [ app_begin ] --START--
INFO: Run Behavior\ReadHtmlCacheBehavior [ RunTime:0.000089s ]
INFO: [ app_begin ] --END-- [ RunTime:0.000187s ]
NOTIC: [8] Undefined index: car /var/www/zhier/App/Fruit/Controller/IndexController.class.php 第 57 行.
NOTIC: [8] Undefined index: car /var/www/zhier/App/Fruit/Controller/IndexController.class.php 第 62 行.
NOTIC: [2] Invalid argument supplied for foreach() /var/www/zhier/App/Fruit/Controller/IndexController.class.php 第 62 行.
SQL: SHOW COLUMNS FROM `fruit` [ RunTime:0.0009s ]
SQL: SELECT * FROM `fruit` WHERE ( fruit_id=5 )  [ RunTime:0.0001s ]
SQL: SHOW COLUMNS FROM `fruit_addinfo` [ RunTime:0.0004s ]
SQL: SELECT * FROM `fruit_addinfo` WHERE ( `fruit_id`='5' AND `display_order`!=0 ) ORDER BY display_order desc  [ RunTime:0.0001s ]
SQL: SHOW COLUMNS FROM `order_detail` [ RunTime:0.0005s ]
SQL: SELECT count(1) comments FROM `order_detail` WHERE ( fruit_id=5 and commend!='0' )  [ RunTime:0.0001s ]
INFO: [ view_parse ] --START--
INFO: [ template_filter ] --START--
INFO: Run Behavior\ContentReplaceBehavior [ RunTime:0.000070s ]
INFO: [ template_filter ] --END-- [ RunTime:0.000167s ]
INFO: Run Behavior\ParseTemplateBehavior [ RunTime:0.006188s ]
INFO: [ view_parse ] --END-- [ RunTime:0.006288s ]
INFO: [ view_filter ] --START--
INFO: Run Behavior\WriteHtmlCacheBehavior [ RunTime:0.000065s ]
INFO: [ view_filter ] --END-- [ RunTime:0.000153s ]
INFO: [ app_end ] --START--
INFO: Run Behavior\ShowPageTraceBehavior [ RunTime:0.000066s ]
INFO: [ app_end ] --END-- [ RunTime:0.000157s ]

[ 2015-08-05T08:29:08+08:00 ] 180.153.214.192 /zhier/index.php/Fruit/Index/detail/id/5
INFO: [ app_init ] --START--
INFO: Run Behavior\BuildLiteBehavior [ RunTime:0.000052s ]
INFO: [ app_init ] --END-- [ RunTime:0.000274s ]
INFO: [ app_begin ] --START--
INFO: Run Behavior\ReadHtmlCacheBehavior [ RunTime:0.000063s ]
INFO: [ app_begin ] --END-- [ RunTime:0.000161s ]
NOTIC: [8] Undefined index: user /var/www/zhier/App/Fruit/Controller/IndexController.class.php 第 44 行.
NOTIC: [8] Undefined index: hasJumped /var/www/zhier/App/Fruit/Controller/IndexController.class.php 第 44 行.
NOTIC: [8] Undefined index: carnum /var/www/zhier/App/Fruit/Controller/IndexController.class.php 第 56 行.
NOTIC: [8] Undefined index: car /var/www/zhier/App/Fruit/Controller/IndexController.class.php 第 57 行.
NOTIC: [8] Undefined index: car /var/www/zhier/App/Fruit/Controller/IndexController.class.php 第 62 行.
NOTIC: [2] Invalid argument supplied for foreach() /var/www/zhier/App/Fruit/Controller/IndexController.class.php 第 62 行.
SQL: SHOW COLUMNS FROM `fruit` [ RunTime:0.0009s ]
SQL: SELECT * FROM `fruit` WHERE ( fruit_id=5 )  [ RunTime:0.0001s ]
SQL: SHOW COLUMNS FROM `fruit_addinfo` [ RunTime:0.0004s ]
SQL: SELECT * FROM `fruit_addinfo` WHERE ( `fruit_id`='5' AND `display_order`!=0 ) ORDER BY display_order desc  [ RunTime:0.0001s ]
SQL: SHOW COLUMNS FROM `order_detail` [ RunTime:0.0005s ]
SQL: SELECT count(1) comments FROM `order_detail` WHERE ( fruit_id=5 and commend!='0' )  [ RunTime:0.0001s ]
INFO: [ view_parse ] --START--
INFO: [ template_filter ] --START--
INFO: Run Behavior\ContentReplaceBehavior [ RunTime:0.000070s ]
INFO: [ template_filter ] --END-- [ RunTime:0.000166s ]
INFO: Run Behavior\ParseTemplateBehavior [ RunTime:0.006236s ]
INFO: [ view_parse ] --END-- [ RunTime:0.006335s ]
INFO: [ view_filter ] --START--
INFO: Run Behavior\WriteHtmlCacheBehavior [ RunTime:0.000060s ]
INFO: [ view_filter ] --END-- [ RunTime:0.000148s ]
INFO: [ app_end ] --START--
INFO: Run Behavior\ShowPageTraceBehavior [ RunTime:0.000058s ]
INFO: [ app_end ] --END-- [ RunTime:0.000148s ]

[ 2015-08-05T10:27:49+08:00 ] 115.34.55.126 /zhier/index.php/Fruit/Index/location.html
INFO: [ app_init ] --START--
INFO: Run Behavior\BuildLiteBehavior [ RunTime:0.000023s ]
INFO: [ app_init ] --END-- [ RunTime:0.000149s ]
INFO: [ app_begin ] --START--
INFO: Run Behavior\ReadHtmlCacheBehavior [ RunTime:0.000061s ]
INFO: [ app_begin ] --END-- [ RunTime:0.000155s ]
NOTIC: [8] Undefined index: user /var/www/zhier/App/Fruit/Controller/IndexController.class.php 第 10 行.
SQL: SHOW COLUMNS FROM `user` [ RunTime:0.0005s ]
SQL: SELECT * FROM `user` WHERE ( `wei_id`='oWeLOvtcp7ytnYNcmp3nPEFjRUos' )  [ RunTime:0.0001s ]
SQL: UPDATE `user` SET `ltime`='1438741669' WHERE `user_id` = 137 [ RunTime:0.0189s ]
NOTIC: [8] Undefined index: carnum /var/www/zhier/App/Fruit/Controller/IndexController.class.php 第 56 行.
NOTIC: [8] Undefined index: car /var/www/zhier/App/Fruit/Controller/IndexController.class.php 第 57 行.
NOTIC: [8] Undefined index: car /var/www/zhier/App/Fruit/Controller/IndexController.class.php 第 62 行.
NOTIC: [2] Invalid argument supplied for foreach() /var/www/zhier/App/Fruit/Controller/IndexController.class.php 第 62 行.
INFO: [ view_parse ] --START--
INFO: [ template_filter ] --START--
INFO: Run Behavior\ContentReplaceBehavior [ RunTime:0.000060s ]
INFO: [ template_filter ] --END-- [ RunTime:0.000160s ]
INFO: Run Behavior\ParseTemplateBehavior [ RunTime:0.017103s ]
INFO: [ view_parse ] --END-- [ RunTime:0.017213s ]
INFO: [ view_filter ] --START--
INFO: Run Behavior\WriteHtmlCacheBehavior [ RunTime:0.000066s ]
INFO: [ view_filter ] --END-- [ RunTime:0.000154s ]
INFO: [ app_end ] --START--
INFO: Run Behavior\ShowPageTraceBehavior [ RunTime:0.000069s ]
INFO: [ app_end ] --END-- [ RunTime:0.000158s ]

[ 2015-08-05T10:27:52+08:00 ] 115.34.55.126 /zhier/index.php/Fruit/Index/index
INFO: [ app_init ] --START--
INFO: Run Behavior\BuildLiteBehavior [ RunTime:0.000025s ]
INFO: [ app_init ] --END-- [ RunTime:0.000176s ]
INFO: [ app_begin ] --START--
INFO: Run Behavior\ReadHtmlCacheBehavior [ RunTime:0.000069s ]
INFO: [ app_begin ] --END-- [ RunTime:0.000164s ]
NOTIC: [8] Undefined index: car /var/www/zhier/App/Fruit/Controller/IndexController.class.php 第 57 行.
NOTIC: [8] Undefined index: car /var/www/zhier/App/Fruit/Controller/IndexController.class.php 第 62 行.
NOTIC: [2] Invalid argument supplied for foreach() /var/www/zhier/App/Fruit/Controller/IndexController.class.php 第 62 行.
SQL: SHOW COLUMNS FROM `fruit_type` [ RunTime:0.0006s ]
SQL: SELECT * FROM `fruit_type` ORDER BY `order` DESC  [ RunTime:0.0001s ]
SQL: SHOW COLUMNS FROM `fruit` [ RunTime:0.0007s ]
SQL: SELECT * FROM `fruit` WHERE ( `order`!=0 AND  `recommend`=1   ) ORDER BY `order` DESC  [ RunTime:0.0001s ]
INFO: [ view_parse ] --START--
INFO: [ template_filter ] --START--
INFO: Run Behavior\ContentReplaceBehavior [ RunTime:0.000063s ]
INFO: [ template_filter ] --END-- [ RunTime:0.000159s ]
INFO: Run Behavior\ParseTemplateBehavior [ RunTime:0.033689s ]
INFO: [ view_parse ] --END-- [ RunTime:0.033788s ]
INFO: [ view_filter ] --START--
INFO: Run Behavior\WriteHtmlCacheBehavior [ RunTime:0.000069s ]
INFO: [ view_filter ] --END-- [ RunTime:0.000157s ]
INFO: [ app_end ] --START--
INFO: Run Behavior\ShowPageTraceBehavior [ RunTime:0.000064s ]
INFO: [ app_end ] --END-- [ RunTime:0.000154s ]

[ 2015-08-05T10:27:55+08:00 ] 115.34.55.126 /zhier/index.php/Fruit/Index/index/type/2
INFO: [ app_init ] --START--
INFO: Run Behavior\BuildLiteBehavior [ RunTime:0.000029s ]
INFO: [ app_init ] --END-- [ RunTime:0.000183s ]
INFO: [ app_begin ] --START--
INFO: Run Behavior\ReadHtmlCacheBehavior [ RunTime:0.000067s ]
INFO: [ app_begin ] --END-- [ RunTime:0.000152s ]
NOTIC: [8] Undefined index: car /var/www/zhier/App/Fruit/Controller/IndexController.class.php 第 57 行.
NOTIC: [8] Undefined index: car /var/www/zhier/App/Fruit/Controller/IndexController.class.php 第 62 行.
NOTIC: [2] Invalid argument supplied for foreach() /var/www/zhier/App/Fruit/Controller/IndexController.class.php 第 62 行.
SQL: SHOW COLUMNS FROM `fruit_type` [ RunTime:0.0007s ]
SQL: SELECT * FROM `fruit_type` ORDER BY `order` DESC  [ RunTime:0.0001s ]
SQL: SHOW COLUMNS FROM `fruit` [ RunTime:0.0007s ]
SQL: SELECT * FROM `fruit` WHERE ( `order`!=0 AND  `type_id`=2   ) ORDER BY `order` DESC  [ RunTime:0.0001s ]
INFO: [ view_parse ] --START--
INFO: [ template_filter ] --START--
INFO: Run Behavior\ContentReplaceBehavior [ RunTime:0.000063s ]
INFO: [ template_filter ] --END-- [ RunTime:0.000150s ]
INFO: Run Behavior\ParseTemplateBehavior [ RunTime:0.007245s ]
INFO: [ view_parse ] --END-- [ RunTime:0.007333s ]
INFO: [ view_filter ] --START--
INFO: Run Behavior\WriteHtmlCacheBehavior [ RunTime:0.000066s ]
INFO: [ view_filter ] --END-- [ RunTime:0.000145s ]
INFO: [ app_end ] --START--
INFO: Run Behavior\ShowPageTraceBehavior [ RunTime:0.000057s ]
INFO: [ app_end ] --END-- [ RunTime:0.000133s ]

[ 2015-08-05T10:27:58+08:00 ] 115.34.55.126 /zhier/index.php/Fruit/Index/detail/id/7
INFO: [ app_init ] --START--
INFO: Run Behavior\BuildLiteBehavior [ RunTime:0.000025s ]
INFO: [ app_init ] --END-- [ RunTime:0.000171s ]
INFO: [ app_begin ] --START--
INFO: Run Behavior\ReadHtmlCacheBehavior [ RunTime:0.000066s ]
INFO: [ app_begin ] --END-- [ RunTime:0.000160s ]
NOTIC: [8] Undefined index: car /var/www/zhier/App/Fruit/Controller/IndexController.class.php 第 57 行.
NOTIC: [8] Undefined index: car /var/www/zhier/App/Fruit/Controller/IndexController.class.php 第 62 行.
NOTIC: [2] Invalid argument supplied for foreach() /var/www/zhier/App/Fruit/Controller/IndexController.class.php 第 62 行.
SQL: SHOW COLUMNS FROM `fruit` [ RunTime:0.0010s ]
SQL: SELECT * FROM `fruit` WHERE ( fruit_id=7 )  [ RunTime:0.0003s ]
SQL: SHOW COLUMNS FROM `fruit_addinfo` [ RunTime:0.0004s ]
SQL: SELECT * FROM `fruit_addinfo` WHERE ( `fruit_id`='7' AND `display_order`!=0 ) ORDER BY display_order desc  [ RunTime:0.0001s ]
SQL: SHOW COLUMNS FROM `order_detail` [ RunTime:0.0005s ]
SQL: SELECT count(1) comments FROM `order_detail` WHERE ( fruit_id=7 and commend!='0' )  [ RunTime:0.0002s ]
INFO: [ view_parse ] --START--
INFO: [ template_filter ] --START--
INFO: Run Behavior\ContentReplaceBehavior [ RunTime:0.000071s ]
INFO: [ template_filter ] --END-- [ RunTime:0.000166s ]
INFO: Run Behavior\ParseTemplateBehavior [ RunTime:0.021267s ]
INFO: [ view_parse ] --END-- [ RunTime:0.021367s ]
INFO: [ view_filter ] --START--
INFO: Run Behavior\WriteHtmlCacheBehavior [ RunTime:0.000065s ]
INFO: [ view_filter ] --END-- [ RunTime:0.000153s ]
INFO: [ app_end ] --START--
INFO: Run Behavior\ShowPageTraceBehavior [ RunTime:0.000066s ]
INFO: [ app_end ] --END-- [ RunTime:0.000153s ]

[ 2015-08-05T10:28:09+08:00 ] 115.34.55.126 /zhier/index.php/Fruit/Index/detail/id/24
INFO: [ app_init ] --START--
INFO: Run Behavior\BuildLiteBehavior [ RunTime:0.000029s ]
INFO: [ app_init ] --END-- [ RunTime:0.000184s ]
INFO: [ app_begin ] --START--
INFO: Run Behavior\ReadHtmlCacheBehavior [ RunTime:0.000350s ]
INFO: [ app_begin ] --END-- [ RunTime:0.000451s ]
NOTIC: [8] Undefined index: car /var/www/zhier/App/Fruit/Controller/IndexController.class.php 第 57 行.
NOTIC: [8] Undefined index: car /var/www/zhier/App/Fruit/Controller/IndexController.class.php 第 62 行.
NOTIC: [2] Invalid argument supplied for foreach() /var/www/zhier/App/Fruit/Controller/IndexController.class.php 第 62 行.
SQL: SHOW COLUMNS FROM `fruit` [ RunTime:0.0010s ]
SQL: SELECT * FROM `fruit` WHERE ( fruit_id=24 )  [ RunTime:0.0001s ]
SQL: SHOW COLUMNS FROM `fruit_addinfo` [ RunTime:0.0004s ]
SQL: SELECT * FROM `fruit_addinfo` WHERE ( `fruit_id`='24' AND `display_order`!=0 ) ORDER BY display_order desc  [ RunTime:0.0001s ]
SQL: SHOW COLUMNS FROM `order_detail` [ RunTime:0.0005s ]
SQL: SELECT count(1) comments FROM `order_detail` WHERE ( fruit_id=24 and commend!='0' )  [ RunTime:0.0001s ]
INFO: [ view_parse ] --START--
INFO: [ template_filter ] --START--
INFO: Run Behavior\ContentReplaceBehavior [ RunTime:0.000074s ]
INFO: [ template_filter ] --END-- [ RunTime:0.000171s ]
INFO: Run Behavior\ParseTemplateBehavior [ RunTime:0.007039s ]
INFO: [ view_parse ] --END-- [ RunTime:0.007140s ]
INFO: [ view_filter ] --START--
INFO: Run Behavior\WriteHtmlCacheBehavior [ RunTime:0.000081s ]
INFO: [ view_filter ] --END-- [ RunTime:0.000184s ]
INFO: [ app_end ] --START--
INFO: Run Behavior\ShowPageTraceBehavior [ RunTime:0.000082s ]
INFO: [ app_end ] --END-- [ RunTime:0.000173s ]

[ 2015-08-05T10:28:21+08:00 ] 115.34.55.126 /zhier/index.php/Fruit/Index/detail/id/7
INFO: [ app_init ] --START--
INFO: Run Behavior\BuildLiteBehavior [ RunTime:0.000031s ]
INFO: [ app_init ] --END-- [ RunTime:0.000222s ]
INFO: [ app_begin ] --START--
INFO: Run Behavior\ReadHtmlCacheBehavior [ RunTime:0.000080s ]
INFO: [ app_begin ] --END-- [ RunTime:0.000185s ]
NOTIC: [8] Undefined index: car /var/www/zhier/App/Fruit/Controller/IndexController.class.php 第 57 行.
NOTIC: [8] Undefined index: car /var/www/zhier/App/Fruit/Controller/IndexController.class.php 第 62 行.
NOTIC: [2] Invalid argument supplied for foreach() /var/www/zhier/App/Fruit/Controller/IndexController.class.php 第 62 行.
SQL: SHOW COLUMNS FROM `fruit` [ RunTime:0.0010s ]
SQL: SELECT * FROM `fruit` WHERE ( fruit_id=7 )  [ RunTime:0.0001s ]
SQL: SHOW COLUMNS FROM `fruit_addinfo` [ RunTime:0.0004s ]
SQL: SELECT * FROM `fruit_addinfo` WHERE ( `fruit_id`='7' AND `display_order`!=0 ) ORDER BY display_order desc  [ RunTime:0.0001s ]
SQL: SHOW COLUMNS FROM `order_detail` [ RunTime:0.0005s ]
SQL: SELECT count(1) comments FROM `order_detail` WHERE ( fruit_id=7 and commend!='0' )  [ RunTime:0.0001s ]
INFO: [ view_parse ] --START--
INFO: [ template_filter ] --START--
INFO: Run Behavior\ContentReplaceBehavior [ RunTime:0.000073s ]
INFO: [ template_filter ] --END-- [ RunTime:0.000173s ]
INFO: Run Behavior\ParseTemplateBehavior [ RunTime:0.006677s ]
INFO: [ view_parse ] --END-- [ RunTime:0.006780s ]
INFO: [ view_filter ] --START--
INFO: Run Behavior\WriteHtmlCacheBehavior [ RunTime:0.000071s ]
INFO: [ view_filter ] --END-- [ RunTime:0.000164s ]
INFO: [ app_end ] --START--
INFO: Run Behavior\ShowPageTraceBehavior [ RunTime:0.000143s ]
INFO: [ app_end ] --END-- [ RunTime:0.000235s ]

[ 2015-08-05T10:28:33+08:00 ] 115.34.55.126 /zhier/index.php/Fruit/Index/index/type/4
INFO: [ app_init ] --START--
INFO: Run Behavior\BuildLiteBehavior [ RunTime:0.000025s ]
INFO: [ app_init ] --END-- [ RunTime:0.000169s ]
INFO: [ app_begin ] --START--
INFO: Run Behavior\ReadHtmlCacheBehavior [ RunTime:0.000065s ]
INFO: [ app_begin ] --END-- [ RunTime:0.000146s ]
NOTIC: [8] Undefined index: car /var/www/zhier/App/Fruit/Controller/IndexController.class.php 第 57 行.
NOTIC: [8] Undefined index: car /var/www/zhier/App/Fruit/Controller/IndexController.class.php 第 62 行.
NOTIC: [2] Invalid argument supplied for foreach() /var/www/zhier/App/Fruit/Controller/IndexController.class.php 第 62 行.
SQL: SHOW COLUMNS FROM `fruit_type` [ RunTime:0.0007s ]
SQL: SELECT * FROM `fruit_type` ORDER BY `order` DESC  [ RunTime:0.0001s ]
SQL: SHOW COLUMNS FROM `fruit` [ RunTime:0.0007s ]
SQL: SELECT * FROM `fruit` WHERE ( `order`!=0 AND  `type_id`=4   ) ORDER BY `order` DESC  [ RunTime:0.0004s ]
INFO: [ view_parse ] --START--
INFO: [ template_filter ] --START--
INFO: Run Behavior\ContentReplaceBehavior [ RunTime:0.000063s ]
INFO: [ template_filter ] --END-- [ RunTime:0.000145s ]
INFO: Run Behavior\ParseTemplateBehavior [ RunTime:0.006937s ]
INFO: [ view_parse ] --END-- [ RunTime:0.007022s ]
INFO: [ view_filter ] --START--
INFO: Run Behavior\WriteHtmlCacheBehavior [ RunTime:0.000064s ]
INFO: [ view_filter ] --END-- [ RunTime:0.000141s ]
INFO: [ app_end ] --START--
INFO: Run Behavior\ShowPageTraceBehavior [ RunTime:0.000054s ]
INFO: [ app_end ] --END-- [ RunTime:0.000129s ]

[ 2015-08-05T10:28:37+08:00 ] 115.34.55.126 /zhier/index.php/Fruit/Index/detail/id/5
INFO: [ app_init ] --START--
INFO: Run Behavior\BuildLiteBehavior [ RunTime:0.000025s ]
INFO: [ app_init ] --END-- [ RunTime:0.000173s ]
INFO: [ app_begin ] --START--
INFO: Run Behavior\ReadHtmlCacheBehavior [ RunTime:0.000067s ]
INFO: [ app_begin ] --END-- [ RunTime:0.000162s ]
NOTIC: [8] Undefined index: car /var/www/zhier/App/Fruit/Controller/IndexController.class.php 第 57 行.
NOTIC: [8] Undefined index: car /var/www/zhier/App/Fruit/Controller/IndexController.class.php 第 62 行.
NOTIC: [2] Invalid argument supplied for foreach() /var/www/zhier/App/Fruit/Controller/IndexController.class.php 第 62 行.
SQL: SHOW COLUMNS FROM `fruit` [ RunTime:0.0010s ]
SQL: SELECT * FROM `fruit` WHERE ( fruit_id=5 )  [ RunTime:0.0001s ]
SQL: SHOW COLUMNS FROM `fruit_addinfo` [ RunTime:0.0004s ]
SQL: SELECT * FROM `fruit_addinfo` WHERE ( `fruit_id`='5' AND `display_order`!=0 ) ORDER BY display_order desc  [ RunTime:0.0001s ]
SQL: SHOW COLUMNS FROM `order_detail` [ RunTime:0.0005s ]
SQL: SELECT count(1) comments FROM `order_detail` WHERE ( fruit_id=5 and commend!='0' )  [ RunTime:0.0001s ]
INFO: [ view_parse ] --START--
INFO: [ template_filter ] --START--
INFO: Run Behavior\ContentReplaceBehavior [ RunTime:0.000074s ]
INFO: [ template_filter ] --END-- [ RunTime:0.000181s ]
INFO: Run Behavior\ParseTemplateBehavior [ RunTime:0.006153s ]
INFO: [ view_parse ] --END-- [ RunTime:0.006252s ]
INFO: [ view_filter ] --START--
INFO: Run Behavior\WriteHtmlCacheBehavior [ RunTime:0.000067s ]
INFO: [ view_filter ] --END-- [ RunTime:0.000154s ]
INFO: [ app_end ] --START--
INFO: Run Behavior\ShowPageTraceBehavior [ RunTime:0.000065s ]
INFO: [ app_end ] --END-- [ RunTime:0.000157s ]

[ 2015-08-05T10:28:38+08:00 ] 115.34.55.126 /zhier/index.php/Fruit/Index/location.html
INFO: [ app_init ] --START--
INFO: Run Behavior\BuildLiteBehavior [ RunTime:0.000023s ]
INFO: [ app_init ] --END-- [ RunTime:0.000154s ]
INFO: [ app_begin ] --START--
INFO: Run Behavior\ReadHtmlCacheBehavior [ RunTime:0.000062s ]
INFO: [ app_begin ] --END-- [ RunTime:0.000154s ]
NOTIC: [8] Undefined index: user /var/www/zhier/App/Fruit/Controller/IndexController.class.php 第 10 行.
SQL: SHOW COLUMNS FROM `user` [ RunTime:0.0006s ]
SQL: SELECT * FROM `user` WHERE ( `wei_id`='oWeLOvj2nurI6LkRw9VsSCio2NsM' )  [ RunTime:0.0001s ]
SQL: UPDATE `user` SET `ltime`='1438741718' WHERE `user_id` = 123 [ RunTime:0.0237s ]
NOTIC: [8] Undefined index: carnum /var/www/zhier/App/Fruit/Controller/IndexController.class.php 第 56 行.
NOTIC: [8] Undefined index: car /var/www/zhier/App/Fruit/Controller/IndexController.class.php 第 57 行.
NOTIC: [8] Undefined index: car /var/www/zhier/App/Fruit/Controller/IndexController.class.php 第 62 行.
NOTIC: [2] Invalid argument supplied for foreach() /var/www/zhier/App/Fruit/Controller/IndexController.class.php 第 62 行.
INFO: [ view_parse ] --START--
INFO: [ template_filter ] --START--
INFO: Run Behavior\ContentReplaceBehavior [ RunTime:0.000052s ]
INFO: [ template_filter ] --END-- [ RunTime:0.000146s ]
INFO: Run Behavior\ParseTemplateBehavior [ RunTime:0.002094s ]
INFO: [ view_parse ] --END-- [ RunTime:0.002191s ]
INFO: [ view_filter ] --START--
INFO: Run Behavior\WriteHtmlCacheBehavior [ RunTime:0.000062s ]
INFO: [ view_filter ] --END-- [ RunTime:0.000150s ]
INFO: [ app_end ] --START--
INFO: Run Behavior\ShowPageTraceBehavior [ RunTime:0.000059s ]
INFO: [ app_end ] --END-- [ RunTime:0.000147s ]

[ 2015-08-05T10:28:45+08:00 ] 115.34.55.126 /zhier/index.php/Fruit/Index/index/type/4
INFO: [ app_init ] --START--
INFO: Run Behavior\BuildLiteBehavior [ RunTime:0.000026s ]
INFO: [ app_init ] --END-- [ RunTime:0.000173s ]
INFO: [ app_begin ] --START--
INFO: Run Behavior\ReadHtmlCacheBehavior [ RunTime:0.000080s ]
INFO: [ app_begin ] --END-- [ RunTime:0.000163s ]
NOTIC: [8] Undefined index: car /var/www/zhier/App/Fruit/Controller/IndexController.class.php 第 57 行.
NOTIC: [8] Undefined index: car /var/www/zhier/App/Fruit/Controller/IndexController.class.php 第 62 行.
NOTIC: [2] Invalid argument supplied for foreach() /var/www/zhier/App/Fruit/Controller/IndexController.class.php 第 62 行.
SQL: SHOW COLUMNS FROM `fruit_type` [ RunTime:0.0006s ]
SQL: SELECT * FROM `fruit_type` ORDER BY `order` DESC  [ RunTime:0.0001s ]
SQL: SHOW COLUMNS FROM `fruit` [ RunTime:0.0007s ]
SQL: SELECT * FROM `fruit` WHERE ( `order`!=0 AND  `type_id`=4   ) ORDER BY `order` DESC  [ RunTime:0.0001s ]
INFO: [ view_parse ] --START--
INFO: [ template_filter ] --START--
INFO: Run Behavior\ContentReplaceBehavior [ RunTime:0.000066s ]
INFO: [ template_filter ] --END-- [ RunTime:0.000148s ]
INFO: Run Behavior\ParseTemplateBehavior [ RunTime:0.006970s ]
INFO: [ view_parse ] --END-- [ RunTime:0.007056s ]
INFO: [ view_filter ] --START--
INFO: Run Behavior\WriteHtmlCacheBehavior [ RunTime:0.000065s ]
INFO: [ view_filter ] --END-- [ RunTime:0.000140s ]
INFO: [ app_end ] --START--
INFO: Run Behavior\ShowPageTraceBehavior [ RunTime:0.000056s ]
INFO: [ app_end ] --END-- [ RunTime:0.000182s ]

[ 2015-08-05T10:28:55+08:00 ] 115.34.55.126 /zhier/index.php/Fruit/Index/index
INFO: [ app_init ] --START--
INFO: Run Behavior\BuildLiteBehavior [ RunTime:0.000025s ]
INFO: [ app_init ] --END-- [ RunTime:0.000171s ]
INFO: [ app_begin ] --START--
INFO: Run Behavior\ReadHtmlCacheBehavior [ RunTime:0.000065s ]
INFO: [ app_begin ] --END-- [ RunTime:0.000162s ]
NOTIC: [8] Undefined index: car /var/www/zhier/App/Fruit/Controller/IndexController.class.php 第 57 行.
NOTIC: [8] Undefined index: car /var/www/zhier/App/Fruit/Controller/IndexController.class.php 第 62 行.
NOTIC: [2] Invalid argument supplied for foreach() /var/www/zhier/App/Fruit/Controller/IndexController.class.php 第 62 行.
SQL: SHOW COLUMNS FROM `fruit_type` [ RunTime:0.0007s ]
SQL: SELECT * FROM `fruit_type` ORDER BY `order` DESC  [ RunTime:0.0001s ]
SQL: SHOW COLUMNS FROM `fruit` [ RunTime:0.0008s ]
SQL: SELECT * FROM `fruit` WHERE ( `order`!=0 AND  `recommend`=1   ) ORDER BY `order` DESC  [ RunTime:0.0001s ]
INFO: [ view_parse ] --START--
INFO: [ template_filter ] --START--
INFO: Run Behavior\ContentReplaceBehavior [ RunTime:0.000086s ]
INFO: [ template_filter ] --END-- [ RunTime:0.000200s ]
INFO: Run Behavior\ParseTemplateBehavior [ RunTime:0.007367s ]
INFO: [ view_parse ] --END-- [ RunTime:0.007526s ]
INFO: [ view_filter ] --START--
INFO: Run Behavior\WriteHtmlCacheBehavior [ RunTime:0.000063s ]
INFO: [ view_filter ] --END-- [ RunTime:0.000157s ]
INFO: [ app_end ] --START--
INFO: Run Behavior\ShowPageTraceBehavior [ RunTime:0.000064s ]
INFO: [ app_end ] --END-- [ RunTime:0.000152s ]

[ 2015-08-05T10:28:55+08:00 ] 115.34.55.126 /zhier/index.php/Fruit/Index/detail/id/17
INFO: [ app_init ] --START--
INFO: Run Behavior\BuildLiteBehavior [ RunTime:0.000026s ]
INFO: [ app_init ] --END-- [ RunTime:0.000157s ]
INFO: [ app_begin ] --START--
INFO: Run Behavior\ReadHtmlCacheBehavior [ RunTime:0.000067s ]
INFO: [ app_begin ] --END-- [ RunTime:0.000164s ]
NOTIC: [8] Undefined index: car /var/www/zhier/App/Fruit/Controller/IndexController.class.php 第 57 行.
NOTIC: [8] Undefined index: car /var/www/zhier/App/Fruit/Controller/IndexController.class.php 第 62 行.
NOTIC: [2] Invalid argument supplied for foreach() /var/www/zhier/App/Fruit/Controller/IndexController.class.php 第 62 行.
SQL: SHOW COLUMNS FROM `fruit` [ RunTime:0.0008s ]
SQL: SELECT * FROM `fruit` WHERE ( fruit_id=17 )  [ RunTime:0.0003s ]
SQL: SHOW COLUMNS FROM `fruit_addinfo` [ RunTime:0.0004s ]
SQL: SELECT * FROM `fruit_addinfo` WHERE ( `fruit_id`='17' AND `display_order`!=0 ) ORDER BY display_order desc  [ RunTime:0.0001s ]
SQL: SHOW COLUMNS FROM `order_detail` [ RunTime:0.0005s ]
SQL: SELECT count(1) comments FROM `order_detail` WHERE ( fruit_id=17 and commend!='0' )  [ RunTime:0.0003s ]
INFO: [ view_parse ] --START--
INFO: [ template_filter ] --START--
INFO: Run Behavior\ContentReplaceBehavior [ RunTime:0.000074s ]
INFO: [ template_filter ] --END-- [ RunTime:0.000171s ]
INFO: Run Behavior\ParseTemplateBehavior [ RunTime:0.006291s ]
INFO: [ view_parse ] --END-- [ RunTime:0.006391s ]
INFO: [ view_filter ] --START--
INFO: Run Behavior\WriteHtmlCacheBehavior [ RunTime:0.000063s ]
INFO: [ view_filter ] --END-- [ RunTime:0.000150s ]
INFO: [ app_end ] --START--
INFO: Run Behavior\ShowPageTraceBehavior [ RunTime:0.000069s ]
INFO: [ app_end ] --END-- [ RunTime:0.000158s ]

[ 2015-08-05T10:29:06+08:00 ] 115.34.55.126 /zhier/index.php/Fruit/Index/index/type/2
INFO: [ app_init ] --START--
INFO: Run Behavior\BuildLiteBehavior [ RunTime:0.000026s ]
INFO: [ app_init ] --END-- [ RunTime:0.000173s ]
INFO: [ app_begin ] --START--
INFO: Run Behavior\ReadHtmlCacheBehavior [ RunTime:0.000067s ]
INFO: [ app_begin ] --END-- [ RunTime:0.000148s ]
NOTIC: [8] Undefined index: car /var/www/zhier/App/Fruit/Controller/IndexController.class.php 第 57 行.
NOTIC: [8] Undefined index: car /var/www/zhier/App/Fruit/Controller/IndexController.class.php 第 62 行.
NOTIC: [2] Invalid argument supplied for foreach() /var/www/zhier/App/Fruit/Controller/IndexController.class.php 第 62 行.
SQL: SHOW COLUMNS FROM `fruit_type` [ RunTime:0.0007s ]
SQL: SELECT * FROM `fruit_type` ORDER BY `order` DESC  [ RunTime:0.0001s ]
SQL: SHOW COLUMNS FROM `fruit` [ RunTime:0.0007s ]
SQL: SELECT * FROM `fruit` WHERE ( `order`!=0 AND  `type_id`=2   ) ORDER BY `order` DESC  [ RunTime:0.0001s ]
INFO: [ view_parse ] --START--
INFO: [ template_filter ] --START--
INFO: Run Behavior\ContentReplaceBehavior [ RunTime:0.000063s ]
INFO: [ template_filter ] --END-- [ RunTime:0.000145s ]
INFO: Run Behavior\ParseTemplateBehavior [ RunTime:0.007027s ]
INFO: [ view_parse ] --END-- [ RunTime:0.007113s ]
INFO: [ view_filter ] --START--
INFO: Run Behavior\WriteHtmlCacheBehavior [ RunTime:0.000070s ]
INFO: [ view_filter ] --END-- [ RunTime:0.000143s ]
INFO: [ app_end ] --START--
INFO: Run Behavior\ShowPageTraceBehavior [ RunTime:0.000056s ]
INFO: [ app_end ] --END-- [ RunTime:0.000131s ]

[ 2015-08-05T10:29:09+08:00 ] 115.34.55.126 /zhier/index.php/Fruit/Index/detail/id/5
INFO: [ app_init ] --START--
INFO: Run Behavior\BuildLiteBehavior [ RunTime:0.000025s ]
INFO: [ app_init ] --END-- [ RunTime:0.000169s ]
INFO: [ app_begin ] --START--
INFO: Run Behavior\ReadHtmlCacheBehavior [ RunTime:0.000066s ]
INFO: [ app_begin ] --END-- [ RunTime:0.000161s ]
NOTIC: [8] Undefined index: car /var/www/zhier/App/Fruit/Controller/IndexController.class.php 第 57 行.
NOTIC: [8] Undefined index: car /var/www/zhier/App/Fruit/Controller/IndexController.class.php 第 62 行.
NOTIC: [2] Invalid argument supplied for foreach() /var/www/zhier/App/Fruit/Controller/IndexController.class.php 第 62 行.
SQL: SHOW COLUMNS FROM `fruit` [ RunTime:0.0010s ]
SQL: SELECT * FROM `fruit` WHERE ( fruit_id=5 )  [ RunTime:0.0001s ]
SQL: SHOW COLUMNS FROM `fruit_addinfo` [ RunTime:0.0004s ]
SQL: SELECT * FROM `fruit_addinfo` WHERE ( `fruit_id`='5' AND `display_order`!=0 ) ORDER BY display_order desc  [ RunTime:0.0001s ]
SQL: SHOW COLUMNS FROM `order_detail` [ RunTime:0.0005s ]
SQL: SELECT count(1) comments FROM `order_detail` WHERE ( fruit_id=5 and commend!='0' )  [ RunTime:0.0001s ]
INFO: [ view_parse ] --START--
INFO: [ template_filter ] --START--
INFO: Run Behavior\ContentReplaceBehavior [ RunTime:0.000071s ]
INFO: [ template_filter ] --END-- [ RunTime:0.000166s ]
INFO: Run Behavior\ParseTemplateBehavior [ RunTime:0.006068s ]
INFO: [ view_parse ] --END-- [ RunTime:0.006167s ]
INFO: [ view_filter ] --START--
INFO: Run Behavior\WriteHtmlCacheBehavior [ RunTime:0.000064s ]
INFO: [ view_filter ] --END-- [ RunTime:0.000152s ]
INFO: [ app_end ] --START--
INFO: Run Behavior\ShowPageTraceBehavior [ RunTime:0.000065s ]
INFO: [ app_end ] --END-- [ RunTime:0.000161s ]

[ 2015-08-05T10:29:32+08:00 ] 101.226.66.191 /zhier/index.php/Fruit/Index/index/type/2
INFO: [ app_init ] --START--
INFO: Run Behavior\BuildLiteBehavior [ RunTime:0.000026s ]
INFO: [ app_init ] --END-- [ RunTime:0.000172s ]
INFO: [ app_begin ] --START--
INFO: Run Behavior\ReadHtmlCacheBehavior [ RunTime:0.000066s ]
INFO: [ app_begin ] --END-- [ RunTime:0.000162s ]
NOTIC: [8] Undefined index: user /var/www/zhier/App/Fruit/Controller/IndexController.class.php 第 44 行.
NOTIC: [8] Undefined index: hasJumped /var/www/zhier/App/Fruit/Controller/IndexController.class.php 第 44 行.
NOTIC: [8] Undefined index: carnum /var/www/zhier/App/Fruit/Controller/IndexController.class.php 第 56 行.
NOTIC: [8] Undefined index: car /var/www/zhier/App/Fruit/Controller/IndexController.class.php 第 57 行.
NOTIC: [8] Undefined index: car /var/www/zhier/App/Fruit/Controller/IndexController.class.php 第 62 行.
NOTIC: [2] Invalid argument supplied for foreach() /var/www/zhier/App/Fruit/Controller/IndexController.class.php 第 62 行.
SQL: SHOW COLUMNS FROM `fruit_type` [ RunTime:0.0030s ]
SQL: SELECT * FROM `fruit_type` ORDER BY `order` DESC  [ RunTime:0.0001s ]
SQL: SHOW COLUMNS FROM `fruit` [ RunTime:0.0008s ]
SQL: SELECT * FROM `fruit` WHERE ( `order`!=0 AND  `type_id`=2   ) ORDER BY `order` DESC  [ RunTime:0.0001s ]
INFO: [ view_parse ] --START--
INFO: [ template_filter ] --START--
INFO: Run Behavior\ContentReplaceBehavior [ RunTime:0.000063s ]
INFO: [ template_filter ] --END-- [ RunTime:0.000157s ]
INFO: Run Behavior\ParseTemplateBehavior [ RunTime:0.006953s ]
INFO: [ view_parse ] --END-- [ RunTime:0.007054s ]
INFO: [ view_filter ] --START--
INFO: Run Behavior\WriteHtmlCacheBehavior [ RunTime:0.000065s ]
INFO: [ view_filter ] --END-- [ RunTime:0.000177s ]
INFO: [ app_end ] --START--
INFO: Run Behavior\ShowPageTraceBehavior [ RunTime:0.000064s ]
INFO: [ app_end ] --END-- [ RunTime:0.000258s ]

[ 2015-08-05T10:33:03+08:00 ] 101.226.93.233 /zhier/index.php/Fruit/Index/detail/id/5
INFO: [ app_init ] --START--
INFO: Run Behavior\BuildLiteBehavior [ RunTime:0.000024s ]
INFO: [ app_init ] --END-- [ RunTime:0.000173s ]
INFO: [ app_begin ] --START--
INFO: Run Behavior\ReadHtmlCacheBehavior [ RunTime:0.000068s ]
INFO: [ app_begin ] --END-- [ RunTime:0.000165s ]
NOTIC: [8] Undefined index: user /var/www/zhier/App/Fruit/Controller/IndexController.class.php 第 44 行.
NOTIC: [8] Undefined index: hasJumped /var/www/zhier/App/Fruit/Controller/IndexController.class.php 第 44 行.
NOTIC: [8] Undefined index: carnum /var/www/zhier/App/Fruit/Controller/IndexController.class.php 第 56 行.
NOTIC: [8] Undefined index: car /var/www/zhier/App/Fruit/Controller/IndexController.class.php 第 57 行.
NOTIC: [8] Undefined index: car /var/www/zhier/App/Fruit/Controller/IndexController.class.php 第 62 行.
NOTIC: [2] Invalid argument supplied for foreach() /var/www/zhier/App/Fruit/Controller/IndexController.class.php 第 62 行.
SQL: SHOW COLUMNS FROM `fruit` [ RunTime:0.0010s ]
SQL: SELECT * FROM `fruit` WHERE ( fruit_id=5 )  [ RunTime:0.0001s ]
SQL: SHOW COLUMNS FROM `fruit_addinfo` [ RunTime:0.0004s ]
SQL: SELECT * FROM `fruit_addinfo` WHERE ( `fruit_id`='5' AND `display_order`!=0 ) ORDER BY display_order desc  [ RunTime:0.0001s ]
SQL: SHOW COLUMNS FROM `order_detail` [ RunTime:0.0005s ]
SQL: SELECT count(1) comments FROM `order_detail` WHERE ( fruit_id=5 and commend!='0' )  [ RunTime:0.0001s ]
INFO: [ view_parse ] --START--
INFO: [ template_filter ] --START--
INFO: Run Behavior\ContentReplaceBehavior [ RunTime:0.000119s ]
INFO: [ template_filter ] --END-- [ RunTime:0.000218s ]
INFO: Run Behavior\ParseTemplateBehavior [ RunTime:0.006070s ]
INFO: [ view_parse ] --END-- [ RunTime:0.006170s ]
INFO: [ view_filter ] --START--
INFO: Run Behavior\WriteHtmlCacheBehavior [ RunTime:0.000066s ]
INFO: [ view_filter ] --END-- [ RunTime:0.000154s ]
INFO: [ app_end ] --START--
INFO: Run Behavior\ShowPageTraceBehavior [ RunTime:0.000065s ]
INFO: [ app_end ] --END-- [ RunTime:0.000153s ]

[ 2015-08-05T14:24:54+08:00 ] 123.151.42.46 /zhier/index.php/Fruit/Index/location.html
INFO: [ app_init ] --START--
INFO: Run Behavior\BuildLiteBehavior [ RunTime:0.000024s ]
INFO: [ app_init ] --END-- [ RunTime:0.000179s ]
INFO: [ app_begin ] --START--
INFO: Run Behavior\ReadHtmlCacheBehavior [ RunTime:0.000067s ]
INFO: [ app_begin ] --END-- [ RunTime:0.000163s ]
NOTIC: [8] Undefined index: user /var/www/zhier/App/Fruit/Controller/IndexController.class.php 第 10 行.
SQL: SHOW COLUMNS FROM `user` [ RunTime:0.0007s ]
SQL: SELECT * FROM `user` WHERE ( `wei_id`='oWeLOviRXMr84Fxb_ZuO73TNLsUA' )  [ RunTime:0.0001s ]
SQL: UPDATE `user` SET `ltime`='1438755894' WHERE `user_id` = 132 [ RunTime:0.0179s ]
NOTIC: [8] Undefined index: carnum /var/www/zhier/App/Fruit/Controller/IndexController.class.php 第 56 行.
NOTIC: [8] Undefined index: car /var/www/zhier/App/Fruit/Controller/IndexController.class.php 第 57 行.
NOTIC: [8] Undefined index: car /var/www/zhier/App/Fruit/Controller/IndexController.class.php 第 62 行.
NOTIC: [2] Invalid argument supplied for foreach() /var/www/zhier/App/Fruit/Controller/IndexController.class.php 第 62 行.
INFO: [ view_parse ] --START--
INFO: [ template_filter ] --START--
INFO: Run Behavior\ContentReplaceBehavior [ RunTime:0.000072s ]
INFO: [ template_filter ] --END-- [ RunTime:0.000177s ]
INFO: Run Behavior\ParseTemplateBehavior [ RunTime:0.002549s ]
INFO: [ view_parse ] --END-- [ RunTime:0.002651s ]
INFO: [ view_filter ] --START--
INFO: Run Behavior\WriteHtmlCacheBehavior [ RunTime:0.000065s ]
INFO: [ view_filter ] --END-- [ RunTime:0.000152s ]
INFO: [ app_end ] --START--
INFO: Run Behavior\ShowPageTraceBehavior [ RunTime:0.000065s ]
INFO: [ app_end ] --END-- [ RunTime:0.000206s ]

[ 2015-08-05T14:24:58+08:00 ] 123.151.42.46 /zhier/index.php/Fruit/Index/index
INFO: [ app_init ] --START--
INFO: Run Behavior\BuildLiteBehavior [ RunTime:0.000025s ]
INFO: [ app_init ] --END-- [ RunTime:0.000169s ]
INFO: [ app_begin ] --START--
INFO: Run Behavior\ReadHtmlCacheBehavior [ RunTime:0.000085s ]
INFO: [ app_begin ] --END-- [ RunTime:0.000181s ]
NOTIC: [8] Undefined index: car /var/www/zhier/App/Fruit/Controller/IndexController.class.php 第 57 行.
NOTIC: [8] Undefined index: car /var/www/zhier/App/Fruit/Controller/IndexController.class.php 第 62 行.
NOTIC: [2] Invalid argument supplied for foreach() /var/www/zhier/App/Fruit/Controller/IndexController.class.php 第 62 行.
SQL: SHOW COLUMNS FROM `fruit_type` [ RunTime:0.0007s ]
SQL: SELECT * FROM `fruit_type` ORDER BY `order` DESC  [ RunTime:0.0001s ]
SQL: SHOW COLUMNS FROM `fruit` [ RunTime:0.0007s ]
SQL: SELECT * FROM `fruit` WHERE ( `order`!=0 AND  `recommend`=1   ) ORDER BY `order` DESC  [ RunTime:0.0001s ]
INFO: [ view_parse ] --START--
INFO: [ template_filter ] --START--
INFO: Run Behavior\ContentReplaceBehavior [ RunTime:0.000064s ]
INFO: [ template_filter ] --END-- [ RunTime:0.000161s ]
INFO: Run Behavior\ParseTemplateBehavior [ RunTime:0.006978s ]
INFO: [ view_parse ] --END-- [ RunTime:0.007077s ]
INFO: [ view_filter ] --START--
INFO: Run Behavior\WriteHtmlCacheBehavior [ RunTime:0.000065s ]
INFO: [ view_filter ] --END-- [ RunTime:0.000155s ]
INFO: [ app_end ] --START--
INFO: Run Behavior\ShowPageTraceBehavior [ RunTime:0.000064s ]
INFO: [ app_end ] --END-- [ RunTime:0.000154s ]

[ 2015-08-05T14:25:13+08:00 ] 123.151.42.46 /zhier/index.php/Fruit/Index/index/type/2
INFO: [ app_init ] --START--
INFO: Run Behavior\BuildLiteBehavior [ RunTime:0.000026s ]
INFO: [ app_init ] --END-- [ RunTime:0.000177s ]
INFO: [ app_begin ] --START--
INFO: Run Behavior\ReadHtmlCacheBehavior [ RunTime:0.000065s ]
INFO: [ app_begin ] --END-- [ RunTime:0.000157s ]
NOTIC: [8] Undefined index: car /var/www/zhier/App/Fruit/Controller/IndexController.class.php 第 57 行.
NOTIC: [8] Undefined index: car /var/www/zhier/App/Fruit/Controller/IndexController.class.php 第 62 行.
NOTIC: [2] Invalid argument supplied for foreach() /var/www/zhier/App/Fruit/Controller/IndexController.class.php 第 62 行.
SQL: SHOW COLUMNS FROM `fruit_type` [ RunTime:0.0006s ]
SQL: SELECT * FROM `fruit_type` ORDER BY `order` DESC  [ RunTime:0.0001s ]
SQL: SHOW COLUMNS FROM `fruit` [ RunTime:0.0008s ]
SQL: SELECT * FROM `fruit` WHERE ( `order`!=0 AND  `type_id`=2   ) ORDER BY `order` DESC  [ RunTime:0.0001s ]
INFO: [ view_parse ] --START--
INFO: [ template_filter ] --START--
INFO: Run Behavior\ContentReplaceBehavior [ RunTime:0.000064s ]
INFO: [ template_filter ] --END-- [ RunTime:0.000145s ]
INFO: Run Behavior\ParseTemplateBehavior [ RunTime:0.007233s ]
INFO: [ view_parse ] --END-- [ RunTime:0.007319s ]
INFO: [ view_filter ] --START--
INFO: Run Behavior\WriteHtmlCacheBehavior [ RunTime:0.000064s ]
INFO: [ view_filter ] --END-- [ RunTime:0.000137s ]
INFO: [ app_end ] --START--
INFO: Run Behavior\ShowPageTraceBehavior [ RunTime:0.000054s ]
INFO: [ app_end ] --END-- [ RunTime:0.000129s ]

[ 2015-08-05T22:25:49+08:00 ] 123.117.94.8 /zhier/index.php/fruit/index
INFO: [ app_init ] --START--
INFO: Run Behavior\BuildLiteBehavior [ RunTime:0.000029s ]
INFO: [ app_init ] --END-- [ RunTime:0.000184s ]
INFO: [ app_begin ] --START--
INFO: Run Behavior\ReadHtmlCacheBehavior [ RunTime:0.000077s ]
INFO: [ app_begin ] --END-- [ RunTime:0.000160s ]
NOTIC: [8] Undefined index: user /var/www/zhier/App/Fruit/Controller/IndexController.class.php 第 44 行.
NOTIC: [8] Undefined index: car /var/www/zhier/App/Fruit/Controller/IndexController.class.php 第 57 行.
NOTIC: [8] Undefined index: car /var/www/zhier/App/Fruit/Controller/IndexController.class.php 第 62 行.
NOTIC: [2] Invalid argument supplied for foreach() /var/www/zhier/App/Fruit/Controller/IndexController.class.php 第 62 行.
SQL: SHOW COLUMNS FROM `fruit_type` [ RunTime:0.0007s ]
SQL: SELECT * FROM `fruit_type` ORDER BY `order` DESC  [ RunTime:0.0001s ]
SQL: SHOW COLUMNS FROM `fruit` [ RunTime:0.0007s ]
SQL: SELECT * FROM `fruit` WHERE ( `order`!=0 AND  `recommend`=1   ) ORDER BY `order` DESC  [ RunTime:0.0001s ]
INFO: [ view_parse ] --START--
INFO: [ template_filter ] --START--
INFO: Run Behavior\ContentReplaceBehavior [ RunTime:0.000066s ]
INFO: [ template_filter ] --END-- [ RunTime:0.000148s ]
INFO: Run Behavior\ParseTemplateBehavior [ RunTime:0.007477s ]
INFO: [ view_parse ] --END-- [ RunTime:0.007578s ]
INFO: [ view_filter ] --START--
INFO: Run Behavior\WriteHtmlCacheBehavior [ RunTime:0.000070s ]
INFO: [ view_filter ] --END-- [ RunTime:0.000144s ]
INFO: [ app_end ] --START--
INFO: Run Behavior\ShowPageTraceBehavior [ RunTime:0.000069s ]
INFO: [ app_end ] --END-- [ RunTime:0.000145s ]

