[ 2015-04-09T07:50:21+08:00 ] 114.242.250.165 /fruit/index.php/fruit/index/index/weiid/oTPVPt9UuaxWXULje44IcXLIFr34/sign/9a354f3c23e82ce8307fbc38c98ea93c
INFO: [ app_init ] --START--
INFO: Run Behavior\BuildLiteBehavior [ RunTime:0.000016s ]
INFO: [ app_init ] --END-- [ RunTime:0.000288s ]
INFO: [ app_begin ] --START--
INFO: Run Behavior\ReadHtmlCacheBehavior [ RunTime:0.000360s ]
INFO: [ app_begin ] --END-- [ RunTime:0.000406s ]
SQL: SHOW COLUMNS FROM `user` [ RunTime:0.0010s ]
SQL: SELECT * FROM `user` WHERE ( `wei_id`='oTPVPt9UuaxWXULje44IcXLIFr34' )  [ RunTime:0.0003s ]
SQL: UPDATE `user` SET `ltime`='1428537021' WHERE `user_id` = 31 [ RunTime:0.0214s ]
NOTIC: [8] Undefined index: car /opt/lampp/htdocs/fruit/App/Fruit/Controller/IndexController.class.php 第 40 行.
SQL: SHOW COLUMNS FROM `fruit` [ RunTime:0.0009s ]
SQL: SELECT * FROM `fruit` ORDER BY `order`  [ RunTime:0.0003s ]
NOTIC: [8] Undefined index: car /opt/lampp/htdocs/fruit/App/Fruit/Controller/IndexController.class.php 第 48 行.
INFO: [ view_parse ] --START--
INFO: [ template_filter ] --START--
INFO: Run Behavior\ContentReplaceBehavior [ RunTime:0.000046s ]
INFO: [ template_filter ] --END-- [ RunTime:0.000122s ]
INFO: Run Behavior\ParseTemplateBehavior [ RunTime:0.007353s ]
INFO: [ view_parse ] --END-- [ RunTime:0.007406s ]
INFO: [ view_filter ] --START--
INFO: Run Behavior\WriteHtmlCacheBehavior [ RunTime:0.000128s ]
INFO: [ view_filter ] --END-- [ RunTime:0.000163s ]
INFO: [ app_end ] --START--
INFO: Run Behavior\ShowPageTraceBehavior [ RunTime:0.000426s ]
INFO: [ app_end ] --END-- [ RunTime:0.000475s ]

[ 2015-04-09T08:33:56+08:00 ] 101.226.68.217 /fruit/index.php/fruit/index/index/weiid/oTPVPt9UuaxWXULje44IcXLIFr34/sign/9a354f3c23e82ce8307fbc38c98ea93c
INFO: [ app_init ] --START--
INFO: Run Behavior\BuildLiteBehavior [ RunTime:0.000014s ]
INFO: [ app_init ] --END-- [ RunTime:0.000271s ]
INFO: [ app_begin ] --START--
INFO: Run Behavior\ReadHtmlCacheBehavior [ RunTime:0.000341s ]
INFO: [ app_begin ] --END-- [ RunTime:0.000383s ]
SQL: SHOW COLUMNS FROM `user` [ RunTime:0.0008s ]
SQL: SELECT * FROM `user` WHERE ( `wei_id`='oTPVPt9UuaxWXULje44IcXLIFr34' )  [ RunTime:0.0003s ]
SQL: UPDATE `user` SET `ltime`='1428539636' WHERE `user_id` = 31 [ RunTime:0.0054s ]
NOTIC: [8] Undefined index: car /opt/lampp/htdocs/fruit/App/Fruit/Controller/IndexController.class.php 第 40 行.
SQL: SHOW COLUMNS FROM `fruit` [ RunTime:0.0006s ]
SQL: SELECT * FROM `fruit` ORDER BY `order`  [ RunTime:0.0003s ]
NOTIC: [8] Undefined index: car /opt/lampp/htdocs/fruit/App/Fruit/Controller/IndexController.class.php 第 48 行.
INFO: [ view_parse ] --START--
INFO: [ template_filter ] --START--
INFO: Run Behavior\ContentReplaceBehavior [ RunTime:0.000040s ]
INFO: [ template_filter ] --END-- [ RunTime:0.000084s ]
INFO: Run Behavior\ParseTemplateBehavior [ RunTime:0.005388s ]
INFO: [ view_parse ] --END-- [ RunTime:0.005436s ]
INFO: [ view_filter ] --START--
INFO: Run Behavior\WriteHtmlCacheBehavior [ RunTime:0.000121s ]
INFO: [ view_filter ] --END-- [ RunTime:0.000161s ]
INFO: [ app_end ] --START--
INFO: Run Behavior\ShowPageTraceBehavior [ RunTime:0.000385s ]
INFO: [ app_end ] --END-- [ RunTime:0.000463s ]

[ 2015-04-09T08:33:57+08:00 ] 114.242.250.165 /fruit/index.php/fruit/index/index/weiid/oTPVPt9UuaxWXULje44IcXLIFr34/sign/9a354f3c23e82ce8307fbc38c98ea93c
INFO: [ app_init ] --START--
INFO: Run Behavior\BuildLiteBehavior [ RunTime:0.000016s ]
INFO: [ app_init ] --END-- [ RunTime:0.000277s ]
INFO: [ app_begin ] --START--
INFO: Run Behavior\ReadHtmlCacheBehavior [ RunTime:0.000340s ]
INFO: [ app_begin ] --END-- [ RunTime:0.000382s ]
SQL: SHOW COLUMNS FROM `user` [ RunTime:0.0009s ]
SQL: SELECT * FROM `user` WHERE ( `wei_id`='oTPVPt9UuaxWXULje44IcXLIFr34' )  [ RunTime:0.0003s ]
SQL: UPDATE `user` SET `ltime`='1428539637' WHERE `user_id` = 31 [ RunTime:0.0057s ]
NOTIC: [8] Undefined index: car /opt/lampp/htdocs/fruit/App/Fruit/Controller/IndexController.class.php 第 40 行.
SQL: SHOW COLUMNS FROM `fruit` [ RunTime:0.0006s ]
SQL: SELECT * FROM `fruit` ORDER BY `order`  [ RunTime:0.0002s ]
NOTIC: [8] Undefined index: car /opt/lampp/htdocs/fruit/App/Fruit/Controller/IndexController.class.php 第 48 行.
INFO: [ view_parse ] --START--
INFO: [ template_filter ] --START--
INFO: Run Behavior\ContentReplaceBehavior [ RunTime:0.000042s ]
INFO: [ template_filter ] --END-- [ RunTime:0.000085s ]
INFO: Run Behavior\ParseTemplateBehavior [ RunTime:0.006057s ]
INFO: [ view_parse ] --END-- [ RunTime:0.006098s ]
INFO: [ view_filter ] --START--
INFO: Run Behavior\WriteHtmlCacheBehavior [ RunTime:0.000137s ]
INFO: [ view_filter ] --END-- [ RunTime:0.000177s ]
INFO: [ app_end ] --START--
INFO: Run Behavior\ShowPageTraceBehavior [ RunTime:0.000374s ]
INFO: [ app_end ] --END-- [ RunTime:0.000412s ]

[ 2015-04-09T08:35:30+08:00 ] 106.37.16.9 /fruit/index.php/fruit/index/index/weiid/oTPVPt14-e8iBBx0EndgzGf5CktU/sign/9d88d7496fd2551b57f22550c5809167
INFO: [ app_init ] --START--
INFO: Run Behavior\BuildLiteBehavior [ RunTime:0.000021s ]
INFO: [ app_init ] --END-- [ RunTime:0.000286s ]
INFO: [ app_begin ] --START--
INFO: Run Behavior\ReadHtmlCacheBehavior [ RunTime:0.000335s ]
INFO: [ app_begin ] --END-- [ RunTime:0.000393s ]
SQL: SHOW COLUMNS FROM `user` [ RunTime:0.0008s ]
SQL: SELECT * FROM `user` WHERE ( `wei_id`='oTPVPt14-e8iBBx0EndgzGf5CktU' )  [ RunTime:0.0003s ]
SQL: UPDATE `user` SET `ltime`='1428539730' WHERE `user_id` = 68 [ RunTime:0.0060s ]
NOTIC: [8] Undefined index: car /opt/lampp/htdocs/fruit/App/Fruit/Controller/IndexController.class.php 第 40 行.
SQL: SHOW COLUMNS FROM `fruit` [ RunTime:0.0006s ]
SQL: SELECT * FROM `fruit` ORDER BY `order`  [ RunTime:0.0003s ]
NOTIC: [8] Undefined index: car /opt/lampp/htdocs/fruit/App/Fruit/Controller/IndexController.class.php 第 48 行.
INFO: [ view_parse ] --START--
INFO: [ template_filter ] --START--
INFO: Run Behavior\ContentReplaceBehavior [ RunTime:0.000058s ]
INFO: [ template_filter ] --END-- [ RunTime:0.000124s ]
INFO: Run Behavior\ParseTemplateBehavior [ RunTime:0.005917s ]
INFO: [ view_parse ] --END-- [ RunTime:0.005973s ]
INFO: [ view_filter ] --START--
INFO: Run Behavior\WriteHtmlCacheBehavior [ RunTime:0.000125s ]
INFO: [ view_filter ] --END-- [ RunTime:0.000170s ]
INFO: [ app_end ] --START--
INFO: Run Behavior\ShowPageTraceBehavior [ RunTime:0.000412s ]
INFO: [ app_end ] --END-- [ RunTime:0.000453s ]

[ 2015-04-09T08:35:53+08:00 ] 106.37.16.9 /fruit/index.php/Fruit/Index/detail/id/3
INFO: [ app_init ] --START--
INFO: Run Behavior\BuildLiteBehavior [ RunTime:0.000016s ]
INFO: [ app_init ] --END-- [ RunTime:0.000278s ]
INFO: [ app_begin ] --START--
INFO: Run Behavior\ReadHtmlCacheBehavior [ RunTime:0.000336s ]
INFO: [ app_begin ] --END-- [ RunTime:0.000375s ]
NOTIC: [8] Undefined index: car /opt/lampp/htdocs/fruit/App/Fruit/Controller/IndexController.class.php 第 40 行.
SQL: SHOW COLUMNS FROM `fruit` [ RunTime:0.0008s ]
SQL: SELECT * FROM `fruit` WHERE ( fruit_id=3 )  [ RunTime:0.0003s ]
SQL: SHOW COLUMNS FROM `order_detail` [ RunTime:0.0005s ]
SQL: SELECT count(1) buys FROM `order_detail` WHERE ( fruit_id=3 )  [ RunTime:0.0002s ]
SQL: SELECT count(1) comments FROM `order_detail` WHERE ( fruit_id=3 and commend!='0' )  [ RunTime:0.0002s ]
NOTIC: [8] Undefined index: car /opt/lampp/htdocs/fruit/App/Fruit/Controller/IndexController.class.php 第 68 行.
INFO: [ view_parse ] --START--
INFO: [ template_filter ] --START--
INFO: Run Behavior\ContentReplaceBehavior [ RunTime:0.000035s ]
INFO: [ template_filter ] --END-- [ RunTime:0.000074s ]
INFO: Run Behavior\ParseTemplateBehavior [ RunTime:0.004780s ]
INFO: [ view_parse ] --END-- [ RunTime:0.004824s ]
INFO: [ view_filter ] --START--
INFO: Run Behavior\WriteHtmlCacheBehavior [ RunTime:0.000128s ]
INFO: [ view_filter ] --END-- [ RunTime:0.000165s ]
INFO: [ app_end ] --START--
INFO: Run Behavior\ShowPageTraceBehavior [ RunTime:0.000359s ]
INFO: [ app_end ] --END-- [ RunTime:0.000399s ]

[ 2015-04-09T08:36:05+08:00 ] 106.37.16.9 /fruit/index.php/Fruit/Index/addtocar/id/3
INFO: [ app_init ] --START--
INFO: Run Behavior\BuildLiteBehavior [ RunTime:0.000015s ]
INFO: [ app_init ] --END-- [ RunTime:0.000298s ]
INFO: [ app_begin ] --START--
INFO: Run Behavior\ReadHtmlCacheBehavior [ RunTime:0.000387s ]
INFO: [ app_begin ] --END-- [ RunTime:0.000443s ]
NOTIC: [8] Undefined index: car /opt/lampp/htdocs/fruit/App/Fruit/Controller/IndexController.class.php 第 40 行.
NOTIC: [8] Undefined index: car /opt/lampp/htdocs/fruit/App/Fruit/Controller/IndexController.class.php 第 75 行.
NOTIC: [2] in_array() expects parameter 2 to be array, null given /opt/lampp/htdocs/fruit/App/Fruit/Controller/IndexController.class.php 第 75 行.

[ 2015-04-09T08:36:07+08:00 ] 106.37.16.9 /fruit/index.php/Fruit/Index/mycar
INFO: [ app_init ] --START--
INFO: Run Behavior\BuildLiteBehavior [ RunTime:0.000015s ]
INFO: [ app_init ] --END-- [ RunTime:0.000267s ]
INFO: [ app_begin ] --START--
INFO: Run Behavior\ReadHtmlCacheBehavior [ RunTime:0.000327s ]
INFO: [ app_begin ] --END-- [ RunTime:0.000367s ]
SQL: SHOW COLUMNS FROM `fruit` [ RunTime:0.0009s ]
SQL: SELECT * FROM `fruit` WHERE ( fruit_id in(3) )  [ RunTime:0.0003s ]
INFO: [ view_parse ] --START--
INFO: [ template_filter ] --START--
INFO: Run Behavior\ContentReplaceBehavior [ RunTime:0.000051s ]
INFO: [ template_filter ] --END-- [ RunTime:0.000096s ]
NOTIC: [8] Undefined index: fruit_num /opt/lampp/htdocs/fruit/App/Runtime/Cache/Fruit/f3eb904f0331d42f067fc23cbbe71b7d.php 第 27 行.
INFO: Run Behavior\ParseTemplateBehavior [ RunTime:0.007058s ]
INFO: [ view_parse ] --END-- [ RunTime:0.007097s ]
INFO: [ view_filter ] --START--
INFO: Run Behavior\WriteHtmlCacheBehavior [ RunTime:0.000171s ]
INFO: [ view_filter ] --END-- [ RunTime:0.000206s ]
INFO: [ app_end ] --START--
INFO: Run Behavior\ShowPageTraceBehavior [ RunTime:0.000385s ]
INFO: [ app_end ] --END-- [ RunTime:0.000422s ]

[ 2015-04-09T08:36:12+08:00 ] 106.37.16.9 /fruit/index.php/Fruit/Index/check
INFO: [ app_init ] --START--
INFO: Run Behavior\BuildLiteBehavior [ RunTime:0.000017s ]
INFO: [ app_init ] --END-- [ RunTime:0.000409s ]
INFO: [ app_begin ] --START--
INFO: Run Behavior\ReadHtmlCacheBehavior [ RunTime:0.000359s ]
INFO: [ app_begin ] --END-- [ RunTime:0.000408s ]
SQL: SHOW COLUMNS FROM `fruit` [ RunTime:0.0009s ]
SQL: SELECT * FROM `fruit` WHERE ( fruit_id in(3) )  [ RunTime:0.0003s ]
SQL: SHOW COLUMNS FROM `user_address` [ RunTime:0.0005s ]
SQL: SELECT * FROM `user_address` WHERE ( `user_id`=68 )  [ RunTime:0.0002s ]
NOTIC: [8] Undefined offset: 0 /opt/lampp/htdocs/fruit/App/Fruit/Controller/IndexController.class.php 第 148 行.
INFO: [ view_parse ] --START--
INFO: [ template_filter ] --START--
INFO: Run Behavior\ContentReplaceBehavior [ RunTime:0.000050s ]
INFO: [ template_filter ] --END-- [ RunTime:0.000096s ]
INFO: Run Behavior\ParseTemplateBehavior [ RunTime:0.009224s ]
INFO: [ view_parse ] --END-- [ RunTime:0.009272s ]
INFO: [ view_filter ] --START--
INFO: Run Behavior\WriteHtmlCacheBehavior [ RunTime:0.000174s ]
INFO: [ view_filter ] --END-- [ RunTime:0.000207s ]
INFO: [ app_end ] --START--
INFO: Run Behavior\ShowPageTraceBehavior [ RunTime:0.000357s ]
INFO: [ app_end ] --END-- [ RunTime:0.000396s ]

[ 2015-04-09T08:36:28+08:00 ] 106.37.16.9 /fruit/index.php/Fruit/Index/mycar
INFO: [ app_init ] --START--
INFO: Run Behavior\BuildLiteBehavior [ RunTime:0.000014s ]
INFO: [ app_init ] --END-- [ RunTime:0.000266s ]
INFO: [ app_begin ] --START--
INFO: Run Behavior\ReadHtmlCacheBehavior [ RunTime:0.000331s ]
INFO: [ app_begin ] --END-- [ RunTime:0.000371s ]
SQL: SHOW COLUMNS FROM `fruit` [ RunTime:0.0009s ]
SQL: SELECT * FROM `fruit` WHERE ( fruit_id in(3) )  [ RunTime:0.0003s ]
INFO: [ view_parse ] --START--
INFO: [ template_filter ] --START--
INFO: Run Behavior\ContentReplaceBehavior [ RunTime:0.000047s ]
INFO: [ template_filter ] --END-- [ RunTime:0.000097s ]
NOTIC: [8] Undefined index: fruit_num /opt/lampp/htdocs/fruit/App/Runtime/Cache/Fruit/f3eb904f0331d42f067fc23cbbe71b7d.php 第 27 行.
INFO: Run Behavior\ParseTemplateBehavior [ RunTime:0.006266s ]
INFO: [ view_parse ] --END-- [ RunTime:0.006310s ]
INFO: [ view_filter ] --START--
INFO: Run Behavior\WriteHtmlCacheBehavior [ RunTime:0.000119s ]
INFO: [ view_filter ] --END-- [ RunTime:0.000155s ]
INFO: [ app_end ] --START--
INFO: Run Behavior\ShowPageTraceBehavior [ RunTime:0.000390s ]
INFO: [ app_end ] --END-- [ RunTime:0.000434s ]

[ 2015-04-09T08:59:34+08:00 ] 106.37.17.47 /fruit/index.php/fruit/index/index/weiid/oTPVPt6soFP0Map-Ln0boc0gDckQ/sign/3bdca564a8a6021ffea7735300eaa7ee
INFO: [ app_init ] --START--
INFO: Run Behavior\BuildLiteBehavior [ RunTime:0.000016s ]
INFO: [ app_init ] --END-- [ RunTime:0.000304s ]
INFO: [ app_begin ] --START--
INFO: Run Behavior\ReadHtmlCacheBehavior [ RunTime:0.000335s ]
INFO: [ app_begin ] --END-- [ RunTime:0.000376s ]
SQL: SHOW COLUMNS FROM `user` [ RunTime:0.0009s ]
SQL: SELECT * FROM `user` WHERE ( `wei_id`='oTPVPt6soFP0Map-Ln0boc0gDckQ' )  [ RunTime:0.0005s ]
SQL: UPDATE `user` SET `ltime`='1428541174' WHERE `user_id` = 46 [ RunTime:0.0079s ]
NOTIC: [8] Undefined index: car /opt/lampp/htdocs/fruit/App/Fruit/Controller/IndexController.class.php 第 40 行.
SQL: SHOW COLUMNS FROM `fruit` [ RunTime:0.0007s ]
SQL: SELECT * FROM `fruit` ORDER BY `order`  [ RunTime:0.0003s ]
NOTIC: [8] Undefined index: car /opt/lampp/htdocs/fruit/App/Fruit/Controller/IndexController.class.php 第 48 行.
INFO: [ view_parse ] --START--
INFO: [ template_filter ] --START--
INFO: Run Behavior\ContentReplaceBehavior [ RunTime:0.000041s ]
INFO: [ template_filter ] --END-- [ RunTime:0.000097s ]
INFO: Run Behavior\ParseTemplateBehavior [ RunTime:0.005615s ]
INFO: [ view_parse ] --END-- [ RunTime:0.005661s ]
INFO: [ view_filter ] --START--
INFO: Run Behavior\WriteHtmlCacheBehavior [ RunTime:0.000118s ]
INFO: [ view_filter ] --END-- [ RunTime:0.000153s ]
INFO: [ app_end ] --START--
INFO: Run Behavior\ShowPageTraceBehavior [ RunTime:0.000390s ]
INFO: [ app_end ] --END-- [ RunTime:0.000441s ]

[ 2015-04-09T09:46:00+08:00 ] 219.232.60.157 /fruit/index.php/fruit/index/index/weiid/oTPVPt4TkA-SPB9AwpNwsET4GwjQ/sign/05d5e281a20f2b80f1b887fe6e993876
INFO: [ app_init ] --START--
INFO: Run Behavior\BuildLiteBehavior [ RunTime:0.000015s ]
INFO: [ app_init ] --END-- [ RunTime:0.000266s ]
INFO: [ app_begin ] --START--
INFO: Run Behavior\ReadHtmlCacheBehavior [ RunTime:0.000357s ]
INFO: [ app_begin ] --END-- [ RunTime:0.000399s ]
SQL: SHOW COLUMNS FROM `user` [ RunTime:0.0012s ]
SQL: SELECT * FROM `user` WHERE ( `wei_id`='oTPVPt4TkA-SPB9AwpNwsET4GwjQ' )  [ RunTime:0.0004s ]
SQL: INSERT INTO `user` (`wei_id`,`ctime`,`ltime`) VALUES ('oTPVPt4TkA-SPB9AwpNwsET4GwjQ','1428543960','1428543960') [ RunTime:0.0072s ]
SQL: SELECT * FROM `user` WHERE ( `wei_id`='oTPVPt4TkA-SPB9AwpNwsET4GwjQ' )  [ RunTime:0.0002s ]
NOTIC: [8] Undefined index: car /opt/lampp/htdocs/fruit/App/Fruit/Controller/IndexController.class.php 第 40 行.
SQL: SHOW COLUMNS FROM `fruit` [ RunTime:0.0007s ]
SQL: SELECT * FROM `fruit` ORDER BY `order`  [ RunTime:0.0003s ]
NOTIC: [8] Undefined index: car /opt/lampp/htdocs/fruit/App/Fruit/Controller/IndexController.class.php 第 48 行.
INFO: [ view_parse ] --START--
INFO: [ template_filter ] --START--
INFO: Run Behavior\ContentReplaceBehavior [ RunTime:0.000041s ]
INFO: [ template_filter ] --END-- [ RunTime:0.000087s ]
INFO: Run Behavior\ParseTemplateBehavior [ RunTime:0.005700s ]
INFO: [ view_parse ] --END-- [ RunTime:0.005743s ]
INFO: [ view_filter ] --START--
INFO: Run Behavior\WriteHtmlCacheBehavior [ RunTime:0.000155s ]
INFO: [ view_filter ] --END-- [ RunTime:0.000201s ]
INFO: [ app_end ] --START--
INFO: Run Behavior\ShowPageTraceBehavior [ RunTime:0.000410s ]
INFO: [ app_end ] --END-- [ RunTime:0.000450s ]

[ 2015-04-09T09:46:41+08:00 ] 219.232.60.157 /fruit/index.php/fruit/index/detail/id/6/weiid/oTPVPt-0y_R9fOyayh0v-pttnsa4/sign/2df5c90eb34d10357949a10f950c70b3
INFO: [ app_init ] --START--
INFO: Run Behavior\BuildLiteBehavior [ RunTime:0.000072s ]
INFO: [ app_init ] --END-- [ RunTime:0.000340s ]
INFO: [ app_begin ] --START--
INFO: Run Behavior\ReadHtmlCacheBehavior [ RunTime:0.000435s ]
INFO: [ app_begin ] --END-- [ RunTime:0.000494s ]
SQL: SHOW COLUMNS FROM `user` [ RunTime:0.0012s ]
SQL: SELECT * FROM `user` WHERE ( `wei_id`='oTPVPt-0y_R9fOyayh0v-pttnsa4' )  [ RunTime:0.0004s ]
SQL: INSERT INTO `user` (`wei_id`,`ctime`,`ltime`) VALUES ('oTPVPt-0y_R9fOyayh0v-pttnsa4','1428544001','1428544001') [ RunTime:0.0093s ]
SQL: SELECT * FROM `user` WHERE ( `wei_id`='oTPVPt-0y_R9fOyayh0v-pttnsa4' )  [ RunTime:0.0002s ]
NOTIC: [8] Undefined index: car /opt/lampp/htdocs/fruit/App/Fruit/Controller/IndexController.class.php 第 40 行.
SQL: SHOW COLUMNS FROM `fruit` [ RunTime:0.0024s ]
SQL: SELECT * FROM `fruit` WHERE ( fruit_id=6 )  [ RunTime:0.0002s ]
SQL: SHOW COLUMNS FROM `order_detail` [ RunTime:0.0007s ]
SQL: SELECT count(1) buys FROM `order_detail` WHERE ( fruit_id=6 )  [ RunTime:0.0002s ]
SQL: SELECT count(1) comments FROM `order_detail` WHERE ( fruit_id=6 and commend!='0' )  [ RunTime:0.0002s ]
NOTIC: [8] Undefined index: car /opt/lampp/htdocs/fruit/App/Fruit/Controller/IndexController.class.php 第 68 行.
INFO: [ view_parse ] --START--
INFO: [ template_filter ] --START--
INFO: Run Behavior\ContentReplaceBehavior [ RunTime:0.000052s ]
INFO: [ template_filter ] --END-- [ RunTime:0.000152s ]
INFO: Run Behavior\ParseTemplateBehavior [ RunTime:0.005933s ]
INFO: [ view_parse ] --END-- [ RunTime:0.005994s ]
INFO: [ view_filter ] --START--
INFO: Run Behavior\WriteHtmlCacheBehavior [ RunTime:0.000123s ]
INFO: [ view_filter ] --END-- [ RunTime:0.000160s ]
INFO: [ app_end ] --START--
INFO: Run Behavior\ShowPageTraceBehavior [ RunTime:0.000503s ]
INFO: [ app_end ] --END-- [ RunTime:0.000566s ]

[ 2015-04-09T09:46:54+08:00 ] 219.232.60.157 /fruit/index.php/fruit/index/detail/id/3/weiid/oTPVPt-0y_R9fOyayh0v-pttnsa4/sign/2df5c90eb34d10357949a10f950c70b3
INFO: [ app_init ] --START--
INFO: Run Behavior\BuildLiteBehavior [ RunTime:0.000015s ]
INFO: [ app_init ] --END-- [ RunTime:0.000289s ]
INFO: [ app_begin ] --START--
INFO: Run Behavior\ReadHtmlCacheBehavior [ RunTime:0.000361s ]
INFO: [ app_begin ] --END-- [ RunTime:0.000403s ]
SQL: SHOW COLUMNS FROM `user` [ RunTime:0.0008s ]
SQL: SELECT * FROM `user` WHERE ( `wei_id`='oTPVPt-0y_R9fOyayh0v-pttnsa4' )  [ RunTime:0.0003s ]
SQL: UPDATE `user` SET `ltime`='1428544014' WHERE `user_id` = 75 [ RunTime:0.0076s ]
NOTIC: [8] Undefined index: car /opt/lampp/htdocs/fruit/App/Fruit/Controller/IndexController.class.php 第 40 行.
SQL: SHOW COLUMNS FROM `fruit` [ RunTime:0.0009s ]
SQL: SELECT * FROM `fruit` WHERE ( fruit_id=3 )  [ RunTime:0.0003s ]
SQL: SHOW COLUMNS FROM `order_detail` [ RunTime:0.0005s ]
SQL: SELECT count(1) buys FROM `order_detail` WHERE ( fruit_id=3 )  [ RunTime:0.0002s ]
SQL: SELECT count(1) comments FROM `order_detail` WHERE ( fruit_id=3 and commend!='0' )  [ RunTime:0.0002s ]
NOTIC: [8] Undefined index: car /opt/lampp/htdocs/fruit/App/Fruit/Controller/IndexController.class.php 第 68 行.
INFO: [ view_parse ] --START--
INFO: [ template_filter ] --START--
INFO: Run Behavior\ContentReplaceBehavior [ RunTime:0.000057s ]
INFO: [ template_filter ] --END-- [ RunTime:0.000163s ]
INFO: Run Behavior\ParseTemplateBehavior [ RunTime:0.006814s ]
INFO: [ view_parse ] --END-- [ RunTime:0.006862s ]
INFO: [ view_filter ] --START--
INFO: Run Behavior\WriteHtmlCacheBehavior [ RunTime:0.000150s ]
INFO: [ view_filter ] --END-- [ RunTime:0.000191s ]
INFO: [ app_end ] --START--
INFO: Run Behavior\ShowPageTraceBehavior [ RunTime:0.000419s ]
INFO: [ app_end ] --END-- [ RunTime:0.000462s ]

[ 2015-04-09T09:47:00+08:00 ] 101.226.69.108 /fruit/index.php/fruit/index/detail/id/3/weiid/oTPVPt-0y_R9fOyayh0v-pttnsa4/sign/2df5c90eb34d10357949a10f950c70b3
INFO: [ app_init ] --START--
INFO: Run Behavior\BuildLiteBehavior [ RunTime:0.000015s ]
INFO: [ app_init ] --END-- [ RunTime:0.000306s ]
INFO: [ app_begin ] --START--
INFO: Run Behavior\ReadHtmlCacheBehavior [ RunTime:0.000327s ]
INFO: [ app_begin ] --END-- [ RunTime:0.000375s ]
SQL: SHOW COLUMNS FROM `user` [ RunTime:0.0010s ]
SQL: SELECT * FROM `user` WHERE ( `wei_id`='oTPVPt-0y_R9fOyayh0v-pttnsa4' )  [ RunTime:0.0003s ]
SQL: UPDATE `user` SET `ltime`='1428544020' WHERE `user_id` = 75 [ RunTime:0.0076s ]
NOTIC: [8] Undefined index: car /opt/lampp/htdocs/fruit/App/Fruit/Controller/IndexController.class.php 第 40 行.
SQL: SHOW COLUMNS FROM `fruit` [ RunTime:0.0009s ]
SQL: SELECT * FROM `fruit` WHERE ( fruit_id=3 )  [ RunTime:0.0002s ]
SQL: SHOW COLUMNS FROM `order_detail` [ RunTime:0.0005s ]
SQL: SELECT count(1) buys FROM `order_detail` WHERE ( fruit_id=3 )  [ RunTime:0.0002s ]
SQL: SELECT count(1) comments FROM `order_detail` WHERE ( fruit_id=3 and commend!='0' )  [ RunTime:0.0002s ]
NOTIC: [8] Undefined index: car /opt/lampp/htdocs/fruit/App/Fruit/Controller/IndexController.class.php 第 68 行.
INFO: [ view_parse ] --START--
INFO: [ template_filter ] --START--
INFO: Run Behavior\ContentReplaceBehavior [ RunTime:0.000042s ]
INFO: [ template_filter ] --END-- [ RunTime:0.000091s ]
INFO: Run Behavior\ParseTemplateBehavior [ RunTime:0.004932s ]
INFO: [ view_parse ] --END-- [ RunTime:0.004975s ]
INFO: [ view_filter ] --START--
INFO: Run Behavior\WriteHtmlCacheBehavior [ RunTime:0.000116s ]
INFO: [ view_filter ] --END-- [ RunTime:0.000150s ]
INFO: [ app_end ] --START--
INFO: Run Behavior\ShowPageTraceBehavior [ RunTime:0.000378s ]
INFO: [ app_end ] --END-- [ RunTime:0.000416s ]

[ 2015-04-09T09:47:00+08:00 ] 219.232.60.157 /fruit/index.php/fruit/index/detail/id/3/weiid/oTPVPt-0y_R9fOyayh0v-pttnsa4/sign/2df5c90eb34d10357949a10f950c70b3
INFO: [ app_init ] --START--
INFO: Run Behavior\BuildLiteBehavior [ RunTime:0.000013s ]
INFO: [ app_init ] --END-- [ RunTime:0.000307s ]
INFO: [ app_begin ] --START--
INFO: Run Behavior\ReadHtmlCacheBehavior [ RunTime:0.000385s ]
INFO: [ app_begin ] --END-- [ RunTime:0.000453s ]
SQL: SHOW COLUMNS FROM `user` [ RunTime:0.0007s ]
SQL: SELECT * FROM `user` WHERE ( `wei_id`='oTPVPt-0y_R9fOyayh0v-pttnsa4' )  [ RunTime:0.0002s ]
SQL: UPDATE `user` SET `ltime`='1428544020' WHERE `user_id` = 75 [ RunTime:0.0064s ]
NOTIC: [8] Undefined index: car /opt/lampp/htdocs/fruit/App/Fruit/Controller/IndexController.class.php 第 40 行.
SQL: SHOW COLUMNS FROM `fruit` [ RunTime:0.0006s ]
SQL: SELECT * FROM `fruit` WHERE ( fruit_id=3 )  [ RunTime:0.0002s ]
SQL: SHOW COLUMNS FROM `order_detail` [ RunTime:0.0005s ]
SQL: SELECT count(1) buys FROM `order_detail` WHERE ( fruit_id=3 )  [ RunTime:0.0002s ]
SQL: SELECT count(1) comments FROM `order_detail` WHERE ( fruit_id=3 and commend!='0' )  [ RunTime:0.0002s ]
NOTIC: [8] Undefined index: car /opt/lampp/htdocs/fruit/App/Fruit/Controller/IndexController.class.php 第 68 行.
INFO: [ view_parse ] --START--
INFO: [ template_filter ] --START--
INFO: Run Behavior\ContentReplaceBehavior [ RunTime:0.000046s ]
INFO: [ template_filter ] --END-- [ RunTime:0.000098s ]
INFO: Run Behavior\ParseTemplateBehavior [ RunTime:0.006164s ]
INFO: [ view_parse ] --END-- [ RunTime:0.006211s ]
INFO: [ view_filter ] --START--
INFO: Run Behavior\WriteHtmlCacheBehavior [ RunTime:0.000122s ]
INFO: [ view_filter ] --END-- [ RunTime:0.000162s ]
INFO: [ app_end ] --START--
INFO: Run Behavior\ShowPageTraceBehavior [ RunTime:0.000424s ]
INFO: [ app_end ] --END-- [ RunTime:0.000469s ]

[ 2015-04-09T10:37:24+08:00 ] 1.192.127.94 /fruit/index.php/fruit/index
INFO: [ app_init ] --START--
INFO: Run Behavior\BuildLiteBehavior [ RunTime:0.000015s ]
INFO: [ app_init ] --END-- [ RunTime:0.000305s ]
INFO: [ app_begin ] --START--
INFO: Run Behavior\ReadHtmlCacheBehavior [ RunTime:0.000339s ]
INFO: [ app_begin ] --END-- [ RunTime:0.000383s ]
NOTIC: [8] Undefined index: car /opt/lampp/htdocs/fruit/App/Fruit/Controller/IndexController.class.php 第 40 行.
SQL: SHOW COLUMNS FROM `fruit` [ RunTime:0.0009s ]
SQL: SELECT * FROM `fruit` ORDER BY `order`  [ RunTime:0.0004s ]
NOTIC: [8] Undefined index: car /opt/lampp/htdocs/fruit/App/Fruit/Controller/IndexController.class.php 第 48 行.
INFO: [ view_parse ] --START--
INFO: [ template_filter ] --START--
INFO: Run Behavior\ContentReplaceBehavior [ RunTime:0.000042s ]
INFO: [ template_filter ] --END-- [ RunTime:0.000087s ]
INFO: Run Behavior\ParseTemplateBehavior [ RunTime:0.005566s ]
INFO: [ view_parse ] --END-- [ RunTime:0.005616s ]
INFO: [ view_filter ] --START--
INFO: Run Behavior\WriteHtmlCacheBehavior [ RunTime:0.000117s ]
INFO: [ view_filter ] --END-- [ RunTime:0.000158s ]
INFO: [ app_end ] --START--
INFO: Run Behavior\ShowPageTraceBehavior [ RunTime:0.000391s ]
INFO: [ app_end ] --END-- [ RunTime:0.000434s ]

[ 2015-04-09T10:37:43+08:00 ] 1.192.127.94 /fruit/index.php/fruit/index/mycar
INFO: [ app_init ] --START--
INFO: Run Behavior\BuildLiteBehavior [ RunTime:0.000015s ]
INFO: [ app_init ] --END-- [ RunTime:0.000350s ]
INFO: [ app_begin ] --START--
INFO: Run Behavior\ReadHtmlCacheBehavior [ RunTime:0.000350s ]
INFO: [ app_begin ] --END-- [ RunTime:0.000394s ]
NOTIC: [8] Undefined index: car /opt/lampp/htdocs/fruit/App/Fruit/Controller/IndexController.class.php 第 40 行.
SQL: SHOW COLUMNS FROM `fruit` [ RunTime:0.0009s ]
NOTIC: [8] Undefined index: car /opt/lampp/htdocs/fruit/App/Fruit/Controller/IndexController.class.php 第 96 行.
NOTIC: [2] implode(): Invalid arguments passed /opt/lampp/htdocs/fruit/App/Fruit/Controller/IndexController.class.php 第 96 行.
NOTIC: [8] Undefined variable: fruit /opt/lampp/htdocs/fruit/App/Fruit/Controller/IndexController.class.php 第 101 行.
NOTIC: [8] Undefined index: car /opt/lampp/htdocs/fruit/App/Fruit/Controller/IndexController.class.php 第 102 行.
INFO: [ view_parse ] --START--
INFO: [ template_filter ] --START--
INFO: Run Behavior\ContentReplaceBehavior [ RunTime:0.000097s ]
INFO: [ template_filter ] --END-- [ RunTime:0.000151s ]
INFO: Run Behavior\ParseTemplateBehavior [ RunTime:0.007237s ]
INFO: [ view_parse ] --END-- [ RunTime:0.007302s ]
INFO: [ view_filter ] --START--
INFO: Run Behavior\WriteHtmlCacheBehavior [ RunTime:0.000116s ]
INFO: [ view_filter ] --END-- [ RunTime:0.000152s ]
INFO: [ app_end ] --START--
INFO: Run Behavior\ShowPageTraceBehavior [ RunTime:0.000378s ]
INFO: [ app_end ] --END-- [ RunTime:0.000421s ]

[ 2015-04-09T10:37:46+08:00 ] 1.192.127.94 /fruit/index.php/Fruit/Index/index
INFO: [ app_init ] --START--
INFO: Run Behavior\BuildLiteBehavior [ RunTime:0.000014s ]
INFO: [ app_init ] --END-- [ RunTime:0.000262s ]
INFO: [ app_begin ] --START--
INFO: Run Behavior\ReadHtmlCacheBehavior [ RunTime:0.000323s ]
INFO: [ app_begin ] --END-- [ RunTime:0.000364s ]
NOTIC: [8] Undefined index: car /opt/lampp/htdocs/fruit/App/Fruit/Controller/IndexController.class.php 第 40 行.
SQL: SHOW COLUMNS FROM `fruit` [ RunTime:0.0008s ]
SQL: SELECT * FROM `fruit` ORDER BY `order`  [ RunTime:0.0004s ]
NOTIC: [8] Undefined index: car /opt/lampp/htdocs/fruit/App/Fruit/Controller/IndexController.class.php 第 48 行.
INFO: [ view_parse ] --START--
INFO: [ template_filter ] --START--
INFO: Run Behavior\ContentReplaceBehavior [ RunTime:0.000037s ]
INFO: [ template_filter ] --END-- [ RunTime:0.000076s ]
INFO: Run Behavior\ParseTemplateBehavior [ RunTime:0.005049s ]
INFO: [ view_parse ] --END-- [ RunTime:0.005087s ]
INFO: [ view_filter ] --START--
INFO: Run Behavior\WriteHtmlCacheBehavior [ RunTime:0.000112s ]
INFO: [ view_filter ] --END-- [ RunTime:0.000145s ]
INFO: [ app_end ] --START--
INFO: Run Behavior\ShowPageTraceBehavior [ RunTime:0.000385s ]
INFO: [ app_end ] --END-- [ RunTime:0.000421s ]

[ 2015-04-09T10:37:58+08:00 ] 1.192.127.94 /fruit/index.php/fruit/index
INFO: [ app_init ] --START--
INFO: Run Behavior\BuildLiteBehavior [ RunTime:0.000015s ]
INFO: [ app_init ] --END-- [ RunTime:0.000267s ]
INFO: [ app_begin ] --START--
INFO: Run Behavior\ReadHtmlCacheBehavior [ RunTime:0.000330s ]
INFO: [ app_begin ] --END-- [ RunTime:0.000372s ]
NOTIC: [8] Undefined index: car /opt/lampp/htdocs/fruit/App/Fruit/Controller/IndexController.class.php 第 40 行.
SQL: SHOW COLUMNS FROM `fruit` [ RunTime:0.0010s ]
SQL: SELECT * FROM `fruit` ORDER BY `order`  [ RunTime:0.0004s ]
NOTIC: [8] Undefined index: car /opt/lampp/htdocs/fruit/App/Fruit/Controller/IndexController.class.php 第 48 行.
INFO: [ view_parse ] --START--
INFO: [ template_filter ] --START--
INFO: Run Behavior\ContentReplaceBehavior [ RunTime:0.000037s ]
INFO: [ template_filter ] --END-- [ RunTime:0.000087s ]
INFO: Run Behavior\ParseTemplateBehavior [ RunTime:0.005981s ]
INFO: [ view_parse ] --END-- [ RunTime:0.006024s ]
INFO: [ view_filter ] --START--
INFO: Run Behavior\WriteHtmlCacheBehavior [ RunTime:0.000128s ]
INFO: [ view_filter ] --END-- [ RunTime:0.000162s ]
INFO: [ app_end ] --START--
INFO: Run Behavior\ShowPageTraceBehavior [ RunTime:0.000370s ]
INFO: [ app_end ] --END-- [ RunTime:0.000409s ]

[ 2015-04-09T15:12:20+08:00 ] 211.103.193.30 /fruit/index.php/fruit/index/index/weiid/oTPVPt6soFP0Map-Ln0boc0gDckQ/sign/3bdca564a8a6021ffea7735300eaa7ee
INFO: [ app_init ] --START--
INFO: Run Behavior\BuildLiteBehavior [ RunTime:0.000023s ]
INFO: [ app_init ] --END-- [ RunTime:0.000447s ]
INFO: [ app_begin ] --START--
INFO: Run Behavior\ReadHtmlCacheBehavior [ RunTime:0.000512s ]
INFO: [ app_begin ] --END-- [ RunTime:0.000579s ]
SQL: SHOW COLUMNS FROM `user` [ RunTime:0.0008s ]
SQL: SELECT * FROM `user` WHERE ( `wei_id`='oTPVPt6soFP0Map-Ln0boc0gDckQ' )  [ RunTime:0.0003s ]
SQL: UPDATE `user` SET `ltime`='1428563540' WHERE `user_id` = 46 [ RunTime:0.0185s ]
NOTIC: [8] Undefined index: car /opt/lampp/htdocs/fruit/App/Fruit/Controller/IndexController.class.php 第 40 行.
SQL: SHOW COLUMNS FROM `fruit` [ RunTime:0.0007s ]
SQL: SELECT * FROM `fruit` ORDER BY `order`  [ RunTime:0.0003s ]
NOTIC: [8] Undefined index: car /opt/lampp/htdocs/fruit/App/Fruit/Controller/IndexController.class.php 第 48 行.
INFO: [ view_parse ] --START--
INFO: [ template_filter ] --START--
INFO: Run Behavior\ContentReplaceBehavior [ RunTime:0.000042s ]
INFO: [ template_filter ] --END-- [ RunTime:0.000093s ]
INFO: Run Behavior\ParseTemplateBehavior [ RunTime:0.006254s ]
INFO: [ view_parse ] --END-- [ RunTime:0.006309s ]
INFO: [ view_filter ] --START--
INFO: Run Behavior\WriteHtmlCacheBehavior [ RunTime:0.000121s ]
INFO: [ view_filter ] --END-- [ RunTime:0.000157s ]
INFO: [ app_end ] --START--
INFO: Run Behavior\ShowPageTraceBehavior [ RunTime:0.000400s ]
INFO: [ app_end ] --END-- [ RunTime:0.000439s ]

[ 2015-04-09T16:03:37+08:00 ] 123.151.42.46 /fruit/index.php/fruit/index/index/weiid/oTPVPtwLMlJ-XU7eSB51uKXLYk0w/sign/3d46b940bb03d3efd5bc11d74ec40c3e
INFO: [ app_init ] --START--
INFO: Run Behavior\BuildLiteBehavior [ RunTime:0.000014s ]
INFO: [ app_init ] --END-- [ RunTime:0.000362s ]
INFO: [ app_begin ] --START--
INFO: Run Behavior\ReadHtmlCacheBehavior [ RunTime:0.000361s ]
INFO: [ app_begin ] --END-- [ RunTime:0.000412s ]
SQL: SHOW COLUMNS FROM `user` [ RunTime:0.0008s ]
SQL: SELECT * FROM `user` WHERE ( `wei_id`='oTPVPtwLMlJ-XU7eSB51uKXLYk0w' )  [ RunTime:0.0003s ]
SQL: INSERT INTO `user` (`wei_id`,`ctime`,`ltime`) VALUES ('oTPVPtwLMlJ-XU7eSB51uKXLYk0w','1428566617','1428566617') [ RunTime:0.0143s ]
SQL: SELECT * FROM `user` WHERE ( `wei_id`='oTPVPtwLMlJ-XU7eSB51uKXLYk0w' )  [ RunTime:0.0003s ]
NOTIC: [8] Undefined index: car /opt/lampp/htdocs/fruit/App/Fruit/Controller/IndexController.class.php 第 40 行.
SQL: SHOW COLUMNS FROM `fruit` [ RunTime:0.0006s ]
SQL: SELECT * FROM `fruit` ORDER BY `order`  [ RunTime:0.0003s ]
NOTIC: [8] Undefined index: car /opt/lampp/htdocs/fruit/App/Fruit/Controller/IndexController.class.php 第 48 行.
INFO: [ view_parse ] --START--
INFO: [ template_filter ] --START--
INFO: Run Behavior\ContentReplaceBehavior [ RunTime:0.000040s ]
INFO: [ template_filter ] --END-- [ RunTime:0.000093s ]
INFO: Run Behavior\ParseTemplateBehavior [ RunTime:0.005973s ]
INFO: [ view_parse ] --END-- [ RunTime:0.006019s ]
INFO: [ view_filter ] --START--
INFO: Run Behavior\WriteHtmlCacheBehavior [ RunTime:0.000119s ]
INFO: [ view_filter ] --END-- [ RunTime:0.000154s ]
INFO: [ app_end ] --START--
INFO: Run Behavior\ShowPageTraceBehavior [ RunTime:0.000557s ]
INFO: [ app_end ] --END-- [ RunTime:0.000637s ]

[ 2015-04-09T16:04:01+08:00 ] 123.151.42.46 /fruit/index.php/Fruit/Index/detail/id/5
INFO: [ app_init ] --START--
INFO: Run Behavior\BuildLiteBehavior [ RunTime:0.000014s ]
INFO: [ app_init ] --END-- [ RunTime:0.000260s ]
INFO: [ app_begin ] --START--
INFO: Run Behavior\ReadHtmlCacheBehavior [ RunTime:0.000348s ]
INFO: [ app_begin ] --END-- [ RunTime:0.000388s ]
NOTIC: [8] Undefined index: car /opt/lampp/htdocs/fruit/App/Fruit/Controller/IndexController.class.php 第 40 行.
SQL: SHOW COLUMNS FROM `fruit` [ RunTime:0.0008s ]
SQL: SELECT * FROM `fruit` WHERE ( fruit_id=5 )  [ RunTime:0.0003s ]
SQL: SHOW COLUMNS FROM `order_detail` [ RunTime:0.0005s ]
SQL: SELECT count(1) buys FROM `order_detail` WHERE ( fruit_id=5 )  [ RunTime:0.0002s ]
SQL: SELECT count(1) comments FROM `order_detail` WHERE ( fruit_id=5 and commend!='0' )  [ RunTime:0.0002s ]
NOTIC: [8] Undefined index: car /opt/lampp/htdocs/fruit/App/Fruit/Controller/IndexController.class.php 第 68 行.
INFO: [ view_parse ] --START--
INFO: [ template_filter ] --START--
INFO: Run Behavior\ContentReplaceBehavior [ RunTime:0.000039s ]
INFO: [ template_filter ] --END-- [ RunTime:0.000078s ]
INFO: Run Behavior\ParseTemplateBehavior [ RunTime:0.004857s ]
INFO: [ view_parse ] --END-- [ RunTime:0.004896s ]
INFO: [ view_filter ] --START--
INFO: Run Behavior\WriteHtmlCacheBehavior [ RunTime:0.000114s ]
INFO: [ view_filter ] --END-- [ RunTime:0.000145s ]
INFO: [ app_end ] --START--
INFO: Run Behavior\ShowPageTraceBehavior [ RunTime:0.000369s ]
INFO: [ app_end ] --END-- [ RunTime:0.000407s ]

[ 2015-04-09T16:04:04+08:00 ] 123.151.42.46 /fruit/index.php/Fruit/Index/addtocar/id/5
INFO: [ app_init ] --START--
INFO: Run Behavior\BuildLiteBehavior [ RunTime:0.000016s ]
INFO: [ app_init ] --END-- [ RunTime:0.000273s ]
INFO: [ app_begin ] --START--
INFO: Run Behavior\ReadHtmlCacheBehavior [ RunTime:0.000345s ]
INFO: [ app_begin ] --END-- [ RunTime:0.000387s ]
NOTIC: [8] Undefined index: car /opt/lampp/htdocs/fruit/App/Fruit/Controller/IndexController.class.php 第 40 行.
NOTIC: [8] Undefined index: car /opt/lampp/htdocs/fruit/App/Fruit/Controller/IndexController.class.php 第 75 行.
NOTIC: [2] in_array() expects parameter 2 to be array, null given /opt/lampp/htdocs/fruit/App/Fruit/Controller/IndexController.class.php 第 75 行.

[ 2015-04-09T16:04:06+08:00 ] 123.151.42.46 /fruit/index.php/Fruit/Index/mycar
INFO: [ app_init ] --START--
INFO: Run Behavior\BuildLiteBehavior [ RunTime:0.000017s ]
INFO: [ app_init ] --END-- [ RunTime:0.000296s ]
INFO: [ app_begin ] --START--
INFO: Run Behavior\ReadHtmlCacheBehavior [ RunTime:0.000354s ]
INFO: [ app_begin ] --END-- [ RunTime:0.000406s ]
SQL: SHOW COLUMNS FROM `fruit` [ RunTime:0.0009s ]
SQL: SELECT * FROM `fruit` WHERE ( fruit_id in(5) )  [ RunTime:0.0003s ]
INFO: [ view_parse ] --START--
INFO: [ template_filter ] --START--
INFO: Run Behavior\ContentReplaceBehavior [ RunTime:0.000055s ]
INFO: [ template_filter ] --END-- [ RunTime:0.000133s ]
NOTIC: [8] Undefined index: fruit_num /opt/lampp/htdocs/fruit/App/Runtime/Cache/Fruit/f3eb904f0331d42f067fc23cbbe71b7d.php 第 27 行.
INFO: Run Behavior\ParseTemplateBehavior [ RunTime:0.006871s ]
INFO: [ view_parse ] --END-- [ RunTime:0.006920s ]
INFO: [ view_filter ] --START--
INFO: Run Behavior\WriteHtmlCacheBehavior [ RunTime:0.000168s ]
INFO: [ view_filter ] --END-- [ RunTime:0.000203s ]
INFO: [ app_end ] --START--
INFO: Run Behavior\ShowPageTraceBehavior [ RunTime:0.000410s ]
INFO: [ app_end ] --END-- [ RunTime:0.000452s ]

[ 2015-04-09T16:04:10+08:00 ] 123.151.42.46 /fruit/index.php/Fruit/Index/check
INFO: [ app_init ] --START--
INFO: Run Behavior\BuildLiteBehavior [ RunTime:0.000017s ]
INFO: [ app_init ] --END-- [ RunTime:0.000298s ]
INFO: [ app_begin ] --START--
INFO: Run Behavior\ReadHtmlCacheBehavior [ RunTime:0.000374s ]
INFO: [ app_begin ] --END-- [ RunTime:0.000422s ]
SQL: SHOW COLUMNS FROM `fruit` [ RunTime:0.0009s ]
SQL: SELECT * FROM `fruit` WHERE ( fruit_id in(5) )  [ RunTime:0.0003s ]
SQL: SHOW COLUMNS FROM `user_address` [ RunTime:0.0005s ]
SQL: SELECT * FROM `user_address` WHERE ( `user_id`=76 )  [ RunTime:0.0002s ]
NOTIC: [8] Undefined offset: 0 /opt/lampp/htdocs/fruit/App/Fruit/Controller/IndexController.class.php 第 148 行.
INFO: [ view_parse ] --START--
INFO: [ template_filter ] --START--
INFO: Run Behavior\ContentReplaceBehavior [ RunTime:0.000052s ]
INFO: [ template_filter ] --END-- [ RunTime:0.000098s ]
INFO: Run Behavior\ParseTemplateBehavior [ RunTime:0.009590s ]
INFO: [ view_parse ] --END-- [ RunTime:0.009639s ]
INFO: [ view_filter ] --START--
INFO: Run Behavior\WriteHtmlCacheBehavior [ RunTime:0.000134s ]
INFO: [ view_filter ] --END-- [ RunTime:0.000167s ]
INFO: [ app_end ] --START--
INFO: Run Behavior\ShowPageTraceBehavior [ RunTime:0.000365s ]
INFO: [ app_end ] --END-- [ RunTime:0.000403s ]

[ 2015-04-09T16:04:24+08:00 ] 123.151.42.46 /fruit/index.php/Fruit/Index/mycar
INFO: [ app_init ] --START--
INFO: Run Behavior\BuildLiteBehavior [ RunTime:0.000014s ]
INFO: [ app_init ] --END-- [ RunTime:0.000264s ]
INFO: [ app_begin ] --START--
INFO: Run Behavior\ReadHtmlCacheBehavior [ RunTime:0.000327s ]
INFO: [ app_begin ] --END-- [ RunTime:0.000367s ]
SQL: SHOW COLUMNS FROM `fruit` [ RunTime:0.0009s ]
SQL: SELECT * FROM `fruit` WHERE ( fruit_id in(5) )  [ RunTime:0.0002s ]
INFO: [ view_parse ] --START--
INFO: [ template_filter ] --START--
INFO: Run Behavior\ContentReplaceBehavior [ RunTime:0.000046s ]
INFO: [ template_filter ] --END-- [ RunTime:0.000086s ]
NOTIC: [8] Undefined index: fruit_num /opt/lampp/htdocs/fruit/App/Runtime/Cache/Fruit/f3eb904f0331d42f067fc23cbbe71b7d.php 第 27 行.
INFO: Run Behavior\ParseTemplateBehavior [ RunTime:0.005953s ]
INFO: [ view_parse ] --END-- [ RunTime:0.005990s ]
INFO: [ view_filter ] --START--
INFO: Run Behavior\WriteHtmlCacheBehavior [ RunTime:0.000115s ]
INFO: [ view_filter ] --END-- [ RunTime:0.000149s ]
INFO: [ app_end ] --START--
INFO: Run Behavior\ShowPageTraceBehavior [ RunTime:0.000350s ]
INFO: [ app_end ] --END-- [ RunTime:0.000389s ]

[ 2015-04-09T16:04:26+08:00 ] 123.151.42.46 /fruit/index.php/Fruit/Index/delfromcar/id/5
INFO: [ app_init ] --START--
INFO: Run Behavior\BuildLiteBehavior [ RunTime:0.000014s ]
INFO: [ app_init ] --END-- [ RunTime:0.000289s ]
INFO: [ app_begin ] --START--
INFO: Run Behavior\ReadHtmlCacheBehavior [ RunTime:0.000367s ]
INFO: [ app_begin ] --END-- [ RunTime:0.000413s ]
INFO: [ app_end ] --START--
INFO: Run Behavior\ShowPageTraceBehavior [ RunTime:0.000427s ]
INFO: [ app_end ] --END-- [ RunTime:0.000482s ]

[ 2015-04-09T16:04:29+08:00 ] 123.151.42.46 /fruit/index.php/Fruit/Index/check
INFO: [ app_init ] --START--
INFO: Run Behavior\BuildLiteBehavior [ RunTime:0.000014s ]
INFO: [ app_init ] --END-- [ RunTime:0.000312s ]
INFO: [ app_begin ] --START--
INFO: Run Behavior\ReadHtmlCacheBehavior [ RunTime:0.000329s ]
INFO: [ app_begin ] --END-- [ RunTime:0.000370s ]
SQL: SHOW COLUMNS FROM `fruit` [ RunTime:0.0008s ]
NOTIC: [8] Undefined variable: fruits /opt/lampp/htdocs/fruit/App/Fruit/Controller/IndexController.class.php 第 141 行.
NOTIC: [8] Undefined variable: total_price /opt/lampp/htdocs/fruit/App/Fruit/Controller/IndexController.class.php 第 142 行.
SQL: SHOW COLUMNS FROM `user_address` [ RunTime:0.0005s ]
SQL: SELECT * FROM `user_address` WHERE ( `user_id`=76 )  [ RunTime:0.0003s ]
NOTIC: [8] Undefined offset: 0 /opt/lampp/htdocs/fruit/App/Fruit/Controller/IndexController.class.php 第 148 行.
NOTIC: [8] Undefined variable: fruits /opt/lampp/htdocs/fruit/App/Fruit/Controller/IndexController.class.php 第 173 行.
NOTIC: [8] Undefined variable: total_price /opt/lampp/htdocs/fruit/App/Fruit/Controller/IndexController.class.php 第 174 行.
INFO: [ view_parse ] --START--
INFO: [ template_filter ] --START--
INFO: Run Behavior\ContentReplaceBehavior [ RunTime:0.000048s ]
INFO: [ template_filter ] --END-- [ RunTime:0.000093s ]
INFO: Run Behavior\ParseTemplateBehavior [ RunTime:0.008010s ]
INFO: [ view_parse ] --END-- [ RunTime:0.008058s ]
INFO: [ view_filter ] --START--
INFO: Run Behavior\WriteHtmlCacheBehavior [ RunTime:0.000118s ]
INFO: [ view_filter ] --END-- [ RunTime:0.000151s ]
INFO: [ app_end ] --START--
INFO: Run Behavior\ShowPageTraceBehavior [ RunTime:0.000373s ]
INFO: [ app_end ] --END-- [ RunTime:0.000411s ]

[ 2015-04-09T16:04:30+08:00 ] 123.151.42.46 /fruit/index.php/fruit/index/mycar
INFO: [ app_init ] --START--
INFO: Run Behavior\BuildLiteBehavior [ RunTime:0.000014s ]
INFO: [ app_init ] --END-- [ RunTime:0.000267s ]
INFO: [ app_begin ] --START--
INFO: Run Behavior\ReadHtmlCacheBehavior [ RunTime:0.000370s ]
INFO: [ app_begin ] --END-- [ RunTime:0.000411s ]
SQL: SHOW COLUMNS FROM `fruit` [ RunTime:0.0008s ]
NOTIC: [8] Undefined variable: fruit /opt/lampp/htdocs/fruit/App/Fruit/Controller/IndexController.class.php 第 101 行.
INFO: [ view_parse ] --START--
INFO: [ template_filter ] --START--
INFO: Run Behavior\ContentReplaceBehavior [ RunTime:0.000045s ]
INFO: [ template_filter ] --END-- [ RunTime:0.000089s ]
INFO: Run Behavior\ParseTemplateBehavior [ RunTime:0.006863s ]
INFO: [ view_parse ] --END-- [ RunTime:0.006909s ]
INFO: [ view_filter ] --START--
INFO: Run Behavior\WriteHtmlCacheBehavior [ RunTime:0.000119s ]
INFO: [ view_filter ] --END-- [ RunTime:0.000151s ]
INFO: [ app_end ] --START--
INFO: Run Behavior\ShowPageTraceBehavior [ RunTime:0.000387s ]
INFO: [ app_end ] --END-- [ RunTime:0.000427s ]

[ 2015-04-09T16:04:31+08:00 ] 123.151.42.46 /fruit/index.php/Fruit/Index/mycar
INFO: [ app_init ] --START--
INFO: Run Behavior\BuildLiteBehavior [ RunTime:0.000014s ]
INFO: [ app_init ] --END-- [ RunTime:0.000265s ]
INFO: [ app_begin ] --START--
INFO: Run Behavior\ReadHtmlCacheBehavior [ RunTime:0.000373s ]
INFO: [ app_begin ] --END-- [ RunTime:0.000414s ]
SQL: SHOW COLUMNS FROM `fruit` [ RunTime:0.0009s ]
NOTIC: [8] Undefined variable: fruit /opt/lampp/htdocs/fruit/App/Fruit/Controller/IndexController.class.php 第 101 行.
INFO: [ view_parse ] --START--
INFO: [ template_filter ] --START--
INFO: Run Behavior\ContentReplaceBehavior [ RunTime:0.000045s ]
INFO: [ template_filter ] --END-- [ RunTime:0.000084s ]
INFO: Run Behavior\ParseTemplateBehavior [ RunTime:0.005846s ]
INFO: [ view_parse ] --END-- [ RunTime:0.005890s ]
INFO: [ view_filter ] --START--
INFO: Run Behavior\WriteHtmlCacheBehavior [ RunTime:0.000127s ]
INFO: [ view_filter ] --END-- [ RunTime:0.000187s ]
INFO: [ app_end ] --START--
INFO: Run Behavior\ShowPageTraceBehavior [ RunTime:0.000373s ]
INFO: [ app_end ] --END-- [ RunTime:0.000414s ]

[ 2015-04-09T16:04:32+08:00 ] 123.151.42.46 /fruit/index.php/Fruit/Index/detail/id/5
INFO: [ app_init ] --START--
INFO: Run Behavior\BuildLiteBehavior [ RunTime:0.000017s ]
INFO: [ app_init ] --END-- [ RunTime:0.000298s ]
INFO: [ app_begin ] --START--
INFO: Run Behavior\ReadHtmlCacheBehavior [ RunTime:0.000363s ]
INFO: [ app_begin ] --END-- [ RunTime:0.000411s ]
SQL: SHOW COLUMNS FROM `fruit` [ RunTime:0.0008s ]
SQL: SELECT * FROM `fruit` WHERE ( fruit_id=5 )  [ RunTime:0.0003s ]
SQL: SHOW COLUMNS FROM `order_detail` [ RunTime:0.0005s ]
SQL: SELECT count(1) buys FROM `order_detail` WHERE ( fruit_id=5 )  [ RunTime:0.0002s ]
SQL: SELECT count(1) comments FROM `order_detail` WHERE ( fruit_id=5 and commend!='0' )  [ RunTime:0.0002s ]
INFO: [ view_parse ] --START--
INFO: [ template_filter ] --START--
INFO: Run Behavior\ContentReplaceBehavior [ RunTime:0.000058s ]
INFO: [ template_filter ] --END-- [ RunTime:0.000122s ]
INFO: Run Behavior\ParseTemplateBehavior [ RunTime:0.005029s ]
INFO: [ view_parse ] --END-- [ RunTime:0.005076s ]
INFO: [ view_filter ] --START--
INFO: Run Behavior\WriteHtmlCacheBehavior [ RunTime:0.000118s ]
INFO: [ view_filter ] --END-- [ RunTime:0.000154s ]
INFO: [ app_end ] --START--
INFO: Run Behavior\ShowPageTraceBehavior [ RunTime:0.000383s ]
INFO: [ app_end ] --END-- [ RunTime:0.000422s ]

[ 2015-04-09T16:12:29+08:00 ] 114.253.253.146 /fruit/index.php/fruit/index/index/weiid/oTPVPt9UuaxWXULje44IcXLIFr34/sign/9a354f3c23e82ce8307fbc38c98ea93c
INFO: [ app_init ] --START--
INFO: Run Behavior\BuildLiteBehavior [ RunTime:0.000015s ]
INFO: [ app_init ] --END-- [ RunTime:0.000268s ]
INFO: [ app_begin ] --START--
INFO: Run Behavior\ReadHtmlCacheBehavior [ RunTime:0.000329s ]
INFO: [ app_begin ] --END-- [ RunTime:0.000373s ]
SQL: SHOW COLUMNS FROM `user` [ RunTime:0.0008s ]
SQL: SELECT * FROM `user` WHERE ( `wei_id`='oTPVPt9UuaxWXULje44IcXLIFr34' )  [ RunTime:0.0003s ]
SQL: UPDATE `user` SET `ltime`='1428567149' WHERE `user_id` = 31 [ RunTime:0.0066s ]
NOTIC: [8] Undefined index: car /opt/lampp/htdocs/fruit/App/Fruit/Controller/IndexController.class.php 第 40 行.
SQL: SHOW COLUMNS FROM `fruit` [ RunTime:0.0006s ]
SQL: SELECT * FROM `fruit` ORDER BY `order`  [ RunTime:0.0002s ]
NOTIC: [8] Undefined index: car /opt/lampp/htdocs/fruit/App/Fruit/Controller/IndexController.class.php 第 48 行.
INFO: [ view_parse ] --START--
INFO: [ template_filter ] --START--
INFO: Run Behavior\ContentReplaceBehavior [ RunTime:0.000036s ]
INFO: [ template_filter ] --END-- [ RunTime:0.000087s ]
INFO: Run Behavior\ParseTemplateBehavior [ RunTime:0.005584s ]
INFO: [ view_parse ] --END-- [ RunTime:0.005629s ]
INFO: [ view_filter ] --START--
INFO: Run Behavior\WriteHtmlCacheBehavior [ RunTime:0.000115s ]
INFO: [ view_filter ] --END-- [ RunTime:0.000150s ]
INFO: [ app_end ] --START--
INFO: Run Behavior\ShowPageTraceBehavior [ RunTime:0.000452s ]
INFO: [ app_end ] --END-- [ RunTime:0.000489s ]

[ 2015-04-09T16:48:22+08:00 ] 123.151.42.46 /fruit/index.php/fruit/index/index/weiid/oTPVPt1aidla4qlNaKWr-havR9Ho/sign/278643660fcc286ab3421212a3f2bf35
INFO: [ app_init ] --START--
INFO: Run Behavior\BuildLiteBehavior [ RunTime:0.000014s ]
INFO: [ app_init ] --END-- [ RunTime:0.000269s ]
INFO: [ app_begin ] --START--
INFO: Run Behavior\ReadHtmlCacheBehavior [ RunTime:0.000340s ]
INFO: [ app_begin ] --END-- [ RunTime:0.000382s ]
SQL: SHOW COLUMNS FROM `user` [ RunTime:0.0008s ]
SQL: SELECT * FROM `user` WHERE ( `wei_id`='oTPVPt1aidla4qlNaKWr-havR9Ho' )  [ RunTime:0.0003s ]
SQL: UPDATE `user` SET `ltime`='1428569302' WHERE `user_id` = 55 [ RunTime:0.0082s ]
NOTIC: [8] Undefined index: car /opt/lampp/htdocs/fruit/App/Fruit/Controller/IndexController.class.php 第 40 行.
SQL: SHOW COLUMNS FROM `fruit` [ RunTime:0.0009s ]
SQL: SELECT * FROM `fruit` ORDER BY `order`  [ RunTime:0.0003s ]
NOTIC: [8] Undefined index: car /opt/lampp/htdocs/fruit/App/Fruit/Controller/IndexController.class.php 第 48 行.
INFO: [ view_parse ] --START--
INFO: [ template_filter ] --START--
INFO: Run Behavior\ContentReplaceBehavior [ RunTime:0.000046s ]
INFO: [ template_filter ] --END-- [ RunTime:0.000149s ]
INFO: Run Behavior\ParseTemplateBehavior [ RunTime:0.005901s ]
INFO: [ view_parse ] --END-- [ RunTime:0.005948s ]
INFO: [ view_filter ] --START--
INFO: Run Behavior\WriteHtmlCacheBehavior [ RunTime:0.000124s ]
INFO: [ view_filter ] --END-- [ RunTime:0.000159s ]
INFO: [ app_end ] --START--
INFO: Run Behavior\ShowPageTraceBehavior [ RunTime:0.000587s ]
INFO: [ app_end ] --END-- [ RunTime:0.000661s ]

[ 2015-04-09T16:48:35+08:00 ] 123.151.42.46 /fruit/index.php/Fruit/Index/detail/id/3
INFO: [ app_init ] --START--
INFO: Run Behavior\BuildLiteBehavior [ RunTime:0.000016s ]
INFO: [ app_init ] --END-- [ RunTime:0.000316s ]
INFO: [ app_begin ] --START--
INFO: Run Behavior\ReadHtmlCacheBehavior [ RunTime:0.000412s ]
INFO: [ app_begin ] --END-- [ RunTime:0.000483s ]
NOTIC: [8] Undefined index: car /opt/lampp/htdocs/fruit/App/Fruit/Controller/IndexController.class.php 第 40 行.
SQL: SHOW COLUMNS FROM `fruit` [ RunTime:0.0011s ]
SQL: SELECT * FROM `fruit` WHERE ( fruit_id=3 )  [ RunTime:0.0003s ]
SQL: SHOW COLUMNS FROM `order_detail` [ RunTime:0.0006s ]
SQL: SELECT count(1) buys FROM `order_detail` WHERE ( fruit_id=3 )  [ RunTime:0.0003s ]
SQL: SELECT count(1) comments FROM `order_detail` WHERE ( fruit_id=3 and commend!='0' )  [ RunTime:0.0002s ]
NOTIC: [8] Undefined index: car /opt/lampp/htdocs/fruit/App/Fruit/Controller/IndexController.class.php 第 68 行.
INFO: [ view_parse ] --START--
INFO: [ template_filter ] --START--
INFO: Run Behavior\ContentReplaceBehavior [ RunTime:0.000049s ]
INFO: [ template_filter ] --END-- [ RunTime:0.000121s ]
INFO: Run Behavior\ParseTemplateBehavior [ RunTime:0.005386s ]
INFO: [ view_parse ] --END-- [ RunTime:0.005436s ]
INFO: [ view_filter ] --START--
INFO: Run Behavior\WriteHtmlCacheBehavior [ RunTime:0.000127s ]
INFO: [ view_filter ] --END-- [ RunTime:0.000164s ]
INFO: [ app_end ] --START--
INFO: Run Behavior\ShowPageTraceBehavior [ RunTime:0.000456s ]
INFO: [ app_end ] --END-- [ RunTime:0.000515s ]

[ 2015-04-09T16:48:37+08:00 ] 123.151.42.46 /fruit/index.php/Fruit/Index/addtocar/id/3
INFO: [ app_init ] --START--
INFO: Run Behavior\BuildLiteBehavior [ RunTime:0.000014s ]
INFO: [ app_init ] --END-- [ RunTime:0.000266s ]
INFO: [ app_begin ] --START--
INFO: Run Behavior\ReadHtmlCacheBehavior [ RunTime:0.000375s ]
INFO: [ app_begin ] --END-- [ RunTime:0.000414s ]
NOTIC: [8] Undefined index: car /opt/lampp/htdocs/fruit/App/Fruit/Controller/IndexController.class.php 第 40 行.
NOTIC: [8] Undefined index: car /opt/lampp/htdocs/fruit/App/Fruit/Controller/IndexController.class.php 第 75 行.
NOTIC: [2] in_array() expects parameter 2 to be array, null given /opt/lampp/htdocs/fruit/App/Fruit/Controller/IndexController.class.php 第 75 行.

[ 2015-04-09T16:48:43+08:00 ] 123.151.42.46 /fruit/index.php/Fruit/Index/mycar
INFO: [ app_init ] --START--
INFO: Run Behavior\BuildLiteBehavior [ RunTime:0.000014s ]
INFO: [ app_init ] --END-- [ RunTime:0.000277s ]
INFO: [ app_begin ] --START--
INFO: Run Behavior\ReadHtmlCacheBehavior [ RunTime:0.000343s ]
INFO: [ app_begin ] --END-- [ RunTime:0.000392s ]
SQL: SHOW COLUMNS FROM `fruit` [ RunTime:0.0009s ]
SQL: SELECT * FROM `fruit` WHERE ( fruit_id in(3) )  [ RunTime:0.0002s ]
INFO: [ view_parse ] --START--
INFO: [ template_filter ] --START--
INFO: Run Behavior\ContentReplaceBehavior [ RunTime:0.000042s ]
INFO: [ template_filter ] --END-- [ RunTime:0.000084s ]
NOTIC: [8] Undefined index: fruit_num /opt/lampp/htdocs/fruit/App/Runtime/Cache/Fruit/f3eb904f0331d42f067fc23cbbe71b7d.php 第 27 行.
INFO: Run Behavior\ParseTemplateBehavior [ RunTime:0.006036s ]
INFO: [ view_parse ] --END-- [ RunTime:0.006079s ]
INFO: [ view_filter ] --START--
INFO: Run Behavior\WriteHtmlCacheBehavior [ RunTime:0.000112s ]
INFO: [ view_filter ] --END-- [ RunTime:0.000147s ]
INFO: [ app_end ] --START--
INFO: Run Behavior\ShowPageTraceBehavior [ RunTime:0.000342s ]
INFO: [ app_end ] --END-- [ RunTime:0.000381s ]

[ 2015-04-09T16:48:46+08:00 ] 123.151.42.46 /fruit/index.php/Fruit/Index/check
INFO: [ app_init ] --START--
INFO: Run Behavior\BuildLiteBehavior [ RunTime:0.000014s ]
INFO: [ app_init ] --END-- [ RunTime:0.000273s ]
INFO: [ app_begin ] --START--
INFO: Run Behavior\ReadHtmlCacheBehavior [ RunTime:0.000324s ]
INFO: [ app_begin ] --END-- [ RunTime:0.000365s ]
SQL: SHOW COLUMNS FROM `fruit` [ RunTime:0.0008s ]
SQL: SELECT * FROM `fruit` WHERE ( fruit_id in(3) )  [ RunTime:0.0003s ]
SQL: SHOW COLUMNS FROM `user_address` [ RunTime:0.0005s ]
SQL: SELECT * FROM `user_address` WHERE ( `user_id`=55 )  [ RunTime:0.0002s ]
NOTIC: [8] Undefined offset: 0 /opt/lampp/htdocs/fruit/App/Fruit/Controller/IndexController.class.php 第 148 行.
INFO: [ view_parse ] --START--
INFO: [ template_filter ] --START--
INFO: Run Behavior\ContentReplaceBehavior [ RunTime:0.000046s ]
INFO: [ template_filter ] --END-- [ RunTime:0.000087s ]
INFO: Run Behavior\ParseTemplateBehavior [ RunTime:0.007804s ]
INFO: [ view_parse ] --END-- [ RunTime:0.007852s ]
INFO: [ view_filter ] --START--
INFO: Run Behavior\WriteHtmlCacheBehavior [ RunTime:0.000111s ]
INFO: [ view_filter ] --END-- [ RunTime:0.000142s ]
INFO: [ app_end ] --START--
INFO: Run Behavior\ShowPageTraceBehavior [ RunTime:0.000349s ]
INFO: [ app_end ] --END-- [ RunTime:0.000385s ]

[ 2015-04-09T17:56:05+08:00 ] 111.30.141.47 /fruit/index.php/fruit/index/index/weiid/oTPVPt4vyyfNHVCl86eTdYoFVrjg/sign/23bbf6f3ba8c89d175563cfbfc16a3f9
INFO: [ app_init ] --START--
INFO: Run Behavior\BuildLiteBehavior [ RunTime:0.000014s ]
INFO: [ app_init ] --END-- [ RunTime:0.000265s ]
INFO: [ app_begin ] --START--
INFO: Run Behavior\ReadHtmlCacheBehavior [ RunTime:0.000329s ]
INFO: [ app_begin ] --END-- [ RunTime:0.000371s ]
SQL: SHOW COLUMNS FROM `user` [ RunTime:0.0008s ]
SQL: SELECT * FROM `user` WHERE ( `wei_id`='oTPVPt4vyyfNHVCl86eTdYoFVrjg' )  [ RunTime:0.0003s ]
SQL: INSERT INTO `user` (`wei_id`,`ctime`,`ltime`) VALUES ('oTPVPt4vyyfNHVCl86eTdYoFVrjg','1428573365','1428573365') [ RunTime:0.0051s ]
SQL: SELECT * FROM `user` WHERE ( `wei_id`='oTPVPt4vyyfNHVCl86eTdYoFVrjg' )  [ RunTime:0.0002s ]
NOTIC: [8] Undefined index: car /opt/lampp/htdocs/fruit/App/Fruit/Controller/IndexController.class.php 第 40 行.
SQL: SHOW COLUMNS FROM `fruit` [ RunTime:0.0006s ]
SQL: SELECT * FROM `fruit` ORDER BY `order`  [ RunTime:0.0003s ]
NOTIC: [8] Undefined index: car /opt/lampp/htdocs/fruit/App/Fruit/Controller/IndexController.class.php 第 48 行.
INFO: [ view_parse ] --START--
INFO: [ template_filter ] --START--
INFO: Run Behavior\ContentReplaceBehavior [ RunTime:0.000036s ]
INFO: [ template_filter ] --END-- [ RunTime:0.000078s ]
INFO: Run Behavior\ParseTemplateBehavior [ RunTime:0.005078s ]
INFO: [ view_parse ] --END-- [ RunTime:0.005119s ]
INFO: [ view_filter ] --START--
INFO: Run Behavior\WriteHtmlCacheBehavior [ RunTime:0.000112s ]
INFO: [ view_filter ] --END-- [ RunTime:0.000147s ]
INFO: [ app_end ] --START--
INFO: Run Behavior\ShowPageTraceBehavior [ RunTime:0.000374s ]
INFO: [ app_end ] --END-- [ RunTime:0.000412s ]

[ 2015-04-09T17:56:13+08:00 ] 159.226.43.123 /fruit/index.php/fruit/index/index/weiid/oTPVPt4vyyfNHVCl86eTdYoFVrjg/sign/23bbf6f3ba8c89d175563cfbfc16a3f9
INFO: [ app_init ] --START--
INFO: Run Behavior\BuildLiteBehavior [ RunTime:0.000016s ]
INFO: [ app_init ] --END-- [ RunTime:0.000375s ]
INFO: [ app_begin ] --START--
INFO: Run Behavior\ReadHtmlCacheBehavior [ RunTime:0.000547s ]
INFO: [ app_begin ] --END-- [ RunTime:0.000602s ]
SQL: SHOW COLUMNS FROM `user` [ RunTime:0.0008s ]
SQL: SELECT * FROM `user` WHERE ( `wei_id`='oTPVPt4vyyfNHVCl86eTdYoFVrjg' )  [ RunTime:0.0003s ]
SQL: UPDATE `user` SET `ltime`='1428573373' WHERE `user_id` = 77 [ RunTime:0.0061s ]
NOTIC: [8] Undefined index: car /opt/lampp/htdocs/fruit/App/Fruit/Controller/IndexController.class.php 第 40 行.
SQL: SHOW COLUMNS FROM `fruit` [ RunTime:0.0009s ]
SQL: SELECT * FROM `fruit` ORDER BY `order`  [ RunTime:0.0003s ]
NOTIC: [8] Undefined index: car /opt/lampp/htdocs/fruit/App/Fruit/Controller/IndexController.class.php 第 48 行.
INFO: [ view_parse ] --START--
INFO: [ template_filter ] --START--
INFO: Run Behavior\ContentReplaceBehavior [ RunTime:0.000043s ]
INFO: [ template_filter ] --END-- [ RunTime:0.000116s ]
INFO: Run Behavior\ParseTemplateBehavior [ RunTime:0.005990s ]
INFO: [ view_parse ] --END-- [ RunTime:0.006039s ]
INFO: [ view_filter ] --START--
INFO: Run Behavior\WriteHtmlCacheBehavior [ RunTime:0.000147s ]
INFO: [ view_filter ] --END-- [ RunTime:0.000193s ]
INFO: [ app_end ] --START--
INFO: Run Behavior\ShowPageTraceBehavior [ RunTime:0.000455s ]
INFO: [ app_end ] --END-- [ RunTime:0.000495s ]

[ 2015-04-09T17:57:07+08:00 ] 159.226.43.123 /fruit/index.php/Fruit/Index/detail/id/3
INFO: [ app_init ] --START--
INFO: Run Behavior\BuildLiteBehavior [ RunTime:0.000014s ]
INFO: [ app_init ] --END-- [ RunTime:0.000262s ]
INFO: [ app_begin ] --START--
INFO: Run Behavior\ReadHtmlCacheBehavior [ RunTime:0.000336s ]
INFO: [ app_begin ] --END-- [ RunTime:0.000374s ]
NOTIC: [8] Undefined index: car /opt/lampp/htdocs/fruit/App/Fruit/Controller/IndexController.class.php 第 40 行.
SQL: SHOW COLUMNS FROM `fruit` [ RunTime:0.0009s ]
SQL: SELECT * FROM `fruit` WHERE ( fruit_id=3 )  [ RunTime:0.0003s ]
SQL: SHOW COLUMNS FROM `order_detail` [ RunTime:0.0005s ]
SQL: SELECT count(1) buys FROM `order_detail` WHERE ( fruit_id=3 )  [ RunTime:0.0002s ]
SQL: SELECT count(1) comments FROM `order_detail` WHERE ( fruit_id=3 and commend!='0' )  [ RunTime:0.0002s ]
NOTIC: [8] Undefined index: car /opt/lampp/htdocs/fruit/App/Fruit/Controller/IndexController.class.php 第 68 行.
INFO: [ view_parse ] --START--
INFO: [ template_filter ] --START--
INFO: Run Behavior\ContentReplaceBehavior [ RunTime:0.000045s ]
INFO: [ template_filter ] --END-- [ RunTime:0.000103s ]
INFO: Run Behavior\ParseTemplateBehavior [ RunTime:0.005197s ]
INFO: [ view_parse ] --END-- [ RunTime:0.005249s ]
INFO: [ view_filter ] --START--
INFO: Run Behavior\WriteHtmlCacheBehavior [ RunTime:0.000130s ]
INFO: [ view_filter ] --END-- [ RunTime:0.000172s ]
INFO: [ app_end ] --START--
INFO: Run Behavior\ShowPageTraceBehavior [ RunTime:0.000457s ]
INFO: [ app_end ] --END-- [ RunTime:0.000504s ]

[ 2015-04-09T19:02:16+08:00 ] 61.149.4.160 /fruit/index.php/fruit/index/index/weiid/oTPVPt9UuaxWXULje44IcXLIFr34/sign/9a354f3c23e82ce8307fbc38c98ea93c
INFO: [ app_init ] --START--
INFO: Run Behavior\BuildLiteBehavior [ RunTime:0.000015s ]
INFO: [ app_init ] --END-- [ RunTime:0.000379s ]
INFO: [ app_begin ] --START--
INFO: Run Behavior\ReadHtmlCacheBehavior [ RunTime:0.000352s ]
INFO: [ app_begin ] --END-- [ RunTime:0.000394s ]
SQL: SHOW COLUMNS FROM `user` [ RunTime:0.0008s ]
SQL: SELECT * FROM `user` WHERE ( `wei_id`='oTPVPt9UuaxWXULje44IcXLIFr34' )  [ RunTime:0.0003s ]
SQL: UPDATE `user` SET `ltime`='1428577336' WHERE `user_id` = 31 [ RunTime:0.0082s ]
NOTIC: [8] Undefined index: car /opt/lampp/htdocs/fruit/App/Fruit/Controller/IndexController.class.php 第 40 行.
SQL: SHOW COLUMNS FROM `fruit` [ RunTime:0.0006s ]
SQL: SELECT * FROM `fruit` ORDER BY `order`  [ RunTime:0.0003s ]
NOTIC: [8] Undefined index: car /opt/lampp/htdocs/fruit/App/Fruit/Controller/IndexController.class.php 第 48 行.
INFO: [ view_parse ] --START--
INFO: [ template_filter ] --START--
INFO: Run Behavior\ContentReplaceBehavior [ RunTime:0.000044s ]
INFO: [ template_filter ] --END-- [ RunTime:0.000093s ]
INFO: Run Behavior\ParseTemplateBehavior [ RunTime:0.005450s ]
INFO: [ view_parse ] --END-- [ RunTime:0.005497s ]
INFO: [ view_filter ] --START--
INFO: Run Behavior\WriteHtmlCacheBehavior [ RunTime:0.000128s ]
INFO: [ view_filter ] --END-- [ RunTime:0.000167s ]
INFO: [ app_end ] --START--
INFO: Run Behavior\ShowPageTraceBehavior [ RunTime:0.000399s ]
INFO: [ app_end ] --END-- [ RunTime:0.000438s ]

[ 2015-04-09T22:55:25+08:00 ] 114.253.253.146 /fruit/index.php/fruit/index/index/weiid/oTPVPt32sxl5g8spvXiULUTUS-fg/sign/0d5063f706b901bf3a6392a994496aa6
INFO: [ app_init ] --START--
INFO: Run Behavior\BuildLiteBehavior [ RunTime:0.000013s ]
INFO: [ app_init ] --END-- [ RunTime:0.000262s ]
INFO: [ app_begin ] --START--
INFO: Run Behavior\ReadHtmlCacheBehavior [ RunTime:0.000327s ]
INFO: [ app_begin ] --END-- [ RunTime:0.000369s ]
SQL: SHOW COLUMNS FROM `user` [ RunTime:0.0008s ]
SQL: SELECT * FROM `user` WHERE ( `wei_id`='oTPVPt32sxl5g8spvXiULUTUS-fg' )  [ RunTime:0.0003s ]
SQL: UPDATE `user` SET `ltime`='1428591325' WHERE `user_id` = 42 [ RunTime:0.0187s ]
NOTIC: [8] Undefined index: car /opt/lampp/htdocs/fruit/App/Fruit/Controller/IndexController.class.php 第 40 行.
SQL: SHOW COLUMNS FROM `fruit` [ RunTime:0.0006s ]
SQL: SELECT * FROM `fruit` ORDER BY `order`  [ RunTime:0.0003s ]
NOTIC: [8] Undefined index: car /opt/lampp/htdocs/fruit/App/Fruit/Controller/IndexController.class.php 第 48 行.
INFO: [ view_parse ] --START--
INFO: [ template_filter ] --START--
INFO: Run Behavior\ContentReplaceBehavior [ RunTime:0.000046s ]
INFO: [ template_filter ] --END-- [ RunTime:0.000162s ]
INFO: Run Behavior\ParseTemplateBehavior [ RunTime:0.006259s ]
INFO: [ view_parse ] --END-- [ RunTime:0.006302s ]
INFO: [ view_filter ] --START--
INFO: Run Behavior\WriteHtmlCacheBehavior [ RunTime:0.000124s ]
INFO: [ view_filter ] --END-- [ RunTime:0.000162s ]
INFO: [ app_end ] --START--
INFO: Run Behavior\ShowPageTraceBehavior [ RunTime:0.000613s ]
INFO: [ app_end ] --END-- [ RunTime:0.000682s ]

[ 2015-04-09T22:55:29+08:00 ] 114.253.253.146 /fruit/index.php/Fruit/Index/detail/id/5
INFO: [ app_init ] --START--
INFO: Run Behavior\BuildLiteBehavior [ RunTime:0.000014s ]
INFO: [ app_init ] --END-- [ RunTime:0.000264s ]
INFO: [ app_begin ] --START--
INFO: Run Behavior\ReadHtmlCacheBehavior [ RunTime:0.000371s ]
INFO: [ app_begin ] --END-- [ RunTime:0.000410s ]
NOTIC: [8] Undefined index: car /opt/lampp/htdocs/fruit/App/Fruit/Controller/IndexController.class.php 第 40 行.
SQL: SHOW COLUMNS FROM `fruit` [ RunTime:0.0009s ]
SQL: SELECT * FROM `fruit` WHERE ( fruit_id=5 )  [ RunTime:0.0004s ]
SQL: SHOW COLUMNS FROM `order_detail` [ RunTime:0.0008s ]
SQL: SELECT count(1) buys FROM `order_detail` WHERE ( fruit_id=5 )  [ RunTime:0.0003s ]
SQL: SELECT count(1) comments FROM `order_detail` WHERE ( fruit_id=5 and commend!='0' )  [ RunTime:0.0003s ]
NOTIC: [8] Undefined index: car /opt/lampp/htdocs/fruit/App/Fruit/Controller/IndexController.class.php 第 68 行.
INFO: [ view_parse ] --START--
INFO: [ template_filter ] --START--
INFO: Run Behavior\ContentReplaceBehavior [ RunTime:0.000039s ]
INFO: [ template_filter ] --END-- [ RunTime:0.000079s ]
INFO: Run Behavior\ParseTemplateBehavior [ RunTime:0.005123s ]
INFO: [ view_parse ] --END-- [ RunTime:0.005174s ]
INFO: [ view_filter ] --START--
INFO: Run Behavior\WriteHtmlCacheBehavior [ RunTime:0.000126s ]
INFO: [ view_filter ] --END-- [ RunTime:0.000158s ]
INFO: [ app_end ] --START--
INFO: Run Behavior\ShowPageTraceBehavior [ RunTime:0.000365s ]
INFO: [ app_end ] --END-- [ RunTime:0.000402s ]

