[ 2015-04-17T12:47:08+08:00 ] 223.104.3.138 /fruit/index.php/fruit/index/index/weiid/oTPVPt32sxl5g8spvXiULUTUS-fg/sign/0d5063f706b901bf3a6392a994496aa6
INFO: [ app_init ] --START--
INFO: Run Behavior\BuildLiteBehavior [ RunTime:0.000015s ]
INFO: [ app_init ] --END-- [ RunTime:0.000272s ]
INFO: [ app_begin ] --START--
INFO: Run Behavior\ReadHtmlCacheBehavior [ RunTime:0.000349s ]
INFO: [ app_begin ] --END-- [ RunTime:0.000394s ]
SQL: SHOW COLUMNS FROM `user` [ RunTime:0.0011s ]
SQL: SELECT * FROM `user` WHERE ( `wei_id`='oTPVPt32sxl5g8spvXiULUTUS-fg' )  [ RunTime:0.0004s ]
SQL: UPDATE `user` SET `ltime`='1429246028' WHERE `user_id` = 42 [ RunTime:0.0224s ]
NOTIC: [8] Undefined index: car /opt/lampp/htdocs/fruit/App/Fruit/Controller/IndexController.class.php 第 40 行.
SQL: SHOW COLUMNS FROM `fruit` [ RunTime:0.0009s ]
SQL: SELECT * FROM `fruit` ORDER BY `order`  [ RunTime:0.0003s ]
NOTIC: [8] Undefined index: car /opt/lampp/htdocs/fruit/App/Fruit/Controller/IndexController.class.php 第 48 行.
INFO: [ view_parse ] --START--
INFO: [ template_filter ] --START--
INFO: Run Behavior\ContentReplaceBehavior [ RunTime:0.000045s ]
INFO: [ template_filter ] --END-- [ RunTime:0.000111s ]
INFO: Run Behavior\ParseTemplateBehavior [ RunTime:0.007102s ]
INFO: [ view_parse ] --END-- [ RunTime:0.007159s ]
INFO: [ view_filter ] --START--
INFO: Run Behavior\WriteHtmlCacheBehavior [ RunTime:0.000179s ]
INFO: [ view_filter ] --END-- [ RunTime:0.000223s ]
INFO: [ app_end ] --START--
INFO: Run Behavior\ShowPageTraceBehavior [ RunTime:0.000410s ]
INFO: [ app_end ] --END-- [ RunTime:0.000454s ]

[ 2015-04-17T12:47:12+08:00 ] 223.104.3.138 /fruit/index.php/Fruit/Index/detail/id/5
INFO: [ app_init ] --START--
INFO: Run Behavior\BuildLiteBehavior [ RunTime:0.000015s ]
INFO: [ app_init ] --END-- [ RunTime:0.000289s ]
INFO: [ app_begin ] --START--
INFO: Run Behavior\ReadHtmlCacheBehavior [ RunTime:0.000338s ]
INFO: [ app_begin ] --END-- [ RunTime:0.000377s ]
NOTIC: [8] Undefined index: car /opt/lampp/htdocs/fruit/App/Fruit/Controller/IndexController.class.php 第 40 行.
SQL: SHOW COLUMNS FROM `fruit` [ RunTime:0.0010s ]
SQL: SELECT * FROM `fruit` WHERE ( fruit_id=5 )  [ RunTime:0.0003s ]
SQL: SHOW COLUMNS FROM `order_detail` [ RunTime:0.0005s ]
SQL: SELECT count(1) comments FROM `order_detail` WHERE ( fruit_id=5 and commend!='0' )  [ RunTime:0.0002s ]
NOTIC: [8] Undefined index: car /opt/lampp/htdocs/fruit/App/Fruit/Controller/IndexController.class.php 第 69 行.
INFO: [ view_parse ] --START--
INFO: [ template_filter ] --START--
INFO: Run Behavior\ContentReplaceBehavior [ RunTime:0.000044s ]
INFO: [ template_filter ] --END-- [ RunTime:0.000084s ]
INFO: Run Behavior\ParseTemplateBehavior [ RunTime:0.004710s ]
INFO: [ view_parse ] --END-- [ RunTime:0.004749s ]
INFO: [ view_filter ] --START--
INFO: Run Behavior\WriteHtmlCacheBehavior [ RunTime:0.000115s ]
INFO: [ view_filter ] --END-- [ RunTime:0.000148s ]
INFO: [ app_end ] --START--
INFO: Run Behavior\ShowPageTraceBehavior [ RunTime:0.000359s ]
INFO: [ app_end ] --END-- [ RunTime:0.000403s ]

[ 2015-04-17T12:47:15+08:00 ] 223.104.3.138 /fruit/index.php/fruit/index/commonlist/id/5
INFO: [ app_init ] --START--
INFO: Run Behavior\BuildLiteBehavior [ RunTime:0.000014s ]
INFO: [ app_init ] --END-- [ RunTime:0.000268s ]
INFO: [ app_begin ] --START--
INFO: Run Behavior\ReadHtmlCacheBehavior [ RunTime:0.000337s ]
INFO: [ app_begin ] --END-- [ RunTime:0.000378s ]
NOTIC: [8] Undefined index: car /opt/lampp/htdocs/fruit/App/Fruit/Controller/IndexController.class.php 第 40 行.
SQL: SHOW COLUMNS FROM `order_detail` [ RunTime:0.0009s ]
SQL: SELECT * FROM `order_detail` LEFT JOIN `order` ON order.order_id=order_detail.order_id  WHERE ( `fruit_id`='5' AND `commend`!='0' ) ORDER BY 	order_detail_id desc  [ RunTime:0.0006s ]
SQL: SHOW COLUMNS FROM `fruit` [ RunTime:0.0006s ]
SQL: SELECT * FROM `fruit` WHERE ( `fruit_id`='5' )  [ RunTime:0.0002s ]
INFO: [ view_parse ] --START--
INFO: [ template_filter ] --START--
INFO: Run Behavior\ContentReplaceBehavior [ RunTime:0.000041s ]
INFO: [ template_filter ] --END-- [ RunTime:0.000092s ]
INFO: Run Behavior\ParseTemplateBehavior [ RunTime:0.008209s ]
INFO: [ view_parse ] --END-- [ RunTime:0.008259s ]
INFO: [ view_filter ] --START--
INFO: Run Behavior\WriteHtmlCacheBehavior [ RunTime:0.000118s ]
INFO: [ view_filter ] --END-- [ RunTime:0.000154s ]
INFO: [ app_end ] --START--
INFO: Run Behavior\ShowPageTraceBehavior [ RunTime:0.000372s ]
INFO: [ app_end ] --END-- [ RunTime:0.000416s ]

[ 2015-04-17T12:47:25+08:00 ] 223.104.3.138 /fruit/index.php/fruit/index/detail/id/5
INFO: [ app_init ] --START--
INFO: Run Behavior\BuildLiteBehavior [ RunTime:0.000014s ]
INFO: [ app_init ] --END-- [ RunTime:0.000284s ]
INFO: [ app_begin ] --START--
INFO: Run Behavior\ReadHtmlCacheBehavior [ RunTime:0.000389s ]
INFO: [ app_begin ] --END-- [ RunTime:0.000434s ]
NOTIC: [8] Undefined index: car /opt/lampp/htdocs/fruit/App/Fruit/Controller/IndexController.class.php 第 40 行.
SQL: SHOW COLUMNS FROM `fruit` [ RunTime:0.0008s ]
SQL: SELECT * FROM `fruit` WHERE ( fruit_id=5 )  [ RunTime:0.0003s ]
SQL: SHOW COLUMNS FROM `order_detail` [ RunTime:0.0005s ]
SQL: SELECT count(1) comments FROM `order_detail` WHERE ( fruit_id=5 and commend!='0' )  [ RunTime:0.0003s ]
NOTIC: [8] Undefined index: car /opt/lampp/htdocs/fruit/App/Fruit/Controller/IndexController.class.php 第 69 行.
INFO: [ view_parse ] --START--
INFO: [ template_filter ] --START--
INFO: Run Behavior\ContentReplaceBehavior [ RunTime:0.000037s ]
INFO: [ template_filter ] --END-- [ RunTime:0.000077s ]
INFO: Run Behavior\ParseTemplateBehavior [ RunTime:0.005347s ]
INFO: [ view_parse ] --END-- [ RunTime:0.005393s ]
INFO: [ view_filter ] --START--
INFO: Run Behavior\WriteHtmlCacheBehavior [ RunTime:0.000114s ]
INFO: [ view_filter ] --END-- [ RunTime:0.000146s ]
INFO: [ app_end ] --START--
INFO: Run Behavior\ShowPageTraceBehavior [ RunTime:0.000367s ]
INFO: [ app_end ] --END-- [ RunTime:0.000408s ]

[ 2015-04-17T13:28:25+08:00 ] 159.226.43.96 /fruit/index.php/fruit/index/index/weiid/oTPVPt4vyyfNHVCl86eTdYoFVrjg/sign/23bbf6f3ba8c89d175563cfbfc16a3f9
INFO: [ app_init ] --START--
INFO: Run Behavior\BuildLiteBehavior [ RunTime:0.000016s ]
INFO: [ app_init ] --END-- [ RunTime:0.000300s ]
INFO: [ app_begin ] --START--
INFO: Run Behavior\ReadHtmlCacheBehavior [ RunTime:0.000476s ]
INFO: [ app_begin ] --END-- [ RunTime:0.000537s ]
SQL: SHOW COLUMNS FROM `user` [ RunTime:0.0008s ]
SQL: SELECT * FROM `user` WHERE ( `wei_id`='oTPVPt4vyyfNHVCl86eTdYoFVrjg' )  [ RunTime:0.0003s ]
SQL: UPDATE `user` SET `ltime`='1429248505' WHERE `user_id` = 77 [ RunTime:0.0075s ]
NOTIC: [8] Undefined index: car /opt/lampp/htdocs/fruit/App/Fruit/Controller/IndexController.class.php 第 40 行.
SQL: SHOW COLUMNS FROM `fruit` [ RunTime:0.0006s ]
SQL: SELECT * FROM `fruit` ORDER BY `order`  [ RunTime:0.0003s ]
NOTIC: [8] Undefined index: car /opt/lampp/htdocs/fruit/App/Fruit/Controller/IndexController.class.php 第 48 行.
INFO: [ view_parse ] --START--
INFO: [ template_filter ] --START--
INFO: Run Behavior\ContentReplaceBehavior [ RunTime:0.000047s ]
INFO: [ template_filter ] --END-- [ RunTime:0.000099s ]
INFO: Run Behavior\ParseTemplateBehavior [ RunTime:0.006206s ]
INFO: [ view_parse ] --END-- [ RunTime:0.006256s ]
INFO: [ view_filter ] --START--
INFO: Run Behavior\WriteHtmlCacheBehavior [ RunTime:0.000121s ]
INFO: [ view_filter ] --END-- [ RunTime:0.000156s ]
INFO: [ app_end ] --START--
INFO: Run Behavior\ShowPageTraceBehavior [ RunTime:0.000389s ]
INFO: [ app_end ] --END-- [ RunTime:0.000431s ]

[ 2015-04-17T23:09:49+08:00 ] 61.149.6.49 /fruit/index.php/fruit/index/index/weiid/oTPVPt32sxl5g8spvXiULUTUS-fg/sign/0d5063f706b901bf3a6392a994496aa6
INFO: [ app_init ] --START--
INFO: Run Behavior\BuildLiteBehavior [ RunTime:0.000015s ]
INFO: [ app_init ] --END-- [ RunTime:0.000270s ]
INFO: [ app_begin ] --START--
INFO: Run Behavior\ReadHtmlCacheBehavior [ RunTime:0.000376s ]
INFO: [ app_begin ] --END-- [ RunTime:0.000419s ]
SQL: SHOW COLUMNS FROM `user` [ RunTime:0.0008s ]
SQL: SELECT * FROM `user` WHERE ( `wei_id`='oTPVPt32sxl5g8spvXiULUTUS-fg' )  [ RunTime:0.0003s ]
SQL: UPDATE `user` SET `ltime`='1429283389' WHERE `user_id` = 42 [ RunTime:0.0222s ]
NOTIC: [8] Undefined index: car /opt/lampp/htdocs/fruit/App/Fruit/Controller/IndexController.class.php 第 40 行.
SQL: SHOW COLUMNS FROM `fruit` [ RunTime:0.0007s ]
SQL: SELECT * FROM `fruit` ORDER BY `order`  [ RunTime:0.0003s ]
NOTIC: [8] Undefined index: car /opt/lampp/htdocs/fruit/App/Fruit/Controller/IndexController.class.php 第 48 行.
INFO: [ view_parse ] --START--
INFO: [ template_filter ] --START--
INFO: Run Behavior\ContentReplaceBehavior [ RunTime:0.000040s ]
INFO: [ template_filter ] --END-- [ RunTime:0.000092s ]
INFO: Run Behavior\ParseTemplateBehavior [ RunTime:0.006513s ]
INFO: [ view_parse ] --END-- [ RunTime:0.006560s ]
INFO: [ view_filter ] --START--
INFO: Run Behavior\WriteHtmlCacheBehavior [ RunTime:0.000276s ]
INFO: [ view_filter ] --END-- [ RunTime:0.000373s ]
INFO: [ app_end ] --START--
INFO: Run Behavior\ShowPageTraceBehavior [ RunTime:0.000819s ]
INFO: [ app_end ] --END-- [ RunTime:0.000901s ]

[ 2015-04-17T23:09:53+08:00 ] 61.149.6.49 /fruit/index.php/Fruit/Index/mycar
INFO: [ app_init ] --START--
INFO: Run Behavior\BuildLiteBehavior [ RunTime:0.000015s ]
INFO: [ app_init ] --END-- [ RunTime:0.000267s ]
INFO: [ app_begin ] --START--
INFO: Run Behavior\ReadHtmlCacheBehavior [ RunTime:0.000338s ]
INFO: [ app_begin ] --END-- [ RunTime:0.000382s ]
NOTIC: [8] Undefined index: car /opt/lampp/htdocs/fruit/App/Fruit/Controller/IndexController.class.php 第 40 行.
SQL: SHOW COLUMNS FROM `fruit` [ RunTime:0.0008s ]
NOTIC: [8] Undefined index: car /opt/lampp/htdocs/fruit/App/Fruit/Controller/IndexController.class.php 第 97 行.
NOTIC: [2] implode(): Invalid arguments passed /opt/lampp/htdocs/fruit/App/Fruit/Controller/IndexController.class.php 第 97 行.
NOTIC: [8] Undefined variable: fruit /opt/lampp/htdocs/fruit/App/Fruit/Controller/IndexController.class.php 第 102 行.
NOTIC: [8] Undefined index: car /opt/lampp/htdocs/fruit/App/Fruit/Controller/IndexController.class.php 第 103 行.
INFO: [ view_parse ] --START--
INFO: [ template_filter ] --START--
INFO: Run Behavior\ContentReplaceBehavior [ RunTime:0.000047s ]
INFO: [ template_filter ] --END-- [ RunTime:0.000105s ]
INFO: Run Behavior\ParseTemplateBehavior [ RunTime:0.006294s ]
INFO: [ view_parse ] --END-- [ RunTime:0.006348s ]
INFO: [ view_filter ] --START--
INFO: Run Behavior\WriteHtmlCacheBehavior [ RunTime:0.000119s ]
INFO: [ view_filter ] --END-- [ RunTime:0.000151s ]
INFO: [ app_end ] --START--
INFO: Run Behavior\ShowPageTraceBehavior [ RunTime:0.000413s ]
INFO: [ app_end ] --END-- [ RunTime:0.000453s ]

[ 2015-04-17T23:10:01+08:00 ] 61.149.6.49 /fruit/index.php/Fruit/Index/index
INFO: [ app_init ] --START--
INFO: Run Behavior\BuildLiteBehavior [ RunTime:0.000017s ]
INFO: [ app_init ] --END-- [ RunTime:0.000312s ]
INFO: [ app_begin ] --START--
INFO: Run Behavior\ReadHtmlCacheBehavior [ RunTime:0.000463s ]
INFO: [ app_begin ] --END-- [ RunTime:0.000511s ]
NOTIC: [8] Undefined index: car /opt/lampp/htdocs/fruit/App/Fruit/Controller/IndexController.class.php 第 40 行.
SQL: SHOW COLUMNS FROM `fruit` [ RunTime:0.0009s ]
SQL: SELECT * FROM `fruit` ORDER BY `order`  [ RunTime:0.0003s ]
NOTIC: [8] Undefined index: car /opt/lampp/htdocs/fruit/App/Fruit/Controller/IndexController.class.php 第 48 行.
INFO: [ view_parse ] --START--
INFO: [ template_filter ] --START--
INFO: Run Behavior\ContentReplaceBehavior [ RunTime:0.000039s ]
INFO: [ template_filter ] --END-- [ RunTime:0.000090s ]
INFO: Run Behavior\ParseTemplateBehavior [ RunTime:0.007185s ]
INFO: [ view_parse ] --END-- [ RunTime:0.007325s ]
INFO: [ view_filter ] --START--
INFO: Run Behavior\WriteHtmlCacheBehavior [ RunTime:0.000119s ]
INFO: [ view_filter ] --END-- [ RunTime:0.000151s ]
INFO: [ app_end ] --START--
INFO: Run Behavior\ShowPageTraceBehavior [ RunTime:0.000390s ]
INFO: [ app_end ] --END-- [ RunTime:0.000434s ]

[ 2015-04-17T23:10:02+08:00 ] 61.149.6.49 /fruit/index.php/Fruit/Index/detail/id/5
INFO: [ app_init ] --START--
INFO: Run Behavior\BuildLiteBehavior [ RunTime:0.000019s ]
INFO: [ app_init ] --END-- [ RunTime:0.000286s ]
INFO: [ app_begin ] --START--
INFO: Run Behavior\ReadHtmlCacheBehavior [ RunTime:0.000381s ]
INFO: [ app_begin ] --END-- [ RunTime:0.000421s ]
NOTIC: [8] Undefined index: car /opt/lampp/htdocs/fruit/App/Fruit/Controller/IndexController.class.php 第 40 行.
SQL: SHOW COLUMNS FROM `fruit` [ RunTime:0.0009s ]
SQL: SELECT * FROM `fruit` WHERE ( fruit_id=5 )  [ RunTime:0.0003s ]
SQL: SHOW COLUMNS FROM `order_detail` [ RunTime:0.0006s ]
SQL: SELECT count(1) comments FROM `order_detail` WHERE ( fruit_id=5 and commend!='0' )  [ RunTime:0.0002s ]
NOTIC: [8] Undefined index: car /opt/lampp/htdocs/fruit/App/Fruit/Controller/IndexController.class.php 第 69 行.
INFO: [ view_parse ] --START--
INFO: [ template_filter ] --START--
INFO: Run Behavior\ContentReplaceBehavior [ RunTime:0.000047s ]
INFO: [ template_filter ] --END-- [ RunTime:0.000090s ]
INFO: Run Behavior\ParseTemplateBehavior [ RunTime:0.004750s ]
INFO: [ view_parse ] --END-- [ RunTime:0.004790s ]
INFO: [ view_filter ] --START--
INFO: Run Behavior\WriteHtmlCacheBehavior [ RunTime:0.000124s ]
INFO: [ view_filter ] --END-- [ RunTime:0.000155s ]
INFO: [ app_end ] --START--
INFO: Run Behavior\ShowPageTraceBehavior [ RunTime:0.000376s ]
INFO: [ app_end ] --END-- [ RunTime:0.000414s ]

[ 2015-04-17T23:10:04+08:00 ] 61.149.6.49 /fruit/index.php/fruit/index/commonlist/id/5
INFO: [ app_init ] --START--
INFO: Run Behavior\BuildLiteBehavior [ RunTime:0.000015s ]
INFO: [ app_init ] --END-- [ RunTime:0.000265s ]
INFO: [ app_begin ] --START--
INFO: Run Behavior\ReadHtmlCacheBehavior [ RunTime:0.000326s ]
INFO: [ app_begin ] --END-- [ RunTime:0.000365s ]
NOTIC: [8] Undefined index: car /opt/lampp/htdocs/fruit/App/Fruit/Controller/IndexController.class.php 第 40 行.
SQL: SHOW COLUMNS FROM `order_detail` [ RunTime:0.0009s ]
SQL: SELECT * FROM `order_detail` LEFT JOIN `order` ON order.order_id=order_detail.order_id  WHERE ( `fruit_id`='5' AND `commend`!='0' ) ORDER BY 	order_detail_id desc  [ RunTime:0.0006s ]
SQL: SHOW COLUMNS FROM `fruit` [ RunTime:0.0005s ]
SQL: SELECT * FROM `fruit` WHERE ( `fruit_id`='5' )  [ RunTime:0.0002s ]
INFO: [ view_parse ] --START--
INFO: [ template_filter ] --START--
INFO: Run Behavior\ContentReplaceBehavior [ RunTime:0.000040s ]
INFO: [ template_filter ] --END-- [ RunTime:0.000080s ]
INFO: Run Behavior\ParseTemplateBehavior [ RunTime:0.005672s ]
INFO: [ view_parse ] --END-- [ RunTime:0.005716s ]
INFO: [ view_filter ] --START--
INFO: Run Behavior\WriteHtmlCacheBehavior [ RunTime:0.000115s ]
INFO: [ view_filter ] --END-- [ RunTime:0.000160s ]
INFO: [ app_end ] --START--
INFO: Run Behavior\ShowPageTraceBehavior [ RunTime:0.000436s ]
INFO: [ app_end ] --END-- [ RunTime:0.000479s ]

[ 2015-04-17T23:10:29+08:00 ] 61.149.6.49 /fruit/index.php/fruit/index/detail/id/5
INFO: [ app_init ] --START--
INFO: Run Behavior\BuildLiteBehavior [ RunTime:0.000018s ]
INFO: [ app_init ] --END-- [ RunTime:0.000344s ]
INFO: [ app_begin ] --START--
INFO: Run Behavior\ReadHtmlCacheBehavior [ RunTime:0.000662s ]
INFO: [ app_begin ] --END-- [ RunTime:0.000737s ]
NOTIC: [8] Undefined index: car /opt/lampp/htdocs/fruit/App/Fruit/Controller/IndexController.class.php 第 40 行.
SQL: SHOW COLUMNS FROM `fruit` [ RunTime:0.0009s ]
SQL: SELECT * FROM `fruit` WHERE ( fruit_id=5 )  [ RunTime:0.0003s ]
SQL: SHOW COLUMNS FROM `order_detail` [ RunTime:0.0008s ]
SQL: SELECT count(1) comments FROM `order_detail` WHERE ( fruit_id=5 and commend!='0' )  [ RunTime:0.0003s ]
NOTIC: [8] Undefined index: car /opt/lampp/htdocs/fruit/App/Fruit/Controller/IndexController.class.php 第 69 行.
INFO: [ view_parse ] --START--
INFO: [ template_filter ] --START--
INFO: Run Behavior\ContentReplaceBehavior [ RunTime:0.000040s ]
INFO: [ template_filter ] --END-- [ RunTime:0.000086s ]
INFO: Run Behavior\ParseTemplateBehavior [ RunTime:0.005804s ]
INFO: [ view_parse ] --END-- [ RunTime:0.005853s ]
INFO: [ view_filter ] --START--
INFO: Run Behavior\WriteHtmlCacheBehavior [ RunTime:0.000129s ]
INFO: [ view_filter ] --END-- [ RunTime:0.000165s ]
INFO: [ app_end ] --START--
INFO: Run Behavior\ShowPageTraceBehavior [ RunTime:0.000386s ]
INFO: [ app_end ] --END-- [ RunTime:0.000426s ]

[ 2015-04-17T23:10:31+08:00 ] 61.149.6.49 /fruit/index.php/Fruit/Index/index
INFO: [ app_init ] --START--
INFO: Run Behavior\BuildLiteBehavior [ RunTime:0.000017s ]
INFO: [ app_init ] --END-- [ RunTime:0.000281s ]
INFO: [ app_begin ] --START--
INFO: Run Behavior\ReadHtmlCacheBehavior [ RunTime:0.000351s ]
INFO: [ app_begin ] --END-- [ RunTime:0.000392s ]
NOTIC: [8] Undefined index: car /opt/lampp/htdocs/fruit/App/Fruit/Controller/IndexController.class.php 第 40 行.
SQL: SHOW COLUMNS FROM `fruit` [ RunTime:0.0009s ]
SQL: SELECT * FROM `fruit` ORDER BY `order`  [ RunTime:0.0003s ]
NOTIC: [8] Undefined index: car /opt/lampp/htdocs/fruit/App/Fruit/Controller/IndexController.class.php 第 48 行.
INFO: [ view_parse ] --START--
INFO: [ template_filter ] --START--
INFO: Run Behavior\ContentReplaceBehavior [ RunTime:0.000062s ]
INFO: [ template_filter ] --END-- [ RunTime:0.000142s ]
INFO: Run Behavior\ParseTemplateBehavior [ RunTime:0.006080s ]
INFO: [ view_parse ] --END-- [ RunTime:0.006132s ]
INFO: [ view_filter ] --START--
INFO: Run Behavior\WriteHtmlCacheBehavior [ RunTime:0.000135s ]
INFO: [ view_filter ] --END-- [ RunTime:0.000177s ]
INFO: [ app_end ] --START--
INFO: Run Behavior\ShowPageTraceBehavior [ RunTime:0.000401s ]
INFO: [ app_end ] --END-- [ RunTime:0.000445s ]

[ 2015-04-17T23:10:33+08:00 ] 61.149.6.49 /fruit/index.php/Fruit/Index/detail/id/2
INFO: [ app_init ] --START--
INFO: Run Behavior\BuildLiteBehavior [ RunTime:0.000014s ]
INFO: [ app_init ] --END-- [ RunTime:0.000264s ]
INFO: [ app_begin ] --START--
INFO: Run Behavior\ReadHtmlCacheBehavior [ RunTime:0.000368s ]
INFO: [ app_begin ] --END-- [ RunTime:0.000407s ]
NOTIC: [8] Undefined index: car /opt/lampp/htdocs/fruit/App/Fruit/Controller/IndexController.class.php 第 40 行.
SQL: SHOW COLUMNS FROM `fruit` [ RunTime:0.0008s ]
SQL: SELECT * FROM `fruit` WHERE ( fruit_id=2 )  [ RunTime:0.0003s ]
SQL: SHOW COLUMNS FROM `order_detail` [ RunTime:0.0005s ]
SQL: SELECT count(1) comments FROM `order_detail` WHERE ( fruit_id=2 and commend!='0' )  [ RunTime:0.0002s ]
NOTIC: [8] Undefined index: car /opt/lampp/htdocs/fruit/App/Fruit/Controller/IndexController.class.php 第 69 行.
INFO: [ view_parse ] --START--
INFO: [ template_filter ] --START--
INFO: Run Behavior\ContentReplaceBehavior [ RunTime:0.000041s ]
INFO: [ template_filter ] --END-- [ RunTime:0.000093s ]
INFO: Run Behavior\ParseTemplateBehavior [ RunTime:0.004866s ]
INFO: [ view_parse ] --END-- [ RunTime:0.004912s ]
INFO: [ view_filter ] --START--
INFO: Run Behavior\WriteHtmlCacheBehavior [ RunTime:0.000113s ]
INFO: [ view_filter ] --END-- [ RunTime:0.000145s ]
INFO: [ app_end ] --START--
INFO: Run Behavior\ShowPageTraceBehavior [ RunTime:0.000381s ]
INFO: [ app_end ] --END-- [ RunTime:0.000423s ]

[ 2015-04-17T23:10:34+08:00 ] 61.149.6.49 /fruit/index.php/fruit/index/commonlist/id/2
INFO: [ app_init ] --START--
INFO: Run Behavior\BuildLiteBehavior [ RunTime:0.000014s ]
INFO: [ app_init ] --END-- [ RunTime:0.000268s ]
INFO: [ app_begin ] --START--
INFO: Run Behavior\ReadHtmlCacheBehavior [ RunTime:0.000335s ]
INFO: [ app_begin ] --END-- [ RunTime:0.000375s ]
NOTIC: [8] Undefined index: car /opt/lampp/htdocs/fruit/App/Fruit/Controller/IndexController.class.php 第 40 行.
SQL: SHOW COLUMNS FROM `order_detail` [ RunTime:0.0008s ]
SQL: SELECT * FROM `order_detail` LEFT JOIN `order` ON order.order_id=order_detail.order_id  WHERE ( `fruit_id`='2' AND `commend`!='0' ) ORDER BY 	order_detail_id desc  [ RunTime:0.0005s ]
SQL: SHOW COLUMNS FROM `fruit` [ RunTime:0.0005s ]
SQL: SELECT * FROM `fruit` WHERE ( `fruit_id`='2' )  [ RunTime:0.0002s ]
INFO: [ view_parse ] --START--
INFO: [ template_filter ] --START--
INFO: Run Behavior\ContentReplaceBehavior [ RunTime:0.000035s ]
INFO: [ template_filter ] --END-- [ RunTime:0.000081s ]
INFO: Run Behavior\ParseTemplateBehavior [ RunTime:0.005457s ]
INFO: [ view_parse ] --END-- [ RunTime:0.005504s ]
INFO: [ view_filter ] --START--
INFO: Run Behavior\WriteHtmlCacheBehavior [ RunTime:0.000115s ]
INFO: [ view_filter ] --END-- [ RunTime:0.000147s ]
INFO: [ app_end ] --START--
INFO: Run Behavior\ShowPageTraceBehavior [ RunTime:0.000372s ]
INFO: [ app_end ] --END-- [ RunTime:0.000408s ]

[ 2015-04-17T23:10:53+08:00 ] 61.149.6.49 /fruit/index.php/fruit/index/mycar
INFO: [ app_init ] --START--
INFO: Run Behavior\BuildLiteBehavior [ RunTime:0.000018s ]
INFO: [ app_init ] --END-- [ RunTime:0.000429s ]
INFO: [ app_begin ] --START--
INFO: Run Behavior\ReadHtmlCacheBehavior [ RunTime:0.000361s ]
INFO: [ app_begin ] --END-- [ RunTime:0.000401s ]
NOTIC: [8] Undefined index: car /opt/lampp/htdocs/fruit/App/Fruit/Controller/IndexController.class.php 第 40 行.
SQL: SHOW COLUMNS FROM `fruit` [ RunTime:0.0009s ]
NOTIC: [8] Undefined index: car /opt/lampp/htdocs/fruit/App/Fruit/Controller/IndexController.class.php 第 97 行.
NOTIC: [2] implode(): Invalid arguments passed /opt/lampp/htdocs/fruit/App/Fruit/Controller/IndexController.class.php 第 97 行.
NOTIC: [8] Undefined variable: fruit /opt/lampp/htdocs/fruit/App/Fruit/Controller/IndexController.class.php 第 102 行.
NOTIC: [8] Undefined index: car /opt/lampp/htdocs/fruit/App/Fruit/Controller/IndexController.class.php 第 103 行.
INFO: [ view_parse ] --START--
INFO: [ template_filter ] --START--
INFO: Run Behavior\ContentReplaceBehavior [ RunTime:0.000049s ]
INFO: [ template_filter ] --END-- [ RunTime:0.000099s ]
INFO: Run Behavior\ParseTemplateBehavior [ RunTime:0.006482s ]
INFO: [ view_parse ] --END-- [ RunTime:0.006531s ]
INFO: [ view_filter ] --START--
INFO: Run Behavior\WriteHtmlCacheBehavior [ RunTime:0.000122s ]
INFO: [ view_filter ] --END-- [ RunTime:0.000164s ]
INFO: [ app_end ] --START--
INFO: Run Behavior\ShowPageTraceBehavior [ RunTime:0.000391s ]
INFO: [ app_end ] --END-- [ RunTime:0.000432s ]

[ 2015-04-17T23:10:54+08:00 ] 61.149.6.49 /fruit/index.php/Fruit/Index/index
INFO: [ app_init ] --START--
INFO: Run Behavior\BuildLiteBehavior [ RunTime:0.000015s ]
INFO: [ app_init ] --END-- [ RunTime:0.000267s ]
INFO: [ app_begin ] --START--
INFO: Run Behavior\ReadHtmlCacheBehavior [ RunTime:0.000327s ]
INFO: [ app_begin ] --END-- [ RunTime:0.000366s ]
NOTIC: [8] Undefined index: car /opt/lampp/htdocs/fruit/App/Fruit/Controller/IndexController.class.php 第 40 行.
SQL: SHOW COLUMNS FROM `fruit` [ RunTime:0.0008s ]
SQL: SELECT * FROM `fruit` ORDER BY `order`  [ RunTime:0.0003s ]
NOTIC: [8] Undefined index: car /opt/lampp/htdocs/fruit/App/Fruit/Controller/IndexController.class.php 第 48 行.
INFO: [ view_parse ] --START--
INFO: [ template_filter ] --START--
INFO: Run Behavior\ContentReplaceBehavior [ RunTime:0.000038s ]
INFO: [ template_filter ] --END-- [ RunTime:0.000076s ]
INFO: Run Behavior\ParseTemplateBehavior [ RunTime:0.005206s ]
INFO: [ view_parse ] --END-- [ RunTime:0.005257s ]
INFO: [ view_filter ] --START--
INFO: Run Behavior\WriteHtmlCacheBehavior [ RunTime:0.000122s ]
INFO: [ view_filter ] --END-- [ RunTime:0.000171s ]
INFO: [ app_end ] --START--
INFO: Run Behavior\ShowPageTraceBehavior [ RunTime:0.000527s ]
INFO: [ app_end ] --END-- [ RunTime:0.000583s ]

[ 2015-04-17T23:10:55+08:00 ] 61.149.6.49 /fruit/index.php/fruit/index/mycar
INFO: [ app_init ] --START--
INFO: Run Behavior\BuildLiteBehavior [ RunTime:0.000014s ]
INFO: [ app_init ] --END-- [ RunTime:0.000262s ]
INFO: [ app_begin ] --START--
INFO: Run Behavior\ReadHtmlCacheBehavior [ RunTime:0.000321s ]
INFO: [ app_begin ] --END-- [ RunTime:0.000360s ]
NOTIC: [8] Undefined index: car /opt/lampp/htdocs/fruit/App/Fruit/Controller/IndexController.class.php 第 40 行.
SQL: SHOW COLUMNS FROM `fruit` [ RunTime:0.0008s ]
NOTIC: [8] Undefined index: car /opt/lampp/htdocs/fruit/App/Fruit/Controller/IndexController.class.php 第 97 行.
NOTIC: [2] implode(): Invalid arguments passed /opt/lampp/htdocs/fruit/App/Fruit/Controller/IndexController.class.php 第 97 行.
NOTIC: [8] Undefined variable: fruit /opt/lampp/htdocs/fruit/App/Fruit/Controller/IndexController.class.php 第 102 行.
NOTIC: [8] Undefined index: car /opt/lampp/htdocs/fruit/App/Fruit/Controller/IndexController.class.php 第 103 行.
INFO: [ view_parse ] --START--
INFO: [ template_filter ] --START--
INFO: Run Behavior\ContentReplaceBehavior [ RunTime:0.000044s ]
INFO: [ template_filter ] --END-- [ RunTime:0.000084s ]
INFO: Run Behavior\ParseTemplateBehavior [ RunTime:0.005800s ]
INFO: [ view_parse ] --END-- [ RunTime:0.005840s ]
INFO: [ view_filter ] --START--
INFO: Run Behavior\WriteHtmlCacheBehavior [ RunTime:0.000112s ]
INFO: [ view_filter ] --END-- [ RunTime:0.000143s ]
INFO: [ app_end ] --START--
INFO: Run Behavior\ShowPageTraceBehavior [ RunTime:0.000345s ]
INFO: [ app_end ] --END-- [ RunTime:0.000387s ]

