[ 2015-07-03T08:09:15+08:00 ] 123.151.42.49 /zhier/index.php/Fruit/Index/location.html?from=singlemessage&isappinstalled=0
INFO: [ app_init ] --START--
INFO: Run Behavior\BuildLiteBehavior [ RunTime:0.000024s ]
INFO: [ app_init ] --END-- [ RunTime:0.000172s ]
INFO: [ app_begin ] --START--
INFO: Run Behavior\ReadHtmlCacheBehavior [ RunTime:0.000069s ]
INFO: [ app_begin ] --END-- [ RunTime:0.000168s ]
NOTIC: [8] Undefined index: user /var/www/zhier/App/Fruit/Controller/IndexController.class.php 第 44 行.
NOTIC: [8] Undefined index: hasJumped /var/www/zhier/App/Fruit/Controller/IndexController.class.php 第 44 行.

[ 2015-07-03T08:09:15+08:00 ] 123.151.42.49 /zhier/index.php/Fruit/Index/location.html
INFO: [ app_init ] --START--
INFO: Run Behavior\BuildLiteBehavior [ RunTime:0.000032s ]
INFO: [ app_init ] --END-- [ RunTime:0.000178s ]
INFO: [ app_begin ] --START--
INFO: Run Behavior\ReadHtmlCacheBehavior [ RunTime:0.000079s ]
INFO: [ app_begin ] --END-- [ RunTime:0.000185s ]
NOTIC: [8] Undefined index: user /var/www/zhier/App/Fruit/Controller/IndexController.class.php 第 10 行.
SQL: SHOW COLUMNS FROM `user` [ RunTime:0.0006s ]
SQL: SELECT * FROM `user` WHERE ( `wei_id`='oWeLOvuwjQ2SJUlenNKaky7X3sw0' )  [ RunTime:0.0001s ]
SQL: UPDATE `user` SET `ltime`='1435882155' WHERE `user_id` = 128 [ RunTime:0.0073s ]
NOTIC: [8] Undefined index: car /var/www/zhier/App/Fruit/Controller/IndexController.class.php 第 53 行.
INFO: [ view_parse ] --START--
INFO: [ template_filter ] --START--
INFO: Run Behavior\ContentReplaceBehavior [ RunTime:0.000053s ]
INFO: [ template_filter ] --END-- [ RunTime:0.000146s ]
INFO: Run Behavior\ParseTemplateBehavior [ RunTime:0.002086s ]
INFO: [ view_parse ] --END-- [ RunTime:0.002185s ]
INFO: [ view_filter ] --START--
INFO: Run Behavior\WriteHtmlCacheBehavior [ RunTime:0.000068s ]
INFO: [ view_filter ] --END-- [ RunTime:0.000153s ]
INFO: [ app_end ] --START--
INFO: Run Behavior\ShowPageTraceBehavior [ RunTime:0.000065s ]
INFO: [ app_end ] --END-- [ RunTime:0.000154s ]

[ 2015-07-03T08:09:31+08:00 ] 123.151.42.49 /zhier/index.php/Fruit/Index/index
INFO: [ app_init ] --START--
INFO: Run Behavior\BuildLiteBehavior [ RunTime:0.000025s ]
INFO: [ app_init ] --END-- [ RunTime:0.000174s ]
INFO: [ app_begin ] --START--
INFO: Run Behavior\ReadHtmlCacheBehavior [ RunTime:0.000068s ]
INFO: [ app_begin ] --END-- [ RunTime:0.000167s ]
NOTIC: [8] Undefined index: car /var/www/zhier/App/Fruit/Controller/IndexController.class.php 第 53 行.
SQL: SHOW COLUMNS FROM `fruit_type` [ RunTime:0.0007s ]
SQL: SELECT * FROM `fruit_type` ORDER BY `order` DESC  [ RunTime:0.0001s ]
SQL: SHOW COLUMNS FROM `fruit` [ RunTime:0.0007s ]
SQL: SELECT * FROM `fruit` WHERE ( `order`!=0 AND  `recommend`=1   ) ORDER BY `order` DESC  [ RunTime:0.0001s ]
NOTIC: [8] Undefined index: car /var/www/zhier/App/Fruit/Controller/IndexController.class.php 第 104 行.
INFO: [ view_parse ] --START--
INFO: [ template_filter ] --START--
INFO: Run Behavior\ContentReplaceBehavior [ RunTime:0.000063s ]
INFO: [ template_filter ] --END-- [ RunTime:0.000160s ]
INFO: Run Behavior\ParseTemplateBehavior [ RunTime:0.006395s ]
INFO: [ view_parse ] --END-- [ RunTime:0.006494s ]
INFO: [ view_filter ] --START--
INFO: Run Behavior\WriteHtmlCacheBehavior [ RunTime:0.000066s ]
INFO: [ view_filter ] --END-- [ RunTime:0.000153s ]
INFO: [ app_end ] --START--
INFO: Run Behavior\ShowPageTraceBehavior [ RunTime:0.000066s ]
INFO: [ app_end ] --END-- [ RunTime:0.000153s ]

[ 2015-07-03T08:09:31+08:00 ] 101.226.33.208 /zhier/index.php/Fruit/Index/index
INFO: [ app_init ] --START--
INFO: Run Behavior\BuildLiteBehavior [ RunTime:0.000022s ]
INFO: [ app_init ] --END-- [ RunTime:0.000142s ]
INFO: [ app_begin ] --START--
INFO: Run Behavior\ReadHtmlCacheBehavior [ RunTime:0.000064s ]
INFO: [ app_begin ] --END-- [ RunTime:0.000160s ]
NOTIC: [8] Undefined index: user /var/www/zhier/App/Fruit/Controller/IndexController.class.php 第 44 行.
NOTIC: [8] Undefined index: hasJumped /var/www/zhier/App/Fruit/Controller/IndexController.class.php 第 44 行.

[ 2015-07-03T08:09:53+08:00 ] 123.151.42.49 /zhier/index.php/Fruit/Index/index/type/2
INFO: [ app_init ] --START--
INFO: Run Behavior\BuildLiteBehavior [ RunTime:0.000025s ]
INFO: [ app_init ] --END-- [ RunTime:0.000169s ]
INFO: [ app_begin ] --START--
INFO: Run Behavior\ReadHtmlCacheBehavior [ RunTime:0.000066s ]
INFO: [ app_begin ] --END-- [ RunTime:0.000148s ]
NOTIC: [8] Undefined index: car /var/www/zhier/App/Fruit/Controller/IndexController.class.php 第 53 行.
SQL: SHOW COLUMNS FROM `fruit_type` [ RunTime:0.0007s ]
SQL: SELECT * FROM `fruit_type` ORDER BY `order` DESC  [ RunTime:0.0001s ]
SQL: SHOW COLUMNS FROM `fruit` [ RunTime:0.0008s ]
SQL: SELECT * FROM `fruit` WHERE ( `order`!=0 AND  `type_id`=2   ) ORDER BY `order` DESC  [ RunTime:0.0001s ]
NOTIC: [8] Undefined index: car /var/www/zhier/App/Fruit/Controller/IndexController.class.php 第 104 行.
INFO: [ view_parse ] --START--
INFO: [ template_filter ] --START--
INFO: Run Behavior\ContentReplaceBehavior [ RunTime:0.000062s ]
INFO: [ template_filter ] --END-- [ RunTime:0.000144s ]
INFO: Run Behavior\ParseTemplateBehavior [ RunTime:0.006077s ]
INFO: [ view_parse ] --END-- [ RunTime:0.006161s ]
INFO: [ view_filter ] --START--
INFO: Run Behavior\WriteHtmlCacheBehavior [ RunTime:0.000067s ]
INFO: [ view_filter ] --END-- [ RunTime:0.000139s ]
INFO: [ app_end ] --START--
INFO: Run Behavior\ShowPageTraceBehavior [ RunTime:0.000057s ]
INFO: [ app_end ] --END-- [ RunTime:0.000131s ]

[ 2015-07-03T08:10:07+08:00 ] 123.151.42.49 /zhier/index.php/Fruit/Index/index/type/1
INFO: [ app_init ] --START--
INFO: Run Behavior\BuildLiteBehavior [ RunTime:0.000025s ]
INFO: [ app_init ] --END-- [ RunTime:0.000173s ]
INFO: [ app_begin ] --START--
INFO: Run Behavior\ReadHtmlCacheBehavior [ RunTime:0.000067s ]
INFO: [ app_begin ] --END-- [ RunTime:0.000148s ]
NOTIC: [8] Undefined index: car /var/www/zhier/App/Fruit/Controller/IndexController.class.php 第 53 行.
SQL: SHOW COLUMNS FROM `fruit_type` [ RunTime:0.0007s ]
SQL: SELECT * FROM `fruit_type` ORDER BY `order` DESC  [ RunTime:0.0001s ]
SQL: SHOW COLUMNS FROM `fruit` [ RunTime:0.0008s ]
SQL: SELECT * FROM `fruit` WHERE ( `order`!=0 AND  `type_id`=1   ) ORDER BY `order` DESC  [ RunTime:0.0001s ]
NOTIC: [8] Undefined index: car /var/www/zhier/App/Fruit/Controller/IndexController.class.php 第 104 行.
INFO: [ view_parse ] --START--
INFO: [ template_filter ] --START--
INFO: Run Behavior\ContentReplaceBehavior [ RunTime:0.000066s ]
INFO: [ template_filter ] --END-- [ RunTime:0.000154s ]
INFO: Run Behavior\ParseTemplateBehavior [ RunTime:0.006691s ]
INFO: [ view_parse ] --END-- [ RunTime:0.006781s ]
INFO: [ view_filter ] --START--
INFO: Run Behavior\WriteHtmlCacheBehavior [ RunTime:0.000067s ]
INFO: [ view_filter ] --END-- [ RunTime:0.000141s ]
INFO: [ app_end ] --START--
INFO: Run Behavior\ShowPageTraceBehavior [ RunTime:0.000057s ]
INFO: [ app_end ] --END-- [ RunTime:0.000131s ]

[ 2015-07-03T08:10:14+08:00 ] 123.151.42.49 /zhier/index.php/Fruit/Index/index/type/4
INFO: [ app_init ] --START--
INFO: Run Behavior\BuildLiteBehavior [ RunTime:0.000026s ]
INFO: [ app_init ] --END-- [ RunTime:0.000175s ]
INFO: [ app_begin ] --START--
INFO: Run Behavior\ReadHtmlCacheBehavior [ RunTime:0.000069s ]
INFO: [ app_begin ] --END-- [ RunTime:0.000151s ]
NOTIC: [8] Undefined index: car /var/www/zhier/App/Fruit/Controller/IndexController.class.php 第 53 行.
SQL: SHOW COLUMNS FROM `fruit_type` [ RunTime:0.0006s ]
SQL: SELECT * FROM `fruit_type` ORDER BY `order` DESC  [ RunTime:0.0001s ]
SQL: SHOW COLUMNS FROM `fruit` [ RunTime:0.0007s ]
SQL: SELECT * FROM `fruit` WHERE ( `order`!=0 AND  `type_id`=4   ) ORDER BY `order` DESC  [ RunTime:0.0001s ]
NOTIC: [8] Undefined index: car /var/www/zhier/App/Fruit/Controller/IndexController.class.php 第 104 行.
INFO: [ view_parse ] --START--
INFO: [ template_filter ] --START--
INFO: Run Behavior\ContentReplaceBehavior [ RunTime:0.000063s ]
INFO: [ template_filter ] --END-- [ RunTime:0.000146s ]
INFO: Run Behavior\ParseTemplateBehavior [ RunTime:0.006094s ]
INFO: [ view_parse ] --END-- [ RunTime:0.006233s ]
INFO: [ view_filter ] --START--
INFO: Run Behavior\WriteHtmlCacheBehavior [ RunTime:0.000064s ]
INFO: [ view_filter ] --END-- [ RunTime:0.000138s ]
INFO: [ app_end ] --START--
INFO: Run Behavior\ShowPageTraceBehavior [ RunTime:0.000054s ]
INFO: [ app_end ] --END-- [ RunTime:0.000129s ]

[ 2015-07-03T08:10:20+08:00 ] 123.151.42.49 /zhier/index.php/Fruit/Index/mycar
INFO: [ app_init ] --START--
INFO: Run Behavior\BuildLiteBehavior [ RunTime:0.000025s ]
INFO: [ app_init ] --END-- [ RunTime:0.000174s ]
INFO: [ app_begin ] --START--
INFO: Run Behavior\ReadHtmlCacheBehavior [ RunTime:0.000068s ]
INFO: [ app_begin ] --END-- [ RunTime:0.000148s ]
NOTIC: [8] Undefined index: car /var/www/zhier/App/Fruit/Controller/IndexController.class.php 第 53 行.
SQL: SHOW COLUMNS FROM `fruit` [ RunTime:0.0009s ]
NOTIC: [8] Undefined index: car /var/www/zhier/App/Fruit/Controller/IndexController.class.php 第 195 行.
NOTIC: [2] Invalid argument supplied for foreach() /var/www/zhier/App/Fruit/Controller/IndexController.class.php 第 195 行.
SQL: SHOW COLUMNS FROM `fruit_addinfo` [ RunTime:0.0004s ]
NOTIC: [8] Undefined variable: fruit /var/www/zhier/App/Fruit/Controller/IndexController.class.php 第 206 行.
NOTIC: [2] Invalid argument supplied for foreach() /var/www/zhier/App/Fruit/Controller/IndexController.class.php 第 206 行.
NOTIC: [8] Undefined variable: fruit /var/www/zhier/App/Fruit/Controller/IndexController.class.php 第 216 行.
NOTIC: [8] Undefined index: car /var/www/zhier/App/Fruit/Controller/IndexController.class.php 第 217 行.
INFO: [ view_parse ] --START--
INFO: [ template_filter ] --START--
INFO: Run Behavior\ContentReplaceBehavior [ RunTime:0.000065s ]
INFO: [ template_filter ] --END-- [ RunTime:0.000153s ]
INFO: Run Behavior\ParseTemplateBehavior [ RunTime:0.006444s ]
INFO: [ view_parse ] --END-- [ RunTime:0.006529s ]
INFO: [ view_filter ] --START--
INFO: Run Behavior\WriteHtmlCacheBehavior [ RunTime:0.000066s ]
INFO: [ view_filter ] --END-- [ RunTime:0.000140s ]
INFO: [ app_end ] --START--
INFO: Run Behavior\ShowPageTraceBehavior [ RunTime:0.000057s ]
INFO: [ app_end ] --END-- [ RunTime:0.000130s ]

[ 2015-07-03T08:10:26+08:00 ] 123.151.42.49 /zhier/index.php/Fruit/Index/index/type/2
INFO: [ app_init ] --START--
INFO: Run Behavior\BuildLiteBehavior [ RunTime:0.000025s ]
INFO: [ app_init ] --END-- [ RunTime:0.000167s ]
INFO: [ app_begin ] --START--
INFO: Run Behavior\ReadHtmlCacheBehavior [ RunTime:0.000066s ]
INFO: [ app_begin ] --END-- [ RunTime:0.000145s ]
NOTIC: [8] Undefined index: car /var/www/zhier/App/Fruit/Controller/IndexController.class.php 第 53 行.
SQL: SHOW COLUMNS FROM `fruit_type` [ RunTime:0.0007s ]
SQL: SELECT * FROM `fruit_type` ORDER BY `order` DESC  [ RunTime:0.0001s ]
SQL: SHOW COLUMNS FROM `fruit` [ RunTime:0.0007s ]
SQL: SELECT * FROM `fruit` WHERE ( `order`!=0 AND  `type_id`=2   ) ORDER BY `order` DESC  [ RunTime:0.0001s ]
NOTIC: [8] Undefined index: car /var/www/zhier/App/Fruit/Controller/IndexController.class.php 第 104 行.
INFO: [ view_parse ] --START--
INFO: [ template_filter ] --START--
INFO: Run Behavior\ContentReplaceBehavior [ RunTime:0.000074s ]
INFO: [ template_filter ] --END-- [ RunTime:0.000158s ]
INFO: Run Behavior\ParseTemplateBehavior [ RunTime:0.006063s ]
INFO: [ view_parse ] --END-- [ RunTime:0.006147s ]
INFO: [ view_filter ] --START--
INFO: Run Behavior\WriteHtmlCacheBehavior [ RunTime:0.000064s ]
INFO: [ view_filter ] --END-- [ RunTime:0.000137s ]
INFO: [ app_end ] --START--
INFO: Run Behavior\ShowPageTraceBehavior [ RunTime:0.000055s ]
INFO: [ app_end ] --END-- [ RunTime:0.000129s ]

[ 2015-07-03T08:10:30+08:00 ] 61.49.57.55 /zhier/index.php/Fruit/Index/index/type/1
INFO: [ app_init ] --START--
INFO: Run Behavior\BuildLiteBehavior [ RunTime:0.000026s ]
INFO: [ app_init ] --END-- [ RunTime:0.000187s ]
INFO: [ app_begin ] --START--
INFO: Run Behavior\ReadHtmlCacheBehavior [ RunTime:0.000068s ]
INFO: [ app_begin ] --END-- [ RunTime:0.000151s ]
NOTIC: [8] Undefined index: car /var/www/zhier/App/Fruit/Controller/IndexController.class.php 第 53 行.
SQL: SHOW COLUMNS FROM `fruit_type` [ RunTime:0.0007s ]
SQL: SELECT * FROM `fruit_type` ORDER BY `order` DESC  [ RunTime:0.0001s ]
SQL: SHOW COLUMNS FROM `fruit` [ RunTime:0.0007s ]
SQL: SELECT * FROM `fruit` WHERE ( `order`!=0 AND  `type_id`=1   ) ORDER BY `order` DESC  [ RunTime:0.0001s ]
NOTIC: [8] Undefined index: car /var/www/zhier/App/Fruit/Controller/IndexController.class.php 第 104 行.
INFO: [ view_parse ] --START--
INFO: [ template_filter ] --START--
INFO: Run Behavior\ContentReplaceBehavior [ RunTime:0.000063s ]
INFO: [ template_filter ] --END-- [ RunTime:0.000143s ]
INFO: Run Behavior\ParseTemplateBehavior [ RunTime:0.006005s ]
INFO: [ view_parse ] --END-- [ RunTime:0.006090s ]
INFO: [ view_filter ] --START--
INFO: Run Behavior\WriteHtmlCacheBehavior [ RunTime:0.000065s ]
INFO: [ view_filter ] --END-- [ RunTime:0.000139s ]
INFO: [ app_end ] --START--
INFO: Run Behavior\ShowPageTraceBehavior [ RunTime:0.000053s ]
INFO: [ app_end ] --END-- [ RunTime:0.000128s ]

[ 2015-07-03T08:10:33+08:00 ] 123.151.42.49 /zhier/index.php/Fruit/Index/index/type/4
INFO: [ app_init ] --START--
INFO: Run Behavior\BuildLiteBehavior [ RunTime:0.000024s ]
INFO: [ app_init ] --END-- [ RunTime:0.000171s ]
INFO: [ app_begin ] --START--
INFO: Run Behavior\ReadHtmlCacheBehavior [ RunTime:0.000086s ]
INFO: [ app_begin ] --END-- [ RunTime:0.000169s ]
NOTIC: [8] Undefined index: car /var/www/zhier/App/Fruit/Controller/IndexController.class.php 第 53 行.
SQL: SHOW COLUMNS FROM `fruit_type` [ RunTime:0.0006s ]
SQL: SELECT * FROM `fruit_type` ORDER BY `order` DESC  [ RunTime:0.0001s ]
SQL: SHOW COLUMNS FROM `fruit` [ RunTime:0.0007s ]
SQL: SELECT * FROM `fruit` WHERE ( `order`!=0 AND  `type_id`=4   ) ORDER BY `order` DESC  [ RunTime:0.0001s ]
NOTIC: [8] Undefined index: car /var/www/zhier/App/Fruit/Controller/IndexController.class.php 第 104 行.
INFO: [ view_parse ] --START--
INFO: [ template_filter ] --START--
INFO: Run Behavior\ContentReplaceBehavior [ RunTime:0.000063s ]
INFO: [ template_filter ] --END-- [ RunTime:0.000144s ]
INFO: Run Behavior\ParseTemplateBehavior [ RunTime:0.006195s ]
INFO: [ view_parse ] --END-- [ RunTime:0.006281s ]
INFO: [ view_filter ] --START--
INFO: Run Behavior\WriteHtmlCacheBehavior [ RunTime:0.000078s ]
INFO: [ view_filter ] --END-- [ RunTime:0.000163s ]
INFO: [ app_end ] --START--
INFO: Run Behavior\ShowPageTraceBehavior [ RunTime:0.000059s ]
INFO: [ app_end ] --END-- [ RunTime:0.000135s ]

[ 2015-07-03T08:10:40+08:00 ] 123.151.42.49 /zhier/index.php/Fruit/Index/index/type/1
INFO: [ app_init ] --START--
INFO: Run Behavior\BuildLiteBehavior [ RunTime:0.000026s ]
INFO: [ app_init ] --END-- [ RunTime:0.000172s ]
INFO: [ app_begin ] --START--
INFO: Run Behavior\ReadHtmlCacheBehavior [ RunTime:0.000066s ]
INFO: [ app_begin ] --END-- [ RunTime:0.000147s ]
NOTIC: [8] Undefined index: car /var/www/zhier/App/Fruit/Controller/IndexController.class.php 第 53 行.
SQL: SHOW COLUMNS FROM `fruit_type` [ RunTime:0.0006s ]
SQL: SELECT * FROM `fruit_type` ORDER BY `order` DESC  [ RunTime:0.0001s ]
SQL: SHOW COLUMNS FROM `fruit` [ RunTime:0.0007s ]
SQL: SELECT * FROM `fruit` WHERE ( `order`!=0 AND  `type_id`=1   ) ORDER BY `order` DESC  [ RunTime:0.0001s ]
NOTIC: [8] Undefined index: car /var/www/zhier/App/Fruit/Controller/IndexController.class.php 第 104 行.
INFO: [ view_parse ] --START--
INFO: [ template_filter ] --START--
INFO: Run Behavior\ContentReplaceBehavior [ RunTime:0.000062s ]
INFO: [ template_filter ] --END-- [ RunTime:0.000143s ]
INFO: Run Behavior\ParseTemplateBehavior [ RunTime:0.005987s ]
INFO: [ view_parse ] --END-- [ RunTime:0.006078s ]
INFO: [ view_filter ] --START--
INFO: Run Behavior\WriteHtmlCacheBehavior [ RunTime:0.000065s ]
INFO: [ view_filter ] --END-- [ RunTime:0.000139s ]
INFO: [ app_end ] --START--
INFO: Run Behavior\ShowPageTraceBehavior [ RunTime:0.000059s ]
INFO: [ app_end ] --END-- [ RunTime:0.000153s ]

[ 2015-07-03T08:10:43+08:00 ] 123.151.42.49 /zhier/index.php/Fruit/Index/index/type/2
INFO: [ app_init ] --START--
INFO: Run Behavior\BuildLiteBehavior [ RunTime:0.000026s ]
INFO: [ app_init ] --END-- [ RunTime:0.000173s ]
INFO: [ app_begin ] --START--
INFO: Run Behavior\ReadHtmlCacheBehavior [ RunTime:0.000066s ]
INFO: [ app_begin ] --END-- [ RunTime:0.000149s ]
NOTIC: [8] Undefined index: car /var/www/zhier/App/Fruit/Controller/IndexController.class.php 第 53 行.
SQL: SHOW COLUMNS FROM `fruit_type` [ RunTime:0.0006s ]
SQL: SELECT * FROM `fruit_type` ORDER BY `order` DESC  [ RunTime:0.0001s ]
SQL: SHOW COLUMNS FROM `fruit` [ RunTime:0.0008s ]
SQL: SELECT * FROM `fruit` WHERE ( `order`!=0 AND  `type_id`=2   ) ORDER BY `order` DESC  [ RunTime:0.0001s ]
NOTIC: [8] Undefined index: car /var/www/zhier/App/Fruit/Controller/IndexController.class.php 第 104 行.
INFO: [ view_parse ] --START--
INFO: [ template_filter ] --START--
INFO: Run Behavior\ContentReplaceBehavior [ RunTime:0.000063s ]
INFO: [ template_filter ] --END-- [ RunTime:0.000145s ]
INFO: Run Behavior\ParseTemplateBehavior [ RunTime:0.006175s ]
INFO: [ view_parse ] --END-- [ RunTime:0.006260s ]
INFO: [ view_filter ] --START--
INFO: Run Behavior\WriteHtmlCacheBehavior [ RunTime:0.000064s ]
INFO: [ view_filter ] --END-- [ RunTime:0.000138s ]
INFO: [ app_end ] --START--
INFO: Run Behavior\ShowPageTraceBehavior [ RunTime:0.000100s ]
INFO: [ app_end ] --END-- [ RunTime:0.000180s ]

[ 2015-07-03T08:10:50+08:00 ] 123.151.42.49 /zhier/index.php/Fruit/Index/mycar
INFO: [ app_init ] --START--
INFO: Run Behavior\BuildLiteBehavior [ RunTime:0.000026s ]
INFO: [ app_init ] --END-- [ RunTime:0.000174s ]
INFO: [ app_begin ] --START--
INFO: Run Behavior\ReadHtmlCacheBehavior [ RunTime:0.000087s ]
INFO: [ app_begin ] --END-- [ RunTime:0.000191s ]
NOTIC: [8] Undefined index: car /var/www/zhier/App/Fruit/Controller/IndexController.class.php 第 53 行.
SQL: SHOW COLUMNS FROM `fruit` [ RunTime:0.0010s ]
NOTIC: [8] Undefined index: car /var/www/zhier/App/Fruit/Controller/IndexController.class.php 第 195 行.
NOTIC: [2] Invalid argument supplied for foreach() /var/www/zhier/App/Fruit/Controller/IndexController.class.php 第 195 行.
SQL: SHOW COLUMNS FROM `fruit_addinfo` [ RunTime:0.0004s ]
NOTIC: [8] Undefined variable: fruit /var/www/zhier/App/Fruit/Controller/IndexController.class.php 第 206 行.
NOTIC: [2] Invalid argument supplied for foreach() /var/www/zhier/App/Fruit/Controller/IndexController.class.php 第 206 行.
NOTIC: [8] Undefined variable: fruit /var/www/zhier/App/Fruit/Controller/IndexController.class.php 第 216 行.
NOTIC: [8] Undefined index: car /var/www/zhier/App/Fruit/Controller/IndexController.class.php 第 217 行.
INFO: [ view_parse ] --START--
INFO: [ template_filter ] --START--
INFO: Run Behavior\ContentReplaceBehavior [ RunTime:0.000065s ]
INFO: [ template_filter ] --END-- [ RunTime:0.000148s ]
INFO: Run Behavior\ParseTemplateBehavior [ RunTime:0.006322s ]
INFO: [ view_parse ] --END-- [ RunTime:0.006406s ]
INFO: [ view_filter ] --START--
INFO: Run Behavior\WriteHtmlCacheBehavior [ RunTime:0.000084s ]
INFO: [ view_filter ] --END-- [ RunTime:0.000171s ]
INFO: [ app_end ] --START--
INFO: Run Behavior\ShowPageTraceBehavior [ RunTime:0.000058s ]
INFO: [ app_end ] --END-- [ RunTime:0.000133s ]

[ 2015-07-03T08:10:56+08:00 ] 61.49.57.55 /zhier/index.php/Fruit/Index/mycar
INFO: [ app_init ] --START--
INFO: Run Behavior\BuildLiteBehavior [ RunTime:0.000025s ]
INFO: [ app_init ] --END-- [ RunTime:0.000172s ]
INFO: [ app_begin ] --START--
INFO: Run Behavior\ReadHtmlCacheBehavior [ RunTime:0.000068s ]
INFO: [ app_begin ] --END-- [ RunTime:0.000170s ]
NOTIC: [8] Undefined index: car /var/www/zhier/App/Fruit/Controller/IndexController.class.php 第 53 行.
SQL: SHOW COLUMNS FROM `fruit` [ RunTime:0.0009s ]
NOTIC: [8] Undefined index: car /var/www/zhier/App/Fruit/Controller/IndexController.class.php 第 195 行.
NOTIC: [2] Invalid argument supplied for foreach() /var/www/zhier/App/Fruit/Controller/IndexController.class.php 第 195 行.
SQL: SHOW COLUMNS FROM `fruit_addinfo` [ RunTime:0.0004s ]
NOTIC: [8] Undefined variable: fruit /var/www/zhier/App/Fruit/Controller/IndexController.class.php 第 206 行.
NOTIC: [2] Invalid argument supplied for foreach() /var/www/zhier/App/Fruit/Controller/IndexController.class.php 第 206 行.
NOTIC: [8] Undefined variable: fruit /var/www/zhier/App/Fruit/Controller/IndexController.class.php 第 216 行.
NOTIC: [8] Undefined index: car /var/www/zhier/App/Fruit/Controller/IndexController.class.php 第 217 行.
INFO: [ view_parse ] --START--
INFO: [ template_filter ] --START--
INFO: Run Behavior\ContentReplaceBehavior [ RunTime:0.000077s ]
INFO: [ template_filter ] --END-- [ RunTime:0.000179s ]
INFO: Run Behavior\ParseTemplateBehavior [ RunTime:0.006548s ]
INFO: [ view_parse ] --END-- [ RunTime:0.006631s ]
INFO: [ view_filter ] --START--
INFO: Run Behavior\WriteHtmlCacheBehavior [ RunTime:0.000079s ]
INFO: [ view_filter ] --END-- [ RunTime:0.000177s ]
INFO: [ app_end ] --START--
INFO: Run Behavior\ShowPageTraceBehavior [ RunTime:0.000068s ]
INFO: [ app_end ] --END-- [ RunTime:0.000163s ]

[ 2015-07-03T08:10:57+08:00 ] 123.151.42.49 /zhier/index.php/Fruit/Index/index/type/4
INFO: [ app_init ] --START--
INFO: Run Behavior\BuildLiteBehavior [ RunTime:0.000025s ]
INFO: [ app_init ] --END-- [ RunTime:0.000162s ]
INFO: [ app_begin ] --START--
INFO: Run Behavior\ReadHtmlCacheBehavior [ RunTime:0.000065s ]
INFO: [ app_begin ] --END-- [ RunTime:0.000147s ]
NOTIC: [8] Undefined index: car /var/www/zhier/App/Fruit/Controller/IndexController.class.php 第 53 行.
SQL: SHOW COLUMNS FROM `fruit_type` [ RunTime:0.0006s ]
SQL: SELECT * FROM `fruit_type` ORDER BY `order` DESC  [ RunTime:0.0001s ]
SQL: SHOW COLUMNS FROM `fruit` [ RunTime:0.0008s ]
SQL: SELECT * FROM `fruit` WHERE ( `order`!=0 AND  `type_id`=4   ) ORDER BY `order` DESC  [ RunTime:0.0001s ]
NOTIC: [8] Undefined index: car /var/www/zhier/App/Fruit/Controller/IndexController.class.php 第 104 行.
INFO: [ view_parse ] --START--
INFO: [ template_filter ] --START--
INFO: Run Behavior\ContentReplaceBehavior [ RunTime:0.000096s ]
INFO: [ template_filter ] --END-- [ RunTime:0.000181s ]
INFO: Run Behavior\ParseTemplateBehavior [ RunTime:0.005965s ]
INFO: [ view_parse ] --END-- [ RunTime:0.006049s ]
INFO: [ view_filter ] --START--
INFO: Run Behavior\WriteHtmlCacheBehavior [ RunTime:0.000060s ]
INFO: [ view_filter ] --END-- [ RunTime:0.000132s ]
INFO: [ app_end ] --START--
INFO: Run Behavior\ShowPageTraceBehavior [ RunTime:0.000050s ]
INFO: [ app_end ] --END-- [ RunTime:0.000124s ]

[ 2015-07-03T08:10:58+08:00 ] 123.151.42.49 /zhier/index.php/Fruit/Index/index/type/1
INFO: [ app_init ] --START--
INFO: Run Behavior\BuildLiteBehavior [ RunTime:0.000039s ]
INFO: [ app_init ] --END-- [ RunTime:0.000191s ]
INFO: [ app_begin ] --START--
INFO: Run Behavior\ReadHtmlCacheBehavior [ RunTime:0.000061s ]
INFO: [ app_begin ] --END-- [ RunTime:0.000143s ]
NOTIC: [8] Undefined index: car /var/www/zhier/App/Fruit/Controller/IndexController.class.php 第 53 行.
SQL: SHOW COLUMNS FROM `fruit_type` [ RunTime:0.0007s ]
SQL: SELECT * FROM `fruit_type` ORDER BY `order` DESC  [ RunTime:0.0001s ]
SQL: SHOW COLUMNS FROM `fruit` [ RunTime:0.0007s ]
SQL: SELECT * FROM `fruit` WHERE ( `order`!=0 AND  `type_id`=1   ) ORDER BY `order` DESC  [ RunTime:0.0001s ]
NOTIC: [8] Undefined index: car /var/www/zhier/App/Fruit/Controller/IndexController.class.php 第 104 行.
INFO: [ view_parse ] --START--
INFO: [ template_filter ] --START--
INFO: Run Behavior\ContentReplaceBehavior [ RunTime:0.000095s ]
INFO: [ template_filter ] --END-- [ RunTime:0.000225s ]
INFO: Run Behavior\ParseTemplateBehavior [ RunTime:0.006946s ]
INFO: [ view_parse ] --END-- [ RunTime:0.007031s ]
INFO: [ view_filter ] --START--
INFO: Run Behavior\WriteHtmlCacheBehavior [ RunTime:0.000059s ]
INFO: [ view_filter ] --END-- [ RunTime:0.000133s ]
INFO: [ app_end ] --START--
INFO: Run Behavior\ShowPageTraceBehavior [ RunTime:0.000051s ]
INFO: [ app_end ] --END-- [ RunTime:0.000125s ]

[ 2015-07-03T08:11:01+08:00 ] 61.49.57.55 /zhier/index.php/Fruit/Index/index/type/2
INFO: [ app_init ] --START--
INFO: Run Behavior\BuildLiteBehavior [ RunTime:0.000025s ]
INFO: [ app_init ] --END-- [ RunTime:0.000191s ]
INFO: [ app_begin ] --START--
INFO: Run Behavior\ReadHtmlCacheBehavior [ RunTime:0.000066s ]
INFO: [ app_begin ] --END-- [ RunTime:0.000147s ]
NOTIC: [8] Undefined index: car /var/www/zhier/App/Fruit/Controller/IndexController.class.php 第 53 行.
SQL: SHOW COLUMNS FROM `fruit_type` [ RunTime:0.0006s ]
SQL: SELECT * FROM `fruit_type` ORDER BY `order` DESC  [ RunTime:0.0001s ]
SQL: SHOW COLUMNS FROM `fruit` [ RunTime:0.0007s ]
SQL: SELECT * FROM `fruit` WHERE ( `order`!=0 AND  `type_id`=2   ) ORDER BY `order` DESC  [ RunTime:0.0001s ]
NOTIC: [8] Undefined index: car /var/www/zhier/App/Fruit/Controller/IndexController.class.php 第 104 行.
INFO: [ view_parse ] --START--
INFO: [ template_filter ] --START--
INFO: Run Behavior\ContentReplaceBehavior [ RunTime:0.000065s ]
INFO: [ template_filter ] --END-- [ RunTime:0.000177s ]
INFO: Run Behavior\ParseTemplateBehavior [ RunTime:0.006172s ]
INFO: [ view_parse ] --END-- [ RunTime:0.006256s ]
INFO: [ view_filter ] --START--
INFO: Run Behavior\WriteHtmlCacheBehavior [ RunTime:0.000067s ]
INFO: [ view_filter ] --END-- [ RunTime:0.000139s ]
INFO: [ app_end ] --START--
INFO: Run Behavior\ShowPageTraceBehavior [ RunTime:0.000057s ]
INFO: [ app_end ] --END-- [ RunTime:0.000132s ]

