[ 2015-05-11T01:12:27+08:00 ] 111.197.74.234 /fruit/index.php/fruit/index/index/weiid/oTPVPt9UuaxWXULje44IcXLIFr34/sign/9a354f3c23e82ce8307fbc38c98ea93c
INFO: [ app_init ] --START--
INFO: Run Behavior\BuildLiteBehavior [ RunTime:0.000015s ]
INFO: [ app_init ] --END-- [ RunTime:0.000306s ]
INFO: [ app_begin ] --START--
INFO: Run Behavior\ReadHtmlCacheBehavior [ RunTime:0.000338s ]
INFO: [ app_begin ] --END-- [ RunTime:0.000380s ]
SQL: SHOW COLUMNS FROM `user` [ RunTime:0.0008s ]
SQL: SELECT * FROM `user` WHERE ( `wei_id`='oTPVPt9UuaxWXULje44IcXLIFr34' )  [ RunTime:0.0003s ]
SQL: UPDATE `user` SET `ltime`='1431277947' WHERE `user_id` = 31 [ RunTime:0.0175s ]
NOTIC: [8] Undefined index: car /opt/lampp/htdocs/fruit/App/Fruit/Controller/IndexController.class.php 第 40 行.
SQL: SHOW COLUMNS FROM `fruit` [ RunTime:0.0007s ]
SQL: SELECT * FROM `fruit` WHERE ( `order`!=0 ) ORDER BY `order` DESC  [ RunTime:0.0003s ]
NOTIC: [8] Undefined index: car /opt/lampp/htdocs/fruit/App/Fruit/Controller/IndexController.class.php 第 48 行.
INFO: [ view_parse ] --START--
INFO: [ template_filter ] --START--
INFO: Run Behavior\ContentReplaceBehavior [ RunTime:0.000040s ]
INFO: [ template_filter ] --END-- [ RunTime:0.000092s ]
INFO: Run Behavior\ParseTemplateBehavior [ RunTime:0.005796s ]
INFO: [ view_parse ] --END-- [ RunTime:0.005838s ]
INFO: [ view_filter ] --START--
INFO: Run Behavior\WriteHtmlCacheBehavior [ RunTime:0.000121s ]
INFO: [ view_filter ] --END-- [ RunTime:0.000155s ]
INFO: [ app_end ] --START--
INFO: Run Behavior\ShowPageTraceBehavior [ RunTime:0.000394s ]
INFO: [ app_end ] --END-- [ RunTime:0.000433s ]

[ 2015-05-11T01:12:46+08:00 ] 111.197.74.234 /fruit/index.php/Fruit/Index/mycar
INFO: [ app_init ] --START--
INFO: Run Behavior\BuildLiteBehavior [ RunTime:0.000014s ]
INFO: [ app_init ] --END-- [ RunTime:0.000260s ]
INFO: [ app_begin ] --START--
INFO: Run Behavior\ReadHtmlCacheBehavior [ RunTime:0.000338s ]
INFO: [ app_begin ] --END-- [ RunTime:0.000377s ]
NOTIC: [8] Undefined index: car /opt/lampp/htdocs/fruit/App/Fruit/Controller/IndexController.class.php 第 40 行.
SQL: SHOW COLUMNS FROM `fruit` [ RunTime:0.0008s ]
NOTIC: [8] Undefined index: car /opt/lampp/htdocs/fruit/App/Fruit/Controller/IndexController.class.php 第 97 行.
NOTIC: [2] implode(): Invalid arguments passed /opt/lampp/htdocs/fruit/App/Fruit/Controller/IndexController.class.php 第 97 行.
NOTIC: [8] Undefined variable: fruit /opt/lampp/htdocs/fruit/App/Fruit/Controller/IndexController.class.php 第 102 行.
NOTIC: [8] Undefined index: car /opt/lampp/htdocs/fruit/App/Fruit/Controller/IndexController.class.php 第 103 行.
INFO: [ view_parse ] --START--
INFO: [ template_filter ] --START--
INFO: Run Behavior\ContentReplaceBehavior [ RunTime:0.000044s ]
INFO: [ template_filter ] --END-- [ RunTime:0.000083s ]
INFO: Run Behavior\ParseTemplateBehavior [ RunTime:0.005846s ]
INFO: [ view_parse ] --END-- [ RunTime:0.005886s ]
INFO: [ view_filter ] --START--
INFO: Run Behavior\WriteHtmlCacheBehavior [ RunTime:0.000108s ]
INFO: [ view_filter ] --END-- [ RunTime:0.000140s ]
INFO: [ app_end ] --START--
INFO: Run Behavior\ShowPageTraceBehavior [ RunTime:0.000352s ]
INFO: [ app_end ] --END-- [ RunTime:0.000388s ]

[ 2015-05-11T01:12:48+08:00 ] 111.197.74.234 /fruit/index.php/Fruit/Index/index
INFO: [ app_init ] --START--
INFO: Run Behavior\BuildLiteBehavior [ RunTime:0.000014s ]
INFO: [ app_init ] --END-- [ RunTime:0.000262s ]
INFO: [ app_begin ] --START--
INFO: Run Behavior\ReadHtmlCacheBehavior [ RunTime:0.000333s ]
INFO: [ app_begin ] --END-- [ RunTime:0.000372s ]
NOTIC: [8] Undefined index: car /opt/lampp/htdocs/fruit/App/Fruit/Controller/IndexController.class.php 第 40 行.
SQL: SHOW COLUMNS FROM `fruit` [ RunTime:0.0008s ]
SQL: SELECT * FROM `fruit` WHERE ( `order`!=0 ) ORDER BY `order` DESC  [ RunTime:0.0004s ]
NOTIC: [8] Undefined index: car /opt/lampp/htdocs/fruit/App/Fruit/Controller/IndexController.class.php 第 48 行.
INFO: [ view_parse ] --START--
INFO: [ template_filter ] --START--
INFO: Run Behavior\ContentReplaceBehavior [ RunTime:0.000037s ]
INFO: [ template_filter ] --END-- [ RunTime:0.000075s ]
INFO: Run Behavior\ParseTemplateBehavior [ RunTime:0.005109s ]
INFO: [ view_parse ] --END-- [ RunTime:0.005147s ]
INFO: [ view_filter ] --START--
INFO: Run Behavior\WriteHtmlCacheBehavior [ RunTime:0.000126s ]
INFO: [ view_filter ] --END-- [ RunTime:0.000160s ]
INFO: [ app_end ] --START--
INFO: Run Behavior\ShowPageTraceBehavior [ RunTime:0.000350s ]
INFO: [ app_end ] --END-- [ RunTime:0.000387s ]

[ 2015-05-11T01:12:55+08:00 ] 111.197.74.234 /fruit/index.php/Fruit/Index/mycar
INFO: [ app_init ] --START--
INFO: Run Behavior\BuildLiteBehavior [ RunTime:0.000013s ]
INFO: [ app_init ] --END-- [ RunTime:0.000263s ]
INFO: [ app_begin ] --START--
INFO: Run Behavior\ReadHtmlCacheBehavior [ RunTime:0.000328s ]
INFO: [ app_begin ] --END-- [ RunTime:0.000367s ]
NOTIC: [8] Undefined index: car /opt/lampp/htdocs/fruit/App/Fruit/Controller/IndexController.class.php 第 40 行.
SQL: SHOW COLUMNS FROM `fruit` [ RunTime:0.0008s ]
NOTIC: [8] Undefined index: car /opt/lampp/htdocs/fruit/App/Fruit/Controller/IndexController.class.php 第 97 行.
NOTIC: [2] implode(): Invalid arguments passed /opt/lampp/htdocs/fruit/App/Fruit/Controller/IndexController.class.php 第 97 行.
NOTIC: [8] Undefined variable: fruit /opt/lampp/htdocs/fruit/App/Fruit/Controller/IndexController.class.php 第 102 行.
NOTIC: [8] Undefined index: car /opt/lampp/htdocs/fruit/App/Fruit/Controller/IndexController.class.php 第 103 行.
INFO: [ view_parse ] --START--
INFO: [ template_filter ] --START--
INFO: Run Behavior\ContentReplaceBehavior [ RunTime:0.000042s ]
INFO: [ template_filter ] --END-- [ RunTime:0.000081s ]
INFO: Run Behavior\ParseTemplateBehavior [ RunTime:0.005799s ]
INFO: [ view_parse ] --END-- [ RunTime:0.005844s ]
INFO: [ view_filter ] --START--
INFO: Run Behavior\WriteHtmlCacheBehavior [ RunTime:0.000115s ]
INFO: [ view_filter ] --END-- [ RunTime:0.000148s ]
INFO: [ app_end ] --START--
INFO: Run Behavior\ShowPageTraceBehavior [ RunTime:0.000480s ]
INFO: [ app_end ] --END-- [ RunTime:0.000516s ]

[ 2015-05-11T07:54:56+08:00 ] 222.130.142.22 /fruit/index.php/fruit/index/index/weiid/oTPVPt32sxl5g8spvXiULUTUS-fg/sign/0d5063f706b901bf3a6392a994496aa6
INFO: [ app_init ] --START--
INFO: Run Behavior\BuildLiteBehavior [ RunTime:0.000014s ]
INFO: [ app_init ] --END-- [ RunTime:0.000265s ]
INFO: [ app_begin ] --START--
INFO: Run Behavior\ReadHtmlCacheBehavior [ RunTime:0.000326s ]
INFO: [ app_begin ] --END-- [ RunTime:0.000368s ]
SQL: SHOW COLUMNS FROM `user` [ RunTime:0.0008s ]
SQL: SELECT * FROM `user` WHERE ( `wei_id`='oTPVPt32sxl5g8spvXiULUTUS-fg' )  [ RunTime:0.0003s ]
SQL: UPDATE `user` SET `ltime`='1431302096' WHERE `user_id` = 42 [ RunTime:0.0062s ]
NOTIC: [8] Undefined index: car /opt/lampp/htdocs/fruit/App/Fruit/Controller/IndexController.class.php 第 40 行.
SQL: SHOW COLUMNS FROM `fruit` [ RunTime:0.0007s ]
SQL: SELECT * FROM `fruit` WHERE ( `order`!=0 ) ORDER BY `order` DESC  [ RunTime:0.0003s ]
NOTIC: [8] Undefined index: car /opt/lampp/htdocs/fruit/App/Fruit/Controller/IndexController.class.php 第 48 行.
INFO: [ view_parse ] --START--
INFO: [ template_filter ] --START--
INFO: Run Behavior\ContentReplaceBehavior [ RunTime:0.000045s ]
INFO: [ template_filter ] --END-- [ RunTime:0.000099s ]
INFO: Run Behavior\ParseTemplateBehavior [ RunTime:0.005637s ]
INFO: [ view_parse ] --END-- [ RunTime:0.005693s ]
INFO: [ view_filter ] --START--
INFO: Run Behavior\WriteHtmlCacheBehavior [ RunTime:0.000125s ]
INFO: [ view_filter ] --END-- [ RunTime:0.000161s ]
INFO: [ app_end ] --START--
INFO: Run Behavior\ShowPageTraceBehavior [ RunTime:0.000370s ]
INFO: [ app_end ] --END-- [ RunTime:0.000414s ]

[ 2015-05-11T11:27:51+08:00 ] 211.103.193.30 /fruit/index.php/fruit/index/index/weiid/oTPVPtyvrbdbk2-fUHelKTSt3mSY/sign/6e0f8d0acff4af56dc0ab7b47a4ee9da
INFO: [ app_init ] --START--
INFO: Run Behavior\BuildLiteBehavior [ RunTime:0.000017s ]
INFO: [ app_init ] --END-- [ RunTime:0.000297s ]
INFO: [ app_begin ] --START--
INFO: Run Behavior\ReadHtmlCacheBehavior [ RunTime:0.000376s ]
INFO: [ app_begin ] --END-- [ RunTime:0.000452s ]
SQL: SHOW COLUMNS FROM `user` [ RunTime:0.0008s ]
SQL: SELECT * FROM `user` WHERE ( `wei_id`='oTPVPtyvrbdbk2-fUHelKTSt3mSY' )  [ RunTime:0.0003s ]
SQL: UPDATE `user` SET `ltime`='1431314871' WHERE `user_id` = 79 [ RunTime:0.0243s ]
NOTIC: [8] Undefined index: car /opt/lampp/htdocs/fruit/App/Fruit/Controller/IndexController.class.php 第 40 行.
SQL: SHOW COLUMNS FROM `fruit` [ RunTime:0.0007s ]
SQL: SELECT * FROM `fruit` WHERE ( `order`!=0 ) ORDER BY `order` DESC  [ RunTime:0.0003s ]
NOTIC: [8] Undefined index: car /opt/lampp/htdocs/fruit/App/Fruit/Controller/IndexController.class.php 第 48 行.
INFO: [ view_parse ] --START--
INFO: [ template_filter ] --START--
INFO: Run Behavior\ContentReplaceBehavior [ RunTime:0.000042s ]
INFO: [ template_filter ] --END-- [ RunTime:0.000094s ]
INFO: Run Behavior\ParseTemplateBehavior [ RunTime:0.006183s ]
INFO: [ view_parse ] --END-- [ RunTime:0.006234s ]
INFO: [ view_filter ] --START--
INFO: Run Behavior\WriteHtmlCacheBehavior [ RunTime:0.000118s ]
INFO: [ view_filter ] --END-- [ RunTime:0.000153s ]
INFO: [ app_end ] --START--
INFO: Run Behavior\ShowPageTraceBehavior [ RunTime:0.000394s ]
INFO: [ app_end ] --END-- [ RunTime:0.000433s ]

[ 2015-05-11T11:28:40+08:00 ] 211.103.193.30 /fruit/index.php/Fruit/Index/detail/id/5
INFO: [ app_init ] --START--
INFO: Run Behavior\BuildLiteBehavior [ RunTime:0.000014s ]
INFO: [ app_init ] --END-- [ RunTime:0.000270s ]
INFO: [ app_begin ] --START--
INFO: Run Behavior\ReadHtmlCacheBehavior [ RunTime:0.000356s ]
INFO: [ app_begin ] --END-- [ RunTime:0.000398s ]
NOTIC: [8] Undefined index: car /opt/lampp/htdocs/fruit/App/Fruit/Controller/IndexController.class.php 第 40 行.
SQL: SHOW COLUMNS FROM `fruit` [ RunTime:0.0009s ]
SQL: SELECT * FROM `fruit` WHERE ( fruit_id=5 )  [ RunTime:0.0003s ]
SQL: SHOW COLUMNS FROM `order_detail` [ RunTime:0.0005s ]
SQL: SELECT count(1) comments FROM `order_detail` WHERE ( fruit_id=5 and commend!='0' )  [ RunTime:0.0003s ]
NOTIC: [8] Undefined index: car /opt/lampp/htdocs/fruit/App/Fruit/Controller/IndexController.class.php 第 69 行.
INFO: [ view_parse ] --START--
INFO: [ template_filter ] --START--
INFO: Run Behavior\ContentReplaceBehavior [ RunTime:0.000041s ]
INFO: [ template_filter ] --END-- [ RunTime:0.000091s ]
INFO: Run Behavior\ParseTemplateBehavior [ RunTime:0.005534s ]
INFO: [ view_parse ] --END-- [ RunTime:0.005586s ]
INFO: [ view_filter ] --START--
INFO: Run Behavior\WriteHtmlCacheBehavior [ RunTime:0.000161s ]
INFO: [ view_filter ] --END-- [ RunTime:0.000200s ]
INFO: [ app_end ] --START--
INFO: Run Behavior\ShowPageTraceBehavior [ RunTime:0.000407s ]
INFO: [ app_end ] --END-- [ RunTime:0.000452s ]

[ 2015-05-11T11:28:45+08:00 ] 211.103.193.30 /fruit/index.php/Fruit/Index/addtocar/id/5
INFO: [ app_init ] --START--
INFO: Run Behavior\BuildLiteBehavior [ RunTime:0.000019s ]
INFO: [ app_init ] --END-- [ RunTime:0.000342s ]
INFO: [ app_begin ] --START--
INFO: Run Behavior\ReadHtmlCacheBehavior [ RunTime:0.000443s ]
INFO: [ app_begin ] --END-- [ RunTime:0.000491s ]
NOTIC: [8] Undefined index: car /opt/lampp/htdocs/fruit/App/Fruit/Controller/IndexController.class.php 第 40 行.
NOTIC: [8] Undefined index: car /opt/lampp/htdocs/fruit/App/Fruit/Controller/IndexController.class.php 第 76 行.
NOTIC: [2] in_array() expects parameter 2 to be array, null given /opt/lampp/htdocs/fruit/App/Fruit/Controller/IndexController.class.php 第 76 行.

[ 2015-05-11T11:28:47+08:00 ] 211.103.193.30 /fruit/index.php/Fruit/Index/mycar
INFO: [ app_init ] --START--
INFO: Run Behavior\BuildLiteBehavior [ RunTime:0.000014s ]
INFO: [ app_init ] --END-- [ RunTime:0.000278s ]
INFO: [ app_begin ] --START--
INFO: Run Behavior\ReadHtmlCacheBehavior [ RunTime:0.000356s ]
INFO: [ app_begin ] --END-- [ RunTime:0.000403s ]
SQL: SHOW COLUMNS FROM `fruit` [ RunTime:0.0012s ]
SQL: SELECT * FROM `fruit` WHERE ( fruit_id in(5) )  [ RunTime:0.0003s ]
INFO: [ view_parse ] --START--
INFO: [ template_filter ] --START--
INFO: Run Behavior\ContentReplaceBehavior [ RunTime:0.000047s ]
INFO: [ template_filter ] --END-- [ RunTime:0.000100s ]
NOTIC: [8] Undefined index: fruit_num /opt/lampp/htdocs/fruit/App/Runtime/Cache/Fruit/f3eb904f0331d42f067fc23cbbe71b7d.php 第 27 行.
INFO: Run Behavior\ParseTemplateBehavior [ RunTime:0.007413s ]
INFO: [ view_parse ] --END-- [ RunTime:0.007459s ]
INFO: [ view_filter ] --START--
INFO: Run Behavior\WriteHtmlCacheBehavior [ RunTime:0.000120s ]
INFO: [ view_filter ] --END-- [ RunTime:0.000153s ]
INFO: [ app_end ] --START--
INFO: Run Behavior\ShowPageTraceBehavior [ RunTime:0.000407s ]
INFO: [ app_end ] --END-- [ RunTime:0.000451s ]

[ 2015-05-11T11:28:52+08:00 ] 211.103.193.30 /fruit/index.php/Fruit/Index/mycar
INFO: [ app_init ] --START--
INFO: Run Behavior\BuildLiteBehavior [ RunTime:0.000015s ]
INFO: [ app_init ] --END-- [ RunTime:0.000279s ]
INFO: [ app_begin ] --START--
INFO: Run Behavior\ReadHtmlCacheBehavior [ RunTime:0.000345s ]
INFO: [ app_begin ] --END-- [ RunTime:0.000397s ]
SQL: SHOW COLUMNS FROM `fruit` [ RunTime:0.0009s ]
SQL: SELECT * FROM `fruit` WHERE ( fruit_id in(5) )  [ RunTime:0.0003s ]
INFO: [ view_parse ] --START--
INFO: [ template_filter ] --START--
INFO: Run Behavior\ContentReplaceBehavior [ RunTime:0.000044s ]
INFO: [ template_filter ] --END-- [ RunTime:0.000093s ]
NOTIC: [8] Undefined index: fruit_num /opt/lampp/htdocs/fruit/App/Runtime/Cache/Fruit/f3eb904f0331d42f067fc23cbbe71b7d.php 第 27 行.
INFO: Run Behavior\ParseTemplateBehavior [ RunTime:0.006827s ]
INFO: [ view_parse ] --END-- [ RunTime:0.006873s ]
INFO: [ view_filter ] --START--
INFO: Run Behavior\WriteHtmlCacheBehavior [ RunTime:0.000113s ]
INFO: [ view_filter ] --END-- [ RunTime:0.000147s ]
INFO: [ app_end ] --START--
INFO: Run Behavior\ShowPageTraceBehavior [ RunTime:0.000422s ]
INFO: [ app_end ] --END-- [ RunTime:0.000469s ]

[ 2015-05-11T11:28:57+08:00 ] 211.103.193.30 /fruit/index.php/Fruit/Index/check
INFO: [ app_init ] --START--
INFO: Run Behavior\BuildLiteBehavior [ RunTime:0.000013s ]
INFO: [ app_init ] --END-- [ RunTime:0.000266s ]
INFO: [ app_begin ] --START--
INFO: Run Behavior\ReadHtmlCacheBehavior [ RunTime:0.000385s ]
INFO: [ app_begin ] --END-- [ RunTime:0.000427s ]
SQL: SHOW COLUMNS FROM `fruit` [ RunTime:0.0009s ]
SQL: SELECT * FROM `fruit` WHERE ( fruit_id in(5) )  [ RunTime:0.0003s ]
SQL: SHOW COLUMNS FROM `user_address` [ RunTime:0.0005s ]
SQL: SELECT * FROM `user_address` WHERE ( `user_id`=79 )  [ RunTime:0.0003s ]
NOTIC: [8] Undefined offset: 0 /opt/lampp/htdocs/fruit/App/Fruit/Controller/IndexController.class.php 第 149 行.
INFO: [ view_parse ] --START--
INFO: [ template_filter ] --START--
INFO: Run Behavior\ContentReplaceBehavior [ RunTime:0.000047s ]
INFO: [ template_filter ] --END-- [ RunTime:0.000088s ]
INFO: Run Behavior\ParseTemplateBehavior [ RunTime:0.007617s ]
INFO: [ view_parse ] --END-- [ RunTime:0.007661s ]
INFO: [ view_filter ] --START--
INFO: Run Behavior\WriteHtmlCacheBehavior [ RunTime:0.000109s ]
INFO: [ view_filter ] --END-- [ RunTime:0.000141s ]
INFO: [ app_end ] --START--
INFO: Run Behavior\ShowPageTraceBehavior [ RunTime:0.000343s ]
INFO: [ app_end ] --END-- [ RunTime:0.000380s ]

[ 2015-05-11T11:30:09+08:00 ] 211.103.193.30 /fruit/index.php/Fruit/Index/suborder
INFO: [ app_init ] --START--
INFO: Run Behavior\BuildLiteBehavior [ RunTime:0.000016s ]
INFO: [ app_init ] --END-- [ RunTime:0.000315s ]
INFO: [ app_begin ] --START--
INFO: Run Behavior\ReadHtmlCacheBehavior [ RunTime:0.000368s ]
INFO: [ app_begin ] --END-- [ RunTime:0.000419s ]
SQL: SHOW COLUMNS FROM `user` [ RunTime:0.0008s ]
SQL: SELECT * FROM `user` WHERE ( `wei_id`='oTPVPtyvrbdbk2-fUHelKTSt3mSY' )  [ RunTime:0.0003s ]
SQL: UPDATE `user` SET `name`='于淼',`mobile`='13810351070' WHERE `user_id` = 79 [ RunTime:0.0067s ]
SQL: SHOW COLUMNS FROM `user_address` [ RunTime:0.0006s ]
SQL: INSERT INTO `user_address` (`user_id`,`name`,`mobile`,`location`,`location_detail`) VALUES ('79','于淼','13810351070','010_hd_rkzxzy','融科C座北楼12层') [ RunTime:0.0043s ]
SQL: SELECT * FROM `user_address` WHERE ( `add_id`=61 )  [ RunTime:0.0002s ]
SQL: SHOW COLUMNS FROM `order` [ RunTime:0.0005s ]
SQL: INSERT INTO `order` (`sendtime`,`user_id`,`status`,`price`,`ctime`,`etime`,`to_name`,`to_mobile`,`to_location`,`to_location_detail`) VALUES ('14:00-15:00','79','1','8','1431315009','0','于淼','13810351070','010_hd_rkzxzy','融科C座北楼12层') [ RunTime:0.0131s ]
SQL: SHOW COLUMNS FROM `order_detail` [ RunTime:0.0008s ]
SQL: SHOW COLUMNS FROM `fruit` [ RunTime:0.0005s ]
SQL: INSERT INTO `order_detail` (`order_id`,`fruit_id`,`fruit_name`,`buys`,`fruit_version`,`price`) VALUES ('12334','5','活力组合 小230克','1','0','8') [ RunTime:0.0216s ]
SQL: SELECT * FROM `fruit` WHERE ( fruit_id='5' )  [ RunTime:0.0003s ]
SQL: UPDATE `fruit` SET `buys`='528' WHERE `fruit_id` = 5 [ RunTime:0.0037s ]
INFO: [ view_parse ] --START--
INFO: [ template_filter ] --START--
INFO: Run Behavior\ContentReplaceBehavior [ RunTime:0.000043s ]
INFO: [ template_filter ] --END-- [ RunTime:0.000094s ]
INFO: Run Behavior\ParseTemplateBehavior [ RunTime:0.005701s ]
INFO: [ view_parse ] --END-- [ RunTime:0.005750s ]
INFO: [ view_filter ] --START--
INFO: Run Behavior\WriteHtmlCacheBehavior [ RunTime:0.000115s ]
INFO: [ view_filter ] --END-- [ RunTime:0.000150s ]
INFO: [ app_end ] --START--
INFO: Run Behavior\ShowPageTraceBehavior [ RunTime:0.000390s ]
INFO: [ app_end ] --END-- [ RunTime:0.000434s ]

[ 2015-05-11T11:30:48+08:00 ] 211.103.193.30 /fruit/index.php/fruit/index
INFO: [ app_init ] --START--
INFO: Run Behavior\BuildLiteBehavior [ RunTime:0.000015s ]
INFO: [ app_init ] --END-- [ RunTime:0.000335s ]
INFO: [ app_begin ] --START--
INFO: Run Behavior\ReadHtmlCacheBehavior [ RunTime:0.000328s ]
INFO: [ app_begin ] --END-- [ RunTime:0.000368s ]
NOTIC: [8] Undefined index: car /opt/lampp/htdocs/fruit/App/Fruit/Controller/IndexController.class.php 第 40 行.
SQL: SHOW COLUMNS FROM `fruit` [ RunTime:0.0010s ]
SQL: SELECT * FROM `fruit` WHERE ( `order`!=0 ) ORDER BY `order` DESC  [ RunTime:0.0004s ]
NOTIC: [8] Undefined index: car /opt/lampp/htdocs/fruit/App/Fruit/Controller/IndexController.class.php 第 48 行.
INFO: [ view_parse ] --START--
INFO: [ template_filter ] --START--
INFO: Run Behavior\ContentReplaceBehavior [ RunTime:0.000116s ]
INFO: [ template_filter ] --END-- [ RunTime:0.000170s ]
INFO: Run Behavior\ParseTemplateBehavior [ RunTime:0.005504s ]
INFO: [ view_parse ] --END-- [ RunTime:0.005545s ]
INFO: [ view_filter ] --START--
INFO: Run Behavior\WriteHtmlCacheBehavior [ RunTime:0.000137s ]
INFO: [ view_filter ] --END-- [ RunTime:0.000172s ]
INFO: [ app_end ] --START--
INFO: Run Behavior\ShowPageTraceBehavior [ RunTime:0.000389s ]
INFO: [ app_end ] --END-- [ RunTime:0.000425s ]

[ 2015-05-11T11:30:54+08:00 ] 211.103.193.30 /fruit/index.php/Fruit/Index/mycar
INFO: [ app_init ] --START--
INFO: Run Behavior\BuildLiteBehavior [ RunTime:0.000013s ]
INFO: [ app_init ] --END-- [ RunTime:0.000269s ]
INFO: [ app_begin ] --START--
INFO: Run Behavior\ReadHtmlCacheBehavior [ RunTime:0.000349s ]
INFO: [ app_begin ] --END-- [ RunTime:0.000389s ]
NOTIC: [8] Undefined index: car /opt/lampp/htdocs/fruit/App/Fruit/Controller/IndexController.class.php 第 40 行.
SQL: SHOW COLUMNS FROM `fruit` [ RunTime:0.0009s ]
NOTIC: [8] Undefined index: car /opt/lampp/htdocs/fruit/App/Fruit/Controller/IndexController.class.php 第 97 行.
NOTIC: [2] implode(): Invalid arguments passed /opt/lampp/htdocs/fruit/App/Fruit/Controller/IndexController.class.php 第 97 行.
NOTIC: [8] Undefined variable: fruit /opt/lampp/htdocs/fruit/App/Fruit/Controller/IndexController.class.php 第 102 行.
NOTIC: [8] Undefined index: car /opt/lampp/htdocs/fruit/App/Fruit/Controller/IndexController.class.php 第 103 行.
INFO: [ view_parse ] --START--
INFO: [ template_filter ] --START--
INFO: Run Behavior\ContentReplaceBehavior [ RunTime:0.000046s ]
INFO: [ template_filter ] --END-- [ RunTime:0.000092s ]
INFO: Run Behavior\ParseTemplateBehavior [ RunTime:0.006782s ]
INFO: [ view_parse ] --END-- [ RunTime:0.006834s ]
INFO: [ view_filter ] --START--
INFO: Run Behavior\WriteHtmlCacheBehavior [ RunTime:0.000116s ]
INFO: [ view_filter ] --END-- [ RunTime:0.000148s ]
INFO: [ app_end ] --START--
INFO: Run Behavior\ShowPageTraceBehavior [ RunTime:0.000373s ]
INFO: [ app_end ] --END-- [ RunTime:0.000414s ]

[ 2015-05-11T11:31:07+08:00 ] 211.103.193.30 /fruit/index.php/Fruit/Index/mycar
INFO: [ app_init ] --START--
INFO: Run Behavior\BuildLiteBehavior [ RunTime:0.000014s ]
INFO: [ app_init ] --END-- [ RunTime:0.000272s ]
INFO: [ app_begin ] --START--
INFO: Run Behavior\ReadHtmlCacheBehavior [ RunTime:0.000331s ]
INFO: [ app_begin ] --END-- [ RunTime:0.000370s ]
NOTIC: [8] Undefined index: car /opt/lampp/htdocs/fruit/App/Fruit/Controller/IndexController.class.php 第 40 行.
SQL: SHOW COLUMNS FROM `fruit` [ RunTime:0.0008s ]
NOTIC: [8] Undefined index: car /opt/lampp/htdocs/fruit/App/Fruit/Controller/IndexController.class.php 第 97 行.
NOTIC: [2] implode(): Invalid arguments passed /opt/lampp/htdocs/fruit/App/Fruit/Controller/IndexController.class.php 第 97 行.
NOTIC: [8] Undefined variable: fruit /opt/lampp/htdocs/fruit/App/Fruit/Controller/IndexController.class.php 第 102 行.
NOTIC: [8] Undefined index: car /opt/lampp/htdocs/fruit/App/Fruit/Controller/IndexController.class.php 第 103 行.
INFO: [ view_parse ] --START--
INFO: [ template_filter ] --START--
INFO: Run Behavior\ContentReplaceBehavior [ RunTime:0.000042s ]
INFO: [ template_filter ] --END-- [ RunTime:0.000082s ]
INFO: Run Behavior\ParseTemplateBehavior [ RunTime:0.005963s ]
INFO: [ view_parse ] --END-- [ RunTime:0.006008s ]
INFO: [ view_filter ] --START--
INFO: Run Behavior\WriteHtmlCacheBehavior [ RunTime:0.000114s ]
INFO: [ view_filter ] --END-- [ RunTime:0.000146s ]
INFO: [ app_end ] --START--
INFO: Run Behavior\ShowPageTraceBehavior [ RunTime:0.000350s ]
INFO: [ app_end ] --END-- [ RunTime:0.000391s ]

[ 2015-05-11T11:31:08+08:00 ] 211.103.193.30 /fruit/index.php/fruit/index
INFO: [ app_init ] --START--
INFO: Run Behavior\BuildLiteBehavior [ RunTime:0.000015s ]
INFO: [ app_init ] --END-- [ RunTime:0.000306s ]
INFO: [ app_begin ] --START--
INFO: Run Behavior\ReadHtmlCacheBehavior [ RunTime:0.000323s ]
INFO: [ app_begin ] --END-- [ RunTime:0.000362s ]
NOTIC: [8] Undefined index: car /opt/lampp/htdocs/fruit/App/Fruit/Controller/IndexController.class.php 第 40 行.
SQL: SHOW COLUMNS FROM `fruit` [ RunTime:0.0009s ]
SQL: SELECT * FROM `fruit` WHERE ( `order`!=0 ) ORDER BY `order` DESC  [ RunTime:0.0004s ]
NOTIC: [8] Undefined index: car /opt/lampp/htdocs/fruit/App/Fruit/Controller/IndexController.class.php 第 48 行.
INFO: [ view_parse ] --START--
INFO: [ template_filter ] --START--
INFO: Run Behavior\ContentReplaceBehavior [ RunTime:0.000038s ]
INFO: [ template_filter ] --END-- [ RunTime:0.000078s ]
INFO: Run Behavior\ParseTemplateBehavior [ RunTime:0.005254s ]
INFO: [ view_parse ] --END-- [ RunTime:0.005294s ]
INFO: [ view_filter ] --START--
INFO: Run Behavior\WriteHtmlCacheBehavior [ RunTime:0.000110s ]
INFO: [ view_filter ] --END-- [ RunTime:0.000142s ]
INFO: [ app_end ] --START--
INFO: Run Behavior\ShowPageTraceBehavior [ RunTime:0.000429s ]
INFO: [ app_end ] --END-- [ RunTime:0.000466s ]

[ 2015-05-11T19:42:39+08:00 ] 111.197.73.70 /fruit/index.php/fruit/index/index/weiid/oTPVPt9UuaxWXULje44IcXLIFr34/sign/9a354f3c23e82ce8307fbc38c98ea93c
INFO: [ app_init ] --START--
INFO: Run Behavior\BuildLiteBehavior [ RunTime:0.000017s ]
INFO: [ app_init ] --END-- [ RunTime:0.000322s ]
INFO: [ app_begin ] --START--
INFO: Run Behavior\ReadHtmlCacheBehavior [ RunTime:0.000362s ]
INFO: [ app_begin ] --END-- [ RunTime:0.000413s ]
SQL: SHOW COLUMNS FROM `user` [ RunTime:0.0009s ]
SQL: SELECT * FROM `user` WHERE ( `wei_id`='oTPVPt9UuaxWXULje44IcXLIFr34' )  [ RunTime:0.0003s ]
SQL: UPDATE `user` SET `ltime`='1431344559' WHERE `user_id` = 31 [ RunTime:0.0212s ]
NOTIC: [8] Undefined index: car /opt/lampp/htdocs/fruit/App/Fruit/Controller/IndexController.class.php 第 40 行.
SQL: SHOW COLUMNS FROM `fruit` [ RunTime:0.0006s ]
SQL: SELECT * FROM `fruit` WHERE ( `order`!=0 ) ORDER BY `order` DESC  [ RunTime:0.0003s ]
NOTIC: [8] Undefined index: car /opt/lampp/htdocs/fruit/App/Fruit/Controller/IndexController.class.php 第 48 行.
INFO: [ view_parse ] --START--
INFO: [ template_filter ] --START--
INFO: Run Behavior\ContentReplaceBehavior [ RunTime:0.000047s ]
INFO: [ template_filter ] --END-- [ RunTime:0.000116s ]
INFO: Run Behavior\ParseTemplateBehavior [ RunTime:0.006875s ]
INFO: [ view_parse ] --END-- [ RunTime:0.006928s ]
INFO: [ view_filter ] --START--
INFO: Run Behavior\WriteHtmlCacheBehavior [ RunTime:0.000140s ]
INFO: [ view_filter ] --END-- [ RunTime:0.000175s ]
INFO: [ app_end ] --START--
INFO: Run Behavior\ShowPageTraceBehavior [ RunTime:0.000454s ]
INFO: [ app_end ] --END-- [ RunTime:0.000493s ]

[ 2015-05-11T19:42:43+08:00 ] 111.197.73.70 /fruit/index.php/Fruit/Index/detail/id/9
INFO: [ app_init ] --START--
INFO: Run Behavior\BuildLiteBehavior [ RunTime:0.000014s ]
INFO: [ app_init ] --END-- [ RunTime:0.000310s ]
INFO: [ app_begin ] --START--
INFO: Run Behavior\ReadHtmlCacheBehavior [ RunTime:0.000341s ]
INFO: [ app_begin ] --END-- [ RunTime:0.000387s ]
NOTIC: [8] Undefined index: car /opt/lampp/htdocs/fruit/App/Fruit/Controller/IndexController.class.php 第 40 行.
SQL: SHOW COLUMNS FROM `fruit` [ RunTime:0.0009s ]
SQL: SELECT * FROM `fruit` WHERE ( fruit_id=9 )  [ RunTime:0.0003s ]
SQL: SHOW COLUMNS FROM `order_detail` [ RunTime:0.0005s ]
SQL: SELECT count(1) comments FROM `order_detail` WHERE ( fruit_id=9 and commend!='0' )  [ RunTime:0.0002s ]
NOTIC: [8] Undefined index: car /opt/lampp/htdocs/fruit/App/Fruit/Controller/IndexController.class.php 第 69 行.
INFO: [ view_parse ] --START--
INFO: [ template_filter ] --START--
INFO: Run Behavior\ContentReplaceBehavior [ RunTime:0.000036s ]
INFO: [ template_filter ] --END-- [ RunTime:0.000083s ]
INFO: Run Behavior\ParseTemplateBehavior [ RunTime:0.004759s ]
INFO: [ view_parse ] --END-- [ RunTime:0.004809s ]
INFO: [ view_filter ] --START--
INFO: Run Behavior\WriteHtmlCacheBehavior [ RunTime:0.000111s ]
INFO: [ view_filter ] --END-- [ RunTime:0.000145s ]
INFO: [ app_end ] --START--
INFO: Run Behavior\ShowPageTraceBehavior [ RunTime:0.000364s ]
INFO: [ app_end ] --END-- [ RunTime:0.000404s ]

[ 2015-05-11T22:28:13+08:00 ] 222.130.142.22 /zhier/index.php/Fruit/index/index/weiid/oKaufuIIhRuypTR8L80JZrEivgvg/sign/99a5dbef93c78aa88f30b6f22a2eea4a
INFO: [ app_init ] --START--
INFO: Run Behavior\BuildLiteBehavior [ RunTime:0.000014s ]
INFO: [ app_init ] --END-- [ RunTime:0.000264s ]
INFO: [ app_begin ] --START--
INFO: Run Behavior\ReadHtmlCacheBehavior [ RunTime:0.000347s ]
INFO: [ app_begin ] --END-- [ RunTime:0.000388s ]
SQL: SHOW COLUMNS FROM `user` [ RunTime:0.0008s ]
SQL: SELECT * FROM `user` WHERE ( `wei_id`='oKaufuIIhRuypTR8L80JZrEivgvg' )  [ RunTime:0.0003s ]
SQL: UPDATE `user` SET `ltime`='1431354493' WHERE `user_id` = 85 [ RunTime:0.0084s ]
NOTIC: [8] Undefined index: car /opt/lampp/htdocs/zhier/App/Fruit/Controller/IndexController.class.php 第 40 行.
SQL: SHOW COLUMNS FROM `fruit` [ RunTime:0.0007s ]
SQL: SELECT * FROM `fruit` WHERE ( `order`!=0 ) ORDER BY `order` DESC  [ RunTime:0.0003s ]
NOTIC: [8] Undefined index: car /opt/lampp/htdocs/zhier/App/Fruit/Controller/IndexController.class.php 第 48 行.
INFO: [ view_parse ] --START--
INFO: [ template_filter ] --START--
INFO: Run Behavior\ContentReplaceBehavior [ RunTime:0.000040s ]
INFO: [ template_filter ] --END-- [ RunTime:0.000088s ]
INFO: Run Behavior\ParseTemplateBehavior [ RunTime:0.005728s ]
INFO: [ view_parse ] --END-- [ RunTime:0.005784s ]
INFO: [ view_filter ] --START--
INFO: Run Behavior\WriteHtmlCacheBehavior [ RunTime:0.000116s ]
INFO: [ view_filter ] --END-- [ RunTime:0.000151s ]
INFO: [ app_end ] --START--
INFO: Run Behavior\ShowPageTraceBehavior [ RunTime:0.000387s ]
INFO: [ app_end ] --END-- [ RunTime:0.000428s ]

[ 2015-05-11T22:28:17+08:00 ] 222.130.142.22 /zhier/index.php/Fruit/Index/mycar
INFO: [ app_init ] --START--
INFO: Run Behavior\BuildLiteBehavior [ RunTime:0.000014s ]
INFO: [ app_init ] --END-- [ RunTime:0.000267s ]
INFO: [ app_begin ] --START--
INFO: Run Behavior\ReadHtmlCacheBehavior [ RunTime:0.000333s ]
INFO: [ app_begin ] --END-- [ RunTime:0.000372s ]
NOTIC: [8] Undefined index: car /opt/lampp/htdocs/zhier/App/Fruit/Controller/IndexController.class.php 第 40 行.
SQL: SHOW COLUMNS FROM `fruit` [ RunTime:0.0009s ]
NOTIC: [8] Undefined index: car /opt/lampp/htdocs/zhier/App/Fruit/Controller/IndexController.class.php 第 97 行.
NOTIC: [2] implode(): Invalid arguments passed /opt/lampp/htdocs/zhier/App/Fruit/Controller/IndexController.class.php 第 97 行.
NOTIC: [8] Undefined variable: fruit /opt/lampp/htdocs/zhier/App/Fruit/Controller/IndexController.class.php 第 102 行.
NOTIC: [8] Undefined index: car /opt/lampp/htdocs/zhier/App/Fruit/Controller/IndexController.class.php 第 103 行.
INFO: [ view_parse ] --START--
INFO: [ template_filter ] --START--
INFO: Run Behavior\ContentReplaceBehavior [ RunTime:0.000047s ]
INFO: [ template_filter ] --END-- [ RunTime:0.000088s ]
INFO: Run Behavior\ParseTemplateBehavior [ RunTime:0.006045s ]
INFO: [ view_parse ] --END-- [ RunTime:0.006090s ]
INFO: [ view_filter ] --START--
INFO: Run Behavior\WriteHtmlCacheBehavior [ RunTime:0.000112s ]
INFO: [ view_filter ] --END-- [ RunTime:0.000143s ]
INFO: [ app_end ] --START--
INFO: Run Behavior\ShowPageTraceBehavior [ RunTime:0.000362s ]
INFO: [ app_end ] --END-- [ RunTime:0.000414s ]

[ 2015-05-11T22:28:19+08:00 ] 222.130.142.22 /zhier/index.php/fruit/index
INFO: [ app_init ] --START--
INFO: Run Behavior\BuildLiteBehavior [ RunTime:0.000014s ]
INFO: [ app_init ] --END-- [ RunTime:0.000286s ]
INFO: [ app_begin ] --START--
INFO: Run Behavior\ReadHtmlCacheBehavior [ RunTime:0.000328s ]
INFO: [ app_begin ] --END-- [ RunTime:0.000367s ]
NOTIC: [8] Undefined index: car /opt/lampp/htdocs/zhier/App/Fruit/Controller/IndexController.class.php 第 40 行.
SQL: SHOW COLUMNS FROM `fruit` [ RunTime:0.0009s ]
SQL: SELECT * FROM `fruit` WHERE ( `order`!=0 ) ORDER BY `order` DESC  [ RunTime:0.0004s ]
NOTIC: [8] Undefined index: car /opt/lampp/htdocs/zhier/App/Fruit/Controller/IndexController.class.php 第 48 行.
INFO: [ view_parse ] --START--
INFO: [ template_filter ] --START--
INFO: Run Behavior\ContentReplaceBehavior [ RunTime:0.000038s ]
INFO: [ template_filter ] --END-- [ RunTime:0.000080s ]
INFO: Run Behavior\ParseTemplateBehavior [ RunTime:0.005403s ]
INFO: [ view_parse ] --END-- [ RunTime:0.005446s ]
INFO: [ view_filter ] --START--
INFO: Run Behavior\WriteHtmlCacheBehavior [ RunTime:0.000110s ]
INFO: [ view_filter ] --END-- [ RunTime:0.000141s ]
INFO: [ app_end ] --START--
INFO: Run Behavior\ShowPageTraceBehavior [ RunTime:0.000354s ]
INFO: [ app_end ] --END-- [ RunTime:0.000404s ]

[ 2015-05-11T22:28:23+08:00 ] 222.130.142.22 /zhier/index.php/Fruit/index/index/weiid/oKaufuIIhRuypTR8L80JZrEivgvg/sign/99a5dbef93c78aa88f30b6f22a2eea4a
INFO: [ app_init ] --START--
INFO: Run Behavior\BuildLiteBehavior [ RunTime:0.000014s ]
INFO: [ app_init ] --END-- [ RunTime:0.000277s ]
INFO: [ app_begin ] --START--
INFO: Run Behavior\ReadHtmlCacheBehavior [ RunTime:0.000328s ]
INFO: [ app_begin ] --END-- [ RunTime:0.000369s ]
SQL: SHOW COLUMNS FROM `user` [ RunTime:0.0008s ]
SQL: SELECT * FROM `user` WHERE ( `wei_id`='oKaufuIIhRuypTR8L80JZrEivgvg' )  [ RunTime:0.0003s ]
SQL: UPDATE `user` SET `ltime`='1431354503' WHERE `user_id` = 85 [ RunTime:0.0059s ]
NOTIC: [8] Undefined index: car /opt/lampp/htdocs/zhier/App/Fruit/Controller/IndexController.class.php 第 40 行.
SQL: SHOW COLUMNS FROM `fruit` [ RunTime:0.0006s ]
SQL: SELECT * FROM `fruit` WHERE ( `order`!=0 ) ORDER BY `order` DESC  [ RunTime:0.0003s ]
NOTIC: [8] Undefined index: car /opt/lampp/htdocs/zhier/App/Fruit/Controller/IndexController.class.php 第 48 行.
INFO: [ view_parse ] --START--
INFO: [ template_filter ] --START--
INFO: Run Behavior\ContentReplaceBehavior [ RunTime:0.000037s ]
INFO: [ template_filter ] --END-- [ RunTime:0.000089s ]
INFO: Run Behavior\ParseTemplateBehavior [ RunTime:0.005245s ]
INFO: [ view_parse ] --END-- [ RunTime:0.005301s ]
INFO: [ view_filter ] --START--
INFO: Run Behavior\WriteHtmlCacheBehavior [ RunTime:0.000115s ]
INFO: [ view_filter ] --END-- [ RunTime:0.000149s ]
INFO: [ app_end ] --START--
INFO: Run Behavior\ShowPageTraceBehavior [ RunTime:0.000418s ]
INFO: [ app_end ] --END-- [ RunTime:0.000456s ]

[ 2015-05-11T22:28:25+08:00 ] 222.130.142.22 /zhier/index.php/Fruit/Index/mycar
INFO: [ app_init ] --START--
INFO: Run Behavior\BuildLiteBehavior [ RunTime:0.000015s ]
INFO: [ app_init ] --END-- [ RunTime:0.000267s ]
INFO: [ app_begin ] --START--
INFO: Run Behavior\ReadHtmlCacheBehavior [ RunTime:0.000381s ]
INFO: [ app_begin ] --END-- [ RunTime:0.000421s ]
NOTIC: [8] Undefined index: car /opt/lampp/htdocs/zhier/App/Fruit/Controller/IndexController.class.php 第 40 行.
SQL: SHOW COLUMNS FROM `fruit` [ RunTime:0.0009s ]
NOTIC: [8] Undefined index: car /opt/lampp/htdocs/zhier/App/Fruit/Controller/IndexController.class.php 第 97 行.
NOTIC: [2] implode(): Invalid arguments passed /opt/lampp/htdocs/zhier/App/Fruit/Controller/IndexController.class.php 第 97 行.
NOTIC: [8] Undefined variable: fruit /opt/lampp/htdocs/zhier/App/Fruit/Controller/IndexController.class.php 第 102 行.
NOTIC: [8] Undefined index: car /opt/lampp/htdocs/zhier/App/Fruit/Controller/IndexController.class.php 第 103 行.
INFO: [ view_parse ] --START--
INFO: [ template_filter ] --START--
INFO: Run Behavior\ContentReplaceBehavior [ RunTime:0.000048s ]
INFO: [ template_filter ] --END-- [ RunTime:0.000087s ]
INFO: Run Behavior\ParseTemplateBehavior [ RunTime:0.006125s ]
INFO: [ view_parse ] --END-- [ RunTime:0.006169s ]
INFO: [ view_filter ] --START--
INFO: Run Behavior\WriteHtmlCacheBehavior [ RunTime:0.000145s ]
INFO: [ view_filter ] --END-- [ RunTime:0.000179s ]
INFO: [ app_end ] --START--
INFO: Run Behavior\ShowPageTraceBehavior [ RunTime:0.000388s ]
INFO: [ app_end ] --END-- [ RunTime:0.000430s ]

[ 2015-05-11T22:49:52+08:00 ] 222.130.142.22 /zhier/index.php/Fruit/index/index/weiid/oKaufuIIhRuypTR8L80JZrEivgvg/sign/99a5dbef93c78aa88f30b6f22a2eea4a
INFO: [ app_init ] --START--
INFO: Run Behavior\BuildLiteBehavior [ RunTime:0.000014s ]
INFO: [ app_init ] --END-- [ RunTime:0.000266s ]
INFO: [ app_begin ] --START--
INFO: Run Behavior\ReadHtmlCacheBehavior [ RunTime:0.000330s ]
INFO: [ app_begin ] --END-- [ RunTime:0.000373s ]
SQL: SHOW COLUMNS FROM `user` [ RunTime:0.0007s ]
SQL: SELECT * FROM `user` WHERE ( `wei_id`='oKaufuIIhRuypTR8L80JZrEivgvg' )  [ RunTime:0.0003s ]
SQL: UPDATE `user` SET `ltime`='1431355792' WHERE `user_id` = 85 [ RunTime:0.0076s ]
NOTIC: [8] Undefined index: car /opt/lampp/htdocs/zhier/App/Fruit/Controller/IndexController.class.php 第 40 行.
SQL: SHOW COLUMNS FROM `fruit` [ RunTime:0.0009s ]
SQL: SELECT * FROM `fruit` WHERE ( `order`!=0 ) ORDER BY `order` DESC  [ RunTime:0.0003s ]
NOTIC: [8] Undefined index: car /opt/lampp/htdocs/zhier/App/Fruit/Controller/IndexController.class.php 第 48 行.
INFO: [ view_parse ] --START--
INFO: [ template_filter ] --START--
INFO: Run Behavior\ContentReplaceBehavior [ RunTime:0.000039s ]
INFO: [ template_filter ] --END-- [ RunTime:0.000082s ]
INFO: Run Behavior\ParseTemplateBehavior [ RunTime:0.005537s ]
INFO: [ view_parse ] --END-- [ RunTime:0.005581s ]
INFO: [ view_filter ] --START--
INFO: Run Behavior\WriteHtmlCacheBehavior [ RunTime:0.000112s ]
INFO: [ view_filter ] --END-- [ RunTime:0.000146s ]
INFO: [ app_end ] --START--
INFO: Run Behavior\ShowPageTraceBehavior [ RunTime:0.000396s ]
INFO: [ app_end ] --END-- [ RunTime:0.000435s ]

[ 2015-05-11T23:00:14+08:00 ] 222.130.142.22 /zhier/index.php/Fruit/index/index/weiid/oKaufuIIhRuypTR8L80JZrEivgvg/sign/99a5dbef93c78aa88f30b6f22a2eea4a
INFO: [ app_init ] --START--
INFO: Run Behavior\BuildLiteBehavior [ RunTime:0.000017s ]
INFO: [ app_init ] --END-- [ RunTime:0.000320s ]
INFO: [ app_begin ] --START--
INFO: Run Behavior\ReadHtmlCacheBehavior [ RunTime:0.000375s ]
INFO: [ app_begin ] --END-- [ RunTime:0.000430s ]
SQL: SHOW COLUMNS FROM `user` [ RunTime:0.0007s ]
SQL: SELECT * FROM `user` WHERE ( `wei_id`='oKaufuIIhRuypTR8L80JZrEivgvg' )  [ RunTime:0.0003s ]
SQL: UPDATE `user` SET `ltime`='1431356414' WHERE `user_id` = 85 [ RunTime:0.0063s ]
NOTIC: [8] Undefined index: car /opt/lampp/htdocs/zhier/App/Fruit/Controller/IndexController.class.php 第 40 行.
SQL: SHOW COLUMNS FROM `fruit` [ RunTime:0.0008s ]
SQL: SELECT * FROM `fruit` WHERE ( `order`!=0 ) ORDER BY `order` DESC  [ RunTime:0.0003s ]
NOTIC: [8] Undefined index: car /opt/lampp/htdocs/zhier/App/Fruit/Controller/IndexController.class.php 第 48 行.
INFO: [ view_parse ] --START--
INFO: [ template_filter ] --START--
INFO: Run Behavior\ContentReplaceBehavior [ RunTime:0.000040s ]
INFO: [ template_filter ] --END-- [ RunTime:0.000092s ]
INFO: Run Behavior\ParseTemplateBehavior [ RunTime:0.006315s ]
INFO: [ view_parse ] --END-- [ RunTime:0.006370s ]
INFO: [ view_filter ] --START--
INFO: Run Behavior\WriteHtmlCacheBehavior [ RunTime:0.000115s ]
INFO: [ view_filter ] --END-- [ RunTime:0.000149s ]
INFO: [ app_end ] --START--
INFO: Run Behavior\ShowPageTraceBehavior [ RunTime:0.000388s ]
INFO: [ app_end ] --END-- [ RunTime:0.000426s ]

[ 2015-05-11T23:03:37+08:00 ] 180.153.214.200 /zhier/index.php/Fruit/index/index/weiid/oKaufuIIhRuypTR8L80JZrEivgvg/sign/99a5dbef93c78aa88f30b6f22a2eea4a
INFO: [ app_init ] --START--
INFO: Run Behavior\BuildLiteBehavior [ RunTime:0.000014s ]
INFO: [ app_init ] --END-- [ RunTime:0.000264s ]
INFO: [ app_begin ] --START--
INFO: Run Behavior\ReadHtmlCacheBehavior [ RunTime:0.000330s ]
INFO: [ app_begin ] --END-- [ RunTime:0.000373s ]
SQL: SHOW COLUMNS FROM `user` [ RunTime:0.0007s ]
SQL: SELECT * FROM `user` WHERE ( `wei_id`='oKaufuIIhRuypTR8L80JZrEivgvg' )  [ RunTime:0.0002s ]
SQL: UPDATE `user` SET `ltime`='1431356617' WHERE `user_id` = 85 [ RunTime:0.0069s ]
NOTIC: [8] Undefined index: car /opt/lampp/htdocs/zhier/App/Fruit/Controller/IndexController.class.php 第 40 行.
SQL: SHOW COLUMNS FROM `fruit` [ RunTime:0.0006s ]
SQL: SELECT * FROM `fruit` WHERE ( `order`!=0 ) ORDER BY `order` DESC  [ RunTime:0.0003s ]
NOTIC: [8] Undefined index: car /opt/lampp/htdocs/zhier/App/Fruit/Controller/IndexController.class.php 第 48 行.
INFO: [ view_parse ] --START--
INFO: [ template_filter ] --START--
INFO: Run Behavior\ContentReplaceBehavior [ RunTime:0.000041s ]
INFO: [ template_filter ] --END-- [ RunTime:0.000084s ]
INFO: Run Behavior\ParseTemplateBehavior [ RunTime:0.005784s ]
INFO: [ view_parse ] --END-- [ RunTime:0.005826s ]
INFO: [ view_filter ] --START--
INFO: Run Behavior\WriteHtmlCacheBehavior [ RunTime:0.000114s ]
INFO: [ view_filter ] --END-- [ RunTime:0.000149s ]
INFO: [ app_end ] --START--
INFO: Run Behavior\ShowPageTraceBehavior [ RunTime:0.000359s ]
INFO: [ app_end ] --END-- [ RunTime:0.000398s ]

[ 2015-05-11T23:05:08+08:00 ] 112.64.235.249 /zhier/index.php/Fruit/index/index/weiid/oKaufuIIhRuypTR8L80JZrEivgvg/sign/99a5dbef93c78aa88f30b6f22a2eea4a
INFO: [ app_init ] --START--
INFO: Run Behavior\BuildLiteBehavior [ RunTime:0.000017s ]
INFO: [ app_init ] --END-- [ RunTime:0.000318s ]
INFO: [ app_begin ] --START--
INFO: Run Behavior\ReadHtmlCacheBehavior [ RunTime:0.000361s ]
INFO: [ app_begin ] --END-- [ RunTime:0.000409s ]
SQL: SHOW COLUMNS FROM `user` [ RunTime:0.0009s ]
SQL: SELECT * FROM `user` WHERE ( `wei_id`='oKaufuIIhRuypTR8L80JZrEivgvg' )  [ RunTime:0.0003s ]
SQL: UPDATE `user` SET `ltime`='1431356708' WHERE `user_id` = 85 [ RunTime:0.0058s ]
NOTIC: [8] Undefined index: car /opt/lampp/htdocs/zhier/App/Fruit/Controller/IndexController.class.php 第 40 行.
SQL: SHOW COLUMNS FROM `fruit` [ RunTime:0.0006s ]
SQL: SELECT * FROM `fruit` WHERE ( `order`!=0 ) ORDER BY `order` DESC  [ RunTime:0.0003s ]
NOTIC: [8] Undefined index: car /opt/lampp/htdocs/zhier/App/Fruit/Controller/IndexController.class.php 第 48 行.
INFO: [ view_parse ] --START--
INFO: [ template_filter ] --START--
INFO: Run Behavior\ContentReplaceBehavior [ RunTime:0.000046s ]
INFO: [ template_filter ] --END-- [ RunTime:0.000098s ]
INFO: Run Behavior\ParseTemplateBehavior [ RunTime:0.006760s ]
INFO: [ view_parse ] --END-- [ RunTime:0.006817s ]
INFO: [ view_filter ] --START--
INFO: Run Behavior\WriteHtmlCacheBehavior [ RunTime:0.000165s ]
INFO: [ view_filter ] --END-- [ RunTime:0.000210s ]
INFO: [ app_end ] --START--
INFO: Run Behavior\ShowPageTraceBehavior [ RunTime:0.000483s ]
INFO: [ app_end ] --END-- [ RunTime:0.000558s ]

[ 2015-05-11T23:22:40+08:00 ] 222.130.142.22 /zhier/index.php/Fruit/index/index/weiid/oKaufuIIhRuypTR8L80JZrEivgvg/sign/99a5dbef93c78aa88f30b6f22a2eea4a
INFO: [ app_init ] --START--
INFO: Run Behavior\BuildLiteBehavior [ RunTime:0.000016s ]
INFO: [ app_init ] --END-- [ RunTime:0.000333s ]
INFO: [ app_begin ] --START--
INFO: Run Behavior\ReadHtmlCacheBehavior [ RunTime:0.000450s ]
INFO: [ app_begin ] --END-- [ RunTime:0.000516s ]
SQL: SHOW COLUMNS FROM `user` [ RunTime:0.0009s ]
SQL: SELECT * FROM `user` WHERE ( `wei_id`='oKaufuIIhRuypTR8L80JZrEivgvg' )  [ RunTime:0.0003s ]
SQL: UPDATE `user` SET `ltime`='1431357760' WHERE `user_id` = 85 [ RunTime:0.0066s ]
NOTIC: [8] Undefined index: car /opt/lampp/htdocs/zhier/App/Fruit/Controller/IndexController.class.php 第 40 行.
SQL: SHOW COLUMNS FROM `fruit` [ RunTime:0.0011s ]
SQL: SELECT * FROM `fruit` WHERE ( `order`!=0 ) ORDER BY `order` DESC  [ RunTime:0.0004s ]
NOTIC: [8] Undefined index: car /opt/lampp/htdocs/zhier/App/Fruit/Controller/IndexController.class.php 第 48 行.
INFO: [ view_parse ] --START--
INFO: [ template_filter ] --START--
INFO: Run Behavior\ContentReplaceBehavior [ RunTime:0.000044s ]
INFO: [ template_filter ] --END-- [ RunTime:0.000106s ]
INFO: Run Behavior\ParseTemplateBehavior [ RunTime:0.007022s ]
INFO: [ view_parse ] --END-- [ RunTime:0.007099s ]
INFO: [ view_filter ] --START--
INFO: Run Behavior\WriteHtmlCacheBehavior [ RunTime:0.000121s ]
INFO: [ view_filter ] --END-- [ RunTime:0.000157s ]
INFO: [ app_end ] --START--
INFO: Run Behavior\ShowPageTraceBehavior [ RunTime:0.000484s ]
INFO: [ app_end ] --END-- [ RunTime:0.000530s ]

[ 2015-05-11T23:23:12+08:00 ] 222.130.142.22 /zhier/index.php/Fruit/index/index/weiid/oKaufuIIhRuypTR8L80JZrEivgvg/sign/99a5dbef93c78aa88f30b6f22a2eea4a
INFO: [ app_init ] --START--
INFO: Run Behavior\BuildLiteBehavior [ RunTime:0.000017s ]
INFO: [ app_init ] --END-- [ RunTime:0.000298s ]
INFO: [ app_begin ] --START--
INFO: Run Behavior\ReadHtmlCacheBehavior [ RunTime:0.000353s ]
INFO: [ app_begin ] --END-- [ RunTime:0.000397s ]
SQL: SHOW COLUMNS FROM `user` [ RunTime:0.0007s ]
SQL: SELECT * FROM `user` WHERE ( `wei_id`='oKaufuIIhRuypTR8L80JZrEivgvg' )  [ RunTime:0.0003s ]
SQL: UPDATE `user` SET `ltime`='1431357792' WHERE `user_id` = 85 [ RunTime:0.0059s ]
NOTIC: [8] Undefined index: car /opt/lampp/htdocs/zhier/App/Fruit/Controller/IndexController.class.php 第 40 行.
SQL: SHOW COLUMNS FROM `fruit` [ RunTime:0.0006s ]
SQL: SELECT * FROM `fruit` WHERE ( `order`!=0 ) ORDER BY `order` DESC  [ RunTime:0.0002s ]
NOTIC: [8] Undefined index: car /opt/lampp/htdocs/zhier/App/Fruit/Controller/IndexController.class.php 第 48 行.
INFO: [ view_parse ] --START--
INFO: [ template_filter ] --START--
INFO: Run Behavior\ContentReplaceBehavior [ RunTime:0.000040s ]
INFO: [ template_filter ] --END-- [ RunTime:0.000089s ]
INFO: Run Behavior\ParseTemplateBehavior [ RunTime:0.006093s ]
INFO: [ view_parse ] --END-- [ RunTime:0.006145s ]
INFO: [ view_filter ] --START--
INFO: Run Behavior\WriteHtmlCacheBehavior [ RunTime:0.000116s ]
INFO: [ view_filter ] --END-- [ RunTime:0.000151s ]
INFO: [ app_end ] --START--
INFO: Run Behavior\ShowPageTraceBehavior [ RunTime:0.000432s ]
INFO: [ app_end ] --END-- [ RunTime:0.000475s ]

[ 2015-05-11T23:23:48+08:00 ] 222.130.142.22 /zhier/index.php/Fruit/index/index/weiid/oKaufuIIhRuypTR8L80JZrEivgvg/sign/99a5dbef93c78aa88f30b6f22a2eea4a
INFO: [ app_init ] --START--
INFO: Run Behavior\BuildLiteBehavior [ RunTime:0.000014s ]
INFO: [ app_init ] --END-- [ RunTime:0.000335s ]
INFO: [ app_begin ] --START--
INFO: Run Behavior\ReadHtmlCacheBehavior [ RunTime:0.000350s ]
INFO: [ app_begin ] --END-- [ RunTime:0.000395s ]
SQL: SHOW COLUMNS FROM `user` [ RunTime:0.0010s ]
SQL: SELECT * FROM `user` WHERE ( `wei_id`='oKaufuIIhRuypTR8L80JZrEivgvg' )  [ RunTime:0.0003s ]
SQL: UPDATE `user` SET `ltime`='1431357828' WHERE `user_id` = 85 [ RunTime:0.0052s ]
NOTIC: [8] Undefined index: car /opt/lampp/htdocs/zhier/App/Fruit/Controller/IndexController.class.php 第 40 行.
SQL: SHOW COLUMNS FROM `fruit` [ RunTime:0.0006s ]
SQL: SELECT * FROM `fruit` WHERE ( `order`!=0 ) ORDER BY `order` DESC  [ RunTime:0.0003s ]
NOTIC: [8] Undefined index: car /opt/lampp/htdocs/zhier/App/Fruit/Controller/IndexController.class.php 第 48 行.
INFO: [ view_parse ] --START--
INFO: [ template_filter ] --START--
INFO: Run Behavior\ContentReplaceBehavior [ RunTime:0.000051s ]
INFO: [ template_filter ] --END-- [ RunTime:0.000116s ]
INFO: Run Behavior\ParseTemplateBehavior [ RunTime:0.006991s ]
INFO: [ view_parse ] --END-- [ RunTime:0.007071s ]
INFO: [ view_filter ] --START--
INFO: Run Behavior\WriteHtmlCacheBehavior [ RunTime:0.000167s ]
INFO: [ view_filter ] --END-- [ RunTime:0.000229s ]
INFO: [ app_end ] --START--
INFO: Run Behavior\ShowPageTraceBehavior [ RunTime:0.000669s ]
INFO: [ app_end ] --END-- [ RunTime:0.000744s ]

[ 2015-05-11T23:25:55+08:00 ] 222.130.142.22 /zhier/index.php/Fruit/index/index/weiid/oKaufuIIhRuypTR8L80JZrEivgvg/sign/99a5dbef93c78aa88f30b6f22a2eea4a
INFO: [ app_init ] --START--
INFO: Run Behavior\BuildLiteBehavior [ RunTime:0.000014s ]
INFO: [ app_init ] --END-- [ RunTime:0.000283s ]
INFO: [ app_begin ] --START--
INFO: Run Behavior\ReadHtmlCacheBehavior [ RunTime:0.000349s ]
INFO: [ app_begin ] --END-- [ RunTime:0.000391s ]
SQL: SHOW COLUMNS FROM `user` [ RunTime:0.0007s ]
SQL: SELECT * FROM `user` WHERE ( `wei_id`='oKaufuIIhRuypTR8L80JZrEivgvg' )  [ RunTime:0.0003s ]
SQL: UPDATE `user` SET `ltime`='1431357954' WHERE `user_id` = 85 [ RunTime:0.0064s ]
NOTIC: [8] Undefined index: car /opt/lampp/htdocs/zhier/App/Fruit/Controller/IndexController.class.php 第 40 行.
SQL: SHOW COLUMNS FROM `fruit` [ RunTime:0.0006s ]
SQL: SELECT * FROM `fruit` WHERE ( `order`!=0 ) ORDER BY `order` DESC  [ RunTime:0.0003s ]
NOTIC: [8] Undefined index: car /opt/lampp/htdocs/zhier/App/Fruit/Controller/IndexController.class.php 第 48 行.
INFO: [ view_parse ] --START--
INFO: [ template_filter ] --START--
INFO: Run Behavior\ContentReplaceBehavior [ RunTime:0.000041s ]
INFO: [ template_filter ] --END-- [ RunTime:0.000086s ]
INFO: Run Behavior\ParseTemplateBehavior [ RunTime:0.005961s ]
INFO: [ view_parse ] --END-- [ RunTime:0.006006s ]
INFO: [ view_filter ] --START--
INFO: Run Behavior\WriteHtmlCacheBehavior [ RunTime:0.000116s ]
INFO: [ view_filter ] --END-- [ RunTime:0.000151s ]
INFO: [ app_end ] --START--
INFO: Run Behavior\ShowPageTraceBehavior [ RunTime:0.000361s ]
INFO: [ app_end ] --END-- [ RunTime:0.000399s ]

