[ 2015-07-26T08:55:09+08:00 ] 117.136.77.20 /zhier/index.php/Fruit/Index/location.html
INFO: [ app_init ] --START--
INFO: Run Behavior\BuildLiteBehavior [ RunTime:0.000022s ]
INFO: [ app_init ] --END-- [ RunTime:0.000145s ]
INFO: [ app_begin ] --START--
INFO: Run Behavior\ReadHtmlCacheBehavior [ RunTime:0.000062s ]
INFO: [ app_begin ] --END-- [ RunTime:0.000160s ]
NOTIC: [8] Undefined index: user /var/www/zhier/App/Fruit/Controller/IndexController.class.php 第 10 行.
SQL: SHOW COLUMNS FROM `user` [ RunTime:0.0006s ]
SQL: SELECT * FROM `user` WHERE ( `wei_id`='oWeLOvqou_iIylrAoyMl2eKRK_WQ' )  [ RunTime:0.0001s ]
SQL: INSERT INTO `user` (`wei_id`,`ctime`,`ltime`,`name`,`face`) VALUES ('oWeLOvqou_iIylrAoyMl2eKRK_WQ','1437872109','1437872109','Joseph K','http://wx.qlogo.cn/mmopen/rjdt7ddDxvR9k3EQDImPwdnmh6qahUllGMibn75qkvPU0PKUqaJc2V0QjJKBKqU4e9NAvLK9xzO0zTYNSY7KxoDEdyJB9ltYL/0') [ RunTime:0.0852s ]
SQL: SELECT * FROM `user` WHERE ( `wei_id`='oWeLOvqou_iIylrAoyMl2eKRK_WQ' )  [ RunTime:0.0002s ]
SQL: SHOW COLUMNS FROM `user_address` [ RunTime:0.0005s ]
SQL: INSERT INTO `user_address` (`user_id`,`name`) VALUES ('142','Joseph K') [ RunTime:0.0057s ]
NOTIC: [8] Undefined index: carnum /var/www/zhier/App/Fruit/Controller/IndexController.class.php 第 56 行.
NOTIC: [8] Undefined index: car /var/www/zhier/App/Fruit/Controller/IndexController.class.php 第 57 行.
NOTIC: [8] Undefined index: car /var/www/zhier/App/Fruit/Controller/IndexController.class.php 第 62 行.
NOTIC: [2] Invalid argument supplied for foreach() /var/www/zhier/App/Fruit/Controller/IndexController.class.php 第 62 行.
INFO: [ view_parse ] --START--
INFO: [ template_filter ] --START--
INFO: Run Behavior\ContentReplaceBehavior [ RunTime:0.000054s ]
INFO: [ template_filter ] --END-- [ RunTime:0.000157s ]
INFO: Run Behavior\ParseTemplateBehavior [ RunTime:0.016836s ]
INFO: [ view_parse ] --END-- [ RunTime:0.016935s ]
INFO: [ view_filter ] --START--
INFO: Run Behavior\WriteHtmlCacheBehavior [ RunTime:0.000070s ]
INFO: [ view_filter ] --END-- [ RunTime:0.000158s ]
INFO: [ app_end ] --START--
INFO: Run Behavior\ShowPageTraceBehavior [ RunTime:0.000075s ]
INFO: [ app_end ] --END-- [ RunTime:0.000164s ]

[ 2015-07-26T08:55:23+08:00 ] 117.136.77.20 /zhier/index.php/Fruit/Index/index
INFO: [ app_init ] --START--
INFO: Run Behavior\BuildLiteBehavior [ RunTime:0.000027s ]
INFO: [ app_init ] --END-- [ RunTime:0.000185s ]
INFO: [ app_begin ] --START--
INFO: Run Behavior\ReadHtmlCacheBehavior [ RunTime:0.000075s ]
INFO: [ app_begin ] --END-- [ RunTime:0.000172s ]
NOTIC: [8] Undefined index: car /var/www/zhier/App/Fruit/Controller/IndexController.class.php 第 57 行.
NOTIC: [8] Undefined index: car /var/www/zhier/App/Fruit/Controller/IndexController.class.php 第 62 行.
NOTIC: [2] Invalid argument supplied for foreach() /var/www/zhier/App/Fruit/Controller/IndexController.class.php 第 62 行.
SQL: SHOW COLUMNS FROM `fruit_type` [ RunTime:0.0006s ]
SQL: SELECT * FROM `fruit_type` ORDER BY `order` DESC  [ RunTime:0.0001s ]
SQL: SHOW COLUMNS FROM `fruit` [ RunTime:0.0007s ]
SQL: SELECT * FROM `fruit` WHERE ( `order`!=0 AND  `recommend`=1   ) ORDER BY `order` DESC  [ RunTime:0.0001s ]
INFO: [ view_parse ] --START--
INFO: [ template_filter ] --START--
INFO: Run Behavior\ContentReplaceBehavior [ RunTime:0.000062s ]
INFO: [ template_filter ] --END-- [ RunTime:0.000157s ]
INFO: Run Behavior\ParseTemplateBehavior [ RunTime:0.007533s ]
INFO: [ view_parse ] --END-- [ RunTime:0.007632s ]
INFO: [ view_filter ] --START--
INFO: Run Behavior\WriteHtmlCacheBehavior [ RunTime:0.000072s ]
INFO: [ view_filter ] --END-- [ RunTime:0.000160s ]
INFO: [ app_end ] --START--
INFO: Run Behavior\ShowPageTraceBehavior [ RunTime:0.000075s ]
INFO: [ app_end ] --END-- [ RunTime:0.000165s ]

[ 2015-07-26T08:55:24+08:00 ] 117.136.77.20 /zhier/index.php/Fruit/Index/index
INFO: [ app_init ] --START--
INFO: Run Behavior\BuildLiteBehavior [ RunTime:0.000027s ]
INFO: [ app_init ] --END-- [ RunTime:0.000207s ]
INFO: [ app_begin ] --START--
INFO: Run Behavior\ReadHtmlCacheBehavior [ RunTime:0.000069s ]
INFO: [ app_begin ] --END-- [ RunTime:0.000167s ]
NOTIC: [8] Undefined index: car /var/www/zhier/App/Fruit/Controller/IndexController.class.php 第 57 行.
NOTIC: [8] Undefined index: car /var/www/zhier/App/Fruit/Controller/IndexController.class.php 第 62 行.
NOTIC: [2] Invalid argument supplied for foreach() /var/www/zhier/App/Fruit/Controller/IndexController.class.php 第 62 行.
SQL: SHOW COLUMNS FROM `fruit_type` [ RunTime:0.0006s ]
SQL: SELECT * FROM `fruit_type` ORDER BY `order` DESC  [ RunTime:0.0001s ]
SQL: SHOW COLUMNS FROM `fruit` [ RunTime:0.0007s ]
SQL: SELECT * FROM `fruit` WHERE ( `order`!=0 AND  `recommend`=1   ) ORDER BY `order` DESC  [ RunTime:0.0001s ]
INFO: [ view_parse ] --START--
INFO: [ template_filter ] --START--
INFO: Run Behavior\ContentReplaceBehavior [ RunTime:0.000062s ]
INFO: [ template_filter ] --END-- [ RunTime:0.000165s ]
INFO: Run Behavior\ParseTemplateBehavior [ RunTime:0.007613s ]
INFO: [ view_parse ] --END-- [ RunTime:0.007718s ]
INFO: [ view_filter ] --START--
INFO: Run Behavior\WriteHtmlCacheBehavior [ RunTime:0.000065s ]
INFO: [ view_filter ] --END-- [ RunTime:0.000153s ]
INFO: [ app_end ] --START--
INFO: Run Behavior\ShowPageTraceBehavior [ RunTime:0.000067s ]
INFO: [ app_end ] --END-- [ RunTime:0.000157s ]

[ 2015-07-26T08:55:29+08:00 ] 117.136.77.20 /zhier/index.php/Fruit/Index/detail/id/5
INFO: [ app_init ] --START--
INFO: Run Behavior\BuildLiteBehavior [ RunTime:0.000030s ]
INFO: [ app_init ] --END-- [ RunTime:0.000255s ]
INFO: [ app_begin ] --START--
INFO: Run Behavior\ReadHtmlCacheBehavior [ RunTime:0.000075s ]
INFO: [ app_begin ] --END-- [ RunTime:0.000178s ]
NOTIC: [8] Undefined index: car /var/www/zhier/App/Fruit/Controller/IndexController.class.php 第 57 行.
NOTIC: [8] Undefined index: car /var/www/zhier/App/Fruit/Controller/IndexController.class.php 第 62 行.
NOTIC: [2] Invalid argument supplied for foreach() /var/www/zhier/App/Fruit/Controller/IndexController.class.php 第 62 行.
SQL: SHOW COLUMNS FROM `fruit` [ RunTime:0.0009s ]
SQL: SELECT * FROM `fruit` WHERE ( fruit_id=5 )  [ RunTime:0.0001s ]
SQL: SHOW COLUMNS FROM `fruit_addinfo` [ RunTime:0.0004s ]
SQL: SELECT * FROM `fruit_addinfo` WHERE ( `fruit_id`='5' AND `display_order`!=0 ) ORDER BY display_order desc  [ RunTime:0.0001s ]
SQL: SHOW COLUMNS FROM `order_detail` [ RunTime:0.0005s ]
SQL: SELECT count(1) comments FROM `order_detail` WHERE ( fruit_id=5 and commend!='0' )  [ RunTime:0.0001s ]
INFO: [ view_parse ] --START--
INFO: [ template_filter ] --START--
INFO: Run Behavior\ContentReplaceBehavior [ RunTime:0.000074s ]
INFO: [ template_filter ] --END-- [ RunTime:0.000179s ]
INFO: Run Behavior\ParseTemplateBehavior [ RunTime:0.016274s ]
INFO: [ view_parse ] --END-- [ RunTime:0.016379s ]
INFO: [ view_filter ] --START--
INFO: Run Behavior\WriteHtmlCacheBehavior [ RunTime:0.000073s ]
INFO: [ view_filter ] --END-- [ RunTime:0.000161s ]
INFO: [ app_end ] --START--
INFO: Run Behavior\ShowPageTraceBehavior [ RunTime:0.000074s ]
INFO: [ app_end ] --END-- [ RunTime:0.000165s ]

[ 2015-07-26T15:50:22+08:00 ] 223.247.34.18 /zhier/index.php/Fruit/Index/location.html
INFO: [ app_init ] --START--
INFO: Run Behavior\BuildLiteBehavior [ RunTime:0.000022s ]
INFO: [ app_init ] --END-- [ RunTime:0.000150s ]
INFO: [ app_begin ] --START--
INFO: Run Behavior\ReadHtmlCacheBehavior [ RunTime:0.000065s ]
INFO: [ app_begin ] --END-- [ RunTime:0.000165s ]
NOTIC: [8] Undefined index: user /var/www/zhier/App/Fruit/Controller/IndexController.class.php 第 10 行.
SQL: SHOW COLUMNS FROM `user` [ RunTime:0.0006s ]
SQL: SELECT * FROM `user` WHERE ( `wei_id`='oWeLOvrvg45FvMxQbUA4ZhZXJSHE' )  [ RunTime:0.0001s ]
SQL: UPDATE `user` SET `ltime`='1437897022' WHERE `user_id` = 134 [ RunTime:0.0192s ]
NOTIC: [8] Undefined index: carnum /var/www/zhier/App/Fruit/Controller/IndexController.class.php 第 56 行.
NOTIC: [8] Undefined index: car /var/www/zhier/App/Fruit/Controller/IndexController.class.php 第 57 行.
NOTIC: [8] Undefined index: car /var/www/zhier/App/Fruit/Controller/IndexController.class.php 第 62 行.
NOTIC: [2] Invalid argument supplied for foreach() /var/www/zhier/App/Fruit/Controller/IndexController.class.php 第 62 行.
INFO: [ view_parse ] --START--
INFO: [ template_filter ] --START--
INFO: Run Behavior\ContentReplaceBehavior [ RunTime:0.000052s ]
INFO: [ template_filter ] --END-- [ RunTime:0.000155s ]
INFO: Run Behavior\ParseTemplateBehavior [ RunTime:0.002508s ]
INFO: [ view_parse ] --END-- [ RunTime:0.002624s ]
INFO: [ view_filter ] --START--
INFO: Run Behavior\WriteHtmlCacheBehavior [ RunTime:0.000070s ]
INFO: [ view_filter ] --END-- [ RunTime:0.000162s ]
INFO: [ app_end ] --START--
INFO: Run Behavior\ShowPageTraceBehavior [ RunTime:0.000073s ]
INFO: [ app_end ] --END-- [ RunTime:0.000162s ]

[ 2015-07-26T15:50:27+08:00 ] 223.247.34.18 /zhier/index.php/fruit/index/location/keyword/y
INFO: [ app_init ] --START--
INFO: Run Behavior\BuildLiteBehavior [ RunTime:0.000025s ]
INFO: [ app_init ] --END-- [ RunTime:0.000170s ]
INFO: [ app_begin ] --START--
INFO: Run Behavior\ReadHtmlCacheBehavior [ RunTime:0.000067s ]
INFO: [ app_begin ] --END-- [ RunTime:0.000147s ]
NOTIC: [8] Undefined index: car /var/www/zhier/App/Fruit/Controller/IndexController.class.php 第 57 行.
NOTIC: [8] Undefined index: car /var/www/zhier/App/Fruit/Controller/IndexController.class.php 第 62 行.
NOTIC: [2] Invalid argument supplied for foreach() /var/www/zhier/App/Fruit/Controller/IndexController.class.php 第 62 行.
SQL: SHOW COLUMNS FROM `location_office` [ RunTime:0.0007s ]
SQL: SELECT * FROM `location_office` WHERE ( `search_word` LIKE '%y%' ) LIMIT 3   [ RunTime:0.0001s ]

[ 2015-07-26T15:50:28+08:00 ] 223.247.34.18 /zhier/index.php/fruit/index/location/keyword/yi
INFO: [ app_init ] --START--
INFO: Run Behavior\BuildLiteBehavior [ RunTime:0.000022s ]
INFO: [ app_init ] --END-- [ RunTime:0.000141s ]
INFO: [ app_begin ] --START--
INFO: Run Behavior\ReadHtmlCacheBehavior [ RunTime:0.000058s ]
INFO: [ app_begin ] --END-- [ RunTime:0.000137s ]
NOTIC: [8] Undefined index: car /var/www/zhier/App/Fruit/Controller/IndexController.class.php 第 57 行.
NOTIC: [8] Undefined index: car /var/www/zhier/App/Fruit/Controller/IndexController.class.php 第 62 行.
NOTIC: [2] Invalid argument supplied for foreach() /var/www/zhier/App/Fruit/Controller/IndexController.class.php 第 62 行.
SQL: SHOW COLUMNS FROM `location_office` [ RunTime:0.0018s ]
SQL: SELECT * FROM `location_office` WHERE ( `search_word` LIKE '%yi%' ) LIMIT 3   [ RunTime:0.0002s ]

[ 2015-07-26T15:50:28+08:00 ] 223.247.34.18 /zhier/index.php/fruit/index/location/keyword/yin
INFO: [ app_init ] --START--
INFO: Run Behavior\BuildLiteBehavior [ RunTime:0.000023s ]
INFO: [ app_init ] --END-- [ RunTime:0.000165s ]
INFO: [ app_begin ] --START--
INFO: Run Behavior\ReadHtmlCacheBehavior [ RunTime:0.000060s ]
INFO: [ app_begin ] --END-- [ RunTime:0.000139s ]
NOTIC: [8] Undefined index: car /var/www/zhier/App/Fruit/Controller/IndexController.class.php 第 57 行.
NOTIC: [8] Undefined index: car /var/www/zhier/App/Fruit/Controller/IndexController.class.php 第 62 行.
NOTIC: [2] Invalid argument supplied for foreach() /var/www/zhier/App/Fruit/Controller/IndexController.class.php 第 62 行.
SQL: SHOW COLUMNS FROM `location_office` [ RunTime:0.0006s ]
SQL: SELECT * FROM `location_office` WHERE ( `search_word` LIKE '%yin%' ) LIMIT 3   [ RunTime:0.0001s ]

[ 2015-07-26T15:50:28+08:00 ] 223.247.34.18 /zhier/index.php/fruit/index/location/keyword/yint
INFO: [ app_init ] --START--
INFO: Run Behavior\BuildLiteBehavior [ RunTime:0.000030s ]
INFO: [ app_init ] --END-- [ RunTime:0.000163s ]
INFO: [ app_begin ] --START--
INFO: Run Behavior\ReadHtmlCacheBehavior [ RunTime:0.000060s ]
INFO: [ app_begin ] --END-- [ RunTime:0.000144s ]
NOTIC: [8] Undefined index: car /var/www/zhier/App/Fruit/Controller/IndexController.class.php 第 57 行.
NOTIC: [8] Undefined index: car /var/www/zhier/App/Fruit/Controller/IndexController.class.php 第 62 行.
NOTIC: [2] Invalid argument supplied for foreach() /var/www/zhier/App/Fruit/Controller/IndexController.class.php 第 62 行.
SQL: SHOW COLUMNS FROM `location_office` [ RunTime:0.0005s ]
SQL: SELECT * FROM `location_office` WHERE ( `search_word` LIKE '%yint%' ) LIMIT 3   [ RunTime:0.0002s ]

[ 2015-07-26T15:50:31+08:00 ] 223.247.34.18 /zhier/index.php/fruit/index/location/keyword/%E9%93%B6%E6%B3%B0
INFO: [ app_init ] --START--
INFO: Run Behavior\BuildLiteBehavior [ RunTime:0.000024s ]
INFO: [ app_init ] --END-- [ RunTime:0.000169s ]
INFO: [ app_begin ] --START--
INFO: Run Behavior\ReadHtmlCacheBehavior [ RunTime:0.000067s ]
INFO: [ app_begin ] --END-- [ RunTime:0.000149s ]
NOTIC: [8] Undefined index: car /var/www/zhier/App/Fruit/Controller/IndexController.class.php 第 57 行.
NOTIC: [8] Undefined index: car /var/www/zhier/App/Fruit/Controller/IndexController.class.php 第 62 行.
NOTIC: [2] Invalid argument supplied for foreach() /var/www/zhier/App/Fruit/Controller/IndexController.class.php 第 62 行.
SQL: SHOW COLUMNS FROM `location_office` [ RunTime:0.0007s ]
SQL: SELECT * FROM `location_office` WHERE ( `search_word` LIKE '%银泰%' ) LIMIT 3   [ RunTime:0.0003s ]

[ 2015-07-26T15:50:34+08:00 ] 223.247.34.18 /zhier/index.php/fruit/index/index/office_id/20
INFO: [ app_init ] --START--
INFO: Run Behavior\BuildLiteBehavior [ RunTime:0.000025s ]
INFO: [ app_init ] --END-- [ RunTime:0.000172s ]
INFO: [ app_begin ] --START--
INFO: Run Behavior\ReadHtmlCacheBehavior [ RunTime:0.000069s ]
INFO: [ app_begin ] --END-- [ RunTime:0.000166s ]
NOTIC: [8] Undefined index: car /var/www/zhier/App/Fruit/Controller/IndexController.class.php 第 57 行.
NOTIC: [8] Undefined index: car /var/www/zhier/App/Fruit/Controller/IndexController.class.php 第 62 行.
NOTIC: [2] Invalid argument supplied for foreach() /var/www/zhier/App/Fruit/Controller/IndexController.class.php 第 62 行.
SQL: SHOW COLUMNS FROM `fruit_type` [ RunTime:0.0006s ]
SQL: SELECT * FROM `fruit_type` ORDER BY `order` DESC  [ RunTime:0.0001s ]
SQL: SHOW COLUMNS FROM `fruit` [ RunTime:0.0007s ]
SQL: SELECT * FROM `fruit` WHERE ( `order`!=0 AND  `recommend`=1   ) ORDER BY `order` DESC  [ RunTime:0.0001s ]
INFO: [ view_parse ] --START--
INFO: [ template_filter ] --START--
INFO: Run Behavior\ContentReplaceBehavior [ RunTime:0.000065s ]
INFO: [ template_filter ] --END-- [ RunTime:0.000170s ]
INFO: Run Behavior\ParseTemplateBehavior [ RunTime:0.007264s ]
INFO: [ view_parse ] --END-- [ RunTime:0.007365s ]
INFO: [ view_filter ] --START--
INFO: Run Behavior\WriteHtmlCacheBehavior [ RunTime:0.000064s ]
INFO: [ view_filter ] --END-- [ RunTime:0.000201s ]
INFO: [ app_end ] --START--
INFO: Run Behavior\ShowPageTraceBehavior [ RunTime:0.000065s ]
INFO: [ app_end ] --END-- [ RunTime:0.000154s ]

[ 2015-07-26T15:50:43+08:00 ] 223.247.34.18 /zhier/index.php/Fruit/Index/detail/id/5
INFO: [ app_init ] --START--
INFO: Run Behavior\BuildLiteBehavior [ RunTime:0.000027s ]
INFO: [ app_init ] --END-- [ RunTime:0.000185s ]
INFO: [ app_begin ] --START--
INFO: Run Behavior\ReadHtmlCacheBehavior [ RunTime:0.000076s ]
INFO: [ app_begin ] --END-- [ RunTime:0.000174s ]
NOTIC: [8] Undefined index: car /var/www/zhier/App/Fruit/Controller/IndexController.class.php 第 57 行.
NOTIC: [8] Undefined index: car /var/www/zhier/App/Fruit/Controller/IndexController.class.php 第 62 行.
NOTIC: [2] Invalid argument supplied for foreach() /var/www/zhier/App/Fruit/Controller/IndexController.class.php 第 62 行.
SQL: SHOW COLUMNS FROM `fruit` [ RunTime:0.0010s ]
SQL: SELECT * FROM `fruit` WHERE ( fruit_id=5 )  [ RunTime:0.0001s ]
SQL: SHOW COLUMNS FROM `fruit_addinfo` [ RunTime:0.0004s ]
SQL: SELECT * FROM `fruit_addinfo` WHERE ( `fruit_id`='5' AND `display_order`!=0 ) ORDER BY display_order desc  [ RunTime:0.0001s ]
SQL: SHOW COLUMNS FROM `order_detail` [ RunTime:0.0005s ]
SQL: SELECT count(1) comments FROM `order_detail` WHERE ( fruit_id=5 and commend!='0' )  [ RunTime:0.0001s ]
INFO: [ view_parse ] --START--
INFO: [ template_filter ] --START--
INFO: Run Behavior\ContentReplaceBehavior [ RunTime:0.000070s ]
INFO: [ template_filter ] --END-- [ RunTime:0.000168s ]
INFO: Run Behavior\ParseTemplateBehavior [ RunTime:0.006358s ]
INFO: [ view_parse ] --END-- [ RunTime:0.006459s ]
INFO: [ view_filter ] --START--
INFO: Run Behavior\WriteHtmlCacheBehavior [ RunTime:0.000073s ]
INFO: [ view_filter ] --END-- [ RunTime:0.000160s ]
INFO: [ app_end ] --START--
INFO: Run Behavior\ShowPageTraceBehavior [ RunTime:0.000075s ]
INFO: [ app_end ] --END-- [ RunTime:0.000165s ]

[ 2015-07-26T15:50:48+08:00 ] 223.247.34.18 /zhier/index.php/fruit/index/commonlist/id/5
INFO: [ app_init ] --START--
INFO: Run Behavior\BuildLiteBehavior [ RunTime:0.000025s ]
INFO: [ app_init ] --END-- [ RunTime:0.000175s ]
INFO: [ app_begin ] --START--
INFO: Run Behavior\ReadHtmlCacheBehavior [ RunTime:0.000066s ]
INFO: [ app_begin ] --END-- [ RunTime:0.000148s ]
NOTIC: [8] Undefined index: car /var/www/zhier/App/Fruit/Controller/IndexController.class.php 第 57 行.
NOTIC: [8] Undefined index: car /var/www/zhier/App/Fruit/Controller/IndexController.class.php 第 62 行.
NOTIC: [2] Invalid argument supplied for foreach() /var/www/zhier/App/Fruit/Controller/IndexController.class.php 第 62 行.
SQL: SHOW COLUMNS FROM `order_detail` [ RunTime:0.0008s ]
SQL: SELECT * FROM `order_detail` LEFT JOIN `order` ON order.order_id=order_detail.order_id  WHERE ( `fruit_id`='5' AND `commend`!='0' ) ORDER BY 	order_detail_id desc  [ RunTime:0.0005s ]
SQL: SHOW COLUMNS FROM `fruit` [ RunTime:0.0007s ]
SQL: SELECT * FROM `fruit` WHERE ( `fruit_id`='5' )  [ RunTime:0.0196s ]
INFO: [ view_parse ] --START--
INFO: [ template_filter ] --START--
INFO: Run Behavior\ContentReplaceBehavior [ RunTime:0.000057s ]
INFO: [ template_filter ] --END-- [ RunTime:0.000137s ]
INFO: Run Behavior\ParseTemplateBehavior [ RunTime:0.018348s ]
INFO: [ view_parse ] --END-- [ RunTime:0.018435s ]
INFO: [ view_filter ] --START--
INFO: Run Behavior\WriteHtmlCacheBehavior [ RunTime:0.000066s ]
INFO: [ view_filter ] --END-- [ RunTime:0.000140s ]
INFO: [ app_end ] --START--
INFO: Run Behavior\ShowPageTraceBehavior [ RunTime:0.000056s ]
INFO: [ app_end ] --END-- [ RunTime:0.000132s ]

[ 2015-07-26T15:50:58+08:00 ] 223.247.34.18 /zhier/index.php/fruit/index/commonlist/id/5
INFO: [ app_init ] --START--
INFO: Run Behavior\BuildLiteBehavior [ RunTime:0.000025s ]
INFO: [ app_init ] --END-- [ RunTime:0.000178s ]
INFO: [ app_begin ] --START--
INFO: Run Behavior\ReadHtmlCacheBehavior [ RunTime:0.000070s ]
INFO: [ app_begin ] --END-- [ RunTime:0.000151s ]
NOTIC: [8] Undefined index: car /var/www/zhier/App/Fruit/Controller/IndexController.class.php 第 57 行.
NOTIC: [8] Undefined index: car /var/www/zhier/App/Fruit/Controller/IndexController.class.php 第 62 行.
NOTIC: [2] Invalid argument supplied for foreach() /var/www/zhier/App/Fruit/Controller/IndexController.class.php 第 62 行.
SQL: SHOW COLUMNS FROM `order_detail` [ RunTime:0.0008s ]
SQL: SELECT * FROM `order_detail` LEFT JOIN `order` ON order.order_id=order_detail.order_id  WHERE ( `fruit_id`='5' AND `commend`!='0' ) ORDER BY 	order_detail_id desc  [ RunTime:0.0001s ]
SQL: SHOW COLUMNS FROM `fruit` [ RunTime:0.0007s ]
SQL: SELECT * FROM `fruit` WHERE ( `fruit_id`='5' )  [ RunTime:0.0001s ]
INFO: [ view_parse ] --START--
INFO: [ template_filter ] --START--
INFO: Run Behavior\ContentReplaceBehavior [ RunTime:0.000057s ]
INFO: [ template_filter ] --END-- [ RunTime:0.000145s ]
INFO: Run Behavior\ParseTemplateBehavior [ RunTime:0.004392s ]
INFO: [ view_parse ] --END-- [ RunTime:0.004478s ]
INFO: [ view_filter ] --START--
INFO: Run Behavior\WriteHtmlCacheBehavior [ RunTime:0.000066s ]
INFO: [ view_filter ] --END-- [ RunTime:0.000140s ]
INFO: [ app_end ] --START--
INFO: Run Behavior\ShowPageTraceBehavior [ RunTime:0.000056s ]
INFO: [ app_end ] --END-- [ RunTime:0.000130s ]

[ 2015-07-26T15:51:05+08:00 ] 223.247.34.18 /zhier/index.php/Fruit/Index/detail/id/9
INFO: [ app_init ] --START--
INFO: Run Behavior\BuildLiteBehavior [ RunTime:0.000027s ]
INFO: [ app_init ] --END-- [ RunTime:0.000183s ]
INFO: [ app_begin ] --START--
INFO: Run Behavior\ReadHtmlCacheBehavior [ RunTime:0.000076s ]
INFO: [ app_begin ] --END-- [ RunTime:0.000173s ]
NOTIC: [8] Undefined index: car /var/www/zhier/App/Fruit/Controller/IndexController.class.php 第 57 行.
NOTIC: [8] Undefined index: car /var/www/zhier/App/Fruit/Controller/IndexController.class.php 第 62 行.
NOTIC: [2] Invalid argument supplied for foreach() /var/www/zhier/App/Fruit/Controller/IndexController.class.php 第 62 行.
SQL: SHOW COLUMNS FROM `fruit` [ RunTime:0.0011s ]
SQL: SELECT * FROM `fruit` WHERE ( fruit_id=9 )  [ RunTime:0.0001s ]
SQL: SHOW COLUMNS FROM `fruit_addinfo` [ RunTime:0.0004s ]
SQL: SELECT * FROM `fruit_addinfo` WHERE ( `fruit_id`='9' AND `display_order`!=0 ) ORDER BY display_order desc  [ RunTime:0.0001s ]
SQL: SHOW COLUMNS FROM `order_detail` [ RunTime:0.0005s ]
SQL: SELECT count(1) comments FROM `order_detail` WHERE ( fruit_id=9 and commend!='0' )  [ RunTime:0.0001s ]
INFO: [ view_parse ] --START--
INFO: [ template_filter ] --START--
INFO: Run Behavior\ContentReplaceBehavior [ RunTime:0.000068s ]
INFO: [ template_filter ] --END-- [ RunTime:0.000166s ]
INFO: Run Behavior\ParseTemplateBehavior [ RunTime:0.006314s ]
INFO: [ view_parse ] --END-- [ RunTime:0.006414s ]
INFO: [ view_filter ] --START--
INFO: Run Behavior\WriteHtmlCacheBehavior [ RunTime:0.000071s ]
INFO: [ view_filter ] --END-- [ RunTime:0.000160s ]
INFO: [ app_end ] --START--
INFO: Run Behavior\ShowPageTraceBehavior [ RunTime:0.000069s ]
INFO: [ app_end ] --END-- [ RunTime:0.000158s ]

[ 2015-07-26T15:51:08+08:00 ] 223.247.34.18 /zhier/index.php/fruit/index/commonlist/id/9
INFO: [ app_init ] --START--
INFO: Run Behavior\BuildLiteBehavior [ RunTime:0.000024s ]
INFO: [ app_init ] --END-- [ RunTime:0.000173s ]
INFO: [ app_begin ] --START--
INFO: Run Behavior\ReadHtmlCacheBehavior [ RunTime:0.000066s ]
INFO: [ app_begin ] --END-- [ RunTime:0.000148s ]
NOTIC: [8] Undefined index: car /var/www/zhier/App/Fruit/Controller/IndexController.class.php 第 57 行.
NOTIC: [8] Undefined index: car /var/www/zhier/App/Fruit/Controller/IndexController.class.php 第 62 行.
NOTIC: [2] Invalid argument supplied for foreach() /var/www/zhier/App/Fruit/Controller/IndexController.class.php 第 62 行.
SQL: SHOW COLUMNS FROM `order_detail` [ RunTime:0.0008s ]
SQL: SELECT * FROM `order_detail` LEFT JOIN `order` ON order.order_id=order_detail.order_id  WHERE ( `fruit_id`='9' AND `commend`!='0' ) ORDER BY 	order_detail_id desc  [ RunTime:0.0005s ]
SQL: SHOW COLUMNS FROM `fruit` [ RunTime:0.0007s ]
SQL: SELECT * FROM `fruit` WHERE ( `fruit_id`='9' )  [ RunTime:0.0002s ]
INFO: [ view_parse ] --START--
INFO: [ template_filter ] --START--
INFO: Run Behavior\ContentReplaceBehavior [ RunTime:0.000057s ]
INFO: [ template_filter ] --END-- [ RunTime:0.000138s ]
INFO: Run Behavior\ParseTemplateBehavior [ RunTime:0.004313s ]
INFO: [ view_parse ] --END-- [ RunTime:0.004399s ]
INFO: [ view_filter ] --START--
INFO: Run Behavior\WriteHtmlCacheBehavior [ RunTime:0.000066s ]
INFO: [ view_filter ] --END-- [ RunTime:0.000140s ]
INFO: [ app_end ] --START--
INFO: Run Behavior\ShowPageTraceBehavior [ RunTime:0.000055s ]
INFO: [ app_end ] --END-- [ RunTime:0.000130s ]

[ 2015-07-26T15:51:55+08:00 ] 223.247.34.18 /zhier/index.php/Fruit/Index/location.html
INFO: [ app_init ] --START--
INFO: Run Behavior\BuildLiteBehavior [ RunTime:0.000022s ]
INFO: [ app_init ] --END-- [ RunTime:0.000141s ]
INFO: [ app_begin ] --START--
INFO: Run Behavior\ReadHtmlCacheBehavior [ RunTime:0.000059s ]
INFO: [ app_begin ] --END-- [ RunTime:0.000155s ]
NOTIC: [8] Undefined index: car /var/www/zhier/App/Fruit/Controller/IndexController.class.php 第 57 行.
NOTIC: [8] Undefined index: car /var/www/zhier/App/Fruit/Controller/IndexController.class.php 第 62 行.
NOTIC: [2] Invalid argument supplied for foreach() /var/www/zhier/App/Fruit/Controller/IndexController.class.php 第 62 行.
INFO: [ view_parse ] --START--
INFO: [ template_filter ] --START--
INFO: Run Behavior\ContentReplaceBehavior [ RunTime:0.000050s ]
INFO: [ template_filter ] --END-- [ RunTime:0.000144s ]
INFO: Run Behavior\ParseTemplateBehavior [ RunTime:0.002115s ]
INFO: [ view_parse ] --END-- [ RunTime:0.002216s ]
INFO: [ view_filter ] --START--
INFO: Run Behavior\WriteHtmlCacheBehavior [ RunTime:0.000058s ]
INFO: [ view_filter ] --END-- [ RunTime:0.000147s ]
INFO: [ app_end ] --START--
INFO: Run Behavior\ShowPageTraceBehavior [ RunTime:0.000057s ]
INFO: [ app_end ] --END-- [ RunTime:0.000145s ]

[ 2015-07-26T15:51:55+08:00 ] 101.226.66.191 /zhier/index.php/Fruit/Index/location.html
INFO: [ app_init ] --START--
INFO: Run Behavior\BuildLiteBehavior [ RunTime:0.000024s ]
INFO: [ app_init ] --END-- [ RunTime:0.000160s ]
INFO: [ app_begin ] --START--
INFO: Run Behavior\ReadHtmlCacheBehavior [ RunTime:0.000061s ]
INFO: [ app_begin ] --END-- [ RunTime:0.000158s ]
NOTIC: [8] Undefined index: user /var/www/zhier/App/Fruit/Controller/IndexController.class.php 第 44 行.
NOTIC: [8] Undefined index: hasJumped /var/www/zhier/App/Fruit/Controller/IndexController.class.php 第 44 行.
NOTIC: [8] Undefined index: carnum /var/www/zhier/App/Fruit/Controller/IndexController.class.php 第 56 行.
NOTIC: [8] Undefined index: car /var/www/zhier/App/Fruit/Controller/IndexController.class.php 第 57 行.
NOTIC: [8] Undefined index: car /var/www/zhier/App/Fruit/Controller/IndexController.class.php 第 62 行.
NOTIC: [2] Invalid argument supplied for foreach() /var/www/zhier/App/Fruit/Controller/IndexController.class.php 第 62 行.
INFO: [ view_parse ] --START--
INFO: [ template_filter ] --START--
INFO: Run Behavior\ContentReplaceBehavior [ RunTime:0.000050s ]
INFO: [ template_filter ] --END-- [ RunTime:0.000143s ]
INFO: Run Behavior\ParseTemplateBehavior [ RunTime:0.002037s ]
INFO: [ view_parse ] --END-- [ RunTime:0.002140s ]
INFO: [ view_filter ] --START--
INFO: Run Behavior\WriteHtmlCacheBehavior [ RunTime:0.000059s ]
INFO: [ view_filter ] --END-- [ RunTime:0.000146s ]
INFO: [ app_end ] --START--
INFO: Run Behavior\ShowPageTraceBehavior [ RunTime:0.000061s ]
INFO: [ app_end ] --END-- [ RunTime:0.000199s ]

[ 2015-07-26T16:05:29+08:00 ] 101.226.51.227 /zhier/index.php/Fruit/Index/location.html
INFO: [ app_init ] --START--
INFO: Run Behavior\BuildLiteBehavior [ RunTime:0.000025s ]
INFO: [ app_init ] --END-- [ RunTime:0.000174s ]
INFO: [ app_begin ] --START--
INFO: Run Behavior\ReadHtmlCacheBehavior [ RunTime:0.000068s ]
INFO: [ app_begin ] --END-- [ RunTime:0.000172s ]
NOTIC: [8] Undefined index: user /var/www/zhier/App/Fruit/Controller/IndexController.class.php 第 44 行.
NOTIC: [8] Undefined index: hasJumped /var/www/zhier/App/Fruit/Controller/IndexController.class.php 第 44 行.
NOTIC: [8] Undefined index: carnum /var/www/zhier/App/Fruit/Controller/IndexController.class.php 第 56 行.
NOTIC: [8] Undefined index: car /var/www/zhier/App/Fruit/Controller/IndexController.class.php 第 57 行.
NOTIC: [8] Undefined index: car /var/www/zhier/App/Fruit/Controller/IndexController.class.php 第 62 行.
NOTIC: [2] Invalid argument supplied for foreach() /var/www/zhier/App/Fruit/Controller/IndexController.class.php 第 62 行.
INFO: [ view_parse ] --START--
INFO: [ template_filter ] --START--
INFO: Run Behavior\ContentReplaceBehavior [ RunTime:0.000051s ]
INFO: [ template_filter ] --END-- [ RunTime:0.000145s ]
INFO: Run Behavior\ParseTemplateBehavior [ RunTime:0.002090s ]
INFO: [ view_parse ] --END-- [ RunTime:0.002193s ]
INFO: [ view_filter ] --START--
INFO: Run Behavior\WriteHtmlCacheBehavior [ RunTime:0.000116s ]
INFO: [ view_filter ] --END-- [ RunTime:0.000206s ]
INFO: [ app_end ] --START--
INFO: Run Behavior\ShowPageTraceBehavior [ RunTime:0.000065s ]
INFO: [ app_end ] --END-- [ RunTime:0.000153s ]

[ 2015-07-26T16:18:44+08:00 ] 101.226.51.227 /zhier/index.php/Fruit/Index/index
INFO: [ app_init ] --START--
INFO: Run Behavior\BuildLiteBehavior [ RunTime:0.000026s ]
INFO: [ app_init ] --END-- [ RunTime:0.000487s ]
INFO: [ app_begin ] --START--
INFO: Run Behavior\ReadHtmlCacheBehavior [ RunTime:0.000068s ]
INFO: [ app_begin ] --END-- [ RunTime:0.000166s ]
NOTIC: [8] Undefined index: user /var/www/zhier/App/Fruit/Controller/IndexController.class.php 第 44 行.
NOTIC: [8] Undefined index: hasJumped /var/www/zhier/App/Fruit/Controller/IndexController.class.php 第 44 行.
NOTIC: [8] Undefined index: carnum /var/www/zhier/App/Fruit/Controller/IndexController.class.php 第 56 行.
NOTIC: [8] Undefined index: car /var/www/zhier/App/Fruit/Controller/IndexController.class.php 第 57 行.
NOTIC: [8] Undefined index: car /var/www/zhier/App/Fruit/Controller/IndexController.class.php 第 62 行.
NOTIC: [2] Invalid argument supplied for foreach() /var/www/zhier/App/Fruit/Controller/IndexController.class.php 第 62 行.
SQL: SHOW COLUMNS FROM `fruit_type` [ RunTime:0.0007s ]
SQL: SELECT * FROM `fruit_type` ORDER BY `order` DESC  [ RunTime:0.0001s ]
SQL: SHOW COLUMNS FROM `fruit` [ RunTime:0.0007s ]
SQL: SELECT * FROM `fruit` WHERE ( `order`!=0 AND  `recommend`=1   ) ORDER BY `order` DESC  [ RunTime:0.0001s ]
INFO: [ view_parse ] --START--
INFO: [ template_filter ] --START--
INFO: Run Behavior\ContentReplaceBehavior [ RunTime:0.000062s ]
INFO: [ template_filter ] --END-- [ RunTime:0.000157s ]
INFO: Run Behavior\ParseTemplateBehavior [ RunTime:0.007324s ]
INFO: [ view_parse ] --END-- [ RunTime:0.007426s ]
INFO: [ view_filter ] --START--
INFO: Run Behavior\WriteHtmlCacheBehavior [ RunTime:0.000067s ]
INFO: [ view_filter ] --END-- [ RunTime:0.000156s ]
INFO: [ app_end ] --START--
INFO: Run Behavior\ShowPageTraceBehavior [ RunTime:0.000066s ]
INFO: [ app_end ] --END-- [ RunTime:0.000156s ]

[ 2015-07-26T20:30:57+08:00 ] 123.151.42.46 /zhier/index.php/fruit/index
INFO: [ app_init ] --START--
INFO: Run Behavior\BuildLiteBehavior [ RunTime:0.000025s ]
INFO: [ app_init ] --END-- [ RunTime:0.000171s ]
INFO: [ app_begin ] --START--
INFO: Run Behavior\ReadHtmlCacheBehavior [ RunTime:0.000072s ]
INFO: [ app_begin ] --END-- [ RunTime:0.000158s ]
NOTIC: [8] Undefined index: car /var/www/zhier/App/Fruit/Controller/IndexController.class.php 第 57 行.
NOTIC: [8] Undefined index: car /var/www/zhier/App/Fruit/Controller/IndexController.class.php 第 62 行.
NOTIC: [2] Invalid argument supplied for foreach() /var/www/zhier/App/Fruit/Controller/IndexController.class.php 第 62 行.
SQL: SHOW COLUMNS FROM `fruit_type` [ RunTime:0.0007s ]
SQL: SELECT * FROM `fruit_type` ORDER BY `order` DESC  [ RunTime:0.0001s ]
SQL: SHOW COLUMNS FROM `fruit` [ RunTime:0.0007s ]
SQL: SELECT * FROM `fruit` WHERE ( `order`!=0 AND  `recommend`=1   ) ORDER BY `order` DESC  [ RunTime:0.0001s ]
INFO: [ view_parse ] --START--
INFO: [ template_filter ] --START--
INFO: Run Behavior\ContentReplaceBehavior [ RunTime:0.000092s ]
INFO: [ template_filter ] --END-- [ RunTime:0.000175s ]
INFO: Run Behavior\ParseTemplateBehavior [ RunTime:0.007514s ]
INFO: [ view_parse ] --END-- [ RunTime:0.007605s ]
INFO: [ view_filter ] --START--
INFO: Run Behavior\WriteHtmlCacheBehavior [ RunTime:0.000072s ]
INFO: [ view_filter ] --END-- [ RunTime:0.000150s ]
INFO: [ app_end ] --START--
INFO: Run Behavior\ShowPageTraceBehavior [ RunTime:0.000103s ]
INFO: [ app_end ] --END-- [ RunTime:0.000187s ]

[ 2015-07-26T20:31:03+08:00 ] 123.151.42.46 /zhier/index.php/Fruit/Index/index/type/2
INFO: [ app_init ] --START--
INFO: Run Behavior\BuildLiteBehavior [ RunTime:0.000029s ]
INFO: [ app_init ] --END-- [ RunTime:0.000215s ]
INFO: [ app_begin ] --START--
INFO: Run Behavior\ReadHtmlCacheBehavior [ RunTime:0.000085s ]
INFO: [ app_begin ] --END-- [ RunTime:0.000177s ]
NOTIC: [8] Undefined index: car /var/www/zhier/App/Fruit/Controller/IndexController.class.php 第 57 行.
NOTIC: [8] Undefined index: car /var/www/zhier/App/Fruit/Controller/IndexController.class.php 第 62 行.
NOTIC: [2] Invalid argument supplied for foreach() /var/www/zhier/App/Fruit/Controller/IndexController.class.php 第 62 行.
SQL: SHOW COLUMNS FROM `fruit_type` [ RunTime:0.0006s ]
SQL: SELECT * FROM `fruit_type` ORDER BY `order` DESC  [ RunTime:0.0001s ]
SQL: SHOW COLUMNS FROM `fruit` [ RunTime:0.0007s ]
SQL: SELECT * FROM `fruit` WHERE ( `order`!=0 AND  `type_id`=2   ) ORDER BY `order` DESC  [ RunTime:0.0001s ]
INFO: [ view_parse ] --START--
INFO: [ template_filter ] --START--
INFO: Run Behavior\ContentReplaceBehavior [ RunTime:0.000063s ]
INFO: [ template_filter ] --END-- [ RunTime:0.000145s ]
INFO: Run Behavior\ParseTemplateBehavior [ RunTime:0.007327s ]
INFO: [ view_parse ] --END-- [ RunTime:0.007419s ]
INFO: [ view_filter ] --START--
INFO: Run Behavior\WriteHtmlCacheBehavior [ RunTime:0.000067s ]
INFO: [ view_filter ] --END-- [ RunTime:0.000142s ]
INFO: [ app_end ] --START--
INFO: Run Behavior\ShowPageTraceBehavior [ RunTime:0.000057s ]
INFO: [ app_end ] --END-- [ RunTime:0.000132s ]

[ 2015-07-26T20:31:09+08:00 ] 123.151.42.46 /zhier/index.php/Fruit/Index/index/type/1
INFO: [ app_init ] --START--
INFO: Run Behavior\BuildLiteBehavior [ RunTime:0.000025s ]
INFO: [ app_init ] --END-- [ RunTime:0.000174s ]
INFO: [ app_begin ] --START--
INFO: Run Behavior\ReadHtmlCacheBehavior [ RunTime:0.000067s ]
INFO: [ app_begin ] --END-- [ RunTime:0.000148s ]
NOTIC: [8] Undefined index: car /var/www/zhier/App/Fruit/Controller/IndexController.class.php 第 57 行.
NOTIC: [8] Undefined index: car /var/www/zhier/App/Fruit/Controller/IndexController.class.php 第 62 行.
NOTIC: [2] Invalid argument supplied for foreach() /var/www/zhier/App/Fruit/Controller/IndexController.class.php 第 62 行.
SQL: SHOW COLUMNS FROM `fruit_type` [ RunTime:0.0007s ]
SQL: SELECT * FROM `fruit_type` ORDER BY `order` DESC  [ RunTime:0.0001s ]
SQL: SHOW COLUMNS FROM `fruit` [ RunTime:0.0008s ]
SQL: SELECT * FROM `fruit` WHERE ( `order`!=0 AND  `type_id`=1   ) ORDER BY `order` DESC  [ RunTime:0.0001s ]
INFO: [ view_parse ] --START--
INFO: [ template_filter ] --START--
INFO: Run Behavior\ContentReplaceBehavior [ RunTime:0.000064s ]
INFO: [ template_filter ] --END-- [ RunTime:0.000151s ]
INFO: Run Behavior\ParseTemplateBehavior [ RunTime:0.007295s ]
INFO: [ view_parse ] --END-- [ RunTime:0.007386s ]
INFO: [ view_filter ] --START--
INFO: Run Behavior\WriteHtmlCacheBehavior [ RunTime:0.000066s ]
INFO: [ view_filter ] --END-- [ RunTime:0.000143s ]
INFO: [ app_end ] --START--
INFO: Run Behavior\ShowPageTraceBehavior [ RunTime:0.000063s ]
INFO: [ app_end ] --END-- [ RunTime:0.000139s ]

[ 2015-07-26T20:31:18+08:00 ] 123.151.42.46 /zhier/index.php/Fruit/Index/index/type/4
INFO: [ app_init ] --START--
INFO: Run Behavior\BuildLiteBehavior [ RunTime:0.000025s ]
INFO: [ app_init ] --END-- [ RunTime:0.000183s ]
INFO: [ app_begin ] --START--
INFO: Run Behavior\ReadHtmlCacheBehavior [ RunTime:0.000066s ]
INFO: [ app_begin ] --END-- [ RunTime:0.000148s ]
NOTIC: [8] Undefined index: car /var/www/zhier/App/Fruit/Controller/IndexController.class.php 第 57 行.
NOTIC: [8] Undefined index: car /var/www/zhier/App/Fruit/Controller/IndexController.class.php 第 62 行.
NOTIC: [2] Invalid argument supplied for foreach() /var/www/zhier/App/Fruit/Controller/IndexController.class.php 第 62 行.
SQL: SHOW COLUMNS FROM `fruit_type` [ RunTime:0.0006s ]
SQL: SELECT * FROM `fruit_type` ORDER BY `order` DESC  [ RunTime:0.0001s ]
SQL: SHOW COLUMNS FROM `fruit` [ RunTime:0.0007s ]
SQL: SELECT * FROM `fruit` WHERE ( `order`!=0 AND  `type_id`=4   ) ORDER BY `order` DESC  [ RunTime:0.0001s ]
INFO: [ view_parse ] --START--
INFO: [ template_filter ] --START--
INFO: Run Behavior\ContentReplaceBehavior [ RunTime:0.000063s ]
INFO: [ template_filter ] --END-- [ RunTime:0.000144s ]
INFO: Run Behavior\ParseTemplateBehavior [ RunTime:0.006966s ]
INFO: [ view_parse ] --END-- [ RunTime:0.007059s ]
INFO: [ view_filter ] --START--
INFO: Run Behavior\WriteHtmlCacheBehavior [ RunTime:0.000070s ]
INFO: [ view_filter ] --END-- [ RunTime:0.000150s ]
INFO: [ app_end ] --START--
INFO: Run Behavior\ShowPageTraceBehavior [ RunTime:0.000057s ]
INFO: [ app_end ] --END-- [ RunTime:0.000132s ]

[ 2015-07-26T20:31:21+08:00 ] 123.151.42.46 /zhier/index.php/Fruit/Index
INFO: [ app_init ] --START--
INFO: Run Behavior\BuildLiteBehavior [ RunTime:0.000025s ]
INFO: [ app_init ] --END-- [ RunTime:0.000216s ]
INFO: [ app_begin ] --START--
INFO: Run Behavior\ReadHtmlCacheBehavior [ RunTime:0.000078s ]
INFO: [ app_begin ] --END-- [ RunTime:0.000180s ]
NOTIC: [8] Undefined index: car /var/www/zhier/App/Fruit/Controller/IndexController.class.php 第 57 行.
NOTIC: [8] Undefined index: car /var/www/zhier/App/Fruit/Controller/IndexController.class.php 第 62 行.
NOTIC: [2] Invalid argument supplied for foreach() /var/www/zhier/App/Fruit/Controller/IndexController.class.php 第 62 行.
SQL: SHOW COLUMNS FROM `fruit_type` [ RunTime:0.0007s ]
SQL: SELECT * FROM `fruit_type` ORDER BY `order` DESC  [ RunTime:0.0001s ]
SQL: SHOW COLUMNS FROM `fruit` [ RunTime:0.0007s ]
SQL: SELECT * FROM `fruit` WHERE ( `order`!=0 AND  `recommend`=1   ) ORDER BY `order` DESC  [ RunTime:0.0001s ]
INFO: [ view_parse ] --START--
INFO: [ template_filter ] --START--
INFO: Run Behavior\ContentReplaceBehavior [ RunTime:0.000062s ]
INFO: [ template_filter ] --END-- [ RunTime:0.000143s ]
INFO: Run Behavior\ParseTemplateBehavior [ RunTime:0.006876s ]
INFO: [ view_parse ] --END-- [ RunTime:0.006961s ]
INFO: [ view_filter ] --START--
INFO: Run Behavior\WriteHtmlCacheBehavior [ RunTime:0.000071s ]
INFO: [ view_filter ] --END-- [ RunTime:0.000145s ]
INFO: [ app_end ] --START--
INFO: Run Behavior\ShowPageTraceBehavior [ RunTime:0.000061s ]
INFO: [ app_end ] --END-- [ RunTime:0.000139s ]

[ 2015-07-26T20:31:24+08:00 ] 123.151.42.46 /zhier/index.php/Fruit/Index/index/type/2
INFO: [ app_init ] --START--
INFO: Run Behavior\BuildLiteBehavior [ RunTime:0.000025s ]
INFO: [ app_init ] --END-- [ RunTime:0.000173s ]
INFO: [ app_begin ] --START--
INFO: Run Behavior\ReadHtmlCacheBehavior [ RunTime:0.000067s ]
INFO: [ app_begin ] --END-- [ RunTime:0.000151s ]
NOTIC: [8] Undefined index: car /var/www/zhier/App/Fruit/Controller/IndexController.class.php 第 57 行.
NOTIC: [8] Undefined index: car /var/www/zhier/App/Fruit/Controller/IndexController.class.php 第 62 行.
NOTIC: [2] Invalid argument supplied for foreach() /var/www/zhier/App/Fruit/Controller/IndexController.class.php 第 62 行.
SQL: SHOW COLUMNS FROM `fruit_type` [ RunTime:0.0006s ]
SQL: SELECT * FROM `fruit_type` ORDER BY `order` DESC  [ RunTime:0.0001s ]
SQL: SHOW COLUMNS FROM `fruit` [ RunTime:0.0007s ]
SQL: SELECT * FROM `fruit` WHERE ( `order`!=0 AND  `type_id`=2   ) ORDER BY `order` DESC  [ RunTime:0.0001s ]
INFO: [ view_parse ] --START--
INFO: [ template_filter ] --START--
INFO: Run Behavior\ContentReplaceBehavior [ RunTime:0.000063s ]
INFO: [ template_filter ] --END-- [ RunTime:0.000144s ]
INFO: Run Behavior\ParseTemplateBehavior [ RunTime:0.007089s ]
INFO: [ view_parse ] --END-- [ RunTime:0.007182s ]
INFO: [ view_filter ] --START--
INFO: Run Behavior\WriteHtmlCacheBehavior [ RunTime:0.000074s ]
INFO: [ view_filter ] --END-- [ RunTime:0.000165s ]
INFO: [ app_end ] --START--
INFO: Run Behavior\ShowPageTraceBehavior [ RunTime:0.000056s ]
INFO: [ app_end ] --END-- [ RunTime:0.000131s ]

[ 2015-07-26T20:31:26+08:00 ] 123.151.42.46 /zhier/index.php/Fruit/Index
INFO: [ app_init ] --START--
INFO: Run Behavior\BuildLiteBehavior [ RunTime:0.000028s ]
INFO: [ app_init ] --END-- [ RunTime:0.000172s ]
INFO: [ app_begin ] --START--
INFO: Run Behavior\ReadHtmlCacheBehavior [ RunTime:0.000062s ]
INFO: [ app_begin ] --END-- [ RunTime:0.000147s ]
NOTIC: [8] Undefined index: car /var/www/zhier/App/Fruit/Controller/IndexController.class.php 第 57 行.
NOTIC: [8] Undefined index: car /var/www/zhier/App/Fruit/Controller/IndexController.class.php 第 62 行.
NOTIC: [2] Invalid argument supplied for foreach() /var/www/zhier/App/Fruit/Controller/IndexController.class.php 第 62 行.
SQL: SHOW COLUMNS FROM `fruit_type` [ RunTime:0.0007s ]
SQL: SELECT * FROM `fruit_type` ORDER BY `order` DESC  [ RunTime:0.0001s ]
SQL: SHOW COLUMNS FROM `fruit` [ RunTime:0.0007s ]
SQL: SELECT * FROM `fruit` WHERE ( `order`!=0 AND  `recommend`=1   ) ORDER BY `order` DESC  [ RunTime:0.0001s ]
INFO: [ view_parse ] --START--
INFO: [ template_filter ] --START--
INFO: Run Behavior\ContentReplaceBehavior [ RunTime:0.000066s ]
INFO: [ template_filter ] --END-- [ RunTime:0.000150s ]
INFO: Run Behavior\ParseTemplateBehavior [ RunTime:0.007094s ]
INFO: [ view_parse ] --END-- [ RunTime:0.007185s ]
INFO: [ view_filter ] --START--
INFO: Run Behavior\WriteHtmlCacheBehavior [ RunTime:0.000064s ]
INFO: [ view_filter ] --END-- [ RunTime:0.000141s ]
INFO: [ app_end ] --START--
INFO: Run Behavior\ShowPageTraceBehavior [ RunTime:0.000050s ]
INFO: [ app_end ] --END-- [ RunTime:0.000125s ]

[ 2015-07-26T20:31:28+08:00 ] 123.151.42.46 /zhier/index.php/Fruit/Index/mycar
INFO: [ app_init ] --START--
INFO: Run Behavior\BuildLiteBehavior [ RunTime:0.000025s ]
INFO: [ app_init ] --END-- [ RunTime:0.000170s ]
INFO: [ app_begin ] --START--
INFO: Run Behavior\ReadHtmlCacheBehavior [ RunTime:0.000064s ]
INFO: [ app_begin ] --END-- [ RunTime:0.000146s ]
NOTIC: [8] Undefined index: car /var/www/zhier/App/Fruit/Controller/IndexController.class.php 第 57 行.
NOTIC: [8] Undefined index: car /var/www/zhier/App/Fruit/Controller/IndexController.class.php 第 62 行.
NOTIC: [2] Invalid argument supplied for foreach() /var/www/zhier/App/Fruit/Controller/IndexController.class.php 第 62 行.
SQL: SHOW COLUMNS FROM `fruit` [ RunTime:0.0010s ]
NOTIC: [8] Undefined index: car /var/www/zhier/App/Fruit/Controller/IndexController.class.php 第 225 行.
NOTIC: [2] Invalid argument supplied for foreach() /var/www/zhier/App/Fruit/Controller/IndexController.class.php 第 225 行.
NOTIC: [8] Undefined index: car /var/www/zhier/App/Fruit/Controller/IndexController.class.php 第 236 行.
NOTIC: [2] Invalid argument supplied for foreach() /var/www/zhier/App/Fruit/Controller/IndexController.class.php 第 236 行.
SQL: SHOW COLUMNS FROM `fruit_addinfo` [ RunTime:0.0004s ]
NOTIC: [8] Undefined index: car /var/www/zhier/App/Fruit/Controller/IndexController.class.php 第 252 行.
NOTIC: [2] Invalid argument supplied for foreach() /var/www/zhier/App/Fruit/Controller/IndexController.class.php 第 252 行.
INFO: [ view_parse ] --START--
INFO: [ template_filter ] --START--
INFO: Run Behavior\ContentReplaceBehavior [ RunTime:0.000065s ]
INFO: [ template_filter ] --END-- [ RunTime:0.000145s ]
INFO: Run Behavior\ParseTemplateBehavior [ RunTime:0.018288s ]
INFO: [ view_parse ] --END-- [ RunTime:0.018379s ]
INFO: [ view_filter ] --START--
INFO: Run Behavior\WriteHtmlCacheBehavior [ RunTime:0.000112s ]
INFO: [ view_filter ] --END-- [ RunTime:0.000195s ]
INFO: [ app_end ] --START--
INFO: Run Behavior\ShowPageTraceBehavior [ RunTime:0.000057s ]
INFO: [ app_end ] --END-- [ RunTime:0.000132s ]

[ 2015-07-26T20:31:38+08:00 ] 123.151.42.46 /zhier/index.php/Fruit/Index/mycar
INFO: [ app_init ] --START--
INFO: Run Behavior\BuildLiteBehavior [ RunTime:0.000025s ]
INFO: [ app_init ] --END-- [ RunTime:0.000164s ]
INFO: [ app_begin ] --START--
INFO: Run Behavior\ReadHtmlCacheBehavior [ RunTime:0.000062s ]
INFO: [ app_begin ] --END-- [ RunTime:0.000143s ]
NOTIC: [8] Undefined index: car /var/www/zhier/App/Fruit/Controller/IndexController.class.php 第 57 行.
NOTIC: [8] Undefined index: car /var/www/zhier/App/Fruit/Controller/IndexController.class.php 第 62 行.
NOTIC: [2] Invalid argument supplied for foreach() /var/www/zhier/App/Fruit/Controller/IndexController.class.php 第 62 行.
SQL: SHOW COLUMNS FROM `fruit` [ RunTime:0.0009s ]
NOTIC: [8] Undefined index: car /var/www/zhier/App/Fruit/Controller/IndexController.class.php 第 225 行.
NOTIC: [2] Invalid argument supplied for foreach() /var/www/zhier/App/Fruit/Controller/IndexController.class.php 第 225 行.
NOTIC: [8] Undefined index: car /var/www/zhier/App/Fruit/Controller/IndexController.class.php 第 236 行.
NOTIC: [2] Invalid argument supplied for foreach() /var/www/zhier/App/Fruit/Controller/IndexController.class.php 第 236 行.
SQL: SHOW COLUMNS FROM `fruit_addinfo` [ RunTime:0.0005s ]
NOTIC: [8] Undefined index: car /var/www/zhier/App/Fruit/Controller/IndexController.class.php 第 252 行.
NOTIC: [2] Invalid argument supplied for foreach() /var/www/zhier/App/Fruit/Controller/IndexController.class.php 第 252 行.
INFO: [ view_parse ] --START--
INFO: [ template_filter ] --START--
INFO: Run Behavior\ContentReplaceBehavior [ RunTime:0.000064s ]
INFO: [ template_filter ] --END-- [ RunTime:0.000145s ]
INFO: Run Behavior\ParseTemplateBehavior [ RunTime:0.006451s ]
INFO: [ view_parse ] --END-- [ RunTime:0.006540s ]
INFO: [ view_filter ] --START--
INFO: Run Behavior\WriteHtmlCacheBehavior [ RunTime:0.000063s ]
INFO: [ view_filter ] --END-- [ RunTime:0.000143s ]
INFO: [ app_end ] --START--
INFO: Run Behavior\ShowPageTraceBehavior [ RunTime:0.000049s ]
INFO: [ app_end ] --END-- [ RunTime:0.000130s ]

[ 2015-07-26T20:31:39+08:00 ] 123.151.42.46 /zhier/index.php/Fruit/Index/index
INFO: [ app_init ] --START--
INFO: Run Behavior\BuildLiteBehavior [ RunTime:0.000025s ]
INFO: [ app_init ] --END-- [ RunTime:0.000170s ]
INFO: [ app_begin ] --START--
INFO: Run Behavior\ReadHtmlCacheBehavior [ RunTime:0.000067s ]
INFO: [ app_begin ] --END-- [ RunTime:0.000149s ]
NOTIC: [8] Undefined index: car /var/www/zhier/App/Fruit/Controller/IndexController.class.php 第 57 行.
NOTIC: [8] Undefined index: car /var/www/zhier/App/Fruit/Controller/IndexController.class.php 第 62 行.
NOTIC: [2] Invalid argument supplied for foreach() /var/www/zhier/App/Fruit/Controller/IndexController.class.php 第 62 行.
SQL: SHOW COLUMNS FROM `fruit_type` [ RunTime:0.0006s ]
SQL: SELECT * FROM `fruit_type` ORDER BY `order` DESC  [ RunTime:0.0001s ]
SQL: SHOW COLUMNS FROM `fruit` [ RunTime:0.0007s ]
SQL: SELECT * FROM `fruit` WHERE ( `order`!=0 AND  `recommend`=1   ) ORDER BY `order` DESC  [ RunTime:0.0001s ]
INFO: [ view_parse ] --START--
INFO: [ template_filter ] --START--
INFO: Run Behavior\ContentReplaceBehavior [ RunTime:0.000062s ]
INFO: [ template_filter ] --END-- [ RunTime:0.000143s ]
INFO: Run Behavior\ParseTemplateBehavior [ RunTime:0.006965s ]
INFO: [ view_parse ] --END-- [ RunTime:0.007057s ]
INFO: [ view_filter ] --START--
INFO: Run Behavior\WriteHtmlCacheBehavior [ RunTime:0.000068s ]
INFO: [ view_filter ] --END-- [ RunTime:0.000146s ]
INFO: [ app_end ] --START--
INFO: Run Behavior\ShowPageTraceBehavior [ RunTime:0.000054s ]
INFO: [ app_end ] --END-- [ RunTime:0.000129s ]

[ 2015-07-26T20:31:42+08:00 ] 123.151.42.46 /zhier/index.php/Fruit/Index/mycar
INFO: [ app_init ] --START--
INFO: Run Behavior\BuildLiteBehavior [ RunTime:0.000025s ]
INFO: [ app_init ] --END-- [ RunTime:0.000172s ]
INFO: [ app_begin ] --START--
INFO: Run Behavior\ReadHtmlCacheBehavior [ RunTime:0.000067s ]
INFO: [ app_begin ] --END-- [ RunTime:0.000149s ]
NOTIC: [8] Undefined index: car /var/www/zhier/App/Fruit/Controller/IndexController.class.php 第 57 行.
NOTIC: [8] Undefined index: car /var/www/zhier/App/Fruit/Controller/IndexController.class.php 第 62 行.
NOTIC: [2] Invalid argument supplied for foreach() /var/www/zhier/App/Fruit/Controller/IndexController.class.php 第 62 行.
SQL: SHOW COLUMNS FROM `fruit` [ RunTime:0.0010s ]
NOTIC: [8] Undefined index: car /var/www/zhier/App/Fruit/Controller/IndexController.class.php 第 225 行.
NOTIC: [2] Invalid argument supplied for foreach() /var/www/zhier/App/Fruit/Controller/IndexController.class.php 第 225 行.
NOTIC: [8] Undefined index: car /var/www/zhier/App/Fruit/Controller/IndexController.class.php 第 236 行.
NOTIC: [2] Invalid argument supplied for foreach() /var/www/zhier/App/Fruit/Controller/IndexController.class.php 第 236 行.
SQL: SHOW COLUMNS FROM `fruit_addinfo` [ RunTime:0.0005s ]
NOTIC: [8] Undefined index: car /var/www/zhier/App/Fruit/Controller/IndexController.class.php 第 252 行.
NOTIC: [2] Invalid argument supplied for foreach() /var/www/zhier/App/Fruit/Controller/IndexController.class.php 第 252 行.
INFO: [ view_parse ] --START--
INFO: [ template_filter ] --START--
INFO: Run Behavior\ContentReplaceBehavior [ RunTime:0.000084s ]
INFO: [ template_filter ] --END-- [ RunTime:0.000176s ]
INFO: Run Behavior\ParseTemplateBehavior [ RunTime:0.007519s ]
INFO: [ view_parse ] --END-- [ RunTime:0.007604s ]
INFO: [ view_filter ] --START--
INFO: Run Behavior\WriteHtmlCacheBehavior [ RunTime:0.000073s ]
INFO: [ view_filter ] --END-- [ RunTime:0.000155s ]
INFO: [ app_end ] --START--
INFO: Run Behavior\ShowPageTraceBehavior [ RunTime:0.000058s ]
INFO: [ app_end ] --END-- [ RunTime:0.000143s ]

